Location: Fake forest
From parameter file: C:\Users\ben\Desktop\inputs\input_GMF_0-0-0-0-0-0-0-1-0.xml
Basal area is normalized to m^2/ha; density to #/ha.
Subplots:
0 = Whole plot
Step	Subplot	Sdl Abs Den: ACRU	Sdl Abs Den: ACSA	Sdl Abs Den: BEAL	Sdl Abs Den: FAGR	Sdl Abs Den: TSCA	Sdl Abs Den: FRAM	Sdl Abs Den: PIST	Sdl Abs Den: PRSE	Sdl Abs Den: QURU	Sdl Den Total:	Sapl Abs BA: ACRU	Sapl Abs BA: ACSA	Sapl Abs BA: BEAL	Sapl Abs BA: FAGR	Sapl Abs BA: TSCA	Sapl Abs BA: FRAM	Sapl Abs BA: PIST	Sapl Abs BA: PRSE	Sapl Abs BA: QURU	Sapl BA Total:	Sapl Rel BA: ACRU	Sapl Rel BA: ACSA	Sapl Rel BA: BEAL	Sapl Rel BA: FAGR	Sapl Rel BA: TSCA	Sapl Rel BA: FRAM	Sapl Rel BA: PIST	Sapl Rel BA: PRSE	Sapl Rel BA: QURU	Sapl Abs Den: ACRU	Sapl Abs Den: ACSA	Sapl Abs Den: BEAL	Sapl Abs Den: FAGR	Sapl Abs Den: TSCA	Sapl Abs Den: FRAM	Sapl Abs Den: PIST	Sapl Abs Den: PRSE	Sapl Abs Den: QURU	Sapl Den Total:	Sapl Rel Den: ACRU	Sapl Rel Den: ACSA	Sapl Rel Den: BEAL	Sapl Rel Den: FAGR	Sapl Rel Den: TSCA	Sapl Rel Den: FRAM	Sapl Rel Den: PIST	Sapl Rel Den: PRSE	Sapl Rel Den: QURU	Adult Abs BA: ACRU	Adult Abs BA: ACSA	Adult Abs BA: BEAL	Adult Abs BA: FAGR	Adult Abs BA: TSCA	Adult Abs BA: FRAM	Adult Abs BA: PIST	Adult Abs BA: PRSE	Adult Abs BA: QURU	Adult BA Total:	Adult Rel BA: ACRU	Adult Rel BA: ACSA	Adult Rel BA: BEAL	Adult Rel BA: FAGR	Adult Rel BA: TSCA	Adult Rel BA: FRAM	Adult Rel BA: PIST	Adult Rel BA: PRSE	Adult Rel BA: QURU	Adult Abs Den: ACRU	Adult Abs Den: ACSA	Adult Abs Den: BEAL	Adult Abs Den: FAGR	Adult Abs Den: TSCA	Adult Abs Den: FRAM	Adult Abs Den: PIST	Adult Abs Den: PRSE	Adult Abs Den: QURU	Adult Den Total:	Adult Rel Den: ACRU	Adult Rel Den: ACSA	Adult Rel Den: BEAL	Adult Rel Den: FAGR	Adult Rel Den: TSCA	Adult Rel Den: FRAM	Adult Rel Den: PIST	Adult Rel Den: PRSE	Adult Rel Den: QURU	Snag Abs BA: ACRU	Snag Abs BA: ACSA	Snag Abs BA: BEAL	Snag Abs BA: FAGR	Snag Abs BA: TSCA	Snag Abs BA: FRAM	Snag Abs BA: PIST	Snag Abs BA: PRSE	Snag Abs BA: QURU	Snag BA Total:	Snag Rel BA: ACRU	Snag Rel BA: ACSA	Snag Rel BA: BEAL	Snag Rel BA: FAGR	Snag Rel BA: TSCA	Snag Rel BA: FRAM	Snag Rel BA: PIST	Snag Rel BA: PRSE	Snag Rel BA: QURU	Snag Abs Den: ACRU	Snag Abs Den: ACSA	Snag Abs Den: BEAL	Snag Abs Den: FAGR	Snag Abs Den: TSCA	Snag Abs Den: FRAM	Snag Abs Den: PIST	Snag Abs Den: PRSE	Snag Abs Den: QURU	Snag Den Total:	Snag Rel Den: ACRU	Snag Rel Den: ACSA	Snag Rel Den: BEAL	Snag Rel Den: FAGR	Snag Rel Den: TSCA	Snag Rel Den: FRAM	Snag Rel Den: PIST	Snag Rel Den: PRSE	Snag Rel Den: QURU
0	0	0	0	0	0	0	0	0	0	0	0	0	0	0	0	0	0	0	0.000740362	0	0.000740362	0	0	0	0	0	0	0	1	0	0	0	0	0	0	0	0	25	0	25	0	0	0	0	0	0	0	1	0	0	0	0	0	0	0	0	0	0	0	0	0	0	0	0	0	0	0	0	0	0	0	0	0	0	0	0	0	0	0	0	0	0	0	0	0	0	0	0	0	0	0	0	0	0	0	0	0	0	0	0	0	0	0	0	0	0	0	0	0	0	0	0	0	0	0	0	0	0	0	0	0	0	0	0	0
1	0	0	0	0	0	0	0	0	0	0	0	0	0	0	0	0	0	0	0.00620553	0	0.00620553	0	0	0	0	0	0	0	1	0	0	0	0	0	0	0	0	23	0	23	0	0	0	0	0	0	0	1	0	0	0	0	0	0	0	0	0	0	0	0	0	0	0	0	0	0	0	0	0	0	0	0	0	0	0	0	0	0	0	0	0	0	0	0	0	0	0	0	0	0	0	0	0	0	0	0	0	0	0	0	0	0	0	0	0	0	0	0	0	0	0	0	0	0	0	0	0	0	0	0	0	0	0	0	0
2	0	0	0	0	0	0	0	0	0	0	0	0	0	0	0	0	0	0	0.0439001	0	0.0439001	0	0	0	0	0	0	0	1	0	0	0	0	0	0	0	0	20	0	20	0	0	0	0	0	0	0	1	0	0	0	0	0	0	0	0	0	0	0	0	0	0	0	0	0	0	0	0	0	0	0	0	0	0	0	0	0	0	0	0	0	0	0	0	0	0	0	0	0	0	0	0	0	0	0	0	0	0	0	0	0	0	0	0	0	0	0	0	0	0	0	0	0	0	0	0	0	0	0	0	0	0	0	0	0
3	0	0	0	0	0	0	0	0	2	0	2	0	0	0	0	0	0	0	0.0283014	0	0.0283014	0	0	0	0	0	0	0	1	0	0	0	0	0	0	0	0	5	0	5	0	0	0	0	0	0	0	1	0	0	0	0	0	0	0	0	0.347995	0	0.347995	0	0	0	0	0	0	0	1	0	0	0	0	0	0	0	0	15	0	15	0	0	0	0	0	0	0	1	0	0	0	0	0	0	0	0	0	0	0	0	0	0	0	0	0	0	0	0	0	0	0	0	0	0	0	0	0	0	0	0	0	0	0	0	0	0	0
4	0	0	0	0	0	0	0	0	8	0	8	0	0	0	0	0	0	0	0	0	0	0	0	0	0	0	0	0	0	0	0	0	0	0	0	0	0	0	0	0	0	0	0	0	0	0	0	0	0	0	0	0	0	0	0	0	1.00342	0	1.00342	0	0	0	0	0	0	0	1	0	0	0	0	0	0	0	0	19	0	19	0	0	0	0	0	0	0	1	0	0	0	0	0	0	0	0	0	0	0	0	0	0	0	0	0	0	0	0	0	0	0	0	0	0	0	0	0	0	0	0	0	0	0	0	0	0	0
5	0	0	0	0	0	0	0	0	13	0	13	0	0	0	0	0	0	0	0.000251018	0	0.000251018	0	0	0	0	0	0	0	1	0	0	0	0	0	0	0	0	2	0	2	0	0	0	0	0	0	0	1	0	0	0	0	0	0	0	0	1.42332	0	1.42332	0	0	0	0	0	0	0	1	0	0	0	0	0	0	0	0	18	0	18	0	0	0	0	0	0	0	1	0	0	0	0	0	0	0	0	0	0	0	0	0	0	0	0	0	0	0	0	0	0	0	0	0	0	0	0	0	0	0	0	0	0	0	0	0	0	0
6	0	0	0	0	0	0	0	0	17	0	17	0	0	0	0	0	0	0	0.00248589	0	0.00248589	0	0	0	0	0	0	0	1	0	0	0	0	0	0	0	0	5	0	5	0	0	0	0	0	0	0	1	0	0	0	0	0	0	0	0	1.87963	0	1.87963	0	0	0	0	0	0	0	1	0	0	0	0	0	0	0	0	18	0	18	0	0	0	0	0	0	0	1	0	0	0	0	0	0	0	0	0	0	0	0	0	0	0	0	0	0	0	0	0	0	0	0	0	0	0	0	0	0	0	0	0	0	0	0	0	0	0
7	0	0	0	0	0	0	0	0	22	0	22	0	0	0	0	0	0	0	0.00391794	0	0.00391794	0	0	0	0	0	0	0	1	0	0	0	0	0	0	0	0	9	0	9	0	0	0	0	0	0	0	1	0	0	0	0	0	0	0	0	2.07158	0	2.07158	0	0	0	0	0	0	0	1	0	0	0	0	0	0	0	0	18	0	18	0	0	0	0	0	0	0	1	0	0	0	0	0	0	0	0	0	0	0	0	0	0	0	0	0	0	0	0	0	0	0	0	0	0	0	0	0	0	0	0	0	0	0	0	0	0	0
8	0	0	0	0	0	0	0	0	25	0	25	0	0	0	0	0	0	0	0.00731321	0	0.00731321	0	0	0	0	0	0	0	1	0	0	0	0	0	0	0	0	14	0	14	0	0	0	0	0	0	0	1	0	0	0	0	0	0	0	0	2.52323	0	2.52323	0	0	0	0	0	0	0	1	0	0	0	0	0	0	0	0	20	0	20	0	0	0	0	0	0	0	1	0	0	0	0	0	0	0	0	0	0	0	0	0	0	0	0	0	0	0	0	0	0	0	0	0	0	0	0	0	0	0	0	0	0	0	0	0	0	0
9	0	0	0	0	0	0	0	0	33	0	33	0	0	0	0	0	0	0	0.00931397	0	0.00931397	0	0	0	0	0	0	0	1	0	0	0	0	0	0	0	0	16	0	16	0	0	0	0	0	0	0	1	0	0	0	0	0	0	0	0	2.93497	0	2.93497	0	0	0	0	0	0	0	1	0	0	0	0	0	0	0	0	25	0	25	0	0	0	0	0	0	0	1	0	0	0	0	0	0	0	0	0	0	0	0	0	0	0	0	0	0	0	0	0	0	0	0	0	0	0	0	0	0	0	0	0	0	0	0	0	0	0
10	0	0	0	0	0	0	0	0	35	0	35	0	0	0	0	0	0	0	0.00768775	0	0.00768775	0	0	0	0	0	0	0	1	0	0	0	0	0	0	0	0	17	0	17	0	0	0	0	0	0	0	1	0	0	0	0	0	0	0	0	3.71041	0	3.71041	0	0	0	0	0	0	0	1	0	0	0	0	0	0	0	0	33	0	33	0	0	0	0	0	0	0	1	0	0	0	0	0	0	0	0	0	0	0	0	0	0	0	0	0	0	0	0	0	0	0	0	0	0	0	0	0	0	0	0	0	0	0	0	0	0	0
11	0	0	0	0	0	0	0	0	46	0	46	0	0	0	0	0	0	0	0.0196437	0	0.0196437	0	0	0	0	0	0	0	1	0	0	0	0	0	0	0	0	24	0	24	0	0	0	0	0	0	0	1	0	0	0	0	0	0	0	0	4.57389	0	4.57389	0	0	0	0	0	0	0	1	0	0	0	0	0	0	0	0	36	0	36	0	0	0	0	0	0	0	1	0	0	0	0	0	0	0	0	0	0	0	0	0	0	0	0	0	0	0	0	0	0	0	0	0	0	0	0	0	0	0	0	0	0	0	0	0	0	0
12	0	0	0	0	0	0	0	0	55	0	55	0	0	0	0	0	0	0	0.0286173	0	0.0286173	0	0	0	0	0	0	0	1	0	0	0	0	0	0	0	0	27	0	27	0	0	0	0	0	0	0	1	0	0	0	0	0	0	0	0	5.67196	0	5.67196	0	0	0	0	0	0	0	1	0	0	0	0	0	0	0	0	45	0	45	0	0	0	0	0	0	0	1	0	0	0	0	0	0	0	0	0	0	0	0	0	0	0	0	0	0	0	0	0	0	0	0	0	0	0	0	0	0	0	0	0	0	0	0	0	0	0
13	0	0	0	0	0	0	0	0	68	0	68	0	0	0	0	0	0	0	0.0483684	0	0.0483684	0	0	0	0	0	0	0	1	0	0	0	0	0	0	0	0	33	0	33	0	0	0	0	0	0	0	1	0	0	0	0	0	0	0	0	7.00727	0	7.00727	0	0	0	0	0	0	0	1	0	0	0	0	0	0	0	0	53	0	53	0	0	0	0	0	0	0	1	0	0	0	0	0	0	0	0	0	0	0	0	0	0	0	0	0	0	0	0	0	0	0	0	0	0	0	0	0	0	0	0	0	0	0	0	0	0	0
14	0	0	0	0	0	0	0	0	85	0	85	0	0	0	0	0	0	0	0.0459365	0	0.0459365	0	0	0	0	0	0	0	1	0	0	0	0	0	0	0	0	40	0	40	0	0	0	0	0	0	0	1	0	0	0	0	0	0	0	0	8.29801	0	8.29801	0	0	0	0	0	0	0	1	0	0	0	0	0	0	0	0	60	0	60	0	0	0	0	0	0	0	1	0	0	0	0	0	0	0	0	0	0	0	0	0	0	0	0	0	0	0	0	0	0	0	0	0	0	0	0	0	0	0	0	0	0	0	0	0	0	0
15	0	0	0	0	0	0	0	0	98	0	98	0	0	0	0	0	0	0	0.105261	0	0.105261	0	0	0	0	0	0	0	1	0	0	0	0	0	0	0	0	60	0	60	0	0	0	0	0	0	0	1	0	0	0	0	0	0	0	0	9.8515	0	9.8515	0	0	0	0	0	0	0	1	0	0	0	0	0	0	0	0	64	0	64	0	0	0	0	0	0	0	1	0	0	0	0	0	0	0	0	0	0	0	0	0	0	0	0	0	0	0	0	0	0	0	0	0	0	0	0	0	0	0	0	0	0	0	0	0	0	0
16	0	0	0	0	0	0	0	0	119	0	119	0	0	0	0	0	0	0	0.122016	0	0.122016	0	0	0	0	0	0	0	1	0	0	0	0	0	0	0	0	73	0	73	0	0	0	0	0	0	0	1	0	0	0	0	0	0	0	0	11.4092	0	11.4092	0	0	0	0	0	0	0	1	0	0	0	0	0	0	0	0	75	0	75	0	0	0	0	0	0	0	1	0	0	0	0	0	0	0	0	0	0	0	0	0	0	0	0	0	0	0	0	0	0	0	0	0	0	0	0	0	0	0	0	0	0	0	0	0	0	0
17	0	0	0	0	0	0	0	0	136	0	136	0	0	0	0	0	0	0	0.146983	0	0.146983	0	0	0	0	0	0	0	1	0	0	0	0	0	0	0	0	85	0	85	0	0	0	0	0	0	0	1	0	0	0	0	0	0	0	0	13.4221	0	13.4221	0	0	0	0	0	0	0	1	0	0	0	0	0	0	0	0	90	0	90	0	0	0	0	0	0	0	1	0	0	0	0	0	0	0	0	0	0	0	0	0	0	0	0	0	0	0	0	0	0	0	0	0	0	0	0	0	0	0	0	0	0	0	0	0	0	0
18	0	0	0	0	0	0	0	0	155	0	155	0	0	0	0	0	0	0	0.175771	0	0.175771	0	0	0	0	0	0	0	1	0	0	0	0	0	0	0	0	97	0	97	0	0	0	0	0	0	0	1	0	0	0	0	0	0	0	0	15.4605	0	15.4605	0	0	0	0	0	0	0	1	0	0	0	0	0	0	0	0	108	0	108	0	0	0	0	0	0	0	1	0	0	0	0	0	0	0	0	0	0	0	0	0	0	0	0	0	0	0	0	0	0	0	0	0	0	0	0	0	0	0	0	0	0	0	0	0	0	0
19	0	0	0	0	0	0	0	0	189	0	189	0	0	0	0	0	0	0	0.197227	0	0.197227	0	0	0	0	0	0	0	1	0	0	0	0	0	0	0	0	103	0	103	0	0	0	0	0	0	0	1	0	0	0	0	0	0	0	0	17.1309	0	17.1309	0	0	0	0	0	0	0	1	0	0	0	0	0	0	0	0	126	0	126	0	0	0	0	0	0	0	1	0	0	0	0	0	0	0	0	0	0	0	0	0	0	0	0	0	0	0	0	0	0	0	0	0	0	0	0	0	0	0	0	0	0	0	0	0	0	0
20	0	0	0	0	0	0	0	0	211	0	211	0	0	0	0	0	0	0	0.214162	0	0.214162	0	0	0	0	0	0	0	1	0	0	0	0	0	0	0	0	112	0	112	0	0	0	0	0	0	0	1	0	0	0	0	0	0	0	0	20.1536	0	20.1536	0	0	0	0	0	0	0	1	0	0	0	0	0	0	0	0	153	0	153	0	0	0	0	0	0	0	1	0	0	0	0	0	0	0	0	0	0	0	0	0	0	0	0	0	0	0	0	0	0	0	0	0	0	0	0	0	0	0	0	0	0	0	0	0	0	0
21	0	0	0	0	0	0	0	0	243	0	243	0	0	0	0	0	0	0	0.242072	0	0.242072	0	0	0	0	0	0	0	1	0	0	0	0	0	0	0	0	122	0	122	0	0	0	0	0	0	0	1	0	0	0	0	0	0	0	0	23.9	0	23.9	0	0	0	0	0	0	0	1	0	0	0	0	0	0	0	0	180	0	180	0	0	0	0	0	0	0	1	0	0	0	0	0	0	0	0	0	0	0	0	0	0	0	0	0	0	0	0	0	0	0	0	0	0	0	0	0	0	0	0	0	0	0	0	0	0	0
22	0	0	0	0	0	0	0	0	265	0	265	0	0	0	0	0	0	0	0.248426	0	0.248426	0	0	0	0	0	0	0	1	0	0	0	0	0	0	0	0	129	0	129	0	0	0	0	0	0	0	1	0	0	0	0	0	0	0	0	26.8677	0	26.8677	0	0	0	0	0	0	0	1	0	0	0	0	0	0	0	0	204	0	204	0	0	0	0	0	0	0	1	0	0	0	0	0	0	0	0	0	0	0	0	0	0	0	0	0	0	0	0	0	0	0	0	0	0	0	0	0	0	0	0	0	0	0	0	0	0	0
23	0	0	0	0	0	0	0	0	317	0	317	0	0	0	0	0	0	0	0.292291	0	0.292291	0	0	0	0	0	0	0	1	0	0	0	0	0	0	0	0	139	0	139	0	0	0	0	0	0	0	1	0	0	0	0	0	0	0	0	30.2108	0	30.2108	0	0	0	0	0	0	0	1	0	0	0	0	0	0	0	0	229	0	229	0	0	0	0	0	0	0	1	0	0	0	0	0	0	0	0	0	0	0	0	0	0	0	0	0	0	0	0	0	0	0	0	0	0	0	0	0	0	0	0	0	0	0	0	0	0	0
24	0	0	0	0	0	0	0	0	385	0	385	0	0	0	0	0	0	0	0.323912	0	0.323912	0	0	0	0	0	0	0	1	0	0	0	0	0	0	0	0	156	0	156	0	0	0	0	0	0	0	1	0	0	0	0	0	0	0	0	34.3775	0	34.3775	0	0	0	0	0	0	0	1	0	0	0	0	0	0	0	0	257	0	257	0	0	0	0	0	0	0	1	0	0	0	0	0	0	0	0	0	0	0	0	0	0	0	0	0	0	0	0	0	0	0	0	0	0	0	0	0	0	0	0	0	0	0	0	0	0	0
25	0	0	0	0	0	0	0	0	423	0	423	0	0	0	0	0	0	0	0.311565	0	0.311565	0	0	0	0	0	0	0	1	0	0	0	0	0	0	0	0	176	0	176	0	0	0	0	0	0	0	1	0	0	0	0	0	0	0	0	37.8509	0	37.8509	0	0	0	0	0	0	0	1	0	0	0	0	0	0	0	0	284	0	284	0	0	0	0	0	0	0	1	0	0	0	0	0	0	0	0	0	0	0	0	0	0	0	0	0	0	0	0	0	0	0	0	0	0	0	0	0	0	0	0	0	0	0	0	0	0	0
26	0	0	0	0	0	0	0	0	439	0	439	0	0	0	0	0	0	0	0.394662	0	0.394662	0	0	0	0	0	0	0	1	0	0	0	0	0	0	0	0	208	0	208	0	0	0	0	0	0	0	1	0	0	0	0	0	0	0	0	41.9662	0	41.9662	0	0	0	0	0	0	0	1	0	0	0	0	0	0	0	0	309	0	309	0	0	0	0	0	0	0	1	0	0	0	0	0	0	0	0	0	0	0	0	0	0	0	0	0	0	0	0	0	0	0	0	0	0	0	0	0	0	0	0	0	0	0	0	0	0	0
27	0	0	0	0	0	0	0	0	443	0	443	0	0	0	0	0	0	0	0.438492	0	0.438492	0	0	0	0	0	0	0	1	0	0	0	0	0	0	0	0	235	0	235	0	0	0	0	0	0	0	1	0	0	0	0	0	0	0	0	45.8618	0	45.8618	0	0	0	0	0	0	0	1	0	0	0	0	0	0	0	0	335	0	335	0	0	0	0	0	0	0	1	0	0	0	0	0	0	0	0	0	0	0	0	0	0	0	0	0	0	0	0	0	0	0	0	0	0	0	0	0	0	0	0	0	0	0	0	0	0	0
28	0	0	0	0	0	0	0	0	485	0	485	0	0	0	0	0	0	0	0.469658	0	0.469658	0	0	0	0	0	0	0	1	0	0	0	0	0	0	0	0	231	0	231	0	0	0	0	0	0	0	1	0	0	0	0	0	0	0	0	50.3282	0	50.3282	0	0	0	0	0	0	0	1	0	0	0	0	0	0	0	0	366	0	366	0	0	0	0	0	0	0	1	0	0	0	0	0	0	0	0	0	0	0	0	0	0	0	0	0	0	0	0	0	0	0	0	0	0	0	0	0	0	0	0	0	0	0	0	0	0	0
29	0	0	0	0	0	0	0	0	533	0	533	0	0	0	0	0	0	0	0.488515	0	0.488515	0	0	0	0	0	0	0	1	0	0	0	0	0	0	0	0	226	0	226	0	0	0	0	0	0	0	1	0	0	0	0	0	0	0	0	54.2715	0	54.2715	0	0	0	0	0	0	0	1	0	0	0	0	0	0	0	0	393	0	393	0	0	0	0	0	0	0	1	0	0	0	0	0	0	0	0	0	0	0	0	0	0	0	0	0	0	0	0	0	0	0	0	0	0	0	0	0	0	0	0	0	0	0	0	0	0	0
30	0	0	0	0	0	0	0	0	563	0	563	0	0	0	0	0	0	0	0.462539	0	0.462539	0	0	0	0	0	0	0	1	0	0	0	0	0	0	0	0	223	0	223	0	0	0	0	0	0	0	1	0	0	0	0	0	0	0	0	57.9272	0	57.9272	0	0	0	0	0	0	0	1	0	0	0	0	0	0	0	0	419	0	419	0	0	0	0	0	0	0	1	0	0	0	0	0	0	0	0	0	0	0	0	0	0	0	0	0	0	0	0	0	0	0	0	0	0	0	0	0	0	0	0	0	0	0	0	0	0	0
31	0	0	0	0	0	0	0	0	579	0	579	0	0	0	0	0	0	0	0.457528	0	0.457528	0	0	0	0	0	0	0	1	0	0	0	0	0	0	0	0	231	0	231	0	0	0	0	0	0	0	1	0	0	0	0	0	0	0	0	59.8531	0	59.8531	0	0	0	0	0	0	0	1	0	0	0	0	0	0	0	0	434	0	434	0	0	0	0	0	0	0	1	0	0	0	0	0	0	0	0	0	0	0	0	0	0	0	0	0	0	0	0	0	0	0	0	0	0	0	0	0	0	0	0	0	0	0	0	0	0	0
32	0	0	0	0	0	0	0	0	581	0	581	0	0	0	0	0	0	0	0.507784	0	0.507784	0	0	0	0	0	0	0	1	0	0	0	0	0	0	0	0	240	0	240	0	0	0	0	0	0	0	1	0	0	0	0	0	0	0	0	62.8597	0	62.8597	0	0	0	0	0	0	0	1	0	0	0	0	0	0	0	0	444	0	444	0	0	0	0	0	0	0	1	0	0	0	0	0	0	0	0	0	0	0	0	0	0	0	0	0	0	0	0	0	0	0	0	0	0	0	0	0	0	0	0	0	0	0	0	0	0	0
33	0	0	0	0	0	0	0	0	570	0	570	0	0	0	0	0	0	0	0.490886	0	0.490886	0	0	0	0	0	0	0	1	0	0	0	0	0	0	0	0	241	0	241	0	0	0	0	0	0	0	1	0	0	0	0	0	0	0	0	65.061	0	65.061	0	0	0	0	0	0	0	1	0	0	0	0	0	0	0	0	460	0	460	0	0	0	0	0	0	0	1	0	0	0	0	0	0	0	0	0	0	0	0	0	0	0	0	0	0	0	0	0	0	0	0	0	0	0	0	0	0	0	0	0	0	0	0	0	0	0
34	0	0	0	0	0	0	0	0	595	0	595	0	0	0	0	0	0	0	0.524344	0	0.524344	0	0	0	0	0	0	0	1	0	0	0	0	0	0	0	0	237	0	237	0	0	0	0	0	0	0	1	0	0	0	0	0	0	0	0	68.3393	0	68.3393	0	0	0	0	0	0	0	1	0	0	0	0	0	0	0	0	472	0	472	0	0	0	0	0	0	0	1	0	0	0	0	0	0	0	0	0	0	0	0	0	0	0	0	0	0	0	0	0	0	0	0	0	0	0	0	0	0	0	0	0	0	0	0	0	0	0
35	0	0	0	0	0	0	0	0	571	0	571	0	0	0	0	0	0	0	0.506221	0	0.506221	0	0	0	0	0	0	0	1	0	0	0	0	0	0	0	0	222	0	222	0	0	0	0	0	0	0	1	0	0	0	0	0	0	0	0	70.838	0	70.838	0	0	0	0	0	0	0	1	0	0	0	0	0	0	0	0	478	0	478	0	0	0	0	0	0	0	1	0	0	0	0	0	0	0	0	0	0	0	0	0	0	0	0	0	0	0	0	0	0	0	0	0	0	0	0	0	0	0	0	0	0	0	0	0	0	0
36	0	0	0	0	0	0	0	0	580	0	580	0	0	0	0	0	0	0	0.43292	0	0.43292	0	0	0	0	0	0	0	1	0	0	0	0	0	0	0	0	199	0	199	0	0	0	0	0	0	0	1	0	0	0	0	0	0	0	0	74.8234	0	74.8234	0	0	0	0	0	0	0	1	0	0	0	0	0	0	0	0	489	0	489	0	0	0	0	0	0	0	1	0	0	0	0	0	0	0	0	0	0	0	0	0	0	0	0	0	0	0	0	0	0	0	0	0	0	0	0	0	0	0	0	0	0	0	0	0	0	0
37	0	0	0	0	0	0	0	0	613	0	613	0	0	0	0	0	0	0	0.412699	0	0.412699	0	0	0	0	0	0	0	1	0	0	0	0	0	0	0	0	182	0	182	0	0	0	0	0	0	0	1	0	0	0	0	0	0	0	0	76.9333	0	76.9333	0	0	0	0	0	0	0	1	0	0	0	0	0	0	0	0	490	0	490	0	0	0	0	0	0	0	1	0	0	0	0	0	0	0	0	0	0	0	0	0	0	0	0	0	0	0	0	0	0	0	0	0	0	0	0	0	0	0	0	0	0	0	0	0	0	0
38	0	0	0	0	0	0	0	0	611	0	611	0	0	0	0	0	0	0	0.332588	0	0.332588	0	0	0	0	0	0	0	1	0	0	0	0	0	0	0	0	163	0	163	0	0	0	0	0	0	0	1	0	0	0	0	0	0	0	0	80.2063	0	80.2063	0	0	0	0	0	0	0	1	0	0	0	0	0	0	0	0	502	0	502	0	0	0	0	0	0	0	1	0	0	0	0	0	0	0	0	0	0	0	0	0	0	0	0	0	0	0	0	0	0	0	0	0	0	0	0	0	0	0	0	0	0	0	0	0	0	0
39	0	0	0	0	0	0	0	0	597	0	597	0	0	0	0	0	0	0	0.320285	0	0.320285	0	0	0	0	0	0	0	1	0	0	0	0	0	0	0	0	152	0	152	0	0	0	0	0	0	0	1	0	0	0	0	0	0	0	0	80.0882	0	80.0882	0	0	0	0	0	0	0	1	0	0	0	0	0	0	0	0	483	0	483	0	0	0	0	0	0	0	1	0	0	0	0	0	0	0	0	0	0	0	0	0	0	0	0	0	0	0	0	0	0	0	0	0	0	0	0	0	0	0	0	0	0	0	0	0	0	0
40	0	0	0	0	0	0	0	0	620	0	620	0	0	0	0	0	0	0	0.282869	0	0.282869	0	0	0	0	0	0	0	1	0	0	0	0	0	0	0	0	132	0	132	0	0	0	0	0	0	0	1	0	0	0	0	0	0	0	0	81.4497	0	81.4497	0	0	0	0	0	0	0	1	0	0	0	0	0	0	0	0	478	0	478	0	0	0	0	0	0	0	1	0	0	0	0	0	0	0	0	0	0	0	0	0	0	0	0	0	0	0	0	0	0	0	0	0	0	0	0	0	0	0	0	0	0	0	0	0	0	0
41	0	0	0	0	0	0	0	0	634	0	634	0	0	0	0	0	0	0	0.283749	0	0.283749	0	0	0	0	0	0	0	1	0	0	0	0	0	0	0	0	115	0	115	0	0	0	0	0	0	0	1	0	0	0	0	0	0	0	0	82.5472	0	82.5472	0	0	0	0	0	0	0	1	0	0	0	0	0	0	0	0	464	0	464	0	0	0	0	0	0	0	1	0	0	0	0	0	0	0	0	0	0	0	0	0	0	0	0	0	0	0	0	0	0	0	0	0	0	0	0	0	0	0	0	0	0	0	0	0	0	0
42	0	0	0	0	0	0	0	0	637	0	637	0	0	0	0	0	0	0	0.271286	0	0.271286	0	0	0	0	0	0	0	1	0	0	0	0	0	0	0	0	116	0	116	0	0	0	0	0	0	0	1	0	0	0	0	0	0	0	0	86.4681	0	86.4681	0	0	0	0	0	0	0	1	0	0	0	0	0	0	0	0	465	0	465	0	0	0	0	0	0	0	1	0	0	0	0	0	0	0	0	0	0	0	0	0	0	0	0	0	0	0	0	0	0	0	0	0	0	0	0	0	0	0	0	0	0	0	0	0	0	0
43	0	0	0	0	0	0	0	0	656	0	656	0	0	0	0	0	0	0	0.231174	0	0.231174	0	0	0	0	0	0	0	1	0	0	0	0	0	0	0	0	108	0	108	0	0	0	0	0	0	0	1	0	0	0	0	0	0	0	0	89.8587	0	89.8587	0	0	0	0	0	0	0	1	0	0	0	0	0	0	0	0	461	0	461	0	0	0	0	0	0	0	1	0	0	0	0	0	0	0	0	0	0	0	0	0	0	0	0	0	0	0	0	0	0	0	0	0	0	0	0	0	0	0	0	0	0	0	0	0	0	0
44	0	0	0	0	0	0	0	0	647	0	647	0	0	0	0	0	0	0	0.182765	0	0.182765	0	0	0	0	0	0	0	1	0	0	0	0	0	0	0	0	93	0	93	0	0	0	0	0	0	0	1	0	0	0	0	0	0	0	0	90.2626	0	90.2626	0	0	0	0	0	0	0	1	0	0	0	0	0	0	0	0	453	0	453	0	0	0	0	0	0	0	1	0	0	0	0	0	0	0	0	0	0	0	0	0	0	0	0	0	0	0	0	0	0	0	0	0	0	0	0	0	0	0	0	0	0	0	0	0	0	0
45	0	0	0	0	0	0	0	0	673	0	673	0	0	0	0	0	0	0	0.183117	0	0.183117	0	0	0	0	0	0	0	1	0	0	0	0	0	0	0	0	94	0	94	0	0	0	0	0	0	0	1	0	0	0	0	0	0	0	0	91.7172	0	91.7172	0	0	0	0	0	0	0	1	0	0	0	0	0	0	0	0	442	0	442	0	0	0	0	0	0	0	1	0	0	0	0	0	0	0	0	0	0	0	0	0	0	0	0	0	0	0	0	0	0	0	0	0	0	0	0	0	0	0	0	0	0	0	0	0	0	0
46	0	0	0	0	0	0	0	0	651	0	651	0	0	0	0	0	0	0	0.180693	0	0.180693	0	0	0	0	0	0	0	1	0	0	0	0	0	0	0	0	89	0	89	0	0	0	0	0	0	0	1	0	0	0	0	0	0	0	0	91.7648	0	91.7648	0	0	0	0	0	0	0	1	0	0	0	0	0	0	0	0	432	0	432	0	0	0	0	0	0	0	1	0	0	0	0	0	0	0	0	0	0	0	0	0	0	0	0	0	0	0	0	0	0	0	0	0	0	0	0	0	0	0	0	0	0	0	0	0	0	0
47	0	0	0	0	0	0	0	0	647	0	647	0	0	0	0	0	0	0	0.162811	0	0.162811	0	0	0	0	0	0	0	1	0	0	0	0	0	0	0	0	81	0	81	0	0	0	0	0	0	0	1	0	0	0	0	0	0	0	0	92.7542	0	92.7542	0	0	0	0	0	0	0	1	0	0	0	0	0	0	0	0	426	0	426	0	0	0	0	0	0	0	1	0	0	0	0	0	0	0	0	0	0	0	0	0	0	0	0	0	0	0	0	0	0	0	0	0	0	0	0	0	0	0	0	0	0	0	0	0	0	0
48	0	0	0	0	0	0	0	0	659	0	659	0	0	0	0	0	0	0	0.149964	0	0.149964	0	0	0	0	0	0	0	1	0	0	0	0	0	0	0	0	70	0	70	0	0	0	0	0	0	0	1	0	0	0	0	0	0	0	0	91.8983	0	91.8983	0	0	0	0	0	0	0	1	0	0	0	0	0	0	0	0	415	0	415	0	0	0	0	0	0	0	1	0	0	0	0	0	0	0	0	0	0	0	0	0	0	0	0	0	0	0	0	0	0	0	0	0	0	0	0	0	0	0	0	0	0	0	0	0	0	0
49	0	0	0	0	0	0	0	0	614	0	614	0	0	0	0	0	0	0	0.12339	0	0.12339	0	0	0	0	0	0	0	1	0	0	0	0	0	0	0	0	61	0	61	0	0	0	0	0	0	0	1	0	0	0	0	0	0	0	0	89.2868	0	89.2868	0	0	0	0	0	0	0	1	0	0	0	0	0	0	0	0	396	0	396	0	0	0	0	0	0	0	1	0	0	0	0	0	0	0	0	0	0	0	0	0	0	0	0	0	0	0	0	0	0	0	0	0	0	0	0	0	0	0	0	0	0	0	0	0	0	0
50	0	0	0	0	0	0	0	0	621	0	621	0	0	0	0	0	0	0	0.0984621	0	0.0984621	0	0	0	0	0	0	0	1	0	0	0	0	0	0	0	0	61	0	61	0	0	0	0	0	0	0	1	0	0	0	0	0	0	0	0	89.6853	0	89.6853	0	0	0	0	0	0	0	1	0	0	0	0	0	0	0	0	383	0	383	0	0	0	0	0	0	0	1	0	0	0	0	0	0	0	0	0	0	0	0	0	0	0	0	0	0	0	0	0	0	0	0	0	0	0	0	0	0	0	0	0	0	0	0	0	0	0
51	0	0	0	0	0	0	0	0	629	0	629	0	0	0	0	0	0	0	0.119006	0	0.119006	0	0	0	0	0	0	0	1	0	0	0	0	0	0	0	0	64	0	64	0	0	0	0	0	0	0	1	0	0	0	0	0	0	0	0	91.7938	0	91.7938	0	0	0	0	0	0	0	1	0	0	0	0	0	0	0	0	375	0	375	0	0	0	0	0	0	0	1	0	0	0	0	0	0	0	0	0	0	0	0	0	0	0	0	0	0	0	0	0	0	0	0	0	0	0	0	0	0	0	0	0	0	0	0	0	0	0
52	0	0	0	0	0	0	0	0	620	0	620	0	0	0	0	0	0	0	0.136426	0	0.136426	0	0	0	0	0	0	0	1	0	0	0	0	0	0	0	0	66	0	66	0	0	0	0	0	0	0	1	0	0	0	0	0	0	0	0	90.8369	0	90.8369	0	0	0	0	0	0	0	1	0	0	0	0	0	0	0	0	358	0	358	0	0	0	0	0	0	0	1	0	0	0	0	0	0	0	0	0	0	0	0	0	0	0	0	0	0	0	0	0	0	0	0	0	0	0	0	0	0	0	0	0	0	0	0	0	0	0
53	0	0	0	0	0	0	0	0	624	0	624	0	0	0	0	0	0	0	0.11583	0	0.11583	0	0	0	0	0	0	0	1	0	0	0	0	0	0	0	0	56	0	56	0	0	0	0	0	0	0	1	0	0	0	0	0	0	0	0	90.5572	0	90.5572	0	0	0	0	0	0	0	1	0	0	0	0	0	0	0	0	351	0	351	0	0	0	0	0	0	0	1	0	0	0	0	0	0	0	0	0	0	0	0	0	0	0	0	0	0	0	0	0	0	0	0	0	0	0	0	0	0	0	0	0	0	0	0	0	0	0
54	0	0	0	0	0	0	0	0	640	0	640	0	0	0	0	0	0	0	0.111085	0	0.111085	0	0	0	0	0	0	0	1	0	0	0	0	0	0	0	0	51	0	51	0	0	0	0	0	0	0	1	0	0	0	0	0	0	0	0	91.8262	0	91.8262	0	0	0	0	0	0	0	1	0	0	0	0	0	0	0	0	344	0	344	0	0	0	0	0	0	0	1	0	0	0	0	0	0	0	0	0	0	0	0	0	0	0	0	0	0	0	0	0	0	0	0	0	0	0	0	0	0	0	0	0	0	0	0	0	0	0
55	0	0	0	0	0	0	0	0	617	0	617	0	0	0	0	0	0	0	0.101404	0	0.101404	0	0	0	0	0	0	0	1	0	0	0	0	0	0	0	0	42	0	42	0	0	0	0	0	0	0	1	0	0	0	0	0	0	0	0	91.3006	0	91.3006	0	0	0	0	0	0	0	1	0	0	0	0	0	0	0	0	332	0	332	0	0	0	0	0	0	0	1	0	0	0	0	0	0	0	0	0	0	0	0	0	0	0	0	0	0	0	0	0	0	0	0	0	0	0	0	0	0	0	0	0	0	0	0	0	0	0
56	0	0	0	0	0	0	0	0	611	0	611	0	0	0	0	0	0	0	0.0760678	0	0.0760678	0	0	0	0	0	0	0	1	0	0	0	0	0	0	0	0	36	0	36	0	0	0	0	0	0	0	1	0	0	0	0	0	0	0	0	88.1563	0	88.1563	0	0	0	0	0	0	0	1	0	0	0	0	0	0	0	0	313	0	313	0	0	0	0	0	0	0	1	0	0	0	0	0	0	0	0	0	0	0	0	0	0	0	0	0	0	0	0	0	0	0	0	0	0	0	0	0	0	0	0	0	0	0	0	0	0	0
57	0	0	0	0	0	0	0	0	612	0	612	0	0	0	0	0	0	0	0.0808182	0	0.0808182	0	0	0	0	0	0	0	1	0	0	0	0	0	0	0	0	37	0	37	0	0	0	0	0	0	0	1	0	0	0	0	0	0	0	0	89.1464	0	89.1464	0	0	0	0	0	0	0	1	0	0	0	0	0	0	0	0	308	0	308	0	0	0	0	0	0	0	1	0	0	0	0	0	0	0	0	0	0	0	0	0	0	0	0	0	0	0	0	0	0	0	0	0	0	0	0	0	0	0	0	0	0	0	0	0	0	0
58	0	0	0	0	0	0	0	0	602	0	602	0	0	0	0	0	0	0	0.106096	0	0.106096	0	0	0	0	0	0	0	1	0	0	0	0	0	0	0	0	37	0	37	0	0	0	0	0	0	0	1	0	0	0	0	0	0	0	0	87.7484	0	87.7484	0	0	0	0	0	0	0	1	0	0	0	0	0	0	0	0	294	0	294	0	0	0	0	0	0	0	1	0	0	0	0	0	0	0	0	0	0	0	0	0	0	0	0	0	0	0	0	0	0	0	0	0	0	0	0	0	0	0	0	0	0	0	0	0	0	0
59	0	0	0	0	0	0	0	0	614	0	614	0	0	0	0	0	0	0	0.0889565	0	0.0889565	0	0	0	0	0	0	0	1	0	0	0	0	0	0	0	0	33	0	33	0	0	0	0	0	0	0	1	0	0	0	0	0	0	0	0	89.2946	0	89.2946	0	0	0	0	0	0	0	1	0	0	0	0	0	0	0	0	283	0	283	0	0	0	0	0	0	0	1	0	0	0	0	0	0	0	0	0	0	0	0	0	0	0	0	0	0	0	0	0	0	0	0	0	0	0	0	0	0	0	0	0	0	0	0	0	0	0
60	0	0	0	0	0	0	0	0	635	0	635	0	0	0	0	0	0	0	0.0862993	0	0.0862993	0	0	0	0	0	0	0	1	0	0	0	0	0	0	0	0	35	0	35	0	0	0	0	0	0	0	1	0	0	0	0	0	0	0	0	89.139	0	89.139	0	0	0	0	0	0	0	1	0	0	0	0	0	0	0	0	270	0	270	0	0	0	0	0	0	0	1	0	0	0	0	0	0	0	0	0	0	0	0	0	0	0	0	0	0	0	0	0	0	0	0	0	0	0	0	0	0	0	0	0	0	0	0	0	0	0
61	0	0	0	0	0	0	0	0	619	0	619	0	0	0	0	0	0	0	0.0910627	0	0.0910627	0	0	0	0	0	0	0	1	0	0	0	0	0	0	0	0	38	0	38	0	0	0	0	0	0	0	1	0	0	0	0	0	0	0	0	88.3631	0	88.3631	0	0	0	0	0	0	0	1	0	0	0	0	0	0	0	0	257	0	257	0	0	0	0	0	0	0	1	0	0	0	0	0	0	0	0	0	0	0	0	0	0	0	0	0	0	0	0	0	0	0	0	0	0	0	0	0	0	0	0	0	0	0	0	0	0	0
62	0	0	0	0	0	0	0	0	634	0	634	0	0	0	0	0	0	0	0.09044	0	0.09044	0	0	0	0	0	0	0	1	0	0	0	0	0	0	0	0	36	0	36	0	0	0	0	0	0	0	1	0	0	0	0	0	0	0	0	89.9994	0	89.9994	0	0	0	0	0	0	0	1	0	0	0	0	0	0	0	0	253	0	253	0	0	0	0	0	0	0	1	0	0	0	0	0	0	0	0	0	0	0	0	0	0	0	0	0	0	0	0	0	0	0	0	0	0	0	0	0	0	0	0	0	0	0	0	0	0	0
63	0	0	0	0	0	0	0	0	616	0	616	0	0	0	0	0	0	0	0.0728969	0	0.0728969	0	0	0	0	0	0	0	1	0	0	0	0	0	0	0	0	31	0	31	0	0	0	0	0	0	0	1	0	0	0	0	0	0	0	0	87.3025	0	87.3025	0	0	0	0	0	0	0	1	0	0	0	0	0	0	0	0	243	0	243	0	0	0	0	0	0	0	1	0	0	0	0	0	0	0	0	0	0	0	0	0	0	0	0	0	0	0	0	0	0	0	0	0	0	0	0	0	0	0	0	0	0	0	0	0	0	0
64	0	0	0	0	0	0	0	0	604	0	604	0	0	0	0	0	0	0	0.0727807	0	0.0727807	0	0	0	0	0	0	0	1	0	0	0	0	0	0	0	0	41	0	41	0	0	0	0	0	0	0	1	0	0	0	0	0	0	0	0	85.0155	0	85.0155	0	0	0	0	0	0	0	1	0	0	0	0	0	0	0	0	231	0	231	0	0	0	0	0	0	0	1	0	0	0	0	0	0	0	0	0	0	0	0	0	0	0	0	0	0	0	0	0	0	0	0	0	0	0	0	0	0	0	0	0	0	0	0	0	0	0
65	0	0	0	0	0	0	0	0	613	0	613	0	0	0	0	0	0	0	0.0953678	0	0.0953678	0	0	0	0	0	0	0	1	0	0	0	0	0	0	0	0	44	0	44	0	0	0	0	0	0	0	1	0	0	0	0	0	0	0	0	82.8816	0	82.8816	0	0	0	0	0	0	0	1	0	0	0	0	0	0	0	0	218	0	218	0	0	0	0	0	0	0	1	0	0	0	0	0	0	0	0	0	0	0	0	0	0	0	0	0	0	0	0	0	0	0	0	0	0	0	0	0	0	0	0	0	0	0	0	0	0	0
66	0	0	0	0	0	0	0	0	640	0	640	0	0	0	0	0	0	0	0.102418	0	0.102418	0	0	0	0	0	0	0	1	0	0	0	0	0	0	0	0	53	0	53	0	0	0	0	0	0	0	1	0	0	0	0	0	0	0	0	83.0508	0	83.0508	0	0	0	0	0	0	0	1	0	0	0	0	0	0	0	0	217	0	217	0	0	0	0	0	0	0	1	0	0	0	0	0	0	0	0	0	0	0	0	0	0	0	0	0	0	0	0	0	0	0	0	0	0	0	0	0	0	0	0	0	0	0	0	0	0	0
67	0	0	0	0	0	0	0	0	584	0	584	0	0	0	0	0	0	0	0.0945906	0	0.0945906	0	0	0	0	0	0	0	1	0	0	0	0	0	0	0	0	63	0	63	0	0	0	0	0	0	0	1	0	0	0	0	0	0	0	0	76.142	0	76.142	0	0	0	0	0	0	0	1	0	0	0	0	0	0	0	0	210	0	210	0	0	0	0	0	0	0	1	0	0	0	0	0	0	0	0	0	0	0	0	0	0	0	0	0	0	0	0	0	0	0	0	0	0	0	0	0	0	0	0	0	0	0	0	0	0	0
68	0	0	0	0	0	0	0	0	616	0	616	0	0	0	0	0	0	0	0.1046	0	0.1046	0	0	0	0	0	0	0	1	0	0	0	0	0	0	0	0	74	0	74	0	0	0	0	0	0	0	1	0	0	0	0	0	0	0	0	77.0687	0	77.0687	0	0	0	0	0	0	0	1	0	0	0	0	0	0	0	0	209	0	209	0	0	0	0	0	0	0	1	0	0	0	0	0	0	0	0	0	0	0	0	0	0	0	0	0	0	0	0	0	0	0	0	0	0	0	0	0	0	0	0	0	0	0	0	0	0	0
69	0	0	0	0	0	0	0	0	647	0	647	0	0	0	0	0	0	0	0.125429	0	0.125429	0	0	0	0	0	0	0	1	0	0	0	0	0	0	0	0	77	0	77	0	0	0	0	0	0	0	1	0	0	0	0	0	0	0	0	77.0625	0	77.0625	0	0	0	0	0	0	0	1	0	0	0	0	0	0	0	0	219	0	219	0	0	0	0	0	0	0	1	0	0	0	0	0	0	0	0	0	0	0	0	0	0	0	0	0	0	0	0	0	0	0	0	0	0	0	0	0	0	0	0	0	0	0	0	0	0	0
70	0	0	0	0	0	0	0	0	634	0	634	0	0	0	0	0	0	0	0.133852	0	0.133852	0	0	0	0	0	0	0	1	0	0	0	0	0	0	0	0	88	0	88	0	0	0	0	0	0	0	1	0	0	0	0	0	0	0	0	76.5469	0	76.5469	0	0	0	0	0	0	0	1	0	0	0	0	0	0	0	0	224	0	224	0	0	0	0	0	0	0	1	0	0	0	0	0	0	0	0	0	0	0	0	0	0	0	0	0	0	0	0	0	0	0	0	0	0	0	0	0	0	0	0	0	0	0	0	0	0	0
71	0	0	0	0	0	0	0	0	651	0	651	0	0	0	0	0	0	0	0.174848	0	0.174848	0	0	0	0	0	0	0	1	0	0	0	0	0	0	0	0	110	0	110	0	0	0	0	0	0	0	1	0	0	0	0	0	0	0	0	78.5308	0	78.5308	0	0	0	0	0	0	0	1	0	0	0	0	0	0	0	0	229	0	229	0	0	0	0	0	0	0	1	0	0	0	0	0	0	0	0	0	0	0	0	0	0	0	0	0	0	0	0	0	0	0	0	0	0	0	0	0	0	0	0	0	0	0	0	0	0	0
72	0	0	0	0	0	0	0	0	631	0	631	0	0	0	0	0	0	0	0.190937	0	0.190937	0	0	0	0	0	0	0	1	0	0	0	0	0	0	0	0	110	0	110	0	0	0	0	0	0	0	1	0	0	0	0	0	0	0	0	77.8263	0	77.8263	0	0	0	0	0	0	0	1	0	0	0	0	0	0	0	0	235	0	235	0	0	0	0	0	0	0	1	0	0	0	0	0	0	0	0	0	0	0	0	0	0	0	0	0	0	0	0	0	0	0	0	0	0	0	0	0	0	0	0	0	0	0	0	0	0	0
73	0	0	0	0	0	0	0	0	618	0	618	0	0	0	0	0	0	0	0.191865	0	0.191865	0	0	0	0	0	0	0	1	0	0	0	0	0	0	0	0	111	0	111	0	0	0	0	0	0	0	1	0	0	0	0	0	0	0	0	77.0603	0	77.0603	0	0	0	0	0	0	0	1	0	0	0	0	0	0	0	0	244	0	244	0	0	0	0	0	0	0	1	0	0	0	0	0	0	0	0	0	0	0	0	0	0	0	0	0	0	0	0	0	0	0	0	0	0	0	0	0	0	0	0	0	0	0	0	0	0	0
74	0	0	0	0	0	0	0	0	620	0	620	0	0	0	0	0	0	0	0.227147	0	0.227147	0	0	0	0	0	0	0	1	0	0	0	0	0	0	0	0	110	0	110	0	0	0	0	0	0	0	1	0	0	0	0	0	0	0	0	78.4023	0	78.4023	0	0	0	0	0	0	0	1	0	0	0	0	0	0	0	0	246	0	246	0	0	0	0	0	0	0	1	0	0	0	0	0	0	0	0	0	0	0	0	0	0	0	0	0	0	0	0	0	0	0	0	0	0	0	0	0	0	0	0	0	0	0	0	0	0	0
75	0	0	0	0	0	0	0	0	644	0	644	0	0	0	0	0	0	0	0.208781	0	0.208781	0	0	0	0	0	0	0	1	0	0	0	0	0	0	0	0	102	0	102	0	0	0	0	0	0	0	1	0	0	0	0	0	0	0	0	79.1136	0	79.1136	0	0	0	0	0	0	0	1	0	0	0	0	0	0	0	0	248	0	248	0	0	0	0	0	0	0	1	0	0	0	0	0	0	0	0	0	0	0	0	0	0	0	0	0	0	0	0	0	0	0	0	0	0	0	0	0	0	0	0	0	0	0	0	0	0	0
76	0	0	0	0	0	0	0	0	654	0	654	0	0	0	0	0	0	0	0.212873	0	0.212873	0	0	0	0	0	0	0	1	0	0	0	0	0	0	0	0	95	0	95	0	0	0	0	0	0	0	1	0	0	0	0	0	0	0	0	79.7614	0	79.7614	0	0	0	0	0	0	0	1	0	0	0	0	0	0	0	0	252	0	252	0	0	0	0	0	0	0	1	0	0	0	0	0	0	0	0	0	0	0	0	0	0	0	0	0	0	0	0	0	0	0	0	0	0	0	0	0	0	0	0	0	0	0	0	0	0	0
77	0	0	0	0	0	0	0	0	659	0	659	0	0	0	0	0	0	0	0.201231	0	0.201231	0	0	0	0	0	0	0	1	0	0	0	0	0	0	0	0	96	0	96	0	0	0	0	0	0	0	1	0	0	0	0	0	0	0	0	82.8627	0	82.8627	0	0	0	0	0	0	0	1	0	0	0	0	0	0	0	0	259	0	259	0	0	0	0	0	0	0	1	0	0	0	0	0	0	0	0	0	0	0	0	0	0	0	0	0	0	0	0	0	0	0	0	0	0	0	0	0	0	0	0	0	0	0	0	0	0	0
78	0	0	0	0	0	0	0	0	622	0	622	0	0	0	0	0	0	0	0.189238	0	0.189238	0	0	0	0	0	0	0	1	0	0	0	0	0	0	0	0	97	0	97	0	0	0	0	0	0	0	1	0	0	0	0	0	0	0	0	80.4707	0	80.4707	0	0	0	0	0	0	0	1	0	0	0	0	0	0	0	0	259	0	259	0	0	0	0	0	0	0	1	0	0	0	0	0	0	0	0	0	0	0	0	0	0	0	0	0	0	0	0	0	0	0	0	0	0	0	0	0	0	0	0	0	0	0	0	0	0	0
79	0	0	0	0	0	0	0	0	647	0	647	0	0	0	0	0	0	0	0.181554	0	0.181554	0	0	0	0	0	0	0	1	0	0	0	0	0	0	0	0	91	0	91	0	0	0	0	0	0	0	1	0	0	0	0	0	0	0	0	81.625	0	81.625	0	0	0	0	0	0	0	1	0	0	0	0	0	0	0	0	266	0	266	0	0	0	0	0	0	0	1	0	0	0	0	0	0	0	0	0	0	0	0	0	0	0	0	0	0	0	0	0	0	0	0	0	0	0	0	0	0	0	0	0	0	0	0	0	0	0
80	0	0	0	0	0	0	0	0	668	0	668	0	0	0	0	0	0	0	0.186728	0	0.186728	0	0	0	0	0	0	0	1	0	0	0	0	0	0	0	0	93	0	93	0	0	0	0	0	0	0	1	0	0	0	0	0	0	0	0	82.9702	0	82.9702	0	0	0	0	0	0	0	1	0	0	0	0	0	0	0	0	266	0	266	0	0	0	0	0	0	0	1	0	0	0	0	0	0	0	0	0	0	0	0	0	0	0	0	0	0	0	0	0	0	0	0	0	0	0	0	0	0	0	0	0	0	0	0	0	0	0
81	0	0	0	0	0	0	0	0	672	0	672	0	0	0	0	0	0	0	0.159926	0	0.159926	0	0	0	0	0	0	0	1	0	0	0	0	0	0	0	0	88	0	88	0	0	0	0	0	0	0	1	0	0	0	0	0	0	0	0	82.3792	0	82.3792	0	0	0	0	0	0	0	1	0	0	0	0	0	0	0	0	271	0	271	0	0	0	0	0	0	0	1	0	0	0	0	0	0	0	0	0	0	0	0	0	0	0	0	0	0	0	0	0	0	0	0	0	0	0	0	0	0	0	0	0	0	0	0	0	0	0
82	0	0	0	0	0	0	0	0	625	0	625	0	0	0	0	0	0	0	0.198632	0	0.198632	0	0	0	0	0	0	0	1	0	0	0	0	0	0	0	0	96	0	96	0	0	0	0	0	0	0	1	0	0	0	0	0	0	0	0	79.0291	0	79.0291	0	0	0	0	0	0	0	1	0	0	0	0	0	0	0	0	269	0	269	0	0	0	0	0	0	0	1	0	0	0	0	0	0	0	0	0	0	0	0	0	0	0	0	0	0	0	0	0	0	0	0	0	0	0	0	0	0	0	0	0	0	0	0	0	0	0
83	0	0	0	0	0	0	0	0	626	0	626	0	0	0	0	0	0	0	0.193823	0	0.193823	0	0	0	0	0	0	0	1	0	0	0	0	0	0	0	0	101	0	101	0	0	0	0	0	0	0	1	0	0	0	0	0	0	0	0	82.1778	0	82.1778	0	0	0	0	0	0	0	1	0	0	0	0	0	0	0	0	280	0	280	0	0	0	0	0	0	0	1	0	0	0	0	0	0	0	0	0	0	0	0	0	0	0	0	0	0	0	0	0	0	0	0	0	0	0	0	0	0	0	0	0	0	0	0	0	0	0
84	0	0	0	0	0	0	0	0	655	0	655	0	0	0	0	0	0	0	0.17375	0	0.17375	0	0	0	0	0	0	0	1	0	0	0	0	0	0	0	0	102	0	102	0	0	0	0	0	0	0	1	0	0	0	0	0	0	0	0	82.7743	0	82.7743	0	0	0	0	0	0	0	1	0	0	0	0	0	0	0	0	283	0	283	0	0	0	0	0	0	0	1	0	0	0	0	0	0	0	0	0	0	0	0	0	0	0	0	0	0	0	0	0	0	0	0	0	0	0	0	0	0	0	0	0	0	0	0	0	0	0
85	0	0	0	0	0	0	0	0	613	0	613	0	0	0	0	0	0	0	0.222742	0	0.222742	0	0	0	0	0	0	0	1	0	0	0	0	0	0	0	0	107	0	107	0	0	0	0	0	0	0	1	0	0	0	0	0	0	0	0	80.0081	0	80.0081	0	0	0	0	0	0	0	1	0	0	0	0	0	0	0	0	276	0	276	0	0	0	0	0	0	0	1	0	0	0	0	0	0	0	0	0	0	0	0	0	0	0	0	0	0	0	0	0	0	0	0	0	0	0	0	0	0	0	0	0	0	0	0	0	0	0
86	0	0	0	0	0	0	0	0	603	0	603	0	0	0	0	0	0	0	0.201171	0	0.201171	0	0	0	0	0	0	0	1	0	0	0	0	0	0	0	0	92	0	92	0	0	0	0	0	0	0	1	0	0	0	0	0	0	0	0	76.6929	0	76.6929	0	0	0	0	0	0	0	1	0	0	0	0	0	0	0	0	280	0	280	0	0	0	0	0	0	0	1	0	0	0	0	0	0	0	0	0	0	0	0	0	0	0	0	0	0	0	0	0	0	0	0	0	0	0	0	0	0	0	0	0	0	0	0	0	0	0
87	0	0	0	0	0	0	0	0	610	0	610	0	0	0	0	0	0	0	0.193744	0	0.193744	0	0	0	0	0	0	0	1	0	0	0	0	0	0	0	0	80	0	80	0	0	0	0	0	0	0	1	0	0	0	0	0	0	0	0	77.167	0	77.167	0	0	0	0	0	0	0	1	0	0	0	0	0	0	0	0	279	0	279	0	0	0	0	0	0	0	1	0	0	0	0	0	0	0	0	0	0	0	0	0	0	0	0	0	0	0	0	0	0	0	0	0	0	0	0	0	0	0	0	0	0	0	0	0	0	0
88	0	0	0	0	0	0	0	0	620	0	620	0	0	0	0	0	0	0	0.186706	0	0.186706	0	0	0	0	0	0	0	1	0	0	0	0	0	0	0	0	85	0	85	0	0	0	0	0	0	0	1	0	0	0	0	0	0	0	0	79.8149	0	79.8149	0	0	0	0	0	0	0	1	0	0	0	0	0	0	0	0	287	0	287	0	0	0	0	0	0	0	1	0	0	0	0	0	0	0	0	0	0	0	0	0	0	0	0	0	0	0	0	0	0	0	0	0	0	0	0	0	0	0	0	0	0	0	0	0	0	0
89	0	0	0	0	0	0	0	0	627	0	627	0	0	0	0	0	0	0	0.199573	0	0.199573	0	0	0	0	0	0	0	1	0	0	0	0	0	0	0	0	94	0	94	0	0	0	0	0	0	0	1	0	0	0	0	0	0	0	0	81.2837	0	81.2837	0	0	0	0	0	0	0	1	0	0	0	0	0	0	0	0	277	0	277	0	0	0	0	0	0	0	1	0	0	0	0	0	0	0	0	0	0	0	0	0	0	0	0	0	0	0	0	0	0	0	0	0	0	0	0	0	0	0	0	0	0	0	0	0	0	0
90	0	0	0	0	0	0	0	0	620	0	620	0	0	0	0	0	0	0	0.17874	0	0.17874	0	0	0	0	0	0	0	1	0	0	0	0	0	0	0	0	93	0	93	0	0	0	0	0	0	0	1	0	0	0	0	0	0	0	0	82.3687	0	82.3687	0	0	0	0	0	0	0	1	0	0	0	0	0	0	0	0	283	0	283	0	0	0	0	0	0	0	1	0	0	0	0	0	0	0	0	0	0	0	0	0	0	0	0	0	0	0	0	0	0	0	0	0	0	0	0	0	0	0	0	0	0	0	0	0	0	0
91	0	0	0	0	0	0	0	0	603	0	603	0	0	0	0	0	0	0	0.180739	0	0.180739	0	0	0	0	0	0	0	1	0	0	0	0	0	0	0	0	81	0	81	0	0	0	0	0	0	0	1	0	0	0	0	0	0	0	0	81.4204	0	81.4204	0	0	0	0	0	0	0	1	0	0	0	0	0	0	0	0	274	0	274	0	0	0	0	0	0	0	1	0	0	0	0	0	0	0	0	0	0	0	0	0	0	0	0	0	0	0	0	0	0	0	0	0	0	0	0	0	0	0	0	0	0	0	0	0	0	0
92	0	0	0	0	0	0	0	0	635	0	635	0	0	0	0	0	0	0	0.181338	0	0.181338	0	0	0	0	0	0	0	1	0	0	0	0	0	0	0	0	71	0	71	0	0	0	0	0	0	0	1	0	0	0	0	0	0	0	0	83.8665	0	83.8665	0	0	0	0	0	0	0	1	0	0	0	0	0	0	0	0	278	0	278	0	0	0	0	0	0	0	1	0	0	0	0	0	0	0	0	0	0	0	0	0	0	0	0	0	0	0	0	0	0	0	0	0	0	0	0	0	0	0	0	0	0	0	0	0	0	0
93	0	0	0	0	0	0	0	0	616	0	616	0	0	0	0	0	0	0	0.15455	0	0.15455	0	0	0	0	0	0	0	1	0	0	0	0	0	0	0	0	63	0	63	0	0	0	0	0	0	0	1	0	0	0	0	0	0	0	0	83.7728	0	83.7728	0	0	0	0	0	0	0	1	0	0	0	0	0	0	0	0	275	0	275	0	0	0	0	0	0	0	1	0	0	0	0	0	0	0	0	0	0	0	0	0	0	0	0	0	0	0	0	0	0	0	0	0	0	0	0	0	0	0	0	0	0	0	0	0	0	0
94	0	0	0	0	0	0	0	0	641	0	641	0	0	0	0	0	0	0	0.161421	0	0.161421	0	0	0	0	0	0	0	1	0	0	0	0	0	0	0	0	68	0	68	0	0	0	0	0	0	0	1	0	0	0	0	0	0	0	0	85.8864	0	85.8864	0	0	0	0	0	0	0	1	0	0	0	0	0	0	0	0	272	0	272	0	0	0	0	0	0	0	1	0	0	0	0	0	0	0	0	0	0	0	0	0	0	0	0	0	0	0	0	0	0	0	0	0	0	0	0	0	0	0	0	0	0	0	0	0	0	0
95	0	0	0	0	0	0	0	0	600	0	600	0	0	0	0	0	0	0	0.129823	0	0.129823	0	0	0	0	0	0	0	1	0	0	0	0	0	0	0	0	64	0	64	0	0	0	0	0	0	0	1	0	0	0	0	0	0	0	0	83.8329	0	83.8329	0	0	0	0	0	0	0	1	0	0	0	0	0	0	0	0	266	0	266	0	0	0	0	0	0	0	1	0	0	0	0	0	0	0	0	0	0	0	0	0	0	0	0	0	0	0	0	0	0	0	0	0	0	0	0	0	0	0	0	0	0	0	0	0	0	0
96	0	0	0	0	0	0	0	0	619	0	619	0	0	0	0	0	0	0	0.119364	0	0.119364	0	0	0	0	0	0	0	1	0	0	0	0	0	0	0	0	57	0	57	0	0	0	0	0	0	0	1	0	0	0	0	0	0	0	0	81.8486	0	81.8486	0	0	0	0	0	0	0	1	0	0	0	0	0	0	0	0	260	0	260	0	0	0	0	0	0	0	1	0	0	0	0	0	0	0	0	0	0	0	0	0	0	0	0	0	0	0	0	0	0	0	0	0	0	0	0	0	0	0	0	0	0	0	0	0	0	0
97	0	0	0	0	0	0	0	0	643	0	643	0	0	0	0	0	0	0	0.114981	0	0.114981	0	0	0	0	0	0	0	1	0	0	0	0	0	0	0	0	57	0	57	0	0	0	0	0	0	0	1	0	0	0	0	0	0	0	0	82.942	0	82.942	0	0	0	0	0	0	0	1	0	0	0	0	0	0	0	0	264	0	264	0	0	0	0	0	0	0	1	0	0	0	0	0	0	0	0	0	0	0	0	0	0	0	0	0	0	0	0	0	0	0	0	0	0	0	0	0	0	0	0	0	0	0	0	0	0	0
98	0	0	0	0	0	0	0	0	664	0	664	0	0	0	0	0	0	0	0.107199	0	0.107199	0	0	0	0	0	0	0	1	0	0	0	0	0	0	0	0	66	0	66	0	0	0	0	0	0	0	1	0	0	0	0	0	0	0	0	84.9309	0	84.9309	0	0	0	0	0	0	0	1	0	0	0	0	0	0	0	0	263	0	263	0	0	0	0	0	0	0	1	0	0	0	0	0	0	0	0	0	0	0	0	0	0	0	0	0	0	0	0	0	0	0	0	0	0	0	0	0	0	0	0	0	0	0	0	0	0	0
99	0	0	0	0	0	0	0	0	635	0	635	0	0	0	0	0	0	0	0.135994	0	0.135994	0	0	0	0	0	0	0	1	0	0	0	0	0	0	0	0	68	0	68	0	0	0	0	0	0	0	1	0	0	0	0	0	0	0	0	81.845	0	81.845	0	0	0	0	0	0	0	1	0	0	0	0	0	0	0	0	251	0	251	0	0	0	0	0	0	0	1	0	0	0	0	0	0	0	0	0	0	0	0	0	0	0	0	0	0	0	0	0	0	0	0	0	0	0	0	0	0	0	0	0	0	0	0	0	0	0
100	0	0	0	0	0	0	0	0	636	0	636	0	0	0	0	0	0	0	0.1298	0	0.1298	0	0	0	0	0	0	0	1	0	0	0	0	0	0	0	0	72	0	72	0	0	0	0	0	0	0	1	0	0	0	0	0	0	0	0	81.1026	0	81.1026	0	0	0	0	0	0	0	1	0	0	0	0	0	0	0	0	250	0	250	0	0	0	0	0	0	0	1	0	0	0	0	0	0	0	0	0	0	0	0	0	0	0	0	0	0	0	0	0	0	0	0	0	0	0	0	0	0	0	0	0	0	0	0	0	0	0
101	0	0	0	0	0	0	0	0	614	0	614	0	0	0	0	0	0	0	0.128333	0	0.128333	0	0	0	0	0	0	0	1	0	0	0	0	0	0	0	0	79	0	79	0	0	0	0	0	0	0	1	0	0	0	0	0	0	0	0	78.5159	0	78.5159	0	0	0	0	0	0	0	1	0	0	0	0	0	0	0	0	244	0	244	0	0	0	0	0	0	0	1	0	0	0	0	0	0	0	0	0	0	0	0	0	0	0	0	0	0	0	0	0	0	0	0	0	0	0	0	0	0	0	0	0	0	0	0	0	0	0
102	0	0	0	0	0	0	0	0	641	0	641	0	0	0	0	0	0	0	0.118365	0	0.118365	0	0	0	0	0	0	0	1	0	0	0	0	0	0	0	0	75	0	75	0	0	0	0	0	0	0	1	0	0	0	0	0	0	0	0	82.3218	0	82.3218	0	0	0	0	0	0	0	1	0	0	0	0	0	0	0	0	253	0	253	0	0	0	0	0	0	0	1	0	0	0	0	0	0	0	0	0	0	0	0	0	0	0	0	0	0	0	0	0	0	0	0	0	0	0	0	0	0	0	0	0	0	0	0	0	0	0
103	0	0	0	0	0	0	0	0	627	0	627	0	0	0	0	0	0	0	0.144734	0	0.144734	0	0	0	0	0	0	0	1	0	0	0	0	0	0	0	0	90	0	90	0	0	0	0	0	0	0	1	0	0	0	0	0	0	0	0	83.3224	0	83.3224	0	0	0	0	0	0	0	1	0	0	0	0	0	0	0	0	245	0	245	0	0	0	0	0	0	0	1	0	0	0	0	0	0	0	0	0	0	0	0	0	0	0	0	0	0	0	0	0	0	0	0	0	0	0	0	0	0	0	0	0	0	0	0	0	0	0
104	0	0	0	0	0	0	0	0	598	0	598	0	0	0	0	0	0	0	0.195855	0	0.195855	0	0	0	0	0	0	0	1	0	0	0	0	0	0	0	0	95	0	95	0	0	0	0	0	0	0	1	0	0	0	0	0	0	0	0	80.4519	0	80.4519	0	0	0	0	0	0	0	1	0	0	0	0	0	0	0	0	237	0	237	0	0	0	0	0	0	0	1	0	0	0	0	0	0	0	0	0	0	0	0	0	0	0	0	0	0	0	0	0	0	0	0	0	0	0	0	0	0	0	0	0	0	0	0	0	0	0
105	0	0	0	0	0	0	0	0	553	0	553	0	0	0	0	0	0	0	0.181844	0	0.181844	0	0	0	0	0	0	0	1	0	0	0	0	0	0	0	0	84	0	84	0	0	0	0	0	0	0	1	0	0	0	0	0	0	0	0	74.7726	0	74.7726	0	0	0	0	0	0	0	1	0	0	0	0	0	0	0	0	228	0	228	0	0	0	0	0	0	0	1	0	0	0	0	0	0	0	0	0	0	0	0	0	0	0	0	0	0	0	0	0	0	0	0	0	0	0	0	0	0	0	0	0	0	0	0	0	0	0
106	0	0	0	0	0	0	0	0	551	0	551	0	0	0	0	0	0	0	0.18111	0	0.18111	0	0	0	0	0	0	0	1	0	0	0	0	0	0	0	0	72	0	72	0	0	0	0	0	0	0	1	0	0	0	0	0	0	0	0	72.0727	0	72.0727	0	0	0	0	0	0	0	1	0	0	0	0	0	0	0	0	233	0	233	0	0	0	0	0	0	0	1	0	0	0	0	0	0	0	0	0	0	0	0	0	0	0	0	0	0	0	0	0	0	0	0	0	0	0	0	0	0	0	0	0	0	0	0	0	0	0
107	0	0	0	0	0	0	0	0	577	0	577	0	0	0	0	0	0	0	0.152365	0	0.152365	0	0	0	0	0	0	0	1	0	0	0	0	0	0	0	0	62	0	62	0	0	0	0	0	0	0	1	0	0	0	0	0	0	0	0	71.1473	0	71.1473	0	0	0	0	0	0	0	1	0	0	0	0	0	0	0	0	238	0	238	0	0	0	0	0	0	0	1	0	0	0	0	0	0	0	0	0	0	0	0	0	0	0	0	0	0	0	0	0	0	0	0	0	0	0	0	0	0	0	0	0	0	0	0	0	0	0
108	0	0	0	0	0	0	0	0	607	0	607	0	0	0	0	0	0	0	0.132264	0	0.132264	0	0	0	0	0	0	0	1	0	0	0	0	0	0	0	0	58	0	58	0	0	0	0	0	0	0	1	0	0	0	0	0	0	0	0	73.4916	0	73.4916	0	0	0	0	0	0	0	1	0	0	0	0	0	0	0	0	239	0	239	0	0	0	0	0	0	0	1	0	0	0	0	0	0	0	0	0	0	0	0	0	0	0	0	0	0	0	0	0	0	0	0	0	0	0	0	0	0	0	0	0	0	0	0	0	0	0
109	0	0	0	0	0	0	0	0	612	0	612	0	0	0	0	0	0	0	0.124519	0	0.124519	0	0	0	0	0	0	0	1	0	0	0	0	0	0	0	0	66	0	66	0	0	0	0	0	0	0	1	0	0	0	0	0	0	0	0	75.0205	0	75.0205	0	0	0	0	0	0	0	1	0	0	0	0	0	0	0	0	240	0	240	0	0	0	0	0	0	0	1	0	0	0	0	0	0	0	0	0	0	0	0	0	0	0	0	0	0	0	0	0	0	0	0	0	0	0	0	0	0	0	0	0	0	0	0	0	0	0
110	0	0	0	0	0	0	0	0	610	0	610	0	0	0	0	0	0	0	0.123473	0	0.123473	0	0	0	0	0	0	0	1	0	0	0	0	0	0	0	0	79	0	79	0	0	0	0	0	0	0	1	0	0	0	0	0	0	0	0	76.2289	0	76.2289	0	0	0	0	0	0	0	1	0	0	0	0	0	0	0	0	232	0	232	0	0	0	0	0	0	0	1	0	0	0	0	0	0	0	0	0	0	0	0	0	0	0	0	0	0	0	0	0	0	0	0	0	0	0	0	0	0	0	0	0	0	0	0	0	0	0
111	0	0	0	0	0	0	0	0	626	0	626	0	0	0	0	0	0	0	0.156569	0	0.156569	0	0	0	0	0	0	0	1	0	0	0	0	0	0	0	0	88	0	88	0	0	0	0	0	0	0	1	0	0	0	0	0	0	0	0	75.1616	0	75.1616	0	0	0	0	0	0	0	1	0	0	0	0	0	0	0	0	223	0	223	0	0	0	0	0	0	0	1	0	0	0	0	0	0	0	0	0	0	0	0	0	0	0	0	0	0	0	0	0	0	0	0	0	0	0	0	0	0	0	0	0	0	0	0	0	0	0
112	0	0	0	0	0	0	0	0	623	0	623	0	0	0	0	0	0	0	0.180179	0	0.180179	0	0	0	0	0	0	0	1	0	0	0	0	0	0	0	0	94	0	94	0	0	0	0	0	0	0	1	0	0	0	0	0	0	0	0	75.6077	0	75.6077	0	0	0	0	0	0	0	1	0	0	0	0	0	0	0	0	221	0	221	0	0	0	0	0	0	0	1	0	0	0	0	0	0	0	0	0	0	0	0	0	0	0	0	0	0	0	0	0	0	0	0	0	0	0	0	0	0	0	0	0	0	0	0	0	0	0
113	0	0	0	0	0	0	0	0	609	0	609	0	0	0	0	0	0	0	0.171663	0	0.171663	0	0	0	0	0	0	0	1	0	0	0	0	0	0	0	0	90	0	90	0	0	0	0	0	0	0	1	0	0	0	0	0	0	0	0	75.8349	0	75.8349	0	0	0	0	0	0	0	1	0	0	0	0	0	0	0	0	223	0	223	0	0	0	0	0	0	0	1	0	0	0	0	0	0	0	0	0	0	0	0	0	0	0	0	0	0	0	0	0	0	0	0	0	0	0	0	0	0	0	0	0	0	0	0	0	0	0
114	0	0	0	0	0	0	0	0	641	0	641	0	0	0	0	0	0	0	0.162577	0	0.162577	0	0	0	0	0	0	0	1	0	0	0	0	0	0	0	0	91	0	91	0	0	0	0	0	0	0	1	0	0	0	0	0	0	0	0	77.7465	0	77.7465	0	0	0	0	0	0	0	1	0	0	0	0	0	0	0	0	228	0	228	0	0	0	0	0	0	0	1	0	0	0	0	0	0	0	0	0	0	0	0	0	0	0	0	0	0	0	0	0	0	0	0	0	0	0	0	0	0	0	0	0	0	0	0	0	0	0
115	0	0	0	0	0	0	0	0	620	0	620	0	0	0	0	0	0	0	0.164158	0	0.164158	0	0	0	0	0	0	0	1	0	0	0	0	0	0	0	0	88	0	88	0	0	0	0	0	0	0	1	0	0	0	0	0	0	0	0	78.6179	0	78.6179	0	0	0	0	0	0	0	1	0	0	0	0	0	0	0	0	224	0	224	0	0	0	0	0	0	0	1	0	0	0	0	0	0	0	0	0	0	0	0	0	0	0	0	0	0	0	0	0	0	0	0	0	0	0	0	0	0	0	0	0	0	0	0	0	0	0
116	0	0	0	0	0	0	0	0	584	0	584	0	0	0	0	0	0	0	0.188883	0	0.188883	0	0	0	0	0	0	0	1	0	0	0	0	0	0	0	0	90	0	90	0	0	0	0	0	0	0	1	0	0	0	0	0	0	0	0	75.2341	0	75.2341	0	0	0	0	0	0	0	1	0	0	0	0	0	0	0	0	222	0	222	0	0	0	0	0	0	0	1	0	0	0	0	0	0	0	0	0	0	0	0	0	0	0	0	0	0	0	0	0	0	0	0	0	0	0	0	0	0	0	0	0	0	0	0	0	0	0
117	0	0	0	0	0	0	0	0	624	0	624	0	0	0	0	0	0	0	0.17787	0	0.17787	0	0	0	0	0	0	0	1	0	0	0	0	0	0	0	0	89	0	89	0	0	0	0	0	0	0	1	0	0	0	0	0	0	0	0	76.4343	0	76.4343	0	0	0	0	0	0	0	1	0	0	0	0	0	0	0	0	223	0	223	0	0	0	0	0	0	0	1	0	0	0	0	0	0	0	0	0	0	0	0	0	0	0	0	0	0	0	0	0	0	0	0	0	0	0	0	0	0	0	0	0	0	0	0	0	0	0
118	0	0	0	0	0	0	0	0	620	0	620	0	0	0	0	0	0	0	0.188373	0	0.188373	0	0	0	0	0	0	0	1	0	0	0	0	0	0	0	0	87	0	87	0	0	0	0	0	0	0	1	0	0	0	0	0	0	0	0	74.6312	0	74.6312	0	0	0	0	0	0	0	1	0	0	0	0	0	0	0	0	223	0	223	0	0	0	0	0	0	0	1	0	0	0	0	0	0	0	0	0	0	0	0	0	0	0	0	0	0	0	0	0	0	0	0	0	0	0	0	0	0	0	0	0	0	0	0	0	0	0
119	0	0	0	0	0	0	0	0	619	0	619	0	0	0	0	0	0	0	0.192712	0	0.192712	0	0	0	0	0	0	0	1	0	0	0	0	0	0	0	0	91	0	91	0	0	0	0	0	0	0	1	0	0	0	0	0	0	0	0	73.2722	0	73.2722	0	0	0	0	0	0	0	1	0	0	0	0	0	0	0	0	224	0	224	0	0	0	0	0	0	0	1	0	0	0	0	0	0	0	0	0	0	0	0	0	0	0	0	0	0	0	0	0	0	0	0	0	0	0	0	0	0	0	0	0	0	0	0	0	0	0
120	0	0	0	0	0	0	0	0	608	0	608	0	0	0	0	0	0	0	0.208514	0	0.208514	0	0	0	0	0	0	0	1	0	0	0	0	0	0	0	0	105	0	105	0	0	0	0	0	0	0	1	0	0	0	0	0	0	0	0	72.5007	0	72.5007	0	0	0	0	0	0	0	1	0	0	0	0	0	0	0	0	224	0	224	0	0	0	0	0	0	0	1	0	0	0	0	0	0	0	0	0	0	0	0	0	0	0	0	0	0	0	0	0	0	0	0	0	0	0	0	0	0	0	0	0	0	0	0	0	0	0
121	0	0	0	0	0	0	0	0	617	0	617	0	0	0	0	0	0	0	0.205648	0	0.205648	0	0	0	0	0	0	0	1	0	0	0	0	0	0	0	0	104	0	104	0	0	0	0	0	0	0	1	0	0	0	0	0	0	0	0	72.4184	0	72.4184	0	0	0	0	0	0	0	1	0	0	0	0	0	0	0	0	237	0	237	0	0	0	0	0	0	0	1	0	0	0	0	0	0	0	0	0	0	0	0	0	0	0	0	0	0	0	0	0	0	0	0	0	0	0	0	0	0	0	0	0	0	0	0	0	0	0
122	0	0	0	0	0	0	0	0	624	0	624	0	0	0	0	0	0	0	0.222253	0	0.222253	0	0	0	0	0	0	0	1	0	0	0	0	0	0	0	0	109	0	109	0	0	0	0	0	0	0	1	0	0	0	0	0	0	0	0	75.4266	0	75.4266	0	0	0	0	0	0	0	1	0	0	0	0	0	0	0	0	253	0	253	0	0	0	0	0	0	0	1	0	0	0	0	0	0	0	0	0	0	0	0	0	0	0	0	0	0	0	0	0	0	0	0	0	0	0	0	0	0	0	0	0	0	0	0	0	0	0
123	0	0	0	0	0	0	0	0	619	0	619	0	0	0	0	0	0	0	0.204991	0	0.204991	0	0	0	0	0	0	0	1	0	0	0	0	0	0	0	0	116	0	116	0	0	0	0	0	0	0	1	0	0	0	0	0	0	0	0	77.2992	0	77.2992	0	0	0	0	0	0	0	1	0	0	0	0	0	0	0	0	268	0	268	0	0	0	0	0	0	0	1	0	0	0	0	0	0	0	0	0	0	0	0	0	0	0	0	0	0	0	0	0	0	0	0	0	0	0	0	0	0	0	0	0	0	0	0	0	0	0
124	0	0	0	0	0	0	0	0	633	0	633	0	0	0	0	0	0	0	0.205348	0	0.205348	0	0	0	0	0	0	0	1	0	0	0	0	0	0	0	0	108	0	108	0	0	0	0	0	0	0	1	0	0	0	0	0	0	0	0	80.1936	0	80.1936	0	0	0	0	0	0	0	1	0	0	0	0	0	0	0	0	277	0	277	0	0	0	0	0	0	0	1	0	0	0	0	0	0	0	0	0	0	0	0	0	0	0	0	0	0	0	0	0	0	0	0	0	0	0	0	0	0	0	0	0	0	0	0	0	0	0
125	0	0	0	0	0	0	0	0	634	0	634	0	0	0	0	0	0	0	0.229581	0	0.229581	0	0	0	0	0	0	0	1	0	0	0	0	0	0	0	0	109	0	109	0	0	0	0	0	0	0	1	0	0	0	0	0	0	0	0	83.7276	0	83.7276	0	0	0	0	0	0	0	1	0	0	0	0	0	0	0	0	282	0	282	0	0	0	0	0	0	0	1	0	0	0	0	0	0	0	0	0	0	0	0	0	0	0	0	0	0	0	0	0	0	0	0	0	0	0	0	0	0	0	0	0	0	0	0	0	0	0
126	0	0	0	0	0	0	0	0	628	0	628	0	0	0	0	0	0	0	0.172878	0	0.172878	0	0	0	0	0	0	0	1	0	0	0	0	0	0	0	0	86	0	86	0	0	0	0	0	0	0	1	0	0	0	0	0	0	0	0	85.2478	0	85.2478	0	0	0	0	0	0	0	1	0	0	0	0	0	0	0	0	286	0	286	0	0	0	0	0	0	0	1	0	0	0	0	0	0	0	0	0	0	0	0	0	0	0	0	0	0	0	0	0	0	0	0	0	0	0	0	0	0	0	0	0	0	0	0	0	0	0
127	0	0	0	0	0	0	0	0	621	0	621	0	0	0	0	0	0	0	0.175503	0	0.175503	0	0	0	0	0	0	0	1	0	0	0	0	0	0	0	0	82	0	82	0	0	0	0	0	0	0	1	0	0	0	0	0	0	0	0	86.1643	0	86.1643	0	0	0	0	0	0	0	1	0	0	0	0	0	0	0	0	276	0	276	0	0	0	0	0	0	0	1	0	0	0	0	0	0	0	0	0	0	0	0	0	0	0	0	0	0	0	0	0	0	0	0	0	0	0	0	0	0	0	0	0	0	0	0	0	0	0
128	0	0	0	0	0	0	0	0	593	0	593	0	0	0	0	0	0	0	0.187696	0	0.187696	0	0	0	0	0	0	0	1	0	0	0	0	0	0	0	0	74	0	74	0	0	0	0	0	0	0	1	0	0	0	0	0	0	0	0	83.4275	0	83.4275	0	0	0	0	0	0	0	1	0	0	0	0	0	0	0	0	259	0	259	0	0	0	0	0	0	0	1	0	0	0	0	0	0	0	0	0	0	0	0	0	0	0	0	0	0	0	0	0	0	0	0	0	0	0	0	0	0	0	0	0	0	0	0	0	0	0
129	0	0	0	0	0	0	0	0	617	0	617	0	0	0	0	0	0	0	0.176085	0	0.176085	0	0	0	0	0	0	0	1	0	0	0	0	0	0	0	0	70	0	70	0	0	0	0	0	0	0	1	0	0	0	0	0	0	0	0	87.1761	0	87.1761	0	0	0	0	0	0	0	1	0	0	0	0	0	0	0	0	266	0	266	0	0	0	0	0	0	0	1	0	0	0	0	0	0	0	0	0	0	0	0	0	0	0	0	0	0	0	0	0	0	0	0	0	0	0	0	0	0	0	0	0	0	0	0	0	0	0
130	0	0	0	0	0	0	0	0	630	0	630	0	0	0	0	0	0	0	0.148873	0	0.148873	0	0	0	0	0	0	0	1	0	0	0	0	0	0	0	0	60	0	60	0	0	0	0	0	0	0	1	0	0	0	0	0	0	0	0	88.1577	0	88.1577	0	0	0	0	0	0	0	1	0	0	0	0	0	0	0	0	262	0	262	0	0	0	0	0	0	0	1	0	0	0	0	0	0	0	0	0	0	0	0	0	0	0	0	0	0	0	0	0	0	0	0	0	0	0	0	0	0	0	0	0	0	0	0	0	0	0
131	0	0	0	0	0	0	0	0	650	0	650	0	0	0	0	0	0	0	0.114395	0	0.114395	0	0	0	0	0	0	0	1	0	0	0	0	0	0	0	0	57	0	57	0	0	0	0	0	0	0	1	0	0	0	0	0	0	0	0	88.6186	0	88.6186	0	0	0	0	0	0	0	1	0	0	0	0	0	0	0	0	254	0	254	0	0	0	0	0	0	0	1	0	0	0	0	0	0	0	0	0	0	0	0	0	0	0	0	0	0	0	0	0	0	0	0	0	0	0	0	0	0	0	0	0	0	0	0	0	0	0
132	0	0	0	0	0	0	0	0	659	0	659	0	0	0	0	0	0	0	0.114015	0	0.114015	0	0	0	0	0	0	0	1	0	0	0	0	0	0	0	0	56	0	56	0	0	0	0	0	0	0	1	0	0	0	0	0	0	0	0	90.2248	0	90.2248	0	0	0	0	0	0	0	1	0	0	0	0	0	0	0	0	247	0	247	0	0	0	0	0	0	0	1	0	0	0	0	0	0	0	0	0	0	0	0	0	0	0	0	0	0	0	0	0	0	0	0	0	0	0	0	0	0	0	0	0	0	0	0	0	0	0
133	0	0	0	0	0	0	0	0	662	0	662	0	0	0	0	0	0	0	0.129241	0	0.129241	0	0	0	0	0	0	0	1	0	0	0	0	0	0	0	0	63	0	63	0	0	0	0	0	0	0	1	0	0	0	0	0	0	0	0	90.9765	0	90.9765	0	0	0	0	0	0	0	1	0	0	0	0	0	0	0	0	240	0	240	0	0	0	0	0	0	0	1	0	0	0	0	0	0	0	0	0	0	0	0	0	0	0	0	0	0	0	0	0	0	0	0	0	0	0	0	0	0	0	0	0	0	0	0	0	0	0
134	0	0	0	0	0	0	0	0	632	0	632	0	0	0	0	0	0	0	0.140435	0	0.140435	0	0	0	0	0	0	0	1	0	0	0	0	0	0	0	0	63	0	63	0	0	0	0	0	0	0	1	0	0	0	0	0	0	0	0	88.3116	0	88.3116	0	0	0	0	0	0	0	1	0	0	0	0	0	0	0	0	231	0	231	0	0	0	0	0	0	0	1	0	0	0	0	0	0	0	0	0	0	0	0	0	0	0	0	0	0	0	0	0	0	0	0	0	0	0	0	0	0	0	0	0	0	0	0	0	0	0
135	0	0	0	0	0	0	0	0	609	0	609	0	0	0	0	0	0	0	0.10941	0	0.10941	0	0	0	0	0	0	0	1	0	0	0	0	0	0	0	0	57	0	57	0	0	0	0	0	0	0	1	0	0	0	0	0	0	0	0	84.4838	0	84.4838	0	0	0	0	0	0	0	1	0	0	0	0	0	0	0	0	230	0	230	0	0	0	0	0	0	0	1	0	0	0	0	0	0	0	0	0	0	0	0	0	0	0	0	0	0	0	0	0	0	0	0	0	0	0	0	0	0	0	0	0	0	0	0	0	0	0
136	0	0	0	0	0	0	0	0	639	0	639	0	0	0	0	0	0	0	0.113632	0	0.113632	0	0	0	0	0	0	0	1	0	0	0	0	0	0	0	0	54	0	54	0	0	0	0	0	0	0	1	0	0	0	0	0	0	0	0	86.0215	0	86.0215	0	0	0	0	0	0	0	1	0	0	0	0	0	0	0	0	228	0	228	0	0	0	0	0	0	0	1	0	0	0	0	0	0	0	0	0	0	0	0	0	0	0	0	0	0	0	0	0	0	0	0	0	0	0	0	0	0	0	0	0	0	0	0	0	0	0
137	0	0	0	0	0	0	0	0	642	0	642	0	0	0	0	0	0	0	0.108859	0	0.108859	0	0	0	0	0	0	0	1	0	0	0	0	0	0	0	0	48	0	48	0	0	0	0	0	0	0	1	0	0	0	0	0	0	0	0	84.5305	0	84.5305	0	0	0	0	0	0	0	1	0	0	0	0	0	0	0	0	227	0	227	0	0	0	0	0	0	0	1	0	0	0	0	0	0	0	0	0	0	0	0	0	0	0	0	0	0	0	0	0	0	0	0	0	0	0	0	0	0	0	0	0	0	0	0	0	0	0
138	0	0	0	0	0	0	0	0	636	0	636	0	0	0	0	0	0	0	0.114808	0	0.114808	0	0	0	0	0	0	0	1	0	0	0	0	0	0	0	0	49	0	49	0	0	0	0	0	0	0	1	0	0	0	0	0	0	0	0	82.6105	0	82.6105	0	0	0	0	0	0	0	1	0	0	0	0	0	0	0	0	220	0	220	0	0	0	0	0	0	0	1	0	0	0	0	0	0	0	0	0	0	0	0	0	0	0	0	0	0	0	0	0	0	0	0	0	0	0	0	0	0	0	0	0	0	0	0	0	0	0
139	0	0	0	0	0	0	0	0	638	0	638	0	0	0	0	0	0	0	0.108481	0	0.108481	0	0	0	0	0	0	0	1	0	0	0	0	0	0	0	0	55	0	55	0	0	0	0	0	0	0	1	0	0	0	0	0	0	0	0	82.3772	0	82.3772	0	0	0	0	0	0	0	1	0	0	0	0	0	0	0	0	219	0	219	0	0	0	0	0	0	0	1	0	0	0	0	0	0	0	0	0	0	0	0	0	0	0	0	0	0	0	0	0	0	0	0	0	0	0	0	0	0	0	0	0	0	0	0	0	0	0
140	0	0	0	0	0	0	0	0	597	0	597	0	0	0	0	0	0	0	0.112712	0	0.112712	0	0	0	0	0	0	0	1	0	0	0	0	0	0	0	0	63	0	63	0	0	0	0	0	0	0	1	0	0	0	0	0	0	0	0	77.1787	0	77.1787	0	0	0	0	0	0	0	1	0	0	0	0	0	0	0	0	211	0	211	0	0	0	0	0	0	0	1	0	0	0	0	0	0	0	0	0	0	0	0	0	0	0	0	0	0	0	0	0	0	0	0	0	0	0	0	0	0	0	0	0	0	0	0	0	0	0
141	0	0	0	0	0	0	0	0	580	0	580	0	0	0	0	0	0	0	0.148537	0	0.148537	0	0	0	0	0	0	0	1	0	0	0	0	0	0	0	0	75	0	75	0	0	0	0	0	0	0	1	0	0	0	0	0	0	0	0	76.0823	0	76.0823	0	0	0	0	0	0	0	1	0	0	0	0	0	0	0	0	207	0	207	0	0	0	0	0	0	0	1	0	0	0	0	0	0	0	0	0	0	0	0	0	0	0	0	0	0	0	0	0	0	0	0	0	0	0	0	0	0	0	0	0	0	0	0	0	0	0
142	0	0	0	0	0	0	0	0	590	0	590	0	0	0	0	0	0	0	0.136173	0	0.136173	0	0	0	0	0	0	0	1	0	0	0	0	0	0	0	0	71	0	71	0	0	0	0	0	0	0	1	0	0	0	0	0	0	0	0	74.7131	0	74.7131	0	0	0	0	0	0	0	1	0	0	0	0	0	0	0	0	204	0	204	0	0	0	0	0	0	0	1	0	0	0	0	0	0	0	0	0	0	0	0	0	0	0	0	0	0	0	0	0	0	0	0	0	0	0	0	0	0	0	0	0	0	0	0	0	0	0
143	0	0	0	0	0	0	0	0	613	0	613	0	0	0	0	0	0	0	0.161817	0	0.161817	0	0	0	0	0	0	0	1	0	0	0	0	0	0	0	0	76	0	76	0	0	0	0	0	0	0	1	0	0	0	0	0	0	0	0	76.5318	0	76.5318	0	0	0	0	0	0	0	1	0	0	0	0	0	0	0	0	208	0	208	0	0	0	0	0	0	0	1	0	0	0	0	0	0	0	0	0	0	0	0	0	0	0	0	0	0	0	0	0	0	0	0	0	0	0	0	0	0	0	0	0	0	0	0	0	0	0
144	0	0	0	0	0	0	0	0	607	0	607	0	0	0	0	0	0	0	0.15458	0	0.15458	0	0	0	0	0	0	0	1	0	0	0	0	0	0	0	0	77	0	77	0	0	0	0	0	0	0	1	0	0	0	0	0	0	0	0	76.823	0	76.823	0	0	0	0	0	0	0	1	0	0	0	0	0	0	0	0	203	0	203	0	0	0	0	0	0	0	1	0	0	0	0	0	0	0	0	0	0	0	0	0	0	0	0	0	0	0	0	0	0	0	0	0	0	0	0	0	0	0	0	0	0	0	0	0	0	0
145	0	0	0	0	0	0	0	0	607	0	607	0	0	0	0	0	0	0	0.174219	0	0.174219	0	0	0	0	0	0	0	1	0	0	0	0	0	0	0	0	83	0	83	0	0	0	0	0	0	0	1	0	0	0	0	0	0	0	0	75.9361	0	75.9361	0	0	0	0	0	0	0	1	0	0	0	0	0	0	0	0	205	0	205	0	0	0	0	0	0	0	1	0	0	0	0	0	0	0	0	0	0	0	0	0	0	0	0	0	0	0	0	0	0	0	0	0	0	0	0	0	0	0	0	0	0	0	0	0	0	0
146	0	0	0	0	0	0	0	0	598	0	598	0	0	0	0	0	0	0	0.151281	0	0.151281	0	0	0	0	0	0	0	1	0	0	0	0	0	0	0	0	86	0	86	0	0	0	0	0	0	0	1	0	0	0	0	0	0	0	0	75.4972	0	75.4972	0	0	0	0	0	0	0	1	0	0	0	0	0	0	0	0	210	0	210	0	0	0	0	0	0	0	1	0	0	0	0	0	0	0	0	0	0	0	0	0	0	0	0	0	0	0	0	0	0	0	0	0	0	0	0	0	0	0	0	0	0	0	0	0	0	0
147	0	0	0	0	0	0	0	0	582	0	582	0	0	0	0	0	0	0	0.164704	0	0.164704	0	0	0	0	0	0	0	1	0	0	0	0	0	0	0	0	94	0	94	0	0	0	0	0	0	0	1	0	0	0	0	0	0	0	0	77.066	0	77.066	0	0	0	0	0	0	0	1	0	0	0	0	0	0	0	0	217	0	217	0	0	0	0	0	0	0	1	0	0	0	0	0	0	0	0	0	0	0	0	0	0	0	0	0	0	0	0	0	0	0	0	0	0	0	0	0	0	0	0	0	0	0	0	0	0	0
148	0	0	0	0	0	0	0	0	601	0	601	0	0	0	0	0	0	0	0.16953	0	0.16953	0	0	0	0	0	0	0	1	0	0	0	0	0	0	0	0	95	0	95	0	0	0	0	0	0	0	1	0	0	0	0	0	0	0	0	77.6254	0	77.6254	0	0	0	0	0	0	0	1	0	0	0	0	0	0	0	0	220	0	220	0	0	0	0	0	0	0	1	0	0	0	0	0	0	0	0	0	0	0	0	0	0	0	0	0	0	0	0	0	0	0	0	0	0	0	0	0	0	0	0	0	0	0	0	0	0	0
149	0	0	0	0	0	0	0	0	577	0	577	0	0	0	0	0	0	0	0.175016	0	0.175016	0	0	0	0	0	0	0	1	0	0	0	0	0	0	0	0	89	0	89	0	0	0	0	0	0	0	1	0	0	0	0	0	0	0	0	76.1391	0	76.1391	0	0	0	0	0	0	0	1	0	0	0	0	0	0	0	0	220	0	220	0	0	0	0	0	0	0	1	0	0	0	0	0	0	0	0	0	0	0	0	0	0	0	0	0	0	0	0	0	0	0	0	0	0	0	0	0	0	0	0	0	0	0	0	0	0	0
150	0	0	0	0	0	0	0	0	578	0	578	0	0	0	0	0	0	0	0.166301	0	0.166301	0	0	0	0	0	0	0	1	0	0	0	0	0	0	0	0	80	0	80	0	0	0	0	0	0	0	1	0	0	0	0	0	0	0	0	77.3482	0	77.3482	0	0	0	0	0	0	0	1	0	0	0	0	0	0	0	0	227	0	227	0	0	0	0	0	0	0	1	0	0	0	0	0	0	0	0	0	0	0	0	0	0	0	0	0	0	0	0	0	0	0	0	0	0	0	0	0	0	0	0	0	0	0	0	0	0	0
151	0	0	0	0	0	0	0	0	587	0	587	0	0	0	0	0	0	0	0.190903	0	0.190903	0	0	0	0	0	0	0	1	0	0	0	0	0	0	0	0	77	0	77	0	0	0	0	0	0	0	1	0	0	0	0	0	0	0	0	76.8292	0	76.8292	0	0	0	0	0	0	0	1	0	0	0	0	0	0	0	0	228	0	228	0	0	0	0	0	0	0	1	0	0	0	0	0	0	0	0	0	0	0	0	0	0	0	0	0	0	0	0	0	0	0	0	0	0	0	0	0	0	0	0	0	0	0	0	0	0	0
152	0	0	0	0	0	0	0	0	592	0	592	0	0	0	0	0	0	0	0.175739	0	0.175739	0	0	0	0	0	0	0	1	0	0	0	0	0	0	0	0	74	0	74	0	0	0	0	0	0	0	1	0	0	0	0	0	0	0	0	77.1422	0	77.1422	0	0	0	0	0	0	0	1	0	0	0	0	0	0	0	0	222	0	222	0	0	0	0	0	0	0	1	0	0	0	0	0	0	0	0	0	0	0	0	0	0	0	0	0	0	0	0	0	0	0	0	0	0	0	0	0	0	0	0	0	0	0	0	0	0	0
153	0	0	0	0	0	0	0	0	576	0	576	0	0	0	0	0	0	0	0.174067	0	0.174067	0	0	0	0	0	0	0	1	0	0	0	0	0	0	0	0	76	0	76	0	0	0	0	0	0	0	1	0	0	0	0	0	0	0	0	73.8896	0	73.8896	0	0	0	0	0	0	0	1	0	0	0	0	0	0	0	0	217	0	217	0	0	0	0	0	0	0	1	0	0	0	0	0	0	0	0	0	0	0	0	0	0	0	0	0	0	0	0	0	0	0	0	0	0	0	0	0	0	0	0	0	0	0	0	0	0	0
154	0	0	0	0	0	0	0	0	595	0	595	0	0	0	0	0	0	0	0.170516	0	0.170516	0	0	0	0	0	0	0	1	0	0	0	0	0	0	0	0	76	0	76	0	0	0	0	0	0	0	1	0	0	0	0	0	0	0	0	72.8287	0	72.8287	0	0	0	0	0	0	0	1	0	0	0	0	0	0	0	0	213	0	213	0	0	0	0	0	0	0	1	0	0	0	0	0	0	0	0	0	0	0	0	0	0	0	0	0	0	0	0	0	0	0	0	0	0	0	0	0	0	0	0	0	0	0	0	0	0	0
155	0	0	0	0	0	0	0	0	590	0	590	0	0	0	0	0	0	0	0.133817	0	0.133817	0	0	0	0	0	0	0	1	0	0	0	0	0	0	0	0	88	0	88	0	0	0	0	0	0	0	1	0	0	0	0	0	0	0	0	71.6322	0	71.6322	0	0	0	0	0	0	0	1	0	0	0	0	0	0	0	0	209	0	209	0	0	0	0	0	0	0	1	0	0	0	0	0	0	0	0	0	0	0	0	0	0	0	0	0	0	0	0	0	0	0	0	0	0	0	0	0	0	0	0	0	0	0	0	0	0	0
156	0	0	0	0	0	0	0	0	560	0	560	0	0	0	0	0	0	0	0.160756	0	0.160756	0	0	0	0	0	0	0	1	0	0	0	0	0	0	0	0	104	0	104	0	0	0	0	0	0	0	1	0	0	0	0	0	0	0	0	69.9253	0	69.9253	0	0	0	0	0	0	0	1	0	0	0	0	0	0	0	0	211	0	211	0	0	0	0	0	0	0	1	0	0	0	0	0	0	0	0	0	0	0	0	0	0	0	0	0	0	0	0	0	0	0	0	0	0	0	0	0	0	0	0	0	0	0	0	0	0	0
157	0	0	0	0	0	0	0	0	551	0	551	0	0	0	0	0	0	0	0.19695	0	0.19695	0	0	0	0	0	0	0	1	0	0	0	0	0	0	0	0	111	0	111	0	0	0	0	0	0	0	1	0	0	0	0	0	0	0	0	67.4637	0	67.4637	0	0	0	0	0	0	0	1	0	0	0	0	0	0	0	0	217	0	217	0	0	0	0	0	0	0	1	0	0	0	0	0	0	0	0	0	0	0	0	0	0	0	0	0	0	0	0	0	0	0	0	0	0	0	0	0	0	0	0	0	0	0	0	0	0	0
158	0	0	0	0	0	0	0	0	562	0	562	0	0	0	0	0	0	0	0.228787	0	0.228787	0	0	0	0	0	0	0	1	0	0	0	0	0	0	0	0	109	0	109	0	0	0	0	0	0	0	1	0	0	0	0	0	0	0	0	67.105	0	67.105	0	0	0	0	0	0	0	1	0	0	0	0	0	0	0	0	223	0	223	0	0	0	0	0	0	0	1	0	0	0	0	0	0	0	0	0	0	0	0	0	0	0	0	0	0	0	0	0	0	0	0	0	0	0	0	0	0	0	0	0	0	0	0	0	0	0
159	0	0	0	0	0	0	0	0	574	0	574	0	0	0	0	0	0	0	0.225581	0	0.225581	0	0	0	0	0	0	0	1	0	0	0	0	0	0	0	0	97	0	97	0	0	0	0	0	0	0	1	0	0	0	0	0	0	0	0	65.3136	0	65.3136	0	0	0	0	0	0	0	1	0	0	0	0	0	0	0	0	233	0	233	0	0	0	0	0	0	0	1	0	0	0	0	0	0	0	0	0	0	0	0	0	0	0	0	0	0	0	0	0	0	0	0	0	0	0	0	0	0	0	0	0	0	0	0	0	0	0
160	0	0	0	0	0	0	0	0	586	0	586	0	0	0	0	0	0	0	0.183511	0	0.183511	0	0	0	0	0	0	0	1	0	0	0	0	0	0	0	0	109	0	109	0	0	0	0	0	0	0	1	0	0	0	0	0	0	0	0	66.9567	0	66.9567	0	0	0	0	0	0	0	1	0	0	0	0	0	0	0	0	251	0	251	0	0	0	0	0	0	0	1	0	0	0	0	0	0	0	0	0	0	0	0	0	0	0	0	0	0	0	0	0	0	0	0	0	0	0	0	0	0	0	0	0	0	0	0	0	0	0
161	0	0	0	0	0	0	0	0	593	0	593	0	0	0	0	0	0	0	0.189539	0	0.189539	0	0	0	0	0	0	0	1	0	0	0	0	0	0	0	0	120	0	120	0	0	0	0	0	0	0	1	0	0	0	0	0	0	0	0	68.5643	0	68.5643	0	0	0	0	0	0	0	1	0	0	0	0	0	0	0	0	260	0	260	0	0	0	0	0	0	0	1	0	0	0	0	0	0	0	0	0	0	0	0	0	0	0	0	0	0	0	0	0	0	0	0	0	0	0	0	0	0	0	0	0	0	0	0	0	0	0
162	0	0	0	0	0	0	0	0	585	0	585	0	0	0	0	0	0	0	0.236129	0	0.236129	0	0	0	0	0	0	0	1	0	0	0	0	0	0	0	0	132	0	132	0	0	0	0	0	0	0	1	0	0	0	0	0	0	0	0	66.1382	0	66.1382	0	0	0	0	0	0	0	1	0	0	0	0	0	0	0	0	262	0	262	0	0	0	0	0	0	0	1	0	0	0	0	0	0	0	0	0	0	0	0	0	0	0	0	0	0	0	0	0	0	0	0	0	0	0	0	0	0	0	0	0	0	0	0	0	0	0
163	0	0	0	0	0	0	0	0	594	0	594	0	0	0	0	0	0	0	0.249909	0	0.249909	0	0	0	0	0	0	0	1	0	0	0	0	0	0	0	0	156	0	156	0	0	0	0	0	0	0	1	0	0	0	0	0	0	0	0	63.38	0	63.38	0	0	0	0	0	0	0	1	0	0	0	0	0	0	0	0	271	0	271	0	0	0	0	0	0	0	1	0	0	0	0	0	0	0	0	0	0	0	0	0	0	0	0	0	0	0	0	0	0	0	0	0	0	0	0	0	0	0	0	0	0	0	0	0	0	0
164	0	0	0	0	0	0	0	0	606	0	606	0	0	0	0	0	0	0	0.305202	0	0.305202	0	0	0	0	0	0	0	1	0	0	0	0	0	0	0	0	165	0	165	0	0	0	0	0	0	0	1	0	0	0	0	0	0	0	0	66.7579	0	66.7579	0	0	0	0	0	0	0	1	0	0	0	0	0	0	0	0	284	0	284	0	0	0	0	0	0	0	1	0	0	0	0	0	0	0	0	0	0	0	0	0	0	0	0	0	0	0	0	0	0	0	0	0	0	0	0	0	0	0	0	0	0	0	0	0	0	0
165	0	0	0	0	0	0	0	0	584	0	584	0	0	0	0	0	0	0	0.32994	0	0.32994	0	0	0	0	0	0	0	1	0	0	0	0	0	0	0	0	172	0	172	0	0	0	0	0	0	0	1	0	0	0	0	0	0	0	0	66.3263	0	66.3263	0	0	0	0	0	0	0	1	0	0	0	0	0	0	0	0	289	0	289	0	0	0	0	0	0	0	1	0	0	0	0	0	0	0	0	0	0	0	0	0	0	0	0	0	0	0	0	0	0	0	0	0	0	0	0	0	0	0	0	0	0	0	0	0	0	0
166	0	0	0	0	0	0	0	0	593	0	593	0	0	0	0	0	0	0	0.295273	0	0.295273	0	0	0	0	0	0	0	1	0	0	0	0	0	0	0	0	166	0	166	0	0	0	0	0	0	0	1	0	0	0	0	0	0	0	0	68.9751	0	68.9751	0	0	0	0	0	0	0	1	0	0	0	0	0	0	0	0	311	0	311	0	0	0	0	0	0	0	1	0	0	0	0	0	0	0	0	0	0	0	0	0	0	0	0	0	0	0	0	0	0	0	0	0	0	0	0	0	0	0	0	0	0	0	0	0	0	0
167	0	0	0	0	0	0	0	0	588	0	588	0	0	0	0	0	0	0	0.384549	0	0.384549	0	0	0	0	0	0	0	1	0	0	0	0	0	0	0	0	168	0	168	0	0	0	0	0	0	0	1	0	0	0	0	0	0	0	0	69.2468	0	69.2468	0	0	0	0	0	0	0	1	0	0	0	0	0	0	0	0	313	0	313	0	0	0	0	0	0	0	1	0	0	0	0	0	0	0	0	0	0	0	0	0	0	0	0	0	0	0	0	0	0	0	0	0	0	0	0	0	0	0	0	0	0	0	0	0	0	0
168	0	0	0	0	0	0	0	0	555	0	555	0	0	0	0	0	0	0	0.385368	0	0.385368	0	0	0	0	0	0	0	1	0	0	0	0	0	0	0	0	154	0	154	0	0	0	0	0	0	0	1	0	0	0	0	0	0	0	0	69.1279	0	69.1279	0	0	0	0	0	0	0	1	0	0	0	0	0	0	0	0	323	0	323	0	0	0	0	0	0	0	1	0	0	0	0	0	0	0	0	0	0	0	0	0	0	0	0	0	0	0	0	0	0	0	0	0	0	0	0	0	0	0	0	0	0	0	0	0	0	0
169	0	0	0	0	0	0	0	0	570	0	570	0	0	0	0	0	0	0	0.335769	0	0.335769	0	0	0	0	0	0	0	1	0	0	0	0	0	0	0	0	136	0	136	0	0	0	0	0	0	0	1	0	0	0	0	0	0	0	0	72.0784	0	72.0784	0	0	0	0	0	0	0	1	0	0	0	0	0	0	0	0	332	0	332	0	0	0	0	0	0	0	1	0	0	0	0	0	0	0	0	0	0	0	0	0	0	0	0	0	0	0	0	0	0	0	0	0	0	0	0	0	0	0	0	0	0	0	0	0	0	0
170	0	0	0	0	0	0	0	0	555	0	555	0	0	0	0	0	0	0	0.293544	0	0.293544	0	0	0	0	0	0	0	1	0	0	0	0	0	0	0	0	124	0	124	0	0	0	0	0	0	0	1	0	0	0	0	0	0	0	0	73.1555	0	73.1555	0	0	0	0	0	0	0	1	0	0	0	0	0	0	0	0	335	0	335	0	0	0	0	0	0	0	1	0	0	0	0	0	0	0	0	0	0	0	0	0	0	0	0	0	0	0	0	0	0	0	0	0	0	0	0	0	0	0	0	0	0	0	0	0	0	0
171	0	0	0	0	0	0	0	0	555	0	555	0	0	0	0	0	0	0	0.285592	0	0.285592	0	0	0	0	0	0	0	1	0	0	0	0	0	0	0	0	105	0	105	0	0	0	0	0	0	0	1	0	0	0	0	0	0	0	0	75.0052	0	75.0052	0	0	0	0	0	0	0	1	0	0	0	0	0	0	0	0	330	0	330	0	0	0	0	0	0	0	1	0	0	0	0	0	0	0	0	0	0	0	0	0	0	0	0	0	0	0	0	0	0	0	0	0	0	0	0	0	0	0	0	0	0	0	0	0	0	0
172	0	0	0	0	0	0	0	0	543	0	543	0	0	0	0	0	0	0	0.230525	0	0.230525	0	0	0	0	0	0	0	1	0	0	0	0	0	0	0	0	85	0	85	0	0	0	0	0	0	0	1	0	0	0	0	0	0	0	0	77.5735	0	77.5735	0	0	0	0	0	0	0	1	0	0	0	0	0	0	0	0	332	0	332	0	0	0	0	0	0	0	1	0	0	0	0	0	0	0	0	0	0	0	0	0	0	0	0	0	0	0	0	0	0	0	0	0	0	0	0	0	0	0	0	0	0	0	0	0	0	0
173	0	0	0	0	0	0	0	0	547	0	547	0	0	0	0	0	0	0	0.167243	0	0.167243	0	0	0	0	0	0	0	1	0	0	0	0	0	0	0	0	67	0	67	0	0	0	0	0	0	0	1	0	0	0	0	0	0	0	0	79.9596	0	79.9596	0	0	0	0	0	0	0	1	0	0	0	0	0	0	0	0	319	0	319	0	0	0	0	0	0	0	1	0	0	0	0	0	0	0	0	0	0	0	0	0	0	0	0	0	0	0	0	0	0	0	0	0	0	0	0	0	0	0	0	0	0	0	0	0	0	0
174	0	0	0	0	0	0	0	0	569	0	569	0	0	0	0	0	0	0	0.161172	0	0.161172	0	0	0	0	0	0	0	1	0	0	0	0	0	0	0	0	59	0	59	0	0	0	0	0	0	0	1	0	0	0	0	0	0	0	0	82.966	0	82.966	0	0	0	0	0	0	0	1	0	0	0	0	0	0	0	0	312	0	312	0	0	0	0	0	0	0	1	0	0	0	0	0	0	0	0	0	0	0	0	0	0	0	0	0	0	0	0	0	0	0	0	0	0	0	0	0	0	0	0	0	0	0	0	0	0	0
175	0	0	0	0	0	0	0	0	569	0	569	0	0	0	0	0	0	0	0.141177	0	0.141177	0	0	0	0	0	0	0	1	0	0	0	0	0	0	0	0	46	0	46	0	0	0	0	0	0	0	1	0	0	0	0	0	0	0	0	83.4475	0	83.4475	0	0	0	0	0	0	0	1	0	0	0	0	0	0	0	0	303	0	303	0	0	0	0	0	0	0	1	0	0	0	0	0	0	0	0	0	0	0	0	0	0	0	0	0	0	0	0	0	0	0	0	0	0	0	0	0	0	0	0	0	0	0	0	0	0	0
176	0	0	0	0	0	0	0	0	557	0	557	0	0	0	0	0	0	0	0.119326	0	0.119326	0	0	0	0	0	0	0	1	0	0	0	0	0	0	0	0	37	0	37	0	0	0	0	0	0	0	1	0	0	0	0	0	0	0	0	85.0545	0	85.0545	0	0	0	0	0	0	0	1	0	0	0	0	0	0	0	0	298	0	298	0	0	0	0	0	0	0	1	0	0	0	0	0	0	0	0	0	0	0	0	0	0	0	0	0	0	0	0	0	0	0	0	0	0	0	0	0	0	0	0	0	0	0	0	0	0	0
177	0	0	0	0	0	0	0	0	571	0	571	0	0	0	0	0	0	0	0.0827558	0	0.0827558	0	0	0	0	0	0	0	1	0	0	0	0	0	0	0	0	26	0	26	0	0	0	0	0	0	0	1	0	0	0	0	0	0	0	0	85.6379	0	85.6379	0	0	0	0	0	0	0	1	0	0	0	0	0	0	0	0	291	0	291	0	0	0	0	0	0	0	1	0	0	0	0	0	0	0	0	0	0	0	0	0	0	0	0	0	0	0	0	0	0	0	0	0	0	0	0	0	0	0	0	0	0	0	0	0	0	0
178	0	0	0	0	0	0	0	0	558	0	558	0	0	0	0	0	0	0	0.0757995	0	0.0757995	0	0	0	0	0	0	0	1	0	0	0	0	0	0	0	0	22	0	22	0	0	0	0	0	0	0	1	0	0	0	0	0	0	0	0	86.1441	0	86.1441	0	0	0	0	0	0	0	1	0	0	0	0	0	0	0	0	281	0	281	0	0	0	0	0	0	0	1	0	0	0	0	0	0	0	0	0	0	0	0	0	0	0	0	0	0	0	0	0	0	0	0	0	0	0	0	0	0	0	0	0	0	0	0	0	0	0
179	0	0	0	0	0	0	0	0	594	0	594	0	0	0	0	0	0	0	0.0678895	0	0.0678895	0	0	0	0	0	0	0	1	0	0	0	0	0	0	0	0	19	0	19	0	0	0	0	0	0	0	1	0	0	0	0	0	0	0	0	87.4682	0	87.4682	0	0	0	0	0	0	0	1	0	0	0	0	0	0	0	0	272	0	272	0	0	0	0	0	0	0	1	0	0	0	0	0	0	0	0	0	0	0	0	0	0	0	0	0	0	0	0	0	0	0	0	0	0	0	0	0	0	0	0	0	0	0	0	0	0	0
180	0	0	0	0	0	0	0	0	584	0	584	0	0	0	0	0	0	0	0.0616501	0	0.0616501	0	0	0	0	0	0	0	1	0	0	0	0	0	0	0	0	16	0	16	0	0	0	0	0	0	0	1	0	0	0	0	0	0	0	0	88.6117	0	88.6117	0	0	0	0	0	0	0	1	0	0	0	0	0	0	0	0	263	0	263	0	0	0	0	0	0	0	1	0	0	0	0	0	0	0	0	0	0	0	0	0	0	0	0	0	0	0	0	0	0	0	0	0	0	0	0	0	0	0	0	0	0	0	0	0	0	0
181	0	0	0	0	0	0	0	0	595	0	595	0	0	0	0	0	0	0	0.0354932	0	0.0354932	0	0	0	0	0	0	0	1	0	0	0	0	0	0	0	0	10	0	10	0	0	0	0	0	0	0	1	0	0	0	0	0	0	0	0	90.739	0	90.739	0	0	0	0	0	0	0	1	0	0	0	0	0	0	0	0	259	0	259	0	0	0	0	0	0	0	1	0	0	0	0	0	0	0	0	0	0	0	0	0	0	0	0	0	0	0	0	0	0	0	0	0	0	0	0	0	0	0	0	0	0	0	0	0	0	0
182	0	0	0	0	0	0	0	0	580	0	580	0	0	0	0	0	0	0	0.0109057	0	0.0109057	0	0	0	0	0	0	0	1	0	0	0	0	0	0	0	0	5	0	5	0	0	0	0	0	0	0	1	0	0	0	0	0	0	0	0	88.8639	0	88.8639	0	0	0	0	0	0	0	1	0	0	0	0	0	0	0	0	250	0	250	0	0	0	0	0	0	0	1	0	0	0	0	0	0	0	0	0	0	0	0	0	0	0	0	0	0	0	0	0	0	0	0	0	0	0	0	0	0	0	0	0	0	0	0	0	0	0
183	0	0	0	0	0	0	0	0	554	0	554	0	0	0	0	0	0	0	0.00714655	0	0.00714655	0	0	0	0	0	0	0	1	0	0	0	0	0	0	0	0	3	0	3	0	0	0	0	0	0	0	1	0	0	0	0	0	0	0	0	82.9197	0	82.9197	0	0	0	0	0	0	0	1	0	0	0	0	0	0	0	0	231	0	231	0	0	0	0	0	0	0	1	0	0	0	0	0	0	0	0	0	0	0	0	0	0	0	0	0	0	0	0	0	0	0	0	0	0	0	0	0	0	0	0	0	0	0	0	0	0	0
184	0	0	0	0	0	0	0	0	565	0	565	0	0	0	0	0	0	0	0.0123265	0	0.0123265	0	0	0	0	0	0	0	1	0	0	0	0	0	0	0	0	3	0	3	0	0	0	0	0	0	0	1	0	0	0	0	0	0	0	0	82.1008	0	82.1008	0	0	0	0	0	0	0	1	0	0	0	0	0	0	0	0	214	0	214	0	0	0	0	0	0	0	1	0	0	0	0	0	0	0	0	0	0	0	0	0	0	0	0	0	0	0	0	0	0	0	0	0	0	0	0	0	0	0	0	0	0	0	0	0	0	0
185	0	0	0	0	0	0	0	0	569	0	569	0	0	0	0	0	0	0	0.0087214	0	0.0087214	0	0	0	0	0	0	0	1	0	0	0	0	0	0	0	0	2	0	2	0	0	0	0	0	0	0	1	0	0	0	0	0	0	0	0	83.2028	0	83.2028	0	0	0	0	0	0	0	1	0	0	0	0	0	0	0	0	209	0	209	0	0	0	0	0	0	0	1	0	0	0	0	0	0	0	0	0	0	0	0	0	0	0	0	0	0	0	0	0	0	0	0	0	0	0	0	0	0	0	0	0	0	0	0	0	0	0
186	0	0	0	0	0	0	0	0	600	0	600	0	0	0	0	0	0	0	0.0120529	0	0.0120529	0	0	0	0	0	0	0	1	0	0	0	0	0	0	0	0	3	0	3	0	0	0	0	0	0	0	1	0	0	0	0	0	0	0	0	87.0364	0	87.0364	0	0	0	0	0	0	0	1	0	0	0	0	0	0	0	0	207	0	207	0	0	0	0	0	0	0	1	0	0	0	0	0	0	0	0	0	0	0	0	0	0	0	0	0	0	0	0	0	0	0	0	0	0	0	0	0	0	0	0	0	0	0	0	0	0	0
187	0	0	0	0	0	0	0	0	589	0	589	0	0	0	0	0	0	0	0.00684513	0	0.00684513	0	0	0	0	0	0	0	1	0	0	0	0	0	0	0	0	4	0	4	0	0	0	0	0	0	0	1	0	0	0	0	0	0	0	0	86.8498	0	86.8498	0	0	0	0	0	0	0	1	0	0	0	0	0	0	0	0	198	0	198	0	0	0	0	0	0	0	1	0	0	0	0	0	0	0	0	0	0	0	0	0	0	0	0	0	0	0	0	0	0	0	0	0	0	0	0	0	0	0	0	0	0	0	0	0	0	0
188	0	0	0	0	0	0	0	0	597	0	597	0	0	0	0	0	0	0	0.00976027	0	0.00976027	0	0	0	0	0	0	0	1	0	0	0	0	0	0	0	0	4	0	4	0	0	0	0	0	0	0	1	0	0	0	0	0	0	0	0	87.6176	0	87.6176	0	0	0	0	0	0	0	1	0	0	0	0	0	0	0	0	193	0	193	0	0	0	0	0	0	0	1	0	0	0	0	0	0	0	0	0	0	0	0	0	0	0	0	0	0	0	0	0	0	0	0	0	0	0	0	0	0	0	0	0	0	0	0	0	0	0
189	0	0	0	0	0	0	0	0	585	0	585	0	0	0	0	0	0	0	0.017076	0	0.017076	0	0	0	0	0	0	0	1	0	0	0	0	0	0	0	0	4	0	4	0	0	0	0	0	0	0	1	0	0	0	0	0	0	0	0	86.5727	0	86.5727	0	0	0	0	0	0	0	1	0	0	0	0	0	0	0	0	182	0	182	0	0	0	0	0	0	0	1	0	0	0	0	0	0	0	0	0	0	0	0	0	0	0	0	0	0	0	0	0	0	0	0	0	0	0	0	0	0	0	0	0	0	0	0	0	0	0
190	0	0	0	0	0	0	0	0	589	0	589	0	0	0	0	0	0	0	0.000362573	0	0.000362573	0	0	0	0	0	0	0	1	0	0	0	0	0	0	0	0	2	0	2	0	0	0	0	0	0	0	1	0	0	0	0	0	0	0	0	86.6164	0	86.6164	0	0	0	0	0	0	0	1	0	0	0	0	0	0	0	0	177	0	177	0	0	0	0	0	0	0	1	0	0	0	0	0	0	0	0	0	0	0	0	0	0	0	0	0	0	0	0	0	0	0	0	0	0	0	0	0	0	0	0	0	0	0	0	0	0	0
191	0	0	0	0	0	0	0	0	579	0	579	0	0	0	0	0	0	0	0.000801418	0	0.000801418	0	0	0	0	0	0	0	1	0	0	0	0	0	0	0	0	2	0	2	0	0	0	0	0	0	0	1	0	0	0	0	0	0	0	0	85.3621	0	85.3621	0	0	0	0	0	0	0	1	0	0	0	0	0	0	0	0	165	0	165	0	0	0	0	0	0	0	1	0	0	0	0	0	0	0	0	0	0	0	0	0	0	0	0	0	0	0	0	0	0	0	0	0	0	0	0	0	0	0	0	0	0	0	0	0	0	0
192	0	0	0	0	0	0	0	0	601	0	601	0	0	0	0	0	0	0	0.00229568	0	0.00229568	0	0	0	0	0	0	0	1	0	0	0	0	0	0	0	0	4	0	4	0	0	0	0	0	0	0	1	0	0	0	0	0	0	0	0	85.6157	0	85.6157	0	0	0	0	0	0	0	1	0	0	0	0	0	0	0	0	157	0	157	0	0	0	0	0	0	0	1	0	0	0	0	0	0	0	0	0	0	0	0	0	0	0	0	0	0	0	0	0	0	0	0	0	0	0	0	0	0	0	0	0	0	0	0	0	0	0
193	0	0	0	0	0	0	0	0	616	0	616	0	0	0	0	0	0	0	0.00557726	0	0.00557726	0	0	0	0	0	0	0	1	0	0	0	0	0	0	0	0	4	0	4	0	0	0	0	0	0	0	1	0	0	0	0	0	0	0	0	86.6135	0	86.6135	0	0	0	0	0	0	0	1	0	0	0	0	0	0	0	0	152	0	152	0	0	0	0	0	0	0	1	0	0	0	0	0	0	0	0	0	0	0	0	0	0	0	0	0	0	0	0	0	0	0	0	0	0	0	0	0	0	0	0	0	0	0	0	0	0	0
194	0	0	0	0	0	0	0	0	598	0	598	0	0	0	0	0	0	0	0.012373	0	0.012373	0	0	0	0	0	0	0	1	0	0	0	0	0	0	0	0	7	0	7	0	0	0	0	0	0	0	1	0	0	0	0	0	0	0	0	83.8472	0	83.8472	0	0	0	0	0	0	0	1	0	0	0	0	0	0	0	0	145	0	145	0	0	0	0	0	0	0	1	0	0	0	0	0	0	0	0	0	0	0	0	0	0	0	0	0	0	0	0	0	0	0	0	0	0	0	0	0	0	0	0	0	0	0	0	0	0	0
195	0	0	0	0	0	0	0	0	554	0	554	0	0	0	0	0	0	0	0.0162236	0	0.0162236	0	0	0	0	0	0	0	1	0	0	0	0	0	0	0	0	10	0	10	0	0	0	0	0	0	0	1	0	0	0	0	0	0	0	0	76.7505	0	76.7505	0	0	0	0	0	0	0	1	0	0	0	0	0	0	0	0	135	0	135	0	0	0	0	0	0	0	1	0	0	0	0	0	0	0	0	0	0	0	0	0	0	0	0	0	0	0	0	0	0	0	0	0	0	0	0	0	0	0	0	0	0	0	0	0	0	0
196	0	0	0	0	0	0	0	0	588	0	588	0	0	0	0	0	0	0	0.00683153	0	0.00683153	0	0	0	0	0	0	0	1	0	0	0	0	0	0	0	0	17	0	17	0	0	0	0	0	0	0	1	0	0	0	0	0	0	0	0	76.9563	0	76.9563	0	0	0	0	0	0	0	1	0	0	0	0	0	0	0	0	130	0	130	0	0	0	0	0	0	0	1	0	0	0	0	0	0	0	0	0	0	0	0	0	0	0	0	0	0	0	0	0	0	0	0	0	0	0	0	0	0	0	0	0	0	0	0	0	0	0
197	0	0	0	0	0	0	0	0	607	0	607	0	0	0	0	0	0	0	0.0191785	0	0.0191785	0	0	0	0	0	0	0	1	0	0	0	0	0	0	0	0	20	0	20	0	0	0	0	0	0	0	1	0	0	0	0	0	0	0	0	75.9623	0	75.9623	0	0	0	0	0	0	0	1	0	0	0	0	0	0	0	0	122	0	122	0	0	0	0	0	0	0	1	0	0	0	0	0	0	0	0	0	0	0	0	0	0	0	0	0	0	0	0	0	0	0	0	0	0	0	0	0	0	0	0	0	0	0	0	0	0	0
198	0	0	0	0	0	0	0	0	603	0	603	0	0	0	0	0	0	0	0.0370593	0	0.0370593	0	0	0	0	0	0	0	1	0	0	0	0	0	0	0	0	27	0	27	0	0	0	0	0	0	0	1	0	0	0	0	0	0	0	0	76.8393	0	76.8393	0	0	0	0	0	0	0	1	0	0	0	0	0	0	0	0	119	0	119	0	0	0	0	0	0	0	1	0	0	0	0	0	0	0	0	0	0	0	0	0	0	0	0	0	0	0	0	0	0	0	0	0	0	0	0	0	0	0	0	0	0	0	0	0	0	0
199	0	0	0	0	0	0	0	0	595	0	595	0	0	0	0	0	0	0	0.0397524	0	0.0397524	0	0	0	0	0	0	0	1	0	0	0	0	0	0	0	0	35	0	35	0	0	0	0	0	0	0	1	0	0	0	0	0	0	0	0	74.7087	0	74.7087	0	0	0	0	0	0	0	1	0	0	0	0	0	0	0	0	118	0	118	0	0	0	0	0	0	0	1	0	0	0	0	0	0	0	0	0	0	0	0	0	0	0	0	0	0	0	0	0	0	0	0	0	0	0	0	0	0	0	0	0	0	0	0	0	0	0
200	0	0	0	0	0	0	0	0	612	0	612	0	0	0	0	0	0	0	0.0589016	0	0.0589016	0	0	0	0	0	0	0	1	0	0	0	0	0	0	0	0	46	0	46	0	0	0	0	0	0	0	1	0	0	0	0	0	0	0	0	74.6593	0	74.6593	0	0	0	0	0	0	0	1	0	0	0	0	0	0	0	0	116	0	116	0	0	0	0	0	0	0	1	0	0	0	0	0	0	0	0	0	0	0	0	0	0	0	0	0	0	0	0	0	0	0	0	0	0	0	0	0	0	0	0	0	0	0	0	0	0	0
