Location: Fake forest
From parameter file: C:\Users\ben\Desktop\inputs\input_GMF_0-0-0-1-0-0-0-0-0.xml
Basal area is normalized to m^2/ha; density to #/ha.
Subplots:
0 = Whole plot
Step	Subplot	Sdl Abs Den: ACRU	Sdl Abs Den: ACSA	Sdl Abs Den: BEAL	Sdl Abs Den: FAGR	Sdl Abs Den: TSCA	Sdl Abs Den: FRAM	Sdl Abs Den: PIST	Sdl Abs Den: PRSE	Sdl Abs Den: QURU	Sdl Den Total:	Sapl Abs BA: ACRU	Sapl Abs BA: ACSA	Sapl Abs BA: BEAL	Sapl Abs BA: FAGR	Sapl Abs BA: TSCA	Sapl Abs BA: FRAM	Sapl Abs BA: PIST	Sapl Abs BA: PRSE	Sapl Abs BA: QURU	Sapl BA Total:	Sapl Rel BA: ACRU	Sapl Rel BA: ACSA	Sapl Rel BA: BEAL	Sapl Rel BA: FAGR	Sapl Rel BA: TSCA	Sapl Rel BA: FRAM	Sapl Rel BA: PIST	Sapl Rel BA: PRSE	Sapl Rel BA: QURU	Sapl Abs Den: ACRU	Sapl Abs Den: ACSA	Sapl Abs Den: BEAL	Sapl Abs Den: FAGR	Sapl Abs Den: TSCA	Sapl Abs Den: FRAM	Sapl Abs Den: PIST	Sapl Abs Den: PRSE	Sapl Abs Den: QURU	Sapl Den Total:	Sapl Rel Den: ACRU	Sapl Rel Den: ACSA	Sapl Rel Den: BEAL	Sapl Rel Den: FAGR	Sapl Rel Den: TSCA	Sapl Rel Den: FRAM	Sapl Rel Den: PIST	Sapl Rel Den: PRSE	Sapl Rel Den: QURU	Adult Abs BA: ACRU	Adult Abs BA: ACSA	Adult Abs BA: BEAL	Adult Abs BA: FAGR	Adult Abs BA: TSCA	Adult Abs BA: FRAM	Adult Abs BA: PIST	Adult Abs BA: PRSE	Adult Abs BA: QURU	Adult BA Total:	Adult Rel BA: ACRU	Adult Rel BA: ACSA	Adult Rel BA: BEAL	Adult Rel BA: FAGR	Adult Rel BA: TSCA	Adult Rel BA: FRAM	Adult Rel BA: PIST	Adult Rel BA: PRSE	Adult Rel BA: QURU	Adult Abs Den: ACRU	Adult Abs Den: ACSA	Adult Abs Den: BEAL	Adult Abs Den: FAGR	Adult Abs Den: TSCA	Adult Abs Den: FRAM	Adult Abs Den: PIST	Adult Abs Den: PRSE	Adult Abs Den: QURU	Adult Den Total:	Adult Rel Den: ACRU	Adult Rel Den: ACSA	Adult Rel Den: BEAL	Adult Rel Den: FAGR	Adult Rel Den: TSCA	Adult Rel Den: FRAM	Adult Rel Den: PIST	Adult Rel Den: PRSE	Adult Rel Den: QURU	Snag Abs BA: ACRU	Snag Abs BA: ACSA	Snag Abs BA: BEAL	Snag Abs BA: FAGR	Snag Abs BA: TSCA	Snag Abs BA: FRAM	Snag Abs BA: PIST	Snag Abs BA: PRSE	Snag Abs BA: QURU	Snag BA Total:	Snag Rel BA: ACRU	Snag Rel BA: ACSA	Snag Rel BA: BEAL	Snag Rel BA: FAGR	Snag Rel BA: TSCA	Snag Rel BA: FRAM	Snag Rel BA: PIST	Snag Rel BA: PRSE	Snag Rel BA: QURU	Snag Abs Den: ACRU	Snag Abs Den: ACSA	Snag Abs Den: BEAL	Snag Abs Den: FAGR	Snag Abs Den: TSCA	Snag Abs Den: FRAM	Snag Abs Den: PIST	Snag Abs Den: PRSE	Snag Abs Den: QURU	Snag Den Total:	Snag Rel Den: ACRU	Snag Rel Den: ACSA	Snag Rel Den: BEAL	Snag Rel Den: FAGR	Snag Rel Den: TSCA	Snag Rel Den: FRAM	Snag Rel Den: PIST	Snag Rel Den: PRSE	Snag Rel Den: QURU
0	0	0	0	0	0	0	0	0	0	0	0	0	0	0	0.000981564	0	0	0	0	0	0.000981564	0	0	0	1	0	0	0	0	0	0	0	0	25	0	0	0	0	0	25	0	0	0	1	0	0	0	0	0	0	0	0	0	0	0	0	0	0	0	0	0	0	0	0	0	0	0	0	0	0	0	0	0	0	0	0	0	0	0	0	0	0	0	0	0	0	0	0	0	0	0	0	0	0	0	0	0	0	0	0	0	0	0	0	0	0	0	0	0	0	0	0	0	0	0	0	0	0	0	0	0	0	0	0	0
1	0	0	0	0	0	0	0	0	0	0	0	0	0	0	0.00362497	0	0	0	0	0	0.00362497	0	0	0	1	0	0	0	0	0	0	0	0	24	0	0	0	0	0	24	0	0	0	1	0	0	0	0	0	0	0	0	0	0	0	0	0	0	0	0	0	0	0	0	0	0	0	0	0	0	0	0	0	0	0	0	0	0	0	0	0	0	0	0	0	0	0	0	0	0	0	0	0	0	0	0	0	0	0	0	0	0	0	0	0	0	0	0	0	0	0	0	0	0	0	0	0	0	0	0	0	0	0	0	0
2	0	0	0	0	0	0	0	0	0	0	0	0	0	0	0.0145356	0	0	0	0	0	0.0145356	0	0	0	1	0	0	0	0	0	0	0	0	24	0	0	0	0	0	24	0	0	0	1	0	0	0	0	0	0	0	0	0	0	0	0	0	0	0	0	0	0	0	0	0	0	0	0	0	0	0	0	0	0	0	0	0	0	0	0	0	0	0	0	0	0	0	0	0	0	0	0	0	0	0	0	0	0	0	0	0	0	0	0	0	0	0	0	0	0	0	0	0	0	0	0	0	0	0	0	0	0	0	0	0
3	0	0	0	0	0	0	0	0	0	0	0	0	0	0	0.0545078	0	0	0	0	0	0.0545078	0	0	0	1	0	0	0	0	0	0	0	0	21	0	0	0	0	0	21	0	0	0	1	0	0	0	0	0	0	0	0	0	0	0	0	0	0	0	0	0	0	0	0	0	0	0	0	0	0	0	0	0	0	0	0	0	0	0	0	0	0	0	0	0	0	0	0	0	0	0	0	0	0	0	0	0	0	0	0	0	0	0	0	0	0	0	0	0	0	0	0	0	0	0	0	0	0	0	0	0	0	0	0	0
4	0	0	0	0	0	0	0	0	0	0	0	0	0	0	0.0303619	0	0	0	0	0	0.0303619	0	0	0	1	0	0	0	0	0	0	0	0	7	0	0	0	0	0	7	0	0	0	1	0	0	0	0	0	0	0	0	0.17518	0	0	0	0	0	0.17518	0	0	0	1	0	0	0	0	0	0	0	0	13	0	0	0	0	0	13	0	0	0	1	0	0	0	0	0	0	0	0	0	0	0	0	0	0	0	0	0	0	0	0	0	0	0	0	0	0	0	0	0	0	0	0	0	0	0	0	0	0	0	0	0	0	0
5	0	0	0	0	2	0	0	0	0	0	2	0	0	0	0	0	0	0	0	0	0	0	0	0	0	0	0	0	0	0	0	0	0	0	0	0	0	0	0	0	0	0	0	0	0	0	0	0	0	0	0	0	0.657751	0	0	0	0	0	0.657751	0	0	0	1	0	0	0	0	0	0	0	0	19	0	0	0	0	0	19	0	0	0	1	0	0	0	0	0	0	0	0	0	0	0	0	0	0	0	0	0	0	0	0	0	0	0	0	0	0	0	0	0	0	0	0	0	0	0	0	0	0	0	0	0	0	0
6	0	0	0	0	7	0	0	0	0	0	7	0	0	0	0	0	0	0	0	0	0	0	0	0	0	0	0	0	0	0	0	0	0	0	0	0	0	0	0	0	0	0	0	0	0	0	0	0	0	0	0	0	1.19723	0	0	0	0	0	1.19723	0	0	0	1	0	0	0	0	0	0	0	0	19	0	0	0	0	0	19	0	0	0	1	0	0	0	0	0	0	0	0	0	0	0	0	0	0	0	0	0	0	0	0	0	0	0	0	0	0	0	0	0	0	0	0	0	0	0	0	0	0	0	0	0	0	0
7	0	0	0	0	11	0	0	0	0	0	11	0	0	0	0	0	0	0	0	0	0	0	0	0	0	0	0	0	0	0	0	0	0	0	0	0	0	0	0	0	0	0	0	0	0	0	0	0	0	0	0	0	1.58524	0	0	0	0	0	1.58524	0	0	0	1	0	0	0	0	0	0	0	0	18	0	0	0	0	0	18	0	0	0	1	0	0	0	0	0	0	0	0	0	0	0	0	0	0	0	0	0	0	0	0	0	0	0	0	0	0	0	0	0	0	0	0	0	0	0	0	0	0	0	0	0	0	0
8	0	0	0	0	13	0	0	0	0	0	13	0	0	0	0.000109823	0	0	0	0	0	0.000109823	0	0	0	1	0	0	0	0	0	0	0	0	1	0	0	0	0	0	1	0	0	0	1	0	0	0	0	0	0	0	0	1.8149	0	0	0	0	0	1.8149	0	0	0	1	0	0	0	0	0	0	0	0	16	0	0	0	0	0	16	0	0	0	1	0	0	0	0	0	0	0	0	0	0	0	0	0	0	0	0	0	0	0	0	0	0	0	0	0	0	0	0	0	0	0	0	0	0	0	0	0	0	0	0	0	0	0
9	0	0	0	0	12	0	0	0	0	0	12	0	0	0	0.000768379	0	0	0	0	0	0.000768379	0	0	0	1	0	0	0	0	0	0	0	0	4	0	0	0	0	0	4	0	0	0	1	0	0	0	0	0	0	0	0	2.07283	0	0	0	0	0	2.07283	0	0	0	1	0	0	0	0	0	0	0	0	15	0	0	0	0	0	15	0	0	0	1	0	0	0	0	0	0	0	0	0	0	0	0	0	0	0	0	0	0	0	0	0	0	0	0	0	0	0	0	0	0	0	0	0	0	0	0	0	0	0	0	0	0	0
10	0	0	0	0	11	0	0	0	0	0	11	0	0	0	0.00335805	0	0	0	0	0	0.00335805	0	0	0	1	0	0	0	0	0	0	0	0	7	0	0	0	0	0	7	0	0	0	1	0	0	0	0	0	0	0	0	2.26646	0	0	0	0	0	2.26646	0	0	0	1	0	0	0	0	0	0	0	0	14	0	0	0	0	0	14	0	0	0	1	0	0	0	0	0	0	0	0	0	0	0	0	0	0	0	0	0	0	0	0	0	0	0	0	0	0	0	0	0	0	0	0	0	0	0	0	0	0	0	0	0	0	0
11	0	0	0	0	14	0	0	0	0	0	14	0	0	0	0.012999	0	0	0	0	0	0.012999	0	0	0	1	0	0	0	0	0	0	0	0	8	0	0	0	0	0	8	0	0	0	1	0	0	0	0	0	0	0	0	2.41525	0	0	0	0	0	2.41525	0	0	0	1	0	0	0	0	0	0	0	0	13	0	0	0	0	0	13	0	0	0	1	0	0	0	0	0	0	0	0	0	0	0	0	0	0	0	0	0	0	0	0	0	0	0	0	0	0	0	0	0	0	0	0	0	0	0	0	0	0	0	0	0	0	0
12	0	0	0	0	17	0	0	0	0	0	17	0	0	0	0.0253691	0	0	0	0	0	0.0253691	0	0	0	1	0	0	0	0	0	0	0	0	10	0	0	0	0	0	10	0	0	0	1	0	0	0	0	0	0	0	0	2.75752	0	0	0	0	0	2.75752	0	0	0	1	0	0	0	0	0	0	0	0	14	0	0	0	0	0	14	0	0	0	1	0	0	0	0	0	0	0	0	0	0	0	0	0	0	0	0	0	0	0	0	0	0	0	0	0	0	0	0	0	0	0	0	0	0	0	0	0	0	0	0	0	0	0
13	0	0	0	0	22	0	0	0	0	0	22	0	0	0	0.0145173	0	0	0	0	0	0.0145173	0	0	0	1	0	0	0	0	0	0	0	0	9	0	0	0	0	0	9	0	0	0	1	0	0	0	0	0	0	0	0	3.13109	0	0	0	0	0	3.13109	0	0	0	1	0	0	0	0	0	0	0	0	16	0	0	0	0	0	16	0	0	0	1	0	0	0	0	0	0	0	0	0	0	0	0	0	0	0	0	0	0	0	0	0	0	0	0	0	0	0	0	0	0	0	0	0	0	0	0	0	0	0	0	0	0	0
14	0	0	0	0	29	0	0	0	0	0	29	0	0	0	0.0137909	0	0	0	0	0	0.0137909	0	0	0	1	0	0	0	0	0	0	0	0	8	0	0	0	0	0	8	0	0	0	1	0	0	0	0	0	0	0	0	3.56681	0	0	0	0	0	3.56681	0	0	0	1	0	0	0	0	0	0	0	0	18	0	0	0	0	0	18	0	0	0	1	0	0	0	0	0	0	0	0	0	0	0	0	0	0	0	0	0	0	0	0	0	0	0	0	0	0	0	0	0	0	0	0	0	0	0	0	0	0	0	0	0	0	0
15	0	0	0	0	33	0	0	0	0	0	33	0	0	0	0.00535952	0	0	0	0	0	0.00535952	0	0	0	1	0	0	0	0	0	0	0	0	9	0	0	0	0	0	9	0	0	0	1	0	0	0	0	0	0	0	0	4.0554	0	0	0	0	0	4.0554	0	0	0	1	0	0	0	0	0	0	0	0	20	0	0	0	0	0	20	0	0	0	1	0	0	0	0	0	0	0	0	0	0	0	0	0	0	0	0	0	0	0	0	0	0	0	0	0	0	0	0	0	0	0	0	0	0	0	0	0	0	0	0	0	0	0
16	0	0	0	0	31	0	0	0	0	0	31	0	0	0	0.0192361	0	0	0	0	0	0.0192361	0	0	0	1	0	0	0	0	0	0	0	0	16	0	0	0	0	0	16	0	0	0	1	0	0	0	0	0	0	0	0	4.26306	0	0	0	0	0	4.26306	0	0	0	1	0	0	0	0	0	0	0	0	19	0	0	0	0	0	19	0	0	0	1	0	0	0	0	0	0	0	0	0	0	0	0	0	0	0	0	0	0	0	0	0	0	0	0	0	0	0	0	0	0	0	0	0	0	0	0	0	0	0	0	0	0	0
17	0	0	0	0	37	0	0	0	0	0	37	0	0	0	0.0248103	0	0	0	0	0	0.0248103	0	0	0	1	0	0	0	0	0	0	0	0	22	0	0	0	0	0	22	0	0	0	1	0	0	0	0	0	0	0	0	4.76382	0	0	0	0	0	4.76382	0	0	0	1	0	0	0	0	0	0	0	0	21	0	0	0	0	0	21	0	0	0	1	0	0	0	0	0	0	0	0	0	0	0	0	0	0	0	0	0	0	0	0	0	0	0	0	0	0	0	0	0	0	0	0	0	0	0	0	0	0	0	0	0	0	0
18	0	0	0	0	37	0	0	0	0	0	37	0	0	0	0.0312481	0	0	0	0	0	0.0312481	0	0	0	1	0	0	0	0	0	0	0	0	25	0	0	0	0	0	25	0	0	0	1	0	0	0	0	0	0	0	0	5.31614	0	0	0	0	0	5.31614	0	0	0	1	0	0	0	0	0	0	0	0	24	0	0	0	0	0	24	0	0	0	1	0	0	0	0	0	0	0	0	0	0	0	0	0	0	0	0	0	0	0	0	0	0	0	0	0	0	0	0	0	0	0	0	0	0	0	0	0	0	0	0	0	0	0
19	0	0	0	0	45	0	0	0	0	0	45	0	0	0	0.0426579	0	0	0	0	0	0.0426579	0	0	0	1	0	0	0	0	0	0	0	0	24	0	0	0	0	0	24	0	0	0	1	0	0	0	0	0	0	0	0	5.92191	0	0	0	0	0	5.92191	0	0	0	1	0	0	0	0	0	0	0	0	27	0	0	0	0	0	27	0	0	0	1	0	0	0	0	0	0	0	0	0	0	0	0	0	0	0	0	0	0	0	0	0	0	0	0	0	0	0	0	0	0	0	0	0	0	0	0	0	0	0	0	0	0	0
20	0	0	0	0	50	0	0	0	0	0	50	0	0	0	0.0361506	0	0	0	0	0	0.0361506	0	0	0	1	0	0	0	0	0	0	0	0	24	0	0	0	0	0	24	0	0	0	1	0	0	0	0	0	0	0	0	6.63565	0	0	0	0	0	6.63565	0	0	0	1	0	0	0	0	0	0	0	0	32	0	0	0	0	0	32	0	0	0	1	0	0	0	0	0	0	0	0	0	0	0	0	0	0	0	0	0	0	0	0	0	0	0	0	0	0	0	0	0	0	0	0	0	0	0	0	0	0	0	0	0	0	0
21	0	0	0	0	60	0	0	0	0	0	60	0	0	0	0.0405129	0	0	0	0	0	0.0405129	0	0	0	1	0	0	0	0	0	0	0	0	26	0	0	0	0	0	26	0	0	0	1	0	0	0	0	0	0	0	0	7.32416	0	0	0	0	0	7.32416	0	0	0	1	0	0	0	0	0	0	0	0	33	0	0	0	0	0	33	0	0	0	1	0	0	0	0	0	0	0	0	0	0	0	0	0	0	0	0	0	0	0	0	0	0	0	0	0	0	0	0	0	0	0	0	0	0	0	0	0	0	0	0	0	0	0
22	0	0	0	0	62	0	0	0	0	0	62	0	0	0	0.0327268	0	0	0	0	0	0.0327268	0	0	0	1	0	0	0	0	0	0	0	0	30	0	0	0	0	0	30	0	0	0	1	0	0	0	0	0	0	0	0	7.95427	0	0	0	0	0	7.95427	0	0	0	1	0	0	0	0	0	0	0	0	36	0	0	0	0	0	36	0	0	0	1	0	0	0	0	0	0	0	0	0	0	0	0	0	0	0	0	0	0	0	0	0	0	0	0	0	0	0	0	0	0	0	0	0	0	0	0	0	0	0	0	0	0	0
23	0	0	0	0	73	0	0	0	0	0	73	0	0	0	0.0410969	0	0	0	0	0	0.0410969	0	0	0	1	0	0	0	0	0	0	0	0	30	0	0	0	0	0	30	0	0	0	1	0	0	0	0	0	0	0	0	8.35065	0	0	0	0	0	8.35065	0	0	0	1	0	0	0	0	0	0	0	0	35	0	0	0	0	0	35	0	0	0	1	0	0	0	0	0	0	0	0	0	0	0	0	0	0	0	0	0	0	0	0	0	0	0	0	0	0	0	0	0	0	0	0	0	0	0	0	0	0	0	0	0	0	0
24	0	0	0	0	86	0	0	0	0	0	86	0	0	0	0.0510761	0	0	0	0	0	0.0510761	0	0	0	1	0	0	0	0	0	0	0	0	34	0	0	0	0	0	34	0	0	0	1	0	0	0	0	0	0	0	0	9.16652	0	0	0	0	0	9.16652	0	0	0	1	0	0	0	0	0	0	0	0	38	0	0	0	0	0	38	0	0	0	1	0	0	0	0	0	0	0	0	0	0	0	0	0	0	0	0	0	0	0	0	0	0	0	0	0	0	0	0	0	0	0	0	0	0	0	0	0	0	0	0	0	0	0
25	0	0	0	0	99	0	0	0	0	0	99	0	0	0	0.0625153	0	0	0	0	0	0.0625153	0	0	0	1	0	0	0	0	0	0	0	0	33	0	0	0	0	0	33	0	0	0	1	0	0	0	0	0	0	0	0	9.00852	0	0	0	0	0	9.00852	0	0	0	1	0	0	0	0	0	0	0	0	40	0	0	0	0	0	40	0	0	0	1	0	0	0	0	0	0	0	0	0	0	0	0	0	0	0	0	0	0	0	0	0	0	0	0	0	0	0	0	0	0	0	0	0	0	0	0	0	0	0	0	0	0	0
26	0	0	0	0	108	0	0	0	0	0	108	0	0	0	0.0573728	0	0	0	0	0	0.0573728	0	0	0	1	0	0	0	0	0	0	0	0	41	0	0	0	0	0	41	0	0	0	1	0	0	0	0	0	0	0	0	9.25581	0	0	0	0	0	9.25581	0	0	0	1	0	0	0	0	0	0	0	0	43	0	0	0	0	0	43	0	0	0	1	0	0	0	0	0	0	0	0	0	0	0	0	0	0	0	0	0	0	0	0	0	0	0	0	0	0	0	0	0	0	0	0	0	0	0	0	0	0	0	0	0	0	0
27	0	0	0	0	114	0	0	0	0	0	114	0	0	0	0.0661118	0	0	0	0	0	0.0661118	0	0	0	1	0	0	0	0	0	0	0	0	47	0	0	0	0	0	47	0	0	0	1	0	0	0	0	0	0	0	0	9.69721	0	0	0	0	0	9.69721	0	0	0	1	0	0	0	0	0	0	0	0	43	0	0	0	0	0	43	0	0	0	1	0	0	0	0	0	0	0	0	0	0	0	0	0	0	0	0	0	0	0	0	0	0	0	0	0	0	0	0	0	0	0	0	0	0	0	0	0	0	0	0	0	0	0
28	0	0	0	0	105	0	0	0	0	0	105	0	0	0	0.0668005	0	0	0	0	0	0.0668005	0	0	0	1	0	0	0	0	0	0	0	0	59	0	0	0	0	0	59	0	0	0	1	0	0	0	0	0	0	0	0	9.49359	0	0	0	0	0	9.49359	0	0	0	1	0	0	0	0	0	0	0	0	42	0	0	0	0	0	42	0	0	0	1	0	0	0	0	0	0	0	0	0	0	0	0	0	0	0	0	0	0	0	0	0	0	0	0	0	0	0	0	0	0	0	0	0	0	0	0	0	0	0	0	0	0	0
29	0	0	0	0	110	0	0	0	0	0	110	0	0	0	0.0882235	0	0	0	0	0	0.0882235	0	0	0	1	0	0	0	0	0	0	0	0	65	0	0	0	0	0	65	0	0	0	1	0	0	0	0	0	0	0	0	9.82854	0	0	0	0	0	9.82854	0	0	0	1	0	0	0	0	0	0	0	0	44	0	0	0	0	0	44	0	0	0	1	0	0	0	0	0	0	0	0	0	0	0	0	0	0	0	0	0	0	0	0	0	0	0	0	0	0	0	0	0	0	0	0	0	0	0	0	0	0	0	0	0	0	0
30	0	0	0	0	110	0	0	0	0	0	110	0	0	0	0.142829	0	0	0	0	0	0.142829	0	0	0	1	0	0	0	0	0	0	0	0	71	0	0	0	0	0	71	0	0	0	1	0	0	0	0	0	0	0	0	9.80002	0	0	0	0	0	9.80002	0	0	0	1	0	0	0	0	0	0	0	0	42	0	0	0	0	0	42	0	0	0	1	0	0	0	0	0	0	0	0	0	0	0	0	0	0	0	0	0	0	0	0	0	0	0	0	0	0	0	0	0	0	0	0	0	0	0	0	0	0	0	0	0	0	0
31	0	0	0	0	109	0	0	0	0	0	109	0	0	0	0.136042	0	0	0	0	0	0.136042	0	0	0	1	0	0	0	0	0	0	0	0	73	0	0	0	0	0	73	0	0	0	1	0	0	0	0	0	0	0	0	10.6478	0	0	0	0	0	10.6478	0	0	0	1	0	0	0	0	0	0	0	0	48	0	0	0	0	0	48	0	0	0	1	0	0	0	0	0	0	0	0	0	0	0	0	0	0	0	0	0	0	0	0	0	0	0	0	0	0	0	0	0	0	0	0	0	0	0	0	0	0	0	0	0	0	0
32	0	0	0	0	110	0	0	0	0	0	110	0	0	0	0.132417	0	0	0	0	0	0.132417	0	0	0	1	0	0	0	0	0	0	0	0	73	0	0	0	0	0	73	0	0	0	1	0	0	0	0	0	0	0	0	10.8111	0	0	0	0	0	10.8111	0	0	0	1	0	0	0	0	0	0	0	0	53	0	0	0	0	0	53	0	0	0	1	0	0	0	0	0	0	0	0	0	0	0	0	0	0	0	0	0	0	0	0	0	0	0	0	0	0	0	0	0	0	0	0	0	0	0	0	0	0	0	0	0	0	0
33	0	0	0	0	119	0	0	0	0	0	119	0	0	0	0.125408	0	0	0	0	0	0.125408	0	0	0	1	0	0	0	0	0	0	0	0	69	0	0	0	0	0	69	0	0	0	1	0	0	0	0	0	0	0	0	11.9388	0	0	0	0	0	11.9388	0	0	0	1	0	0	0	0	0	0	0	0	57	0	0	0	0	0	57	0	0	0	1	0	0	0	0	0	0	0	0	0	0	0	0	0	0	0	0	0	0	0	0	0	0	0	0	0	0	0	0	0	0	0	0	0	0	0	0	0	0	0	0	0	0	0
34	0	0	0	0	133	0	0	0	0	0	133	0	0	0	0.125148	0	0	0	0	0	0.125148	0	0	0	1	0	0	0	0	0	0	0	0	72	0	0	0	0	0	72	0	0	0	1	0	0	0	0	0	0	0	0	13.026	0	0	0	0	0	13.026	0	0	0	1	0	0	0	0	0	0	0	0	58	0	0	0	0	0	58	0	0	0	1	0	0	0	0	0	0	0	0	0	0	0	0	0	0	0	0	0	0	0	0	0	0	0	0	0	0	0	0	0	0	0	0	0	0	0	0	0	0	0	0	0	0	0
35	0	0	0	0	154	0	0	0	0	0	154	0	0	0	0.0948134	0	0	0	0	0	0.0948134	0	0	0	1	0	0	0	0	0	0	0	0	64	0	0	0	0	0	64	0	0	0	1	0	0	0	0	0	0	0	0	13.9628	0	0	0	0	0	13.9628	0	0	0	1	0	0	0	0	0	0	0	0	61	0	0	0	0	0	61	0	0	0	1	0	0	0	0	0	0	0	0	0	0	0	0	0	0	0	0	0	0	0	0	0	0	0	0	0	0	0	0	0	0	0	0	0	0	0	0	0	0	0	0	0	0	0
36	0	0	0	0	164	0	0	0	0	0	164	0	0	0	0.115876	0	0	0	0	0	0.115876	0	0	0	1	0	0	0	0	0	0	0	0	76	0	0	0	0	0	76	0	0	0	1	0	0	0	0	0	0	0	0	14.8778	0	0	0	0	0	14.8778	0	0	0	1	0	0	0	0	0	0	0	0	61	0	0	0	0	0	61	0	0	0	1	0	0	0	0	0	0	0	0	0	0	0	0	0	0	0	0	0	0	0	0	0	0	0	0	0	0	0	0	0	0	0	0	0	0	0	0	0	0	0	0	0	0	0
37	0	0	0	0	174	0	0	0	0	0	174	0	0	0	0.112282	0	0	0	0	0	0.112282	0	0	0	1	0	0	0	0	0	0	0	0	75	0	0	0	0	0	75	0	0	0	1	0	0	0	0	0	0	0	0	14.197	0	0	0	0	0	14.197	0	0	0	1	0	0	0	0	0	0	0	0	61	0	0	0	0	0	61	0	0	0	1	0	0	0	0	0	0	0	0	0	0	0	0	0	0	0	0	0	0	0	0	0	0	0	0	0	0	0	0	0	0	0	0	0	0	0	0	0	0	0	0	0	0	0
38	0	0	0	0	184	0	0	0	0	0	184	0	0	0	0.119116	0	0	0	0	0	0.119116	0	0	0	1	0	0	0	0	0	0	0	0	83	0	0	0	0	0	83	0	0	0	1	0	0	0	0	0	0	0	0	14.3805	0	0	0	0	0	14.3805	0	0	0	1	0	0	0	0	0	0	0	0	57	0	0	0	0	0	57	0	0	0	1	0	0	0	0	0	0	0	0	0	0	0	0	0	0	0	0	0	0	0	0	0	0	0	0	0	0	0	0	0	0	0	0	0	0	0	0	0	0	0	0	0	0	0
39	0	0	0	0	202	0	0	0	0	0	202	0	0	0	0.126027	0	0	0	0	0	0.126027	0	0	0	1	0	0	0	0	0	0	0	0	87	0	0	0	0	0	87	0	0	0	1	0	0	0	0	0	0	0	0	14.7502	0	0	0	0	0	14.7502	0	0	0	1	0	0	0	0	0	0	0	0	57	0	0	0	0	0	57	0	0	0	1	0	0	0	0	0	0	0	0	0	0	0	0	0	0	0	0	0	0	0	0	0	0	0	0	0	0	0	0	0	0	0	0	0	0	0	0	0	0	0	0	0	0	0
40	0	0	0	0	210	0	0	0	0	0	210	0	0	0	0.145938	0	0	0	0	0	0.145938	0	0	0	1	0	0	0	0	0	0	0	0	94	0	0	0	0	0	94	0	0	0	1	0	0	0	0	0	0	0	0	15.7821	0	0	0	0	0	15.7821	0	0	0	1	0	0	0	0	0	0	0	0	60	0	0	0	0	0	60	0	0	0	1	0	0	0	0	0	0	0	0	0	0	0	0	0	0	0	0	0	0	0	0	0	0	0	0	0	0	0	0	0	0	0	0	0	0	0	0	0	0	0	0	0	0	0
41	0	0	0	0	222	0	0	0	0	0	222	0	0	0	0.159076	0	0	0	0	0	0.159076	0	0	0	1	0	0	0	0	0	0	0	0	96	0	0	0	0	0	96	0	0	0	1	0	0	0	0	0	0	0	0	16.1114	0	0	0	0	0	16.1114	0	0	0	1	0	0	0	0	0	0	0	0	59	0	0	0	0	0	59	0	0	0	1	0	0	0	0	0	0	0	0	0	0	0	0	0	0	0	0	0	0	0	0	0	0	0	0	0	0	0	0	0	0	0	0	0	0	0	0	0	0	0	0	0	0	0
42	0	0	0	0	235	0	0	0	0	0	235	0	0	0	0.160159	0	0	0	0	0	0.160159	0	0	0	1	0	0	0	0	0	0	0	0	93	0	0	0	0	0	93	0	0	0	1	0	0	0	0	0	0	0	0	16.8517	0	0	0	0	0	16.8517	0	0	0	1	0	0	0	0	0	0	0	0	68	0	0	0	0	0	68	0	0	0	1	0	0	0	0	0	0	0	0	0	0	0	0	0	0	0	0	0	0	0	0	0	0	0	0	0	0	0	0	0	0	0	0	0	0	0	0	0	0	0	0	0	0	0
43	0	0	0	0	240	0	0	0	0	0	240	0	0	0	0.143911	0	0	0	0	0	0.143911	0	0	0	1	0	0	0	0	0	0	0	0	95	0	0	0	0	0	95	0	0	0	1	0	0	0	0	0	0	0	0	18.0832	0	0	0	0	0	18.0832	0	0	0	1	0	0	0	0	0	0	0	0	75	0	0	0	0	0	75	0	0	0	1	0	0	0	0	0	0	0	0	0	0	0	0	0	0	0	0	0	0	0	0	0	0	0	0	0	0	0	0	0	0	0	0	0	0	0	0	0	0	0	0	0	0	0
44	0	0	0	0	263	0	0	0	0	0	263	0	0	0	0.143406	0	0	0	0	0	0.143406	0	0	0	1	0	0	0	0	0	0	0	0	85	0	0	0	0	0	85	0	0	0	1	0	0	0	0	0	0	0	0	18.0258	0	0	0	0	0	18.0258	0	0	0	1	0	0	0	0	0	0	0	0	74	0	0	0	0	0	74	0	0	0	1	0	0	0	0	0	0	0	0	0	0	0	0	0	0	0	0	0	0	0	0	0	0	0	0	0	0	0	0	0	0	0	0	0	0	0	0	0	0	0	0	0	0	0
45	0	0	0	0	283	0	0	0	0	0	283	0	0	0	0.148949	0	0	0	0	0	0.148949	0	0	0	1	0	0	0	0	0	0	0	0	84	0	0	0	0	0	84	0	0	0	1	0	0	0	0	0	0	0	0	19.1778	0	0	0	0	0	19.1778	0	0	0	1	0	0	0	0	0	0	0	0	77	0	0	0	0	0	77	0	0	0	1	0	0	0	0	0	0	0	0	0	0	0	0	0	0	0	0	0	0	0	0	0	0	0	0	0	0	0	0	0	0	0	0	0	0	0	0	0	0	0	0	0	0	0
46	0	0	0	0	298	0	0	0	0	0	298	0	0	0	0.150184	0	0	0	0	0	0.150184	0	0	0	1	0	0	0	0	0	0	0	0	84	0	0	0	0	0	84	0	0	0	1	0	0	0	0	0	0	0	0	20.1117	0	0	0	0	0	20.1117	0	0	0	1	0	0	0	0	0	0	0	0	77	0	0	0	0	0	77	0	0	0	1	0	0	0	0	0	0	0	0	0	0	0	0	0	0	0	0	0	0	0	0	0	0	0	0	0	0	0	0	0	0	0	0	0	0	0	0	0	0	0	0	0	0	0
47	0	0	0	0	316	0	0	0	0	0	316	0	0	0	0.151541	0	0	0	0	0	0.151541	0	0	0	1	0	0	0	0	0	0	0	0	90	0	0	0	0	0	90	0	0	0	1	0	0	0	0	0	0	0	0	20.4137	0	0	0	0	0	20.4137	0	0	0	1	0	0	0	0	0	0	0	0	78	0	0	0	0	0	78	0	0	0	1	0	0	0	0	0	0	0	0	0	0	0	0	0	0	0	0	0	0	0	0	0	0	0	0	0	0	0	0	0	0	0	0	0	0	0	0	0	0	0	0	0	0	0
48	0	0	0	0	325	0	0	0	0	0	325	0	0	0	0.141323	0	0	0	0	0	0.141323	0	0	0	1	0	0	0	0	0	0	0	0	93	0	0	0	0	0	93	0	0	0	1	0	0	0	0	0	0	0	0	20.5719	0	0	0	0	0	20.5719	0	0	0	1	0	0	0	0	0	0	0	0	77	0	0	0	0	0	77	0	0	0	1	0	0	0	0	0	0	0	0	0	0	0	0	0	0	0	0	0	0	0	0	0	0	0	0	0	0	0	0	0	0	0	0	0	0	0	0	0	0	0	0	0	0	0
49	0	0	0	0	321	0	0	0	0	0	321	0	0	0	0.153284	0	0	0	0	0	0.153284	0	0	0	1	0	0	0	0	0	0	0	0	95	0	0	0	0	0	95	0	0	0	1	0	0	0	0	0	0	0	0	21.4335	0	0	0	0	0	21.4335	0	0	0	1	0	0	0	0	0	0	0	0	77	0	0	0	0	0	77	0	0	0	1	0	0	0	0	0	0	0	0	0	0	0	0	0	0	0	0	0	0	0	0	0	0	0	0	0	0	0	0	0	0	0	0	0	0	0	0	0	0	0	0	0	0	0
50	0	0	0	0	333	0	0	0	0	0	333	0	0	0	0.177877	0	0	0	0	0	0.177877	0	0	0	1	0	0	0	0	0	0	0	0	101	0	0	0	0	0	101	0	0	0	1	0	0	0	0	0	0	0	0	21.7822	0	0	0	0	0	21.7822	0	0	0	1	0	0	0	0	0	0	0	0	77	0	0	0	0	0	77	0	0	0	1	0	0	0	0	0	0	0	0	0	0	0	0	0	0	0	0	0	0	0	0	0	0	0	0	0	0	0	0	0	0	0	0	0	0	0	0	0	0	0	0	0	0	0
51	0	0	0	0	352	0	0	0	0	0	352	0	0	0	0.18127	0	0	0	0	0	0.18127	0	0	0	1	0	0	0	0	0	0	0	0	97	0	0	0	0	0	97	0	0	0	1	0	0	0	0	0	0	0	0	22.7258	0	0	0	0	0	22.7258	0	0	0	1	0	0	0	0	0	0	0	0	82	0	0	0	0	0	82	0	0	0	1	0	0	0	0	0	0	0	0	0	0	0	0	0	0	0	0	0	0	0	0	0	0	0	0	0	0	0	0	0	0	0	0	0	0	0	0	0	0	0	0	0	0	0
52	0	0	0	0	369	0	0	0	0	0	369	0	0	0	0.177189	0	0	0	0	0	0.177189	0	0	0	1	0	0	0	0	0	0	0	0	99	0	0	0	0	0	99	0	0	0	1	0	0	0	0	0	0	0	0	23.0634	0	0	0	0	0	23.0634	0	0	0	1	0	0	0	0	0	0	0	0	85	0	0	0	0	0	85	0	0	0	1	0	0	0	0	0	0	0	0	0	0	0	0	0	0	0	0	0	0	0	0	0	0	0	0	0	0	0	0	0	0	0	0	0	0	0	0	0	0	0	0	0	0	0
53	0	0	0	0	382	0	0	0	0	0	382	0	0	0	0.186638	0	0	0	0	0	0.186638	0	0	0	1	0	0	0	0	0	0	0	0	99	0	0	0	0	0	99	0	0	0	1	0	0	0	0	0	0	0	0	24.3384	0	0	0	0	0	24.3384	0	0	0	1	0	0	0	0	0	0	0	0	85	0	0	0	0	0	85	0	0	0	1	0	0	0	0	0	0	0	0	0	0	0	0	0	0	0	0	0	0	0	0	0	0	0	0	0	0	0	0	0	0	0	0	0	0	0	0	0	0	0	0	0	0	0
54	0	0	0	0	386	0	0	0	0	0	386	0	0	0	0.191272	0	0	0	0	0	0.191272	0	0	0	1	0	0	0	0	0	0	0	0	105	0	0	0	0	0	105	0	0	0	1	0	0	0	0	0	0	0	0	24.9978	0	0	0	0	0	24.9978	0	0	0	1	0	0	0	0	0	0	0	0	85	0	0	0	0	0	85	0	0	0	1	0	0	0	0	0	0	0	0	0	0	0	0	0	0	0	0	0	0	0	0	0	0	0	0	0	0	0	0	0	0	0	0	0	0	0	0	0	0	0	0	0	0	0
55	0	0	0	0	401	0	0	0	0	0	401	0	0	0	0.200422	0	0	0	0	0	0.200422	0	0	0	1	0	0	0	0	0	0	0	0	107	0	0	0	0	0	107	0	0	0	1	0	0	0	0	0	0	0	0	24.8066	0	0	0	0	0	24.8066	0	0	0	1	0	0	0	0	0	0	0	0	82	0	0	0	0	0	82	0	0	0	1	0	0	0	0	0	0	0	0	0	0	0	0	0	0	0	0	0	0	0	0	0	0	0	0	0	0	0	0	0	0	0	0	0	0	0	0	0	0	0	0	0	0	0
56	0	0	0	0	414	0	0	0	0	0	414	0	0	0	0.168623	0	0	0	0	0	0.168623	0	0	0	1	0	0	0	0	0	0	0	0	93	0	0	0	0	0	93	0	0	0	1	0	0	0	0	0	0	0	0	25.339	0	0	0	0	0	25.339	0	0	0	1	0	0	0	0	0	0	0	0	88	0	0	0	0	0	88	0	0	0	1	0	0	0	0	0	0	0	0	0	0	0	0	0	0	0	0	0	0	0	0	0	0	0	0	0	0	0	0	0	0	0	0	0	0	0	0	0	0	0	0	0	0	0
57	0	0	0	0	425	0	0	0	0	0	425	0	0	0	0.173767	0	0	0	0	0	0.173767	0	0	0	1	0	0	0	0	0	0	0	0	99	0	0	0	0	0	99	0	0	0	1	0	0	0	0	0	0	0	0	23.9492	0	0	0	0	0	23.9492	0	0	0	1	0	0	0	0	0	0	0	0	85	0	0	0	0	0	85	0	0	0	1	0	0	0	0	0	0	0	0	0	0	0	0	0	0	0	0	0	0	0	0	0	0	0	0	0	0	0	0	0	0	0	0	0	0	0	0	0	0	0	0	0	0	0
58	0	0	0	0	425	0	0	0	0	0	425	0	0	0	0.160302	0	0	0	0	0	0.160302	0	0	0	1	0	0	0	0	0	0	0	0	99	0	0	0	0	0	99	0	0	0	1	0	0	0	0	0	0	0	0	23.5999	0	0	0	0	0	23.5999	0	0	0	1	0	0	0	0	0	0	0	0	87	0	0	0	0	0	87	0	0	0	1	0	0	0	0	0	0	0	0	0	0	0	0	0	0	0	0	0	0	0	0	0	0	0	0	0	0	0	0	0	0	0	0	0	0	0	0	0	0	0	0	0	0	0
59	0	0	0	0	435	0	0	0	0	0	435	0	0	0	0.17689	0	0	0	0	0	0.17689	0	0	0	1	0	0	0	0	0	0	0	0	110	0	0	0	0	0	110	0	0	0	1	0	0	0	0	0	0	0	0	24.8229	0	0	0	0	0	24.8229	0	0	0	1	0	0	0	0	0	0	0	0	84	0	0	0	0	0	84	0	0	0	1	0	0	0	0	0	0	0	0	0	0	0	0	0	0	0	0	0	0	0	0	0	0	0	0	0	0	0	0	0	0	0	0	0	0	0	0	0	0	0	0	0	0	0
60	0	0	0	0	453	0	0	0	0	0	453	0	0	0	0.168804	0	0	0	0	0	0.168804	0	0	0	1	0	0	0	0	0	0	0	0	109	0	0	0	0	0	109	0	0	0	1	0	0	0	0	0	0	0	0	24.2879	0	0	0	0	0	24.2879	0	0	0	1	0	0	0	0	0	0	0	0	85	0	0	0	0	0	85	0	0	0	1	0	0	0	0	0	0	0	0	0	0	0	0	0	0	0	0	0	0	0	0	0	0	0	0	0	0	0	0	0	0	0	0	0	0	0	0	0	0	0	0	0	0	0
61	0	0	0	0	443	0	0	0	0	0	443	0	0	0	0.153621	0	0	0	0	0	0.153621	0	0	0	1	0	0	0	0	0	0	0	0	106	0	0	0	0	0	106	0	0	0	1	0	0	0	0	0	0	0	0	22.9161	0	0	0	0	0	22.9161	0	0	0	1	0	0	0	0	0	0	0	0	87	0	0	0	0	0	87	0	0	0	1	0	0	0	0	0	0	0	0	0	0	0	0	0	0	0	0	0	0	0	0	0	0	0	0	0	0	0	0	0	0	0	0	0	0	0	0	0	0	0	0	0	0	0
62	0	0	0	0	461	0	0	0	0	0	461	0	0	0	0.133732	0	0	0	0	0	0.133732	0	0	0	1	0	0	0	0	0	0	0	0	98	0	0	0	0	0	98	0	0	0	1	0	0	0	0	0	0	0	0	24.0848	0	0	0	0	0	24.0848	0	0	0	1	0	0	0	0	0	0	0	0	92	0	0	0	0	0	92	0	0	0	1	0	0	0	0	0	0	0	0	0	0	0	0	0	0	0	0	0	0	0	0	0	0	0	0	0	0	0	0	0	0	0	0	0	0	0	0	0	0	0	0	0	0	0
63	0	0	0	0	454	0	0	0	0	0	454	0	0	0	0.126521	0	0	0	0	0	0.126521	0	0	0	1	0	0	0	0	0	0	0	0	101	0	0	0	0	0	101	0	0	0	1	0	0	0	0	0	0	0	0	24.9483	0	0	0	0	0	24.9483	0	0	0	1	0	0	0	0	0	0	0	0	91	0	0	0	0	0	91	0	0	0	1	0	0	0	0	0	0	0	0	0	0	0	0	0	0	0	0	0	0	0	0	0	0	0	0	0	0	0	0	0	0	0	0	0	0	0	0	0	0	0	0	0	0	0
64	0	0	0	0	477	0	0	0	0	0	477	0	0	0	0.132641	0	0	0	0	0	0.132641	0	0	0	1	0	0	0	0	0	0	0	0	100	0	0	0	0	0	100	0	0	0	1	0	0	0	0	0	0	0	0	26.169	0	0	0	0	0	26.169	0	0	0	1	0	0	0	0	0	0	0	0	90	0	0	0	0	0	90	0	0	0	1	0	0	0	0	0	0	0	0	0	0	0	0	0	0	0	0	0	0	0	0	0	0	0	0	0	0	0	0	0	0	0	0	0	0	0	0	0	0	0	0	0	0	0
65	0	0	0	0	490	0	0	0	0	0	490	0	0	0	0.134606	0	0	0	0	0	0.134606	0	0	0	1	0	0	0	0	0	0	0	0	96	0	0	0	0	0	96	0	0	0	1	0	0	0	0	0	0	0	0	27.4414	0	0	0	0	0	27.4414	0	0	0	1	0	0	0	0	0	0	0	0	90	0	0	0	0	0	90	0	0	0	1	0	0	0	0	0	0	0	0	0	0	0	0	0	0	0	0	0	0	0	0	0	0	0	0	0	0	0	0	0	0	0	0	0	0	0	0	0	0	0	0	0	0	0
66	0	0	0	0	474	0	0	0	0	0	474	0	0	0	0.124529	0	0	0	0	0	0.124529	0	0	0	1	0	0	0	0	0	0	0	0	97	0	0	0	0	0	97	0	0	0	1	0	0	0	0	0	0	0	0	28.0458	0	0	0	0	0	28.0458	0	0	0	1	0	0	0	0	0	0	0	0	89	0	0	0	0	0	89	0	0	0	1	0	0	0	0	0	0	0	0	0	0	0	0	0	0	0	0	0	0	0	0	0	0	0	0	0	0	0	0	0	0	0	0	0	0	0	0	0	0	0	0	0	0	0
67	0	0	0	0	484	0	0	0	0	0	484	0	0	0	0.100724	0	0	0	0	0	0.100724	0	0	0	1	0	0	0	0	0	0	0	0	88	0	0	0	0	0	88	0	0	0	1	0	0	0	0	0	0	0	0	27.671	0	0	0	0	0	27.671	0	0	0	1	0	0	0	0	0	0	0	0	87	0	0	0	0	0	87	0	0	0	1	0	0	0	0	0	0	0	0	0	0	0	0	0	0	0	0	0	0	0	0	0	0	0	0	0	0	0	0	0	0	0	0	0	0	0	0	0	0	0	0	0	0	0
68	0	0	0	0	492	0	0	0	0	0	492	0	0	0	0.0900252	0	0	0	0	0	0.0900252	0	0	0	1	0	0	0	0	0	0	0	0	92	0	0	0	0	0	92	0	0	0	1	0	0	0	0	0	0	0	0	25.2073	0	0	0	0	0	25.2073	0	0	0	1	0	0	0	0	0	0	0	0	81	0	0	0	0	0	81	0	0	0	1	0	0	0	0	0	0	0	0	0	0	0	0	0	0	0	0	0	0	0	0	0	0	0	0	0	0	0	0	0	0	0	0	0	0	0	0	0	0	0	0	0	0	0
69	0	0	0	0	499	0	0	0	0	0	499	0	0	0	0.102068	0	0	0	0	0	0.102068	0	0	0	1	0	0	0	0	0	0	0	0	109	0	0	0	0	0	109	0	0	0	1	0	0	0	0	0	0	0	0	25.8193	0	0	0	0	0	25.8193	0	0	0	1	0	0	0	0	0	0	0	0	82	0	0	0	0	0	82	0	0	0	1	0	0	0	0	0	0	0	0	0	0	0	0	0	0	0	0	0	0	0	0	0	0	0	0	0	0	0	0	0	0	0	0	0	0	0	0	0	0	0	0	0	0	0
70	0	0	0	0	505	0	0	0	0	0	505	0	0	0	0.144235	0	0	0	0	0	0.144235	0	0	0	1	0	0	0	0	0	0	0	0	118	0	0	0	0	0	118	0	0	0	1	0	0	0	0	0	0	0	0	24.7348	0	0	0	0	0	24.7348	0	0	0	1	0	0	0	0	0	0	0	0	79	0	0	0	0	0	79	0	0	0	1	0	0	0	0	0	0	0	0	0	0	0	0	0	0	0	0	0	0	0	0	0	0	0	0	0	0	0	0	0	0	0	0	0	0	0	0	0	0	0	0	0	0	0
71	0	0	0	0	494	0	0	0	0	0	494	0	0	0	0.145987	0	0	0	0	0	0.145987	0	0	0	1	0	0	0	0	0	0	0	0	134	0	0	0	0	0	134	0	0	0	1	0	0	0	0	0	0	0	0	24.9313	0	0	0	0	0	24.9313	0	0	0	1	0	0	0	0	0	0	0	0	84	0	0	0	0	0	84	0	0	0	1	0	0	0	0	0	0	0	0	0	0	0	0	0	0	0	0	0	0	0	0	0	0	0	0	0	0	0	0	0	0	0	0	0	0	0	0	0	0	0	0	0	0	0
72	0	0	0	0	513	0	0	0	0	0	513	0	0	0	0.197545	0	0	0	0	0	0.197545	0	0	0	1	0	0	0	0	0	0	0	0	146	0	0	0	0	0	146	0	0	0	1	0	0	0	0	0	0	0	0	25.5818	0	0	0	0	0	25.5818	0	0	0	1	0	0	0	0	0	0	0	0	87	0	0	0	0	0	87	0	0	0	1	0	0	0	0	0	0	0	0	0	0	0	0	0	0	0	0	0	0	0	0	0	0	0	0	0	0	0	0	0	0	0	0	0	0	0	0	0	0	0	0	0	0	0
73	0	0	0	0	518	0	0	0	0	0	518	0	0	0	0.161864	0	0	0	0	0	0.161864	0	0	0	1	0	0	0	0	0	0	0	0	136	0	0	0	0	0	136	0	0	0	1	0	0	0	0	0	0	0	0	27.184	0	0	0	0	0	27.184	0	0	0	1	0	0	0	0	0	0	0	0	97	0	0	0	0	0	97	0	0	0	1	0	0	0	0	0	0	0	0	0	0	0	0	0	0	0	0	0	0	0	0	0	0	0	0	0	0	0	0	0	0	0	0	0	0	0	0	0	0	0	0	0	0	0
74	0	0	0	0	510	0	0	0	0	0	510	0	0	0	0.162364	0	0	0	0	0	0.162364	0	0	0	1	0	0	0	0	0	0	0	0	135	0	0	0	0	0	135	0	0	0	1	0	0	0	0	0	0	0	0	24.4807	0	0	0	0	0	24.4807	0	0	0	1	0	0	0	0	0	0	0	0	92	0	0	0	0	0	92	0	0	0	1	0	0	0	0	0	0	0	0	0	0	0	0	0	0	0	0	0	0	0	0	0	0	0	0	0	0	0	0	0	0	0	0	0	0	0	0	0	0	0	0	0	0	0
75	0	0	0	0	519	0	0	0	0	0	519	0	0	0	0.163685	0	0	0	0	0	0.163685	0	0	0	1	0	0	0	0	0	0	0	0	138	0	0	0	0	0	138	0	0	0	1	0	0	0	0	0	0	0	0	24.7965	0	0	0	0	0	24.7965	0	0	0	1	0	0	0	0	0	0	0	0	90	0	0	0	0	0	90	0	0	0	1	0	0	0	0	0	0	0	0	0	0	0	0	0	0	0	0	0	0	0	0	0	0	0	0	0	0	0	0	0	0	0	0	0	0	0	0	0	0	0	0	0	0	0
76	0	0	0	0	521	0	0	0	0	0	521	0	0	0	0.146994	0	0	0	0	0	0.146994	0	0	0	1	0	0	0	0	0	0	0	0	133	0	0	0	0	0	133	0	0	0	1	0	0	0	0	0	0	0	0	25.8255	0	0	0	0	0	25.8255	0	0	0	1	0	0	0	0	0	0	0	0	91	0	0	0	0	0	91	0	0	0	1	0	0	0	0	0	0	0	0	0	0	0	0	0	0	0	0	0	0	0	0	0	0	0	0	0	0	0	0	0	0	0	0	0	0	0	0	0	0	0	0	0	0	0
77	0	0	0	0	527	0	0	0	0	0	527	0	0	0	0.154018	0	0	0	0	0	0.154018	0	0	0	1	0	0	0	0	0	0	0	0	139	0	0	0	0	0	139	0	0	0	1	0	0	0	0	0	0	0	0	27.1303	0	0	0	0	0	27.1303	0	0	0	1	0	0	0	0	0	0	0	0	91	0	0	0	0	0	91	0	0	0	1	0	0	0	0	0	0	0	0	0	0	0	0	0	0	0	0	0	0	0	0	0	0	0	0	0	0	0	0	0	0	0	0	0	0	0	0	0	0	0	0	0	0	0
78	0	0	0	0	536	0	0	0	0	0	536	0	0	0	0.147617	0	0	0	0	0	0.147617	0	0	0	1	0	0	0	0	0	0	0	0	144	0	0	0	0	0	144	0	0	0	1	0	0	0	0	0	0	0	0	27.3562	0	0	0	0	0	27.3562	0	0	0	1	0	0	0	0	0	0	0	0	92	0	0	0	0	0	92	0	0	0	1	0	0	0	0	0	0	0	0	0	0	0	0	0	0	0	0	0	0	0	0	0	0	0	0	0	0	0	0	0	0	0	0	0	0	0	0	0	0	0	0	0	0	0
79	0	0	0	0	539	0	0	0	0	0	539	0	0	0	0.149814	0	0	0	0	0	0.149814	0	0	0	1	0	0	0	0	0	0	0	0	151	0	0	0	0	0	151	0	0	0	1	0	0	0	0	0	0	0	0	27.6747	0	0	0	0	0	27.6747	0	0	0	1	0	0	0	0	0	0	0	0	91	0	0	0	0	0	91	0	0	0	1	0	0	0	0	0	0	0	0	0	0	0	0	0	0	0	0	0	0	0	0	0	0	0	0	0	0	0	0	0	0	0	0	0	0	0	0	0	0	0	0	0	0	0
80	0	0	0	0	538	0	0	0	0	0	538	0	0	0	0.152444	0	0	0	0	0	0.152444	0	0	0	1	0	0	0	0	0	0	0	0	144	0	0	0	0	0	144	0	0	0	1	0	0	0	0	0	0	0	0	25.4635	0	0	0	0	0	25.4635	0	0	0	1	0	0	0	0	0	0	0	0	88	0	0	0	0	0	88	0	0	0	1	0	0	0	0	0	0	0	0	0	0	0	0	0	0	0	0	0	0	0	0	0	0	0	0	0	0	0	0	0	0	0	0	0	0	0	0	0	0	0	0	0	0	0
81	0	0	0	0	536	0	0	0	0	0	536	0	0	0	0.178453	0	0	0	0	0	0.178453	0	0	0	1	0	0	0	0	0	0	0	0	154	0	0	0	0	0	154	0	0	0	1	0	0	0	0	0	0	0	0	25.3277	0	0	0	0	0	25.3277	0	0	0	1	0	0	0	0	0	0	0	0	84	0	0	0	0	0	84	0	0	0	1	0	0	0	0	0	0	0	0	0	0	0	0	0	0	0	0	0	0	0	0	0	0	0	0	0	0	0	0	0	0	0	0	0	0	0	0	0	0	0	0	0	0	0
82	0	0	0	0	515	0	0	0	0	0	515	0	0	0	0.171601	0	0	0	0	0	0.171601	0	0	0	1	0	0	0	0	0	0	0	0	156	0	0	0	0	0	156	0	0	0	1	0	0	0	0	0	0	0	0	22.8858	0	0	0	0	0	22.8858	0	0	0	1	0	0	0	0	0	0	0	0	80	0	0	0	0	0	80	0	0	0	1	0	0	0	0	0	0	0	0	0	0	0	0	0	0	0	0	0	0	0	0	0	0	0	0	0	0	0	0	0	0	0	0	0	0	0	0	0	0	0	0	0	0	0
83	0	0	0	0	489	0	0	0	0	0	489	0	0	0	0.190064	0	0	0	0	0	0.190064	0	0	0	1	0	0	0	0	0	0	0	0	169	0	0	0	0	0	169	0	0	0	1	0	0	0	0	0	0	0	0	21.9682	0	0	0	0	0	21.9682	0	0	0	1	0	0	0	0	0	0	0	0	82	0	0	0	0	0	82	0	0	0	1	0	0	0	0	0	0	0	0	0	0	0	0	0	0	0	0	0	0	0	0	0	0	0	0	0	0	0	0	0	0	0	0	0	0	0	0	0	0	0	0	0	0	0
84	0	0	0	0	488	0	0	0	0	0	488	0	0	0	0.1914	0	0	0	0	0	0.1914	0	0	0	1	0	0	0	0	0	0	0	0	176	0	0	0	0	0	176	0	0	0	1	0	0	0	0	0	0	0	0	22.7107	0	0	0	0	0	22.7107	0	0	0	1	0	0	0	0	0	0	0	0	89	0	0	0	0	0	89	0	0	0	1	0	0	0	0	0	0	0	0	0	0	0	0	0	0	0	0	0	0	0	0	0	0	0	0	0	0	0	0	0	0	0	0	0	0	0	0	0	0	0	0	0	0	0
85	0	0	0	0	491	0	0	0	0	0	491	0	0	0	0.188541	0	0	0	0	0	0.188541	0	0	0	1	0	0	0	0	0	0	0	0	180	0	0	0	0	0	180	0	0	0	1	0	0	0	0	0	0	0	0	23.2835	0	0	0	0	0	23.2835	0	0	0	1	0	0	0	0	0	0	0	0	90	0	0	0	0	0	90	0	0	0	1	0	0	0	0	0	0	0	0	0	0	0	0	0	0	0	0	0	0	0	0	0	0	0	0	0	0	0	0	0	0	0	0	0	0	0	0	0	0	0	0	0	0	0
86	0	0	0	0	487	0	0	0	0	0	487	0	0	0	0.204011	0	0	0	0	0	0.204011	0	0	0	1	0	0	0	0	0	0	0	0	181	0	0	0	0	0	181	0	0	0	1	0	0	0	0	0	0	0	0	24.323	0	0	0	0	0	24.323	0	0	0	1	0	0	0	0	0	0	0	0	94	0	0	0	0	0	94	0	0	0	1	0	0	0	0	0	0	0	0	0	0	0	0	0	0	0	0	0	0	0	0	0	0	0	0	0	0	0	0	0	0	0	0	0	0	0	0	0	0	0	0	0	0	0
87	0	0	0	0	478	0	0	0	0	0	478	0	0	0	0.221245	0	0	0	0	0	0.221245	0	0	0	1	0	0	0	0	0	0	0	0	185	0	0	0	0	0	185	0	0	0	1	0	0	0	0	0	0	0	0	25.1263	0	0	0	0	0	25.1263	0	0	0	1	0	0	0	0	0	0	0	0	94	0	0	0	0	0	94	0	0	0	1	0	0	0	0	0	0	0	0	0	0	0	0	0	0	0	0	0	0	0	0	0	0	0	0	0	0	0	0	0	0	0	0	0	0	0	0	0	0	0	0	0	0	0
88	0	0	0	0	471	0	0	0	0	0	471	0	0	0	0.225557	0	0	0	0	0	0.225557	0	0	0	1	0	0	0	0	0	0	0	0	192	0	0	0	0	0	192	0	0	0	1	0	0	0	0	0	0	0	0	23.8584	0	0	0	0	0	23.8584	0	0	0	1	0	0	0	0	0	0	0	0	89	0	0	0	0	0	89	0	0	0	1	0	0	0	0	0	0	0	0	0	0	0	0	0	0	0	0	0	0	0	0	0	0	0	0	0	0	0	0	0	0	0	0	0	0	0	0	0	0	0	0	0	0	0
89	0	0	0	0	461	0	0	0	0	0	461	0	0	0	0.225588	0	0	0	0	0	0.225588	0	0	0	1	0	0	0	0	0	0	0	0	190	0	0	0	0	0	190	0	0	0	1	0	0	0	0	0	0	0	0	25.2047	0	0	0	0	0	25.2047	0	0	0	1	0	0	0	0	0	0	0	0	96	0	0	0	0	0	96	0	0	0	1	0	0	0	0	0	0	0	0	0	0	0	0	0	0	0	0	0	0	0	0	0	0	0	0	0	0	0	0	0	0	0	0	0	0	0	0	0	0	0	0	0	0	0
90	0	0	0	0	475	0	0	0	0	0	475	0	0	0	0.19626	0	0	0	0	0	0.19626	0	0	0	1	0	0	0	0	0	0	0	0	176	0	0	0	0	0	176	0	0	0	1	0	0	0	0	0	0	0	0	25.1686	0	0	0	0	0	25.1686	0	0	0	1	0	0	0	0	0	0	0	0	100	0	0	0	0	0	100	0	0	0	1	0	0	0	0	0	0	0	0	0	0	0	0	0	0	0	0	0	0	0	0	0	0	0	0	0	0	0	0	0	0	0	0	0	0	0	0	0	0	0	0	0	0	0
91	0	0	0	0	493	0	0	0	0	0	493	0	0	0	0.191729	0	0	0	0	0	0.191729	0	0	0	1	0	0	0	0	0	0	0	0	168	0	0	0	0	0	168	0	0	0	1	0	0	0	0	0	0	0	0	26.4592	0	0	0	0	0	26.4592	0	0	0	1	0	0	0	0	0	0	0	0	100	0	0	0	0	0	100	0	0	0	1	0	0	0	0	0	0	0	0	0	0	0	0	0	0	0	0	0	0	0	0	0	0	0	0	0	0	0	0	0	0	0	0	0	0	0	0	0	0	0	0	0	0	0
92	0	0	0	0	487	0	0	0	0	0	487	0	0	0	0.183656	0	0	0	0	0	0.183656	0	0	0	1	0	0	0	0	0	0	0	0	154	0	0	0	0	0	154	0	0	0	1	0	0	0	0	0	0	0	0	27.7719	0	0	0	0	0	27.7719	0	0	0	1	0	0	0	0	0	0	0	0	99	0	0	0	0	0	99	0	0	0	1	0	0	0	0	0	0	0	0	0	0	0	0	0	0	0	0	0	0	0	0	0	0	0	0	0	0	0	0	0	0	0	0	0	0	0	0	0	0	0	0	0	0	0
93	0	0	0	0	472	0	0	0	0	0	472	0	0	0	0.200351	0	0	0	0	0	0.200351	0	0	0	1	0	0	0	0	0	0	0	0	146	0	0	0	0	0	146	0	0	0	1	0	0	0	0	0	0	0	0	28.1498	0	0	0	0	0	28.1498	0	0	0	1	0	0	0	0	0	0	0	0	96	0	0	0	0	0	96	0	0	0	1	0	0	0	0	0	0	0	0	0	0	0	0	0	0	0	0	0	0	0	0	0	0	0	0	0	0	0	0	0	0	0	0	0	0	0	0	0	0	0	0	0	0	0
94	0	0	0	0	478	0	0	0	0	0	478	0	0	0	0.177461	0	0	0	0	0	0.177461	0	0	0	1	0	0	0	0	0	0	0	0	136	0	0	0	0	0	136	0	0	0	1	0	0	0	0	0	0	0	0	28.7764	0	0	0	0	0	28.7764	0	0	0	1	0	0	0	0	0	0	0	0	98	0	0	0	0	0	98	0	0	0	1	0	0	0	0	0	0	0	0	0	0	0	0	0	0	0	0	0	0	0	0	0	0	0	0	0	0	0	0	0	0	0	0	0	0	0	0	0	0	0	0	0	0	0
95	0	0	0	0	477	0	0	0	0	0	477	0	0	0	0.163059	0	0	0	0	0	0.163059	0	0	0	1	0	0	0	0	0	0	0	0	123	0	0	0	0	0	123	0	0	0	1	0	0	0	0	0	0	0	0	29.6109	0	0	0	0	0	29.6109	0	0	0	1	0	0	0	0	0	0	0	0	97	0	0	0	0	0	97	0	0	0	1	0	0	0	0	0	0	0	0	0	0	0	0	0	0	0	0	0	0	0	0	0	0	0	0	0	0	0	0	0	0	0	0	0	0	0	0	0	0	0	0	0	0	0
96	0	0	0	0	467	0	0	0	0	0	467	0	0	0	0.156264	0	0	0	0	0	0.156264	0	0	0	1	0	0	0	0	0	0	0	0	119	0	0	0	0	0	119	0	0	0	1	0	0	0	0	0	0	0	0	29.8172	0	0	0	0	0	29.8172	0	0	0	1	0	0	0	0	0	0	0	0	94	0	0	0	0	0	94	0	0	0	1	0	0	0	0	0	0	0	0	0	0	0	0	0	0	0	0	0	0	0	0	0	0	0	0	0	0	0	0	0	0	0	0	0	0	0	0	0	0	0	0	0	0	0
97	0	0	0	0	471	0	0	0	0	0	471	0	0	0	0.139887	0	0	0	0	0	0.139887	0	0	0	1	0	0	0	0	0	0	0	0	118	0	0	0	0	0	118	0	0	0	1	0	0	0	0	0	0	0	0	29.386	0	0	0	0	0	29.386	0	0	0	1	0	0	0	0	0	0	0	0	95	0	0	0	0	0	95	0	0	0	1	0	0	0	0	0	0	0	0	0	0	0	0	0	0	0	0	0	0	0	0	0	0	0	0	0	0	0	0	0	0	0	0	0	0	0	0	0	0	0	0	0	0	0
98	0	0	0	0	477	0	0	0	0	0	477	0	0	0	0.171771	0	0	0	0	0	0.171771	0	0	0	1	0	0	0	0	0	0	0	0	125	0	0	0	0	0	125	0	0	0	1	0	0	0	0	0	0	0	0	29.1737	0	0	0	0	0	29.1737	0	0	0	1	0	0	0	0	0	0	0	0	89	0	0	0	0	0	89	0	0	0	1	0	0	0	0	0	0	0	0	0	0	0	0	0	0	0	0	0	0	0	0	0	0	0	0	0	0	0	0	0	0	0	0	0	0	0	0	0	0	0	0	0	0	0
99	0	0	0	0	474	0	0	0	0	0	474	0	0	0	0.162571	0	0	0	0	0	0.162571	0	0	0	1	0	0	0	0	0	0	0	0	118	0	0	0	0	0	118	0	0	0	1	0	0	0	0	0	0	0	0	24.0234	0	0	0	0	0	24.0234	0	0	0	1	0	0	0	0	0	0	0	0	85	0	0	0	0	0	85	0	0	0	1	0	0	0	0	0	0	0	0	0	0	0	0	0	0	0	0	0	0	0	0	0	0	0	0	0	0	0	0	0	0	0	0	0	0	0	0	0	0	0	0	0	0	0
100	0	0	0	0	479	0	0	0	0	0	479	0	0	0	0.173268	0	0	0	0	0	0.173268	0	0	0	1	0	0	0	0	0	0	0	0	115	0	0	0	0	0	115	0	0	0	1	0	0	0	0	0	0	0	0	24.777	0	0	0	0	0	24.777	0	0	0	1	0	0	0	0	0	0	0	0	83	0	0	0	0	0	83	0	0	0	1	0	0	0	0	0	0	0	0	0	0	0	0	0	0	0	0	0	0	0	0	0	0	0	0	0	0	0	0	0	0	0	0	0	0	0	0	0	0	0	0	0	0	0
101	0	0	0	0	494	0	0	0	0	0	494	0	0	0	0.175751	0	0	0	0	0	0.175751	0	0	0	1	0	0	0	0	0	0	0	0	117	0	0	0	0	0	117	0	0	0	1	0	0	0	0	0	0	0	0	26.3174	0	0	0	0	0	26.3174	0	0	0	1	0	0	0	0	0	0	0	0	90	0	0	0	0	0	90	0	0	0	1	0	0	0	0	0	0	0	0	0	0	0	0	0	0	0	0	0	0	0	0	0	0	0	0	0	0	0	0	0	0	0	0	0	0	0	0	0	0	0	0	0	0	0
102	0	0	0	0	490	0	0	0	0	0	490	0	0	0	0.160146	0	0	0	0	0	0.160146	0	0	0	1	0	0	0	0	0	0	0	0	113	0	0	0	0	0	113	0	0	0	1	0	0	0	0	0	0	0	0	26.7549	0	0	0	0	0	26.7549	0	0	0	1	0	0	0	0	0	0	0	0	91	0	0	0	0	0	91	0	0	0	1	0	0	0	0	0	0	0	0	0	0	0	0	0	0	0	0	0	0	0	0	0	0	0	0	0	0	0	0	0	0	0	0	0	0	0	0	0	0	0	0	0	0	0
103	0	0	0	0	465	0	0	0	0	0	465	0	0	0	0.157357	0	0	0	0	0	0.157357	0	0	0	1	0	0	0	0	0	0	0	0	118	0	0	0	0	0	118	0	0	0	1	0	0	0	0	0	0	0	0	27.9472	0	0	0	0	0	27.9472	0	0	0	1	0	0	0	0	0	0	0	0	90	0	0	0	0	0	90	0	0	0	1	0	0	0	0	0	0	0	0	0	0	0	0	0	0	0	0	0	0	0	0	0	0	0	0	0	0	0	0	0	0	0	0	0	0	0	0	0	0	0	0	0	0	0
104	0	0	0	0	481	0	0	0	0	0	481	0	0	0	0.168869	0	0	0	0	0	0.168869	0	0	0	1	0	0	0	0	0	0	0	0	122	0	0	0	0	0	122	0	0	0	1	0	0	0	0	0	0	0	0	27.509	0	0	0	0	0	27.509	0	0	0	1	0	0	0	0	0	0	0	0	86	0	0	0	0	0	86	0	0	0	1	0	0	0	0	0	0	0	0	0	0	0	0	0	0	0	0	0	0	0	0	0	0	0	0	0	0	0	0	0	0	0	0	0	0	0	0	0	0	0	0	0	0	0
105	0	0	0	0	494	0	0	0	0	0	494	0	0	0	0.145615	0	0	0	0	0	0.145615	0	0	0	1	0	0	0	0	0	0	0	0	117	0	0	0	0	0	117	0	0	0	1	0	0	0	0	0	0	0	0	27.818	0	0	0	0	0	27.818	0	0	0	1	0	0	0	0	0	0	0	0	84	0	0	0	0	0	84	0	0	0	1	0	0	0	0	0	0	0	0	0	0	0	0	0	0	0	0	0	0	0	0	0	0	0	0	0	0	0	0	0	0	0	0	0	0	0	0	0	0	0	0	0	0	0
106	0	0	0	0	505	0	0	0	0	0	505	0	0	0	0.131721	0	0	0	0	0	0.131721	0	0	0	1	0	0	0	0	0	0	0	0	109	0	0	0	0	0	109	0	0	0	1	0	0	0	0	0	0	0	0	28.242	0	0	0	0	0	28.242	0	0	0	1	0	0	0	0	0	0	0	0	83	0	0	0	0	0	83	0	0	0	1	0	0	0	0	0	0	0	0	0	0	0	0	0	0	0	0	0	0	0	0	0	0	0	0	0	0	0	0	0	0	0	0	0	0	0	0	0	0	0	0	0	0	0
107	0	0	0	0	525	0	0	0	0	0	525	0	0	0	0.13443	0	0	0	0	0	0.13443	0	0	0	1	0	0	0	0	0	0	0	0	111	0	0	0	0	0	111	0	0	0	1	0	0	0	0	0	0	0	0	29.0067	0	0	0	0	0	29.0067	0	0	0	1	0	0	0	0	0	0	0	0	81	0	0	0	0	0	81	0	0	0	1	0	0	0	0	0	0	0	0	0	0	0	0	0	0	0	0	0	0	0	0	0	0	0	0	0	0	0	0	0	0	0	0	0	0	0	0	0	0	0	0	0	0	0
108	0	0	0	0	514	0	0	0	0	0	514	0	0	0	0.119301	0	0	0	0	0	0.119301	0	0	0	1	0	0	0	0	0	0	0	0	109	0	0	0	0	0	109	0	0	0	1	0	0	0	0	0	0	0	0	29.7912	0	0	0	0	0	29.7912	0	0	0	1	0	0	0	0	0	0	0	0	81	0	0	0	0	0	81	0	0	0	1	0	0	0	0	0	0	0	0	0	0	0	0	0	0	0	0	0	0	0	0	0	0	0	0	0	0	0	0	0	0	0	0	0	0	0	0	0	0	0	0	0	0	0
109	0	0	0	0	513	0	0	0	0	0	513	0	0	0	0.122266	0	0	0	0	0	0.122266	0	0	0	1	0	0	0	0	0	0	0	0	109	0	0	0	0	0	109	0	0	0	1	0	0	0	0	0	0	0	0	29.493	0	0	0	0	0	29.493	0	0	0	1	0	0	0	0	0	0	0	0	78	0	0	0	0	0	78	0	0	0	1	0	0	0	0	0	0	0	0	0	0	0	0	0	0	0	0	0	0	0	0	0	0	0	0	0	0	0	0	0	0	0	0	0	0	0	0	0	0	0	0	0	0	0
110	0	0	0	0	511	0	0	0	0	0	511	0	0	0	0.114686	0	0	0	0	0	0.114686	0	0	0	1	0	0	0	0	0	0	0	0	108	0	0	0	0	0	108	0	0	0	1	0	0	0	0	0	0	0	0	29.4022	0	0	0	0	0	29.4022	0	0	0	1	0	0	0	0	0	0	0	0	78	0	0	0	0	0	78	0	0	0	1	0	0	0	0	0	0	0	0	0	0	0	0	0	0	0	0	0	0	0	0	0	0	0	0	0	0	0	0	0	0	0	0	0	0	0	0	0	0	0	0	0	0	0
111	0	0	0	0	512	0	0	0	0	0	512	0	0	0	0.120896	0	0	0	0	0	0.120896	0	0	0	1	0	0	0	0	0	0	0	0	112	0	0	0	0	0	112	0	0	0	1	0	0	0	0	0	0	0	0	28.4501	0	0	0	0	0	28.4501	0	0	0	1	0	0	0	0	0	0	0	0	79	0	0	0	0	0	79	0	0	0	1	0	0	0	0	0	0	0	0	0	0	0	0	0	0	0	0	0	0	0	0	0	0	0	0	0	0	0	0	0	0	0	0	0	0	0	0	0	0	0	0	0	0	0
112	0	0	0	0	509	0	0	0	0	0	509	0	0	0	0.141342	0	0	0	0	0	0.141342	0	0	0	1	0	0	0	0	0	0	0	0	116	0	0	0	0	0	116	0	0	0	1	0	0	0	0	0	0	0	0	30.0544	0	0	0	0	0	30.0544	0	0	0	1	0	0	0	0	0	0	0	0	83	0	0	0	0	0	83	0	0	0	1	0	0	0	0	0	0	0	0	0	0	0	0	0	0	0	0	0	0	0	0	0	0	0	0	0	0	0	0	0	0	0	0	0	0	0	0	0	0	0	0	0	0	0
113	0	0	0	0	516	0	0	0	0	0	516	0	0	0	0.15599	0	0	0	0	0	0.15599	0	0	0	1	0	0	0	0	0	0	0	0	116	0	0	0	0	0	116	0	0	0	1	0	0	0	0	0	0	0	0	31.1563	0	0	0	0	0	31.1563	0	0	0	1	0	0	0	0	0	0	0	0	85	0	0	0	0	0	85	0	0	0	1	0	0	0	0	0	0	0	0	0	0	0	0	0	0	0	0	0	0	0	0	0	0	0	0	0	0	0	0	0	0	0	0	0	0	0	0	0	0	0	0	0	0	0
114	0	0	0	0	508	0	0	0	0	0	508	0	0	0	0.120396	0	0	0	0	0	0.120396	0	0	0	1	0	0	0	0	0	0	0	0	105	0	0	0	0	0	105	0	0	0	1	0	0	0	0	0	0	0	0	30.3131	0	0	0	0	0	30.3131	0	0	0	1	0	0	0	0	0	0	0	0	84	0	0	0	0	0	84	0	0	0	1	0	0	0	0	0	0	0	0	0	0	0	0	0	0	0	0	0	0	0	0	0	0	0	0	0	0	0	0	0	0	0	0	0	0	0	0	0	0	0	0	0	0	0
115	0	0	0	0	525	0	0	0	0	0	525	0	0	0	0.133359	0	0	0	0	0	0.133359	0	0	0	1	0	0	0	0	0	0	0	0	103	0	0	0	0	0	103	0	0	0	1	0	0	0	0	0	0	0	0	30.2781	0	0	0	0	0	30.2781	0	0	0	1	0	0	0	0	0	0	0	0	80	0	0	0	0	0	80	0	0	0	1	0	0	0	0	0	0	0	0	0	0	0	0	0	0	0	0	0	0	0	0	0	0	0	0	0	0	0	0	0	0	0	0	0	0	0	0	0	0	0	0	0	0	0
116	0	0	0	0	547	0	0	0	0	0	547	0	0	0	0.127525	0	0	0	0	0	0.127525	0	0	0	1	0	0	0	0	0	0	0	0	100	0	0	0	0	0	100	0	0	0	1	0	0	0	0	0	0	0	0	30.697	0	0	0	0	0	30.697	0	0	0	1	0	0	0	0	0	0	0	0	80	0	0	0	0	0	80	0	0	0	1	0	0	0	0	0	0	0	0	0	0	0	0	0	0	0	0	0	0	0	0	0	0	0	0	0	0	0	0	0	0	0	0	0	0	0	0	0	0	0	0	0	0	0
117	0	0	0	0	550	0	0	0	0	0	550	0	0	0	0.128002	0	0	0	0	0	0.128002	0	0	0	1	0	0	0	0	0	0	0	0	111	0	0	0	0	0	111	0	0	0	1	0	0	0	0	0	0	0	0	30.6081	0	0	0	0	0	30.6081	0	0	0	1	0	0	0	0	0	0	0	0	77	0	0	0	0	0	77	0	0	0	1	0	0	0	0	0	0	0	0	0	0	0	0	0	0	0	0	0	0	0	0	0	0	0	0	0	0	0	0	0	0	0	0	0	0	0	0	0	0	0	0	0	0	0
118	0	0	0	0	580	0	0	0	0	0	580	0	0	0	0.127207	0	0	0	0	0	0.127207	0	0	0	1	0	0	0	0	0	0	0	0	113	0	0	0	0	0	113	0	0	0	1	0	0	0	0	0	0	0	0	31.4546	0	0	0	0	0	31.4546	0	0	0	1	0	0	0	0	0	0	0	0	76	0	0	0	0	0	76	0	0	0	1	0	0	0	0	0	0	0	0	0	0	0	0	0	0	0	0	0	0	0	0	0	0	0	0	0	0	0	0	0	0	0	0	0	0	0	0	0	0	0	0	0	0	0
119	0	0	0	0	585	0	0	0	0	0	585	0	0	0	0.118131	0	0	0	0	0	0.118131	0	0	0	1	0	0	0	0	0	0	0	0	110	0	0	0	0	0	110	0	0	0	1	0	0	0	0	0	0	0	0	30.1164	0	0	0	0	0	30.1164	0	0	0	1	0	0	0	0	0	0	0	0	76	0	0	0	0	0	76	0	0	0	1	0	0	0	0	0	0	0	0	0	0	0	0	0	0	0	0	0	0	0	0	0	0	0	0	0	0	0	0	0	0	0	0	0	0	0	0	0	0	0	0	0	0	0
120	0	0	0	0	592	0	0	0	0	0	592	0	0	0	0.132646	0	0	0	0	0	0.132646	0	0	0	1	0	0	0	0	0	0	0	0	126	0	0	0	0	0	126	0	0	0	1	0	0	0	0	0	0	0	0	31.2163	0	0	0	0	0	31.2163	0	0	0	1	0	0	0	0	0	0	0	0	78	0	0	0	0	0	78	0	0	0	1	0	0	0	0	0	0	0	0	0	0	0	0	0	0	0	0	0	0	0	0	0	0	0	0	0	0	0	0	0	0	0	0	0	0	0	0	0	0	0	0	0	0	0
121	0	0	0	0	602	0	0	0	0	0	602	0	0	0	0.146824	0	0	0	0	0	0.146824	0	0	0	1	0	0	0	0	0	0	0	0	135	0	0	0	0	0	135	0	0	0	1	0	0	0	0	0	0	0	0	31.827	0	0	0	0	0	31.827	0	0	0	1	0	0	0	0	0	0	0	0	80	0	0	0	0	0	80	0	0	0	1	0	0	0	0	0	0	0	0	0	0	0	0	0	0	0	0	0	0	0	0	0	0	0	0	0	0	0	0	0	0	0	0	0	0	0	0	0	0	0	0	0	0	0
122	0	0	0	0	611	0	0	0	0	0	611	0	0	0	0.158122	0	0	0	0	0	0.158122	0	0	0	1	0	0	0	0	0	0	0	0	140	0	0	0	0	0	140	0	0	0	1	0	0	0	0	0	0	0	0	33.1146	0	0	0	0	0	33.1146	0	0	0	1	0	0	0	0	0	0	0	0	83	0	0	0	0	0	83	0	0	0	1	0	0	0	0	0	0	0	0	0	0	0	0	0	0	0	0	0	0	0	0	0	0	0	0	0	0	0	0	0	0	0	0	0	0	0	0	0	0	0	0	0	0	0
123	0	0	0	0	623	0	0	0	0	0	623	0	0	0	0.187069	0	0	0	0	0	0.187069	0	0	0	1	0	0	0	0	0	0	0	0	141	0	0	0	0	0	141	0	0	0	1	0	0	0	0	0	0	0	0	34.3059	0	0	0	0	0	34.3059	0	0	0	1	0	0	0	0	0	0	0	0	85	0	0	0	0	0	85	0	0	0	1	0	0	0	0	0	0	0	0	0	0	0	0	0	0	0	0	0	0	0	0	0	0	0	0	0	0	0	0	0	0	0	0	0	0	0	0	0	0	0	0	0	0	0
124	0	0	0	0	628	0	0	0	0	0	628	0	0	0	0.184238	0	0	0	0	0	0.184238	0	0	0	1	0	0	0	0	0	0	0	0	147	0	0	0	0	0	147	0	0	0	1	0	0	0	0	0	0	0	0	35.2574	0	0	0	0	0	35.2574	0	0	0	1	0	0	0	0	0	0	0	0	91	0	0	0	0	0	91	0	0	0	1	0	0	0	0	0	0	0	0	0	0	0	0	0	0	0	0	0	0	0	0	0	0	0	0	0	0	0	0	0	0	0	0	0	0	0	0	0	0	0	0	0	0	0
125	0	0	0	0	637	0	0	0	0	0	637	0	0	0	0.196873	0	0	0	0	0	0.196873	0	0	0	1	0	0	0	0	0	0	0	0	140	0	0	0	0	0	140	0	0	0	1	0	0	0	0	0	0	0	0	35.5044	0	0	0	0	0	35.5044	0	0	0	1	0	0	0	0	0	0	0	0	87	0	0	0	0	0	87	0	0	0	1	0	0	0	0	0	0	0	0	0	0	0	0	0	0	0	0	0	0	0	0	0	0	0	0	0	0	0	0	0	0	0	0	0	0	0	0	0	0	0	0	0	0	0
126	0	0	0	0	657	0	0	0	0	0	657	0	0	0	0.157725	0	0	0	0	0	0.157725	0	0	0	1	0	0	0	0	0	0	0	0	130	0	0	0	0	0	130	0	0	0	1	0	0	0	0	0	0	0	0	35.4088	0	0	0	0	0	35.4088	0	0	0	1	0	0	0	0	0	0	0	0	92	0	0	0	0	0	92	0	0	0	1	0	0	0	0	0	0	0	0	0	0	0	0	0	0	0	0	0	0	0	0	0	0	0	0	0	0	0	0	0	0	0	0	0	0	0	0	0	0	0	0	0	0	0
127	0	0	0	0	648	0	0	0	0	0	648	0	0	0	0.173517	0	0	0	0	0	0.173517	0	0	0	1	0	0	0	0	0	0	0	0	132	0	0	0	0	0	132	0	0	0	1	0	0	0	0	0	0	0	0	34.2716	0	0	0	0	0	34.2716	0	0	0	1	0	0	0	0	0	0	0	0	87	0	0	0	0	0	87	0	0	0	1	0	0	0	0	0	0	0	0	0	0	0	0	0	0	0	0	0	0	0	0	0	0	0	0	0	0	0	0	0	0	0	0	0	0	0	0	0	0	0	0	0	0	0
128	0	0	0	0	648	0	0	0	0	0	648	0	0	0	0.185063	0	0	0	0	0	0.185063	0	0	0	1	0	0	0	0	0	0	0	0	133	0	0	0	0	0	133	0	0	0	1	0	0	0	0	0	0	0	0	35.4051	0	0	0	0	0	35.4051	0	0	0	1	0	0	0	0	0	0	0	0	87	0	0	0	0	0	87	0	0	0	1	0	0	0	0	0	0	0	0	0	0	0	0	0	0	0	0	0	0	0	0	0	0	0	0	0	0	0	0	0	0	0	0	0	0	0	0	0	0	0	0	0	0	0
129	0	0	0	0	632	0	0	0	0	0	632	0	0	0	0.153293	0	0	0	0	0	0.153293	0	0	0	1	0	0	0	0	0	0	0	0	124	0	0	0	0	0	124	0	0	0	1	0	0	0	0	0	0	0	0	32.1546	0	0	0	0	0	32.1546	0	0	0	1	0	0	0	0	0	0	0	0	86	0	0	0	0	0	86	0	0	0	1	0	0	0	0	0	0	0	0	0	0	0	0	0	0	0	0	0	0	0	0	0	0	0	0	0	0	0	0	0	0	0	0	0	0	0	0	0	0	0	0	0	0	0
130	0	0	0	0	654	0	0	0	0	0	654	0	0	0	0.172721	0	0	0	0	0	0.172721	0	0	0	1	0	0	0	0	0	0	0	0	127	0	0	0	0	0	127	0	0	0	1	0	0	0	0	0	0	0	0	32.5887	0	0	0	0	0	32.5887	0	0	0	1	0	0	0	0	0	0	0	0	85	0	0	0	0	0	85	0	0	0	1	0	0	0	0	0	0	0	0	0	0	0	0	0	0	0	0	0	0	0	0	0	0	0	0	0	0	0	0	0	0	0	0	0	0	0	0	0	0	0	0	0	0	0
131	0	0	0	0	657	0	0	0	0	0	657	0	0	0	0.179165	0	0	0	0	0	0.179165	0	0	0	1	0	0	0	0	0	0	0	0	136	0	0	0	0	0	136	0	0	0	1	0	0	0	0	0	0	0	0	33.5346	0	0	0	0	0	33.5346	0	0	0	1	0	0	0	0	0	0	0	0	90	0	0	0	0	0	90	0	0	0	1	0	0	0	0	0	0	0	0	0	0	0	0	0	0	0	0	0	0	0	0	0	0	0	0	0	0	0	0	0	0	0	0	0	0	0	0	0	0	0	0	0	0	0
132	0	0	0	0	638	0	0	0	0	0	638	0	0	0	0.175757	0	0	0	0	0	0.175757	0	0	0	1	0	0	0	0	0	0	0	0	139	0	0	0	0	0	139	0	0	0	1	0	0	0	0	0	0	0	0	34.9306	0	0	0	0	0	34.9306	0	0	0	1	0	0	0	0	0	0	0	0	93	0	0	0	0	0	93	0	0	0	1	0	0	0	0	0	0	0	0	0	0	0	0	0	0	0	0	0	0	0	0	0	0	0	0	0	0	0	0	0	0	0	0	0	0	0	0	0	0	0	0	0	0	0
133	0	0	0	0	621	0	0	0	0	0	621	0	0	0	0.173095	0	0	0	0	0	0.173095	0	0	0	1	0	0	0	0	0	0	0	0	146	0	0	0	0	0	146	0	0	0	1	0	0	0	0	0	0	0	0	36.6407	0	0	0	0	0	36.6407	0	0	0	1	0	0	0	0	0	0	0	0	96	0	0	0	0	0	96	0	0	0	1	0	0	0	0	0	0	0	0	0	0	0	0	0	0	0	0	0	0	0	0	0	0	0	0	0	0	0	0	0	0	0	0	0	0	0	0	0	0	0	0	0	0	0
134	0	0	0	0	622	0	0	0	0	0	622	0	0	0	0.176703	0	0	0	0	0	0.176703	0	0	0	1	0	0	0	0	0	0	0	0	144	0	0	0	0	0	144	0	0	0	1	0	0	0	0	0	0	0	0	37.985	0	0	0	0	0	37.985	0	0	0	1	0	0	0	0	0	0	0	0	95	0	0	0	0	0	95	0	0	0	1	0	0	0	0	0	0	0	0	0	0	0	0	0	0	0	0	0	0	0	0	0	0	0	0	0	0	0	0	0	0	0	0	0	0	0	0	0	0	0	0	0	0	0
135	0	0	0	0	614	0	0	0	0	0	614	0	0	0	0.175032	0	0	0	0	0	0.175032	0	0	0	1	0	0	0	0	0	0	0	0	137	0	0	0	0	0	137	0	0	0	1	0	0	0	0	0	0	0	0	37.8989	0	0	0	0	0	37.8989	0	0	0	1	0	0	0	0	0	0	0	0	95	0	0	0	0	0	95	0	0	0	1	0	0	0	0	0	0	0	0	0	0	0	0	0	0	0	0	0	0	0	0	0	0	0	0	0	0	0	0	0	0	0	0	0	0	0	0	0	0	0	0	0	0	0
136	0	0	0	0	597	0	0	0	0	0	597	0	0	0	0.174923	0	0	0	0	0	0.174923	0	0	0	1	0	0	0	0	0	0	0	0	129	0	0	0	0	0	129	0	0	0	1	0	0	0	0	0	0	0	0	35.3093	0	0	0	0	0	35.3093	0	0	0	1	0	0	0	0	0	0	0	0	88	0	0	0	0	0	88	0	0	0	1	0	0	0	0	0	0	0	0	0	0	0	0	0	0	0	0	0	0	0	0	0	0	0	0	0	0	0	0	0	0	0	0	0	0	0	0	0	0	0	0	0	0	0
137	0	0	0	0	602	0	0	0	0	0	602	0	0	0	0.163379	0	0	0	0	0	0.163379	0	0	0	1	0	0	0	0	0	0	0	0	122	0	0	0	0	0	122	0	0	0	1	0	0	0	0	0	0	0	0	35.9795	0	0	0	0	0	35.9795	0	0	0	1	0	0	0	0	0	0	0	0	86	0	0	0	0	0	86	0	0	0	1	0	0	0	0	0	0	0	0	0	0	0	0	0	0	0	0	0	0	0	0	0	0	0	0	0	0	0	0	0	0	0	0	0	0	0	0	0	0	0	0	0	0	0
138	0	0	0	0	600	0	0	0	0	0	600	0	0	0	0.150666	0	0	0	0	0	0.150666	0	0	0	1	0	0	0	0	0	0	0	0	118	0	0	0	0	0	118	0	0	0	1	0	0	0	0	0	0	0	0	36.665	0	0	0	0	0	36.665	0	0	0	1	0	0	0	0	0	0	0	0	83	0	0	0	0	0	83	0	0	0	1	0	0	0	0	0	0	0	0	0	0	0	0	0	0	0	0	0	0	0	0	0	0	0	0	0	0	0	0	0	0	0	0	0	0	0	0	0	0	0	0	0	0	0
139	0	0	0	0	618	0	0	0	0	0	618	0	0	0	0.143956	0	0	0	0	0	0.143956	0	0	0	1	0	0	0	0	0	0	0	0	114	0	0	0	0	0	114	0	0	0	1	0	0	0	0	0	0	0	0	38.2212	0	0	0	0	0	38.2212	0	0	0	1	0	0	0	0	0	0	0	0	83	0	0	0	0	0	83	0	0	0	1	0	0	0	0	0	0	0	0	0	0	0	0	0	0	0	0	0	0	0	0	0	0	0	0	0	0	0	0	0	0	0	0	0	0	0	0	0	0	0	0	0	0	0
140	0	0	0	0	633	0	0	0	0	0	633	0	0	0	0.143636	0	0	0	0	0	0.143636	0	0	0	1	0	0	0	0	0	0	0	0	112	0	0	0	0	0	112	0	0	0	1	0	0	0	0	0	0	0	0	38.0736	0	0	0	0	0	38.0736	0	0	0	1	0	0	0	0	0	0	0	0	78	0	0	0	0	0	78	0	0	0	1	0	0	0	0	0	0	0	0	0	0	0	0	0	0	0	0	0	0	0	0	0	0	0	0	0	0	0	0	0	0	0	0	0	0	0	0	0	0	0	0	0	0	0
141	0	0	0	0	652	0	0	0	0	0	652	0	0	0	0.139436	0	0	0	0	0	0.139436	0	0	0	1	0	0	0	0	0	0	0	0	102	0	0	0	0	0	102	0	0	0	1	0	0	0	0	0	0	0	0	39.0093	0	0	0	0	0	39.0093	0	0	0	1	0	0	0	0	0	0	0	0	79	0	0	0	0	0	79	0	0	0	1	0	0	0	0	0	0	0	0	0	0	0	0	0	0	0	0	0	0	0	0	0	0	0	0	0	0	0	0	0	0	0	0	0	0	0	0	0	0	0	0	0	0	0
142	0	0	0	0	661	0	0	0	0	0	661	0	0	0	0.116524	0	0	0	0	0	0.116524	0	0	0	1	0	0	0	0	0	0	0	0	97	0	0	0	0	0	97	0	0	0	1	0	0	0	0	0	0	0	0	38.8172	0	0	0	0	0	38.8172	0	0	0	1	0	0	0	0	0	0	0	0	79	0	0	0	0	0	79	0	0	0	1	0	0	0	0	0	0	0	0	0	0	0	0	0	0	0	0	0	0	0	0	0	0	0	0	0	0	0	0	0	0	0	0	0	0	0	0	0	0	0	0	0	0	0
143	0	0	0	0	667	0	0	0	0	0	667	0	0	0	0.108927	0	0	0	0	0	0.108927	0	0	0	1	0	0	0	0	0	0	0	0	98	0	0	0	0	0	98	0	0	0	1	0	0	0	0	0	0	0	0	38.3105	0	0	0	0	0	38.3105	0	0	0	1	0	0	0	0	0	0	0	0	79	0	0	0	0	0	79	0	0	0	1	0	0	0	0	0	0	0	0	0	0	0	0	0	0	0	0	0	0	0	0	0	0	0	0	0	0	0	0	0	0	0	0	0	0	0	0	0	0	0	0	0	0	0
144	0	0	0	0	684	0	0	0	0	0	684	0	0	0	0.103743	0	0	0	0	0	0.103743	0	0	0	1	0	0	0	0	0	0	0	0	101	0	0	0	0	0	101	0	0	0	1	0	0	0	0	0	0	0	0	37.9676	0	0	0	0	0	37.9676	0	0	0	1	0	0	0	0	0	0	0	0	74	0	0	0	0	0	74	0	0	0	1	0	0	0	0	0	0	0	0	0	0	0	0	0	0	0	0	0	0	0	0	0	0	0	0	0	0	0	0	0	0	0	0	0	0	0	0	0	0	0	0	0	0	0
145	0	0	0	0	710	0	0	0	0	0	710	0	0	0	0.0967907	0	0	0	0	0	0.0967907	0	0	0	1	0	0	0	0	0	0	0	0	104	0	0	0	0	0	104	0	0	0	1	0	0	0	0	0	0	0	0	37.7131	0	0	0	0	0	37.7131	0	0	0	1	0	0	0	0	0	0	0	0	73	0	0	0	0	0	73	0	0	0	1	0	0	0	0	0	0	0	0	0	0	0	0	0	0	0	0	0	0	0	0	0	0	0	0	0	0	0	0	0	0	0	0	0	0	0	0	0	0	0	0	0	0	0
146	0	0	0	0	727	0	0	0	0	0	727	0	0	0	0.110175	0	0	0	0	0	0.110175	0	0	0	1	0	0	0	0	0	0	0	0	123	0	0	0	0	0	123	0	0	0	1	0	0	0	0	0	0	0	0	38.4916	0	0	0	0	0	38.4916	0	0	0	1	0	0	0	0	0	0	0	0	72	0	0	0	0	0	72	0	0	0	1	0	0	0	0	0	0	0	0	0	0	0	0	0	0	0	0	0	0	0	0	0	0	0	0	0	0	0	0	0	0	0	0	0	0	0	0	0	0	0	0	0	0	0
147	0	0	0	0	722	0	0	0	0	0	722	0	0	0	0.119236	0	0	0	0	0	0.119236	0	0	0	1	0	0	0	0	0	0	0	0	130	0	0	0	0	0	130	0	0	0	1	0	0	0	0	0	0	0	0	36.6341	0	0	0	0	0	36.6341	0	0	0	1	0	0	0	0	0	0	0	0	73	0	0	0	0	0	73	0	0	0	1	0	0	0	0	0	0	0	0	0	0	0	0	0	0	0	0	0	0	0	0	0	0	0	0	0	0	0	0	0	0	0	0	0	0	0	0	0	0	0	0	0	0	0
148	0	0	0	0	730	0	0	0	0	0	730	0	0	0	0.137729	0	0	0	0	0	0.137729	0	0	0	1	0	0	0	0	0	0	0	0	137	0	0	0	0	0	137	0	0	0	1	0	0	0	0	0	0	0	0	38.0489	0	0	0	0	0	38.0489	0	0	0	1	0	0	0	0	0	0	0	0	74	0	0	0	0	0	74	0	0	0	1	0	0	0	0	0	0	0	0	0	0	0	0	0	0	0	0	0	0	0	0	0	0	0	0	0	0	0	0	0	0	0	0	0	0	0	0	0	0	0	0	0	0	0
149	0	0	0	0	702	0	0	0	0	0	702	0	0	0	0.15769	0	0	0	0	0	0.15769	0	0	0	1	0	0	0	0	0	0	0	0	153	0	0	0	0	0	153	0	0	0	1	0	0	0	0	0	0	0	0	33.1735	0	0	0	0	0	33.1735	0	0	0	1	0	0	0	0	0	0	0	0	68	0	0	0	0	0	68	0	0	0	1	0	0	0	0	0	0	0	0	0	0	0	0	0	0	0	0	0	0	0	0	0	0	0	0	0	0	0	0	0	0	0	0	0	0	0	0	0	0	0	0	0	0	0
150	0	0	0	0	698	0	0	0	0	0	698	0	0	0	0.162938	0	0	0	0	0	0.162938	0	0	0	1	0	0	0	0	0	0	0	0	168	0	0	0	0	0	168	0	0	0	1	0	0	0	0	0	0	0	0	33.4206	0	0	0	0	0	33.4206	0	0	0	1	0	0	0	0	0	0	0	0	70	0	0	0	0	0	70	0	0	0	1	0	0	0	0	0	0	0	0	0	0	0	0	0	0	0	0	0	0	0	0	0	0	0	0	0	0	0	0	0	0	0	0	0	0	0	0	0	0	0	0	0	0	0
151	0	0	0	0	710	0	0	0	0	0	710	0	0	0	0.183157	0	0	0	0	0	0.183157	0	0	0	1	0	0	0	0	0	0	0	0	182	0	0	0	0	0	182	0	0	0	1	0	0	0	0	0	0	0	0	34.5727	0	0	0	0	0	34.5727	0	0	0	1	0	0	0	0	0	0	0	0	75	0	0	0	0	0	75	0	0	0	1	0	0	0	0	0	0	0	0	0	0	0	0	0	0	0	0	0	0	0	0	0	0	0	0	0	0	0	0	0	0	0	0	0	0	0	0	0	0	0	0	0	0	0
152	0	0	0	0	718	0	0	0	0	0	718	0	0	0	0.235385	0	0	0	0	0	0.235385	0	0	0	1	0	0	0	0	0	0	0	0	193	0	0	0	0	0	193	0	0	0	1	0	0	0	0	0	0	0	0	33.7101	0	0	0	0	0	33.7101	0	0	0	1	0	0	0	0	0	0	0	0	73	0	0	0	0	0	73	0	0	0	1	0	0	0	0	0	0	0	0	0	0	0	0	0	0	0	0	0	0	0	0	0	0	0	0	0	0	0	0	0	0	0	0	0	0	0	0	0	0	0	0	0	0	0
153	0	0	0	0	700	0	0	0	0	0	700	0	0	0	0.217279	0	0	0	0	0	0.217279	0	0	0	1	0	0	0	0	0	0	0	0	205	0	0	0	0	0	205	0	0	0	1	0	0	0	0	0	0	0	0	33.1241	0	0	0	0	0	33.1241	0	0	0	1	0	0	0	0	0	0	0	0	83	0	0	0	0	0	83	0	0	0	1	0	0	0	0	0	0	0	0	0	0	0	0	0	0	0	0	0	0	0	0	0	0	0	0	0	0	0	0	0	0	0	0	0	0	0	0	0	0	0	0	0	0	0
154	0	0	0	0	705	0	0	0	0	0	705	0	0	0	0.238465	0	0	0	0	0	0.238465	0	0	0	1	0	0	0	0	0	0	0	0	209	0	0	0	0	0	209	0	0	0	1	0	0	0	0	0	0	0	0	34.5724	0	0	0	0	0	34.5724	0	0	0	1	0	0	0	0	0	0	0	0	89	0	0	0	0	0	89	0	0	0	1	0	0	0	0	0	0	0	0	0	0	0	0	0	0	0	0	0	0	0	0	0	0	0	0	0	0	0	0	0	0	0	0	0	0	0	0	0	0	0	0	0	0	0
155	0	0	0	0	692	0	0	0	0	0	692	0	0	0	0.26068	0	0	0	0	0	0.26068	0	0	0	1	0	0	0	0	0	0	0	0	214	0	0	0	0	0	214	0	0	0	1	0	0	0	0	0	0	0	0	32.5177	0	0	0	0	0	32.5177	0	0	0	1	0	0	0	0	0	0	0	0	93	0	0	0	0	0	93	0	0	0	1	0	0	0	0	0	0	0	0	0	0	0	0	0	0	0	0	0	0	0	0	0	0	0	0	0	0	0	0	0	0	0	0	0	0	0	0	0	0	0	0	0	0	0
156	0	0	0	0	692	0	0	0	0	0	692	0	0	0	0.252483	0	0	0	0	0	0.252483	0	0	0	1	0	0	0	0	0	0	0	0	219	0	0	0	0	0	219	0	0	0	1	0	0	0	0	0	0	0	0	33.2239	0	0	0	0	0	33.2239	0	0	0	1	0	0	0	0	0	0	0	0	97	0	0	0	0	0	97	0	0	0	1	0	0	0	0	0	0	0	0	0	0	0	0	0	0	0	0	0	0	0	0	0	0	0	0	0	0	0	0	0	0	0	0	0	0	0	0	0	0	0	0	0	0	0
157	0	0	0	0	693	0	0	0	0	0	693	0	0	0	0.251657	0	0	0	0	0	0.251657	0	0	0	1	0	0	0	0	0	0	0	0	225	0	0	0	0	0	225	0	0	0	1	0	0	0	0	0	0	0	0	31.5196	0	0	0	0	0	31.5196	0	0	0	1	0	0	0	0	0	0	0	0	96	0	0	0	0	0	96	0	0	0	1	0	0	0	0	0	0	0	0	0	0	0	0	0	0	0	0	0	0	0	0	0	0	0	0	0	0	0	0	0	0	0	0	0	0	0	0	0	0	0	0	0	0	0
158	0	0	0	0	675	0	0	0	0	0	675	0	0	0	0.283685	0	0	0	0	0	0.283685	0	0	0	1	0	0	0	0	0	0	0	0	237	0	0	0	0	0	237	0	0	0	1	0	0	0	0	0	0	0	0	31.5049	0	0	0	0	0	31.5049	0	0	0	1	0	0	0	0	0	0	0	0	98	0	0	0	0	0	98	0	0	0	1	0	0	0	0	0	0	0	0	0	0	0	0	0	0	0	0	0	0	0	0	0	0	0	0	0	0	0	0	0	0	0	0	0	0	0	0	0	0	0	0	0	0	0
159	0	0	0	0	673	0	0	0	0	0	673	0	0	0	0.278966	0	0	0	0	0	0.278966	0	0	0	1	0	0	0	0	0	0	0	0	229	0	0	0	0	0	229	0	0	0	1	0	0	0	0	0	0	0	0	32.0485	0	0	0	0	0	32.0485	0	0	0	1	0	0	0	0	0	0	0	0	101	0	0	0	0	0	101	0	0	0	1	0	0	0	0	0	0	0	0	0	0	0	0	0	0	0	0	0	0	0	0	0	0	0	0	0	0	0	0	0	0	0	0	0	0	0	0	0	0	0	0	0	0	0
160	0	0	0	0	658	0	0	0	0	0	658	0	0	0	0.306621	0	0	0	0	0	0.306621	0	0	0	1	0	0	0	0	0	0	0	0	238	0	0	0	0	0	238	0	0	0	1	0	0	0	0	0	0	0	0	32.0499	0	0	0	0	0	32.0499	0	0	0	1	0	0	0	0	0	0	0	0	105	0	0	0	0	0	105	0	0	0	1	0	0	0	0	0	0	0	0	0	0	0	0	0	0	0	0	0	0	0	0	0	0	0	0	0	0	0	0	0	0	0	0	0	0	0	0	0	0	0	0	0	0	0
161	0	0	0	0	662	0	0	0	0	0	662	0	0	0	0.294564	0	0	0	0	0	0.294564	0	0	0	1	0	0	0	0	0	0	0	0	229	0	0	0	0	0	229	0	0	0	1	0	0	0	0	0	0	0	0	33.3764	0	0	0	0	0	33.3764	0	0	0	1	0	0	0	0	0	0	0	0	113	0	0	0	0	0	113	0	0	0	1	0	0	0	0	0	0	0	0	0	0	0	0	0	0	0	0	0	0	0	0	0	0	0	0	0	0	0	0	0	0	0	0	0	0	0	0	0	0	0	0	0	0	0
162	0	0	0	0	652	0	0	0	0	0	652	0	0	0	0.310558	0	0	0	0	0	0.310558	0	0	0	1	0	0	0	0	0	0	0	0	220	0	0	0	0	0	220	0	0	0	1	0	0	0	0	0	0	0	0	32.5848	0	0	0	0	0	32.5848	0	0	0	1	0	0	0	0	0	0	0	0	113	0	0	0	0	0	113	0	0	0	1	0	0	0	0	0	0	0	0	0	0	0	0	0	0	0	0	0	0	0	0	0	0	0	0	0	0	0	0	0	0	0	0	0	0	0	0	0	0	0	0	0	0	0
163	0	0	0	0	631	0	0	0	0	0	631	0	0	0	0.335017	0	0	0	0	0	0.335017	0	0	0	1	0	0	0	0	0	0	0	0	222	0	0	0	0	0	222	0	0	0	1	0	0	0	0	0	0	0	0	32.5565	0	0	0	0	0	32.5565	0	0	0	1	0	0	0	0	0	0	0	0	111	0	0	0	0	0	111	0	0	0	1	0	0	0	0	0	0	0	0	0	0	0	0	0	0	0	0	0	0	0	0	0	0	0	0	0	0	0	0	0	0	0	0	0	0	0	0	0	0	0	0	0	0	0
164	0	0	0	0	616	0	0	0	0	0	616	0	0	0	0.291013	0	0	0	0	0	0.291013	0	0	0	1	0	0	0	0	0	0	0	0	211	0	0	0	0	0	211	0	0	0	1	0	0	0	0	0	0	0	0	33.5756	0	0	0	0	0	33.5756	0	0	0	1	0	0	0	0	0	0	0	0	118	0	0	0	0	0	118	0	0	0	1	0	0	0	0	0	0	0	0	0	0	0	0	0	0	0	0	0	0	0	0	0	0	0	0	0	0	0	0	0	0	0	0	0	0	0	0	0	0	0	0	0	0	0
165	0	0	0	0	608	0	0	0	0	0	608	0	0	0	0.253838	0	0	0	0	0	0.253838	0	0	0	1	0	0	0	0	0	0	0	0	193	0	0	0	0	0	193	0	0	0	1	0	0	0	0	0	0	0	0	33.9817	0	0	0	0	0	33.9817	0	0	0	1	0	0	0	0	0	0	0	0	119	0	0	0	0	0	119	0	0	0	1	0	0	0	0	0	0	0	0	0	0	0	0	0	0	0	0	0	0	0	0	0	0	0	0	0	0	0	0	0	0	0	0	0	0	0	0	0	0	0	0	0	0	0
166	0	0	0	0	605	0	0	0	0	0	605	0	0	0	0.230496	0	0	0	0	0	0.230496	0	0	0	1	0	0	0	0	0	0	0	0	187	0	0	0	0	0	187	0	0	0	1	0	0	0	0	0	0	0	0	34.6582	0	0	0	0	0	34.6582	0	0	0	1	0	0	0	0	0	0	0	0	124	0	0	0	0	0	124	0	0	0	1	0	0	0	0	0	0	0	0	0	0	0	0	0	0	0	0	0	0	0	0	0	0	0	0	0	0	0	0	0	0	0	0	0	0	0	0	0	0	0	0	0	0	0
167	0	0	0	0	601	0	0	0	0	0	601	0	0	0	0.232796	0	0	0	0	0	0.232796	0	0	0	1	0	0	0	0	0	0	0	0	178	0	0	0	0	0	178	0	0	0	1	0	0	0	0	0	0	0	0	34.247	0	0	0	0	0	34.247	0	0	0	1	0	0	0	0	0	0	0	0	124	0	0	0	0	0	124	0	0	0	1	0	0	0	0	0	0	0	0	0	0	0	0	0	0	0	0	0	0	0	0	0	0	0	0	0	0	0	0	0	0	0	0	0	0	0	0	0	0	0	0	0	0	0
168	0	0	0	0	564	0	0	0	0	0	564	0	0	0	0.228312	0	0	0	0	0	0.228312	0	0	0	1	0	0	0	0	0	0	0	0	168	0	0	0	0	0	168	0	0	0	1	0	0	0	0	0	0	0	0	32.768	0	0	0	0	0	32.768	0	0	0	1	0	0	0	0	0	0	0	0	117	0	0	0	0	0	117	0	0	0	1	0	0	0	0	0	0	0	0	0	0	0	0	0	0	0	0	0	0	0	0	0	0	0	0	0	0	0	0	0	0	0	0	0	0	0	0	0	0	0	0	0	0	0
169	0	0	0	0	535	0	0	0	0	0	535	0	0	0	0.229677	0	0	0	0	0	0.229677	0	0	0	1	0	0	0	0	0	0	0	0	160	0	0	0	0	0	160	0	0	0	1	0	0	0	0	0	0	0	0	30.8787	0	0	0	0	0	30.8787	0	0	0	1	0	0	0	0	0	0	0	0	113	0	0	0	0	0	113	0	0	0	1	0	0	0	0	0	0	0	0	0	0	0	0	0	0	0	0	0	0	0	0	0	0	0	0	0	0	0	0	0	0	0	0	0	0	0	0	0	0	0	0	0	0	0
170	0	0	0	0	520	0	0	0	0	0	520	0	0	0	0.219421	0	0	0	0	0	0.219421	0	0	0	1	0	0	0	0	0	0	0	0	145	0	0	0	0	0	145	0	0	0	1	0	0	0	0	0	0	0	0	31.2578	0	0	0	0	0	31.2578	0	0	0	1	0	0	0	0	0	0	0	0	111	0	0	0	0	0	111	0	0	0	1	0	0	0	0	0	0	0	0	0	0	0	0	0	0	0	0	0	0	0	0	0	0	0	0	0	0	0	0	0	0	0	0	0	0	0	0	0	0	0	0	0	0	0
171	0	0	0	0	523	0	0	0	0	0	523	0	0	0	0.214609	0	0	0	0	0	0.214609	0	0	0	1	0	0	0	0	0	0	0	0	146	0	0	0	0	0	146	0	0	0	1	0	0	0	0	0	0	0	0	32.4711	0	0	0	0	0	32.4711	0	0	0	1	0	0	0	0	0	0	0	0	110	0	0	0	0	0	110	0	0	0	1	0	0	0	0	0	0	0	0	0	0	0	0	0	0	0	0	0	0	0	0	0	0	0	0	0	0	0	0	0	0	0	0	0	0	0	0	0	0	0	0	0	0	0
172	0	0	0	0	507	0	0	0	0	0	507	0	0	0	0.212355	0	0	0	0	0	0.212355	0	0	0	1	0	0	0	0	0	0	0	0	140	0	0	0	0	0	140	0	0	0	1	0	0	0	0	0	0	0	0	31.6185	0	0	0	0	0	31.6185	0	0	0	1	0	0	0	0	0	0	0	0	103	0	0	0	0	0	103	0	0	0	1	0	0	0	0	0	0	0	0	0	0	0	0	0	0	0	0	0	0	0	0	0	0	0	0	0	0	0	0	0	0	0	0	0	0	0	0	0	0	0	0	0	0	0
173	0	0	0	0	486	0	0	0	0	0	486	0	0	0	0.199872	0	0	0	0	0	0.199872	0	0	0	1	0	0	0	0	0	0	0	0	144	0	0	0	0	0	144	0	0	0	1	0	0	0	0	0	0	0	0	31.6304	0	0	0	0	0	31.6304	0	0	0	1	0	0	0	0	0	0	0	0	97	0	0	0	0	0	97	0	0	0	1	0	0	0	0	0	0	0	0	0	0	0	0	0	0	0	0	0	0	0	0	0	0	0	0	0	0	0	0	0	0	0	0	0	0	0	0	0	0	0	0	0	0	0
174	0	0	0	0	500	0	0	0	0	0	500	0	0	0	0.210443	0	0	0	0	0	0.210443	0	0	0	1	0	0	0	0	0	0	0	0	145	0	0	0	0	0	145	0	0	0	1	0	0	0	0	0	0	0	0	32.595	0	0	0	0	0	32.595	0	0	0	1	0	0	0	0	0	0	0	0	96	0	0	0	0	0	96	0	0	0	1	0	0	0	0	0	0	0	0	0	0	0	0	0	0	0	0	0	0	0	0	0	0	0	0	0	0	0	0	0	0	0	0	0	0	0	0	0	0	0	0	0	0	0
175	0	0	0	0	492	0	0	0	0	0	492	0	0	0	0.21576	0	0	0	0	0	0.21576	0	0	0	1	0	0	0	0	0	0	0	0	149	0	0	0	0	0	149	0	0	0	1	0	0	0	0	0	0	0	0	32.6473	0	0	0	0	0	32.6473	0	0	0	1	0	0	0	0	0	0	0	0	94	0	0	0	0	0	94	0	0	0	1	0	0	0	0	0	0	0	0	0	0	0	0	0	0	0	0	0	0	0	0	0	0	0	0	0	0	0	0	0	0	0	0	0	0	0	0	0	0	0	0	0	0	0
176	0	0	0	0	501	0	0	0	0	0	501	0	0	0	0.195289	0	0	0	0	0	0.195289	0	0	0	1	0	0	0	0	0	0	0	0	145	0	0	0	0	0	145	0	0	0	1	0	0	0	0	0	0	0	0	30.572	0	0	0	0	0	30.572	0	0	0	1	0	0	0	0	0	0	0	0	93	0	0	0	0	0	93	0	0	0	1	0	0	0	0	0	0	0	0	0	0	0	0	0	0	0	0	0	0	0	0	0	0	0	0	0	0	0	0	0	0	0	0	0	0	0	0	0	0	0	0	0	0	0
177	0	0	0	0	506	0	0	0	0	0	506	0	0	0	0.188478	0	0	0	0	0	0.188478	0	0	0	1	0	0	0	0	0	0	0	0	136	0	0	0	0	0	136	0	0	0	1	0	0	0	0	0	0	0	0	30.4635	0	0	0	0	0	30.4635	0	0	0	1	0	0	0	0	0	0	0	0	99	0	0	0	0	0	99	0	0	0	1	0	0	0	0	0	0	0	0	0	0	0	0	0	0	0	0	0	0	0	0	0	0	0	0	0	0	0	0	0	0	0	0	0	0	0	0	0	0	0	0	0	0	0
178	0	0	0	0	521	0	0	0	0	0	521	0	0	0	0.19183	0	0	0	0	0	0.19183	0	0	0	1	0	0	0	0	0	0	0	0	132	0	0	0	0	0	132	0	0	0	1	0	0	0	0	0	0	0	0	30.514	0	0	0	0	0	30.514	0	0	0	1	0	0	0	0	0	0	0	0	101	0	0	0	0	0	101	0	0	0	1	0	0	0	0	0	0	0	0	0	0	0	0	0	0	0	0	0	0	0	0	0	0	0	0	0	0	0	0	0	0	0	0	0	0	0	0	0	0	0	0	0	0	0
179	0	0	0	0	534	0	0	0	0	0	534	0	0	0	0.19121	0	0	0	0	0	0.19121	0	0	0	1	0	0	0	0	0	0	0	0	128	0	0	0	0	0	128	0	0	0	1	0	0	0	0	0	0	0	0	30.7491	0	0	0	0	0	30.7491	0	0	0	1	0	0	0	0	0	0	0	0	96	0	0	0	0	0	96	0	0	0	1	0	0	0	0	0	0	0	0	0	0	0	0	0	0	0	0	0	0	0	0	0	0	0	0	0	0	0	0	0	0	0	0	0	0	0	0	0	0	0	0	0	0	0
180	0	0	0	0	536	0	0	0	0	0	536	0	0	0	0.176412	0	0	0	0	0	0.176412	0	0	0	1	0	0	0	0	0	0	0	0	128	0	0	0	0	0	128	0	0	0	1	0	0	0	0	0	0	0	0	28.9962	0	0	0	0	0	28.9962	0	0	0	1	0	0	0	0	0	0	0	0	92	0	0	0	0	0	92	0	0	0	1	0	0	0	0	0	0	0	0	0	0	0	0	0	0	0	0	0	0	0	0	0	0	0	0	0	0	0	0	0	0	0	0	0	0	0	0	0	0	0	0	0	0	0
181	0	0	0	0	554	0	0	0	0	0	554	0	0	0	0.169293	0	0	0	0	0	0.169293	0	0	0	1	0	0	0	0	0	0	0	0	121	0	0	0	0	0	121	0	0	0	1	0	0	0	0	0	0	0	0	29.2174	0	0	0	0	0	29.2174	0	0	0	1	0	0	0	0	0	0	0	0	90	0	0	0	0	0	90	0	0	0	1	0	0	0	0	0	0	0	0	0	0	0	0	0	0	0	0	0	0	0	0	0	0	0	0	0	0	0	0	0	0	0	0	0	0	0	0	0	0	0	0	0	0	0
182	0	0	0	0	577	0	0	0	0	0	577	0	0	0	0.16438	0	0	0	0	0	0.16438	0	0	0	1	0	0	0	0	0	0	0	0	123	0	0	0	0	0	123	0	0	0	1	0	0	0	0	0	0	0	0	30.6333	0	0	0	0	0	30.6333	0	0	0	1	0	0	0	0	0	0	0	0	92	0	0	0	0	0	92	0	0	0	1	0	0	0	0	0	0	0	0	0	0	0	0	0	0	0	0	0	0	0	0	0	0	0	0	0	0	0	0	0	0	0	0	0	0	0	0	0	0	0	0	0	0	0
183	0	0	0	0	569	0	0	0	0	0	569	0	0	0	0.181775	0	0	0	0	0	0.181775	0	0	0	1	0	0	0	0	0	0	0	0	125	0	0	0	0	0	125	0	0	0	1	0	0	0	0	0	0	0	0	31.4374	0	0	0	0	0	31.4374	0	0	0	1	0	0	0	0	0	0	0	0	92	0	0	0	0	0	92	0	0	0	1	0	0	0	0	0	0	0	0	0	0	0	0	0	0	0	0	0	0	0	0	0	0	0	0	0	0	0	0	0	0	0	0	0	0	0	0	0	0	0	0	0	0	0
184	0	0	0	0	547	0	0	0	0	0	547	0	0	0	0.148428	0	0	0	0	0	0.148428	0	0	0	1	0	0	0	0	0	0	0	0	111	0	0	0	0	0	111	0	0	0	1	0	0	0	0	0	0	0	0	29.8612	0	0	0	0	0	29.8612	0	0	0	1	0	0	0	0	0	0	0	0	93	0	0	0	0	0	93	0	0	0	1	0	0	0	0	0	0	0	0	0	0	0	0	0	0	0	0	0	0	0	0	0	0	0	0	0	0	0	0	0	0	0	0	0	0	0	0	0	0	0	0	0	0	0
185	0	0	0	0	535	0	0	0	0	0	535	0	0	0	0.136483	0	0	0	0	0	0.136483	0	0	0	1	0	0	0	0	0	0	0	0	110	0	0	0	0	0	110	0	0	0	1	0	0	0	0	0	0	0	0	30.4151	0	0	0	0	0	30.4151	0	0	0	1	0	0	0	0	0	0	0	0	92	0	0	0	0	0	92	0	0	0	1	0	0	0	0	0	0	0	0	0	0	0	0	0	0	0	0	0	0	0	0	0	0	0	0	0	0	0	0	0	0	0	0	0	0	0	0	0	0	0	0	0	0	0
186	0	0	0	0	530	0	0	0	0	0	530	0	0	0	0.153922	0	0	0	0	0	0.153922	0	0	0	1	0	0	0	0	0	0	0	0	110	0	0	0	0	0	110	0	0	0	1	0	0	0	0	0	0	0	0	31.5381	0	0	0	0	0	31.5381	0	0	0	1	0	0	0	0	0	0	0	0	93	0	0	0	0	0	93	0	0	0	1	0	0	0	0	0	0	0	0	0	0	0	0	0	0	0	0	0	0	0	0	0	0	0	0	0	0	0	0	0	0	0	0	0	0	0	0	0	0	0	0	0	0	0
187	0	0	0	0	517	0	0	0	0	0	517	0	0	0	0.139259	0	0	0	0	0	0.139259	0	0	0	1	0	0	0	0	0	0	0	0	109	0	0	0	0	0	109	0	0	0	1	0	0	0	0	0	0	0	0	31.3437	0	0	0	0	0	31.3437	0	0	0	1	0	0	0	0	0	0	0	0	97	0	0	0	0	0	97	0	0	0	1	0	0	0	0	0	0	0	0	0	0	0	0	0	0	0	0	0	0	0	0	0	0	0	0	0	0	0	0	0	0	0	0	0	0	0	0	0	0	0	0	0	0	0
188	0	0	0	0	524	0	0	0	0	0	524	0	0	0	0.121078	0	0	0	0	0	0.121078	0	0	0	1	0	0	0	0	0	0	0	0	113	0	0	0	0	0	113	0	0	0	1	0	0	0	0	0	0	0	0	30.8856	0	0	0	0	0	30.8856	0	0	0	1	0	0	0	0	0	0	0	0	99	0	0	0	0	0	99	0	0	0	1	0	0	0	0	0	0	0	0	0	0	0	0	0	0	0	0	0	0	0	0	0	0	0	0	0	0	0	0	0	0	0	0	0	0	0	0	0	0	0	0	0	0	0
189	0	0	0	0	534	0	0	0	0	0	534	0	0	0	0.114228	0	0	0	0	0	0.114228	0	0	0	1	0	0	0	0	0	0	0	0	104	0	0	0	0	0	104	0	0	0	1	0	0	0	0	0	0	0	0	31.9439	0	0	0	0	0	31.9439	0	0	0	1	0	0	0	0	0	0	0	0	98	0	0	0	0	0	98	0	0	0	1	0	0	0	0	0	0	0	0	0	0	0	0	0	0	0	0	0	0	0	0	0	0	0	0	0	0	0	0	0	0	0	0	0	0	0	0	0	0	0	0	0	0	0
190	0	0	0	0	536	0	0	0	0	0	536	0	0	0	0.115295	0	0	0	0	0	0.115295	0	0	0	1	0	0	0	0	0	0	0	0	99	0	0	0	0	0	99	0	0	0	1	0	0	0	0	0	0	0	0	31.4251	0	0	0	0	0	31.4251	0	0	0	1	0	0	0	0	0	0	0	0	91	0	0	0	0	0	91	0	0	0	1	0	0	0	0	0	0	0	0	0	0	0	0	0	0	0	0	0	0	0	0	0	0	0	0	0	0	0	0	0	0	0	0	0	0	0	0	0	0	0	0	0	0	0
191	0	0	0	0	536	0	0	0	0	0	536	0	0	0	0.117619	0	0	0	0	0	0.117619	0	0	0	1	0	0	0	0	0	0	0	0	97	0	0	0	0	0	97	0	0	0	1	0	0	0	0	0	0	0	0	29.7593	0	0	0	0	0	29.7593	0	0	0	1	0	0	0	0	0	0	0	0	84	0	0	0	0	0	84	0	0	0	1	0	0	0	0	0	0	0	0	0	0	0	0	0	0	0	0	0	0	0	0	0	0	0	0	0	0	0	0	0	0	0	0	0	0	0	0	0	0	0	0	0	0	0
192	0	0	0	0	550	0	0	0	0	0	550	0	0	0	0.11068	0	0	0	0	0	0.11068	0	0	0	1	0	0	0	0	0	0	0	0	95	0	0	0	0	0	95	0	0	0	1	0	0	0	0	0	0	0	0	31.163	0	0	0	0	0	31.163	0	0	0	1	0	0	0	0	0	0	0	0	85	0	0	0	0	0	85	0	0	0	1	0	0	0	0	0	0	0	0	0	0	0	0	0	0	0	0	0	0	0	0	0	0	0	0	0	0	0	0	0	0	0	0	0	0	0	0	0	0	0	0	0	0	0
193	0	0	0	0	556	0	0	0	0	0	556	0	0	0	0.102965	0	0	0	0	0	0.102965	0	0	0	1	0	0	0	0	0	0	0	0	92	0	0	0	0	0	92	0	0	0	1	0	0	0	0	0	0	0	0	32.0392	0	0	0	0	0	32.0392	0	0	0	1	0	0	0	0	0	0	0	0	82	0	0	0	0	0	82	0	0	0	1	0	0	0	0	0	0	0	0	0	0	0	0	0	0	0	0	0	0	0	0	0	0	0	0	0	0	0	0	0	0	0	0	0	0	0	0	0	0	0	0	0	0	0
194	0	0	0	0	556	0	0	0	0	0	556	0	0	0	0.111266	0	0	0	0	0	0.111266	0	0	0	1	0	0	0	0	0	0	0	0	96	0	0	0	0	0	96	0	0	0	1	0	0	0	0	0	0	0	0	31.5157	0	0	0	0	0	31.5157	0	0	0	1	0	0	0	0	0	0	0	0	76	0	0	0	0	0	76	0	0	0	1	0	0	0	0	0	0	0	0	0	0	0	0	0	0	0	0	0	0	0	0	0	0	0	0	0	0	0	0	0	0	0	0	0	0	0	0	0	0	0	0	0	0	0
195	0	0	0	0	582	0	0	0	0	0	582	0	0	0	0.132897	0	0	0	0	0	0.132897	0	0	0	1	0	0	0	0	0	0	0	0	97	0	0	0	0	0	97	0	0	0	1	0	0	0	0	0	0	0	0	29.3018	0	0	0	0	0	29.3018	0	0	0	1	0	0	0	0	0	0	0	0	73	0	0	0	0	0	73	0	0	0	1	0	0	0	0	0	0	0	0	0	0	0	0	0	0	0	0	0	0	0	0	0	0	0	0	0	0	0	0	0	0	0	0	0	0	0	0	0	0	0	0	0	0	0
196	0	0	0	0	592	0	0	0	0	0	592	0	0	0	0.117106	0	0	0	0	0	0.117106	0	0	0	1	0	0	0	0	0	0	0	0	92	0	0	0	0	0	92	0	0	0	1	0	0	0	0	0	0	0	0	27.4178	0	0	0	0	0	27.4178	0	0	0	1	0	0	0	0	0	0	0	0	78	0	0	0	0	0	78	0	0	0	1	0	0	0	0	0	0	0	0	0	0	0	0	0	0	0	0	0	0	0	0	0	0	0	0	0	0	0	0	0	0	0	0	0	0	0	0	0	0	0	0	0	0	0
197	0	0	0	0	562	0	0	0	0	0	562	0	0	0	0.134646	0	0	0	0	0	0.134646	0	0	0	1	0	0	0	0	0	0	0	0	128	0	0	0	0	0	128	0	0	0	1	0	0	0	0	0	0	0	0	27.2236	0	0	0	0	0	27.2236	0	0	0	1	0	0	0	0	0	0	0	0	76	0	0	0	0	0	76	0	0	0	1	0	0	0	0	0	0	0	0	0	0	0	0	0	0	0	0	0	0	0	0	0	0	0	0	0	0	0	0	0	0	0	0	0	0	0	0	0	0	0	0	0	0	0
198	0	0	0	0	552	0	0	0	0	0	552	0	0	0	0.146302	0	0	0	0	0	0.146302	0	0	0	1	0	0	0	0	0	0	0	0	143	0	0	0	0	0	143	0	0	0	1	0	0	0	0	0	0	0	0	26.5647	0	0	0	0	0	26.5647	0	0	0	1	0	0	0	0	0	0	0	0	77	0	0	0	0	0	77	0	0	0	1	0	0	0	0	0	0	0	0	0	0	0	0	0	0	0	0	0	0	0	0	0	0	0	0	0	0	0	0	0	0	0	0	0	0	0	0	0	0	0	0	0	0	0
199	0	0	0	0	545	0	0	0	0	0	545	0	0	0	0.159932	0	0	0	0	0	0.159932	0	0	0	1	0	0	0	0	0	0	0	0	156	0	0	0	0	0	156	0	0	0	1	0	0	0	0	0	0	0	0	26.5297	0	0	0	0	0	26.5297	0	0	0	1	0	0	0	0	0	0	0	0	82	0	0	0	0	0	82	0	0	0	1	0	0	0	0	0	0	0	0	0	0	0	0	0	0	0	0	0	0	0	0	0	0	0	0	0	0	0	0	0	0	0	0	0	0	0	0	0	0	0	0	0	0	0
200	0	0	0	0	551	0	0	0	0	0	551	0	0	0	0.205157	0	0	0	0	0	0.205157	0	0	0	1	0	0	0	0	0	0	0	0	160	0	0	0	0	0	160	0	0	0	1	0	0	0	0	0	0	0	0	27.2695	0	0	0	0	0	27.2695	0	0	0	1	0	0	0	0	0	0	0	0	80	0	0	0	0	0	80	0	0	0	1	0	0	0	0	0	0	0	0	0	0	0	0	0	0	0	0	0	0	0	0	0	0	0	0	0	0	0	0	0	0	0	0	0	0	0	0	0	0	0	0	0	0	0
