Location: Fake forest
From parameter file: C:\Users\ben\Desktop\inputs\input_GMF_1-0-0-0-0-0-0-0-0.xml
Basal area is normalized to m^2/ha; density to #/ha.
Subplots:
0 = Whole plot
Step	Subplot	Sdl Abs Den: ACRU	Sdl Abs Den: ACSA	Sdl Abs Den: BEAL	Sdl Abs Den: FAGR	Sdl Abs Den: TSCA	Sdl Abs Den: FRAM	Sdl Abs Den: PIST	Sdl Abs Den: PRSE	Sdl Abs Den: QURU	Sdl Den Total:	Sapl Abs BA: ACRU	Sapl Abs BA: ACSA	Sapl Abs BA: BEAL	Sapl Abs BA: FAGR	Sapl Abs BA: TSCA	Sapl Abs BA: FRAM	Sapl Abs BA: PIST	Sapl Abs BA: PRSE	Sapl Abs BA: QURU	Sapl BA Total:	Sapl Rel BA: ACRU	Sapl Rel BA: ACSA	Sapl Rel BA: BEAL	Sapl Rel BA: FAGR	Sapl Rel BA: TSCA	Sapl Rel BA: FRAM	Sapl Rel BA: PIST	Sapl Rel BA: PRSE	Sapl Rel BA: QURU	Sapl Abs Den: ACRU	Sapl Abs Den: ACSA	Sapl Abs Den: BEAL	Sapl Abs Den: FAGR	Sapl Abs Den: TSCA	Sapl Abs Den: FRAM	Sapl Abs Den: PIST	Sapl Abs Den: PRSE	Sapl Abs Den: QURU	Sapl Den Total:	Sapl Rel Den: ACRU	Sapl Rel Den: ACSA	Sapl Rel Den: BEAL	Sapl Rel Den: FAGR	Sapl Rel Den: TSCA	Sapl Rel Den: FRAM	Sapl Rel Den: PIST	Sapl Rel Den: PRSE	Sapl Rel Den: QURU	Adult Abs BA: ACRU	Adult Abs BA: ACSA	Adult Abs BA: BEAL	Adult Abs BA: FAGR	Adult Abs BA: TSCA	Adult Abs BA: FRAM	Adult Abs BA: PIST	Adult Abs BA: PRSE	Adult Abs BA: QURU	Adult BA Total:	Adult Rel BA: ACRU	Adult Rel BA: ACSA	Adult Rel BA: BEAL	Adult Rel BA: FAGR	Adult Rel BA: TSCA	Adult Rel BA: FRAM	Adult Rel BA: PIST	Adult Rel BA: PRSE	Adult Rel BA: QURU	Adult Abs Den: ACRU	Adult Abs Den: ACSA	Adult Abs Den: BEAL	Adult Abs Den: FAGR	Adult Abs Den: TSCA	Adult Abs Den: FRAM	Adult Abs Den: PIST	Adult Abs Den: PRSE	Adult Abs Den: QURU	Adult Den Total:	Adult Rel Den: ACRU	Adult Rel Den: ACSA	Adult Rel Den: BEAL	Adult Rel Den: FAGR	Adult Rel Den: TSCA	Adult Rel Den: FRAM	Adult Rel Den: PIST	Adult Rel Den: PRSE	Adult Rel Den: QURU	Snag Abs BA: ACRU	Snag Abs BA: ACSA	Snag Abs BA: BEAL	Snag Abs BA: FAGR	Snag Abs BA: TSCA	Snag Abs BA: FRAM	Snag Abs BA: PIST	Snag Abs BA: PRSE	Snag Abs BA: QURU	Snag BA Total:	Snag Rel BA: ACRU	Snag Rel BA: ACSA	Snag Rel BA: BEAL	Snag Rel BA: FAGR	Snag Rel BA: TSCA	Snag Rel BA: FRAM	Snag Rel BA: PIST	Snag Rel BA: PRSE	Snag Rel BA: QURU	Snag Abs Den: ACRU	Snag Abs Den: ACSA	Snag Abs Den: BEAL	Snag Abs Den: FAGR	Snag Abs Den: TSCA	Snag Abs Den: FRAM	Snag Abs Den: PIST	Snag Abs Den: PRSE	Snag Abs Den: QURU	Snag Den Total:	Snag Rel Den: ACRU	Snag Rel Den: ACSA	Snag Rel Den: BEAL	Snag Rel Den: FAGR	Snag Rel Den: TSCA	Snag Rel Den: FRAM	Snag Rel Den: PIST	Snag Rel Den: PRSE	Snag Rel Den: QURU
0	0	0	0	0	0	0	0	0	0	0	0	0.000607605	0	0	0	0	0	0	0	0	0.000607605	1	0	0	0	0	0	0	0	0	25	0	0	0	0	0	0	0	0	25	1	0	0	0	0	0	0	0	0	0	0	0	0	0	0	0	0	0	0	0	0	0	0	0	0	0	0	0	0	0	0	0	0	0	0	0	0	0	0	0	0	0	0	0	0	0	0	0	0	0	0	0	0	0	0	0	0	0	0	0	0	0	0	0	0	0	0	0	0	0	0	0	0	0	0	0	0	0	0	0	0	0	0	0	0
1	0	0	0	0	0	0	0	0	0	0	0	0.00261805	0	0	0	0	0	0	0	0	0.00261805	1	0	0	0	0	0	0	0	0	25	0	0	0	0	0	0	0	0	25	1	0	0	0	0	0	0	0	0	0	0	0	0	0	0	0	0	0	0	0	0	0	0	0	0	0	0	0	0	0	0	0	0	0	0	0	0	0	0	0	0	0	0	0	0	0	0	0	0	0	0	0	0	0	0	0	0	0	0	0	0	0	0	0	0	0	0	0	0	0	0	0	0	0	0	0	0	0	0	0	0	0	0	0	0
2	0	0	0	0	0	0	0	0	0	0	0	0.0111877	0	0	0	0	0	0	0	0	0.0111877	1	0	0	0	0	0	0	0	0	24	0	0	0	0	0	0	0	0	24	1	0	0	0	0	0	0	0	0	0	0	0	0	0	0	0	0	0	0	0	0	0	0	0	0	0	0	0	0	0	0	0	0	0	0	0	0	0	0	0	0	0	0	0	0	0	0	0	0	0	0	0	0	0	0	0	0	0	0	0	0	0	0	0	0	0	0	0	0	0	0	0	0	0	0	0	0	0	0	0	0	0	0	0	0
3	0	0	0	0	0	0	0	0	0	0	0	0.0475825	0	0	0	0	0	0	0	0	0.0475825	1	0	0	0	0	0	0	0	0	23	0	0	0	0	0	0	0	0	23	1	0	0	0	0	0	0	0	0	0	0	0	0	0	0	0	0	0	0	0	0	0	0	0	0	0	0	0	0	0	0	0	0	0	0	0	0	0	0	0	0	0	0	0	0	0	0	0	0	0	0	0	0	0	0	0	0	0	0	0	0	0	0	0	0	0	0	0	0	0	0	0	0	0	0	0	0	0	0	0	0	0	0	0	0
4	0	1	0	0	0	0	0	0	0	0	1	0.0464953	0	0	0	0	0	0	0	0	0.0464953	1	0	0	0	0	0	0	0	0	13	0	0	0	0	0	0	0	0	13	1	0	0	0	0	0	0	0	0	0.15048	0	0	0	0	0	0	0	0	0.15048	1	0	0	0	0	0	0	0	0	9	0	0	0	0	0	0	0	0	9	1	0	0	0	0	0	0	0	0	0	0	0	0	0	0	0	0	0	0	0	0	0	0	0	0	0	0	0	0	0	0	0	0	0	0	0	0	0	0	0	0	0	0	0	0	0	0
5	0	6	0	0	0	0	0	0	0	0	6	0	0	0	0	0	0	0	0	0	0	0	0	0	0	0	0	0	0	0	0	0	0	0	0	0	0	0	0	0	0	0	0	0	0	0	0	0	0	0.641909	0	0	0	0	0	0	0	0	0.641909	1	0	0	0	0	0	0	0	0	22	0	0	0	0	0	0	0	0	22	1	0	0	0	0	0	0	0	0	0	0	0	0	0	0	0	0	0	0	0	0	0	0	0	0	0	0	0	0	0	0	0	0	0	0	0	0	0	0	0	0	0	0	0	0	0	0
6	0	8	0	0	0	0	0	0	0	0	8	0	0	0	0	0	0	0	0	0	0	0	0	0	0	0	0	0	0	0	0	0	0	0	0	0	0	0	0	0	0	0	0	0	0	0	0	0	0	1.24997	0	0	0	0	0	0	0	0	1.24997	1	0	0	0	0	0	0	0	0	21	0	0	0	0	0	0	0	0	21	1	0	0	0	0	0	0	0	0	0	0	0	0	0	0	0	0	0	0	0	0	0	0	0	0	0	0	0	0	0	0	0	0	0	0	0	0	0	0	0	0	0	0	0	0	0	0
7	0	18	0	0	0	0	0	0	0	0	18	0	0	0	0	0	0	0	0	0	0	0	0	0	0	0	0	0	0	0	0	0	0	0	0	0	0	0	0	0	0	0	0	0	0	0	0	0	0	1.79677	0	0	0	0	0	0	0	0	1.79677	1	0	0	0	0	0	0	0	0	21	0	0	0	0	0	0	0	0	21	1	0	0	0	0	0	0	0	0	0	0	0	0	0	0	0	0	0	0	0	0	0	0	0	0	0	0	0	0	0	0	0	0	0	0	0	0	0	0	0	0	0	0	0	0	0	0
8	0	24	0	0	0	0	0	0	0	0	24	0.000130035	0	0	0	0	0	0	0	0	0.000130035	1	0	0	0	0	0	0	0	0	1	0	0	0	0	0	0	0	0	1	1	0	0	0	0	0	0	0	0	2.23298	0	0	0	0	0	0	0	0	2.23298	1	0	0	0	0	0	0	0	0	20	0	0	0	0	0	0	0	0	20	1	0	0	0	0	0	0	0	0	0	0	0	0	0	0	0	0	0	0	0	0	0	0	0	0	0	0	0	0	0	0	0	0	0	0	0	0	0	0	0	0	0	0	0	0	0	0
9	0	30	0	0	0	0	0	0	0	0	30	0.0010721	0	0	0	0	0	0	0	0	0.0010721	1	0	0	0	0	0	0	0	0	5	0	0	0	0	0	0	0	0	5	1	0	0	0	0	0	0	0	0	2.72944	0	0	0	0	0	0	0	0	2.72944	1	0	0	0	0	0	0	0	0	20	0	0	0	0	0	0	0	0	20	1	0	0	0	0	0	0	0	0	0	0	0	0	0	0	0	0	0	0	0	0	0	0	0	0	0	0	0	0	0	0	0	0	0	0	0	0	0	0	0	0	0	0	0	0	0	0
10	0	38	0	0	0	0	0	0	0	0	38	0.00513446	0	0	0	0	0	0	0	0	0.00513446	1	0	0	0	0	0	0	0	0	10	0	0	0	0	0	0	0	0	10	1	0	0	0	0	0	0	0	0	3.07236	0	0	0	0	0	0	0	0	3.07236	1	0	0	0	0	0	0	0	0	19	0	0	0	0	0	0	0	0	19	1	0	0	0	0	0	0	0	0	0	0	0	0	0	0	0	0	0	0	0	0	0	0	0	0	0	0	0	0	0	0	0	0	0	0	0	0	0	0	0	0	0	0	0	0	0	0
11	0	42	0	0	0	0	0	0	0	0	42	0.0129409	0	0	0	0	0	0	0	0	0.0129409	1	0	0	0	0	0	0	0	0	15	0	0	0	0	0	0	0	0	15	1	0	0	0	0	0	0	0	0	3.36512	0	0	0	0	0	0	0	0	3.36512	1	0	0	0	0	0	0	0	0	19	0	0	0	0	0	0	0	0	19	1	0	0	0	0	0	0	0	0	0	0	0	0	0	0	0	0	0	0	0	0	0	0	0	0	0	0	0	0	0	0	0	0	0	0	0	0	0	0	0	0	0	0	0	0	0	0
12	0	43	0	0	0	0	0	0	0	0	43	0.0165768	0	0	0	0	0	0	0	0	0.0165768	1	0	0	0	0	0	0	0	0	24	0	0	0	0	0	0	0	0	24	1	0	0	0	0	0	0	0	0	3.67297	0	0	0	0	0	0	0	0	3.67297	1	0	0	0	0	0	0	0	0	22	0	0	0	0	0	0	0	0	22	1	0	0	0	0	0	0	0	0	0	0	0	0	0	0	0	0	0	0	0	0	0	0	0	0	0	0	0	0	0	0	0	0	0	0	0	0	0	0	0	0	0	0	0	0	0	0
13	0	42	0	0	0	0	0	0	0	0	42	0.0272976	0	0	0	0	0	0	0	0	0.0272976	1	0	0	0	0	0	0	0	0	26	0	0	0	0	0	0	0	0	26	1	0	0	0	0	0	0	0	0	3.80039	0	0	0	0	0	0	0	0	3.80039	1	0	0	0	0	0	0	0	0	24	0	0	0	0	0	0	0	0	24	1	0	0	0	0	0	0	0	0	0	0	0	0	0	0	0	0	0	0	0	0	0	0	0	0	0	0	0	0	0	0	0	0	0	0	0	0	0	0	0	0	0	0	0	0	0	0
14	0	47	0	0	0	0	0	0	0	0	47	0.0389033	0	0	0	0	0	0	0	0	0.0389033	1	0	0	0	0	0	0	0	0	30	0	0	0	0	0	0	0	0	30	1	0	0	0	0	0	0	0	0	4.22377	0	0	0	0	0	0	0	0	4.22377	1	0	0	0	0	0	0	0	0	28	0	0	0	0	0	0	0	0	28	1	0	0	0	0	0	0	0	0	0	0	0	0	0	0	0	0	0	0	0	0	0	0	0	0	0	0	0	0	0	0	0	0	0	0	0	0	0	0	0	0	0	0	0	0	0	0
15	0	58	0	0	0	0	0	0	0	0	58	0.0424196	0	0	0	0	0	0	0	0	0.0424196	1	0	0	0	0	0	0	0	0	25	0	0	0	0	0	0	0	0	25	1	0	0	0	0	0	0	0	0	4.11885	0	0	0	0	0	0	0	0	4.11885	1	0	0	0	0	0	0	0	0	34	0	0	0	0	0	0	0	0	34	1	0	0	0	0	0	0	0	0	0	0	0	0	0	0	0	0	0	0	0	0	0	0	0	0	0	0	0	0	0	0	0	0	0	0	0	0	0	0	0	0	0	0	0	0	0	0
16	0	56	0	0	0	0	0	0	0	0	56	0.0277777	0	0	0	0	0	0	0	0	0.0277777	1	0	0	0	0	0	0	0	0	27	0	0	0	0	0	0	0	0	27	1	0	0	0	0	0	0	0	0	5.15887	0	0	0	0	0	0	0	0	5.15887	1	0	0	0	0	0	0	0	0	42	0	0	0	0	0	0	0	0	42	1	0	0	0	0	0	0	0	0	0	0	0	0	0	0	0	0	0	0	0	0	0	0	0	0	0	0	0	0	0	0	0	0	0	0	0	0	0	0	0	0	0	0	0	0	0	0
17	0	66	0	0	0	0	0	0	0	0	66	0.0295546	0	0	0	0	0	0	0	0	0.0295546	1	0	0	0	0	0	0	0	0	29	0	0	0	0	0	0	0	0	29	1	0	0	0	0	0	0	0	0	6.20522	0	0	0	0	0	0	0	0	6.20522	1	0	0	0	0	0	0	0	0	49	0	0	0	0	0	0	0	0	49	1	0	0	0	0	0	0	0	0	0	0	0	0	0	0	0	0	0	0	0	0	0	0	0	0	0	0	0	0	0	0	0	0	0	0	0	0	0	0	0	0	0	0	0	0	0	0
18	0	80	0	0	0	0	0	0	0	0	80	0.0309068	0	0	0	0	0	0	0	0	0.0309068	1	0	0	0	0	0	0	0	0	29	0	0	0	0	0	0	0	0	29	1	0	0	0	0	0	0	0	0	7.53849	0	0	0	0	0	0	0	0	7.53849	1	0	0	0	0	0	0	0	0	55	0	0	0	0	0	0	0	0	55	1	0	0	0	0	0	0	0	0	0	0	0	0	0	0	0	0	0	0	0	0	0	0	0	0	0	0	0	0	0	0	0	0	0	0	0	0	0	0	0	0	0	0	0	0	0	0
19	0	93	0	0	0	0	0	0	0	0	93	0.0389986	0	0	0	0	0	0	0	0	0.0389986	1	0	0	0	0	0	0	0	0	27	0	0	0	0	0	0	0	0	27	1	0	0	0	0	0	0	0	0	8.90203	0	0	0	0	0	0	0	0	8.90203	1	0	0	0	0	0	0	0	0	62	0	0	0	0	0	0	0	0	62	1	0	0	0	0	0	0	0	0	0	0	0	0	0	0	0	0	0	0	0	0	0	0	0	0	0	0	0	0	0	0	0	0	0	0	0	0	0	0	0	0	0	0	0	0	0	0
20	0	103	0	0	0	0	0	0	0	0	103	0.0337499	0	0	0	0	0	0	0	0	0.0337499	1	0	0	0	0	0	0	0	0	31	0	0	0	0	0	0	0	0	31	1	0	0	0	0	0	0	0	0	9.5874	0	0	0	0	0	0	0	0	9.5874	1	0	0	0	0	0	0	0	0	65	0	0	0	0	0	0	0	0	65	1	0	0	0	0	0	0	0	0	0	0	0	0	0	0	0	0	0	0	0	0	0	0	0	0	0	0	0	0	0	0	0	0	0	0	0	0	0	0	0	0	0	0	0	0	0	0
21	0	123	0	0	0	0	0	0	0	0	123	0.0347831	0	0	0	0	0	0	0	0	0.0347831	1	0	0	0	0	0	0	0	0	38	0	0	0	0	0	0	0	0	38	1	0	0	0	0	0	0	0	0	10.8215	0	0	0	0	0	0	0	0	10.8215	1	0	0	0	0	0	0	0	0	65	0	0	0	0	0	0	0	0	65	1	0	0	0	0	0	0	0	0	0	0	0	0	0	0	0	0	0	0	0	0	0	0	0	0	0	0	0	0	0	0	0	0	0	0	0	0	0	0	0	0	0	0	0	0	0	0
22	0	140	0	0	0	0	0	0	0	0	140	0.0616085	0	0	0	0	0	0	0	0	0.0616085	1	0	0	0	0	0	0	0	0	55	0	0	0	0	0	0	0	0	55	1	0	0	0	0	0	0	0	0	12.1649	0	0	0	0	0	0	0	0	12.1649	1	0	0	0	0	0	0	0	0	68	0	0	0	0	0	0	0	0	68	1	0	0	0	0	0	0	0	0	0	0	0	0	0	0	0	0	0	0	0	0	0	0	0	0	0	0	0	0	0	0	0	0	0	0	0	0	0	0	0	0	0	0	0	0	0	0
23	0	148	0	0	0	0	0	0	0	0	148	0.102615	0	0	0	0	0	0	0	0	0.102615	1	0	0	0	0	0	0	0	0	60	0	0	0	0	0	0	0	0	60	1	0	0	0	0	0	0	0	0	13.8865	0	0	0	0	0	0	0	0	13.8865	1	0	0	0	0	0	0	0	0	74	0	0	0	0	0	0	0	0	74	1	0	0	0	0	0	0	0	0	0	0	0	0	0	0	0	0	0	0	0	0	0	0	0	0	0	0	0	0	0	0	0	0	0	0	0	0	0	0	0	0	0	0	0	0	0	0
24	0	172	0	0	0	0	0	0	0	0	172	0.0875655	0	0	0	0	0	0	0	0	0.0875655	1	0	0	0	0	0	0	0	0	68	0	0	0	0	0	0	0	0	68	1	0	0	0	0	0	0	0	0	15.64	0	0	0	0	0	0	0	0	15.64	1	0	0	0	0	0	0	0	0	88	0	0	0	0	0	0	0	0	88	1	0	0	0	0	0	0	0	0	0	0	0	0	0	0	0	0	0	0	0	0	0	0	0	0	0	0	0	0	0	0	0	0	0	0	0	0	0	0	0	0	0	0	0	0	0	0
25	0	174	0	0	0	0	0	0	0	0	174	0.115323	0	0	0	0	0	0	0	0	0.115323	1	0	0	0	0	0	0	0	0	77	0	0	0	0	0	0	0	0	77	1	0	0	0	0	0	0	0	0	16.451	0	0	0	0	0	0	0	0	16.451	1	0	0	0	0	0	0	0	0	94	0	0	0	0	0	0	0	0	94	1	0	0	0	0	0	0	0	0	0	0	0	0	0	0	0	0	0	0	0	0	0	0	0	0	0	0	0	0	0	0	0	0	0	0	0	0	0	0	0	0	0	0	0	0	0	0
26	0	197	0	0	0	0	0	0	0	0	197	0.120167	0	0	0	0	0	0	0	0	0.120167	1	0	0	0	0	0	0	0	0	80	0	0	0	0	0	0	0	0	80	1	0	0	0	0	0	0	0	0	18.1666	0	0	0	0	0	0	0	0	18.1666	1	0	0	0	0	0	0	0	0	107	0	0	0	0	0	0	0	0	107	1	0	0	0	0	0	0	0	0	0	0	0	0	0	0	0	0	0	0	0	0	0	0	0	0	0	0	0	0	0	0	0	0	0	0	0	0	0	0	0	0	0	0	0	0	0	0
27	0	219	0	0	0	0	0	0	0	0	219	0.151423	0	0	0	0	0	0	0	0	0.151423	1	0	0	0	0	0	0	0	0	87	0	0	0	0	0	0	0	0	87	1	0	0	0	0	0	0	0	0	19.8929	0	0	0	0	0	0	0	0	19.8929	1	0	0	0	0	0	0	0	0	114	0	0	0	0	0	0	0	0	114	1	0	0	0	0	0	0	0	0	0	0	0	0	0	0	0	0	0	0	0	0	0	0	0	0	0	0	0	0	0	0	0	0	0	0	0	0	0	0	0	0	0	0	0	0	0	0
28	0	236	0	0	0	0	0	0	0	0	236	0.175844	0	0	0	0	0	0	0	0	0.175844	1	0	0	0	0	0	0	0	0	93	0	0	0	0	0	0	0	0	93	1	0	0	0	0	0	0	0	0	21.1973	0	0	0	0	0	0	0	0	21.1973	1	0	0	0	0	0	0	0	0	124	0	0	0	0	0	0	0	0	124	1	0	0	0	0	0	0	0	0	0	0	0	0	0	0	0	0	0	0	0	0	0	0	0	0	0	0	0	0	0	0	0	0	0	0	0	0	0	0	0	0	0	0	0	0	0	0
29	0	269	0	0	0	0	0	0	0	0	269	0.163102	0	0	0	0	0	0	0	0	0.163102	1	0	0	0	0	0	0	0	0	96	0	0	0	0	0	0	0	0	96	1	0	0	0	0	0	0	0	0	23.6725	0	0	0	0	0	0	0	0	23.6725	1	0	0	0	0	0	0	0	0	141	0	0	0	0	0	0	0	0	141	1	0	0	0	0	0	0	0	0	0	0	0	0	0	0	0	0	0	0	0	0	0	0	0	0	0	0	0	0	0	0	0	0	0	0	0	0	0	0	0	0	0	0	0	0	0	0
30	0	268	0	0	0	0	0	0	0	0	268	0.157256	0	0	0	0	0	0	0	0	0.157256	1	0	0	0	0	0	0	0	0	100	0	0	0	0	0	0	0	0	100	1	0	0	0	0	0	0	0	0	25.5362	0	0	0	0	0	0	0	0	25.5362	1	0	0	0	0	0	0	0	0	151	0	0	0	0	0	0	0	0	151	1	0	0	0	0	0	0	0	0	0	0	0	0	0	0	0	0	0	0	0	0	0	0	0	0	0	0	0	0	0	0	0	0	0	0	0	0	0	0	0	0	0	0	0	0	0	0
31	0	285	0	0	0	0	0	0	0	0	285	0.191743	0	0	0	0	0	0	0	0	0.191743	1	0	0	0	0	0	0	0	0	110	0	0	0	0	0	0	0	0	110	1	0	0	0	0	0	0	0	0	26.0198	0	0	0	0	0	0	0	0	26.0198	1	0	0	0	0	0	0	0	0	155	0	0	0	0	0	0	0	0	155	1	0	0	0	0	0	0	0	0	0	0	0	0	0	0	0	0	0	0	0	0	0	0	0	0	0	0	0	0	0	0	0	0	0	0	0	0	0	0	0	0	0	0	0	0	0	0
32	0	292	0	0	0	0	0	0	0	0	292	0.191012	0	0	0	0	0	0	0	0	0.191012	1	0	0	0	0	0	0	0	0	116	0	0	0	0	0	0	0	0	116	1	0	0	0	0	0	0	0	0	27.7223	0	0	0	0	0	0	0	0	27.7223	1	0	0	0	0	0	0	0	0	166	0	0	0	0	0	0	0	0	166	1	0	0	0	0	0	0	0	0	0	0	0	0	0	0	0	0	0	0	0	0	0	0	0	0	0	0	0	0	0	0	0	0	0	0	0	0	0	0	0	0	0	0	0	0	0	0
33	0	318	0	0	0	0	0	0	0	0	318	0.144724	0	0	0	0	0	0	0	0	0.144724	1	0	0	0	0	0	0	0	0	113	0	0	0	0	0	0	0	0	113	1	0	0	0	0	0	0	0	0	30.4299	0	0	0	0	0	0	0	0	30.4299	1	0	0	0	0	0	0	0	0	178	0	0	0	0	0	0	0	0	178	1	0	0	0	0	0	0	0	0	0	0	0	0	0	0	0	0	0	0	0	0	0	0	0	0	0	0	0	0	0	0	0	0	0	0	0	0	0	0	0	0	0	0	0	0	0	0
34	0	340	0	0	0	0	0	0	0	0	340	0.232707	0	0	0	0	0	0	0	0	0.232707	1	0	0	0	0	0	0	0	0	133	0	0	0	0	0	0	0	0	133	1	0	0	0	0	0	0	0	0	32.6469	0	0	0	0	0	0	0	0	32.6469	1	0	0	0	0	0	0	0	0	174	0	0	0	0	0	0	0	0	174	1	0	0	0	0	0	0	0	0	0	0	0	0	0	0	0	0	0	0	0	0	0	0	0	0	0	0	0	0	0	0	0	0	0	0	0	0	0	0	0	0	0	0	0	0	0	0
35	0	343	0	0	0	0	0	0	0	0	343	0.243612	0	0	0	0	0	0	0	0	0.243612	1	0	0	0	0	0	0	0	0	132	0	0	0	0	0	0	0	0	132	1	0	0	0	0	0	0	0	0	33.9196	0	0	0	0	0	0	0	0	33.9196	1	0	0	0	0	0	0	0	0	187	0	0	0	0	0	0	0	0	187	1	0	0	0	0	0	0	0	0	0	0	0	0	0	0	0	0	0	0	0	0	0	0	0	0	0	0	0	0	0	0	0	0	0	0	0	0	0	0	0	0	0	0	0	0	0	0
36	0	347	0	0	0	0	0	0	0	0	347	0.278917	0	0	0	0	0	0	0	0	0.278917	1	0	0	0	0	0	0	0	0	143	0	0	0	0	0	0	0	0	143	1	0	0	0	0	0	0	0	0	34.8225	0	0	0	0	0	0	0	0	34.8225	1	0	0	0	0	0	0	0	0	191	0	0	0	0	0	0	0	0	191	1	0	0	0	0	0	0	0	0	0	0	0	0	0	0	0	0	0	0	0	0	0	0	0	0	0	0	0	0	0	0	0	0	0	0	0	0	0	0	0	0	0	0	0	0	0	0
37	0	350	0	0	0	0	0	0	0	0	350	0.254848	0	0	0	0	0	0	0	0	0.254848	1	0	0	0	0	0	0	0	0	141	0	0	0	0	0	0	0	0	141	1	0	0	0	0	0	0	0	0	38.2447	0	0	0	0	0	0	0	0	38.2447	1	0	0	0	0	0	0	0	0	204	0	0	0	0	0	0	0	0	204	1	0	0	0	0	0	0	0	0	0	0	0	0	0	0	0	0	0	0	0	0	0	0	0	0	0	0	0	0	0	0	0	0	0	0	0	0	0	0	0	0	0	0	0	0	0	0
38	0	372	0	0	0	0	0	0	0	0	372	0.251139	0	0	0	0	0	0	0	0	0.251139	1	0	0	0	0	0	0	0	0	138	0	0	0	0	0	0	0	0	138	1	0	0	0	0	0	0	0	0	40.5524	0	0	0	0	0	0	0	0	40.5524	1	0	0	0	0	0	0	0	0	209	0	0	0	0	0	0	0	0	209	1	0	0	0	0	0	0	0	0	0	0	0	0	0	0	0	0	0	0	0	0	0	0	0	0	0	0	0	0	0	0	0	0	0	0	0	0	0	0	0	0	0	0	0	0	0	0
39	0	399	0	0	0	0	0	0	0	0	399	0.247698	0	0	0	0	0	0	0	0	0.247698	1	0	0	0	0	0	0	0	0	119	0	0	0	0	0	0	0	0	119	1	0	0	0	0	0	0	0	0	42.9696	0	0	0	0	0	0	0	0	42.9696	1	0	0	0	0	0	0	0	0	219	0	0	0	0	0	0	0	0	219	1	0	0	0	0	0	0	0	0	0	0	0	0	0	0	0	0	0	0	0	0	0	0	0	0	0	0	0	0	0	0	0	0	0	0	0	0	0	0	0	0	0	0	0	0	0	0
40	0	432	0	0	0	0	0	0	0	0	432	0.258127	0	0	0	0	0	0	0	0	0.258127	1	0	0	0	0	0	0	0	0	118	0	0	0	0	0	0	0	0	118	1	0	0	0	0	0	0	0	0	45.4751	0	0	0	0	0	0	0	0	45.4751	1	0	0	0	0	0	0	0	0	225	0	0	0	0	0	0	0	0	225	1	0	0	0	0	0	0	0	0	0	0	0	0	0	0	0	0	0	0	0	0	0	0	0	0	0	0	0	0	0	0	0	0	0	0	0	0	0	0	0	0	0	0	0	0	0	0
41	0	420	0	0	0	0	0	0	0	0	420	0.250777	0	0	0	0	0	0	0	0	0.250777	1	0	0	0	0	0	0	0	0	113	0	0	0	0	0	0	0	0	113	1	0	0	0	0	0	0	0	0	47.7421	0	0	0	0	0	0	0	0	47.7421	1	0	0	0	0	0	0	0	0	225	0	0	0	0	0	0	0	0	225	1	0	0	0	0	0	0	0	0	0	0	0	0	0	0	0	0	0	0	0	0	0	0	0	0	0	0	0	0	0	0	0	0	0	0	0	0	0	0	0	0	0	0	0	0	0	0
42	0	432	0	0	0	0	0	0	0	0	432	0.260611	0	0	0	0	0	0	0	0	0.260611	1	0	0	0	0	0	0	0	0	113	0	0	0	0	0	0	0	0	113	1	0	0	0	0	0	0	0	0	48.2252	0	0	0	0	0	0	0	0	48.2252	1	0	0	0	0	0	0	0	0	224	0	0	0	0	0	0	0	0	224	1	0	0	0	0	0	0	0	0	0	0	0	0	0	0	0	0	0	0	0	0	0	0	0	0	0	0	0	0	0	0	0	0	0	0	0	0	0	0	0	0	0	0	0	0	0	0
43	0	425	0	0	0	0	0	0	0	0	425	0.232224	0	0	0	0	0	0	0	0	0.232224	1	0	0	0	0	0	0	0	0	110	0	0	0	0	0	0	0	0	110	1	0	0	0	0	0	0	0	0	50.8207	0	0	0	0	0	0	0	0	50.8207	1	0	0	0	0	0	0	0	0	223	0	0	0	0	0	0	0	0	223	1	0	0	0	0	0	0	0	0	0	0	0	0	0	0	0	0	0	0	0	0	0	0	0	0	0	0	0	0	0	0	0	0	0	0	0	0	0	0	0	0	0	0	0	0	0	0
44	0	441	0	0	0	0	0	0	0	0	441	0.209655	0	0	0	0	0	0	0	0	0.209655	1	0	0	0	0	0	0	0	0	97	0	0	0	0	0	0	0	0	97	1	0	0	0	0	0	0	0	0	53.945	0	0	0	0	0	0	0	0	53.945	1	0	0	0	0	0	0	0	0	230	0	0	0	0	0	0	0	0	230	1	0	0	0	0	0	0	0	0	0	0	0	0	0	0	0	0	0	0	0	0	0	0	0	0	0	0	0	0	0	0	0	0	0	0	0	0	0	0	0	0	0	0	0	0	0	0
45	0	441	0	0	0	0	0	0	0	0	441	0.186078	0	0	0	0	0	0	0	0	0.186078	1	0	0	0	0	0	0	0	0	87	0	0	0	0	0	0	0	0	87	1	0	0	0	0	0	0	0	0	56.3382	0	0	0	0	0	0	0	0	56.3382	1	0	0	0	0	0	0	0	0	233	0	0	0	0	0	0	0	0	233	1	0	0	0	0	0	0	0	0	0	0	0	0	0	0	0	0	0	0	0	0	0	0	0	0	0	0	0	0	0	0	0	0	0	0	0	0	0	0	0	0	0	0	0	0	0	0
46	0	454	0	0	0	0	0	0	0	0	454	0.189412	0	0	0	0	0	0	0	0	0.189412	1	0	0	0	0	0	0	0	0	79	0	0	0	0	0	0	0	0	79	1	0	0	0	0	0	0	0	0	57.3888	0	0	0	0	0	0	0	0	57.3888	1	0	0	0	0	0	0	0	0	235	0	0	0	0	0	0	0	0	235	1	0	0	0	0	0	0	0	0	0	0	0	0	0	0	0	0	0	0	0	0	0	0	0	0	0	0	0	0	0	0	0	0	0	0	0	0	0	0	0	0	0	0	0	0	0	0
47	0	423	0	0	0	0	0	0	0	0	423	0.164923	0	0	0	0	0	0	0	0	0.164923	1	0	0	0	0	0	0	0	0	75	0	0	0	0	0	0	0	0	75	1	0	0	0	0	0	0	0	0	57.4436	0	0	0	0	0	0	0	0	57.4436	1	0	0	0	0	0	0	0	0	233	0	0	0	0	0	0	0	0	233	1	0	0	0	0	0	0	0	0	0	0	0	0	0	0	0	0	0	0	0	0	0	0	0	0	0	0	0	0	0	0	0	0	0	0	0	0	0	0	0	0	0	0	0	0	0	0
48	0	422	0	0	0	0	0	0	0	0	422	0.123644	0	0	0	0	0	0	0	0	0.123644	1	0	0	0	0	0	0	0	0	67	0	0	0	0	0	0	0	0	67	1	0	0	0	0	0	0	0	0	57.156	0	0	0	0	0	0	0	0	57.156	1	0	0	0	0	0	0	0	0	230	0	0	0	0	0	0	0	0	230	1	0	0	0	0	0	0	0	0	0	0	0	0	0	0	0	0	0	0	0	0	0	0	0	0	0	0	0	0	0	0	0	0	0	0	0	0	0	0	0	0	0	0	0	0	0	0
49	0	434	0	0	0	0	0	0	0	0	434	0.139619	0	0	0	0	0	0	0	0	0.139619	1	0	0	0	0	0	0	0	0	68	0	0	0	0	0	0	0	0	68	1	0	0	0	0	0	0	0	0	58.2366	0	0	0	0	0	0	0	0	58.2366	1	0	0	0	0	0	0	0	0	224	0	0	0	0	0	0	0	0	224	1	0	0	0	0	0	0	0	0	0	0	0	0	0	0	0	0	0	0	0	0	0	0	0	0	0	0	0	0	0	0	0	0	0	0	0	0	0	0	0	0	0	0	0	0	0	0
50	0	454	0	0	0	0	0	0	0	0	454	0.122238	0	0	0	0	0	0	0	0	0.122238	1	0	0	0	0	0	0	0	0	64	0	0	0	0	0	0	0	0	64	1	0	0	0	0	0	0	0	0	59.1887	0	0	0	0	0	0	0	0	59.1887	1	0	0	0	0	0	0	0	0	221	0	0	0	0	0	0	0	0	221	1	0	0	0	0	0	0	0	0	0	0	0	0	0	0	0	0	0	0	0	0	0	0	0	0	0	0	0	0	0	0	0	0	0	0	0	0	0	0	0	0	0	0	0	0	0	0
51	0	485	0	0	0	0	0	0	0	0	485	0.142194	0	0	0	0	0	0	0	0	0.142194	1	0	0	0	0	0	0	0	0	64	0	0	0	0	0	0	0	0	64	1	0	0	0	0	0	0	0	0	61.327	0	0	0	0	0	0	0	0	61.327	1	0	0	0	0	0	0	0	0	218	0	0	0	0	0	0	0	0	218	1	0	0	0	0	0	0	0	0	0	0	0	0	0	0	0	0	0	0	0	0	0	0	0	0	0	0	0	0	0	0	0	0	0	0	0	0	0	0	0	0	0	0	0	0	0	0
52	0	483	0	0	0	0	0	0	0	0	483	0.124095	0	0	0	0	0	0	0	0	0.124095	1	0	0	0	0	0	0	0	0	64	0	0	0	0	0	0	0	0	64	1	0	0	0	0	0	0	0	0	61.1078	0	0	0	0	0	0	0	0	61.1078	1	0	0	0	0	0	0	0	0	215	0	0	0	0	0	0	0	0	215	1	0	0	0	0	0	0	0	0	0	0	0	0	0	0	0	0	0	0	0	0	0	0	0	0	0	0	0	0	0	0	0	0	0	0	0	0	0	0	0	0	0	0	0	0	0	0
53	0	461	0	0	0	0	0	0	0	0	461	0.138534	0	0	0	0	0	0	0	0	0.138534	1	0	0	0	0	0	0	0	0	66	0	0	0	0	0	0	0	0	66	1	0	0	0	0	0	0	0	0	61.3509	0	0	0	0	0	0	0	0	61.3509	1	0	0	0	0	0	0	0	0	207	0	0	0	0	0	0	0	0	207	1	0	0	0	0	0	0	0	0	0	0	0	0	0	0	0	0	0	0	0	0	0	0	0	0	0	0	0	0	0	0	0	0	0	0	0	0	0	0	0	0	0	0	0	0	0	0
54	0	469	0	0	0	0	0	0	0	0	469	0.157682	0	0	0	0	0	0	0	0	0.157682	1	0	0	0	0	0	0	0	0	65	0	0	0	0	0	0	0	0	65	1	0	0	0	0	0	0	0	0	61.3378	0	0	0	0	0	0	0	0	61.3378	1	0	0	0	0	0	0	0	0	201	0	0	0	0	0	0	0	0	201	1	0	0	0	0	0	0	0	0	0	0	0	0	0	0	0	0	0	0	0	0	0	0	0	0	0	0	0	0	0	0	0	0	0	0	0	0	0	0	0	0	0	0	0	0	0	0
55	0	472	0	0	0	0	0	0	0	0	472	0.134391	0	0	0	0	0	0	0	0	0.134391	1	0	0	0	0	0	0	0	0	55	0	0	0	0	0	0	0	0	55	1	0	0	0	0	0	0	0	0	64.1776	0	0	0	0	0	0	0	0	64.1776	1	0	0	0	0	0	0	0	0	205	0	0	0	0	0	0	0	0	205	1	0	0	0	0	0	0	0	0	0	0	0	0	0	0	0	0	0	0	0	0	0	0	0	0	0	0	0	0	0	0	0	0	0	0	0	0	0	0	0	0	0	0	0	0	0	0
56	0	491	0	0	0	0	0	0	0	0	491	0.112142	0	0	0	0	0	0	0	0	0.112142	1	0	0	0	0	0	0	0	0	52	0	0	0	0	0	0	0	0	52	1	0	0	0	0	0	0	0	0	66.5867	0	0	0	0	0	0	0	0	66.5867	1	0	0	0	0	0	0	0	0	205	0	0	0	0	0	0	0	0	205	1	0	0	0	0	0	0	0	0	0	0	0	0	0	0	0	0	0	0	0	0	0	0	0	0	0	0	0	0	0	0	0	0	0	0	0	0	0	0	0	0	0	0	0	0	0	0
57	0	485	0	0	0	0	0	0	0	0	485	0.0948787	0	0	0	0	0	0	0	0	0.0948787	1	0	0	0	0	0	0	0	0	45	0	0	0	0	0	0	0	0	45	1	0	0	0	0	0	0	0	0	66.9242	0	0	0	0	0	0	0	0	66.9242	1	0	0	0	0	0	0	0	0	198	0	0	0	0	0	0	0	0	198	1	0	0	0	0	0	0	0	0	0	0	0	0	0	0	0	0	0	0	0	0	0	0	0	0	0	0	0	0	0	0	0	0	0	0	0	0	0	0	0	0	0	0	0	0	0	0
58	0	487	0	0	0	0	0	0	0	0	487	0.100809	0	0	0	0	0	0	0	0	0.100809	1	0	0	0	0	0	0	0	0	47	0	0	0	0	0	0	0	0	47	1	0	0	0	0	0	0	0	0	67.1065	0	0	0	0	0	0	0	0	67.1065	1	0	0	0	0	0	0	0	0	197	0	0	0	0	0	0	0	0	197	1	0	0	0	0	0	0	0	0	0	0	0	0	0	0	0	0	0	0	0	0	0	0	0	0	0	0	0	0	0	0	0	0	0	0	0	0	0	0	0	0	0	0	0	0	0	0
59	0	494	0	0	0	0	0	0	0	0	494	0.0902473	0	0	0	0	0	0	0	0	0.0902473	1	0	0	0	0	0	0	0	0	44	0	0	0	0	0	0	0	0	44	1	0	0	0	0	0	0	0	0	66.2347	0	0	0	0	0	0	0	0	66.2347	1	0	0	0	0	0	0	0	0	190	0	0	0	0	0	0	0	0	190	1	0	0	0	0	0	0	0	0	0	0	0	0	0	0	0	0	0	0	0	0	0	0	0	0	0	0	0	0	0	0	0	0	0	0	0	0	0	0	0	0	0	0	0	0	0	0
60	0	494	0	0	0	0	0	0	0	0	494	0.0847534	0	0	0	0	0	0	0	0	0.0847534	1	0	0	0	0	0	0	0	0	45	0	0	0	0	0	0	0	0	45	1	0	0	0	0	0	0	0	0	68.2474	0	0	0	0	0	0	0	0	68.2474	1	0	0	0	0	0	0	0	0	189	0	0	0	0	0	0	0	0	189	1	0	0	0	0	0	0	0	0	0	0	0	0	0	0	0	0	0	0	0	0	0	0	0	0	0	0	0	0	0	0	0	0	0	0	0	0	0	0	0	0	0	0	0	0	0	0
61	0	501	0	0	0	0	0	0	0	0	501	0.0943053	0	0	0	0	0	0	0	0	0.0943053	1	0	0	0	0	0	0	0	0	41	0	0	0	0	0	0	0	0	41	1	0	0	0	0	0	0	0	0	69.0124	0	0	0	0	0	0	0	0	69.0124	1	0	0	0	0	0	0	0	0	187	0	0	0	0	0	0	0	0	187	1	0	0	0	0	0	0	0	0	0	0	0	0	0	0	0	0	0	0	0	0	0	0	0	0	0	0	0	0	0	0	0	0	0	0	0	0	0	0	0	0	0	0	0	0	0	0
62	0	492	0	0	0	0	0	0	0	0	492	0.0903767	0	0	0	0	0	0	0	0	0.0903767	1	0	0	0	0	0	0	0	0	39	0	0	0	0	0	0	0	0	39	1	0	0	0	0	0	0	0	0	67.8829	0	0	0	0	0	0	0	0	67.8829	1	0	0	0	0	0	0	0	0	177	0	0	0	0	0	0	0	0	177	1	0	0	0	0	0	0	0	0	0	0	0	0	0	0	0	0	0	0	0	0	0	0	0	0	0	0	0	0	0	0	0	0	0	0	0	0	0	0	0	0	0	0	0	0	0	0
63	0	470	0	0	0	0	0	0	0	0	470	0.0744412	0	0	0	0	0	0	0	0	0.0744412	1	0	0	0	0	0	0	0	0	37	0	0	0	0	0	0	0	0	37	1	0	0	0	0	0	0	0	0	67.4775	0	0	0	0	0	0	0	0	67.4775	1	0	0	0	0	0	0	0	0	171	0	0	0	0	0	0	0	0	171	1	0	0	0	0	0	0	0	0	0	0	0	0	0	0	0	0	0	0	0	0	0	0	0	0	0	0	0	0	0	0	0	0	0	0	0	0	0	0	0	0	0	0	0	0	0	0
64	0	482	0	0	0	0	0	0	0	0	482	0.089864	0	0	0	0	0	0	0	0	0.089864	1	0	0	0	0	0	0	0	0	39	0	0	0	0	0	0	0	0	39	1	0	0	0	0	0	0	0	0	66.2325	0	0	0	0	0	0	0	0	66.2325	1	0	0	0	0	0	0	0	0	164	0	0	0	0	0	0	0	0	164	1	0	0	0	0	0	0	0	0	0	0	0	0	0	0	0	0	0	0	0	0	0	0	0	0	0	0	0	0	0	0	0	0	0	0	0	0	0	0	0	0	0	0	0	0	0	0
65	0	478	0	0	0	0	0	0	0	0	478	0.0931292	0	0	0	0	0	0	0	0	0.0931292	1	0	0	0	0	0	0	0	0	38	0	0	0	0	0	0	0	0	38	1	0	0	0	0	0	0	0	0	64.6817	0	0	0	0	0	0	0	0	64.6817	1	0	0	0	0	0	0	0	0	159	0	0	0	0	0	0	0	0	159	1	0	0	0	0	0	0	0	0	0	0	0	0	0	0	0	0	0	0	0	0	0	0	0	0	0	0	0	0	0	0	0	0	0	0	0	0	0	0	0	0	0	0	0	0	0	0
66	0	483	0	0	0	0	0	0	0	0	483	0.0805234	0	0	0	0	0	0	0	0	0.0805234	1	0	0	0	0	0	0	0	0	33	0	0	0	0	0	0	0	0	33	1	0	0	0	0	0	0	0	0	66.0736	0	0	0	0	0	0	0	0	66.0736	1	0	0	0	0	0	0	0	0	157	0	0	0	0	0	0	0	0	157	1	0	0	0	0	0	0	0	0	0	0	0	0	0	0	0	0	0	0	0	0	0	0	0	0	0	0	0	0	0	0	0	0	0	0	0	0	0	0	0	0	0	0	0	0	0	0
67	0	481	0	0	0	0	0	0	0	0	481	0.0815595	0	0	0	0	0	0	0	0	0.0815595	1	0	0	0	0	0	0	0	0	33	0	0	0	0	0	0	0	0	33	1	0	0	0	0	0	0	0	0	64.1328	0	0	0	0	0	0	0	0	64.1328	1	0	0	0	0	0	0	0	0	151	0	0	0	0	0	0	0	0	151	1	0	0	0	0	0	0	0	0	0	0	0	0	0	0	0	0	0	0	0	0	0	0	0	0	0	0	0	0	0	0	0	0	0	0	0	0	0	0	0	0	0	0	0	0	0	0
68	0	484	0	0	0	0	0	0	0	0	484	0.0511456	0	0	0	0	0	0	0	0	0.0511456	1	0	0	0	0	0	0	0	0	27	0	0	0	0	0	0	0	0	27	1	0	0	0	0	0	0	0	0	64.5921	0	0	0	0	0	0	0	0	64.5921	1	0	0	0	0	0	0	0	0	149	0	0	0	0	0	0	0	0	149	1	0	0	0	0	0	0	0	0	0	0	0	0	0	0	0	0	0	0	0	0	0	0	0	0	0	0	0	0	0	0	0	0	0	0	0	0	0	0	0	0	0	0	0	0	0	0
69	0	478	0	0	0	0	0	0	0	0	478	0.0597293	0	0	0	0	0	0	0	0	0.0597293	1	0	0	0	0	0	0	0	0	26	0	0	0	0	0	0	0	0	26	1	0	0	0	0	0	0	0	0	62.9936	0	0	0	0	0	0	0	0	62.9936	1	0	0	0	0	0	0	0	0	142	0	0	0	0	0	0	0	0	142	1	0	0	0	0	0	0	0	0	0	0	0	0	0	0	0	0	0	0	0	0	0	0	0	0	0	0	0	0	0	0	0	0	0	0	0	0	0	0	0	0	0	0	0	0	0	0
70	0	467	0	0	0	0	0	0	0	0	467	0.0551214	0	0	0	0	0	0	0	0	0.0551214	1	0	0	0	0	0	0	0	0	30	0	0	0	0	0	0	0	0	30	1	0	0	0	0	0	0	0	0	62.1882	0	0	0	0	0	0	0	0	62.1882	1	0	0	0	0	0	0	0	0	135	0	0	0	0	0	0	0	0	135	1	0	0	0	0	0	0	0	0	0	0	0	0	0	0	0	0	0	0	0	0	0	0	0	0	0	0	0	0	0	0	0	0	0	0	0	0	0	0	0	0	0	0	0	0	0	0
71	0	497	0	0	0	0	0	0	0	0	497	0.0427667	0	0	0	0	0	0	0	0	0.0427667	1	0	0	0	0	0	0	0	0	29	0	0	0	0	0	0	0	0	29	1	0	0	0	0	0	0	0	0	63.3432	0	0	0	0	0	0	0	0	63.3432	1	0	0	0	0	0	0	0	0	137	0	0	0	0	0	0	0	0	137	1	0	0	0	0	0	0	0	0	0	0	0	0	0	0	0	0	0	0	0	0	0	0	0	0	0	0	0	0	0	0	0	0	0	0	0	0	0	0	0	0	0	0	0	0	0	0
72	0	465	0	0	0	0	0	0	0	0	465	0.0396386	0	0	0	0	0	0	0	0	0.0396386	1	0	0	0	0	0	0	0	0	30	0	0	0	0	0	0	0	0	30	1	0	0	0	0	0	0	0	0	62.3708	0	0	0	0	0	0	0	0	62.3708	1	0	0	0	0	0	0	0	0	135	0	0	0	0	0	0	0	0	135	1	0	0	0	0	0	0	0	0	0	0	0	0	0	0	0	0	0	0	0	0	0	0	0	0	0	0	0	0	0	0	0	0	0	0	0	0	0	0	0	0	0	0	0	0	0	0
73	0	497	0	0	0	0	0	0	0	0	497	0.0414374	0	0	0	0	0	0	0	0	0.0414374	1	0	0	0	0	0	0	0	0	33	0	0	0	0	0	0	0	0	33	1	0	0	0	0	0	0	0	0	64.8628	0	0	0	0	0	0	0	0	64.8628	1	0	0	0	0	0	0	0	0	136	0	0	0	0	0	0	0	0	136	1	0	0	0	0	0	0	0	0	0	0	0	0	0	0	0	0	0	0	0	0	0	0	0	0	0	0	0	0	0	0	0	0	0	0	0	0	0	0	0	0	0	0	0	0	0	0
74	0	470	0	0	0	0	0	0	0	0	470	0.0574362	0	0	0	0	0	0	0	0	0.0574362	1	0	0	0	0	0	0	0	0	35	0	0	0	0	0	0	0	0	35	1	0	0	0	0	0	0	0	0	61.4971	0	0	0	0	0	0	0	0	61.4971	1	0	0	0	0	0	0	0	0	128	0	0	0	0	0	0	0	0	128	1	0	0	0	0	0	0	0	0	0	0	0	0	0	0	0	0	0	0	0	0	0	0	0	0	0	0	0	0	0	0	0	0	0	0	0	0	0	0	0	0	0	0	0	0	0	0
75	0	490	0	0	0	0	0	0	0	0	490	0.0533012	0	0	0	0	0	0	0	0	0.0533012	1	0	0	0	0	0	0	0	0	28	0	0	0	0	0	0	0	0	28	1	0	0	0	0	0	0	0	0	61.6067	0	0	0	0	0	0	0	0	61.6067	1	0	0	0	0	0	0	0	0	127	0	0	0	0	0	0	0	0	127	1	0	0	0	0	0	0	0	0	0	0	0	0	0	0	0	0	0	0	0	0	0	0	0	0	0	0	0	0	0	0	0	0	0	0	0	0	0	0	0	0	0	0	0	0	0	0
76	0	462	0	0	0	0	0	0	0	0	462	0.0753984	0	0	0	0	0	0	0	0	0.0753984	1	0	0	0	0	0	0	0	0	30	0	0	0	0	0	0	0	0	30	1	0	0	0	0	0	0	0	0	59.7447	0	0	0	0	0	0	0	0	59.7447	1	0	0	0	0	0	0	0	0	124	0	0	0	0	0	0	0	0	124	1	0	0	0	0	0	0	0	0	0	0	0	0	0	0	0	0	0	0	0	0	0	0	0	0	0	0	0	0	0	0	0	0	0	0	0	0	0	0	0	0	0	0	0	0	0	0
77	0	483	0	0	0	0	0	0	0	0	483	0.053651	0	0	0	0	0	0	0	0	0.053651	1	0	0	0	0	0	0	0	0	32	0	0	0	0	0	0	0	0	32	1	0	0	0	0	0	0	0	0	58.9665	0	0	0	0	0	0	0	0	58.9665	1	0	0	0	0	0	0	0	0	123	0	0	0	0	0	0	0	0	123	1	0	0	0	0	0	0	0	0	0	0	0	0	0	0	0	0	0	0	0	0	0	0	0	0	0	0	0	0	0	0	0	0	0	0	0	0	0	0	0	0	0	0	0	0	0	0
78	0	493	0	0	0	0	0	0	0	0	493	0.045657	0	0	0	0	0	0	0	0	0.045657	1	0	0	0	0	0	0	0	0	34	0	0	0	0	0	0	0	0	34	1	0	0	0	0	0	0	0	0	60.0298	0	0	0	0	0	0	0	0	60.0298	1	0	0	0	0	0	0	0	0	123	0	0	0	0	0	0	0	0	123	1	0	0	0	0	0	0	0	0	0	0	0	0	0	0	0	0	0	0	0	0	0	0	0	0	0	0	0	0	0	0	0	0	0	0	0	0	0	0	0	0	0	0	0	0	0	0
79	0	504	0	0	0	0	0	0	0	0	504	0.0570506	0	0	0	0	0	0	0	0	0.0570506	1	0	0	0	0	0	0	0	0	36	0	0	0	0	0	0	0	0	36	1	0	0	0	0	0	0	0	0	60.5359	0	0	0	0	0	0	0	0	60.5359	1	0	0	0	0	0	0	0	0	119	0	0	0	0	0	0	0	0	119	1	0	0	0	0	0	0	0	0	0	0	0	0	0	0	0	0	0	0	0	0	0	0	0	0	0	0	0	0	0	0	0	0	0	0	0	0	0	0	0	0	0	0	0	0	0	0
80	0	505	0	0	0	0	0	0	0	0	505	0.0708648	0	0	0	0	0	0	0	0	0.0708648	1	0	0	0	0	0	0	0	0	44	0	0	0	0	0	0	0	0	44	1	0	0	0	0	0	0	0	0	57.9223	0	0	0	0	0	0	0	0	57.9223	1	0	0	0	0	0	0	0	0	111	0	0	0	0	0	0	0	0	111	1	0	0	0	0	0	0	0	0	0	0	0	0	0	0	0	0	0	0	0	0	0	0	0	0	0	0	0	0	0	0	0	0	0	0	0	0	0	0	0	0	0	0	0	0	0	0
81	0	499	0	0	0	0	0	0	0	0	499	0.082172	0	0	0	0	0	0	0	0	0.082172	1	0	0	0	0	0	0	0	0	52	0	0	0	0	0	0	0	0	52	1	0	0	0	0	0	0	0	0	58.9382	0	0	0	0	0	0	0	0	58.9382	1	0	0	0	0	0	0	0	0	113	0	0	0	0	0	0	0	0	113	1	0	0	0	0	0	0	0	0	0	0	0	0	0	0	0	0	0	0	0	0	0	0	0	0	0	0	0	0	0	0	0	0	0	0	0	0	0	0	0	0	0	0	0	0	0	0
82	0	495	0	0	0	0	0	0	0	0	495	0.0989138	0	0	0	0	0	0	0	0	0.0989138	1	0	0	0	0	0	0	0	0	67	0	0	0	0	0	0	0	0	67	1	0	0	0	0	0	0	0	0	59.848	0	0	0	0	0	0	0	0	59.848	1	0	0	0	0	0	0	0	0	110	0	0	0	0	0	0	0	0	110	1	0	0	0	0	0	0	0	0	0	0	0	0	0	0	0	0	0	0	0	0	0	0	0	0	0	0	0	0	0	0	0	0	0	0	0	0	0	0	0	0	0	0	0	0	0	0
83	0	500	0	0	0	0	0	0	0	0	500	0.0934364	0	0	0	0	0	0	0	0	0.0934364	1	0	0	0	0	0	0	0	0	68	0	0	0	0	0	0	0	0	68	1	0	0	0	0	0	0	0	0	59.7417	0	0	0	0	0	0	0	0	59.7417	1	0	0	0	0	0	0	0	0	116	0	0	0	0	0	0	0	0	116	1	0	0	0	0	0	0	0	0	0	0	0	0	0	0	0	0	0	0	0	0	0	0	0	0	0	0	0	0	0	0	0	0	0	0	0	0	0	0	0	0	0	0	0	0	0	0
84	0	470	0	0	0	0	0	0	0	0	470	0.128713	0	0	0	0	0	0	0	0	0.128713	1	0	0	0	0	0	0	0	0	77	0	0	0	0	0	0	0	0	77	1	0	0	0	0	0	0	0	0	59.5634	0	0	0	0	0	0	0	0	59.5634	1	0	0	0	0	0	0	0	0	120	0	0	0	0	0	0	0	0	120	1	0	0	0	0	0	0	0	0	0	0	0	0	0	0	0	0	0	0	0	0	0	0	0	0	0	0	0	0	0	0	0	0	0	0	0	0	0	0	0	0	0	0	0	0	0	0
85	0	498	0	0	0	0	0	0	0	0	498	0.146968	0	0	0	0	0	0	0	0	0.146968	1	0	0	0	0	0	0	0	0	80	0	0	0	0	0	0	0	0	80	1	0	0	0	0	0	0	0	0	61.0053	0	0	0	0	0	0	0	0	61.0053	1	0	0	0	0	0	0	0	0	129	0	0	0	0	0	0	0	0	129	1	0	0	0	0	0	0	0	0	0	0	0	0	0	0	0	0	0	0	0	0	0	0	0	0	0	0	0	0	0	0	0	0	0	0	0	0	0	0	0	0	0	0	0	0	0	0
86	0	491	0	0	0	0	0	0	0	0	491	0.106805	0	0	0	0	0	0	0	0	0.106805	1	0	0	0	0	0	0	0	0	70	0	0	0	0	0	0	0	0	70	1	0	0	0	0	0	0	0	0	60.0467	0	0	0	0	0	0	0	0	60.0467	1	0	0	0	0	0	0	0	0	144	0	0	0	0	0	0	0	0	144	1	0	0	0	0	0	0	0	0	0	0	0	0	0	0	0	0	0	0	0	0	0	0	0	0	0	0	0	0	0	0	0	0	0	0	0	0	0	0	0	0	0	0	0	0	0	0
87	0	497	0	0	0	0	0	0	0	0	497	0.119249	0	0	0	0	0	0	0	0	0.119249	1	0	0	0	0	0	0	0	0	69	0	0	0	0	0	0	0	0	69	1	0	0	0	0	0	0	0	0	61.8072	0	0	0	0	0	0	0	0	61.8072	1	0	0	0	0	0	0	0	0	149	0	0	0	0	0	0	0	0	149	1	0	0	0	0	0	0	0	0	0	0	0	0	0	0	0	0	0	0	0	0	0	0	0	0	0	0	0	0	0	0	0	0	0	0	0	0	0	0	0	0	0	0	0	0	0	0
88	0	502	0	0	0	0	0	0	0	0	502	0.128464	0	0	0	0	0	0	0	0	0.128464	1	0	0	0	0	0	0	0	0	64	0	0	0	0	0	0	0	0	64	1	0	0	0	0	0	0	0	0	63.7759	0	0	0	0	0	0	0	0	63.7759	1	0	0	0	0	0	0	0	0	156	0	0	0	0	0	0	0	0	156	1	0	0	0	0	0	0	0	0	0	0	0	0	0	0	0	0	0	0	0	0	0	0	0	0	0	0	0	0	0	0	0	0	0	0	0	0	0	0	0	0	0	0	0	0	0	0
89	0	507	0	0	0	0	0	0	0	0	507	0.131383	0	0	0	0	0	0	0	0	0.131383	1	0	0	0	0	0	0	0	0	62	0	0	0	0	0	0	0	0	62	1	0	0	0	0	0	0	0	0	64.4655	0	0	0	0	0	0	0	0	64.4655	1	0	0	0	0	0	0	0	0	156	0	0	0	0	0	0	0	0	156	1	0	0	0	0	0	0	0	0	0	0	0	0	0	0	0	0	0	0	0	0	0	0	0	0	0	0	0	0	0	0	0	0	0	0	0	0	0	0	0	0	0	0	0	0	0	0
90	0	495	0	0	0	0	0	0	0	0	495	0.111529	0	0	0	0	0	0	0	0	0.111529	1	0	0	0	0	0	0	0	0	51	0	0	0	0	0	0	0	0	51	1	0	0	0	0	0	0	0	0	64.852	0	0	0	0	0	0	0	0	64.852	1	0	0	0	0	0	0	0	0	158	0	0	0	0	0	0	0	0	158	1	0	0	0	0	0	0	0	0	0	0	0	0	0	0	0	0	0	0	0	0	0	0	0	0	0	0	0	0	0	0	0	0	0	0	0	0	0	0	0	0	0	0	0	0	0	0
91	0	473	0	0	0	0	0	0	0	0	473	0.109831	0	0	0	0	0	0	0	0	0.109831	1	0	0	0	0	0	0	0	0	49	0	0	0	0	0	0	0	0	49	1	0	0	0	0	0	0	0	0	62.5803	0	0	0	0	0	0	0	0	62.5803	1	0	0	0	0	0	0	0	0	154	0	0	0	0	0	0	0	0	154	1	0	0	0	0	0	0	0	0	0	0	0	0	0	0	0	0	0	0	0	0	0	0	0	0	0	0	0	0	0	0	0	0	0	0	0	0	0	0	0	0	0	0	0	0	0	0
92	0	483	0	0	0	0	0	0	0	0	483	0.0851156	0	0	0	0	0	0	0	0	0.0851156	1	0	0	0	0	0	0	0	0	40	0	0	0	0	0	0	0	0	40	1	0	0	0	0	0	0	0	0	60.4748	0	0	0	0	0	0	0	0	60.4748	1	0	0	0	0	0	0	0	0	153	0	0	0	0	0	0	0	0	153	1	0	0	0	0	0	0	0	0	0	0	0	0	0	0	0	0	0	0	0	0	0	0	0	0	0	0	0	0	0	0	0	0	0	0	0	0	0	0	0	0	0	0	0	0	0	0
93	0	495	0	0	0	0	0	0	0	0	495	0.0695707	0	0	0	0	0	0	0	0	0.0695707	1	0	0	0	0	0	0	0	0	38	0	0	0	0	0	0	0	0	38	1	0	0	0	0	0	0	0	0	61.2319	0	0	0	0	0	0	0	0	61.2319	1	0	0	0	0	0	0	0	0	157	0	0	0	0	0	0	0	0	157	1	0	0	0	0	0	0	0	0	0	0	0	0	0	0	0	0	0	0	0	0	0	0	0	0	0	0	0	0	0	0	0	0	0	0	0	0	0	0	0	0	0	0	0	0	0	0
94	0	492	0	0	0	0	0	0	0	0	492	0.0699376	0	0	0	0	0	0	0	0	0.0699376	1	0	0	0	0	0	0	0	0	43	0	0	0	0	0	0	0	0	43	1	0	0	0	0	0	0	0	0	60.2046	0	0	0	0	0	0	0	0	60.2046	1	0	0	0	0	0	0	0	0	152	0	0	0	0	0	0	0	0	152	1	0	0	0	0	0	0	0	0	0	0	0	0	0	0	0	0	0	0	0	0	0	0	0	0	0	0	0	0	0	0	0	0	0	0	0	0	0	0	0	0	0	0	0	0	0	0
95	0	485	0	0	0	0	0	0	0	0	485	0.0784067	0	0	0	0	0	0	0	0	0.0784067	1	0	0	0	0	0	0	0	0	47	0	0	0	0	0	0	0	0	47	1	0	0	0	0	0	0	0	0	59.9067	0	0	0	0	0	0	0	0	59.9067	1	0	0	0	0	0	0	0	0	150	0	0	0	0	0	0	0	0	150	1	0	0	0	0	0	0	0	0	0	0	0	0	0	0	0	0	0	0	0	0	0	0	0	0	0	0	0	0	0	0	0	0	0	0	0	0	0	0	0	0	0	0	0	0	0	0
96	0	491	0	0	0	0	0	0	0	0	491	0.0764103	0	0	0	0	0	0	0	0	0.0764103	1	0	0	0	0	0	0	0	0	46	0	0	0	0	0	0	0	0	46	1	0	0	0	0	0	0	0	0	58.6045	0	0	0	0	0	0	0	0	58.6045	1	0	0	0	0	0	0	0	0	145	0	0	0	0	0	0	0	0	145	1	0	0	0	0	0	0	0	0	0	0	0	0	0	0	0	0	0	0	0	0	0	0	0	0	0	0	0	0	0	0	0	0	0	0	0	0	0	0	0	0	0	0	0	0	0	0
97	0	483	0	0	0	0	0	0	0	0	483	0.0816111	0	0	0	0	0	0	0	0	0.0816111	1	0	0	0	0	0	0	0	0	50	0	0	0	0	0	0	0	0	50	1	0	0	0	0	0	0	0	0	56.2214	0	0	0	0	0	0	0	0	56.2214	1	0	0	0	0	0	0	0	0	142	0	0	0	0	0	0	0	0	142	1	0	0	0	0	0	0	0	0	0	0	0	0	0	0	0	0	0	0	0	0	0	0	0	0	0	0	0	0	0	0	0	0	0	0	0	0	0	0	0	0	0	0	0	0	0	0
98	0	521	0	0	0	0	0	0	0	0	521	0.0874387	0	0	0	0	0	0	0	0	0.0874387	1	0	0	0	0	0	0	0	0	53	0	0	0	0	0	0	0	0	53	1	0	0	0	0	0	0	0	0	57.8713	0	0	0	0	0	0	0	0	57.8713	1	0	0	0	0	0	0	0	0	141	0	0	0	0	0	0	0	0	141	1	0	0	0	0	0	0	0	0	0	0	0	0	0	0	0	0	0	0	0	0	0	0	0	0	0	0	0	0	0	0	0	0	0	0	0	0	0	0	0	0	0	0	0	0	0	0
99	0	534	0	0	0	0	0	0	0	0	534	0.104537	0	0	0	0	0	0	0	0	0.104537	1	0	0	0	0	0	0	0	0	51	0	0	0	0	0	0	0	0	51	1	0	0	0	0	0	0	0	0	59.8517	0	0	0	0	0	0	0	0	59.8517	1	0	0	0	0	0	0	0	0	143	0	0	0	0	0	0	0	0	143	1	0	0	0	0	0	0	0	0	0	0	0	0	0	0	0	0	0	0	0	0	0	0	0	0	0	0	0	0	0	0	0	0	0	0	0	0	0	0	0	0	0	0	0	0	0	0
100	0	508	0	0	0	0	0	0	0	0	508	0.113954	0	0	0	0	0	0	0	0	0.113954	1	0	0	0	0	0	0	0	0	60	0	0	0	0	0	0	0	0	60	1	0	0	0	0	0	0	0	0	60.2703	0	0	0	0	0	0	0	0	60.2703	1	0	0	0	0	0	0	0	0	143	0	0	0	0	0	0	0	0	143	1	0	0	0	0	0	0	0	0	0	0	0	0	0	0	0	0	0	0	0	0	0	0	0	0	0	0	0	0	0	0	0	0	0	0	0	0	0	0	0	0	0	0	0	0	0	0
101	0	487	0	0	0	0	0	0	0	0	487	0.0960767	0	0	0	0	0	0	0	0	0.0960767	1	0	0	0	0	0	0	0	0	61	0	0	0	0	0	0	0	0	61	1	0	0	0	0	0	0	0	0	59.5149	0	0	0	0	0	0	0	0	59.5149	1	0	0	0	0	0	0	0	0	146	0	0	0	0	0	0	0	0	146	1	0	0	0	0	0	0	0	0	0	0	0	0	0	0	0	0	0	0	0	0	0	0	0	0	0	0	0	0	0	0	0	0	0	0	0	0	0	0	0	0	0	0	0	0	0	0
102	0	494	0	0	0	0	0	0	0	0	494	0.104266	0	0	0	0	0	0	0	0	0.104266	1	0	0	0	0	0	0	0	0	66	0	0	0	0	0	0	0	0	66	1	0	0	0	0	0	0	0	0	59.8094	0	0	0	0	0	0	0	0	59.8094	1	0	0	0	0	0	0	0	0	150	0	0	0	0	0	0	0	0	150	1	0	0	0	0	0	0	0	0	0	0	0	0	0	0	0	0	0	0	0	0	0	0	0	0	0	0	0	0	0	0	0	0	0	0	0	0	0	0	0	0	0	0	0	0	0	0
103	0	496	0	0	0	0	0	0	0	0	496	0.134509	0	0	0	0	0	0	0	0	0.134509	1	0	0	0	0	0	0	0	0	70	0	0	0	0	0	0	0	0	70	1	0	0	0	0	0	0	0	0	62.1931	0	0	0	0	0	0	0	0	62.1931	1	0	0	0	0	0	0	0	0	153	0	0	0	0	0	0	0	0	153	1	0	0	0	0	0	0	0	0	0	0	0	0	0	0	0	0	0	0	0	0	0	0	0	0	0	0	0	0	0	0	0	0	0	0	0	0	0	0	0	0	0	0	0	0	0	0
104	0	511	0	0	0	0	0	0	0	0	511	0.122333	0	0	0	0	0	0	0	0	0.122333	1	0	0	0	0	0	0	0	0	59	0	0	0	0	0	0	0	0	59	1	0	0	0	0	0	0	0	0	61.7976	0	0	0	0	0	0	0	0	61.7976	1	0	0	0	0	0	0	0	0	152	0	0	0	0	0	0	0	0	152	1	0	0	0	0	0	0	0	0	0	0	0	0	0	0	0	0	0	0	0	0	0	0	0	0	0	0	0	0	0	0	0	0	0	0	0	0	0	0	0	0	0	0	0	0	0	0
105	0	514	0	0	0	0	0	0	0	0	514	0.129107	0	0	0	0	0	0	0	0	0.129107	1	0	0	0	0	0	0	0	0	57	0	0	0	0	0	0	0	0	57	1	0	0	0	0	0	0	0	0	63.1254	0	0	0	0	0	0	0	0	63.1254	1	0	0	0	0	0	0	0	0	153	0	0	0	0	0	0	0	0	153	1	0	0	0	0	0	0	0	0	0	0	0	0	0	0	0	0	0	0	0	0	0	0	0	0	0	0	0	0	0	0	0	0	0	0	0	0	0	0	0	0	0	0	0	0	0	0
106	0	532	0	0	0	0	0	0	0	0	532	0.120478	0	0	0	0	0	0	0	0	0.120478	1	0	0	0	0	0	0	0	0	52	0	0	0	0	0	0	0	0	52	1	0	0	0	0	0	0	0	0	65.2561	0	0	0	0	0	0	0	0	65.2561	1	0	0	0	0	0	0	0	0	158	0	0	0	0	0	0	0	0	158	1	0	0	0	0	0	0	0	0	0	0	0	0	0	0	0	0	0	0	0	0	0	0	0	0	0	0	0	0	0	0	0	0	0	0	0	0	0	0	0	0	0	0	0	0	0	0
107	0	528	0	0	0	0	0	0	0	0	528	0.0797347	0	0	0	0	0	0	0	0	0.0797347	1	0	0	0	0	0	0	0	0	44	0	0	0	0	0	0	0	0	44	1	0	0	0	0	0	0	0	0	67.9925	0	0	0	0	0	0	0	0	67.9925	1	0	0	0	0	0	0	0	0	165	0	0	0	0	0	0	0	0	165	1	0	0	0	0	0	0	0	0	0	0	0	0	0	0	0	0	0	0	0	0	0	0	0	0	0	0	0	0	0	0	0	0	0	0	0	0	0	0	0	0	0	0	0	0	0	0
108	0	513	0	0	0	0	0	0	0	0	513	0.0624517	0	0	0	0	0	0	0	0	0.0624517	1	0	0	0	0	0	0	0	0	39	0	0	0	0	0	0	0	0	39	1	0	0	0	0	0	0	0	0	68.6485	0	0	0	0	0	0	0	0	68.6485	1	0	0	0	0	0	0	0	0	163	0	0	0	0	0	0	0	0	163	1	0	0	0	0	0	0	0	0	0	0	0	0	0	0	0	0	0	0	0	0	0	0	0	0	0	0	0	0	0	0	0	0	0	0	0	0	0	0	0	0	0	0	0	0	0	0
109	0	499	0	0	0	0	0	0	0	0	499	0.0586025	0	0	0	0	0	0	0	0	0.0586025	1	0	0	0	0	0	0	0	0	38	0	0	0	0	0	0	0	0	38	1	0	0	0	0	0	0	0	0	66.8191	0	0	0	0	0	0	0	0	66.8191	1	0	0	0	0	0	0	0	0	162	0	0	0	0	0	0	0	0	162	1	0	0	0	0	0	0	0	0	0	0	0	0	0	0	0	0	0	0	0	0	0	0	0	0	0	0	0	0	0	0	0	0	0	0	0	0	0	0	0	0	0	0	0	0	0	0
110	0	469	0	0	0	0	0	0	0	0	469	0.0535397	0	0	0	0	0	0	0	0	0.0535397	1	0	0	0	0	0	0	0	0	34	0	0	0	0	0	0	0	0	34	1	0	0	0	0	0	0	0	0	66.146	0	0	0	0	0	0	0	0	66.146	1	0	0	0	0	0	0	0	0	155	0	0	0	0	0	0	0	0	155	1	0	0	0	0	0	0	0	0	0	0	0	0	0	0	0	0	0	0	0	0	0	0	0	0	0	0	0	0	0	0	0	0	0	0	0	0	0	0	0	0	0	0	0	0	0	0
111	0	493	0	0	0	0	0	0	0	0	493	0.0644855	0	0	0	0	0	0	0	0	0.0644855	1	0	0	0	0	0	0	0	0	34	0	0	0	0	0	0	0	0	34	1	0	0	0	0	0	0	0	0	64.0941	0	0	0	0	0	0	0	0	64.0941	1	0	0	0	0	0	0	0	0	150	0	0	0	0	0	0	0	0	150	1	0	0	0	0	0	0	0	0	0	0	0	0	0	0	0	0	0	0	0	0	0	0	0	0	0	0	0	0	0	0	0	0	0	0	0	0	0	0	0	0	0	0	0	0	0	0
112	0	484	0	0	0	0	0	0	0	0	484	0.0669265	0	0	0	0	0	0	0	0	0.0669265	1	0	0	0	0	0	0	0	0	28	0	0	0	0	0	0	0	0	28	1	0	0	0	0	0	0	0	0	64.0022	0	0	0	0	0	0	0	0	64.0022	1	0	0	0	0	0	0	0	0	151	0	0	0	0	0	0	0	0	151	1	0	0	0	0	0	0	0	0	0	0	0	0	0	0	0	0	0	0	0	0	0	0	0	0	0	0	0	0	0	0	0	0	0	0	0	0	0	0	0	0	0	0	0	0	0	0
113	0	484	0	0	0	0	0	0	0	0	484	0.0425738	0	0	0	0	0	0	0	0	0.0425738	1	0	0	0	0	0	0	0	0	21	0	0	0	0	0	0	0	0	21	1	0	0	0	0	0	0	0	0	62.7338	0	0	0	0	0	0	0	0	62.7338	1	0	0	0	0	0	0	0	0	149	0	0	0	0	0	0	0	0	149	1	0	0	0	0	0	0	0	0	0	0	0	0	0	0	0	0	0	0	0	0	0	0	0	0	0	0	0	0	0	0	0	0	0	0	0	0	0	0	0	0	0	0	0	0	0	0
114	0	468	0	0	0	0	0	0	0	0	468	0.050819	0	0	0	0	0	0	0	0	0.050819	1	0	0	0	0	0	0	0	0	22	0	0	0	0	0	0	0	0	22	1	0	0	0	0	0	0	0	0	61.539	0	0	0	0	0	0	0	0	61.539	1	0	0	0	0	0	0	0	0	142	0	0	0	0	0	0	0	0	142	1	0	0	0	0	0	0	0	0	0	0	0	0	0	0	0	0	0	0	0	0	0	0	0	0	0	0	0	0	0	0	0	0	0	0	0	0	0	0	0	0	0	0	0	0	0	0
115	0	490	0	0	0	0	0	0	0	0	490	0.0413209	0	0	0	0	0	0	0	0	0.0413209	1	0	0	0	0	0	0	0	0	28	0	0	0	0	0	0	0	0	28	1	0	0	0	0	0	0	0	0	62.4914	0	0	0	0	0	0	0	0	62.4914	1	0	0	0	0	0	0	0	0	140	0	0	0	0	0	0	0	0	140	1	0	0	0	0	0	0	0	0	0	0	0	0	0	0	0	0	0	0	0	0	0	0	0	0	0	0	0	0	0	0	0	0	0	0	0	0	0	0	0	0	0	0	0	0	0	0
116	0	499	0	0	0	0	0	0	0	0	499	0.0523789	0	0	0	0	0	0	0	0	0.0523789	1	0	0	0	0	0	0	0	0	29	0	0	0	0	0	0	0	0	29	1	0	0	0	0	0	0	0	0	63.6737	0	0	0	0	0	0	0	0	63.6737	1	0	0	0	0	0	0	0	0	136	0	0	0	0	0	0	0	0	136	1	0	0	0	0	0	0	0	0	0	0	0	0	0	0	0	0	0	0	0	0	0	0	0	0	0	0	0	0	0	0	0	0	0	0	0	0	0	0	0	0	0	0	0	0	0	0
117	0	497	0	0	0	0	0	0	0	0	497	0.0477191	0	0	0	0	0	0	0	0	0.0477191	1	0	0	0	0	0	0	0	0	29	0	0	0	0	0	0	0	0	29	1	0	0	0	0	0	0	0	0	62.2219	0	0	0	0	0	0	0	0	62.2219	1	0	0	0	0	0	0	0	0	129	0	0	0	0	0	0	0	0	129	1	0	0	0	0	0	0	0	0	0	0	0	0	0	0	0	0	0	0	0	0	0	0	0	0	0	0	0	0	0	0	0	0	0	0	0	0	0	0	0	0	0	0	0	0	0	0
118	0	505	0	0	0	0	0	0	0	0	505	0.0644367	0	0	0	0	0	0	0	0	0.0644367	1	0	0	0	0	0	0	0	0	34	0	0	0	0	0	0	0	0	34	1	0	0	0	0	0	0	0	0	62.5593	0	0	0	0	0	0	0	0	62.5593	1	0	0	0	0	0	0	0	0	127	0	0	0	0	0	0	0	0	127	1	0	0	0	0	0	0	0	0	0	0	0	0	0	0	0	0	0	0	0	0	0	0	0	0	0	0	0	0	0	0	0	0	0	0	0	0	0	0	0	0	0	0	0	0	0	0
119	0	495	0	0	0	0	0	0	0	0	495	0.0439794	0	0	0	0	0	0	0	0	0.0439794	1	0	0	0	0	0	0	0	0	34	0	0	0	0	0	0	0	0	34	1	0	0	0	0	0	0	0	0	60.8345	0	0	0	0	0	0	0	0	60.8345	1	0	0	0	0	0	0	0	0	128	0	0	0	0	0	0	0	0	128	1	0	0	0	0	0	0	0	0	0	0	0	0	0	0	0	0	0	0	0	0	0	0	0	0	0	0	0	0	0	0	0	0	0	0	0	0	0	0	0	0	0	0	0	0	0	0
120	0	498	0	0	0	0	0	0	0	0	498	0.0531857	0	0	0	0	0	0	0	0	0.0531857	1	0	0	0	0	0	0	0	0	40	0	0	0	0	0	0	0	0	40	1	0	0	0	0	0	0	0	0	60.9773	0	0	0	0	0	0	0	0	60.9773	1	0	0	0	0	0	0	0	0	128	0	0	0	0	0	0	0	0	128	1	0	0	0	0	0	0	0	0	0	0	0	0	0	0	0	0	0	0	0	0	0	0	0	0	0	0	0	0	0	0	0	0	0	0	0	0	0	0	0	0	0	0	0	0	0	0
121	0	501	0	0	0	0	0	0	0	0	501	0.0673429	0	0	0	0	0	0	0	0	0.0673429	1	0	0	0	0	0	0	0	0	49	0	0	0	0	0	0	0	0	49	1	0	0	0	0	0	0	0	0	60.2966	0	0	0	0	0	0	0	0	60.2966	1	0	0	0	0	0	0	0	0	124	0	0	0	0	0	0	0	0	124	1	0	0	0	0	0	0	0	0	0	0	0	0	0	0	0	0	0	0	0	0	0	0	0	0	0	0	0	0	0	0	0	0	0	0	0	0	0	0	0	0	0	0	0	0	0	0
122	0	486	0	0	0	0	0	0	0	0	486	0.086284	0	0	0	0	0	0	0	0	0.086284	1	0	0	0	0	0	0	0	0	54	0	0	0	0	0	0	0	0	54	1	0	0	0	0	0	0	0	0	61.5758	0	0	0	0	0	0	0	0	61.5758	1	0	0	0	0	0	0	0	0	126	0	0	0	0	0	0	0	0	126	1	0	0	0	0	0	0	0	0	0	0	0	0	0	0	0	0	0	0	0	0	0	0	0	0	0	0	0	0	0	0	0	0	0	0	0	0	0	0	0	0	0	0	0	0	0	0
123	0	480	0	0	0	0	0	0	0	0	480	0.0762835	0	0	0	0	0	0	0	0	0.0762835	1	0	0	0	0	0	0	0	0	51	0	0	0	0	0	0	0	0	51	1	0	0	0	0	0	0	0	0	61.513	0	0	0	0	0	0	0	0	61.513	1	0	0	0	0	0	0	0	0	128	0	0	0	0	0	0	0	0	128	1	0	0	0	0	0	0	0	0	0	0	0	0	0	0	0	0	0	0	0	0	0	0	0	0	0	0	0	0	0	0	0	0	0	0	0	0	0	0	0	0	0	0	0	0	0	0
124	0	482	0	0	0	0	0	0	0	0	482	0.0866186	0	0	0	0	0	0	0	0	0.0866186	1	0	0	0	0	0	0	0	0	51	0	0	0	0	0	0	0	0	51	1	0	0	0	0	0	0	0	0	61.3273	0	0	0	0	0	0	0	0	61.3273	1	0	0	0	0	0	0	0	0	129	0	0	0	0	0	0	0	0	129	1	0	0	0	0	0	0	0	0	0	0	0	0	0	0	0	0	0	0	0	0	0	0	0	0	0	0	0	0	0	0	0	0	0	0	0	0	0	0	0	0	0	0	0	0	0	0
125	0	470	0	0	0	0	0	0	0	0	470	0.0640432	0	0	0	0	0	0	0	0	0.0640432	1	0	0	0	0	0	0	0	0	46	0	0	0	0	0	0	0	0	46	1	0	0	0	0	0	0	0	0	58.5828	0	0	0	0	0	0	0	0	58.5828	1	0	0	0	0	0	0	0	0	132	0	0	0	0	0	0	0	0	132	1	0	0	0	0	0	0	0	0	0	0	0	0	0	0	0	0	0	0	0	0	0	0	0	0	0	0	0	0	0	0	0	0	0	0	0	0	0	0	0	0	0	0	0	0	0	0
126	0	459	0	0	0	0	0	0	0	0	459	0.0722349	0	0	0	0	0	0	0	0	0.0722349	1	0	0	0	0	0	0	0	0	45	0	0	0	0	0	0	0	0	45	1	0	0	0	0	0	0	0	0	56.6469	0	0	0	0	0	0	0	0	56.6469	1	0	0	0	0	0	0	0	0	128	0	0	0	0	0	0	0	0	128	1	0	0	0	0	0	0	0	0	0	0	0	0	0	0	0	0	0	0	0	0	0	0	0	0	0	0	0	0	0	0	0	0	0	0	0	0	0	0	0	0	0	0	0	0	0	0
127	0	458	0	0	0	0	0	0	0	0	458	0.0861401	0	0	0	0	0	0	0	0	0.0861401	1	0	0	0	0	0	0	0	0	43	0	0	0	0	0	0	0	0	43	1	0	0	0	0	0	0	0	0	55.9838	0	0	0	0	0	0	0	0	55.9838	1	0	0	0	0	0	0	0	0	127	0	0	0	0	0	0	0	0	127	1	0	0	0	0	0	0	0	0	0	0	0	0	0	0	0	0	0	0	0	0	0	0	0	0	0	0	0	0	0	0	0	0	0	0	0	0	0	0	0	0	0	0	0	0	0	0
128	0	435	0	0	0	0	0	0	0	0	435	0.0807754	0	0	0	0	0	0	0	0	0.0807754	1	0	0	0	0	0	0	0	0	40	0	0	0	0	0	0	0	0	40	1	0	0	0	0	0	0	0	0	51.7762	0	0	0	0	0	0	0	0	51.7762	1	0	0	0	0	0	0	0	0	125	0	0	0	0	0	0	0	0	125	1	0	0	0	0	0	0	0	0	0	0	0	0	0	0	0	0	0	0	0	0	0	0	0	0	0	0	0	0	0	0	0	0	0	0	0	0	0	0	0	0	0	0	0	0	0	0
129	0	437	0	0	0	0	0	0	0	0	437	0.0639046	0	0	0	0	0	0	0	0	0.0639046	1	0	0	0	0	0	0	0	0	46	0	0	0	0	0	0	0	0	46	1	0	0	0	0	0	0	0	0	52.262	0	0	0	0	0	0	0	0	52.262	1	0	0	0	0	0	0	0	0	128	0	0	0	0	0	0	0	0	128	1	0	0	0	0	0	0	0	0	0	0	0	0	0	0	0	0	0	0	0	0	0	0	0	0	0	0	0	0	0	0	0	0	0	0	0	0	0	0	0	0	0	0	0	0	0	0
130	0	419	0	0	0	0	0	0	0	0	419	0.0624647	0	0	0	0	0	0	0	0	0.0624647	1	0	0	0	0	0	0	0	0	47	0	0	0	0	0	0	0	0	47	1	0	0	0	0	0	0	0	0	50.7017	0	0	0	0	0	0	0	0	50.7017	1	0	0	0	0	0	0	0	0	126	0	0	0	0	0	0	0	0	126	1	0	0	0	0	0	0	0	0	0	0	0	0	0	0	0	0	0	0	0	0	0	0	0	0	0	0	0	0	0	0	0	0	0	0	0	0	0	0	0	0	0	0	0	0	0	0
131	0	447	0	0	0	0	0	0	0	0	447	0.0699909	0	0	0	0	0	0	0	0	0.0699909	1	0	0	0	0	0	0	0	0	49	0	0	0	0	0	0	0	0	49	1	0	0	0	0	0	0	0	0	52.3795	0	0	0	0	0	0	0	0	52.3795	1	0	0	0	0	0	0	0	0	126	0	0	0	0	0	0	0	0	126	1	0	0	0	0	0	0	0	0	0	0	0	0	0	0	0	0	0	0	0	0	0	0	0	0	0	0	0	0	0	0	0	0	0	0	0	0	0	0	0	0	0	0	0	0	0	0
132	0	482	0	0	0	0	0	0	0	0	482	0.0978844	0	0	0	0	0	0	0	0	0.0978844	1	0	0	0	0	0	0	0	0	56	0	0	0	0	0	0	0	0	56	1	0	0	0	0	0	0	0	0	55.0121	0	0	0	0	0	0	0	0	55.0121	1	0	0	0	0	0	0	0	0	127	0	0	0	0	0	0	0	0	127	1	0	0	0	0	0	0	0	0	0	0	0	0	0	0	0	0	0	0	0	0	0	0	0	0	0	0	0	0	0	0	0	0	0	0	0	0	0	0	0	0	0	0	0	0	0	0
133	0	449	0	0	0	0	0	0	0	0	449	0.108971	0	0	0	0	0	0	0	0	0.108971	1	0	0	0	0	0	0	0	0	54	0	0	0	0	0	0	0	0	54	1	0	0	0	0	0	0	0	0	52.4773	0	0	0	0	0	0	0	0	52.4773	1	0	0	0	0	0	0	0	0	126	0	0	0	0	0	0	0	0	126	1	0	0	0	0	0	0	0	0	0	0	0	0	0	0	0	0	0	0	0	0	0	0	0	0	0	0	0	0	0	0	0	0	0	0	0	0	0	0	0	0	0	0	0	0	0	0
134	0	472	0	0	0	0	0	0	0	0	472	0.086816	0	0	0	0	0	0	0	0	0.086816	1	0	0	0	0	0	0	0	0	55	0	0	0	0	0	0	0	0	55	1	0	0	0	0	0	0	0	0	53.9945	0	0	0	0	0	0	0	0	53.9945	1	0	0	0	0	0	0	0	0	134	0	0	0	0	0	0	0	0	134	1	0	0	0	0	0	0	0	0	0	0	0	0	0	0	0	0	0	0	0	0	0	0	0	0	0	0	0	0	0	0	0	0	0	0	0	0	0	0	0	0	0	0	0	0	0	0
135	0	484	0	0	0	0	0	0	0	0	484	0.0887873	0	0	0	0	0	0	0	0	0.0887873	1	0	0	0	0	0	0	0	0	56	0	0	0	0	0	0	0	0	56	1	0	0	0	0	0	0	0	0	56.5328	0	0	0	0	0	0	0	0	56.5328	1	0	0	0	0	0	0	0	0	141	0	0	0	0	0	0	0	0	141	1	0	0	0	0	0	0	0	0	0	0	0	0	0	0	0	0	0	0	0	0	0	0	0	0	0	0	0	0	0	0	0	0	0	0	0	0	0	0	0	0	0	0	0	0	0	0
136	0	500	0	0	0	0	0	0	0	0	500	0.106565	0	0	0	0	0	0	0	0	0.106565	1	0	0	0	0	0	0	0	0	58	0	0	0	0	0	0	0	0	58	1	0	0	0	0	0	0	0	0	59.5728	0	0	0	0	0	0	0	0	59.5728	1	0	0	0	0	0	0	0	0	148	0	0	0	0	0	0	0	0	148	1	0	0	0	0	0	0	0	0	0	0	0	0	0	0	0	0	0	0	0	0	0	0	0	0	0	0	0	0	0	0	0	0	0	0	0	0	0	0	0	0	0	0	0	0	0	0
137	0	492	0	0	0	0	0	0	0	0	492	0.0883016	0	0	0	0	0	0	0	0	0.0883016	1	0	0	0	0	0	0	0	0	56	0	0	0	0	0	0	0	0	56	1	0	0	0	0	0	0	0	0	61.0275	0	0	0	0	0	0	0	0	61.0275	1	0	0	0	0	0	0	0	0	149	0	0	0	0	0	0	0	0	149	1	0	0	0	0	0	0	0	0	0	0	0	0	0	0	0	0	0	0	0	0	0	0	0	0	0	0	0	0	0	0	0	0	0	0	0	0	0	0	0	0	0	0	0	0	0	0
138	0	485	0	0	0	0	0	0	0	0	485	0.0790694	0	0	0	0	0	0	0	0	0.0790694	1	0	0	0	0	0	0	0	0	56	0	0	0	0	0	0	0	0	56	1	0	0	0	0	0	0	0	0	62.3964	0	0	0	0	0	0	0	0	62.3964	1	0	0	0	0	0	0	0	0	148	0	0	0	0	0	0	0	0	148	1	0	0	0	0	0	0	0	0	0	0	0	0	0	0	0	0	0	0	0	0	0	0	0	0	0	0	0	0	0	0	0	0	0	0	0	0	0	0	0	0	0	0	0	0	0	0
139	0	491	0	0	0	0	0	0	0	0	491	0.0770624	0	0	0	0	0	0	0	0	0.0770624	1	0	0	0	0	0	0	0	0	51	0	0	0	0	0	0	0	0	51	1	0	0	0	0	0	0	0	0	62.6817	0	0	0	0	0	0	0	0	62.6817	1	0	0	0	0	0	0	0	0	146	0	0	0	0	0	0	0	0	146	1	0	0	0	0	0	0	0	0	0	0	0	0	0	0	0	0	0	0	0	0	0	0	0	0	0	0	0	0	0	0	0	0	0	0	0	0	0	0	0	0	0	0	0	0	0	0
140	0	495	0	0	0	0	0	0	0	0	495	0.0620825	0	0	0	0	0	0	0	0	0.0620825	1	0	0	0	0	0	0	0	0	46	0	0	0	0	0	0	0	0	46	1	0	0	0	0	0	0	0	0	63.4881	0	0	0	0	0	0	0	0	63.4881	1	0	0	0	0	0	0	0	0	148	0	0	0	0	0	0	0	0	148	1	0	0	0	0	0	0	0	0	0	0	0	0	0	0	0	0	0	0	0	0	0	0	0	0	0	0	0	0	0	0	0	0	0	0	0	0	0	0	0	0	0	0	0	0	0	0
141	0	509	0	0	0	0	0	0	0	0	509	0.0731067	0	0	0	0	0	0	0	0	0.0731067	1	0	0	0	0	0	0	0	0	45	0	0	0	0	0	0	0	0	45	1	0	0	0	0	0	0	0	0	65.1702	0	0	0	0	0	0	0	0	65.1702	1	0	0	0	0	0	0	0	0	148	0	0	0	0	0	0	0	0	148	1	0	0	0	0	0	0	0	0	0	0	0	0	0	0	0	0	0	0	0	0	0	0	0	0	0	0	0	0	0	0	0	0	0	0	0	0	0	0	0	0	0	0	0	0	0	0
142	0	500	0	0	0	0	0	0	0	0	500	0.0990283	0	0	0	0	0	0	0	0	0.0990283	1	0	0	0	0	0	0	0	0	44	0	0	0	0	0	0	0	0	44	1	0	0	0	0	0	0	0	0	65.365	0	0	0	0	0	0	0	0	65.365	1	0	0	0	0	0	0	0	0	142	0	0	0	0	0	0	0	0	142	1	0	0	0	0	0	0	0	0	0	0	0	0	0	0	0	0	0	0	0	0	0	0	0	0	0	0	0	0	0	0	0	0	0	0	0	0	0	0	0	0	0	0	0	0	0	0
143	0	495	0	0	0	0	0	0	0	0	495	0.0838402	0	0	0	0	0	0	0	0	0.0838402	1	0	0	0	0	0	0	0	0	37	0	0	0	0	0	0	0	0	37	1	0	0	0	0	0	0	0	0	66.1966	0	0	0	0	0	0	0	0	66.1966	1	0	0	0	0	0	0	0	0	146	0	0	0	0	0	0	0	0	146	1	0	0	0	0	0	0	0	0	0	0	0	0	0	0	0	0	0	0	0	0	0	0	0	0	0	0	0	0	0	0	0	0	0	0	0	0	0	0	0	0	0	0	0	0	0	0
144	0	482	0	0	0	0	0	0	0	0	482	0.0553209	0	0	0	0	0	0	0	0	0.0553209	1	0	0	0	0	0	0	0	0	29	0	0	0	0	0	0	0	0	29	1	0	0	0	0	0	0	0	0	64.2417	0	0	0	0	0	0	0	0	64.2417	1	0	0	0	0	0	0	0	0	143	0	0	0	0	0	0	0	0	143	1	0	0	0	0	0	0	0	0	0	0	0	0	0	0	0	0	0	0	0	0	0	0	0	0	0	0	0	0	0	0	0	0	0	0	0	0	0	0	0	0	0	0	0	0	0	0
145	0	471	0	0	0	0	0	0	0	0	471	0.0801952	0	0	0	0	0	0	0	0	0.0801952	1	0	0	0	0	0	0	0	0	30	0	0	0	0	0	0	0	0	30	1	0	0	0	0	0	0	0	0	63.2379	0	0	0	0	0	0	0	0	63.2379	1	0	0	0	0	0	0	0	0	138	0	0	0	0	0	0	0	0	138	1	0	0	0	0	0	0	0	0	0	0	0	0	0	0	0	0	0	0	0	0	0	0	0	0	0	0	0	0	0	0	0	0	0	0	0	0	0	0	0	0	0	0	0	0	0	0
146	0	469	0	0	0	0	0	0	0	0	469	0.0533435	0	0	0	0	0	0	0	0	0.0533435	1	0	0	0	0	0	0	0	0	26	0	0	0	0	0	0	0	0	26	1	0	0	0	0	0	0	0	0	62.3205	0	0	0	0	0	0	0	0	62.3205	1	0	0	0	0	0	0	0	0	136	0	0	0	0	0	0	0	0	136	1	0	0	0	0	0	0	0	0	0	0	0	0	0	0	0	0	0	0	0	0	0	0	0	0	0	0	0	0	0	0	0	0	0	0	0	0	0	0	0	0	0	0	0	0	0	0
147	0	491	0	0	0	0	0	0	0	0	491	0.0424666	0	0	0	0	0	0	0	0	0.0424666	1	0	0	0	0	0	0	0	0	23	0	0	0	0	0	0	0	0	23	1	0	0	0	0	0	0	0	0	63.5261	0	0	0	0	0	0	0	0	63.5261	1	0	0	0	0	0	0	0	0	133	0	0	0	0	0	0	0	0	133	1	0	0	0	0	0	0	0	0	0	0	0	0	0	0	0	0	0	0	0	0	0	0	0	0	0	0	0	0	0	0	0	0	0	0	0	0	0	0	0	0	0	0	0	0	0	0
148	0	514	0	0	0	0	0	0	0	0	514	0.0329757	0	0	0	0	0	0	0	0	0.0329757	1	0	0	0	0	0	0	0	0	21	0	0	0	0	0	0	0	0	21	1	0	0	0	0	0	0	0	0	65.4995	0	0	0	0	0	0	0	0	65.4995	1	0	0	0	0	0	0	0	0	134	0	0	0	0	0	0	0	0	134	1	0	0	0	0	0	0	0	0	0	0	0	0	0	0	0	0	0	0	0	0	0	0	0	0	0	0	0	0	0	0	0	0	0	0	0	0	0	0	0	0	0	0	0	0	0	0
149	0	508	0	0	0	0	0	0	0	0	508	0.0423963	0	0	0	0	0	0	0	0	0.0423963	1	0	0	0	0	0	0	0	0	21	0	0	0	0	0	0	0	0	21	1	0	0	0	0	0	0	0	0	65.7749	0	0	0	0	0	0	0	0	65.7749	1	0	0	0	0	0	0	0	0	128	0	0	0	0	0	0	0	0	128	1	0	0	0	0	0	0	0	0	0	0	0	0	0	0	0	0	0	0	0	0	0	0	0	0	0	0	0	0	0	0	0	0	0	0	0	0	0	0	0	0	0	0	0	0	0	0
150	0	519	0	0	0	0	0	0	0	0	519	0.0427492	0	0	0	0	0	0	0	0	0.0427492	1	0	0	0	0	0	0	0	0	21	0	0	0	0	0	0	0	0	21	1	0	0	0	0	0	0	0	0	66.4501	0	0	0	0	0	0	0	0	66.4501	1	0	0	0	0	0	0	0	0	127	0	0	0	0	0	0	0	0	127	1	0	0	0	0	0	0	0	0	0	0	0	0	0	0	0	0	0	0	0	0	0	0	0	0	0	0	0	0	0	0	0	0	0	0	0	0	0	0	0	0	0	0	0	0	0	0
151	0	496	0	0	0	0	0	0	0	0	496	0.0450166	0	0	0	0	0	0	0	0	0.0450166	1	0	0	0	0	0	0	0	0	25	0	0	0	0	0	0	0	0	25	1	0	0	0	0	0	0	0	0	62.4502	0	0	0	0	0	0	0	0	62.4502	1	0	0	0	0	0	0	0	0	120	0	0	0	0	0	0	0	0	120	1	0	0	0	0	0	0	0	0	0	0	0	0	0	0	0	0	0	0	0	0	0	0	0	0	0	0	0	0	0	0	0	0	0	0	0	0	0	0	0	0	0	0	0	0	0	0
152	0	471	0	0	0	0	0	0	0	0	471	0.0382	0	0	0	0	0	0	0	0	0.0382	1	0	0	0	0	0	0	0	0	32	0	0	0	0	0	0	0	0	32	1	0	0	0	0	0	0	0	0	56.0309	0	0	0	0	0	0	0	0	56.0309	1	0	0	0	0	0	0	0	0	112	0	0	0	0	0	0	0	0	112	1	0	0	0	0	0	0	0	0	0	0	0	0	0	0	0	0	0	0	0	0	0	0	0	0	0	0	0	0	0	0	0	0	0	0	0	0	0	0	0	0	0	0	0	0	0	0
153	0	487	0	0	0	0	0	0	0	0	487	0.0500124	0	0	0	0	0	0	0	0	0.0500124	1	0	0	0	0	0	0	0	0	38	0	0	0	0	0	0	0	0	38	1	0	0	0	0	0	0	0	0	55.7517	0	0	0	0	0	0	0	0	55.7517	1	0	0	0	0	0	0	0	0	110	0	0	0	0	0	0	0	0	110	1	0	0	0	0	0	0	0	0	0	0	0	0	0	0	0	0	0	0	0	0	0	0	0	0	0	0	0	0	0	0	0	0	0	0	0	0	0	0	0	0	0	0	0	0	0	0
154	0	492	0	0	0	0	0	0	0	0	492	0.0445565	0	0	0	0	0	0	0	0	0.0445565	1	0	0	0	0	0	0	0	0	50	0	0	0	0	0	0	0	0	50	1	0	0	0	0	0	0	0	0	56.575	0	0	0	0	0	0	0	0	56.575	1	0	0	0	0	0	0	0	0	112	0	0	0	0	0	0	0	0	112	1	0	0	0	0	0	0	0	0	0	0	0	0	0	0	0	0	0	0	0	0	0	0	0	0	0	0	0	0	0	0	0	0	0	0	0	0	0	0	0	0	0	0	0	0	0	0
155	0	502	0	0	0	0	0	0	0	0	502	0.0698012	0	0	0	0	0	0	0	0	0.0698012	1	0	0	0	0	0	0	0	0	64	0	0	0	0	0	0	0	0	64	1	0	0	0	0	0	0	0	0	57.478	0	0	0	0	0	0	0	0	57.478	1	0	0	0	0	0	0	0	0	115	0	0	0	0	0	0	0	0	115	1	0	0	0	0	0	0	0	0	0	0	0	0	0	0	0	0	0	0	0	0	0	0	0	0	0	0	0	0	0	0	0	0	0	0	0	0	0	0	0	0	0	0	0	0	0	0
156	0	511	0	0	0	0	0	0	0	0	511	0.094847	0	0	0	0	0	0	0	0	0.094847	1	0	0	0	0	0	0	0	0	67	0	0	0	0	0	0	0	0	67	1	0	0	0	0	0	0	0	0	59.0036	0	0	0	0	0	0	0	0	59.0036	1	0	0	0	0	0	0	0	0	122	0	0	0	0	0	0	0	0	122	1	0	0	0	0	0	0	0	0	0	0	0	0	0	0	0	0	0	0	0	0	0	0	0	0	0	0	0	0	0	0	0	0	0	0	0	0	0	0	0	0	0	0	0	0	0	0
157	0	493	0	0	0	0	0	0	0	0	493	0.114796	0	0	0	0	0	0	0	0	0.114796	1	0	0	0	0	0	0	0	0	70	0	0	0	0	0	0	0	0	70	1	0	0	0	0	0	0	0	0	60.1099	0	0	0	0	0	0	0	0	60.1099	1	0	0	0	0	0	0	0	0	127	0	0	0	0	0	0	0	0	127	1	0	0	0	0	0	0	0	0	0	0	0	0	0	0	0	0	0	0	0	0	0	0	0	0	0	0	0	0	0	0	0	0	0	0	0	0	0	0	0	0	0	0	0	0	0	0
158	0	461	0	0	0	0	0	0	0	0	461	0.12192	0	0	0	0	0	0	0	0	0.12192	1	0	0	0	0	0	0	0	0	74	0	0	0	0	0	0	0	0	74	1	0	0	0	0	0	0	0	0	58.3136	0	0	0	0	0	0	0	0	58.3136	1	0	0	0	0	0	0	0	0	126	0	0	0	0	0	0	0	0	126	1	0	0	0	0	0	0	0	0	0	0	0	0	0	0	0	0	0	0	0	0	0	0	0	0	0	0	0	0	0	0	0	0	0	0	0	0	0	0	0	0	0	0	0	0	0	0
159	0	503	0	0	0	0	0	0	0	0	503	0.119839	0	0	0	0	0	0	0	0	0.119839	1	0	0	0	0	0	0	0	0	68	0	0	0	0	0	0	0	0	68	1	0	0	0	0	0	0	0	0	60.6618	0	0	0	0	0	0	0	0	60.6618	1	0	0	0	0	0	0	0	0	135	0	0	0	0	0	0	0	0	135	1	0	0	0	0	0	0	0	0	0	0	0	0	0	0	0	0	0	0	0	0	0	0	0	0	0	0	0	0	0	0	0	0	0	0	0	0	0	0	0	0	0	0	0	0	0	0
160	0	506	0	0	0	0	0	0	0	0	506	0.121101	0	0	0	0	0	0	0	0	0.121101	1	0	0	0	0	0	0	0	0	66	0	0	0	0	0	0	0	0	66	1	0	0	0	0	0	0	0	0	60.629	0	0	0	0	0	0	0	0	60.629	1	0	0	0	0	0	0	0	0	139	0	0	0	0	0	0	0	0	139	1	0	0	0	0	0	0	0	0	0	0	0	0	0	0	0	0	0	0	0	0	0	0	0	0	0	0	0	0	0	0	0	0	0	0	0	0	0	0	0	0	0	0	0	0	0	0
161	0	509	0	0	0	0	0	0	0	0	509	0.130935	0	0	0	0	0	0	0	0	0.130935	1	0	0	0	0	0	0	0	0	62	0	0	0	0	0	0	0	0	62	1	0	0	0	0	0	0	0	0	62.7709	0	0	0	0	0	0	0	0	62.7709	1	0	0	0	0	0	0	0	0	141	0	0	0	0	0	0	0	0	141	1	0	0	0	0	0	0	0	0	0	0	0	0	0	0	0	0	0	0	0	0	0	0	0	0	0	0	0	0	0	0	0	0	0	0	0	0	0	0	0	0	0	0	0	0	0	0
162	0	509	0	0	0	0	0	0	0	0	509	0.114366	0	0	0	0	0	0	0	0	0.114366	1	0	0	0	0	0	0	0	0	57	0	0	0	0	0	0	0	0	57	1	0	0	0	0	0	0	0	0	65.9563	0	0	0	0	0	0	0	0	65.9563	1	0	0	0	0	0	0	0	0	150	0	0	0	0	0	0	0	0	150	1	0	0	0	0	0	0	0	0	0	0	0	0	0	0	0	0	0	0	0	0	0	0	0	0	0	0	0	0	0	0	0	0	0	0	0	0	0	0	0	0	0	0	0	0	0	0
163	0	523	0	0	0	0	0	0	0	0	523	0.0825647	0	0	0	0	0	0	0	0	0.0825647	1	0	0	0	0	0	0	0	0	58	0	0	0	0	0	0	0	0	58	1	0	0	0	0	0	0	0	0	65.1314	0	0	0	0	0	0	0	0	65.1314	1	0	0	0	0	0	0	0	0	155	0	0	0	0	0	0	0	0	155	1	0	0	0	0	0	0	0	0	0	0	0	0	0	0	0	0	0	0	0	0	0	0	0	0	0	0	0	0	0	0	0	0	0	0	0	0	0	0	0	0	0	0	0	0	0	0
164	0	503	0	0	0	0	0	0	0	0	503	0.0901658	0	0	0	0	0	0	0	0	0.0901658	1	0	0	0	0	0	0	0	0	59	0	0	0	0	0	0	0	0	59	1	0	0	0	0	0	0	0	0	64.1733	0	0	0	0	0	0	0	0	64.1733	1	0	0	0	0	0	0	0	0	150	0	0	0	0	0	0	0	0	150	1	0	0	0	0	0	0	0	0	0	0	0	0	0	0	0	0	0	0	0	0	0	0	0	0	0	0	0	0	0	0	0	0	0	0	0	0	0	0	0	0	0	0	0	0	0	0
165	0	485	0	0	0	0	0	0	0	0	485	0.0993595	0	0	0	0	0	0	0	0	0.0993595	1	0	0	0	0	0	0	0	0	55	0	0	0	0	0	0	0	0	55	1	0	0	0	0	0	0	0	0	61.5867	0	0	0	0	0	0	0	0	61.5867	1	0	0	0	0	0	0	0	0	148	0	0	0	0	0	0	0	0	148	1	0	0	0	0	0	0	0	0	0	0	0	0	0	0	0	0	0	0	0	0	0	0	0	0	0	0	0	0	0	0	0	0	0	0	0	0	0	0	0	0	0	0	0	0	0	0
166	0	491	0	0	0	0	0	0	0	0	491	0.10889	0	0	0	0	0	0	0	0	0.10889	1	0	0	0	0	0	0	0	0	52	0	0	0	0	0	0	0	0	52	1	0	0	0	0	0	0	0	0	61.9358	0	0	0	0	0	0	0	0	61.9358	1	0	0	0	0	0	0	0	0	149	0	0	0	0	0	0	0	0	149	1	0	0	0	0	0	0	0	0	0	0	0	0	0	0	0	0	0	0	0	0	0	0	0	0	0	0	0	0	0	0	0	0	0	0	0	0	0	0	0	0	0	0	0	0	0	0
167	0	487	0	0	0	0	0	0	0	0	487	0.0825443	0	0	0	0	0	0	0	0	0.0825443	1	0	0	0	0	0	0	0	0	51	0	0	0	0	0	0	0	0	51	1	0	0	0	0	0	0	0	0	58.8831	0	0	0	0	0	0	0	0	58.8831	1	0	0	0	0	0	0	0	0	153	0	0	0	0	0	0	0	0	153	1	0	0	0	0	0	0	0	0	0	0	0	0	0	0	0	0	0	0	0	0	0	0	0	0	0	0	0	0	0	0	0	0	0	0	0	0	0	0	0	0	0	0	0	0	0	0
168	0	500	0	0	0	0	0	0	0	0	500	0.102854	0	0	0	0	0	0	0	0	0.102854	1	0	0	0	0	0	0	0	0	58	0	0	0	0	0	0	0	0	58	1	0	0	0	0	0	0	0	0	60.7356	0	0	0	0	0	0	0	0	60.7356	1	0	0	0	0	0	0	0	0	153	0	0	0	0	0	0	0	0	153	1	0	0	0	0	0	0	0	0	0	0	0	0	0	0	0	0	0	0	0	0	0	0	0	0	0	0	0	0	0	0	0	0	0	0	0	0	0	0	0	0	0	0	0	0	0	0
169	0	481	0	0	0	0	0	0	0	0	481	0.118896	0	0	0	0	0	0	0	0	0.118896	1	0	0	0	0	0	0	0	0	64	0	0	0	0	0	0	0	0	64	1	0	0	0	0	0	0	0	0	59.5067	0	0	0	0	0	0	0	0	59.5067	1	0	0	0	0	0	0	0	0	152	0	0	0	0	0	0	0	0	152	1	0	0	0	0	0	0	0	0	0	0	0	0	0	0	0	0	0	0	0	0	0	0	0	0	0	0	0	0	0	0	0	0	0	0	0	0	0	0	0	0	0	0	0	0	0	0
170	0	509	0	0	0	0	0	0	0	0	509	0.0944212	0	0	0	0	0	0	0	0	0.0944212	1	0	0	0	0	0	0	0	0	60	0	0	0	0	0	0	0	0	60	1	0	0	0	0	0	0	0	0	62.284	0	0	0	0	0	0	0	0	62.284	1	0	0	0	0	0	0	0	0	158	0	0	0	0	0	0	0	0	158	1	0	0	0	0	0	0	0	0	0	0	0	0	0	0	0	0	0	0	0	0	0	0	0	0	0	0	0	0	0	0	0	0	0	0	0	0	0	0	0	0	0	0	0	0	0	0
171	0	507	0	0	0	0	0	0	0	0	507	0.126394	0	0	0	0	0	0	0	0	0.126394	1	0	0	0	0	0	0	0	0	62	0	0	0	0	0	0	0	0	62	1	0	0	0	0	0	0	0	0	65.0643	0	0	0	0	0	0	0	0	65.0643	1	0	0	0	0	0	0	0	0	155	0	0	0	0	0	0	0	0	155	1	0	0	0	0	0	0	0	0	0	0	0	0	0	0	0	0	0	0	0	0	0	0	0	0	0	0	0	0	0	0	0	0	0	0	0	0	0	0	0	0	0	0	0	0	0	0
172	0	512	0	0	0	0	0	0	0	0	512	0.115083	0	0	0	0	0	0	0	0	0.115083	1	0	0	0	0	0	0	0	0	58	0	0	0	0	0	0	0	0	58	1	0	0	0	0	0	0	0	0	65.9482	0	0	0	0	0	0	0	0	65.9482	1	0	0	0	0	0	0	0	0	163	0	0	0	0	0	0	0	0	163	1	0	0	0	0	0	0	0	0	0	0	0	0	0	0	0	0	0	0	0	0	0	0	0	0	0	0	0	0	0	0	0	0	0	0	0	0	0	0	0	0	0	0	0	0	0	0
173	0	501	0	0	0	0	0	0	0	0	501	0.100678	0	0	0	0	0	0	0	0	0.100678	1	0	0	0	0	0	0	0	0	55	0	0	0	0	0	0	0	0	55	1	0	0	0	0	0	0	0	0	67.0793	0	0	0	0	0	0	0	0	67.0793	1	0	0	0	0	0	0	0	0	166	0	0	0	0	0	0	0	0	166	1	0	0	0	0	0	0	0	0	0	0	0	0	0	0	0	0	0	0	0	0	0	0	0	0	0	0	0	0	0	0	0	0	0	0	0	0	0	0	0	0	0	0	0	0	0	0
174	0	506	0	0	0	0	0	0	0	0	506	0.0856853	0	0	0	0	0	0	0	0	0.0856853	1	0	0	0	0	0	0	0	0	44	0	0	0	0	0	0	0	0	44	1	0	0	0	0	0	0	0	0	67.5191	0	0	0	0	0	0	0	0	67.5191	1	0	0	0	0	0	0	0	0	167	0	0	0	0	0	0	0	0	167	1	0	0	0	0	0	0	0	0	0	0	0	0	0	0	0	0	0	0	0	0	0	0	0	0	0	0	0	0	0	0	0	0	0	0	0	0	0	0	0	0	0	0	0	0	0	0
175	0	505	0	0	0	0	0	0	0	0	505	0.0958123	0	0	0	0	0	0	0	0	0.0958123	1	0	0	0	0	0	0	0	0	43	0	0	0	0	0	0	0	0	43	1	0	0	0	0	0	0	0	0	67.5251	0	0	0	0	0	0	0	0	67.5251	1	0	0	0	0	0	0	0	0	166	0	0	0	0	0	0	0	0	166	1	0	0	0	0	0	0	0	0	0	0	0	0	0	0	0	0	0	0	0	0	0	0	0	0	0	0	0	0	0	0	0	0	0	0	0	0	0	0	0	0	0	0	0	0	0	0
176	0	500	0	0	0	0	0	0	0	0	500	0.0746997	0	0	0	0	0	0	0	0	0.0746997	1	0	0	0	0	0	0	0	0	36	0	0	0	0	0	0	0	0	36	1	0	0	0	0	0	0	0	0	68.0594	0	0	0	0	0	0	0	0	68.0594	1	0	0	0	0	0	0	0	0	168	0	0	0	0	0	0	0	0	168	1	0	0	0	0	0	0	0	0	0	0	0	0	0	0	0	0	0	0	0	0	0	0	0	0	0	0	0	0	0	0	0	0	0	0	0	0	0	0	0	0	0	0	0	0	0	0
177	0	493	0	0	0	0	0	0	0	0	493	0.0703578	0	0	0	0	0	0	0	0	0.0703578	1	0	0	0	0	0	0	0	0	31	0	0	0	0	0	0	0	0	31	1	0	0	0	0	0	0	0	0	65.3877	0	0	0	0	0	0	0	0	65.3877	1	0	0	0	0	0	0	0	0	164	0	0	0	0	0	0	0	0	164	1	0	0	0	0	0	0	0	0	0	0	0	0	0	0	0	0	0	0	0	0	0	0	0	0	0	0	0	0	0	0	0	0	0	0	0	0	0	0	0	0	0	0	0	0	0	0
178	0	482	0	0	0	0	0	0	0	0	482	0.0622731	0	0	0	0	0	0	0	0	0.0622731	1	0	0	0	0	0	0	0	0	28	0	0	0	0	0	0	0	0	28	1	0	0	0	0	0	0	0	0	65.8527	0	0	0	0	0	0	0	0	65.8527	1	0	0	0	0	0	0	0	0	159	0	0	0	0	0	0	0	0	159	1	0	0	0	0	0	0	0	0	0	0	0	0	0	0	0	0	0	0	0	0	0	0	0	0	0	0	0	0	0	0	0	0	0	0	0	0	0	0	0	0	0	0	0	0	0	0
179	0	479	0	0	0	0	0	0	0	0	479	0.0430284	0	0	0	0	0	0	0	0	0.0430284	1	0	0	0	0	0	0	0	0	24	0	0	0	0	0	0	0	0	24	1	0	0	0	0	0	0	0	0	65.7978	0	0	0	0	0	0	0	0	65.7978	1	0	0	0	0	0	0	0	0	157	0	0	0	0	0	0	0	0	157	1	0	0	0	0	0	0	0	0	0	0	0	0	0	0	0	0	0	0	0	0	0	0	0	0	0	0	0	0	0	0	0	0	0	0	0	0	0	0	0	0	0	0	0	0	0	0
180	0	478	0	0	0	0	0	0	0	0	478	0.0462291	0	0	0	0	0	0	0	0	0.0462291	1	0	0	0	0	0	0	0	0	25	0	0	0	0	0	0	0	0	25	1	0	0	0	0	0	0	0	0	63.5917	0	0	0	0	0	0	0	0	63.5917	1	0	0	0	0	0	0	0	0	151	0	0	0	0	0	0	0	0	151	1	0	0	0	0	0	0	0	0	0	0	0	0	0	0	0	0	0	0	0	0	0	0	0	0	0	0	0	0	0	0	0	0	0	0	0	0	0	0	0	0	0	0	0	0	0	0
181	0	472	0	0	0	0	0	0	0	0	472	0.0668276	0	0	0	0	0	0	0	0	0.0668276	1	0	0	0	0	0	0	0	0	31	0	0	0	0	0	0	0	0	31	1	0	0	0	0	0	0	0	0	64.3423	0	0	0	0	0	0	0	0	64.3423	1	0	0	0	0	0	0	0	0	143	0	0	0	0	0	0	0	0	143	1	0	0	0	0	0	0	0	0	0	0	0	0	0	0	0	0	0	0	0	0	0	0	0	0	0	0	0	0	0	0	0	0	0	0	0	0	0	0	0	0	0	0	0	0	0	0
182	0	470	0	0	0	0	0	0	0	0	470	0.0449367	0	0	0	0	0	0	0	0	0.0449367	1	0	0	0	0	0	0	0	0	27	0	0	0	0	0	0	0	0	27	1	0	0	0	0	0	0	0	0	65.9515	0	0	0	0	0	0	0	0	65.9515	1	0	0	0	0	0	0	0	0	143	0	0	0	0	0	0	0	0	143	1	0	0	0	0	0	0	0	0	0	0	0	0	0	0	0	0	0	0	0	0	0	0	0	0	0	0	0	0	0	0	0	0	0	0	0	0	0	0	0	0	0	0	0	0	0	0
183	0	459	0	0	0	0	0	0	0	0	459	0.0334672	0	0	0	0	0	0	0	0	0.0334672	1	0	0	0	0	0	0	0	0	23	0	0	0	0	0	0	0	0	23	1	0	0	0	0	0	0	0	0	64.069	0	0	0	0	0	0	0	0	64.069	1	0	0	0	0	0	0	0	0	138	0	0	0	0	0	0	0	0	138	1	0	0	0	0	0	0	0	0	0	0	0	0	0	0	0	0	0	0	0	0	0	0	0	0	0	0	0	0	0	0	0	0	0	0	0	0	0	0	0	0	0	0	0	0	0	0
184	0	471	0	0	0	0	0	0	0	0	471	0.0518492	0	0	0	0	0	0	0	0	0.0518492	1	0	0	0	0	0	0	0	0	23	0	0	0	0	0	0	0	0	23	1	0	0	0	0	0	0	0	0	61.7234	0	0	0	0	0	0	0	0	61.7234	1	0	0	0	0	0	0	0	0	130	0	0	0	0	0	0	0	0	130	1	0	0	0	0	0	0	0	0	0	0	0	0	0	0	0	0	0	0	0	0	0	0	0	0	0	0	0	0	0	0	0	0	0	0	0	0	0	0	0	0	0	0	0	0	0	0
185	0	474	0	0	0	0	0	0	0	0	474	0.0303532	0	0	0	0	0	0	0	0	0.0303532	1	0	0	0	0	0	0	0	0	18	0	0	0	0	0	0	0	0	18	1	0	0	0	0	0	0	0	0	60.8147	0	0	0	0	0	0	0	0	60.8147	1	0	0	0	0	0	0	0	0	130	0	0	0	0	0	0	0	0	130	1	0	0	0	0	0	0	0	0	0	0	0	0	0	0	0	0	0	0	0	0	0	0	0	0	0	0	0	0	0	0	0	0	0	0	0	0	0	0	0	0	0	0	0	0	0	0
186	0	489	0	0	0	0	0	0	0	0	489	0.0414218	0	0	0	0	0	0	0	0	0.0414218	1	0	0	0	0	0	0	0	0	19	0	0	0	0	0	0	0	0	19	1	0	0	0	0	0	0	0	0	60.5349	0	0	0	0	0	0	0	0	60.5349	1	0	0	0	0	0	0	0	0	127	0	0	0	0	0	0	0	0	127	1	0	0	0	0	0	0	0	0	0	0	0	0	0	0	0	0	0	0	0	0	0	0	0	0	0	0	0	0	0	0	0	0	0	0	0	0	0	0	0	0	0	0	0	0	0	0
187	0	482	0	0	0	0	0	0	0	0	482	0.0299723	0	0	0	0	0	0	0	0	0.0299723	1	0	0	0	0	0	0	0	0	19	0	0	0	0	0	0	0	0	19	1	0	0	0	0	0	0	0	0	60.7666	0	0	0	0	0	0	0	0	60.7666	1	0	0	0	0	0	0	0	0	128	0	0	0	0	0	0	0	0	128	1	0	0	0	0	0	0	0	0	0	0	0	0	0	0	0	0	0	0	0	0	0	0	0	0	0	0	0	0	0	0	0	0	0	0	0	0	0	0	0	0	0	0	0	0	0	0
188	0	494	0	0	0	0	0	0	0	0	494	0.0241985	0	0	0	0	0	0	0	0	0.0241985	1	0	0	0	0	0	0	0	0	29	0	0	0	0	0	0	0	0	29	1	0	0	0	0	0	0	0	0	61.9203	0	0	0	0	0	0	0	0	61.9203	1	0	0	0	0	0	0	0	0	127	0	0	0	0	0	0	0	0	127	1	0	0	0	0	0	0	0	0	0	0	0	0	0	0	0	0	0	0	0	0	0	0	0	0	0	0	0	0	0	0	0	0	0	0	0	0	0	0	0	0	0	0	0	0	0	0
189	0	493	0	0	0	0	0	0	0	0	493	0.0398239	0	0	0	0	0	0	0	0	0.0398239	1	0	0	0	0	0	0	0	0	37	0	0	0	0	0	0	0	0	37	1	0	0	0	0	0	0	0	0	59.3511	0	0	0	0	0	0	0	0	59.3511	1	0	0	0	0	0	0	0	0	120	0	0	0	0	0	0	0	0	120	1	0	0	0	0	0	0	0	0	0	0	0	0	0	0	0	0	0	0	0	0	0	0	0	0	0	0	0	0	0	0	0	0	0	0	0	0	0	0	0	0	0	0	0	0	0	0
190	0	506	0	0	0	0	0	0	0	0	506	0.0570695	0	0	0	0	0	0	0	0	0.0570695	1	0	0	0	0	0	0	0	0	44	0	0	0	0	0	0	0	0	44	1	0	0	0	0	0	0	0	0	60.7132	0	0	0	0	0	0	0	0	60.7132	1	0	0	0	0	0	0	0	0	116	0	0	0	0	0	0	0	0	116	1	0	0	0	0	0	0	0	0	0	0	0	0	0	0	0	0	0	0	0	0	0	0	0	0	0	0	0	0	0	0	0	0	0	0	0	0	0	0	0	0	0	0	0	0	0	0
191	0	507	0	0	0	0	0	0	0	0	507	0.105628	0	0	0	0	0	0	0	0	0.105628	1	0	0	0	0	0	0	0	0	55	0	0	0	0	0	0	0	0	55	1	0	0	0	0	0	0	0	0	59.1639	0	0	0	0	0	0	0	0	59.1639	1	0	0	0	0	0	0	0	0	112	0	0	0	0	0	0	0	0	112	1	0	0	0	0	0	0	0	0	0	0	0	0	0	0	0	0	0	0	0	0	0	0	0	0	0	0	0	0	0	0	0	0	0	0	0	0	0	0	0	0	0	0	0	0	0	0
192	0	494	0	0	0	0	0	0	0	0	494	0.0716835	0	0	0	0	0	0	0	0	0.0716835	1	0	0	0	0	0	0	0	0	59	0	0	0	0	0	0	0	0	59	1	0	0	0	0	0	0	0	0	58.551	0	0	0	0	0	0	0	0	58.551	1	0	0	0	0	0	0	0	0	117	0	0	0	0	0	0	0	0	117	1	0	0	0	0	0	0	0	0	0	0	0	0	0	0	0	0	0	0	0	0	0	0	0	0	0	0	0	0	0	0	0	0	0	0	0	0	0	0	0	0	0	0	0	0	0	0
193	0	479	0	0	0	0	0	0	0	0	479	0.0872954	0	0	0	0	0	0	0	0	0.0872954	1	0	0	0	0	0	0	0	0	63	0	0	0	0	0	0	0	0	63	1	0	0	0	0	0	0	0	0	57.2284	0	0	0	0	0	0	0	0	57.2284	1	0	0	0	0	0	0	0	0	115	0	0	0	0	0	0	0	0	115	1	0	0	0	0	0	0	0	0	0	0	0	0	0	0	0	0	0	0	0	0	0	0	0	0	0	0	0	0	0	0	0	0	0	0	0	0	0	0	0	0	0	0	0	0	0	0
194	0	478	0	0	0	0	0	0	0	0	478	0.0930108	0	0	0	0	0	0	0	0	0.0930108	1	0	0	0	0	0	0	0	0	72	0	0	0	0	0	0	0	0	72	1	0	0	0	0	0	0	0	0	56.562	0	0	0	0	0	0	0	0	56.562	1	0	0	0	0	0	0	0	0	115	0	0	0	0	0	0	0	0	115	1	0	0	0	0	0	0	0	0	0	0	0	0	0	0	0	0	0	0	0	0	0	0	0	0	0	0	0	0	0	0	0	0	0	0	0	0	0	0	0	0	0	0	0	0	0	0
195	0	493	0	0	0	0	0	0	0	0	493	0.152367	0	0	0	0	0	0	0	0	0.152367	1	0	0	0	0	0	0	0	0	75	0	0	0	0	0	0	0	0	75	1	0	0	0	0	0	0	0	0	58.4922	0	0	0	0	0	0	0	0	58.4922	1	0	0	0	0	0	0	0	0	118	0	0	0	0	0	0	0	0	118	1	0	0	0	0	0	0	0	0	0	0	0	0	0	0	0	0	0	0	0	0	0	0	0	0	0	0	0	0	0	0	0	0	0	0	0	0	0	0	0	0	0	0	0	0	0	0
196	0	487	0	0	0	0	0	0	0	0	487	0.15248	0	0	0	0	0	0	0	0	0.15248	1	0	0	0	0	0	0	0	0	67	0	0	0	0	0	0	0	0	67	1	0	0	0	0	0	0	0	0	58.9663	0	0	0	0	0	0	0	0	58.9663	1	0	0	0	0	0	0	0	0	128	0	0	0	0	0	0	0	0	128	1	0	0	0	0	0	0	0	0	0	0	0	0	0	0	0	0	0	0	0	0	0	0	0	0	0	0	0	0	0	0	0	0	0	0	0	0	0	0	0	0	0	0	0	0	0	0
197	0	468	0	0	0	0	0	0	0	0	468	0.110075	0	0	0	0	0	0	0	0	0.110075	1	0	0	0	0	0	0	0	0	58	0	0	0	0	0	0	0	0	58	1	0	0	0	0	0	0	0	0	57.6824	0	0	0	0	0	0	0	0	57.6824	1	0	0	0	0	0	0	0	0	134	0	0	0	0	0	0	0	0	134	1	0	0	0	0	0	0	0	0	0	0	0	0	0	0	0	0	0	0	0	0	0	0	0	0	0	0	0	0	0	0	0	0	0	0	0	0	0	0	0	0	0	0	0	0	0	0
198	0	468	0	0	0	0	0	0	0	0	468	0.130936	0	0	0	0	0	0	0	0	0.130936	1	0	0	0	0	0	0	0	0	57	0	0	0	0	0	0	0	0	57	1	0	0	0	0	0	0	0	0	57.3999	0	0	0	0	0	0	0	0	57.3999	1	0	0	0	0	0	0	0	0	137	0	0	0	0	0	0	0	0	137	1	0	0	0	0	0	0	0	0	0	0	0	0	0	0	0	0	0	0	0	0	0	0	0	0	0	0	0	0	0	0	0	0	0	0	0	0	0	0	0	0	0	0	0	0	0	0
199	0	481	0	0	0	0	0	0	0	0	481	0.102375	0	0	0	0	0	0	0	0	0.102375	1	0	0	0	0	0	0	0	0	56	0	0	0	0	0	0	0	0	56	1	0	0	0	0	0	0	0	0	57.6311	0	0	0	0	0	0	0	0	57.6311	1	0	0	0	0	0	0	0	0	143	0	0	0	0	0	0	0	0	143	1	0	0	0	0	0	0	0	0	0	0	0	0	0	0	0	0	0	0	0	0	0	0	0	0	0	0	0	0	0	0	0	0	0	0	0	0	0	0	0	0	0	0	0	0	0	0
200	0	478	0	0	0	0	0	0	0	0	478	0.100822	0	0	0	0	0	0	0	0	0.100822	1	0	0	0	0	0	0	0	0	52	0	0	0	0	0	0	0	0	52	1	0	0	0	0	0	0	0	0	56.4217	0	0	0	0	0	0	0	0	56.4217	1	0	0	0	0	0	0	0	0	141	0	0	0	0	0	0	0	0	141	1	0	0	0	0	0	0	0	0	0	0	0	0	0	0	0	0	0	0	0	0	0	0	0	0	0	0	0	0	0	0	0	0	0	0	0	0	0	0	0	0	0	0	0	0	0	0
