Location: Fake forest
From parameter file: C:\Users\ben\Desktop\inputs\input_GMF_0-0-0-0-0-0-0-0-1.xml
Basal area is normalized to m^2/ha; density to #/ha.
Subplots:
0 = Whole plot
Step	Subplot	Sdl Abs Den: ACRU	Sdl Abs Den: ACSA	Sdl Abs Den: BEAL	Sdl Abs Den: FAGR	Sdl Abs Den: TSCA	Sdl Abs Den: FRAM	Sdl Abs Den: PIST	Sdl Abs Den: PRSE	Sdl Abs Den: QURU	Sdl Den Total:	Sapl Abs BA: ACRU	Sapl Abs BA: ACSA	Sapl Abs BA: BEAL	Sapl Abs BA: FAGR	Sapl Abs BA: TSCA	Sapl Abs BA: FRAM	Sapl Abs BA: PIST	Sapl Abs BA: PRSE	Sapl Abs BA: QURU	Sapl BA Total:	Sapl Rel BA: ACRU	Sapl Rel BA: ACSA	Sapl Rel BA: BEAL	Sapl Rel BA: FAGR	Sapl Rel BA: TSCA	Sapl Rel BA: FRAM	Sapl Rel BA: PIST	Sapl Rel BA: PRSE	Sapl Rel BA: QURU	Sapl Abs Den: ACRU	Sapl Abs Den: ACSA	Sapl Abs Den: BEAL	Sapl Abs Den: FAGR	Sapl Abs Den: TSCA	Sapl Abs Den: FRAM	Sapl Abs Den: PIST	Sapl Abs Den: PRSE	Sapl Abs Den: QURU	Sapl Den Total:	Sapl Rel Den: ACRU	Sapl Rel Den: ACSA	Sapl Rel Den: BEAL	Sapl Rel Den: FAGR	Sapl Rel Den: TSCA	Sapl Rel Den: FRAM	Sapl Rel Den: PIST	Sapl Rel Den: PRSE	Sapl Rel Den: QURU	Adult Abs BA: ACRU	Adult Abs BA: ACSA	Adult Abs BA: BEAL	Adult Abs BA: FAGR	Adult Abs BA: TSCA	Adult Abs BA: FRAM	Adult Abs BA: PIST	Adult Abs BA: PRSE	Adult Abs BA: QURU	Adult BA Total:	Adult Rel BA: ACRU	Adult Rel BA: ACSA	Adult Rel BA: BEAL	Adult Rel BA: FAGR	Adult Rel BA: TSCA	Adult Rel BA: FRAM	Adult Rel BA: PIST	Adult Rel BA: PRSE	Adult Rel BA: QURU	Adult Abs Den: ACRU	Adult Abs Den: ACSA	Adult Abs Den: BEAL	Adult Abs Den: FAGR	Adult Abs Den: TSCA	Adult Abs Den: FRAM	Adult Abs Den: PIST	Adult Abs Den: PRSE	Adult Abs Den: QURU	Adult Den Total:	Adult Rel Den: ACRU	Adult Rel Den: ACSA	Adult Rel Den: BEAL	Adult Rel Den: FAGR	Adult Rel Den: TSCA	Adult Rel Den: FRAM	Adult Rel Den: PIST	Adult Rel Den: PRSE	Adult Rel Den: QURU	Snag Abs BA: ACRU	Snag Abs BA: ACSA	Snag Abs BA: BEAL	Snag Abs BA: FAGR	Snag Abs BA: TSCA	Snag Abs BA: FRAM	Snag Abs BA: PIST	Snag Abs BA: PRSE	Snag Abs BA: QURU	Snag BA Total:	Snag Rel BA: ACRU	Snag Rel BA: ACSA	Snag Rel BA: BEAL	Snag Rel BA: FAGR	Snag Rel BA: TSCA	Snag Rel BA: FRAM	Snag Rel BA: PIST	Snag Rel BA: PRSE	Snag Rel BA: QURU	Snag Abs Den: ACRU	Snag Abs Den: ACSA	Snag Abs Den: BEAL	Snag Abs Den: FAGR	Snag Abs Den: TSCA	Snag Abs Den: FRAM	Snag Abs Den: PIST	Snag Abs Den: PRSE	Snag Abs Den: QURU	Snag Den Total:	Snag Rel Den: ACRU	Snag Rel Den: ACSA	Snag Rel Den: BEAL	Snag Rel Den: FAGR	Snag Rel Den: TSCA	Snag Rel Den: FRAM	Snag Rel Den: PIST	Snag Rel Den: PRSE	Snag Rel Den: QURU
0	0	0	0	0	0	0	0	0	0	0	0	0	0	0	0	0	0	0	0	0.000682743	0.000682743	0	0	0	0	0	0	0	0	1	0	0	0	0	0	0	0	0	25	25	0	0	0	0	0	0	0	0	1	0	0	0	0	0	0	0	0	0	0	0	0	0	0	0	0	0	0	0	0	0	0	0	0	0	0	0	0	0	0	0	0	0	0	0	0	0	0	0	0	0	0	0	0	0	0	0	0	0	0	0	0	0	0	0	0	0	0	0	0	0	0	0	0	0	0	0	0	0	0	0	0	0	0	0	0
1	0	0	0	0	0	0	0	0	0	0	0	0	0	0	0	0	0	0	0	0.0057416	0.0057416	0	0	0	0	0	0	0	0	1	0	0	0	0	0	0	0	0	25	25	0	0	0	0	0	0	0	0	1	0	0	0	0	0	0	0	0	0	0	0	0	0	0	0	0	0	0	0	0	0	0	0	0	0	0	0	0	0	0	0	0	0	0	0	0	0	0	0	0	0	0	0	0	0	0	0	0	0	0	0	0	0	0	0	0	0	0	0	0	0	0	0	0	0	0	0	0	0	0	0	0	0	0	0	0
2	0	0	0	0	0	0	0	0	0	0	0	0	0	0	0	0	0	0	0	0.0467232	0.0467232	0	0	0	0	0	0	0	0	1	0	0	0	0	0	0	0	0	24	24	0	0	0	0	0	0	0	0	1	0	0	0	0	0	0	0	0	0	0	0	0	0	0	0	0	0	0	0	0	0	0	0	0	0	0	0	0	0	0	0	0	0	0	0	0	0	0	0	0	0	0	0	0	0	0	0	0	0	0	0	0	0	0	0	0	0	0	0	0	0	0	0	0	0	0	0	0	0	0	0	0	0	0	0	0
3	0	0	0	0	0	0	0	0	0	4	4	0	0	0	0	0	0	0	0	0.0340159	0.0340159	0	0	0	0	0	0	0	0	1	0	0	0	0	0	0	0	0	6	6	0	0	0	0	0	0	0	0	1	0	0	0	0	0	0	0	0	0.356192	0.356192	0	0	0	0	0	0	0	0	1	0	0	0	0	0	0	0	0	17	17	0	0	0	0	0	0	0	0	1	0	0	0	0	0	0	0	0	0	0	0	0	0	0	0	0	0	0	0	0	0	0	0	0	0	0	0	0	0	0	0	0	0	0	0	0	0	0
4	0	0	0	0	0	0	0	0	0	10	10	0	0	0	0	0	0	0	0	0	0	0	0	0	0	0	0	0	0	0	0	0	0	0	0	0	0	0	0	0	0	0	0	0	0	0	0	0	0	0	0	0	0	0	0	0	0	1.17927	1.17927	0	0	0	0	0	0	0	0	1	0	0	0	0	0	0	0	0	23	23	0	0	0	0	0	0	0	0	1	0	0	0	0	0	0	0	0	0	0	0	0	0	0	0	0	0	0	0	0	0	0	0	0	0	0	0	0	0	0	0	0	0	0	0	0	0	0
5	0	0	0	0	0	0	0	0	0	22	22	0	0	0	0	0	0	0	0	0.000237309	0.000237309	0	0	0	0	0	0	0	0	1	0	0	0	0	0	0	0	0	2	2	0	0	0	0	0	0	0	0	1	0	0	0	0	0	0	0	0	1.70321	1.70321	0	0	0	0	0	0	0	0	1	0	0	0	0	0	0	0	0	22	22	0	0	0	0	0	0	0	0	1	0	0	0	0	0	0	0	0	0	0	0	0	0	0	0	0	0	0	0	0	0	0	0	0	0	0	0	0	0	0	0	0	0	0	0	0	0	0
6	0	0	0	0	0	0	0	0	0	32	32	0	0	0	0	0	0	0	0	0.00271831	0.00271831	0	0	0	0	0	0	0	0	1	0	0	0	0	0	0	0	0	9	9	0	0	0	0	0	0	0	0	1	0	0	0	0	0	0	0	0	2.26167	2.26167	0	0	0	0	0	0	0	0	1	0	0	0	0	0	0	0	0	22	22	0	0	0	0	0	0	0	0	1	0	0	0	0	0	0	0	0	0	0	0	0	0	0	0	0	0	0	0	0	0	0	0	0	0	0	0	0	0	0	0	0	0	0	0	0	0	0
7	0	0	0	0	0	0	0	0	0	29	29	0	0	0	0	0	0	0	0	0.016002	0.016002	0	0	0	0	0	0	0	0	1	0	0	0	0	0	0	0	0	21	21	0	0	0	0	0	0	0	0	1	0	0	0	0	0	0	0	0	2.81	2.81	0	0	0	0	0	0	0	0	1	0	0	0	0	0	0	0	0	22	22	0	0	0	0	0	0	0	0	1	0	0	0	0	0	0	0	0	0	0	0	0	0	0	0	0	0	0	0	0	0	0	0	0	0	0	0	0	0	0	0	0	0	0	0	0	0	0
8	0	0	0	0	0	0	0	0	0	32	32	0	0	0	0	0	0	0	0	0.0344711	0.0344711	0	0	0	0	0	0	0	0	1	0	0	0	0	0	0	0	0	31	31	0	0	0	0	0	0	0	0	1	0	0	0	0	0	0	0	0	3.29765	3.29765	0	0	0	0	0	0	0	0	1	0	0	0	0	0	0	0	0	26	26	0	0	0	0	0	0	0	0	1	0	0	0	0	0	0	0	0	0	0	0	0	0	0	0	0	0	0	0	0	0	0	0	0	0	0	0	0	0	0	0	0	0	0	0	0	0	0
9	0	0	0	0	0	0	0	0	0	45	45	0	0	0	0	0	0	0	0	0.100669	0.100669	0	0	0	0	0	0	0	0	1	0	0	0	0	0	0	0	0	39	39	0	0	0	0	0	0	0	0	1	0	0	0	0	0	0	0	0	4.11386	4.11386	0	0	0	0	0	0	0	0	1	0	0	0	0	0	0	0	0	28	28	0	0	0	0	0	0	0	0	1	0	0	0	0	0	0	0	0	0	0	0	0	0	0	0	0	0	0	0	0	0	0	0	0	0	0	0	0	0	0	0	0	0	0	0	0	0	0
10	0	0	0	0	0	0	0	0	0	62	62	0	0	0	0	0	0	0	0	0.113997	0.113997	0	0	0	0	0	0	0	0	1	0	0	0	0	0	0	0	0	42	42	0	0	0	0	0	0	0	0	1	0	0	0	0	0	0	0	0	5.18569	5.18569	0	0	0	0	0	0	0	0	1	0	0	0	0	0	0	0	0	38	38	0	0	0	0	0	0	0	0	1	0	0	0	0	0	0	0	0	0	0	0	0	0	0	0	0	0	0	0	0	0	0	0	0	0	0	0	0	0	0	0	0	0	0	0	0	0	0
11	0	0	0	0	0	0	0	0	0	82	82	0	0	0	0	0	0	0	0	0.0634902	0.0634902	0	0	0	0	0	0	0	0	1	0	0	0	0	0	0	0	0	44	44	0	0	0	0	0	0	0	0	1	0	0	0	0	0	0	0	0	6.81418	6.81418	0	0	0	0	0	0	0	0	1	0	0	0	0	0	0	0	0	52	52	0	0	0	0	0	0	0	0	1	0	0	0	0	0	0	0	0	0	0	0	0	0	0	0	0	0	0	0	0	0	0	0	0	0	0	0	0	0	0	0	0	0	0	0	0	0	0
12	0	0	0	0	0	0	0	0	0	103	103	0	0	0	0	0	0	0	0	0.0926841	0.0926841	0	0	0	0	0	0	0	0	1	0	0	0	0	0	0	0	0	57	57	0	0	0	0	0	0	0	0	1	0	0	0	0	0	0	0	0	8.33294	8.33294	0	0	0	0	0	0	0	0	1	0	0	0	0	0	0	0	0	59	59	0	0	0	0	0	0	0	0	1	0	0	0	0	0	0	0	0	0	0	0	0	0	0	0	0	0	0	0	0	0	0	0	0	0	0	0	0	0	0	0	0	0	0	0	0	0	0
13	0	0	0	0	0	0	0	0	0	130	130	0	0	0	0	0	0	0	0	0.122024	0.122024	0	0	0	0	0	0	0	0	1	0	0	0	0	0	0	0	0	60	60	0	0	0	0	0	0	0	0	1	0	0	0	0	0	0	0	0	9.80792	9.80792	0	0	0	0	0	0	0	0	1	0	0	0	0	0	0	0	0	71	71	0	0	0	0	0	0	0	0	1	0	0	0	0	0	0	0	0	0	0	0	0	0	0	0	0	0	0	0	0	0	0	0	0	0	0	0	0	0	0	0	0	0	0	0	0	0	0
14	0	0	0	0	0	0	0	0	0	143	143	0	0	0	0	0	0	0	0	0.132501	0.132501	0	0	0	0	0	0	0	0	1	0	0	0	0	0	0	0	0	78	78	0	0	0	0	0	0	0	0	1	0	0	0	0	0	0	0	0	11.4905	11.4905	0	0	0	0	0	0	0	0	1	0	0	0	0	0	0	0	0	87	87	0	0	0	0	0	0	0	0	1	0	0	0	0	0	0	0	0	0	0	0	0	0	0	0	0	0	0	0	0	0	0	0	0	0	0	0	0	0	0	0	0	0	0	0	0	0	0
15	0	0	0	0	0	0	0	0	0	186	186	0	0	0	0	0	0	0	0	0.114452	0.114452	0	0	0	0	0	0	0	0	1	0	0	0	0	0	0	0	0	78	78	0	0	0	0	0	0	0	0	1	0	0	0	0	0	0	0	0	13.5799	13.5799	0	0	0	0	0	0	0	0	1	0	0	0	0	0	0	0	0	109	109	0	0	0	0	0	0	0	0	1	0	0	0	0	0	0	0	0	0	0	0	0	0	0	0	0	0	0	0	0	0	0	0	0	0	0	0	0	0	0	0	0	0	0	0	0	0	0
16	0	0	0	0	0	0	0	0	0	211	211	0	0	0	0	0	0	0	0	0.192864	0.192864	0	0	0	0	0	0	0	0	1	0	0	0	0	0	0	0	0	99	99	0	0	0	0	0	0	0	0	1	0	0	0	0	0	0	0	0	15.6932	15.6932	0	0	0	0	0	0	0	0	1	0	0	0	0	0	0	0	0	124	124	0	0	0	0	0	0	0	0	1	0	0	0	0	0	0	0	0	0	0	0	0	0	0	0	0	0	0	0	0	0	0	0	0	0	0	0	0	0	0	0	0	0	0	0	0	0	0
17	0	0	0	0	0	0	0	0	0	253	253	0	0	0	0	0	0	0	0	0.159521	0.159521	0	0	0	0	0	0	0	0	1	0	0	0	0	0	0	0	0	105	105	0	0	0	0	0	0	0	0	1	0	0	0	0	0	0	0	0	18.247	18.247	0	0	0	0	0	0	0	0	1	0	0	0	0	0	0	0	0	155	155	0	0	0	0	0	0	0	0	1	0	0	0	0	0	0	0	0	0	0	0	0	0	0	0	0	0	0	0	0	0	0	0	0	0	0	0	0	0	0	0	0	0	0	0	0	0	0
18	0	0	0	0	0	0	0	0	0	297	297	0	0	0	0	0	0	0	0	0.22927	0.22927	0	0	0	0	0	0	0	0	1	0	0	0	0	0	0	0	0	137	137	0	0	0	0	0	0	0	0	1	0	0	0	0	0	0	0	0	21.6044	21.6044	0	0	0	0	0	0	0	0	1	0	0	0	0	0	0	0	0	180	180	0	0	0	0	0	0	0	0	1	0	0	0	0	0	0	0	0	0	0	0	0	0	0	0	0	0	0	0	0	0	0	0	0	0	0	0	0	0	0	0	0	0	0	0	0	0	0
19	0	0	0	0	0	0	0	0	0	354	354	0	0	0	0	0	0	0	0	0.259615	0.259615	0	0	0	0	0	0	0	0	1	0	0	0	0	0	0	0	0	161	161	0	0	0	0	0	0	0	0	1	0	0	0	0	0	0	0	0	25.4189	25.4189	0	0	0	0	0	0	0	0	1	0	0	0	0	0	0	0	0	210	210	0	0	0	0	0	0	0	0	1	0	0	0	0	0	0	0	0	0	0	0	0	0	0	0	0	0	0	0	0	0	0	0	0	0	0	0	0	0	0	0	0	0	0	0	0	0	0
20	0	0	0	0	0	0	0	0	0	410	410	0	0	0	0	0	0	0	0	0.289915	0.289915	0	0	0	0	0	0	0	0	1	0	0	0	0	0	0	0	0	180	180	0	0	0	0	0	0	0	0	1	0	0	0	0	0	0	0	0	29.6192	29.6192	0	0	0	0	0	0	0	0	1	0	0	0	0	0	0	0	0	245	245	0	0	0	0	0	0	0	0	1	0	0	0	0	0	0	0	0	0	0	0	0	0	0	0	0	0	0	0	0	0	0	0	0	0	0	0	0	0	0	0	0	0	0	0	0	0	0
21	0	0	0	0	0	0	0	0	0	466	466	0	0	0	0	0	0	0	0	0.335086	0.335086	0	0	0	0	0	0	0	0	1	0	0	0	0	0	0	0	0	213	213	0	0	0	0	0	0	0	0	1	0	0	0	0	0	0	0	0	34.2883	34.2883	0	0	0	0	0	0	0	0	1	0	0	0	0	0	0	0	0	274	274	0	0	0	0	0	0	0	0	1	0	0	0	0	0	0	0	0	0	0	0	0	0	0	0	0	0	0	0	0	0	0	0	0	0	0	0	0	0	0	0	0	0	0	0	0	0	0
22	0	0	0	0	0	0	0	0	0	546	546	0	0	0	0	0	0	0	0	0.41897	0.41897	0	0	0	0	0	0	0	0	1	0	0	0	0	0	0	0	0	260	260	0	0	0	0	0	0	0	0	1	0	0	0	0	0	0	0	0	38.4256	38.4256	0	0	0	0	0	0	0	0	1	0	0	0	0	0	0	0	0	299	299	0	0	0	0	0	0	0	0	1	0	0	0	0	0	0	0	0	0	0	0	0	0	0	0	0	0	0	0	0	0	0	0	0	0	0	0	0	0	0	0	0	0	0	0	0	0	0
23	0	0	0	0	0	0	0	0	0	597	597	0	0	0	0	0	0	0	0	0.442932	0.442932	0	0	0	0	0	0	0	0	1	0	0	0	0	0	0	0	0	300	300	0	0	0	0	0	0	0	0	1	0	0	0	0	0	0	0	0	43.6221	43.6221	0	0	0	0	0	0	0	0	1	0	0	0	0	0	0	0	0	333	333	0	0	0	0	0	0	0	0	1	0	0	0	0	0	0	0	0	0	0	0	0	0	0	0	0	0	0	0	0	0	0	0	0	0	0	0	0	0	0	0	0	0	0	0	0	0	0
24	0	0	0	0	0	0	0	0	0	634	634	0	0	0	0	0	0	0	0	0.578931	0.578931	0	0	0	0	0	0	0	0	1	0	0	0	0	0	0	0	0	359	359	0	0	0	0	0	0	0	0	1	0	0	0	0	0	0	0	0	46.7012	46.7012	0	0	0	0	0	0	0	0	1	0	0	0	0	0	0	0	0	351	351	0	0	0	0	0	0	0	0	1	0	0	0	0	0	0	0	0	0	0	0	0	0	0	0	0	0	0	0	0	0	0	0	0	0	0	0	0	0	0	0	0	0	0	0	0	0	0
25	0	0	0	0	0	0	0	0	0	664	664	0	0	0	0	0	0	0	0	0.657989	0.657989	0	0	0	0	0	0	0	0	1	0	0	0	0	0	0	0	0	387	387	0	0	0	0	0	0	0	0	1	0	0	0	0	0	0	0	0	50.5396	50.5396	0	0	0	0	0	0	0	0	1	0	0	0	0	0	0	0	0	388	388	0	0	0	0	0	0	0	0	1	0	0	0	0	0	0	0	0	0	0	0	0	0	0	0	0	0	0	0	0	0	0	0	0	0	0	0	0	0	0	0	0	0	0	0	0	0	0
26	0	0	0	0	0	0	0	0	0	673	673	0	0	0	0	0	0	0	0	0.712707	0.712707	0	0	0	0	0	0	0	0	1	0	0	0	0	0	0	0	0	418	418	0	0	0	0	0	0	0	0	1	0	0	0	0	0	0	0	0	52.9299	52.9299	0	0	0	0	0	0	0	0	1	0	0	0	0	0	0	0	0	411	411	0	0	0	0	0	0	0	0	1	0	0	0	0	0	0	0	0	0	0	0	0	0	0	0	0	0	0	0	0	0	0	0	0	0	0	0	0	0	0	0	0	0	0	0	0	0	0
27	0	0	0	0	0	0	0	0	0	721	721	0	0	0	0	0	0	0	0	0.767232	0.767232	0	0	0	0	0	0	0	0	1	0	0	0	0	0	0	0	0	425	425	0	0	0	0	0	0	0	0	1	0	0	0	0	0	0	0	0	58.4865	58.4865	0	0	0	0	0	0	0	0	1	0	0	0	0	0	0	0	0	445	445	0	0	0	0	0	0	0	0	1	0	0	0	0	0	0	0	0	0	0	0	0	0	0	0	0	0	0	0	0	0	0	0	0	0	0	0	0	0	0	0	0	0	0	0	0	0	0
28	0	0	0	0	0	0	0	0	0	711	711	0	0	0	0	0	0	0	0	0.835711	0.835711	0	0	0	0	0	0	0	0	1	0	0	0	0	0	0	0	0	453	453	0	0	0	0	0	0	0	0	1	0	0	0	0	0	0	0	0	61.6503	61.6503	0	0	0	0	0	0	0	0	1	0	0	0	0	0	0	0	0	458	458	0	0	0	0	0	0	0	0	1	0	0	0	0	0	0	0	0	0	0	0	0	0	0	0	0	0	0	0	0	0	0	0	0	0	0	0	0	0	0	0	0	0	0	0	0	0	0
29	0	0	0	0	0	0	0	0	0	739	739	0	0	0	0	0	0	0	0	0.880318	0.880318	0	0	0	0	0	0	0	0	1	0	0	0	0	0	0	0	0	455	455	0	0	0	0	0	0	0	0	1	0	0	0	0	0	0	0	0	65.8455	65.8455	0	0	0	0	0	0	0	0	1	0	0	0	0	0	0	0	0	476	476	0	0	0	0	0	0	0	0	1	0	0	0	0	0	0	0	0	0	0	0	0	0	0	0	0	0	0	0	0	0	0	0	0	0	0	0	0	0	0	0	0	0	0	0	0	0	0
30	0	0	0	0	0	0	0	0	0	736	736	0	0	0	0	0	0	0	0	0.853046	0.853046	0	0	0	0	0	0	0	0	1	0	0	0	0	0	0	0	0	443	443	0	0	0	0	0	0	0	0	1	0	0	0	0	0	0	0	0	70.3036	70.3036	0	0	0	0	0	0	0	0	1	0	0	0	0	0	0	0	0	495	495	0	0	0	0	0	0	0	0	1	0	0	0	0	0	0	0	0	0	0	0	0	0	0	0	0	0	0	0	0	0	0	0	0	0	0	0	0	0	0	0	0	0	0	0	0	0	0
31	0	0	0	0	0	0	0	0	0	740	740	0	0	0	0	0	0	0	0	0.885647	0.885647	0	0	0	0	0	0	0	0	1	0	0	0	0	0	0	0	0	448	448	0	0	0	0	0	0	0	0	1	0	0	0	0	0	0	0	0	72.5487	72.5487	0	0	0	0	0	0	0	0	1	0	0	0	0	0	0	0	0	502	502	0	0	0	0	0	0	0	0	1	0	0	0	0	0	0	0	0	0	0	0	0	0	0	0	0	0	0	0	0	0	0	0	0	0	0	0	0	0	0	0	0	0	0	0	0	0	0
32	0	0	0	0	0	0	0	0	0	734	734	0	0	0	0	0	0	0	0	0.998289	0.998289	0	0	0	0	0	0	0	0	1	0	0	0	0	0	0	0	0	458	458	0	0	0	0	0	0	0	0	1	0	0	0	0	0	0	0	0	77.0936	77.0936	0	0	0	0	0	0	0	0	1	0	0	0	0	0	0	0	0	509	509	0	0	0	0	0	0	0	0	1	0	0	0	0	0	0	0	0	0	0	0	0	0	0	0	0	0	0	0	0	0	0	0	0	0	0	0	0	0	0	0	0	0	0	0	0	0	0
33	0	0	0	0	0	0	0	0	0	744	744	0	0	0	0	0	0	0	0	0.952048	0.952048	0	0	0	0	0	0	0	0	1	0	0	0	0	0	0	0	0	425	425	0	0	0	0	0	0	0	0	1	0	0	0	0	0	0	0	0	78.2662	78.2662	0	0	0	0	0	0	0	0	1	0	0	0	0	0	0	0	0	513	513	0	0	0	0	0	0	0	0	1	0	0	0	0	0	0	0	0	0	0	0	0	0	0	0	0	0	0	0	0	0	0	0	0	0	0	0	0	0	0	0	0	0	0	0	0	0	0
34	0	0	0	0	0	0	0	0	0	761	761	0	0	0	0	0	0	0	0	0.953195	0.953195	0	0	0	0	0	0	0	0	1	0	0	0	0	0	0	0	0	391	391	0	0	0	0	0	0	0	0	1	0	0	0	0	0	0	0	0	82.0963	82.0963	0	0	0	0	0	0	0	0	1	0	0	0	0	0	0	0	0	527	527	0	0	0	0	0	0	0	0	1	0	0	0	0	0	0	0	0	0	0	0	0	0	0	0	0	0	0	0	0	0	0	0	0	0	0	0	0	0	0	0	0	0	0	0	0	0	0
35	0	0	0	0	0	0	0	0	0	746	746	0	0	0	0	0	0	0	0	0.890444	0.890444	0	0	0	0	0	0	0	0	1	0	0	0	0	0	0	0	0	361	361	0	0	0	0	0	0	0	0	1	0	0	0	0	0	0	0	0	85.5206	85.5206	0	0	0	0	0	0	0	0	1	0	0	0	0	0	0	0	0	542	542	0	0	0	0	0	0	0	0	1	0	0	0	0	0	0	0	0	0	0	0	0	0	0	0	0	0	0	0	0	0	0	0	0	0	0	0	0	0	0	0	0	0	0	0	0	0	0
36	0	0	0	0	0	0	0	0	0	748	748	0	0	0	0	0	0	0	0	0.828863	0.828863	0	0	0	0	0	0	0	0	1	0	0	0	0	0	0	0	0	334	334	0	0	0	0	0	0	0	0	1	0	0	0	0	0	0	0	0	87.6495	87.6495	0	0	0	0	0	0	0	0	1	0	0	0	0	0	0	0	0	545	545	0	0	0	0	0	0	0	0	1	0	0	0	0	0	0	0	0	0	0	0	0	0	0	0	0	0	0	0	0	0	0	0	0	0	0	0	0	0	0	0	0	0	0	0	0	0	0
37	0	0	0	0	0	0	0	0	0	761	761	0	0	0	0	0	0	0	0	0.72622	0.72622	0	0	0	0	0	0	0	0	1	0	0	0	0	0	0	0	0	300	300	0	0	0	0	0	0	0	0	1	0	0	0	0	0	0	0	0	91.5574	91.5574	0	0	0	0	0	0	0	0	1	0	0	0	0	0	0	0	0	541	541	0	0	0	0	0	0	0	0	1	0	0	0	0	0	0	0	0	0	0	0	0	0	0	0	0	0	0	0	0	0	0	0	0	0	0	0	0	0	0	0	0	0	0	0	0	0	0
38	0	0	0	0	0	0	0	0	0	708	708	0	0	0	0	0	0	0	0	0.68577	0.68577	0	0	0	0	0	0	0	0	1	0	0	0	0	0	0	0	0	287	287	0	0	0	0	0	0	0	0	1	0	0	0	0	0	0	0	0	92.2211	92.2211	0	0	0	0	0	0	0	0	1	0	0	0	0	0	0	0	0	522	522	0	0	0	0	0	0	0	0	1	0	0	0	0	0	0	0	0	0	0	0	0	0	0	0	0	0	0	0	0	0	0	0	0	0	0	0	0	0	0	0	0	0	0	0	0	0	0
39	0	0	0	0	0	0	0	0	0	711	711	0	0	0	0	0	0	0	0	0.596283	0.596283	0	0	0	0	0	0	0	0	1	0	0	0	0	0	0	0	0	256	256	0	0	0	0	0	0	0	0	1	0	0	0	0	0	0	0	0	92.606	92.606	0	0	0	0	0	0	0	0	1	0	0	0	0	0	0	0	0	514	514	0	0	0	0	0	0	0	0	1	0	0	0	0	0	0	0	0	0	0	0	0	0	0	0	0	0	0	0	0	0	0	0	0	0	0	0	0	0	0	0	0	0	0	0	0	0	0
40	0	0	0	0	0	0	0	0	0	711	711	0	0	0	0	0	0	0	0	0.550372	0.550372	0	0	0	0	0	0	0	0	1	0	0	0	0	0	0	0	0	237	237	0	0	0	0	0	0	0	0	1	0	0	0	0	0	0	0	0	94.4688	94.4688	0	0	0	0	0	0	0	0	1	0	0	0	0	0	0	0	0	508	508	0	0	0	0	0	0	0	0	1	0	0	0	0	0	0	0	0	0	0	0	0	0	0	0	0	0	0	0	0	0	0	0	0	0	0	0	0	0	0	0	0	0	0	0	0	0	0
41	0	0	0	0	0	0	0	0	0	741	741	0	0	0	0	0	0	0	0	0.534848	0.534848	0	0	0	0	0	0	0	0	1	0	0	0	0	0	0	0	0	214	214	0	0	0	0	0	0	0	0	1	0	0	0	0	0	0	0	0	96.8923	96.8923	0	0	0	0	0	0	0	0	1	0	0	0	0	0	0	0	0	498	498	0	0	0	0	0	0	0	0	1	0	0	0	0	0	0	0	0	0	0	0	0	0	0	0	0	0	0	0	0	0	0	0	0	0	0	0	0	0	0	0	0	0	0	0	0	0	0
42	0	0	0	0	0	0	0	0	0	733	733	0	0	0	0	0	0	0	0	0.497876	0.497876	0	0	0	0	0	0	0	0	1	0	0	0	0	0	0	0	0	184	184	0	0	0	0	0	0	0	0	1	0	0	0	0	0	0	0	0	99.5651	99.5651	0	0	0	0	0	0	0	0	1	0	0	0	0	0	0	0	0	489	489	0	0	0	0	0	0	0	0	1	0	0	0	0	0	0	0	0	0	0	0	0	0	0	0	0	0	0	0	0	0	0	0	0	0	0	0	0	0	0	0	0	0	0	0	0	0	0
43	0	0	0	0	0	0	0	0	0	720	720	0	0	0	0	0	0	0	0	0.410825	0.410825	0	0	0	0	0	0	0	0	1	0	0	0	0	0	0	0	0	155	155	0	0	0	0	0	0	0	0	1	0	0	0	0	0	0	0	0	101.729	101.729	0	0	0	0	0	0	0	0	1	0	0	0	0	0	0	0	0	493	493	0	0	0	0	0	0	0	0	1	0	0	0	0	0	0	0	0	0	0	0	0	0	0	0	0	0	0	0	0	0	0	0	0	0	0	0	0	0	0	0	0	0	0	0	0	0	0
44	0	0	0	0	0	0	0	0	0	728	728	0	0	0	0	0	0	0	0	0.36659	0.36659	0	0	0	0	0	0	0	0	1	0	0	0	0	0	0	0	0	139	139	0	0	0	0	0	0	0	0	1	0	0	0	0	0	0	0	0	103.008	103.008	0	0	0	0	0	0	0	0	1	0	0	0	0	0	0	0	0	484	484	0	0	0	0	0	0	0	0	1	0	0	0	0	0	0	0	0	0	0	0	0	0	0	0	0	0	0	0	0	0	0	0	0	0	0	0	0	0	0	0	0	0	0	0	0	0	0
45	0	0	0	0	0	0	0	0	0	728	728	0	0	0	0	0	0	0	0	0.362316	0.362316	0	0	0	0	0	0	0	0	1	0	0	0	0	0	0	0	0	127	127	0	0	0	0	0	0	0	0	1	0	0	0	0	0	0	0	0	104.614	104.614	0	0	0	0	0	0	0	0	1	0	0	0	0	0	0	0	0	466	466	0	0	0	0	0	0	0	0	1	0	0	0	0	0	0	0	0	0	0	0	0	0	0	0	0	0	0	0	0	0	0	0	0	0	0	0	0	0	0	0	0	0	0	0	0	0	0
46	0	0	0	0	0	0	0	0	0	733	733	0	0	0	0	0	0	0	0	0.29987	0.29987	0	0	0	0	0	0	0	0	1	0	0	0	0	0	0	0	0	108	108	0	0	0	0	0	0	0	0	1	0	0	0	0	0	0	0	0	105.921	105.921	0	0	0	0	0	0	0	0	1	0	0	0	0	0	0	0	0	456	456	0	0	0	0	0	0	0	0	1	0	0	0	0	0	0	0	0	0	0	0	0	0	0	0	0	0	0	0	0	0	0	0	0	0	0	0	0	0	0	0	0	0	0	0	0	0	0
47	0	0	0	0	0	0	0	0	0	745	745	0	0	0	0	0	0	0	0	0.274025	0.274025	0	0	0	0	0	0	0	0	1	0	0	0	0	0	0	0	0	94	94	0	0	0	0	0	0	0	0	1	0	0	0	0	0	0	0	0	107.271	107.271	0	0	0	0	0	0	0	0	1	0	0	0	0	0	0	0	0	440	440	0	0	0	0	0	0	0	0	1	0	0	0	0	0	0	0	0	0	0	0	0	0	0	0	0	0	0	0	0	0	0	0	0	0	0	0	0	0	0	0	0	0	0	0	0	0	0
48	0	0	0	0	0	0	0	0	0	750	750	0	0	0	0	0	0	0	0	0.247599	0.247599	0	0	0	0	0	0	0	0	1	0	0	0	0	0	0	0	0	84	84	0	0	0	0	0	0	0	0	1	0	0	0	0	0	0	0	0	109.554	109.554	0	0	0	0	0	0	0	0	1	0	0	0	0	0	0	0	0	433	433	0	0	0	0	0	0	0	0	1	0	0	0	0	0	0	0	0	0	0	0	0	0	0	0	0	0	0	0	0	0	0	0	0	0	0	0	0	0	0	0	0	0	0	0	0	0	0
49	0	0	0	0	0	0	0	0	0	725	725	0	0	0	0	0	0	0	0	0.24308	0.24308	0	0	0	0	0	0	0	0	1	0	0	0	0	0	0	0	0	71	71	0	0	0	0	0	0	0	0	1	0	0	0	0	0	0	0	0	106.526	106.526	0	0	0	0	0	0	0	0	1	0	0	0	0	0	0	0	0	411	411	0	0	0	0	0	0	0	0	1	0	0	0	0	0	0	0	0	0	0	0	0	0	0	0	0	0	0	0	0	0	0	0	0	0	0	0	0	0	0	0	0	0	0	0	0	0	0
50	0	0	0	0	0	0	0	0	0	751	751	0	0	0	0	0	0	0	0	0.203246	0.203246	0	0	0	0	0	0	0	0	1	0	0	0	0	0	0	0	0	60	60	0	0	0	0	0	0	0	0	1	0	0	0	0	0	0	0	0	107.859	107.859	0	0	0	0	0	0	0	0	1	0	0	0	0	0	0	0	0	406	406	0	0	0	0	0	0	0	0	1	0	0	0	0	0	0	0	0	0	0	0	0	0	0	0	0	0	0	0	0	0	0	0	0	0	0	0	0	0	0	0	0	0	0	0	0	0	0
51	0	0	0	0	0	0	0	0	0	746	746	0	0	0	0	0	0	0	0	0.160087	0.160087	0	0	0	0	0	0	0	0	1	0	0	0	0	0	0	0	0	51	51	0	0	0	0	0	0	0	0	1	0	0	0	0	0	0	0	0	106.877	106.877	0	0	0	0	0	0	0	0	1	0	0	0	0	0	0	0	0	389	389	0	0	0	0	0	0	0	0	1	0	0	0	0	0	0	0	0	0	0	0	0	0	0	0	0	0	0	0	0	0	0	0	0	0	0	0	0	0	0	0	0	0	0	0	0	0	0
52	0	0	0	0	0	0	0	0	0	703	703	0	0	0	0	0	0	0	0	0.166318	0.166318	0	0	0	0	0	0	0	0	1	0	0	0	0	0	0	0	0	46	46	0	0	0	0	0	0	0	0	1	0	0	0	0	0	0	0	0	103.47	103.47	0	0	0	0	0	0	0	0	1	0	0	0	0	0	0	0	0	367	367	0	0	0	0	0	0	0	0	1	0	0	0	0	0	0	0	0	0	0	0	0	0	0	0	0	0	0	0	0	0	0	0	0	0	0	0	0	0	0	0	0	0	0	0	0	0	0
53	0	0	0	0	0	0	0	0	0	721	721	0	0	0	0	0	0	0	0	0.152665	0.152665	0	0	0	0	0	0	0	0	1	0	0	0	0	0	0	0	0	41	41	0	0	0	0	0	0	0	0	1	0	0	0	0	0	0	0	0	105.852	105.852	0	0	0	0	0	0	0	0	1	0	0	0	0	0	0	0	0	353	353	0	0	0	0	0	0	0	0	1	0	0	0	0	0	0	0	0	0	0	0	0	0	0	0	0	0	0	0	0	0	0	0	0	0	0	0	0	0	0	0	0	0	0	0	0	0	0
54	0	0	0	0	0	0	0	0	0	709	709	0	0	0	0	0	0	0	0	0.103659	0.103659	0	0	0	0	0	0	0	0	1	0	0	0	0	0	0	0	0	34	34	0	0	0	0	0	0	0	0	1	0	0	0	0	0	0	0	0	105.476	105.476	0	0	0	0	0	0	0	0	1	0	0	0	0	0	0	0	0	338	338	0	0	0	0	0	0	0	0	1	0	0	0	0	0	0	0	0	0	0	0	0	0	0	0	0	0	0	0	0	0	0	0	0	0	0	0	0	0	0	0	0	0	0	0	0	0	0
55	0	0	0	0	0	0	0	0	0	717	717	0	0	0	0	0	0	0	0	0.0955562	0.0955562	0	0	0	0	0	0	0	0	1	0	0	0	0	0	0	0	0	28	28	0	0	0	0	0	0	0	0	1	0	0	0	0	0	0	0	0	107.274	107.274	0	0	0	0	0	0	0	0	1	0	0	0	0	0	0	0	0	327	327	0	0	0	0	0	0	0	0	1	0	0	0	0	0	0	0	0	0	0	0	0	0	0	0	0	0	0	0	0	0	0	0	0	0	0	0	0	0	0	0	0	0	0	0	0	0	0
56	0	0	0	0	0	0	0	0	0	727	727	0	0	0	0	0	0	0	0	0.0813506	0.0813506	0	0	0	0	0	0	0	0	1	0	0	0	0	0	0	0	0	22	22	0	0	0	0	0	0	0	0	1	0	0	0	0	0	0	0	0	106.982	106.982	0	0	0	0	0	0	0	0	1	0	0	0	0	0	0	0	0	317	317	0	0	0	0	0	0	0	0	1	0	0	0	0	0	0	0	0	0	0	0	0	0	0	0	0	0	0	0	0	0	0	0	0	0	0	0	0	0	0	0	0	0	0	0	0	0	0
57	0	0	0	0	0	0	0	0	0	724	724	0	0	0	0	0	0	0	0	0.0571199	0.0571199	0	0	0	0	0	0	0	0	1	0	0	0	0	0	0	0	0	17	17	0	0	0	0	0	0	0	0	1	0	0	0	0	0	0	0	0	109.022	109.022	0	0	0	0	0	0	0	0	1	0	0	0	0	0	0	0	0	306	306	0	0	0	0	0	0	0	0	1	0	0	0	0	0	0	0	0	0	0	0	0	0	0	0	0	0	0	0	0	0	0	0	0	0	0	0	0	0	0	0	0	0	0	0	0	0	0
58	0	0	0	0	0	0	0	0	0	717	717	0	0	0	0	0	0	0	0	0.0498835	0.0498835	0	0	0	0	0	0	0	0	1	0	0	0	0	0	0	0	0	15	15	0	0	0	0	0	0	0	0	1	0	0	0	0	0	0	0	0	107.163	107.163	0	0	0	0	0	0	0	0	1	0	0	0	0	0	0	0	0	295	295	0	0	0	0	0	0	0	0	1	0	0	0	0	0	0	0	0	0	0	0	0	0	0	0	0	0	0	0	0	0	0	0	0	0	0	0	0	0	0	0	0	0	0	0	0	0	0
59	0	0	0	0	0	0	0	0	0	720	720	0	0	0	0	0	0	0	0	0.0394346	0.0394346	0	0	0	0	0	0	0	0	1	0	0	0	0	0	0	0	0	11	11	0	0	0	0	0	0	0	0	1	0	0	0	0	0	0	0	0	106.855	106.855	0	0	0	0	0	0	0	0	1	0	0	0	0	0	0	0	0	283	283	0	0	0	0	0	0	0	0	1	0	0	0	0	0	0	0	0	0	0	0	0	0	0	0	0	0	0	0	0	0	0	0	0	0	0	0	0	0	0	0	0	0	0	0	0	0	0
60	0	0	0	0	0	0	0	0	0	732	732	0	0	0	0	0	0	0	0	0.030546	0.030546	0	0	0	0	0	0	0	0	1	0	0	0	0	0	0	0	0	10	10	0	0	0	0	0	0	0	0	1	0	0	0	0	0	0	0	0	106.168	106.168	0	0	0	0	0	0	0	0	1	0	0	0	0	0	0	0	0	270	270	0	0	0	0	0	0	0	0	1	0	0	0	0	0	0	0	0	0	0	0	0	0	0	0	0	0	0	0	0	0	0	0	0	0	0	0	0	0	0	0	0	0	0	0	0	0	0
61	0	0	0	0	0	0	0	0	0	748	748	0	0	0	0	0	0	0	0	0.0283357	0.0283357	0	0	0	0	0	0	0	0	1	0	0	0	0	0	0	0	0	9	9	0	0	0	0	0	0	0	0	1	0	0	0	0	0	0	0	0	107.66	107.66	0	0	0	0	0	0	0	0	1	0	0	0	0	0	0	0	0	258	258	0	0	0	0	0	0	0	0	1	0	0	0	0	0	0	0	0	0	0	0	0	0	0	0	0	0	0	0	0	0	0	0	0	0	0	0	0	0	0	0	0	0	0	0	0	0	0
62	0	0	0	0	0	0	0	0	0	744	744	0	0	0	0	0	0	0	0	0.0247775	0.0247775	0	0	0	0	0	0	0	0	1	0	0	0	0	0	0	0	0	8	8	0	0	0	0	0	0	0	0	1	0	0	0	0	0	0	0	0	108.028	108.028	0	0	0	0	0	0	0	0	1	0	0	0	0	0	0	0	0	247	247	0	0	0	0	0	0	0	0	1	0	0	0	0	0	0	0	0	0	0	0	0	0	0	0	0	0	0	0	0	0	0	0	0	0	0	0	0	0	0	0	0	0	0	0	0	0	0
63	0	0	0	0	0	0	0	0	0	746	746	0	0	0	0	0	0	0	0	0.0204168	0.0204168	0	0	0	0	0	0	0	0	1	0	0	0	0	0	0	0	0	6	6	0	0	0	0	0	0	0	0	1	0	0	0	0	0	0	0	0	106.901	106.901	0	0	0	0	0	0	0	0	1	0	0	0	0	0	0	0	0	235	235	0	0	0	0	0	0	0	0	1	0	0	0	0	0	0	0	0	0	0	0	0	0	0	0	0	0	0	0	0	0	0	0	0	0	0	0	0	0	0	0	0	0	0	0	0	0	0
64	0	0	0	0	0	0	0	0	0	767	767	0	0	0	0	0	0	0	0	0.0201399	0.0201399	0	0	0	0	0	0	0	0	1	0	0	0	0	0	0	0	0	5	5	0	0	0	0	0	0	0	0	1	0	0	0	0	0	0	0	0	109.369	109.369	0	0	0	0	0	0	0	0	1	0	0	0	0	0	0	0	0	227	227	0	0	0	0	0	0	0	0	1	0	0	0	0	0	0	0	0	0	0	0	0	0	0	0	0	0	0	0	0	0	0	0	0	0	0	0	0	0	0	0	0	0	0	0	0	0	0
65	0	0	0	0	0	0	0	0	0	795	795	0	0	0	0	0	0	0	0	0.0147338	0.0147338	0	0	0	0	0	0	0	0	1	0	0	0	0	0	0	0	0	4	4	0	0	0	0	0	0	0	0	1	0	0	0	0	0	0	0	0	112.473	112.473	0	0	0	0	0	0	0	0	1	0	0	0	0	0	0	0	0	226	226	0	0	0	0	0	0	0	0	1	0	0	0	0	0	0	0	0	0	0	0	0	0	0	0	0	0	0	0	0	0	0	0	0	0	0	0	0	0	0	0	0	0	0	0	0	0	0
66	0	0	0	0	0	0	0	0	0	778	778	0	0	0	0	0	0	0	0	0.0039247	0.0039247	0	0	0	0	0	0	0	0	1	0	0	0	0	0	0	0	0	5	5	0	0	0	0	0	0	0	0	1	0	0	0	0	0	0	0	0	110.978	110.978	0	0	0	0	0	0	0	0	1	0	0	0	0	0	0	0	0	215	215	0	0	0	0	0	0	0	0	1	0	0	0	0	0	0	0	0	0	0	0	0	0	0	0	0	0	0	0	0	0	0	0	0	0	0	0	0	0	0	0	0	0	0	0	0	0	0
67	0	0	0	0	0	0	0	0	0	806	806	0	0	0	0	0	0	0	0	0.00856818	0.00856818	0	0	0	0	0	0	0	0	1	0	0	0	0	0	0	0	0	5	5	0	0	0	0	0	0	0	0	1	0	0	0	0	0	0	0	0	109.908	109.908	0	0	0	0	0	0	0	0	1	0	0	0	0	0	0	0	0	207	207	0	0	0	0	0	0	0	0	1	0	0	0	0	0	0	0	0	0	0	0	0	0	0	0	0	0	0	0	0	0	0	0	0	0	0	0	0	0	0	0	0	0	0	0	0	0	0
68	0	0	0	0	0	0	0	0	0	797	797	0	0	0	0	0	0	0	0	0.00291439	0.00291439	0	0	0	0	0	0	0	0	1	0	0	0	0	0	0	0	0	6	6	0	0	0	0	0	0	0	0	1	0	0	0	0	0	0	0	0	110.056	110.056	0	0	0	0	0	0	0	0	1	0	0	0	0	0	0	0	0	200	200	0	0	0	0	0	0	0	0	1	0	0	0	0	0	0	0	0	0	0	0	0	0	0	0	0	0	0	0	0	0	0	0	0	0	0	0	0	0	0	0	0	0	0	0	0	0	0
69	0	0	0	0	0	0	0	0	0	810	810	0	0	0	0	0	0	0	0	0.0080759	0.0080759	0	0	0	0	0	0	0	0	1	0	0	0	0	0	0	0	0	11	11	0	0	0	0	0	0	0	0	1	0	0	0	0	0	0	0	0	107.278	107.278	0	0	0	0	0	0	0	0	1	0	0	0	0	0	0	0	0	190	190	0	0	0	0	0	0	0	0	1	0	0	0	0	0	0	0	0	0	0	0	0	0	0	0	0	0	0	0	0	0	0	0	0	0	0	0	0	0	0	0	0	0	0	0	0	0	0
70	0	0	0	0	0	0	0	0	0	803	803	0	0	0	0	0	0	0	0	0.0220292	0.0220292	0	0	0	0	0	0	0	0	1	0	0	0	0	0	0	0	0	16	16	0	0	0	0	0	0	0	0	1	0	0	0	0	0	0	0	0	103.768	103.768	0	0	0	0	0	0	0	0	1	0	0	0	0	0	0	0	0	179	179	0	0	0	0	0	0	0	0	1	0	0	0	0	0	0	0	0	0	0	0	0	0	0	0	0	0	0	0	0	0	0	0	0	0	0	0	0	0	0	0	0	0	0	0	0	0	0
71	0	0	0	0	0	0	0	0	0	826	826	0	0	0	0	0	0	0	0	0.0207645	0.0207645	0	0	0	0	0	0	0	0	1	0	0	0	0	0	0	0	0	19	19	0	0	0	0	0	0	0	0	1	0	0	0	0	0	0	0	0	103.019	103.019	0	0	0	0	0	0	0	0	1	0	0	0	0	0	0	0	0	173	173	0	0	0	0	0	0	0	0	1	0	0	0	0	0	0	0	0	0	0	0	0	0	0	0	0	0	0	0	0	0	0	0	0	0	0	0	0	0	0	0	0	0	0	0	0	0	0
72	0	0	0	0	0	0	0	0	0	836	836	0	0	0	0	0	0	0	0	0.0291112	0.0291112	0	0	0	0	0	0	0	0	1	0	0	0	0	0	0	0	0	25	25	0	0	0	0	0	0	0	0	1	0	0	0	0	0	0	0	0	102.45	102.45	0	0	0	0	0	0	0	0	1	0	0	0	0	0	0	0	0	167	167	0	0	0	0	0	0	0	0	1	0	0	0	0	0	0	0	0	0	0	0	0	0	0	0	0	0	0	0	0	0	0	0	0	0	0	0	0	0	0	0	0	0	0	0	0	0	0
73	0	0	0	0	0	0	0	0	0	870	870	0	0	0	0	0	0	0	0	0.0341476	0.0341476	0	0	0	0	0	0	0	0	1	0	0	0	0	0	0	0	0	32	32	0	0	0	0	0	0	0	0	1	0	0	0	0	0	0	0	0	103.458	103.458	0	0	0	0	0	0	0	0	1	0	0	0	0	0	0	0	0	167	167	0	0	0	0	0	0	0	0	1	0	0	0	0	0	0	0	0	0	0	0	0	0	0	0	0	0	0	0	0	0	0	0	0	0	0	0	0	0	0	0	0	0	0	0	0	0	0
74	0	0	0	0	0	0	0	0	0	851	851	0	0	0	0	0	0	0	0	0.0491462	0.0491462	0	0	0	0	0	0	0	0	1	0	0	0	0	0	0	0	0	41	41	0	0	0	0	0	0	0	0	1	0	0	0	0	0	0	0	0	100.265	100.265	0	0	0	0	0	0	0	0	1	0	0	0	0	0	0	0	0	159	159	0	0	0	0	0	0	0	0	1	0	0	0	0	0	0	0	0	0	0	0	0	0	0	0	0	0	0	0	0	0	0	0	0	0	0	0	0	0	0	0	0	0	0	0	0	0	0
75	0	0	0	0	0	0	0	0	0	861	861	0	0	0	0	0	0	0	0	0.0543289	0.0543289	0	0	0	0	0	0	0	0	1	0	0	0	0	0	0	0	0	47	47	0	0	0	0	0	0	0	0	1	0	0	0	0	0	0	0	0	96.3588	96.3588	0	0	0	0	0	0	0	0	1	0	0	0	0	0	0	0	0	154	154	0	0	0	0	0	0	0	0	1	0	0	0	0	0	0	0	0	0	0	0	0	0	0	0	0	0	0	0	0	0	0	0	0	0	0	0	0	0	0	0	0	0	0	0	0	0	0
76	0	0	0	0	0	0	0	0	0	861	861	0	0	0	0	0	0	0	0	0.0945344	0.0945344	0	0	0	0	0	0	0	0	1	0	0	0	0	0	0	0	0	62	62	0	0	0	0	0	0	0	0	1	0	0	0	0	0	0	0	0	98.3614	98.3614	0	0	0	0	0	0	0	0	1	0	0	0	0	0	0	0	0	156	156	0	0	0	0	0	0	0	0	1	0	0	0	0	0	0	0	0	0	0	0	0	0	0	0	0	0	0	0	0	0	0	0	0	0	0	0	0	0	0	0	0	0	0	0	0	0	0
77	0	0	0	0	0	0	0	0	0	850	850	0	0	0	0	0	0	0	0	0.0644269	0.0644269	0	0	0	0	0	0	0	0	1	0	0	0	0	0	0	0	0	64	64	0	0	0	0	0	0	0	0	1	0	0	0	0	0	0	0	0	96.3673	96.3673	0	0	0	0	0	0	0	0	1	0	0	0	0	0	0	0	0	158	158	0	0	0	0	0	0	0	0	1	0	0	0	0	0	0	0	0	0	0	0	0	0	0	0	0	0	0	0	0	0	0	0	0	0	0	0	0	0	0	0	0	0	0	0	0	0	0
78	0	0	0	0	0	0	0	0	0	859	859	0	0	0	0	0	0	0	0	0.0798999	0.0798999	0	0	0	0	0	0	0	0	1	0	0	0	0	0	0	0	0	72	72	0	0	0	0	0	0	0	0	1	0	0	0	0	0	0	0	0	94.5615	94.5615	0	0	0	0	0	0	0	0	1	0	0	0	0	0	0	0	0	154	154	0	0	0	0	0	0	0	0	1	0	0	0	0	0	0	0	0	0	0	0	0	0	0	0	0	0	0	0	0	0	0	0	0	0	0	0	0	0	0	0	0	0	0	0	0	0	0
79	0	0	0	0	0	0	0	0	0	886	886	0	0	0	0	0	0	0	0	0.106611	0.106611	0	0	0	0	0	0	0	0	1	0	0	0	0	0	0	0	0	84	84	0	0	0	0	0	0	0	0	1	0	0	0	0	0	0	0	0	93.1589	93.1589	0	0	0	0	0	0	0	0	1	0	0	0	0	0	0	0	0	151	151	0	0	0	0	0	0	0	0	1	0	0	0	0	0	0	0	0	0	0	0	0	0	0	0	0	0	0	0	0	0	0	0	0	0	0	0	0	0	0	0	0	0	0	0	0	0	0
80	0	0	0	0	0	0	0	0	0	916	916	0	0	0	0	0	0	0	0	0.124766	0.124766	0	0	0	0	0	0	0	0	1	0	0	0	0	0	0	0	0	90	90	0	0	0	0	0	0	0	0	1	0	0	0	0	0	0	0	0	94.0096	94.0096	0	0	0	0	0	0	0	0	1	0	0	0	0	0	0	0	0	153	153	0	0	0	0	0	0	0	0	1	0	0	0	0	0	0	0	0	0	0	0	0	0	0	0	0	0	0	0	0	0	0	0	0	0	0	0	0	0	0	0	0	0	0	0	0	0	0
81	0	0	0	0	0	0	0	0	0	950	950	0	0	0	0	0	0	0	0	0.140423	0.140423	0	0	0	0	0	0	0	0	1	0	0	0	0	0	0	0	0	101	101	0	0	0	0	0	0	0	0	1	0	0	0	0	0	0	0	0	94.2023	94.2023	0	0	0	0	0	0	0	0	1	0	0	0	0	0	0	0	0	159	159	0	0	0	0	0	0	0	0	1	0	0	0	0	0	0	0	0	0	0	0	0	0	0	0	0	0	0	0	0	0	0	0	0	0	0	0	0	0	0	0	0	0	0	0	0	0	0
82	0	0	0	0	0	0	0	0	0	971	971	0	0	0	0	0	0	0	0	0.156269	0.156269	0	0	0	0	0	0	0	0	1	0	0	0	0	0	0	0	0	109	109	0	0	0	0	0	0	0	0	1	0	0	0	0	0	0	0	0	93.3583	93.3583	0	0	0	0	0	0	0	0	1	0	0	0	0	0	0	0	0	164	164	0	0	0	0	0	0	0	0	1	0	0	0	0	0	0	0	0	0	0	0	0	0	0	0	0	0	0	0	0	0	0	0	0	0	0	0	0	0	0	0	0	0	0	0	0	0	0
83	0	0	0	0	0	0	0	0	0	987	987	0	0	0	0	0	0	0	0	0.186447	0.186447	0	0	0	0	0	0	0	0	1	0	0	0	0	0	0	0	0	137	137	0	0	0	0	0	0	0	0	1	0	0	0	0	0	0	0	0	95.0088	95.0088	0	0	0	0	0	0	0	0	1	0	0	0	0	0	0	0	0	175	175	0	0	0	0	0	0	0	0	1	0	0	0	0	0	0	0	0	0	0	0	0	0	0	0	0	0	0	0	0	0	0	0	0	0	0	0	0	0	0	0	0	0	0	0	0	0	0
84	0	0	0	0	0	0	0	0	0	1005	1005	0	0	0	0	0	0	0	0	0.212622	0.212622	0	0	0	0	0	0	0	0	1	0	0	0	0	0	0	0	0	156	156	0	0	0	0	0	0	0	0	1	0	0	0	0	0	0	0	0	93.4617	93.4617	0	0	0	0	0	0	0	0	1	0	0	0	0	0	0	0	0	183	183	0	0	0	0	0	0	0	0	1	0	0	0	0	0	0	0	0	0	0	0	0	0	0	0	0	0	0	0	0	0	0	0	0	0	0	0	0	0	0	0	0	0	0	0	0	0	0
85	0	0	0	0	0	0	0	0	0	1025	1025	0	0	0	0	0	0	0	0	0.264682	0.264682	0	0	0	0	0	0	0	0	1	0	0	0	0	0	0	0	0	189	189	0	0	0	0	0	0	0	0	1	0	0	0	0	0	0	0	0	92.8619	92.8619	0	0	0	0	0	0	0	0	1	0	0	0	0	0	0	0	0	195	195	0	0	0	0	0	0	0	0	1	0	0	0	0	0	0	0	0	0	0	0	0	0	0	0	0	0	0	0	0	0	0	0	0	0	0	0	0	0	0	0	0	0	0	0	0	0	0
86	0	0	0	0	0	0	0	0	0	1033	1033	0	0	0	0	0	0	0	0	0.272453	0.272453	0	0	0	0	0	0	0	0	1	0	0	0	0	0	0	0	0	211	211	0	0	0	0	0	0	0	0	1	0	0	0	0	0	0	0	0	92.4266	92.4266	0	0	0	0	0	0	0	0	1	0	0	0	0	0	0	0	0	211	211	0	0	0	0	0	0	0	0	1	0	0	0	0	0	0	0	0	0	0	0	0	0	0	0	0	0	0	0	0	0	0	0	0	0	0	0	0	0	0	0	0	0	0	0	0	0	0
87	0	0	0	0	0	0	0	0	0	1017	1017	0	0	0	0	0	0	0	0	0.32589	0.32589	0	0	0	0	0	0	0	0	1	0	0	0	0	0	0	0	0	258	258	0	0	0	0	0	0	0	0	1	0	0	0	0	0	0	0	0	91.6403	91.6403	0	0	0	0	0	0	0	0	1	0	0	0	0	0	0	0	0	223	223	0	0	0	0	0	0	0	0	1	0	0	0	0	0	0	0	0	0	0	0	0	0	0	0	0	0	0	0	0	0	0	0	0	0	0	0	0	0	0	0	0	0	0	0	0	0	0
88	0	0	0	0	0	0	0	0	0	979	979	0	0	0	0	0	0	0	0	0.383567	0.383567	0	0	0	0	0	0	0	0	1	0	0	0	0	0	0	0	0	272	272	0	0	0	0	0	0	0	0	1	0	0	0	0	0	0	0	0	89.4221	89.4221	0	0	0	0	0	0	0	0	1	0	0	0	0	0	0	0	0	228	228	0	0	0	0	0	0	0	0	1	0	0	0	0	0	0	0	0	0	0	0	0	0	0	0	0	0	0	0	0	0	0	0	0	0	0	0	0	0	0	0	0	0	0	0	0	0	0
89	0	0	0	0	0	0	0	0	0	978	978	0	0	0	0	0	0	0	0	0.469314	0.469314	0	0	0	0	0	0	0	0	1	0	0	0	0	0	0	0	0	300	300	0	0	0	0	0	0	0	0	1	0	0	0	0	0	0	0	0	93.4513	93.4513	0	0	0	0	0	0	0	0	1	0	0	0	0	0	0	0	0	246	246	0	0	0	0	0	0	0	0	1	0	0	0	0	0	0	0	0	0	0	0	0	0	0	0	0	0	0	0	0	0	0	0	0	0	0	0	0	0	0	0	0	0	0	0	0	0	0
90	0	0	0	0	0	0	0	0	0	945	945	0	0	0	0	0	0	0	0	0.509582	0.509582	0	0	0	0	0	0	0	0	1	0	0	0	0	0	0	0	0	304	304	0	0	0	0	0	0	0	0	1	0	0	0	0	0	0	0	0	93.3418	93.3418	0	0	0	0	0	0	0	0	1	0	0	0	0	0	0	0	0	270	270	0	0	0	0	0	0	0	0	1	0	0	0	0	0	0	0	0	0	0	0	0	0	0	0	0	0	0	0	0	0	0	0	0	0	0	0	0	0	0	0	0	0	0	0	0	0	0
91	0	0	0	0	0	0	0	0	0	934	934	0	0	0	0	0	0	0	0	0.538742	0.538742	0	0	0	0	0	0	0	0	1	0	0	0	0	0	0	0	0	304	304	0	0	0	0	0	0	0	0	1	0	0	0	0	0	0	0	0	94.411	94.411	0	0	0	0	0	0	0	0	1	0	0	0	0	0	0	0	0	299	299	0	0	0	0	0	0	0	0	1	0	0	0	0	0	0	0	0	0	0	0	0	0	0	0	0	0	0	0	0	0	0	0	0	0	0	0	0	0	0	0	0	0	0	0	0	0	0
92	0	0	0	0	0	0	0	0	0	913	913	0	0	0	0	0	0	0	0	0.502026	0.502026	0	0	0	0	0	0	0	0	1	0	0	0	0	0	0	0	0	285	285	0	0	0	0	0	0	0	0	1	0	0	0	0	0	0	0	0	98.4964	98.4964	0	0	0	0	0	0	0	0	1	0	0	0	0	0	0	0	0	321	321	0	0	0	0	0	0	0	0	1	0	0	0	0	0	0	0	0	0	0	0	0	0	0	0	0	0	0	0	0	0	0	0	0	0	0	0	0	0	0	0	0	0	0	0	0	0	0
93	0	0	0	0	0	0	0	0	0	846	846	0	0	0	0	0	0	0	0	0.501507	0.501507	0	0	0	0	0	0	0	0	1	0	0	0	0	0	0	0	0	266	266	0	0	0	0	0	0	0	0	1	0	0	0	0	0	0	0	0	98.2104	98.2104	0	0	0	0	0	0	0	0	1	0	0	0	0	0	0	0	0	335	335	0	0	0	0	0	0	0	0	1	0	0	0	0	0	0	0	0	0	0	0	0	0	0	0	0	0	0	0	0	0	0	0	0	0	0	0	0	0	0	0	0	0	0	0	0	0	0
94	0	0	0	0	0	0	0	0	0	818	818	0	0	0	0	0	0	0	0	0.509676	0.509676	0	0	0	0	0	0	0	0	1	0	0	0	0	0	0	0	0	255	255	0	0	0	0	0	0	0	0	1	0	0	0	0	0	0	0	0	97.2781	97.2781	0	0	0	0	0	0	0	0	1	0	0	0	0	0	0	0	0	338	338	0	0	0	0	0	0	0	0	1	0	0	0	0	0	0	0	0	0	0	0	0	0	0	0	0	0	0	0	0	0	0	0	0	0	0	0	0	0	0	0	0	0	0	0	0	0	0
95	0	0	0	0	0	0	0	0	0	808	808	0	0	0	0	0	0	0	0	0.513284	0.513284	0	0	0	0	0	0	0	0	1	0	0	0	0	0	0	0	0	241	241	0	0	0	0	0	0	0	0	1	0	0	0	0	0	0	0	0	100.986	100.986	0	0	0	0	0	0	0	0	1	0	0	0	0	0	0	0	0	347	347	0	0	0	0	0	0	0	0	1	0	0	0	0	0	0	0	0	0	0	0	0	0	0	0	0	0	0	0	0	0	0	0	0	0	0	0	0	0	0	0	0	0	0	0	0	0	0
96	0	0	0	0	0	0	0	0	0	816	816	0	0	0	0	0	0	0	0	0.51261	0.51261	0	0	0	0	0	0	0	0	1	0	0	0	0	0	0	0	0	219	219	0	0	0	0	0	0	0	0	1	0	0	0	0	0	0	0	0	103.765	103.765	0	0	0	0	0	0	0	0	1	0	0	0	0	0	0	0	0	349	349	0	0	0	0	0	0	0	0	1	0	0	0	0	0	0	0	0	0	0	0	0	0	0	0	0	0	0	0	0	0	0	0	0	0	0	0	0	0	0	0	0	0	0	0	0	0	0
97	0	0	0	0	0	0	0	0	0	787	787	0	0	0	0	0	0	0	0	0.459472	0.459472	0	0	0	0	0	0	0	0	1	0	0	0	0	0	0	0	0	195	195	0	0	0	0	0	0	0	0	1	0	0	0	0	0	0	0	0	106.527	106.527	0	0	0	0	0	0	0	0	1	0	0	0	0	0	0	0	0	356	356	0	0	0	0	0	0	0	0	1	0	0	0	0	0	0	0	0	0	0	0	0	0	0	0	0	0	0	0	0	0	0	0	0	0	0	0	0	0	0	0	0	0	0	0	0	0	0
98	0	0	0	0	0	0	0	0	0	771	771	0	0	0	0	0	0	0	0	0.395365	0.395365	0	0	0	0	0	0	0	0	1	0	0	0	0	0	0	0	0	169	169	0	0	0	0	0	0	0	0	1	0	0	0	0	0	0	0	0	104.185	104.185	0	0	0	0	0	0	0	0	1	0	0	0	0	0	0	0	0	357	357	0	0	0	0	0	0	0	0	1	0	0	0	0	0	0	0	0	0	0	0	0	0	0	0	0	0	0	0	0	0	0	0	0	0	0	0	0	0	0	0	0	0	0	0	0	0	0
99	0	0	0	0	0	0	0	0	0	761	761	0	0	0	0	0	0	0	0	0.362594	0.362594	0	0	0	0	0	0	0	0	1	0	0	0	0	0	0	0	0	143	143	0	0	0	0	0	0	0	0	1	0	0	0	0	0	0	0	0	107.863	107.863	0	0	0	0	0	0	0	0	1	0	0	0	0	0	0	0	0	355	355	0	0	0	0	0	0	0	0	1	0	0	0	0	0	0	0	0	0	0	0	0	0	0	0	0	0	0	0	0	0	0	0	0	0	0	0	0	0	0	0	0	0	0	0	0	0	0
100	0	0	0	0	0	0	0	0	0	761	761	0	0	0	0	0	0	0	0	0.345153	0.345153	0	0	0	0	0	0	0	0	1	0	0	0	0	0	0	0	0	125	125	0	0	0	0	0	0	0	0	1	0	0	0	0	0	0	0	0	107.031	107.031	0	0	0	0	0	0	0	0	1	0	0	0	0	0	0	0	0	346	346	0	0	0	0	0	0	0	0	1	0	0	0	0	0	0	0	0	0	0	0	0	0	0	0	0	0	0	0	0	0	0	0	0	0	0	0	0	0	0	0	0	0	0	0	0	0	0
101	0	0	0	0	0	0	0	0	0	745	745	0	0	0	0	0	0	0	0	0.274973	0.274973	0	0	0	0	0	0	0	0	1	0	0	0	0	0	0	0	0	101	101	0	0	0	0	0	0	0	0	1	0	0	0	0	0	0	0	0	108.493	108.493	0	0	0	0	0	0	0	0	1	0	0	0	0	0	0	0	0	345	345	0	0	0	0	0	0	0	0	1	0	0	0	0	0	0	0	0	0	0	0	0	0	0	0	0	0	0	0	0	0	0	0	0	0	0	0	0	0	0	0	0	0	0	0	0	0	0
102	0	0	0	0	0	0	0	0	0	750	750	0	0	0	0	0	0	0	0	0.25381	0.25381	0	0	0	0	0	0	0	0	1	0	0	0	0	0	0	0	0	85	85	0	0	0	0	0	0	0	0	1	0	0	0	0	0	0	0	0	109.545	109.545	0	0	0	0	0	0	0	0	1	0	0	0	0	0	0	0	0	332	332	0	0	0	0	0	0	0	0	1	0	0	0	0	0	0	0	0	0	0	0	0	0	0	0	0	0	0	0	0	0	0	0	0	0	0	0	0	0	0	0	0	0	0	0	0	0	0
103	0	0	0	0	0	0	0	0	0	775	775	0	0	0	0	0	0	0	0	0.23328	0.23328	0	0	0	0	0	0	0	0	1	0	0	0	0	0	0	0	0	73	73	0	0	0	0	0	0	0	0	1	0	0	0	0	0	0	0	0	112.193	112.193	0	0	0	0	0	0	0	0	1	0	0	0	0	0	0	0	0	323	323	0	0	0	0	0	0	0	0	1	0	0	0	0	0	0	0	0	0	0	0	0	0	0	0	0	0	0	0	0	0	0	0	0	0	0	0	0	0	0	0	0	0	0	0	0	0	0
104	0	0	0	0	0	0	0	0	0	717	717	0	0	0	0	0	0	0	0	0.224172	0.224172	0	0	0	0	0	0	0	0	1	0	0	0	0	0	0	0	0	64	64	0	0	0	0	0	0	0	0	1	0	0	0	0	0	0	0	0	106.378	106.378	0	0	0	0	0	0	0	0	1	0	0	0	0	0	0	0	0	306	306	0	0	0	0	0	0	0	0	1	0	0	0	0	0	0	0	0	0	0	0	0	0	0	0	0	0	0	0	0	0	0	0	0	0	0	0	0	0	0	0	0	0	0	0	0	0	0
105	0	0	0	0	0	0	0	0	0	750	750	0	0	0	0	0	0	0	0	0.193149	0.193149	0	0	0	0	0	0	0	0	1	0	0	0	0	0	0	0	0	53	53	0	0	0	0	0	0	0	0	1	0	0	0	0	0	0	0	0	105.751	105.751	0	0	0	0	0	0	0	0	1	0	0	0	0	0	0	0	0	293	293	0	0	0	0	0	0	0	0	1	0	0	0	0	0	0	0	0	0	0	0	0	0	0	0	0	0	0	0	0	0	0	0	0	0	0	0	0	0	0	0	0	0	0	0	0	0	0
106	0	0	0	0	0	0	0	0	0	747	747	0	0	0	0	0	0	0	0	0.177629	0.177629	0	0	0	0	0	0	0	0	1	0	0	0	0	0	0	0	0	48	48	0	0	0	0	0	0	0	0	1	0	0	0	0	0	0	0	0	108.262	108.262	0	0	0	0	0	0	0	0	1	0	0	0	0	0	0	0	0	290	290	0	0	0	0	0	0	0	0	1	0	0	0	0	0	0	0	0	0	0	0	0	0	0	0	0	0	0	0	0	0	0	0	0	0	0	0	0	0	0	0	0	0	0	0	0	0	0
107	0	0	0	0	0	0	0	0	0	729	729	0	0	0	0	0	0	0	0	0.149869	0.149869	0	0	0	0	0	0	0	0	1	0	0	0	0	0	0	0	0	45	45	0	0	0	0	0	0	0	0	1	0	0	0	0	0	0	0	0	108.823	108.823	0	0	0	0	0	0	0	0	1	0	0	0	0	0	0	0	0	276	276	0	0	0	0	0	0	0	0	1	0	0	0	0	0	0	0	0	0	0	0	0	0	0	0	0	0	0	0	0	0	0	0	0	0	0	0	0	0	0	0	0	0	0	0	0	0	0
108	0	0	0	0	0	0	0	0	0	754	754	0	0	0	0	0	0	0	0	0.123365	0.123365	0	0	0	0	0	0	0	0	1	0	0	0	0	0	0	0	0	40	40	0	0	0	0	0	0	0	0	1	0	0	0	0	0	0	0	0	107.773	107.773	0	0	0	0	0	0	0	0	1	0	0	0	0	0	0	0	0	267	267	0	0	0	0	0	0	0	0	1	0	0	0	0	0	0	0	0	0	0	0	0	0	0	0	0	0	0	0	0	0	0	0	0	0	0	0	0	0	0	0	0	0	0	0	0	0	0
109	0	0	0	0	0	0	0	0	0	732	732	0	0	0	0	0	0	0	0	0.112155	0.112155	0	0	0	0	0	0	0	0	1	0	0	0	0	0	0	0	0	38	38	0	0	0	0	0	0	0	0	1	0	0	0	0	0	0	0	0	107.968	107.968	0	0	0	0	0	0	0	0	1	0	0	0	0	0	0	0	0	258	258	0	0	0	0	0	0	0	0	1	0	0	0	0	0	0	0	0	0	0	0	0	0	0	0	0	0	0	0	0	0	0	0	0	0	0	0	0	0	0	0	0	0	0	0	0	0	0
110	0	0	0	0	0	0	0	0	0	732	732	0	0	0	0	0	0	0	0	0.0808943	0.0808943	0	0	0	0	0	0	0	0	1	0	0	0	0	0	0	0	0	30	30	0	0	0	0	0	0	0	0	1	0	0	0	0	0	0	0	0	106.738	106.738	0	0	0	0	0	0	0	0	1	0	0	0	0	0	0	0	0	247	247	0	0	0	0	0	0	0	0	1	0	0	0	0	0	0	0	0	0	0	0	0	0	0	0	0	0	0	0	0	0	0	0	0	0	0	0	0	0	0	0	0	0	0	0	0	0	0
111	0	0	0	0	0	0	0	0	0	713	713	0	0	0	0	0	0	0	0	0.0669025	0.0669025	0	0	0	0	0	0	0	0	1	0	0	0	0	0	0	0	0	26	26	0	0	0	0	0	0	0	0	1	0	0	0	0	0	0	0	0	106.843	106.843	0	0	0	0	0	0	0	0	1	0	0	0	0	0	0	0	0	237	237	0	0	0	0	0	0	0	0	1	0	0	0	0	0	0	0	0	0	0	0	0	0	0	0	0	0	0	0	0	0	0	0	0	0	0	0	0	0	0	0	0	0	0	0	0	0	0
112	0	0	0	0	0	0	0	0	0	764	764	0	0	0	0	0	0	0	0	0.0806597	0.0806597	0	0	0	0	0	0	0	0	1	0	0	0	0	0	0	0	0	25	25	0	0	0	0	0	0	0	0	1	0	0	0	0	0	0	0	0	109.506	109.506	0	0	0	0	0	0	0	0	1	0	0	0	0	0	0	0	0	232	232	0	0	0	0	0	0	0	0	1	0	0	0	0	0	0	0	0	0	0	0	0	0	0	0	0	0	0	0	0	0	0	0	0	0	0	0	0	0	0	0	0	0	0	0	0	0	0
113	0	0	0	0	0	0	0	0	0	741	741	0	0	0	0	0	0	0	0	0.0726523	0.0726523	0	0	0	0	0	0	0	0	1	0	0	0	0	0	0	0	0	24	24	0	0	0	0	0	0	0	0	1	0	0	0	0	0	0	0	0	107.789	107.789	0	0	0	0	0	0	0	0	1	0	0	0	0	0	0	0	0	223	223	0	0	0	0	0	0	0	0	1	0	0	0	0	0	0	0	0	0	0	0	0	0	0	0	0	0	0	0	0	0	0	0	0	0	0	0	0	0	0	0	0	0	0	0	0	0	0
114	0	0	0	0	0	0	0	0	0	760	760	0	0	0	0	0	0	0	0	0.0498676	0.0498676	0	0	0	0	0	0	0	0	1	0	0	0	0	0	0	0	0	16	16	0	0	0	0	0	0	0	0	1	0	0	0	0	0	0	0	0	107.787	107.787	0	0	0	0	0	0	0	0	1	0	0	0	0	0	0	0	0	213	213	0	0	0	0	0	0	0	0	1	0	0	0	0	0	0	0	0	0	0	0	0	0	0	0	0	0	0	0	0	0	0	0	0	0	0	0	0	0	0	0	0	0	0	0	0	0	0
115	0	0	0	0	0	0	0	0	0	756	756	0	0	0	0	0	0	0	0	0.0386399	0.0386399	0	0	0	0	0	0	0	0	1	0	0	0	0	0	0	0	0	15	15	0	0	0	0	0	0	0	0	1	0	0	0	0	0	0	0	0	107.039	107.039	0	0	0	0	0	0	0	0	1	0	0	0	0	0	0	0	0	206	206	0	0	0	0	0	0	0	0	1	0	0	0	0	0	0	0	0	0	0	0	0	0	0	0	0	0	0	0	0	0	0	0	0	0	0	0	0	0	0	0	0	0	0	0	0	0	0
116	0	0	0	0	0	0	0	0	0	766	766	0	0	0	0	0	0	0	0	0.0306372	0.0306372	0	0	0	0	0	0	0	0	1	0	0	0	0	0	0	0	0	13	13	0	0	0	0	0	0	0	0	1	0	0	0	0	0	0	0	0	106.291	106.291	0	0	0	0	0	0	0	0	1	0	0	0	0	0	0	0	0	201	201	0	0	0	0	0	0	0	0	1	0	0	0	0	0	0	0	0	0	0	0	0	0	0	0	0	0	0	0	0	0	0	0	0	0	0	0	0	0	0	0	0	0	0	0	0	0	0
117	0	0	0	0	0	0	0	0	0	761	761	0	0	0	0	0	0	0	0	0.0323587	0.0323587	0	0	0	0	0	0	0	0	1	0	0	0	0	0	0	0	0	13	13	0	0	0	0	0	0	0	0	1	0	0	0	0	0	0	0	0	104.284	104.284	0	0	0	0	0	0	0	0	1	0	0	0	0	0	0	0	0	193	193	0	0	0	0	0	0	0	0	1	0	0	0	0	0	0	0	0	0	0	0	0	0	0	0	0	0	0	0	0	0	0	0	0	0	0	0	0	0	0	0	0	0	0	0	0	0	0
118	0	0	0	0	0	0	0	0	0	745	745	0	0	0	0	0	0	0	0	0.0212803	0.0212803	0	0	0	0	0	0	0	0	1	0	0	0	0	0	0	0	0	11	11	0	0	0	0	0	0	0	0	1	0	0	0	0	0	0	0	0	102.868	102.868	0	0	0	0	0	0	0	0	1	0	0	0	0	0	0	0	0	186	186	0	0	0	0	0	0	0	0	1	0	0	0	0	0	0	0	0	0	0	0	0	0	0	0	0	0	0	0	0	0	0	0	0	0	0	0	0	0	0	0	0	0	0	0	0	0	0
119	0	0	0	0	0	0	0	0	0	775	775	0	0	0	0	0	0	0	0	0.0269418	0.0269418	0	0	0	0	0	0	0	0	1	0	0	0	0	0	0	0	0	11	11	0	0	0	0	0	0	0	0	1	0	0	0	0	0	0	0	0	104.406	104.406	0	0	0	0	0	0	0	0	1	0	0	0	0	0	0	0	0	180	180	0	0	0	0	0	0	0	0	1	0	0	0	0	0	0	0	0	0	0	0	0	0	0	0	0	0	0	0	0	0	0	0	0	0	0	0	0	0	0	0	0	0	0	0	0	0	0
120	0	0	0	0	0	0	0	0	0	760	760	0	0	0	0	0	0	0	0	0.0280553	0.0280553	0	0	0	0	0	0	0	0	1	0	0	0	0	0	0	0	0	12	12	0	0	0	0	0	0	0	0	1	0	0	0	0	0	0	0	0	102.771	102.771	0	0	0	0	0	0	0	0	1	0	0	0	0	0	0	0	0	171	171	0	0	0	0	0	0	0	0	1	0	0	0	0	0	0	0	0	0	0	0	0	0	0	0	0	0	0	0	0	0	0	0	0	0	0	0	0	0	0	0	0	0	0	0	0	0	0
121	0	0	0	0	0	0	0	0	0	800	800	0	0	0	0	0	0	0	0	0.0240719	0.0240719	0	0	0	0	0	0	0	0	1	0	0	0	0	0	0	0	0	12	12	0	0	0	0	0	0	0	0	1	0	0	0	0	0	0	0	0	102.395	102.395	0	0	0	0	0	0	0	0	1	0	0	0	0	0	0	0	0	167	167	0	0	0	0	0	0	0	0	1	0	0	0	0	0	0	0	0	0	0	0	0	0	0	0	0	0	0	0	0	0	0	0	0	0	0	0	0	0	0	0	0	0	0	0	0	0	0
122	0	0	0	0	0	0	0	0	0	834	834	0	0	0	0	0	0	0	0	0.0192167	0.0192167	0	0	0	0	0	0	0	0	1	0	0	0	0	0	0	0	0	8	8	0	0	0	0	0	0	0	0	1	0	0	0	0	0	0	0	0	103.955	103.955	0	0	0	0	0	0	0	0	1	0	0	0	0	0	0	0	0	164	164	0	0	0	0	0	0	0	0	1	0	0	0	0	0	0	0	0	0	0	0	0	0	0	0	0	0	0	0	0	0	0	0	0	0	0	0	0	0	0	0	0	0	0	0	0	0	0
123	0	0	0	0	0	0	0	0	0	833	833	0	0	0	0	0	0	0	0	0.0193829	0.0193829	0	0	0	0	0	0	0	0	1	0	0	0	0	0	0	0	0	12	12	0	0	0	0	0	0	0	0	1	0	0	0	0	0	0	0	0	99.688	99.688	0	0	0	0	0	0	0	0	1	0	0	0	0	0	0	0	0	156	156	0	0	0	0	0	0	0	0	1	0	0	0	0	0	0	0	0	0	0	0	0	0	0	0	0	0	0	0	0	0	0	0	0	0	0	0	0	0	0	0	0	0	0	0	0	0	0
124	0	0	0	0	0	0	0	0	0	861	861	0	0	0	0	0	0	0	0	0.0168496	0.0168496	0	0	0	0	0	0	0	0	1	0	0	0	0	0	0	0	0	21	21	0	0	0	0	0	0	0	0	1	0	0	0	0	0	0	0	0	97.1282	97.1282	0	0	0	0	0	0	0	0	1	0	0	0	0	0	0	0	0	148	148	0	0	0	0	0	0	0	0	1	0	0	0	0	0	0	0	0	0	0	0	0	0	0	0	0	0	0	0	0	0	0	0	0	0	0	0	0	0	0	0	0	0	0	0	0	0	0
125	0	0	0	0	0	0	0	0	0	878	878	0	0	0	0	0	0	0	0	0.0279409	0.0279409	0	0	0	0	0	0	0	0	1	0	0	0	0	0	0	0	0	35	35	0	0	0	0	0	0	0	0	1	0	0	0	0	0	0	0	0	96.1494	96.1494	0	0	0	0	0	0	0	0	1	0	0	0	0	0	0	0	0	139	139	0	0	0	0	0	0	0	0	1	0	0	0	0	0	0	0	0	0	0	0	0	0	0	0	0	0	0	0	0	0	0	0	0	0	0	0	0	0	0	0	0	0	0	0	0	0	0
126	0	0	0	0	0	0	0	0	0	876	876	0	0	0	0	0	0	0	0	0.0550103	0.0550103	0	0	0	0	0	0	0	0	1	0	0	0	0	0	0	0	0	60	60	0	0	0	0	0	0	0	0	1	0	0	0	0	0	0	0	0	91.7648	91.7648	0	0	0	0	0	0	0	0	1	0	0	0	0	0	0	0	0	129	129	0	0	0	0	0	0	0	0	1	0	0	0	0	0	0	0	0	0	0	0	0	0	0	0	0	0	0	0	0	0	0	0	0	0	0	0	0	0	0	0	0	0	0	0	0	0	0
127	0	0	0	0	0	0	0	0	0	911	911	0	0	0	0	0	0	0	0	0.081444	0.081444	0	0	0	0	0	0	0	0	1	0	0	0	0	0	0	0	0	84	84	0	0	0	0	0	0	0	0	1	0	0	0	0	0	0	0	0	91.5839	91.5839	0	0	0	0	0	0	0	0	1	0	0	0	0	0	0	0	0	125	125	0	0	0	0	0	0	0	0	1	0	0	0	0	0	0	0	0	0	0	0	0	0	0	0	0	0	0	0	0	0	0	0	0	0	0	0	0	0	0	0	0	0	0	0	0	0	0
128	0	0	0	0	0	0	0	0	0	934	934	0	0	0	0	0	0	0	0	0.13058	0.13058	0	0	0	0	0	0	0	0	1	0	0	0	0	0	0	0	0	114	114	0	0	0	0	0	0	0	0	1	0	0	0	0	0	0	0	0	92.872	92.872	0	0	0	0	0	0	0	0	1	0	0	0	0	0	0	0	0	129	129	0	0	0	0	0	0	0	0	1	0	0	0	0	0	0	0	0	0	0	0	0	0	0	0	0	0	0	0	0	0	0	0	0	0	0	0	0	0	0	0	0	0	0	0	0	0	0
129	0	0	0	0	0	0	0	0	0	971	971	0	0	0	0	0	0	0	0	0.149607	0.149607	0	0	0	0	0	0	0	0	1	0	0	0	0	0	0	0	0	139	139	0	0	0	0	0	0	0	0	1	0	0	0	0	0	0	0	0	91.6844	91.6844	0	0	0	0	0	0	0	0	1	0	0	0	0	0	0	0	0	134	134	0	0	0	0	0	0	0	0	1	0	0	0	0	0	0	0	0	0	0	0	0	0	0	0	0	0	0	0	0	0	0	0	0	0	0	0	0	0	0	0	0	0	0	0	0	0	0
130	0	0	0	0	0	0	0	0	0	1007	1007	0	0	0	0	0	0	0	0	0.228666	0.228666	0	0	0	0	0	0	0	0	1	0	0	0	0	0	0	0	0	190	190	0	0	0	0	0	0	0	0	1	0	0	0	0	0	0	0	0	92.3929	92.3929	0	0	0	0	0	0	0	0	1	0	0	0	0	0	0	0	0	143	143	0	0	0	0	0	0	0	0	1	0	0	0	0	0	0	0	0	0	0	0	0	0	0	0	0	0	0	0	0	0	0	0	0	0	0	0	0	0	0	0	0	0	0	0	0	0	0
131	0	0	0	0	0	0	0	0	0	1036	1036	0	0	0	0	0	0	0	0	0.261907	0.261907	0	0	0	0	0	0	0	0	1	0	0	0	0	0	0	0	0	198	198	0	0	0	0	0	0	0	0	1	0	0	0	0	0	0	0	0	92.4774	92.4774	0	0	0	0	0	0	0	0	1	0	0	0	0	0	0	0	0	164	164	0	0	0	0	0	0	0	0	1	0	0	0	0	0	0	0	0	0	0	0	0	0	0	0	0	0	0	0	0	0	0	0	0	0	0	0	0	0	0	0	0	0	0	0	0	0	0
132	0	0	0	0	0	0	0	0	0	1016	1016	0	0	0	0	0	0	0	0	0.347824	0.347824	0	0	0	0	0	0	0	0	1	0	0	0	0	0	0	0	0	243	243	0	0	0	0	0	0	0	0	1	0	0	0	0	0	0	0	0	88.8179	88.8179	0	0	0	0	0	0	0	0	1	0	0	0	0	0	0	0	0	181	181	0	0	0	0	0	0	0	0	1	0	0	0	0	0	0	0	0	0	0	0	0	0	0	0	0	0	0	0	0	0	0	0	0	0	0	0	0	0	0	0	0	0	0	0	0	0	0
133	0	0	0	0	0	0	0	0	0	984	984	0	0	0	0	0	0	0	0	0.419516	0.419516	0	0	0	0	0	0	0	0	1	0	0	0	0	0	0	0	0	276	276	0	0	0	0	0	0	0	0	1	0	0	0	0	0	0	0	0	87.3023	87.3023	0	0	0	0	0	0	0	0	1	0	0	0	0	0	0	0	0	199	199	0	0	0	0	0	0	0	0	1	0	0	0	0	0	0	0	0	0	0	0	0	0	0	0	0	0	0	0	0	0	0	0	0	0	0	0	0	0	0	0	0	0	0	0	0	0	0
134	0	0	0	0	0	0	0	0	0	1007	1007	0	0	0	0	0	0	0	0	0.503924	0.503924	0	0	0	0	0	0	0	0	1	0	0	0	0	0	0	0	0	290	290	0	0	0	0	0	0	0	0	1	0	0	0	0	0	0	0	0	88.8748	88.8748	0	0	0	0	0	0	0	0	1	0	0	0	0	0	0	0	0	223	223	0	0	0	0	0	0	0	0	1	0	0	0	0	0	0	0	0	0	0	0	0	0	0	0	0	0	0	0	0	0	0	0	0	0	0	0	0	0	0	0	0	0	0	0	0	0	0
135	0	0	0	0	0	0	0	0	0	975	975	0	0	0	0	0	0	0	0	0.440269	0.440269	0	0	0	0	0	0	0	0	1	0	0	0	0	0	0	0	0	307	307	0	0	0	0	0	0	0	0	1	0	0	0	0	0	0	0	0	90.6125	90.6125	0	0	0	0	0	0	0	0	1	0	0	0	0	0	0	0	0	252	252	0	0	0	0	0	0	0	0	1	0	0	0	0	0	0	0	0	0	0	0	0	0	0	0	0	0	0	0	0	0	0	0	0	0	0	0	0	0	0	0	0	0	0	0	0	0	0
136	0	0	0	0	0	0	0	0	0	964	964	0	0	0	0	0	0	0	0	0.501843	0.501843	0	0	0	0	0	0	0	0	1	0	0	0	0	0	0	0	0	332	332	0	0	0	0	0	0	0	0	1	0	0	0	0	0	0	0	0	93.4361	93.4361	0	0	0	0	0	0	0	0	1	0	0	0	0	0	0	0	0	273	273	0	0	0	0	0	0	0	0	1	0	0	0	0	0	0	0	0	0	0	0	0	0	0	0	0	0	0	0	0	0	0	0	0	0	0	0	0	0	0	0	0	0	0	0	0	0	0
137	0	0	0	0	0	0	0	0	0	921	921	0	0	0	0	0	0	0	0	0.508309	0.508309	0	0	0	0	0	0	0	0	1	0	0	0	0	0	0	0	0	337	337	0	0	0	0	0	0	0	0	1	0	0	0	0	0	0	0	0	95.2913	95.2913	0	0	0	0	0	0	0	0	1	0	0	0	0	0	0	0	0	296	296	0	0	0	0	0	0	0	0	1	0	0	0	0	0	0	0	0	0	0	0	0	0	0	0	0	0	0	0	0	0	0	0	0	0	0	0	0	0	0	0	0	0	0	0	0	0	0
138	0	0	0	0	0	0	0	0	0	909	909	0	0	0	0	0	0	0	0	0.58905	0.58905	0	0	0	0	0	0	0	0	1	0	0	0	0	0	0	0	0	338	338	0	0	0	0	0	0	0	0	1	0	0	0	0	0	0	0	0	97.3023	97.3023	0	0	0	0	0	0	0	0	1	0	0	0	0	0	0	0	0	306	306	0	0	0	0	0	0	0	0	1	0	0	0	0	0	0	0	0	0	0	0	0	0	0	0	0	0	0	0	0	0	0	0	0	0	0	0	0	0	0	0	0	0	0	0	0	0	0
139	0	0	0	0	0	0	0	0	0	865	865	0	0	0	0	0	0	0	0	0.596658	0.596658	0	0	0	0	0	0	0	0	1	0	0	0	0	0	0	0	0	326	326	0	0	0	0	0	0	0	0	1	0	0	0	0	0	0	0	0	97.7348	97.7348	0	0	0	0	0	0	0	0	1	0	0	0	0	0	0	0	0	327	327	0	0	0	0	0	0	0	0	1	0	0	0	0	0	0	0	0	0	0	0	0	0	0	0	0	0	0	0	0	0	0	0	0	0	0	0	0	0	0	0	0	0	0	0	0	0	0
140	0	0	0	0	0	0	0	0	0	895	895	0	0	0	0	0	0	0	0	0.633501	0.633501	0	0	0	0	0	0	0	0	1	0	0	0	0	0	0	0	0	303	303	0	0	0	0	0	0	0	0	1	0	0	0	0	0	0	0	0	102.985	102.985	0	0	0	0	0	0	0	0	1	0	0	0	0	0	0	0	0	350	350	0	0	0	0	0	0	0	0	1	0	0	0	0	0	0	0	0	0	0	0	0	0	0	0	0	0	0	0	0	0	0	0	0	0	0	0	0	0	0	0	0	0	0	0	0	0	0
141	0	0	0	0	0	0	0	0	0	854	854	0	0	0	0	0	0	0	0	0.588128	0.588128	0	0	0	0	0	0	0	0	1	0	0	0	0	0	0	0	0	276	276	0	0	0	0	0	0	0	0	1	0	0	0	0	0	0	0	0	103.971	103.971	0	0	0	0	0	0	0	0	1	0	0	0	0	0	0	0	0	368	368	0	0	0	0	0	0	0	0	1	0	0	0	0	0	0	0	0	0	0	0	0	0	0	0	0	0	0	0	0	0	0	0	0	0	0	0	0	0	0	0	0	0	0	0	0	0	0
142	0	0	0	0	0	0	0	0	0	850	850	0	0	0	0	0	0	0	0	0.524632	0.524632	0	0	0	0	0	0	0	0	1	0	0	0	0	0	0	0	0	245	245	0	0	0	0	0	0	0	0	1	0	0	0	0	0	0	0	0	102.79	102.79	0	0	0	0	0	0	0	0	1	0	0	0	0	0	0	0	0	373	373	0	0	0	0	0	0	0	0	1	0	0	0	0	0	0	0	0	0	0	0	0	0	0	0	0	0	0	0	0	0	0	0	0	0	0	0	0	0	0	0	0	0	0	0	0	0	0
143	0	0	0	0	0	0	0	0	0	818	818	0	0	0	0	0	0	0	0	0.489355	0.489355	0	0	0	0	0	0	0	0	1	0	0	0	0	0	0	0	0	225	225	0	0	0	0	0	0	0	0	1	0	0	0	0	0	0	0	0	105.648	105.648	0	0	0	0	0	0	0	0	1	0	0	0	0	0	0	0	0	382	382	0	0	0	0	0	0	0	0	1	0	0	0	0	0	0	0	0	0	0	0	0	0	0	0	0	0	0	0	0	0	0	0	0	0	0	0	0	0	0	0	0	0	0	0	0	0	0
144	0	0	0	0	0	0	0	0	0	827	827	0	0	0	0	0	0	0	0	0.45513	0.45513	0	0	0	0	0	0	0	0	1	0	0	0	0	0	0	0	0	207	207	0	0	0	0	0	0	0	0	1	0	0	0	0	0	0	0	0	106.493	106.493	0	0	0	0	0	0	0	0	1	0	0	0	0	0	0	0	0	385	385	0	0	0	0	0	0	0	0	1	0	0	0	0	0	0	0	0	0	0	0	0	0	0	0	0	0	0	0	0	0	0	0	0	0	0	0	0	0	0	0	0	0	0	0	0	0	0
145	0	0	0	0	0	0	0	0	0	808	808	0	0	0	0	0	0	0	0	0.477348	0.477348	0	0	0	0	0	0	0	0	1	0	0	0	0	0	0	0	0	199	199	0	0	0	0	0	0	0	0	1	0	0	0	0	0	0	0	0	108.009	108.009	0	0	0	0	0	0	0	0	1	0	0	0	0	0	0	0	0	381	381	0	0	0	0	0	0	0	0	1	0	0	0	0	0	0	0	0	0	0	0	0	0	0	0	0	0	0	0	0	0	0	0	0	0	0	0	0	0	0	0	0	0	0	0	0	0	0
146	0	0	0	0	0	0	0	0	0	780	780	0	0	0	0	0	0	0	0	0.420171	0.420171	0	0	0	0	0	0	0	0	1	0	0	0	0	0	0	0	0	172	172	0	0	0	0	0	0	0	0	1	0	0	0	0	0	0	0	0	106.043	106.043	0	0	0	0	0	0	0	0	1	0	0	0	0	0	0	0	0	380	380	0	0	0	0	0	0	0	0	1	0	0	0	0	0	0	0	0	0	0	0	0	0	0	0	0	0	0	0	0	0	0	0	0	0	0	0	0	0	0	0	0	0	0	0	0	0	0
147	0	0	0	0	0	0	0	0	0	757	757	0	0	0	0	0	0	0	0	0.390779	0.390779	0	0	0	0	0	0	0	0	1	0	0	0	0	0	0	0	0	154	154	0	0	0	0	0	0	0	0	1	0	0	0	0	0	0	0	0	106.254	106.254	0	0	0	0	0	0	0	0	1	0	0	0	0	0	0	0	0	373	373	0	0	0	0	0	0	0	0	1	0	0	0	0	0	0	0	0	0	0	0	0	0	0	0	0	0	0	0	0	0	0	0	0	0	0	0	0	0	0	0	0	0	0	0	0	0	0
148	0	0	0	0	0	0	0	0	0	807	807	0	0	0	0	0	0	0	0	0.343165	0.343165	0	0	0	0	0	0	0	0	1	0	0	0	0	0	0	0	0	138	138	0	0	0	0	0	0	0	0	1	0	0	0	0	0	0	0	0	111.193	111.193	0	0	0	0	0	0	0	0	1	0	0	0	0	0	0	0	0	380	380	0	0	0	0	0	0	0	0	1	0	0	0	0	0	0	0	0	0	0	0	0	0	0	0	0	0	0	0	0	0	0	0	0	0	0	0	0	0	0	0	0	0	0	0	0	0	0
149	0	0	0	0	0	0	0	0	0	776	776	0	0	0	0	0	0	0	0	0.298042	0.298042	0	0	0	0	0	0	0	0	1	0	0	0	0	0	0	0	0	115	115	0	0	0	0	0	0	0	0	1	0	0	0	0	0	0	0	0	109.706	109.706	0	0	0	0	0	0	0	0	1	0	0	0	0	0	0	0	0	374	374	0	0	0	0	0	0	0	0	1	0	0	0	0	0	0	0	0	0	0	0	0	0	0	0	0	0	0	0	0	0	0	0	0	0	0	0	0	0	0	0	0	0	0	0	0	0	0
150	0	0	0	0	0	0	0	0	0	795	795	0	0	0	0	0	0	0	0	0.293445	0.293445	0	0	0	0	0	0	0	0	1	0	0	0	0	0	0	0	0	98	98	0	0	0	0	0	0	0	0	1	0	0	0	0	0	0	0	0	109.052	109.052	0	0	0	0	0	0	0	0	1	0	0	0	0	0	0	0	0	364	364	0	0	0	0	0	0	0	0	1	0	0	0	0	0	0	0	0	0	0	0	0	0	0	0	0	0	0	0	0	0	0	0	0	0	0	0	0	0	0	0	0	0	0	0	0	0	0
151	0	0	0	0	0	0	0	0	0	798	798	0	0	0	0	0	0	0	0	0.224736	0.224736	0	0	0	0	0	0	0	0	1	0	0	0	0	0	0	0	0	78	78	0	0	0	0	0	0	0	0	1	0	0	0	0	0	0	0	0	110.114	110.114	0	0	0	0	0	0	0	0	1	0	0	0	0	0	0	0	0	370	370	0	0	0	0	0	0	0	0	1	0	0	0	0	0	0	0	0	0	0	0	0	0	0	0	0	0	0	0	0	0	0	0	0	0	0	0	0	0	0	0	0	0	0	0	0	0	0
152	0	0	0	0	0	0	0	0	0	805	805	0	0	0	0	0	0	0	0	0.189598	0.189598	0	0	0	0	0	0	0	0	1	0	0	0	0	0	0	0	0	67	67	0	0	0	0	0	0	0	0	1	0	0	0	0	0	0	0	0	111.694	111.694	0	0	0	0	0	0	0	0	1	0	0	0	0	0	0	0	0	366	366	0	0	0	0	0	0	0	0	1	0	0	0	0	0	0	0	0	0	0	0	0	0	0	0	0	0	0	0	0	0	0	0	0	0	0	0	0	0	0	0	0	0	0	0	0	0	0
153	0	0	0	0	0	0	0	0	0	790	790	0	0	0	0	0	0	0	0	0.147755	0.147755	0	0	0	0	0	0	0	0	1	0	0	0	0	0	0	0	0	52	52	0	0	0	0	0	0	0	0	1	0	0	0	0	0	0	0	0	114.774	114.774	0	0	0	0	0	0	0	0	1	0	0	0	0	0	0	0	0	356	356	0	0	0	0	0	0	0	0	1	0	0	0	0	0	0	0	0	0	0	0	0	0	0	0	0	0	0	0	0	0	0	0	0	0	0	0	0	0	0	0	0	0	0	0	0	0	0
154	0	0	0	0	0	0	0	0	0	800	800	0	0	0	0	0	0	0	0	0.122455	0.122455	0	0	0	0	0	0	0	0	1	0	0	0	0	0	0	0	0	47	47	0	0	0	0	0	0	0	0	1	0	0	0	0	0	0	0	0	117.353	117.353	0	0	0	0	0	0	0	0	1	0	0	0	0	0	0	0	0	350	350	0	0	0	0	0	0	0	0	1	0	0	0	0	0	0	0	0	0	0	0	0	0	0	0	0	0	0	0	0	0	0	0	0	0	0	0	0	0	0	0	0	0	0	0	0	0	0
155	0	0	0	0	0	0	0	0	0	767	767	0	0	0	0	0	0	0	0	0.119147	0.119147	0	0	0	0	0	0	0	0	1	0	0	0	0	0	0	0	0	43	43	0	0	0	0	0	0	0	0	1	0	0	0	0	0	0	0	0	118.009	118.009	0	0	0	0	0	0	0	0	1	0	0	0	0	0	0	0	0	342	342	0	0	0	0	0	0	0	0	1	0	0	0	0	0	0	0	0	0	0	0	0	0	0	0	0	0	0	0	0	0	0	0	0	0	0	0	0	0	0	0	0	0	0	0	0	0	0
156	0	0	0	0	0	0	0	0	0	767	767	0	0	0	0	0	0	0	0	0.110539	0.110539	0	0	0	0	0	0	0	0	1	0	0	0	0	0	0	0	0	37	37	0	0	0	0	0	0	0	0	1	0	0	0	0	0	0	0	0	118.04	118.04	0	0	0	0	0	0	0	0	1	0	0	0	0	0	0	0	0	325	325	0	0	0	0	0	0	0	0	1	0	0	0	0	0	0	0	0	0	0	0	0	0	0	0	0	0	0	0	0	0	0	0	0	0	0	0	0	0	0	0	0	0	0	0	0	0	0
157	0	0	0	0	0	0	0	0	0	794	794	0	0	0	0	0	0	0	0	0.0871781	0.0871781	0	0	0	0	0	0	0	0	1	0	0	0	0	0	0	0	0	30	30	0	0	0	0	0	0	0	0	1	0	0	0	0	0	0	0	0	119.053	119.053	0	0	0	0	0	0	0	0	1	0	0	0	0	0	0	0	0	314	314	0	0	0	0	0	0	0	0	1	0	0	0	0	0	0	0	0	0	0	0	0	0	0	0	0	0	0	0	0	0	0	0	0	0	0	0	0	0	0	0	0	0	0	0	0	0	0
158	0	0	0	0	0	0	0	0	0	769	769	0	0	0	0	0	0	0	0	0.0712393	0.0712393	0	0	0	0	0	0	0	0	1	0	0	0	0	0	0	0	0	23	23	0	0	0	0	0	0	0	0	1	0	0	0	0	0	0	0	0	116.613	116.613	0	0	0	0	0	0	0	0	1	0	0	0	0	0	0	0	0	301	301	0	0	0	0	0	0	0	0	1	0	0	0	0	0	0	0	0	0	0	0	0	0	0	0	0	0	0	0	0	0	0	0	0	0	0	0	0	0	0	0	0	0	0	0	0	0	0
159	0	0	0	0	0	0	0	0	0	782	782	0	0	0	0	0	0	0	0	0.0659612	0.0659612	0	0	0	0	0	0	0	0	1	0	0	0	0	0	0	0	0	19	19	0	0	0	0	0	0	0	0	1	0	0	0	0	0	0	0	0	118.025	118.025	0	0	0	0	0	0	0	0	1	0	0	0	0	0	0	0	0	288	288	0	0	0	0	0	0	0	0	1	0	0	0	0	0	0	0	0	0	0	0	0	0	0	0	0	0	0	0	0	0	0	0	0	0	0	0	0	0	0	0	0	0	0	0	0	0	0
160	0	0	0	0	0	0	0	0	0	808	808	0	0	0	0	0	0	0	0	0.053643	0.053643	0	0	0	0	0	0	0	0	1	0	0	0	0	0	0	0	0	13	13	0	0	0	0	0	0	0	0	1	0	0	0	0	0	0	0	0	120.457	120.457	0	0	0	0	0	0	0	0	1	0	0	0	0	0	0	0	0	281	281	0	0	0	0	0	0	0	0	1	0	0	0	0	0	0	0	0	0	0	0	0	0	0	0	0	0	0	0	0	0	0	0	0	0	0	0	0	0	0	0	0	0	0	0	0	0	0
161	0	0	0	0	0	0	0	0	0	776	776	0	0	0	0	0	0	0	0	0.0466196	0.0466196	0	0	0	0	0	0	0	0	1	0	0	0	0	0	0	0	0	11	11	0	0	0	0	0	0	0	0	1	0	0	0	0	0	0	0	0	116.589	116.589	0	0	0	0	0	0	0	0	1	0	0	0	0	0	0	0	0	273	273	0	0	0	0	0	0	0	0	1	0	0	0	0	0	0	0	0	0	0	0	0	0	0	0	0	0	0	0	0	0	0	0	0	0	0	0	0	0	0	0	0	0	0	0	0	0	0
162	0	0	0	0	0	0	0	0	0	770	770	0	0	0	0	0	0	0	0	0.0300008	0.0300008	0	0	0	0	0	0	0	0	1	0	0	0	0	0	0	0	0	8	8	0	0	0	0	0	0	0	0	1	0	0	0	0	0	0	0	0	117.661	117.661	0	0	0	0	0	0	0	0	1	0	0	0	0	0	0	0	0	260	260	0	0	0	0	0	0	0	0	1	0	0	0	0	0	0	0	0	0	0	0	0	0	0	0	0	0	0	0	0	0	0	0	0	0	0	0	0	0	0	0	0	0	0	0	0	0	0
163	0	0	0	0	0	0	0	0	0	768	768	0	0	0	0	0	0	0	0	0.025856	0.025856	0	0	0	0	0	0	0	0	1	0	0	0	0	0	0	0	0	7	7	0	0	0	0	0	0	0	0	1	0	0	0	0	0	0	0	0	116.888	116.888	0	0	0	0	0	0	0	0	1	0	0	0	0	0	0	0	0	250	250	0	0	0	0	0	0	0	0	1	0	0	0	0	0	0	0	0	0	0	0	0	0	0	0	0	0	0	0	0	0	0	0	0	0	0	0	0	0	0	0	0	0	0	0	0	0	0
164	0	0	0	0	0	0	0	0	0	742	742	0	0	0	0	0	0	0	0	0.0290441	0.0290441	0	0	0	0	0	0	0	0	1	0	0	0	0	0	0	0	0	7	7	0	0	0	0	0	0	0	0	1	0	0	0	0	0	0	0	0	111.19	111.19	0	0	0	0	0	0	0	0	1	0	0	0	0	0	0	0	0	231	231	0	0	0	0	0	0	0	0	1	0	0	0	0	0	0	0	0	0	0	0	0	0	0	0	0	0	0	0	0	0	0	0	0	0	0	0	0	0	0	0	0	0	0	0	0	0	0
165	0	0	0	0	0	0	0	0	0	749	749	0	0	0	0	0	0	0	0	0.0251419	0.0251419	0	0	0	0	0	0	0	0	1	0	0	0	0	0	0	0	0	6	6	0	0	0	0	0	0	0	0	1	0	0	0	0	0	0	0	0	107.82	107.82	0	0	0	0	0	0	0	0	1	0	0	0	0	0	0	0	0	215	215	0	0	0	0	0	0	0	0	1	0	0	0	0	0	0	0	0	0	0	0	0	0	0	0	0	0	0	0	0	0	0	0	0	0	0	0	0	0	0	0	0	0	0	0	0	0	0
166	0	0	0	0	0	0	0	0	0	728	728	0	0	0	0	0	0	0	0	0.0294034	0.0294034	0	0	0	0	0	0	0	0	1	0	0	0	0	0	0	0	0	6	6	0	0	0	0	0	0	0	0	1	0	0	0	0	0	0	0	0	102.818	102.818	0	0	0	0	0	0	0	0	1	0	0	0	0	0	0	0	0	201	201	0	0	0	0	0	0	0	0	1	0	0	0	0	0	0	0	0	0	0	0	0	0	0	0	0	0	0	0	0	0	0	0	0	0	0	0	0	0	0	0	0	0	0	0	0	0	0
167	0	0	0	0	0	0	0	0	0	764	764	0	0	0	0	0	0	0	0	0.0146484	0.0146484	0	0	0	0	0	0	0	0	1	0	0	0	0	0	0	0	0	3	3	0	0	0	0	0	0	0	0	1	0	0	0	0	0	0	0	0	102.835	102.835	0	0	0	0	0	0	0	0	1	0	0	0	0	0	0	0	0	190	190	0	0	0	0	0	0	0	0	1	0	0	0	0	0	0	0	0	0	0	0	0	0	0	0	0	0	0	0	0	0	0	0	0	0	0	0	0	0	0	0	0	0	0	0	0	0	0
168	0	0	0	0	0	0	0	0	0	770	770	0	0	0	0	0	0	0	0	0.00741904	0.00741904	0	0	0	0	0	0	0	0	1	0	0	0	0	0	0	0	0	2	2	0	0	0	0	0	0	0	0	1	0	0	0	0	0	0	0	0	99.4422	99.4422	0	0	0	0	0	0	0	0	1	0	0	0	0	0	0	0	0	186	186	0	0	0	0	0	0	0	0	1	0	0	0	0	0	0	0	0	0	0	0	0	0	0	0	0	0	0	0	0	0	0	0	0	0	0	0	0	0	0	0	0	0	0	0	0	0	0
169	0	0	0	0	0	0	0	0	0	790	790	0	0	0	0	0	0	0	0	0.00909366	0.00909366	0	0	0	0	0	0	0	0	1	0	0	0	0	0	0	0	0	10	10	0	0	0	0	0	0	0	0	1	0	0	0	0	0	0	0	0	100.95	100.95	0	0	0	0	0	0	0	0	1	0	0	0	0	0	0	0	0	182	182	0	0	0	0	0	0	0	0	1	0	0	0	0	0	0	0	0	0	0	0	0	0	0	0	0	0	0	0	0	0	0	0	0	0	0	0	0	0	0	0	0	0	0	0	0	0	0
170	0	0	0	0	0	0	0	0	0	776	776	0	0	0	0	0	0	0	0	0.0124953	0.0124953	0	0	0	0	0	0	0	0	1	0	0	0	0	0	0	0	0	22	22	0	0	0	0	0	0	0	0	1	0	0	0	0	0	0	0	0	100.11	100.11	0	0	0	0	0	0	0	0	1	0	0	0	0	0	0	0	0	175	175	0	0	0	0	0	0	0	0	1	0	0	0	0	0	0	0	0	0	0	0	0	0	0	0	0	0	0	0	0	0	0	0	0	0	0	0	0	0	0	0	0	0	0	0	0	0	0
171	0	0	0	0	0	0	0	0	0	816	816	0	0	0	0	0	0	0	0	0.0297702	0.0297702	0	0	0	0	0	0	0	0	1	0	0	0	0	0	0	0	0	38	38	0	0	0	0	0	0	0	0	1	0	0	0	0	0	0	0	0	100.535	100.535	0	0	0	0	0	0	0	0	1	0	0	0	0	0	0	0	0	170	170	0	0	0	0	0	0	0	0	1	0	0	0	0	0	0	0	0	0	0	0	0	0	0	0	0	0	0	0	0	0	0	0	0	0	0	0	0	0	0	0	0	0	0	0	0	0	0
172	0	0	0	0	0	0	0	0	0	817	817	0	0	0	0	0	0	0	0	0.0546734	0.0546734	0	0	0	0	0	0	0	0	1	0	0	0	0	0	0	0	0	45	45	0	0	0	0	0	0	0	0	1	0	0	0	0	0	0	0	0	96.5417	96.5417	0	0	0	0	0	0	0	0	1	0	0	0	0	0	0	0	0	166	166	0	0	0	0	0	0	0	0	1	0	0	0	0	0	0	0	0	0	0	0	0	0	0	0	0	0	0	0	0	0	0	0	0	0	0	0	0	0	0	0	0	0	0	0	0	0	0
173	0	0	0	0	0	0	0	0	0	790	790	0	0	0	0	0	0	0	0	0.0726231	0.0726231	0	0	0	0	0	0	0	0	1	0	0	0	0	0	0	0	0	52	52	0	0	0	0	0	0	0	0	1	0	0	0	0	0	0	0	0	92.1651	92.1651	0	0	0	0	0	0	0	0	1	0	0	0	0	0	0	0	0	159	159	0	0	0	0	0	0	0	0	1	0	0	0	0	0	0	0	0	0	0	0	0	0	0	0	0	0	0	0	0	0	0	0	0	0	0	0	0	0	0	0	0	0	0	0	0	0	0
174	0	0	0	0	0	0	0	0	0	817	817	0	0	0	0	0	0	0	0	0.0823503	0.0823503	0	0	0	0	0	0	0	0	1	0	0	0	0	0	0	0	0	57	57	0	0	0	0	0	0	0	0	1	0	0	0	0	0	0	0	0	92.8631	92.8631	0	0	0	0	0	0	0	0	1	0	0	0	0	0	0	0	0	160	160	0	0	0	0	0	0	0	0	1	0	0	0	0	0	0	0	0	0	0	0	0	0	0	0	0	0	0	0	0	0	0	0	0	0	0	0	0	0	0	0	0	0	0	0	0	0	0
175	0	0	0	0	0	0	0	0	0	800	800	0	0	0	0	0	0	0	0	0.106168	0.106168	0	0	0	0	0	0	0	0	1	0	0	0	0	0	0	0	0	68	68	0	0	0	0	0	0	0	0	1	0	0	0	0	0	0	0	0	92.3967	92.3967	0	0	0	0	0	0	0	0	1	0	0	0	0	0	0	0	0	162	162	0	0	0	0	0	0	0	0	1	0	0	0	0	0	0	0	0	0	0	0	0	0	0	0	0	0	0	0	0	0	0	0	0	0	0	0	0	0	0	0	0	0	0	0	0	0	0
176	0	0	0	0	0	0	0	0	0	795	795	0	0	0	0	0	0	0	0	0.0979547	0.0979547	0	0	0	0	0	0	0	0	1	0	0	0	0	0	0	0	0	75	75	0	0	0	0	0	0	0	0	1	0	0	0	0	0	0	0	0	90.3107	90.3107	0	0	0	0	0	0	0	0	1	0	0	0	0	0	0	0	0	165	165	0	0	0	0	0	0	0	0	1	0	0	0	0	0	0	0	0	0	0	0	0	0	0	0	0	0	0	0	0	0	0	0	0	0	0	0	0	0	0	0	0	0	0	0	0	0	0
177	0	0	0	0	0	0	0	0	0	799	799	0	0	0	0	0	0	0	0	0.110121	0.110121	0	0	0	0	0	0	0	0	1	0	0	0	0	0	0	0	0	86	86	0	0	0	0	0	0	0	0	1	0	0	0	0	0	0	0	0	89.6135	89.6135	0	0	0	0	0	0	0	0	1	0	0	0	0	0	0	0	0	165	165	0	0	0	0	0	0	0	0	1	0	0	0	0	0	0	0	0	0	0	0	0	0	0	0	0	0	0	0	0	0	0	0	0	0	0	0	0	0	0	0	0	0	0	0	0	0	0
178	0	0	0	0	0	0	0	0	0	808	808	0	0	0	0	0	0	0	0	0.125453	0.125453	0	0	0	0	0	0	0	0	1	0	0	0	0	0	0	0	0	89	89	0	0	0	0	0	0	0	0	1	0	0	0	0	0	0	0	0	89.5365	89.5365	0	0	0	0	0	0	0	0	1	0	0	0	0	0	0	0	0	164	164	0	0	0	0	0	0	0	0	1	0	0	0	0	0	0	0	0	0	0	0	0	0	0	0	0	0	0	0	0	0	0	0	0	0	0	0	0	0	0	0	0	0	0	0	0	0	0
179	0	0	0	0	0	0	0	0	0	795	795	0	0	0	0	0	0	0	0	0.15772	0.15772	0	0	0	0	0	0	0	0	1	0	0	0	0	0	0	0	0	97	97	0	0	0	0	0	0	0	0	1	0	0	0	0	0	0	0	0	88.5072	88.5072	0	0	0	0	0	0	0	0	1	0	0	0	0	0	0	0	0	169	169	0	0	0	0	0	0	0	0	1	0	0	0	0	0	0	0	0	0	0	0	0	0	0	0	0	0	0	0	0	0	0	0	0	0	0	0	0	0	0	0	0	0	0	0	0	0	0
180	0	0	0	0	0	0	0	0	0	831	831	0	0	0	0	0	0	0	0	0.127941	0.127941	0	0	0	0	0	0	0	0	1	0	0	0	0	0	0	0	0	107	107	0	0	0	0	0	0	0	0	1	0	0	0	0	0	0	0	0	89.3763	89.3763	0	0	0	0	0	0	0	0	1	0	0	0	0	0	0	0	0	180	180	0	0	0	0	0	0	0	0	1	0	0	0	0	0	0	0	0	0	0	0	0	0	0	0	0	0	0	0	0	0	0	0	0	0	0	0	0	0	0	0	0	0	0	0	0	0	0
181	0	0	0	0	0	0	0	0	0	833	833	0	0	0	0	0	0	0	0	0.166479	0.166479	0	0	0	0	0	0	0	0	1	0	0	0	0	0	0	0	0	120	120	0	0	0	0	0	0	0	0	1	0	0	0	0	0	0	0	0	89.0315	89.0315	0	0	0	0	0	0	0	0	1	0	0	0	0	0	0	0	0	181	181	0	0	0	0	0	0	0	0	1	0	0	0	0	0	0	0	0	0	0	0	0	0	0	0	0	0	0	0	0	0	0	0	0	0	0	0	0	0	0	0	0	0	0	0	0	0	0
182	0	0	0	0	0	0	0	0	0	867	867	0	0	0	0	0	0	0	0	0.208194	0.208194	0	0	0	0	0	0	0	0	1	0	0	0	0	0	0	0	0	135	135	0	0	0	0	0	0	0	0	1	0	0	0	0	0	0	0	0	88.4293	88.4293	0	0	0	0	0	0	0	0	1	0	0	0	0	0	0	0	0	185	185	0	0	0	0	0	0	0	0	1	0	0	0	0	0	0	0	0	0	0	0	0	0	0	0	0	0	0	0	0	0	0	0	0	0	0	0	0	0	0	0	0	0	0	0	0	0	0
183	0	0	0	0	0	0	0	0	0	867	867	0	0	0	0	0	0	0	0	0.198552	0.198552	0	0	0	0	0	0	0	0	1	0	0	0	0	0	0	0	0	145	145	0	0	0	0	0	0	0	0	1	0	0	0	0	0	0	0	0	85.9148	85.9148	0	0	0	0	0	0	0	0	1	0	0	0	0	0	0	0	0	194	194	0	0	0	0	0	0	0	0	1	0	0	0	0	0	0	0	0	0	0	0	0	0	0	0	0	0	0	0	0	0	0	0	0	0	0	0	0	0	0	0	0	0	0	0	0	0	0
184	0	0	0	0	0	0	0	0	0	855	855	0	0	0	0	0	0	0	0	0.214219	0.214219	0	0	0	0	0	0	0	0	1	0	0	0	0	0	0	0	0	159	159	0	0	0	0	0	0	0	0	1	0	0	0	0	0	0	0	0	84.4308	84.4308	0	0	0	0	0	0	0	0	1	0	0	0	0	0	0	0	0	202	202	0	0	0	0	0	0	0	0	1	0	0	0	0	0	0	0	0	0	0	0	0	0	0	0	0	0	0	0	0	0	0	0	0	0	0	0	0	0	0	0	0	0	0	0	0	0	0
185	0	0	0	0	0	0	0	0	0	871	871	0	0	0	0	0	0	0	0	0.246404	0.246404	0	0	0	0	0	0	0	0	1	0	0	0	0	0	0	0	0	181	181	0	0	0	0	0	0	0	0	1	0	0	0	0	0	0	0	0	83.881	83.881	0	0	0	0	0	0	0	0	1	0	0	0	0	0	0	0	0	209	209	0	0	0	0	0	0	0	0	1	0	0	0	0	0	0	0	0	0	0	0	0	0	0	0	0	0	0	0	0	0	0	0	0	0	0	0	0	0	0	0	0	0	0	0	0	0	0
186	0	0	0	0	0	0	0	0	0	867	867	0	0	0	0	0	0	0	0	0.298209	0.298209	0	0	0	0	0	0	0	0	1	0	0	0	0	0	0	0	0	211	211	0	0	0	0	0	0	0	0	1	0	0	0	0	0	0	0	0	84.7423	84.7423	0	0	0	0	0	0	0	0	1	0	0	0	0	0	0	0	0	214	214	0	0	0	0	0	0	0	0	1	0	0	0	0	0	0	0	0	0	0	0	0	0	0	0	0	0	0	0	0	0	0	0	0	0	0	0	0	0	0	0	0	0	0	0	0	0	0
187	0	0	0	0	0	0	0	0	0	844	844	0	0	0	0	0	0	0	0	0.378441	0.378441	0	0	0	0	0	0	0	0	1	0	0	0	0	0	0	0	0	226	226	0	0	0	0	0	0	0	0	1	0	0	0	0	0	0	0	0	86.7644	86.7644	0	0	0	0	0	0	0	0	1	0	0	0	0	0	0	0	0	226	226	0	0	0	0	0	0	0	0	1	0	0	0	0	0	0	0	0	0	0	0	0	0	0	0	0	0	0	0	0	0	0	0	0	0	0	0	0	0	0	0	0	0	0	0	0	0	0
188	0	0	0	0	0	0	0	0	0	832	832	0	0	0	0	0	0	0	0	0.352634	0.352634	0	0	0	0	0	0	0	0	1	0	0	0	0	0	0	0	0	228	228	0	0	0	0	0	0	0	0	1	0	0	0	0	0	0	0	0	87.9415	87.9415	0	0	0	0	0	0	0	0	1	0	0	0	0	0	0	0	0	247	247	0	0	0	0	0	0	0	0	1	0	0	0	0	0	0	0	0	0	0	0	0	0	0	0	0	0	0	0	0	0	0	0	0	0	0	0	0	0	0	0	0	0	0	0	0	0	0
189	0	0	0	0	0	0	0	0	0	819	819	0	0	0	0	0	0	0	0	0.360546	0.360546	0	0	0	0	0	0	0	0	1	0	0	0	0	0	0	0	0	231	231	0	0	0	0	0	0	0	0	1	0	0	0	0	0	0	0	0	86.9208	86.9208	0	0	0	0	0	0	0	0	1	0	0	0	0	0	0	0	0	262	262	0	0	0	0	0	0	0	0	1	0	0	0	0	0	0	0	0	0	0	0	0	0	0	0	0	0	0	0	0	0	0	0	0	0	0	0	0	0	0	0	0	0	0	0	0	0	0
190	0	0	0	0	0	0	0	0	0	802	802	0	0	0	0	0	0	0	0	0.422165	0.422165	0	0	0	0	0	0	0	0	1	0	0	0	0	0	0	0	0	232	232	0	0	0	0	0	0	0	0	1	0	0	0	0	0	0	0	0	86.8328	86.8328	0	0	0	0	0	0	0	0	1	0	0	0	0	0	0	0	0	273	273	0	0	0	0	0	0	0	0	1	0	0	0	0	0	0	0	0	0	0	0	0	0	0	0	0	0	0	0	0	0	0	0	0	0	0	0	0	0	0	0	0	0	0	0	0	0	0
191	0	0	0	0	0	0	0	0	0	778	778	0	0	0	0	0	0	0	0	0.469428	0.469428	0	0	0	0	0	0	0	0	1	0	0	0	0	0	0	0	0	232	232	0	0	0	0	0	0	0	0	1	0	0	0	0	0	0	0	0	85.7647	85.7647	0	0	0	0	0	0	0	0	1	0	0	0	0	0	0	0	0	284	284	0	0	0	0	0	0	0	0	1	0	0	0	0	0	0	0	0	0	0	0	0	0	0	0	0	0	0	0	0	0	0	0	0	0	0	0	0	0	0	0	0	0	0	0	0	0	0
192	0	0	0	0	0	0	0	0	0	789	789	0	0	0	0	0	0	0	0	0.478899	0.478899	0	0	0	0	0	0	0	0	1	0	0	0	0	0	0	0	0	227	227	0	0	0	0	0	0	0	0	1	0	0	0	0	0	0	0	0	87.5548	87.5548	0	0	0	0	0	0	0	0	1	0	0	0	0	0	0	0	0	297	297	0	0	0	0	0	0	0	0	1	0	0	0	0	0	0	0	0	0	0	0	0	0	0	0	0	0	0	0	0	0	0	0	0	0	0	0	0	0	0	0	0	0	0	0	0	0	0
193	0	0	0	0	0	0	0	0	0	788	788	0	0	0	0	0	0	0	0	0.427296	0.427296	0	0	0	0	0	0	0	0	1	0	0	0	0	0	0	0	0	206	206	0	0	0	0	0	0	0	0	1	0	0	0	0	0	0	0	0	90.6357	90.6357	0	0	0	0	0	0	0	0	1	0	0	0	0	0	0	0	0	310	310	0	0	0	0	0	0	0	0	1	0	0	0	0	0	0	0	0	0	0	0	0	0	0	0	0	0	0	0	0	0	0	0	0	0	0	0	0	0	0	0	0	0	0	0	0	0	0
194	0	0	0	0	0	0	0	0	0	739	739	0	0	0	0	0	0	0	0	0.398955	0.398955	0	0	0	0	0	0	0	0	1	0	0	0	0	0	0	0	0	198	198	0	0	0	0	0	0	0	0	1	0	0	0	0	0	0	0	0	90.086	90.086	0	0	0	0	0	0	0	0	1	0	0	0	0	0	0	0	0	321	321	0	0	0	0	0	0	0	0	1	0	0	0	0	0	0	0	0	0	0	0	0	0	0	0	0	0	0	0	0	0	0	0	0	0	0	0	0	0	0	0	0	0	0	0	0	0	0
195	0	0	0	0	0	0	0	0	0	740	740	0	0	0	0	0	0	0	0	0.420064	0.420064	0	0	0	0	0	0	0	0	1	0	0	0	0	0	0	0	0	194	194	0	0	0	0	0	0	0	0	1	0	0	0	0	0	0	0	0	92.864	92.864	0	0	0	0	0	0	0	0	1	0	0	0	0	0	0	0	0	321	321	0	0	0	0	0	0	0	0	1	0	0	0	0	0	0	0	0	0	0	0	0	0	0	0	0	0	0	0	0	0	0	0	0	0	0	0	0	0	0	0	0	0	0	0	0	0	0
196	0	0	0	0	0	0	0	0	0	713	713	0	0	0	0	0	0	0	0	0.359397	0.359397	0	0	0	0	0	0	0	0	1	0	0	0	0	0	0	0	0	173	173	0	0	0	0	0	0	0	0	1	0	0	0	0	0	0	0	0	90.0286	90.0286	0	0	0	0	0	0	0	0	1	0	0	0	0	0	0	0	0	325	325	0	0	0	0	0	0	0	0	1	0	0	0	0	0	0	0	0	0	0	0	0	0	0	0	0	0	0	0	0	0	0	0	0	0	0	0	0	0	0	0	0	0	0	0	0	0	0
197	0	0	0	0	0	0	0	0	0	740	740	0	0	0	0	0	0	0	0	0.291495	0.291495	0	0	0	0	0	0	0	0	1	0	0	0	0	0	0	0	0	150	150	0	0	0	0	0	0	0	0	1	0	0	0	0	0	0	0	0	91.685	91.685	0	0	0	0	0	0	0	0	1	0	0	0	0	0	0	0	0	331	331	0	0	0	0	0	0	0	0	1	0	0	0	0	0	0	0	0	0	0	0	0	0	0	0	0	0	0	0	0	0	0	0	0	0	0	0	0	0	0	0	0	0	0	0	0	0	0
198	0	0	0	0	0	0	0	0	0	767	767	0	0	0	0	0	0	0	0	0.3425	0.3425	0	0	0	0	0	0	0	0	1	0	0	0	0	0	0	0	0	153	153	0	0	0	0	0	0	0	0	1	0	0	0	0	0	0	0	0	93.9021	93.9021	0	0	0	0	0	0	0	0	1	0	0	0	0	0	0	0	0	319	319	0	0	0	0	0	0	0	0	1	0	0	0	0	0	0	0	0	0	0	0	0	0	0	0	0	0	0	0	0	0	0	0	0	0	0	0	0	0	0	0	0	0	0	0	0	0	0
199	0	0	0	0	0	0	0	0	0	770	770	0	0	0	0	0	0	0	0	0.312217	0.312217	0	0	0	0	0	0	0	0	1	0	0	0	0	0	0	0	0	144	144	0	0	0	0	0	0	0	0	1	0	0	0	0	0	0	0	0	95.4704	95.4704	0	0	0	0	0	0	0	0	1	0	0	0	0	0	0	0	0	329	329	0	0	0	0	0	0	0	0	1	0	0	0	0	0	0	0	0	0	0	0	0	0	0	0	0	0	0	0	0	0	0	0	0	0	0	0	0	0	0	0	0	0	0	0	0	0	0
200	0	0	0	0	0	0	0	0	0	764	764	0	0	0	0	0	0	0	0	0.308541	0.308541	0	0	0	0	0	0	0	0	1	0	0	0	0	0	0	0	0	145	145	0	0	0	0	0	0	0	0	1	0	0	0	0	0	0	0	0	99.4173	99.4173	0	0	0	0	0	0	0	0	1	0	0	0	0	0	0	0	0	334	334	0	0	0	0	0	0	0	0	1	0	0	0	0	0	0	0	0	0	0	0	0	0	0	0	0	0	0	0	0	0	0	0	0	0	0	0	0	0	0	0	0	0	0	0	0	0	0
