Location: Fake forest
From parameter file: C:\Users\ben\Desktop\inputs\input_GMF_0-0-0-0-0-0-0-0-1.xml
Basal area is normalized to m^2/ha; density to #/ha.
Subplots:
0 = Whole plot
Step	Subplot	Sdl Abs Den: ACRU	Sdl Abs Den: ACSA	Sdl Abs Den: BEAL	Sdl Abs Den: FAGR	Sdl Abs Den: TSCA	Sdl Abs Den: FRAM	Sdl Abs Den: PIST	Sdl Abs Den: PRSE	Sdl Abs Den: QURU	Sdl Den Total:	Sapl Abs BA: ACRU	Sapl Abs BA: ACSA	Sapl Abs BA: BEAL	Sapl Abs BA: FAGR	Sapl Abs BA: TSCA	Sapl Abs BA: FRAM	Sapl Abs BA: PIST	Sapl Abs BA: PRSE	Sapl Abs BA: QURU	Sapl BA Total:	Sapl Rel BA: ACRU	Sapl Rel BA: ACSA	Sapl Rel BA: BEAL	Sapl Rel BA: FAGR	Sapl Rel BA: TSCA	Sapl Rel BA: FRAM	Sapl Rel BA: PIST	Sapl Rel BA: PRSE	Sapl Rel BA: QURU	Sapl Abs Den: ACRU	Sapl Abs Den: ACSA	Sapl Abs Den: BEAL	Sapl Abs Den: FAGR	Sapl Abs Den: TSCA	Sapl Abs Den: FRAM	Sapl Abs Den: PIST	Sapl Abs Den: PRSE	Sapl Abs Den: QURU	Sapl Den Total:	Sapl Rel Den: ACRU	Sapl Rel Den: ACSA	Sapl Rel Den: BEAL	Sapl Rel Den: FAGR	Sapl Rel Den: TSCA	Sapl Rel Den: FRAM	Sapl Rel Den: PIST	Sapl Rel Den: PRSE	Sapl Rel Den: QURU	Adult Abs BA: ACRU	Adult Abs BA: ACSA	Adult Abs BA: BEAL	Adult Abs BA: FAGR	Adult Abs BA: TSCA	Adult Abs BA: FRAM	Adult Abs BA: PIST	Adult Abs BA: PRSE	Adult Abs BA: QURU	Adult BA Total:	Adult Rel BA: ACRU	Adult Rel BA: ACSA	Adult Rel BA: BEAL	Adult Rel BA: FAGR	Adult Rel BA: TSCA	Adult Rel BA: FRAM	Adult Rel BA: PIST	Adult Rel BA: PRSE	Adult Rel BA: QURU	Adult Abs Den: ACRU	Adult Abs Den: ACSA	Adult Abs Den: BEAL	Adult Abs Den: FAGR	Adult Abs Den: TSCA	Adult Abs Den: FRAM	Adult Abs Den: PIST	Adult Abs Den: PRSE	Adult Abs Den: QURU	Adult Den Total:	Adult Rel Den: ACRU	Adult Rel Den: ACSA	Adult Rel Den: BEAL	Adult Rel Den: FAGR	Adult Rel Den: TSCA	Adult Rel Den: FRAM	Adult Rel Den: PIST	Adult Rel Den: PRSE	Adult Rel Den: QURU	Snag Abs BA: ACRU	Snag Abs BA: ACSA	Snag Abs BA: BEAL	Snag Abs BA: FAGR	Snag Abs BA: TSCA	Snag Abs BA: FRAM	Snag Abs BA: PIST	Snag Abs BA: PRSE	Snag Abs BA: QURU	Snag BA Total:	Snag Rel BA: ACRU	Snag Rel BA: ACSA	Snag Rel BA: BEAL	Snag Rel BA: FAGR	Snag Rel BA: TSCA	Snag Rel BA: FRAM	Snag Rel BA: PIST	Snag Rel BA: PRSE	Snag Rel BA: QURU	Snag Abs Den: ACRU	Snag Abs Den: ACSA	Snag Abs Den: BEAL	Snag Abs Den: FAGR	Snag Abs Den: TSCA	Snag Abs Den: FRAM	Snag Abs Den: PIST	Snag Abs Den: PRSE	Snag Abs Den: QURU	Snag Den Total:	Snag Rel Den: ACRU	Snag Rel Den: ACSA	Snag Rel Den: BEAL	Snag Rel Den: FAGR	Snag Rel Den: TSCA	Snag Rel Den: FRAM	Snag Rel Den: PIST	Snag Rel Den: PRSE	Snag Rel Den: QURU
0	0	0	0	0	0	0	0	0	0	0	0	0	0	0	0	0	0	0	0	0.000741348	0.000741348	0	0	0	0	0	0	0	0	1	0	0	0	0	0	0	0	0	25	25	0	0	0	0	0	0	0	0	1	0	0	0	0	0	0	0	0	0	0	0	0	0	0	0	0	0	0	0	0	0	0	0	0	0	0	0	0	0	0	0	0	0	0	0	0	0	0	0	0	0	0	0	0	0	0	0	0	0	0	0	0	0	0	0	0	0	0	0	0	0	0	0	0	0	0	0	0	0	0	0	0	0	0	0	0
1	0	0	0	0	0	0	0	0	0	0	0	0	0	0	0	0	0	0	0	0.0061734	0.0061734	0	0	0	0	0	0	0	0	1	0	0	0	0	0	0	0	0	24	24	0	0	0	0	0	0	0	0	1	0	0	0	0	0	0	0	0	0	0	0	0	0	0	0	0	0	0	0	0	0	0	0	0	0	0	0	0	0	0	0	0	0	0	0	0	0	0	0	0	0	0	0	0	0	0	0	0	0	0	0	0	0	0	0	0	0	0	0	0	0	0	0	0	0	0	0	0	0	0	0	0	0	0	0	0
2	0	0	0	0	0	0	0	0	0	0	0	0	0	0	0	0	0	0	0	0.0461161	0.0461161	0	0	0	0	0	0	0	0	1	0	0	0	0	0	0	0	0	21	21	0	0	0	0	0	0	0	0	1	0	0	0	0	0	0	0	0	0	0	0	0	0	0	0	0	0	0	0	0	0	0	0	0	0	0	0	0	0	0	0	0	0	0	0	0	0	0	0	0	0	0	0	0	0	0	0	0	0	0	0	0	0	0	0	0	0	0	0	0	0	0	0	0	0	0	0	0	0	0	0	0	0	0	0	0
3	0	0	0	0	0	0	0	0	0	0	0	0	0	0	0	0	0	0	0	0.0259921	0.0259921	0	0	0	0	0	0	0	0	1	0	0	0	0	0	0	0	0	6	6	0	0	0	0	0	0	0	0	1	0	0	0	0	0	0	0	0	0.361706	0.361706	0	0	0	0	0	0	0	0	1	0	0	0	0	0	0	0	0	15	15	0	0	0	0	0	0	0	0	1	0	0	0	0	0	0	0	0	0	0	0	0	0	0	0	0	0	0	0	0	0	0	0	0	0	0	0	0	0	0	0	0	0	0	0	0	0	0
4	0	0	0	0	0	0	0	0	0	12	12	0	0	0	0	0	0	0	0	0	0	0	0	0	0	0	0	0	0	0	0	0	0	0	0	0	0	0	0	0	0	0	0	0	0	0	0	0	0	0	0	0	0	0	0	0	0	1.05016	1.05016	0	0	0	0	0	0	0	0	1	0	0	0	0	0	0	0	0	21	21	0	0	0	0	0	0	0	0	1	0	0	0	0	0	0	0	0	0	0	0	0	0	0	0	0	0	0	0	0	0	0	0	0	0	0	0	0	0	0	0	0	0	0	0	0	0	0
5	0	0	0	0	0	0	0	0	0	17	17	0	0	0	0	0	0	0	0	0	0	0	0	0	0	0	0	0	0	0	0	0	0	0	0	0	0	0	0	0	0	0	0	0	0	0	0	0	0	0	0	0	0	0	0	0	0	1.53637	1.53637	0	0	0	0	0	0	0	0	1	0	0	0	0	0	0	0	0	20	20	0	0	0	0	0	0	0	0	1	0	0	0	0	0	0	0	0	0	0	0	0	0	0	0	0	0	0	0	0	0	0	0	0	0	0	0	0	0	0	0	0	0	0	0	0	0	0
6	0	0	0	0	0	0	0	0	0	14	14	0	0	0	0	0	0	0	0	0.001044	0.001044	0	0	0	0	0	0	0	0	1	0	0	0	0	0	0	0	0	9	9	0	0	0	0	0	0	0	0	1	0	0	0	0	0	0	0	0	1.76044	1.76044	0	0	0	0	0	0	0	0	1	0	0	0	0	0	0	0	0	17	17	0	0	0	0	0	0	0	0	1	0	0	0	0	0	0	0	0	0	0	0	0	0	0	0	0	0	0	0	0	0	0	0	0	0	0	0	0	0	0	0	0	0	0	0	0	0	0
7	0	0	0	0	0	0	0	0	0	23	23	0	0	0	0	0	0	0	0	0.0088764	0.0088764	0	0	0	0	0	0	0	0	1	0	0	0	0	0	0	0	0	13	13	0	0	0	0	0	0	0	0	1	0	0	0	0	0	0	0	0	1.93867	1.93867	0	0	0	0	0	0	0	0	1	0	0	0	0	0	0	0	0	15	15	0	0	0	0	0	0	0	0	1	0	0	0	0	0	0	0	0	0	0	0	0	0	0	0	0	0	0	0	0	0	0	0	0	0	0	0	0	0	0	0	0	0	0	0	0	0	0
8	0	0	0	0	0	0	0	0	0	26	26	0	0	0	0	0	0	0	0	0.047168	0.047168	0	0	0	0	0	0	0	0	1	0	0	0	0	0	0	0	0	20	20	0	0	0	0	0	0	0	0	1	0	0	0	0	0	0	0	0	2.32485	2.32485	0	0	0	0	0	0	0	0	1	0	0	0	0	0	0	0	0	17	17	0	0	0	0	0	0	0	0	1	0	0	0	0	0	0	0	0	0	0	0	0	0	0	0	0	0	0	0	0	0	0	0	0	0	0	0	0	0	0	0	0	0	0	0	0	0	0
9	0	0	0	0	0	0	0	0	0	32	32	0	0	0	0	0	0	0	0	0.0251609	0.0251609	0	0	0	0	0	0	0	0	1	0	0	0	0	0	0	0	0	22	22	0	0	0	0	0	0	0	0	1	0	0	0	0	0	0	0	0	3.04983	3.04983	0	0	0	0	0	0	0	0	1	0	0	0	0	0	0	0	0	24	24	0	0	0	0	0	0	0	0	1	0	0	0	0	0	0	0	0	0	0	0	0	0	0	0	0	0	0	0	0	0	0	0	0	0	0	0	0	0	0	0	0	0	0	0	0	0	0
10	0	0	0	0	0	0	0	0	0	45	45	0	0	0	0	0	0	0	0	0.0458393	0.0458393	0	0	0	0	0	0	0	0	1	0	0	0	0	0	0	0	0	27	27	0	0	0	0	0	0	0	0	1	0	0	0	0	0	0	0	0	3.68743	3.68743	0	0	0	0	0	0	0	0	1	0	0	0	0	0	0	0	0	28	28	0	0	0	0	0	0	0	0	1	0	0	0	0	0	0	0	0	0	0	0	0	0	0	0	0	0	0	0	0	0	0	0	0	0	0	0	0	0	0	0	0	0	0	0	0	0	0
11	0	0	0	0	0	0	0	0	0	57	57	0	0	0	0	0	0	0	0	0.0563924	0.0563924	0	0	0	0	0	0	0	0	1	0	0	0	0	0	0	0	0	37	37	0	0	0	0	0	0	0	0	1	0	0	0	0	0	0	0	0	4.72283	4.72283	0	0	0	0	0	0	0	0	1	0	0	0	0	0	0	0	0	35	35	0	0	0	0	0	0	0	0	1	0	0	0	0	0	0	0	0	0	0	0	0	0	0	0	0	0	0	0	0	0	0	0	0	0	0	0	0	0	0	0	0	0	0	0	0	0	0
12	0	0	0	0	0	0	0	0	0	61	61	0	0	0	0	0	0	0	0	0.0838077	0.0838077	0	0	0	0	0	0	0	0	1	0	0	0	0	0	0	0	0	49	49	0	0	0	0	0	0	0	0	1	0	0	0	0	0	0	0	0	5.34044	5.34044	0	0	0	0	0	0	0	0	1	0	0	0	0	0	0	0	0	37	37	0	0	0	0	0	0	0	0	1	0	0	0	0	0	0	0	0	0	0	0	0	0	0	0	0	0	0	0	0	0	0	0	0	0	0	0	0	0	0	0	0	0	0	0	0	0	0
13	0	0	0	0	0	0	0	0	0	68	68	0	0	0	0	0	0	0	0	0.119971	0.119971	0	0	0	0	0	0	0	0	1	0	0	0	0	0	0	0	0	64	64	0	0	0	0	0	0	0	0	1	0	0	0	0	0	0	0	0	6.27309	6.27309	0	0	0	0	0	0	0	0	1	0	0	0	0	0	0	0	0	45	45	0	0	0	0	0	0	0	0	1	0	0	0	0	0	0	0	0	0	0	0	0	0	0	0	0	0	0	0	0	0	0	0	0	0	0	0	0	0	0	0	0	0	0	0	0	0	0
14	0	0	0	0	0	0	0	0	0	100	100	0	0	0	0	0	0	0	0	0.119054	0.119054	0	0	0	0	0	0	0	0	1	0	0	0	0	0	0	0	0	65	65	0	0	0	0	0	0	0	0	1	0	0	0	0	0	0	0	0	8.09346	8.09346	0	0	0	0	0	0	0	0	1	0	0	0	0	0	0	0	0	61	61	0	0	0	0	0	0	0	0	1	0	0	0	0	0	0	0	0	0	0	0	0	0	0	0	0	0	0	0	0	0	0	0	0	0	0	0	0	0	0	0	0	0	0	0	0	0	0
15	0	0	0	0	0	0	0	0	0	128	128	0	0	0	0	0	0	0	0	0.161824	0.161824	0	0	0	0	0	0	0	0	1	0	0	0	0	0	0	0	0	77	77	0	0	0	0	0	0	0	0	1	0	0	0	0	0	0	0	0	9.91312	9.91312	0	0	0	0	0	0	0	0	1	0	0	0	0	0	0	0	0	75	75	0	0	0	0	0	0	0	0	1	0	0	0	0	0	0	0	0	0	0	0	0	0	0	0	0	0	0	0	0	0	0	0	0	0	0	0	0	0	0	0	0	0	0	0	0	0	0
16	0	0	0	0	0	0	0	0	0	172	172	0	0	0	0	0	0	0	0	0.128959	0.128959	0	0	0	0	0	0	0	0	1	0	0	0	0	0	0	0	0	75	75	0	0	0	0	0	0	0	0	1	0	0	0	0	0	0	0	0	12.1907	12.1907	0	0	0	0	0	0	0	0	1	0	0	0	0	0	0	0	0	99	99	0	0	0	0	0	0	0	0	1	0	0	0	0	0	0	0	0	0	0	0	0	0	0	0	0	0	0	0	0	0	0	0	0	0	0	0	0	0	0	0	0	0	0	0	0	0	0
17	0	0	0	0	0	0	0	0	0	206	206	0	0	0	0	0	0	0	0	0.149941	0.149941	0	0	0	0	0	0	0	0	1	0	0	0	0	0	0	0	0	88	88	0	0	0	0	0	0	0	0	1	0	0	0	0	0	0	0	0	14.1583	14.1583	0	0	0	0	0	0	0	0	1	0	0	0	0	0	0	0	0	114	114	0	0	0	0	0	0	0	0	1	0	0	0	0	0	0	0	0	0	0	0	0	0	0	0	0	0	0	0	0	0	0	0	0	0	0	0	0	0	0	0	0	0	0	0	0	0	0
18	0	0	0	0	0	0	0	0	0	247	247	0	0	0	0	0	0	0	0	0.184023	0.184023	0	0	0	0	0	0	0	0	1	0	0	0	0	0	0	0	0	109	109	0	0	0	0	0	0	0	0	1	0	0	0	0	0	0	0	0	16.7173	16.7173	0	0	0	0	0	0	0	0	1	0	0	0	0	0	0	0	0	136	136	0	0	0	0	0	0	0	0	1	0	0	0	0	0	0	0	0	0	0	0	0	0	0	0	0	0	0	0	0	0	0	0	0	0	0	0	0	0	0	0	0	0	0	0	0	0	0
19	0	0	0	0	0	0	0	0	0	292	292	0	0	0	0	0	0	0	0	0.201847	0.201847	0	0	0	0	0	0	0	0	1	0	0	0	0	0	0	0	0	133	133	0	0	0	0	0	0	0	0	1	0	0	0	0	0	0	0	0	19.894	19.894	0	0	0	0	0	0	0	0	1	0	0	0	0	0	0	0	0	165	165	0	0	0	0	0	0	0	0	1	0	0	0	0	0	0	0	0	0	0	0	0	0	0	0	0	0	0	0	0	0	0	0	0	0	0	0	0	0	0	0	0	0	0	0	0	0	0
20	0	0	0	0	0	0	0	0	0	350	350	0	0	0	0	0	0	0	0	0.291494	0.291494	0	0	0	0	0	0	0	0	1	0	0	0	0	0	0	0	0	163	163	0	0	0	0	0	0	0	0	1	0	0	0	0	0	0	0	0	23.394	23.394	0	0	0	0	0	0	0	0	1	0	0	0	0	0	0	0	0	188	188	0	0	0	0	0	0	0	0	1	0	0	0	0	0	0	0	0	0	0	0	0	0	0	0	0	0	0	0	0	0	0	0	0	0	0	0	0	0	0	0	0	0	0	0	0	0	0
21	0	0	0	0	0	0	0	0	0	411	411	0	0	0	0	0	0	0	0	0.311571	0.311571	0	0	0	0	0	0	0	0	1	0	0	0	0	0	0	0	0	182	182	0	0	0	0	0	0	0	0	1	0	0	0	0	0	0	0	0	27.4993	27.4993	0	0	0	0	0	0	0	0	1	0	0	0	0	0	0	0	0	230	230	0	0	0	0	0	0	0	0	1	0	0	0	0	0	0	0	0	0	0	0	0	0	0	0	0	0	0	0	0	0	0	0	0	0	0	0	0	0	0	0	0	0	0	0	0	0	0
22	0	0	0	0	0	0	0	0	0	463	463	0	0	0	0	0	0	0	0	0.371463	0.371463	0	0	0	0	0	0	0	0	1	0	0	0	0	0	0	0	0	218	218	0	0	0	0	0	0	0	0	1	0	0	0	0	0	0	0	0	31.2133	31.2133	0	0	0	0	0	0	0	0	1	0	0	0	0	0	0	0	0	259	259	0	0	0	0	0	0	0	0	1	0	0	0	0	0	0	0	0	0	0	0	0	0	0	0	0	0	0	0	0	0	0	0	0	0	0	0	0	0	0	0	0	0	0	0	0	0	0
23	0	0	0	0	0	0	0	0	0	518	518	0	0	0	0	0	0	0	0	0.493361	0.493361	0	0	0	0	0	0	0	0	1	0	0	0	0	0	0	0	0	273	273	0	0	0	0	0	0	0	0	1	0	0	0	0	0	0	0	0	35.9617	35.9617	0	0	0	0	0	0	0	0	1	0	0	0	0	0	0	0	0	288	288	0	0	0	0	0	0	0	0	1	0	0	0	0	0	0	0	0	0	0	0	0	0	0	0	0	0	0	0	0	0	0	0	0	0	0	0	0	0	0	0	0	0	0	0	0	0	0
24	0	0	0	0	0	0	0	0	0	565	565	0	0	0	0	0	0	0	0	0.48856	0.48856	0	0	0	0	0	0	0	0	1	0	0	0	0	0	0	0	0	294	294	0	0	0	0	0	0	0	0	1	0	0	0	0	0	0	0	0	39.0811	39.0811	0	0	0	0	0	0	0	0	1	0	0	0	0	0	0	0	0	327	327	0	0	0	0	0	0	0	0	1	0	0	0	0	0	0	0	0	0	0	0	0	0	0	0	0	0	0	0	0	0	0	0	0	0	0	0	0	0	0	0	0	0	0	0	0	0	0
25	0	0	0	0	0	0	0	0	0	621	621	0	0	0	0	0	0	0	0	0.596384	0.596384	0	0	0	0	0	0	0	0	1	0	0	0	0	0	0	0	0	349	349	0	0	0	0	0	0	0	0	1	0	0	0	0	0	0	0	0	43.321	43.321	0	0	0	0	0	0	0	0	1	0	0	0	0	0	0	0	0	348	348	0	0	0	0	0	0	0	0	1	0	0	0	0	0	0	0	0	0	0	0	0	0	0	0	0	0	0	0	0	0	0	0	0	0	0	0	0	0	0	0	0	0	0	0	0	0	0
26	0	0	0	0	0	0	0	0	0	658	658	0	0	0	0	0	0	0	0	0.725254	0.725254	0	0	0	0	0	0	0	0	1	0	0	0	0	0	0	0	0	415	415	0	0	0	0	0	0	0	0	1	0	0	0	0	0	0	0	0	47.7201	47.7201	0	0	0	0	0	0	0	0	1	0	0	0	0	0	0	0	0	380	380	0	0	0	0	0	0	0	0	1	0	0	0	0	0	0	0	0	0	0	0	0	0	0	0	0	0	0	0	0	0	0	0	0	0	0	0	0	0	0	0	0	0	0	0	0	0	0
27	0	0	0	0	0	0	0	0	0	686	686	0	0	0	0	0	0	0	0	0.834657	0.834657	0	0	0	0	0	0	0	0	1	0	0	0	0	0	0	0	0	441	441	0	0	0	0	0	0	0	0	1	0	0	0	0	0	0	0	0	52.4935	52.4935	0	0	0	0	0	0	0	0	1	0	0	0	0	0	0	0	0	413	413	0	0	0	0	0	0	0	0	1	0	0	0	0	0	0	0	0	0	0	0	0	0	0	0	0	0	0	0	0	0	0	0	0	0	0	0	0	0	0	0	0	0	0	0	0	0	0
28	0	0	0	0	0	0	0	0	0	718	718	0	0	0	0	0	0	0	0	0.860723	0.860723	0	0	0	0	0	0	0	0	1	0	0	0	0	0	0	0	0	453	453	0	0	0	0	0	0	0	0	1	0	0	0	0	0	0	0	0	56.6731	56.6731	0	0	0	0	0	0	0	0	1	0	0	0	0	0	0	0	0	446	446	0	0	0	0	0	0	0	0	1	0	0	0	0	0	0	0	0	0	0	0	0	0	0	0	0	0	0	0	0	0	0	0	0	0	0	0	0	0	0	0	0	0	0	0	0	0	0
29	0	0	0	0	0	0	0	0	0	729	729	0	0	0	0	0	0	0	0	0.918951	0.918951	0	0	0	0	0	0	0	0	1	0	0	0	0	0	0	0	0	468	468	0	0	0	0	0	0	0	0	1	0	0	0	0	0	0	0	0	58.2951	58.2951	0	0	0	0	0	0	0	0	1	0	0	0	0	0	0	0	0	460	460	0	0	0	0	0	0	0	0	1	0	0	0	0	0	0	0	0	0	0	0	0	0	0	0	0	0	0	0	0	0	0	0	0	0	0	0	0	0	0	0	0	0	0	0	0	0	0
30	0	0	0	0	0	0	0	0	0	729	729	0	0	0	0	0	0	0	0	0.935211	0.935211	0	0	0	0	0	0	0	0	1	0	0	0	0	0	0	0	0	479	479	0	0	0	0	0	0	0	0	1	0	0	0	0	0	0	0	0	60.683	60.683	0	0	0	0	0	0	0	0	1	0	0	0	0	0	0	0	0	474	474	0	0	0	0	0	0	0	0	1	0	0	0	0	0	0	0	0	0	0	0	0	0	0	0	0	0	0	0	0	0	0	0	0	0	0	0	0	0	0	0	0	0	0	0	0	0	0
31	0	0	0	0	0	0	0	0	0	763	763	0	0	0	0	0	0	0	0	1.01845	1.01845	0	0	0	0	0	0	0	0	1	0	0	0	0	0	0	0	0	497	497	0	0	0	0	0	0	0	0	1	0	0	0	0	0	0	0	0	65.0973	65.0973	0	0	0	0	0	0	0	0	1	0	0	0	0	0	0	0	0	490	490	0	0	0	0	0	0	0	0	1	0	0	0	0	0	0	0	0	0	0	0	0	0	0	0	0	0	0	0	0	0	0	0	0	0	0	0	0	0	0	0	0	0	0	0	0	0	0
32	0	0	0	0	0	0	0	0	0	773	773	0	0	0	0	0	0	0	0	0.999445	0.999445	0	0	0	0	0	0	0	0	1	0	0	0	0	0	0	0	0	491	491	0	0	0	0	0	0	0	0	1	0	0	0	0	0	0	0	0	70.4356	70.4356	0	0	0	0	0	0	0	0	1	0	0	0	0	0	0	0	0	508	508	0	0	0	0	0	0	0	0	1	0	0	0	0	0	0	0	0	0	0	0	0	0	0	0	0	0	0	0	0	0	0	0	0	0	0	0	0	0	0	0	0	0	0	0	0	0	0
33	0	0	0	0	0	0	0	0	0	780	780	0	0	0	0	0	0	0	0	1.01674	1.01674	0	0	0	0	0	0	0	0	1	0	0	0	0	0	0	0	0	490	490	0	0	0	0	0	0	0	0	1	0	0	0	0	0	0	0	0	74.6555	74.6555	0	0	0	0	0	0	0	0	1	0	0	0	0	0	0	0	0	520	520	0	0	0	0	0	0	0	0	1	0	0	0	0	0	0	0	0	0	0	0	0	0	0	0	0	0	0	0	0	0	0	0	0	0	0	0	0	0	0	0	0	0	0	0	0	0	0
34	0	0	0	0	0	0	0	0	0	791	791	0	0	0	0	0	0	0	0	0.94943	0.94943	0	0	0	0	0	0	0	0	1	0	0	0	0	0	0	0	0	465	465	0	0	0	0	0	0	0	0	1	0	0	0	0	0	0	0	0	79.3948	79.3948	0	0	0	0	0	0	0	0	1	0	0	0	0	0	0	0	0	545	545	0	0	0	0	0	0	0	0	1	0	0	0	0	0	0	0	0	0	0	0	0	0	0	0	0	0	0	0	0	0	0	0	0	0	0	0	0	0	0	0	0	0	0	0	0	0	0
35	0	0	0	0	0	0	0	0	0	779	779	0	0	0	0	0	0	0	0	0.964364	0.964364	0	0	0	0	0	0	0	0	1	0	0	0	0	0	0	0	0	451	451	0	0	0	0	0	0	0	0	1	0	0	0	0	0	0	0	0	81.6204	81.6204	0	0	0	0	0	0	0	0	1	0	0	0	0	0	0	0	0	537	537	0	0	0	0	0	0	0	0	1	0	0	0	0	0	0	0	0	0	0	0	0	0	0	0	0	0	0	0	0	0	0	0	0	0	0	0	0	0	0	0	0	0	0	0	0	0	0
36	0	0	0	0	0	0	0	0	0	777	777	0	0	0	0	0	0	0	0	0.863153	0.863153	0	0	0	0	0	0	0	0	1	0	0	0	0	0	0	0	0	423	423	0	0	0	0	0	0	0	0	1	0	0	0	0	0	0	0	0	83.7984	83.7984	0	0	0	0	0	0	0	0	1	0	0	0	0	0	0	0	0	553	553	0	0	0	0	0	0	0	0	1	0	0	0	0	0	0	0	0	0	0	0	0	0	0	0	0	0	0	0	0	0	0	0	0	0	0	0	0	0	0	0	0	0	0	0	0	0	0
37	0	0	0	0	0	0	0	0	0	759	759	0	0	0	0	0	0	0	0	0.852993	0.852993	0	0	0	0	0	0	0	0	1	0	0	0	0	0	0	0	0	416	416	0	0	0	0	0	0	0	0	1	0	0	0	0	0	0	0	0	84.6896	84.6896	0	0	0	0	0	0	0	0	1	0	0	0	0	0	0	0	0	543	543	0	0	0	0	0	0	0	0	1	0	0	0	0	0	0	0	0	0	0	0	0	0	0	0	0	0	0	0	0	0	0	0	0	0	0	0	0	0	0	0	0	0	0	0	0	0	0
38	0	0	0	0	0	0	0	0	0	769	769	0	0	0	0	0	0	0	0	0.872211	0.872211	0	0	0	0	0	0	0	0	1	0	0	0	0	0	0	0	0	398	398	0	0	0	0	0	0	0	0	1	0	0	0	0	0	0	0	0	86.7496	86.7496	0	0	0	0	0	0	0	0	1	0	0	0	0	0	0	0	0	537	537	0	0	0	0	0	0	0	0	1	0	0	0	0	0	0	0	0	0	0	0	0	0	0	0	0	0	0	0	0	0	0	0	0	0	0	0	0	0	0	0	0	0	0	0	0	0	0
39	0	0	0	0	0	0	0	0	0	768	768	0	0	0	0	0	0	0	0	0.7957	0.7957	0	0	0	0	0	0	0	0	1	0	0	0	0	0	0	0	0	364	364	0	0	0	0	0	0	0	0	1	0	0	0	0	0	0	0	0	88.8022	88.8022	0	0	0	0	0	0	0	0	1	0	0	0	0	0	0	0	0	547	547	0	0	0	0	0	0	0	0	1	0	0	0	0	0	0	0	0	0	0	0	0	0	0	0	0	0	0	0	0	0	0	0	0	0	0	0	0	0	0	0	0	0	0	0	0	0	0
40	0	0	0	0	0	0	0	0	0	764	764	0	0	0	0	0	0	0	0	0.71263	0.71263	0	0	0	0	0	0	0	0	1	0	0	0	0	0	0	0	0	331	331	0	0	0	0	0	0	0	0	1	0	0	0	0	0	0	0	0	90.5059	90.5059	0	0	0	0	0	0	0	0	1	0	0	0	0	0	0	0	0	544	544	0	0	0	0	0	0	0	0	1	0	0	0	0	0	0	0	0	0	0	0	0	0	0	0	0	0	0	0	0	0	0	0	0	0	0	0	0	0	0	0	0	0	0	0	0	0	0
41	0	0	0	0	0	0	0	0	0	766	766	0	0	0	0	0	0	0	0	0.684402	0.684402	0	0	0	0	0	0	0	0	1	0	0	0	0	0	0	0	0	306	306	0	0	0	0	0	0	0	0	1	0	0	0	0	0	0	0	0	92.5841	92.5841	0	0	0	0	0	0	0	0	1	0	0	0	0	0	0	0	0	538	538	0	0	0	0	0	0	0	0	1	0	0	0	0	0	0	0	0	0	0	0	0	0	0	0	0	0	0	0	0	0	0	0	0	0	0	0	0	0	0	0	0	0	0	0	0	0	0
42	0	0	0	0	0	0	0	0	0	760	760	0	0	0	0	0	0	0	0	0.694892	0.694892	0	0	0	0	0	0	0	0	1	0	0	0	0	0	0	0	0	298	298	0	0	0	0	0	0	0	0	1	0	0	0	0	0	0	0	0	95.1608	95.1608	0	0	0	0	0	0	0	0	1	0	0	0	0	0	0	0	0	530	530	0	0	0	0	0	0	0	0	1	0	0	0	0	0	0	0	0	0	0	0	0	0	0	0	0	0	0	0	0	0	0	0	0	0	0	0	0	0	0	0	0	0	0	0	0	0	0
43	0	0	0	0	0	0	0	0	0	752	752	0	0	0	0	0	0	0	0	0.612215	0.612215	0	0	0	0	0	0	0	0	1	0	0	0	0	0	0	0	0	273	273	0	0	0	0	0	0	0	0	1	0	0	0	0	0	0	0	0	95.9567	95.9567	0	0	0	0	0	0	0	0	1	0	0	0	0	0	0	0	0	523	523	0	0	0	0	0	0	0	0	1	0	0	0	0	0	0	0	0	0	0	0	0	0	0	0	0	0	0	0	0	0	0	0	0	0	0	0	0	0	0	0	0	0	0	0	0	0	0
44	0	0	0	0	0	0	0	0	0	759	759	0	0	0	0	0	0	0	0	0.600248	0.600248	0	0	0	0	0	0	0	0	1	0	0	0	0	0	0	0	0	245	245	0	0	0	0	0	0	0	0	1	0	0	0	0	0	0	0	0	98.0406	98.0406	0	0	0	0	0	0	0	0	1	0	0	0	0	0	0	0	0	511	511	0	0	0	0	0	0	0	0	1	0	0	0	0	0	0	0	0	0	0	0	0	0	0	0	0	0	0	0	0	0	0	0	0	0	0	0	0	0	0	0	0	0	0	0	0	0	0
45	0	0	0	0	0	0	0	0	0	770	770	0	0	0	0	0	0	0	0	0.601426	0.601426	0	0	0	0	0	0	0	0	1	0	0	0	0	0	0	0	0	229	229	0	0	0	0	0	0	0	0	1	0	0	0	0	0	0	0	0	100.115	100.115	0	0	0	0	0	0	0	0	1	0	0	0	0	0	0	0	0	510	510	0	0	0	0	0	0	0	0	1	0	0	0	0	0	0	0	0	0	0	0	0	0	0	0	0	0	0	0	0	0	0	0	0	0	0	0	0	0	0	0	0	0	0	0	0	0	0
46	0	0	0	0	0	0	0	0	0	770	770	0	0	0	0	0	0	0	0	0.605356	0.605356	0	0	0	0	0	0	0	0	1	0	0	0	0	0	0	0	0	214	214	0	0	0	0	0	0	0	0	1	0	0	0	0	0	0	0	0	101.423	101.423	0	0	0	0	0	0	0	0	1	0	0	0	0	0	0	0	0	487	487	0	0	0	0	0	0	0	0	1	0	0	0	0	0	0	0	0	0	0	0	0	0	0	0	0	0	0	0	0	0	0	0	0	0	0	0	0	0	0	0	0	0	0	0	0	0	0
47	0	0	0	0	0	0	0	0	0	799	799	0	0	0	0	0	0	0	0	0.512037	0.512037	0	0	0	0	0	0	0	0	1	0	0	0	0	0	0	0	0	186	186	0	0	0	0	0	0	0	0	1	0	0	0	0	0	0	0	0	105.598	105.598	0	0	0	0	0	0	0	0	1	0	0	0	0	0	0	0	0	497	497	0	0	0	0	0	0	0	0	1	0	0	0	0	0	0	0	0	0	0	0	0	0	0	0	0	0	0	0	0	0	0	0	0	0	0	0	0	0	0	0	0	0	0	0	0	0	0
48	0	0	0	0	0	0	0	0	0	795	795	0	0	0	0	0	0	0	0	0.465867	0.465867	0	0	0	0	0	0	0	0	1	0	0	0	0	0	0	0	0	170	170	0	0	0	0	0	0	0	0	1	0	0	0	0	0	0	0	0	105.282	105.282	0	0	0	0	0	0	0	0	1	0	0	0	0	0	0	0	0	485	485	0	0	0	0	0	0	0	0	1	0	0	0	0	0	0	0	0	0	0	0	0	0	0	0	0	0	0	0	0	0	0	0	0	0	0	0	0	0	0	0	0	0	0	0	0	0	0
49	0	0	0	0	0	0	0	0	0	779	779	0	0	0	0	0	0	0	0	0.390034	0.390034	0	0	0	0	0	0	0	0	1	0	0	0	0	0	0	0	0	150	150	0	0	0	0	0	0	0	0	1	0	0	0	0	0	0	0	0	106.323	106.323	0	0	0	0	0	0	0	0	1	0	0	0	0	0	0	0	0	480	480	0	0	0	0	0	0	0	0	1	0	0	0	0	0	0	0	0	0	0	0	0	0	0	0	0	0	0	0	0	0	0	0	0	0	0	0	0	0	0	0	0	0	0	0	0	0	0
50	0	0	0	0	0	0	0	0	0	772	772	0	0	0	0	0	0	0	0	0.350165	0.350165	0	0	0	0	0	0	0	0	1	0	0	0	0	0	0	0	0	137	137	0	0	0	0	0	0	0	0	1	0	0	0	0	0	0	0	0	104.336	104.336	0	0	0	0	0	0	0	0	1	0	0	0	0	0	0	0	0	458	458	0	0	0	0	0	0	0	0	1	0	0	0	0	0	0	0	0	0	0	0	0	0	0	0	0	0	0	0	0	0	0	0	0	0	0	0	0	0	0	0	0	0	0	0	0	0	0
51	0	0	0	0	0	0	0	0	0	767	767	0	0	0	0	0	0	0	0	0.34273	0.34273	0	0	0	0	0	0	0	0	1	0	0	0	0	0	0	0	0	132	132	0	0	0	0	0	0	0	0	1	0	0	0	0	0	0	0	0	105.019	105.019	0	0	0	0	0	0	0	0	1	0	0	0	0	0	0	0	0	442	442	0	0	0	0	0	0	0	0	1	0	0	0	0	0	0	0	0	0	0	0	0	0	0	0	0	0	0	0	0	0	0	0	0	0	0	0	0	0	0	0	0	0	0	0	0	0	0
52	0	0	0	0	0	0	0	0	0	791	791	0	0	0	0	0	0	0	0	0.313005	0.313005	0	0	0	0	0	0	0	0	1	0	0	0	0	0	0	0	0	121	121	0	0	0	0	0	0	0	0	1	0	0	0	0	0	0	0	0	106.993	106.993	0	0	0	0	0	0	0	0	1	0	0	0	0	0	0	0	0	434	434	0	0	0	0	0	0	0	0	1	0	0	0	0	0	0	0	0	0	0	0	0	0	0	0	0	0	0	0	0	0	0	0	0	0	0	0	0	0	0	0	0	0	0	0	0	0	0
53	0	0	0	0	0	0	0	0	0	794	794	0	0	0	0	0	0	0	0	0.324886	0.324886	0	0	0	0	0	0	0	0	1	0	0	0	0	0	0	0	0	122	122	0	0	0	0	0	0	0	0	1	0	0	0	0	0	0	0	0	104.142	104.142	0	0	0	0	0	0	0	0	1	0	0	0	0	0	0	0	0	417	417	0	0	0	0	0	0	0	0	1	0	0	0	0	0	0	0	0	0	0	0	0	0	0	0	0	0	0	0	0	0	0	0	0	0	0	0	0	0	0	0	0	0	0	0	0	0	0
54	0	0	0	0	0	0	0	0	0	823	823	0	0	0	0	0	0	0	0	0.313884	0.313884	0	0	0	0	0	0	0	0	1	0	0	0	0	0	0	0	0	113	113	0	0	0	0	0	0	0	0	1	0	0	0	0	0	0	0	0	108.328	108.328	0	0	0	0	0	0	0	0	1	0	0	0	0	0	0	0	0	411	411	0	0	0	0	0	0	0	0	1	0	0	0	0	0	0	0	0	0	0	0	0	0	0	0	0	0	0	0	0	0	0	0	0	0	0	0	0	0	0	0	0	0	0	0	0	0	0
55	0	0	0	0	0	0	0	0	0	827	827	0	0	0	0	0	0	0	0	0.278418	0.278418	0	0	0	0	0	0	0	0	1	0	0	0	0	0	0	0	0	101	101	0	0	0	0	0	0	0	0	1	0	0	0	0	0	0	0	0	109.523	109.523	0	0	0	0	0	0	0	0	1	0	0	0	0	0	0	0	0	402	402	0	0	0	0	0	0	0	0	1	0	0	0	0	0	0	0	0	0	0	0	0	0	0	0	0	0	0	0	0	0	0	0	0	0	0	0	0	0	0	0	0	0	0	0	0	0	0
56	0	0	0	0	0	0	0	0	0	854	854	0	0	0	0	0	0	0	0	0.274596	0.274596	0	0	0	0	0	0	0	0	1	0	0	0	0	0	0	0	0	102	102	0	0	0	0	0	0	0	0	1	0	0	0	0	0	0	0	0	112.922	112.922	0	0	0	0	0	0	0	0	1	0	0	0	0	0	0	0	0	395	395	0	0	0	0	0	0	0	0	1	0	0	0	0	0	0	0	0	0	0	0	0	0	0	0	0	0	0	0	0	0	0	0	0	0	0	0	0	0	0	0	0	0	0	0	0	0	0
57	0	0	0	0	0	0	0	0	0	841	841	0	0	0	0	0	0	0	0	0.207615	0.207615	0	0	0	0	0	0	0	0	1	0	0	0	0	0	0	0	0	85	85	0	0	0	0	0	0	0	0	1	0	0	0	0	0	0	0	0	113.66	113.66	0	0	0	0	0	0	0	0	1	0	0	0	0	0	0	0	0	391	391	0	0	0	0	0	0	0	0	1	0	0	0	0	0	0	0	0	0	0	0	0	0	0	0	0	0	0	0	0	0	0	0	0	0	0	0	0	0	0	0	0	0	0	0	0	0	0
58	0	0	0	0	0	0	0	0	0	835	835	0	0	0	0	0	0	0	0	0.187293	0.187293	0	0	0	0	0	0	0	0	1	0	0	0	0	0	0	0	0	75	75	0	0	0	0	0	0	0	0	1	0	0	0	0	0	0	0	0	112.33	112.33	0	0	0	0	0	0	0	0	1	0	0	0	0	0	0	0	0	377	377	0	0	0	0	0	0	0	0	1	0	0	0	0	0	0	0	0	0	0	0	0	0	0	0	0	0	0	0	0	0	0	0	0	0	0	0	0	0	0	0	0	0	0	0	0	0	0
59	0	0	0	0	0	0	0	0	0	823	823	0	0	0	0	0	0	0	0	0.198057	0.198057	0	0	0	0	0	0	0	0	1	0	0	0	0	0	0	0	0	78	78	0	0	0	0	0	0	0	0	1	0	0	0	0	0	0	0	0	112.803	112.803	0	0	0	0	0	0	0	0	1	0	0	0	0	0	0	0	0	360	360	0	0	0	0	0	0	0	0	1	0	0	0	0	0	0	0	0	0	0	0	0	0	0	0	0	0	0	0	0	0	0	0	0	0	0	0	0	0	0	0	0	0	0	0	0	0	0
60	0	0	0	0	0	0	0	0	0	811	811	0	0	0	0	0	0	0	0	0.190161	0.190161	0	0	0	0	0	0	0	0	1	0	0	0	0	0	0	0	0	74	74	0	0	0	0	0	0	0	0	1	0	0	0	0	0	0	0	0	110.921	110.921	0	0	0	0	0	0	0	0	1	0	0	0	0	0	0	0	0	348	348	0	0	0	0	0	0	0	0	1	0	0	0	0	0	0	0	0	0	0	0	0	0	0	0	0	0	0	0	0	0	0	0	0	0	0	0	0	0	0	0	0	0	0	0	0	0	0
61	0	0	0	0	0	0	0	0	0	817	817	0	0	0	0	0	0	0	0	0.192579	0.192579	0	0	0	0	0	0	0	0	1	0	0	0	0	0	0	0	0	69	69	0	0	0	0	0	0	0	0	1	0	0	0	0	0	0	0	0	111.354	111.354	0	0	0	0	0	0	0	0	1	0	0	0	0	0	0	0	0	337	337	0	0	0	0	0	0	0	0	1	0	0	0	0	0	0	0	0	0	0	0	0	0	0	0	0	0	0	0	0	0	0	0	0	0	0	0	0	0	0	0	0	0	0	0	0	0	0
62	0	0	0	0	0	0	0	0	0	757	757	0	0	0	0	0	0	0	0	0.189415	0.189415	0	0	0	0	0	0	0	0	1	0	0	0	0	0	0	0	0	68	68	0	0	0	0	0	0	0	0	1	0	0	0	0	0	0	0	0	106.628	106.628	0	0	0	0	0	0	0	0	1	0	0	0	0	0	0	0	0	319	319	0	0	0	0	0	0	0	0	1	0	0	0	0	0	0	0	0	0	0	0	0	0	0	0	0	0	0	0	0	0	0	0	0	0	0	0	0	0	0	0	0	0	0	0	0	0	0
63	0	0	0	0	0	0	0	0	0	738	738	0	0	0	0	0	0	0	0	0.171762	0.171762	0	0	0	0	0	0	0	0	1	0	0	0	0	0	0	0	0	59	59	0	0	0	0	0	0	0	0	1	0	0	0	0	0	0	0	0	102.184	102.184	0	0	0	0	0	0	0	0	1	0	0	0	0	0	0	0	0	304	304	0	0	0	0	0	0	0	0	1	0	0	0	0	0	0	0	0	0	0	0	0	0	0	0	0	0	0	0	0	0	0	0	0	0	0	0	0	0	0	0	0	0	0	0	0	0	0
64	0	0	0	0	0	0	0	0	0	736	736	0	0	0	0	0	0	0	0	0.157222	0.157222	0	0	0	0	0	0	0	0	1	0	0	0	0	0	0	0	0	55	55	0	0	0	0	0	0	0	0	1	0	0	0	0	0	0	0	0	102.312	102.312	0	0	0	0	0	0	0	0	1	0	0	0	0	0	0	0	0	296	296	0	0	0	0	0	0	0	0	1	0	0	0	0	0	0	0	0	0	0	0	0	0	0	0	0	0	0	0	0	0	0	0	0	0	0	0	0	0	0	0	0	0	0	0	0	0	0
65	0	0	0	0	0	0	0	0	0	740	740	0	0	0	0	0	0	0	0	0.137941	0.137941	0	0	0	0	0	0	0	0	1	0	0	0	0	0	0	0	0	47	47	0	0	0	0	0	0	0	0	1	0	0	0	0	0	0	0	0	102.163	102.163	0	0	0	0	0	0	0	0	1	0	0	0	0	0	0	0	0	289	289	0	0	0	0	0	0	0	0	1	0	0	0	0	0	0	0	0	0	0	0	0	0	0	0	0	0	0	0	0	0	0	0	0	0	0	0	0	0	0	0	0	0	0	0	0	0	0
66	0	0	0	0	0	0	0	0	0	744	744	0	0	0	0	0	0	0	0	0.115148	0.115148	0	0	0	0	0	0	0	0	1	0	0	0	0	0	0	0	0	38	38	0	0	0	0	0	0	0	0	1	0	0	0	0	0	0	0	0	101.711	101.711	0	0	0	0	0	0	0	0	1	0	0	0	0	0	0	0	0	285	285	0	0	0	0	0	0	0	0	1	0	0	0	0	0	0	0	0	0	0	0	0	0	0	0	0	0	0	0	0	0	0	0	0	0	0	0	0	0	0	0	0	0	0	0	0	0	0
67	0	0	0	0	0	0	0	0	0	724	724	0	0	0	0	0	0	0	0	0.103778	0.103778	0	0	0	0	0	0	0	0	1	0	0	0	0	0	0	0	0	33	33	0	0	0	0	0	0	0	0	1	0	0	0	0	0	0	0	0	102.724	102.724	0	0	0	0	0	0	0	0	1	0	0	0	0	0	0	0	0	271	271	0	0	0	0	0	0	0	0	1	0	0	0	0	0	0	0	0	0	0	0	0	0	0	0	0	0	0	0	0	0	0	0	0	0	0	0	0	0	0	0	0	0	0	0	0	0	0
68	0	0	0	0	0	0	0	0	0	714	714	0	0	0	0	0	0	0	0	0.0835493	0.0835493	0	0	0	0	0	0	0	0	1	0	0	0	0	0	0	0	0	29	29	0	0	0	0	0	0	0	0	1	0	0	0	0	0	0	0	0	102.782	102.782	0	0	0	0	0	0	0	0	1	0	0	0	0	0	0	0	0	262	262	0	0	0	0	0	0	0	0	1	0	0	0	0	0	0	0	0	0	0	0	0	0	0	0	0	0	0	0	0	0	0	0	0	0	0	0	0	0	0	0	0	0	0	0	0	0	0
69	0	0	0	0	0	0	0	0	0	735	735	0	0	0	0	0	0	0	0	0.0695214	0.0695214	0	0	0	0	0	0	0	0	1	0	0	0	0	0	0	0	0	24	24	0	0	0	0	0	0	0	0	1	0	0	0	0	0	0	0	0	102.547	102.547	0	0	0	0	0	0	0	0	1	0	0	0	0	0	0	0	0	255	255	0	0	0	0	0	0	0	0	1	0	0	0	0	0	0	0	0	0	0	0	0	0	0	0	0	0	0	0	0	0	0	0	0	0	0	0	0	0	0	0	0	0	0	0	0	0	0
70	0	0	0	0	0	0	0	0	0	708	708	0	0	0	0	0	0	0	0	0.0651907	0.0651907	0	0	0	0	0	0	0	0	1	0	0	0	0	0	0	0	0	22	22	0	0	0	0	0	0	0	0	1	0	0	0	0	0	0	0	0	98.4189	98.4189	0	0	0	0	0	0	0	0	1	0	0	0	0	0	0	0	0	239	239	0	0	0	0	0	0	0	0	1	0	0	0	0	0	0	0	0	0	0	0	0	0	0	0	0	0	0	0	0	0	0	0	0	0	0	0	0	0	0	0	0	0	0	0	0	0	0
71	0	0	0	0	0	0	0	0	0	692	692	0	0	0	0	0	0	0	0	0.0636281	0.0636281	0	0	0	0	0	0	0	0	1	0	0	0	0	0	0	0	0	20	20	0	0	0	0	0	0	0	0	1	0	0	0	0	0	0	0	0	96.3762	96.3762	0	0	0	0	0	0	0	0	1	0	0	0	0	0	0	0	0	229	229	0	0	0	0	0	0	0	0	1	0	0	0	0	0	0	0	0	0	0	0	0	0	0	0	0	0	0	0	0	0	0	0	0	0	0	0	0	0	0	0	0	0	0	0	0	0	0
72	0	0	0	0	0	0	0	0	0	757	757	0	0	0	0	0	0	0	0	0.0707063	0.0707063	0	0	0	0	0	0	0	0	1	0	0	0	0	0	0	0	0	21	21	0	0	0	0	0	0	0	0	1	0	0	0	0	0	0	0	0	99.5572	99.5572	0	0	0	0	0	0	0	0	1	0	0	0	0	0	0	0	0	223	223	0	0	0	0	0	0	0	0	1	0	0	0	0	0	0	0	0	0	0	0	0	0	0	0	0	0	0	0	0	0	0	0	0	0	0	0	0	0	0	0	0	0	0	0	0	0	0
73	0	0	0	0	0	0	0	0	0	748	748	0	0	0	0	0	0	0	0	0.0519339	0.0519339	0	0	0	0	0	0	0	0	1	0	0	0	0	0	0	0	0	18	18	0	0	0	0	0	0	0	0	1	0	0	0	0	0	0	0	0	98.0219	98.0219	0	0	0	0	0	0	0	0	1	0	0	0	0	0	0	0	0	212	212	0	0	0	0	0	0	0	0	1	0	0	0	0	0	0	0	0	0	0	0	0	0	0	0	0	0	0	0	0	0	0	0	0	0	0	0	0	0	0	0	0	0	0	0	0	0	0
74	0	0	0	0	0	0	0	0	0	760	760	0	0	0	0	0	0	0	0	0.0305312	0.0305312	0	0	0	0	0	0	0	0	1	0	0	0	0	0	0	0	0	17	17	0	0	0	0	0	0	0	0	1	0	0	0	0	0	0	0	0	98.8681	98.8681	0	0	0	0	0	0	0	0	1	0	0	0	0	0	0	0	0	208	208	0	0	0	0	0	0	0	0	1	0	0	0	0	0	0	0	0	0	0	0	0	0	0	0	0	0	0	0	0	0	0	0	0	0	0	0	0	0	0	0	0	0	0	0	0	0	0
75	0	0	0	0	0	0	0	0	0	779	779	0	0	0	0	0	0	0	0	0.04252	0.04252	0	0	0	0	0	0	0	0	1	0	0	0	0	0	0	0	0	20	20	0	0	0	0	0	0	0	0	1	0	0	0	0	0	0	0	0	97.446	97.446	0	0	0	0	0	0	0	0	1	0	0	0	0	0	0	0	0	198	198	0	0	0	0	0	0	0	0	1	0	0	0	0	0	0	0	0	0	0	0	0	0	0	0	0	0	0	0	0	0	0	0	0	0	0	0	0	0	0	0	0	0	0	0	0	0	0
76	0	0	0	0	0	0	0	0	0	793	793	0	0	0	0	0	0	0	0	0.0309182	0.0309182	0	0	0	0	0	0	0	0	1	0	0	0	0	0	0	0	0	26	26	0	0	0	0	0	0	0	0	1	0	0	0	0	0	0	0	0	93.6538	93.6538	0	0	0	0	0	0	0	0	1	0	0	0	0	0	0	0	0	191	191	0	0	0	0	0	0	0	0	1	0	0	0	0	0	0	0	0	0	0	0	0	0	0	0	0	0	0	0	0	0	0	0	0	0	0	0	0	0	0	0	0	0	0	0	0	0	0
77	0	0	0	0	0	0	0	0	0	794	794	0	0	0	0	0	0	0	0	0.0462163	0.0462163	0	0	0	0	0	0	0	0	1	0	0	0	0	0	0	0	0	36	36	0	0	0	0	0	0	0	0	1	0	0	0	0	0	0	0	0	91.5642	91.5642	0	0	0	0	0	0	0	0	1	0	0	0	0	0	0	0	0	181	181	0	0	0	0	0	0	0	0	1	0	0	0	0	0	0	0	0	0	0	0	0	0	0	0	0	0	0	0	0	0	0	0	0	0	0	0	0	0	0	0	0	0	0	0	0	0	0
78	0	0	0	0	0	0	0	0	0	802	802	0	0	0	0	0	0	0	0	0.0558652	0.0558652	0	0	0	0	0	0	0	0	1	0	0	0	0	0	0	0	0	45	45	0	0	0	0	0	0	0	0	1	0	0	0	0	0	0	0	0	87.8551	87.8551	0	0	0	0	0	0	0	0	1	0	0	0	0	0	0	0	0	174	174	0	0	0	0	0	0	0	0	1	0	0	0	0	0	0	0	0	0	0	0	0	0	0	0	0	0	0	0	0	0	0	0	0	0	0	0	0	0	0	0	0	0	0	0	0	0	0
79	0	0	0	0	0	0	0	0	0	836	836	0	0	0	0	0	0	0	0	0.0716188	0.0716188	0	0	0	0	0	0	0	0	1	0	0	0	0	0	0	0	0	52	52	0	0	0	0	0	0	0	0	1	0	0	0	0	0	0	0	0	87.7317	87.7317	0	0	0	0	0	0	0	0	1	0	0	0	0	0	0	0	0	171	171	0	0	0	0	0	0	0	0	1	0	0	0	0	0	0	0	0	0	0	0	0	0	0	0	0	0	0	0	0	0	0	0	0	0	0	0	0	0	0	0	0	0	0	0	0	0	0
80	0	0	0	0	0	0	0	0	0	868	868	0	0	0	0	0	0	0	0	0.0943951	0.0943951	0	0	0	0	0	0	0	0	1	0	0	0	0	0	0	0	0	85	85	0	0	0	0	0	0	0	0	1	0	0	0	0	0	0	0	0	90.5015	90.5015	0	0	0	0	0	0	0	0	1	0	0	0	0	0	0	0	0	171	171	0	0	0	0	0	0	0	0	1	0	0	0	0	0	0	0	0	0	0	0	0	0	0	0	0	0	0	0	0	0	0	0	0	0	0	0	0	0	0	0	0	0	0	0	0	0	0
81	0	0	0	0	0	0	0	0	0	867	867	0	0	0	0	0	0	0	0	0.106871	0.106871	0	0	0	0	0	0	0	0	1	0	0	0	0	0	0	0	0	107	107	0	0	0	0	0	0	0	0	1	0	0	0	0	0	0	0	0	89.2844	89.2844	0	0	0	0	0	0	0	0	1	0	0	0	0	0	0	0	0	171	171	0	0	0	0	0	0	0	0	1	0	0	0	0	0	0	0	0	0	0	0	0	0	0	0	0	0	0	0	0	0	0	0	0	0	0	0	0	0	0	0	0	0	0	0	0	0	0
82	0	0	0	0	0	0	0	0	0	905	905	0	0	0	0	0	0	0	0	0.135627	0.135627	0	0	0	0	0	0	0	0	1	0	0	0	0	0	0	0	0	136	136	0	0	0	0	0	0	0	0	1	0	0	0	0	0	0	0	0	91.3083	91.3083	0	0	0	0	0	0	0	0	1	0	0	0	0	0	0	0	0	173	173	0	0	0	0	0	0	0	0	1	0	0	0	0	0	0	0	0	0	0	0	0	0	0	0	0	0	0	0	0	0	0	0	0	0	0	0	0	0	0	0	0	0	0	0	0	0	0
83	0	0	0	0	0	0	0	0	0	872	872	0	0	0	0	0	0	0	0	0.189608	0.189608	0	0	0	0	0	0	0	0	1	0	0	0	0	0	0	0	0	164	164	0	0	0	0	0	0	0	0	1	0	0	0	0	0	0	0	0	89.1068	89.1068	0	0	0	0	0	0	0	0	1	0	0	0	0	0	0	0	0	178	178	0	0	0	0	0	0	0	0	1	0	0	0	0	0	0	0	0	0	0	0	0	0	0	0	0	0	0	0	0	0	0	0	0	0	0	0	0	0	0	0	0	0	0	0	0	0	0
84	0	0	0	0	0	0	0	0	0	861	861	0	0	0	0	0	0	0	0	0.245263	0.245263	0	0	0	0	0	0	0	0	1	0	0	0	0	0	0	0	0	189	189	0	0	0	0	0	0	0	0	1	0	0	0	0	0	0	0	0	88.4523	88.4523	0	0	0	0	0	0	0	0	1	0	0	0	0	0	0	0	0	184	184	0	0	0	0	0	0	0	0	1	0	0	0	0	0	0	0	0	0	0	0	0	0	0	0	0	0	0	0	0	0	0	0	0	0	0	0	0	0	0	0	0	0	0	0	0	0	0
85	0	0	0	0	0	0	0	0	0	860	860	0	0	0	0	0	0	0	0	0.294215	0.294215	0	0	0	0	0	0	0	0	1	0	0	0	0	0	0	0	0	203	203	0	0	0	0	0	0	0	0	1	0	0	0	0	0	0	0	0	85.9754	85.9754	0	0	0	0	0	0	0	0	1	0	0	0	0	0	0	0	0	191	191	0	0	0	0	0	0	0	0	1	0	0	0	0	0	0	0	0	0	0	0	0	0	0	0	0	0	0	0	0	0	0	0	0	0	0	0	0	0	0	0	0	0	0	0	0	0	0
86	0	0	0	0	0	0	0	0	0	869	869	0	0	0	0	0	0	0	0	0.334171	0.334171	0	0	0	0	0	0	0	0	1	0	0	0	0	0	0	0	0	203	203	0	0	0	0	0	0	0	0	1	0	0	0	0	0	0	0	0	85.8284	85.8284	0	0	0	0	0	0	0	0	1	0	0	0	0	0	0	0	0	205	205	0	0	0	0	0	0	0	0	1	0	0	0	0	0	0	0	0	0	0	0	0	0	0	0	0	0	0	0	0	0	0	0	0	0	0	0	0	0	0	0	0	0	0	0	0	0	0
87	0	0	0	0	0	0	0	0	0	845	845	0	0	0	0	0	0	0	0	0.357687	0.357687	0	0	0	0	0	0	0	0	1	0	0	0	0	0	0	0	0	208	208	0	0	0	0	0	0	0	0	1	0	0	0	0	0	0	0	0	86.2502	86.2502	0	0	0	0	0	0	0	0	1	0	0	0	0	0	0	0	0	220	220	0	0	0	0	0	0	0	0	1	0	0	0	0	0	0	0	0	0	0	0	0	0	0	0	0	0	0	0	0	0	0	0	0	0	0	0	0	0	0	0	0	0	0	0	0	0	0
88	0	0	0	0	0	0	0	0	0	814	814	0	0	0	0	0	0	0	0	0.345957	0.345957	0	0	0	0	0	0	0	0	1	0	0	0	0	0	0	0	0	216	216	0	0	0	0	0	0	0	0	1	0	0	0	0	0	0	0	0	85.2155	85.2155	0	0	0	0	0	0	0	0	1	0	0	0	0	0	0	0	0	237	237	0	0	0	0	0	0	0	0	1	0	0	0	0	0	0	0	0	0	0	0	0	0	0	0	0	0	0	0	0	0	0	0	0	0	0	0	0	0	0	0	0	0	0	0	0	0	0
89	0	0	0	0	0	0	0	0	0	781	781	0	0	0	0	0	0	0	0	0.379079	0.379079	0	0	0	0	0	0	0	0	1	0	0	0	0	0	0	0	0	210	210	0	0	0	0	0	0	0	0	1	0	0	0	0	0	0	0	0	84.5498	84.5498	0	0	0	0	0	0	0	0	1	0	0	0	0	0	0	0	0	247	247	0	0	0	0	0	0	0	0	1	0	0	0	0	0	0	0	0	0	0	0	0	0	0	0	0	0	0	0	0	0	0	0	0	0	0	0	0	0	0	0	0	0	0	0	0	0	0
90	0	0	0	0	0	0	0	0	0	772	772	0	0	0	0	0	0	0	0	0.389221	0.389221	0	0	0	0	0	0	0	0	1	0	0	0	0	0	0	0	0	200	200	0	0	0	0	0	0	0	0	1	0	0	0	0	0	0	0	0	82.3045	82.3045	0	0	0	0	0	0	0	0	1	0	0	0	0	0	0	0	0	254	254	0	0	0	0	0	0	0	0	1	0	0	0	0	0	0	0	0	0	0	0	0	0	0	0	0	0	0	0	0	0	0	0	0	0	0	0	0	0	0	0	0	0	0	0	0	0	0
91	0	0	0	0	0	0	0	0	0	779	779	0	0	0	0	0	0	0	0	0.365193	0.365193	0	0	0	0	0	0	0	0	1	0	0	0	0	0	0	0	0	191	191	0	0	0	0	0	0	0	0	1	0	0	0	0	0	0	0	0	82.4413	82.4413	0	0	0	0	0	0	0	0	1	0	0	0	0	0	0	0	0	274	274	0	0	0	0	0	0	0	0	1	0	0	0	0	0	0	0	0	0	0	0	0	0	0	0	0	0	0	0	0	0	0	0	0	0	0	0	0	0	0	0	0	0	0	0	0	0	0
92	0	0	0	0	0	0	0	0	0	764	764	0	0	0	0	0	0	0	0	0.399172	0.399172	0	0	0	0	0	0	0	0	1	0	0	0	0	0	0	0	0	192	192	0	0	0	0	0	0	0	0	1	0	0	0	0	0	0	0	0	82.7079	82.7079	0	0	0	0	0	0	0	0	1	0	0	0	0	0	0	0	0	276	276	0	0	0	0	0	0	0	0	1	0	0	0	0	0	0	0	0	0	0	0	0	0	0	0	0	0	0	0	0	0	0	0	0	0	0	0	0	0	0	0	0	0	0	0	0	0	0
93	0	0	0	0	0	0	0	0	0	782	782	0	0	0	0	0	0	0	0	0.322904	0.322904	0	0	0	0	0	0	0	0	1	0	0	0	0	0	0	0	0	190	190	0	0	0	0	0	0	0	0	1	0	0	0	0	0	0	0	0	85.4754	85.4754	0	0	0	0	0	0	0	0	1	0	0	0	0	0	0	0	0	290	290	0	0	0	0	0	0	0	0	1	0	0	0	0	0	0	0	0	0	0	0	0	0	0	0	0	0	0	0	0	0	0	0	0	0	0	0	0	0	0	0	0	0	0	0	0	0	0
94	0	0	0	0	0	0	0	0	0	785	785	0	0	0	0	0	0	0	0	0.316043	0.316043	0	0	0	0	0	0	0	0	1	0	0	0	0	0	0	0	0	183	183	0	0	0	0	0	0	0	0	1	0	0	0	0	0	0	0	0	85.169	85.169	0	0	0	0	0	0	0	0	1	0	0	0	0	0	0	0	0	296	296	0	0	0	0	0	0	0	0	1	0	0	0	0	0	0	0	0	0	0	0	0	0	0	0	0	0	0	0	0	0	0	0	0	0	0	0	0	0	0	0	0	0	0	0	0	0	0
95	0	0	0	0	0	0	0	0	0	754	754	0	0	0	0	0	0	0	0	0.347919	0.347919	0	0	0	0	0	0	0	0	1	0	0	0	0	0	0	0	0	180	180	0	0	0	0	0	0	0	0	1	0	0	0	0	0	0	0	0	85.4727	85.4727	0	0	0	0	0	0	0	0	1	0	0	0	0	0	0	0	0	294	294	0	0	0	0	0	0	0	0	1	0	0	0	0	0	0	0	0	0	0	0	0	0	0	0	0	0	0	0	0	0	0	0	0	0	0	0	0	0	0	0	0	0	0	0	0	0	0
96	0	0	0	0	0	0	0	0	0	760	760	0	0	0	0	0	0	0	0	0.334603	0.334603	0	0	0	0	0	0	0	0	1	0	0	0	0	0	0	0	0	170	170	0	0	0	0	0	0	0	0	1	0	0	0	0	0	0	0	0	88.0494	88.0494	0	0	0	0	0	0	0	0	1	0	0	0	0	0	0	0	0	302	302	0	0	0	0	0	0	0	0	1	0	0	0	0	0	0	0	0	0	0	0	0	0	0	0	0	0	0	0	0	0	0	0	0	0	0	0	0	0	0	0	0	0	0	0	0	0	0
97	0	0	0	0	0	0	0	0	0	791	791	0	0	0	0	0	0	0	0	0.332515	0.332515	0	0	0	0	0	0	0	0	1	0	0	0	0	0	0	0	0	171	171	0	0	0	0	0	0	0	0	1	0	0	0	0	0	0	0	0	90.4628	90.4628	0	0	0	0	0	0	0	0	1	0	0	0	0	0	0	0	0	305	305	0	0	0	0	0	0	0	0	1	0	0	0	0	0	0	0	0	0	0	0	0	0	0	0	0	0	0	0	0	0	0	0	0	0	0	0	0	0	0	0	0	0	0	0	0	0	0
98	0	0	0	0	0	0	0	0	0	741	741	0	0	0	0	0	0	0	0	0.332987	0.332987	0	0	0	0	0	0	0	0	1	0	0	0	0	0	0	0	0	162	162	0	0	0	0	0	0	0	0	1	0	0	0	0	0	0	0	0	89.6514	89.6514	0	0	0	0	0	0	0	0	1	0	0	0	0	0	0	0	0	304	304	0	0	0	0	0	0	0	0	1	0	0	0	0	0	0	0	0	0	0	0	0	0	0	0	0	0	0	0	0	0	0	0	0	0	0	0	0	0	0	0	0	0	0	0	0	0	0
99	0	0	0	0	0	0	0	0	0	749	749	0	0	0	0	0	0	0	0	0.310862	0.310862	0	0	0	0	0	0	0	0	1	0	0	0	0	0	0	0	0	148	148	0	0	0	0	0	0	0	0	1	0	0	0	0	0	0	0	0	92.3145	92.3145	0	0	0	0	0	0	0	0	1	0	0	0	0	0	0	0	0	310	310	0	0	0	0	0	0	0	0	1	0	0	0	0	0	0	0	0	0	0	0	0	0	0	0	0	0	0	0	0	0	0	0	0	0	0	0	0	0	0	0	0	0	0	0	0	0	0
100	0	0	0	0	0	0	0	0	0	759	759	0	0	0	0	0	0	0	0	0.281953	0.281953	0	0	0	0	0	0	0	0	1	0	0	0	0	0	0	0	0	129	129	0	0	0	0	0	0	0	0	1	0	0	0	0	0	0	0	0	94.7807	94.7807	0	0	0	0	0	0	0	0	1	0	0	0	0	0	0	0	0	313	313	0	0	0	0	0	0	0	0	1	0	0	0	0	0	0	0	0	0	0	0	0	0	0	0	0	0	0	0	0	0	0	0	0	0	0	0	0	0	0	0	0	0	0	0	0	0	0
101	0	0	0	0	0	0	0	0	0	749	749	0	0	0	0	0	0	0	0	0.288299	0.288299	0	0	0	0	0	0	0	0	1	0	0	0	0	0	0	0	0	119	119	0	0	0	0	0	0	0	0	1	0	0	0	0	0	0	0	0	96.6452	96.6452	0	0	0	0	0	0	0	0	1	0	0	0	0	0	0	0	0	307	307	0	0	0	0	0	0	0	0	1	0	0	0	0	0	0	0	0	0	0	0	0	0	0	0	0	0	0	0	0	0	0	0	0	0	0	0	0	0	0	0	0	0	0	0	0	0	0
102	0	0	0	0	0	0	0	0	0	750	750	0	0	0	0	0	0	0	0	0.240335	0.240335	0	0	0	0	0	0	0	0	1	0	0	0	0	0	0	0	0	111	111	0	0	0	0	0	0	0	0	1	0	0	0	0	0	0	0	0	98.1029	98.1029	0	0	0	0	0	0	0	0	1	0	0	0	0	0	0	0	0	310	310	0	0	0	0	0	0	0	0	1	0	0	0	0	0	0	0	0	0	0	0	0	0	0	0	0	0	0	0	0	0	0	0	0	0	0	0	0	0	0	0	0	0	0	0	0	0	0
103	0	0	0	0	0	0	0	0	0	735	735	0	0	0	0	0	0	0	0	0.227218	0.227218	0	0	0	0	0	0	0	0	1	0	0	0	0	0	0	0	0	104	104	0	0	0	0	0	0	0	0	1	0	0	0	0	0	0	0	0	97.4353	97.4353	0	0	0	0	0	0	0	0	1	0	0	0	0	0	0	0	0	311	311	0	0	0	0	0	0	0	0	1	0	0	0	0	0	0	0	0	0	0	0	0	0	0	0	0	0	0	0	0	0	0	0	0	0	0	0	0	0	0	0	0	0	0	0	0	0	0
104	0	0	0	0	0	0	0	0	0	716	716	0	0	0	0	0	0	0	0	0.215341	0.215341	0	0	0	0	0	0	0	0	1	0	0	0	0	0	0	0	0	93	93	0	0	0	0	0	0	0	0	1	0	0	0	0	0	0	0	0	99.7137	99.7137	0	0	0	0	0	0	0	0	1	0	0	0	0	0	0	0	0	309	309	0	0	0	0	0	0	0	0	1	0	0	0	0	0	0	0	0	0	0	0	0	0	0	0	0	0	0	0	0	0	0	0	0	0	0	0	0	0	0	0	0	0	0	0	0	0	0
105	0	0	0	0	0	0	0	0	0	719	719	0	0	0	0	0	0	0	0	0.188452	0.188452	0	0	0	0	0	0	0	0	1	0	0	0	0	0	0	0	0	83	83	0	0	0	0	0	0	0	0	1	0	0	0	0	0	0	0	0	101.088	101.088	0	0	0	0	0	0	0	0	1	0	0	0	0	0	0	0	0	306	306	0	0	0	0	0	0	0	0	1	0	0	0	0	0	0	0	0	0	0	0	0	0	0	0	0	0	0	0	0	0	0	0	0	0	0	0	0	0	0	0	0	0	0	0	0	0	0
106	0	0	0	0	0	0	0	0	0	719	719	0	0	0	0	0	0	0	0	0.174137	0.174137	0	0	0	0	0	0	0	0	1	0	0	0	0	0	0	0	0	72	72	0	0	0	0	0	0	0	0	1	0	0	0	0	0	0	0	0	100.524	100.524	0	0	0	0	0	0	0	0	1	0	0	0	0	0	0	0	0	300	300	0	0	0	0	0	0	0	0	1	0	0	0	0	0	0	0	0	0	0	0	0	0	0	0	0	0	0	0	0	0	0	0	0	0	0	0	0	0	0	0	0	0	0	0	0	0	0
107	0	0	0	0	0	0	0	0	0	716	716	0	0	0	0	0	0	0	0	0.14765	0.14765	0	0	0	0	0	0	0	0	1	0	0	0	0	0	0	0	0	63	63	0	0	0	0	0	0	0	0	1	0	0	0	0	0	0	0	0	101.418	101.418	0	0	0	0	0	0	0	0	1	0	0	0	0	0	0	0	0	297	297	0	0	0	0	0	0	0	0	1	0	0	0	0	0	0	0	0	0	0	0	0	0	0	0	0	0	0	0	0	0	0	0	0	0	0	0	0	0	0	0	0	0	0	0	0	0	0
108	0	0	0	0	0	0	0	0	0	733	733	0	0	0	0	0	0	0	0	0.128205	0.128205	0	0	0	0	0	0	0	0	1	0	0	0	0	0	0	0	0	55	55	0	0	0	0	0	0	0	0	1	0	0	0	0	0	0	0	0	102.638	102.638	0	0	0	0	0	0	0	0	1	0	0	0	0	0	0	0	0	288	288	0	0	0	0	0	0	0	0	1	0	0	0	0	0	0	0	0	0	0	0	0	0	0	0	0	0	0	0	0	0	0	0	0	0	0	0	0	0	0	0	0	0	0	0	0	0	0
109	0	0	0	0	0	0	0	0	0	742	742	0	0	0	0	0	0	0	0	0.163671	0.163671	0	0	0	0	0	0	0	0	1	0	0	0	0	0	0	0	0	51	51	0	0	0	0	0	0	0	0	1	0	0	0	0	0	0	0	0	104.231	104.231	0	0	0	0	0	0	0	0	1	0	0	0	0	0	0	0	0	281	281	0	0	0	0	0	0	0	0	1	0	0	0	0	0	0	0	0	0	0	0	0	0	0	0	0	0	0	0	0	0	0	0	0	0	0	0	0	0	0	0	0	0	0	0	0	0	0
110	0	0	0	0	0	0	0	0	0	709	709	0	0	0	0	0	0	0	0	0.118722	0.118722	0	0	0	0	0	0	0	0	1	0	0	0	0	0	0	0	0	43	43	0	0	0	0	0	0	0	0	1	0	0	0	0	0	0	0	0	101.492	101.492	0	0	0	0	0	0	0	0	1	0	0	0	0	0	0	0	0	275	275	0	0	0	0	0	0	0	0	1	0	0	0	0	0	0	0	0	0	0	0	0	0	0	0	0	0	0	0	0	0	0	0	0	0	0	0	0	0	0	0	0	0	0	0	0	0	0
111	0	0	0	0	0	0	0	0	0	697	697	0	0	0	0	0	0	0	0	0.101351	0.101351	0	0	0	0	0	0	0	0	1	0	0	0	0	0	0	0	0	33	33	0	0	0	0	0	0	0	0	1	0	0	0	0	0	0	0	0	100.57	100.57	0	0	0	0	0	0	0	0	1	0	0	0	0	0	0	0	0	264	264	0	0	0	0	0	0	0	0	1	0	0	0	0	0	0	0	0	0	0	0	0	0	0	0	0	0	0	0	0	0	0	0	0	0	0	0	0	0	0	0	0	0	0	0	0	0	0
112	0	0	0	0	0	0	0	0	0	709	709	0	0	0	0	0	0	0	0	0.0888496	0.0888496	0	0	0	0	0	0	0	0	1	0	0	0	0	0	0	0	0	27	27	0	0	0	0	0	0	0	0	1	0	0	0	0	0	0	0	0	100.157	100.157	0	0	0	0	0	0	0	0	1	0	0	0	0	0	0	0	0	256	256	0	0	0	0	0	0	0	0	1	0	0	0	0	0	0	0	0	0	0	0	0	0	0	0	0	0	0	0	0	0	0	0	0	0	0	0	0	0	0	0	0	0	0	0	0	0	0
113	0	0	0	0	0	0	0	0	0	711	711	0	0	0	0	0	0	0	0	0.0889401	0.0889401	0	0	0	0	0	0	0	0	1	0	0	0	0	0	0	0	0	27	27	0	0	0	0	0	0	0	0	1	0	0	0	0	0	0	0	0	102.833	102.833	0	0	0	0	0	0	0	0	1	0	0	0	0	0	0	0	0	252	252	0	0	0	0	0	0	0	0	1	0	0	0	0	0	0	0	0	0	0	0	0	0	0	0	0	0	0	0	0	0	0	0	0	0	0	0	0	0	0	0	0	0	0	0	0	0	0
114	0	0	0	0	0	0	0	0	0	719	719	0	0	0	0	0	0	0	0	0.0676149	0.0676149	0	0	0	0	0	0	0	0	1	0	0	0	0	0	0	0	0	22	22	0	0	0	0	0	0	0	0	1	0	0	0	0	0	0	0	0	103.501	103.501	0	0	0	0	0	0	0	0	1	0	0	0	0	0	0	0	0	241	241	0	0	0	0	0	0	0	0	1	0	0	0	0	0	0	0	0	0	0	0	0	0	0	0	0	0	0	0	0	0	0	0	0	0	0	0	0	0	0	0	0	0	0	0	0	0	0
115	0	0	0	0	0	0	0	0	0	711	711	0	0	0	0	0	0	0	0	0.0394115	0.0394115	0	0	0	0	0	0	0	0	1	0	0	0	0	0	0	0	0	17	17	0	0	0	0	0	0	0	0	1	0	0	0	0	0	0	0	0	104.118	104.118	0	0	0	0	0	0	0	0	1	0	0	0	0	0	0	0	0	235	235	0	0	0	0	0	0	0	0	1	0	0	0	0	0	0	0	0	0	0	0	0	0	0	0	0	0	0	0	0	0	0	0	0	0	0	0	0	0	0	0	0	0	0	0	0	0	0
116	0	0	0	0	0	0	0	0	0	739	739	0	0	0	0	0	0	0	0	0.0343225	0.0343225	0	0	0	0	0	0	0	0	1	0	0	0	0	0	0	0	0	16	16	0	0	0	0	0	0	0	0	1	0	0	0	0	0	0	0	0	104.615	104.615	0	0	0	0	0	0	0	0	1	0	0	0	0	0	0	0	0	228	228	0	0	0	0	0	0	0	0	1	0	0	0	0	0	0	0	0	0	0	0	0	0	0	0	0	0	0	0	0	0	0	0	0	0	0	0	0	0	0	0	0	0	0	0	0	0	0
117	0	0	0	0	0	0	0	0	0	702	702	0	0	0	0	0	0	0	0	0.0446957	0.0446957	0	0	0	0	0	0	0	0	1	0	0	0	0	0	0	0	0	15	15	0	0	0	0	0	0	0	0	1	0	0	0	0	0	0	0	0	101.79	101.79	0	0	0	0	0	0	0	0	1	0	0	0	0	0	0	0	0	215	215	0	0	0	0	0	0	0	0	1	0	0	0	0	0	0	0	0	0	0	0	0	0	0	0	0	0	0	0	0	0	0	0	0	0	0	0	0	0	0	0	0	0	0	0	0	0	0
118	0	0	0	0	0	0	0	0	0	714	714	0	0	0	0	0	0	0	0	0.0171242	0.0171242	0	0	0	0	0	0	0	0	1	0	0	0	0	0	0	0	0	10	10	0	0	0	0	0	0	0	0	1	0	0	0	0	0	0	0	0	99.7208	99.7208	0	0	0	0	0	0	0	0	1	0	0	0	0	0	0	0	0	210	210	0	0	0	0	0	0	0	0	1	0	0	0	0	0	0	0	0	0	0	0	0	0	0	0	0	0	0	0	0	0	0	0	0	0	0	0	0	0	0	0	0	0	0	0	0	0	0
119	0	0	0	0	0	0	0	0	0	709	709	0	0	0	0	0	0	0	0	0.0200241	0.0200241	0	0	0	0	0	0	0	0	1	0	0	0	0	0	0	0	0	8	8	0	0	0	0	0	0	0	0	1	0	0	0	0	0	0	0	0	99.2001	99.2001	0	0	0	0	0	0	0	0	1	0	0	0	0	0	0	0	0	203	203	0	0	0	0	0	0	0	0	1	0	0	0	0	0	0	0	0	0	0	0	0	0	0	0	0	0	0	0	0	0	0	0	0	0	0	0	0	0	0	0	0	0	0	0	0	0	0
120	0	0	0	0	0	0	0	0	0	717	717	0	0	0	0	0	0	0	0	0.0129859	0.0129859	0	0	0	0	0	0	0	0	1	0	0	0	0	0	0	0	0	6	6	0	0	0	0	0	0	0	0	1	0	0	0	0	0	0	0	0	100.262	100.262	0	0	0	0	0	0	0	0	1	0	0	0	0	0	0	0	0	195	195	0	0	0	0	0	0	0	0	1	0	0	0	0	0	0	0	0	0	0	0	0	0	0	0	0	0	0	0	0	0	0	0	0	0	0	0	0	0	0	0	0	0	0	0	0	0	0
121	0	0	0	0	0	0	0	0	0	718	718	0	0	0	0	0	0	0	0	0.0221242	0.0221242	0	0	0	0	0	0	0	0	1	0	0	0	0	0	0	0	0	5	5	0	0	0	0	0	0	0	0	1	0	0	0	0	0	0	0	0	97.7543	97.7543	0	0	0	0	0	0	0	0	1	0	0	0	0	0	0	0	0	186	186	0	0	0	0	0	0	0	0	1	0	0	0	0	0	0	0	0	0	0	0	0	0	0	0	0	0	0	0	0	0	0	0	0	0	0	0	0	0	0	0	0	0	0	0	0	0	0
122	0	0	0	0	0	0	0	0	0	739	739	0	0	0	0	0	0	0	0	0.00949127	0.00949127	0	0	0	0	0	0	0	0	1	0	0	0	0	0	0	0	0	5	5	0	0	0	0	0	0	0	0	1	0	0	0	0	0	0	0	0	99.1996	99.1996	0	0	0	0	0	0	0	0	1	0	0	0	0	0	0	0	0	184	184	0	0	0	0	0	0	0	0	1	0	0	0	0	0	0	0	0	0	0	0	0	0	0	0	0	0	0	0	0	0	0	0	0	0	0	0	0	0	0	0	0	0	0	0	0	0	0
123	0	0	0	0	0	0	0	0	0	712	712	0	0	0	0	0	0	0	0	0.00867635	0.00867635	0	0	0	0	0	0	0	0	1	0	0	0	0	0	0	0	0	9	9	0	0	0	0	0	0	0	0	1	0	0	0	0	0	0	0	0	98.7284	98.7284	0	0	0	0	0	0	0	0	1	0	0	0	0	0	0	0	0	174	174	0	0	0	0	0	0	0	0	1	0	0	0	0	0	0	0	0	0	0	0	0	0	0	0	0	0	0	0	0	0	0	0	0	0	0	0	0	0	0	0	0	0	0	0	0	0	0
124	0	0	0	0	0	0	0	0	0	740	740	0	0	0	0	0	0	0	0	0.00299572	0.00299572	0	0	0	0	0	0	0	0	1	0	0	0	0	0	0	0	0	8	8	0	0	0	0	0	0	0	0	1	0	0	0	0	0	0	0	0	99.9311	99.9311	0	0	0	0	0	0	0	0	1	0	0	0	0	0	0	0	0	172	172	0	0	0	0	0	0	0	0	1	0	0	0	0	0	0	0	0	0	0	0	0	0	0	0	0	0	0	0	0	0	0	0	0	0	0	0	0	0	0	0	0	0	0	0	0	0	0
125	0	0	0	0	0	0	0	0	0	745	745	0	0	0	0	0	0	0	0	0.00747598	0.00747598	0	0	0	0	0	0	0	0	1	0	0	0	0	0	0	0	0	11	11	0	0	0	0	0	0	0	0	1	0	0	0	0	0	0	0	0	99.0334	99.0334	0	0	0	0	0	0	0	0	1	0	0	0	0	0	0	0	0	164	164	0	0	0	0	0	0	0	0	1	0	0	0	0	0	0	0	0	0	0	0	0	0	0	0	0	0	0	0	0	0	0	0	0	0	0	0	0	0	0	0	0	0	0	0	0	0	0
126	0	0	0	0	0	0	0	0	0	744	744	0	0	0	0	0	0	0	0	0.0190045	0.0190045	0	0	0	0	0	0	0	0	1	0	0	0	0	0	0	0	0	15	15	0	0	0	0	0	0	0	0	1	0	0	0	0	0	0	0	0	95.4056	95.4056	0	0	0	0	0	0	0	0	1	0	0	0	0	0	0	0	0	154	154	0	0	0	0	0	0	0	0	1	0	0	0	0	0	0	0	0	0	0	0	0	0	0	0	0	0	0	0	0	0	0	0	0	0	0	0	0	0	0	0	0	0	0	0	0	0	0
127	0	0	0	0	0	0	0	0	0	782	782	0	0	0	0	0	0	0	0	0.0254398	0.0254398	0	0	0	0	0	0	0	0	1	0	0	0	0	0	0	0	0	17	17	0	0	0	0	0	0	0	0	1	0	0	0	0	0	0	0	0	95.1261	95.1261	0	0	0	0	0	0	0	0	1	0	0	0	0	0	0	0	0	150	150	0	0	0	0	0	0	0	0	1	0	0	0	0	0	0	0	0	0	0	0	0	0	0	0	0	0	0	0	0	0	0	0	0	0	0	0	0	0	0	0	0	0	0	0	0	0	0
128	0	0	0	0	0	0	0	0	0	791	791	0	0	0	0	0	0	0	0	0.021696	0.021696	0	0	0	0	0	0	0	0	1	0	0	0	0	0	0	0	0	17	17	0	0	0	0	0	0	0	0	1	0	0	0	0	0	0	0	0	93.8025	93.8025	0	0	0	0	0	0	0	0	1	0	0	0	0	0	0	0	0	145	145	0	0	0	0	0	0	0	0	1	0	0	0	0	0	0	0	0	0	0	0	0	0	0	0	0	0	0	0	0	0	0	0	0	0	0	0	0	0	0	0	0	0	0	0	0	0	0
129	0	0	0	0	0	0	0	0	0	794	794	0	0	0	0	0	0	0	0	0.0190779	0.0190779	0	0	0	0	0	0	0	0	1	0	0	0	0	0	0	0	0	29	29	0	0	0	0	0	0	0	0	1	0	0	0	0	0	0	0	0	94.6548	94.6548	0	0	0	0	0	0	0	0	1	0	0	0	0	0	0	0	0	145	145	0	0	0	0	0	0	0	0	1	0	0	0	0	0	0	0	0	0	0	0	0	0	0	0	0	0	0	0	0	0	0	0	0	0	0	0	0	0	0	0	0	0	0	0	0	0	0
130	0	0	0	0	0	0	0	0	0	823	823	0	0	0	0	0	0	0	0	0.0427511	0.0427511	0	0	0	0	0	0	0	0	1	0	0	0	0	0	0	0	0	46	46	0	0	0	0	0	0	0	0	1	0	0	0	0	0	0	0	0	94.5632	94.5632	0	0	0	0	0	0	0	0	1	0	0	0	0	0	0	0	0	139	139	0	0	0	0	0	0	0	0	1	0	0	0	0	0	0	0	0	0	0	0	0	0	0	0	0	0	0	0	0	0	0	0	0	0	0	0	0	0	0	0	0	0	0	0	0	0	0
131	0	0	0	0	0	0	0	0	0	823	823	0	0	0	0	0	0	0	0	0.0597215	0.0597215	0	0	0	0	0	0	0	0	1	0	0	0	0	0	0	0	0	57	57	0	0	0	0	0	0	0	0	1	0	0	0	0	0	0	0	0	93.3233	93.3233	0	0	0	0	0	0	0	0	1	0	0	0	0	0	0	0	0	136	136	0	0	0	0	0	0	0	0	1	0	0	0	0	0	0	0	0	0	0	0	0	0	0	0	0	0	0	0	0	0	0	0	0	0	0	0	0	0	0	0	0	0	0	0	0	0	0
132	0	0	0	0	0	0	0	0	0	823	823	0	0	0	0	0	0	0	0	0.0708795	0.0708795	0	0	0	0	0	0	0	0	1	0	0	0	0	0	0	0	0	62	62	0	0	0	0	0	0	0	0	1	0	0	0	0	0	0	0	0	88.8375	88.8375	0	0	0	0	0	0	0	0	1	0	0	0	0	0	0	0	0	134	134	0	0	0	0	0	0	0	0	1	0	0	0	0	0	0	0	0	0	0	0	0	0	0	0	0	0	0	0	0	0	0	0	0	0	0	0	0	0	0	0	0	0	0	0	0	0	0
133	0	0	0	0	0	0	0	0	0	840	840	0	0	0	0	0	0	0	0	0.0753754	0.0753754	0	0	0	0	0	0	0	0	1	0	0	0	0	0	0	0	0	73	73	0	0	0	0	0	0	0	0	1	0	0	0	0	0	0	0	0	88.2287	88.2287	0	0	0	0	0	0	0	0	1	0	0	0	0	0	0	0	0	138	138	0	0	0	0	0	0	0	0	1	0	0	0	0	0	0	0	0	0	0	0	0	0	0	0	0	0	0	0	0	0	0	0	0	0	0	0	0	0	0	0	0	0	0	0	0	0	0
134	0	0	0	0	0	0	0	0	0	833	833	0	0	0	0	0	0	0	0	0.1146	0.1146	0	0	0	0	0	0	0	0	1	0	0	0	0	0	0	0	0	96	96	0	0	0	0	0	0	0	0	1	0	0	0	0	0	0	0	0	88.3748	88.3748	0	0	0	0	0	0	0	0	1	0	0	0	0	0	0	0	0	143	143	0	0	0	0	0	0	0	0	1	0	0	0	0	0	0	0	0	0	0	0	0	0	0	0	0	0	0	0	0	0	0	0	0	0	0	0	0	0	0	0	0	0	0	0	0	0	0
135	0	0	0	0	0	0	0	0	0	864	864	0	0	0	0	0	0	0	0	0.123052	0.123052	0	0	0	0	0	0	0	0	1	0	0	0	0	0	0	0	0	105	105	0	0	0	0	0	0	0	0	1	0	0	0	0	0	0	0	0	88.3243	88.3243	0	0	0	0	0	0	0	0	1	0	0	0	0	0	0	0	0	149	149	0	0	0	0	0	0	0	0	1	0	0	0	0	0	0	0	0	0	0	0	0	0	0	0	0	0	0	0	0	0	0	0	0	0	0	0	0	0	0	0	0	0	0	0	0	0	0
136	0	0	0	0	0	0	0	0	0	862	862	0	0	0	0	0	0	0	0	0.167495	0.167495	0	0	0	0	0	0	0	0	1	0	0	0	0	0	0	0	0	124	124	0	0	0	0	0	0	0	0	1	0	0	0	0	0	0	0	0	86.5414	86.5414	0	0	0	0	0	0	0	0	1	0	0	0	0	0	0	0	0	149	149	0	0	0	0	0	0	0	0	1	0	0	0	0	0	0	0	0	0	0	0	0	0	0	0	0	0	0	0	0	0	0	0	0	0	0	0	0	0	0	0	0	0	0	0	0	0	0
137	0	0	0	0	0	0	0	0	0	887	887	0	0	0	0	0	0	0	0	0.212482	0.212482	0	0	0	0	0	0	0	0	1	0	0	0	0	0	0	0	0	136	136	0	0	0	0	0	0	0	0	1	0	0	0	0	0	0	0	0	85.3265	85.3265	0	0	0	0	0	0	0	0	1	0	0	0	0	0	0	0	0	158	158	0	0	0	0	0	0	0	0	1	0	0	0	0	0	0	0	0	0	0	0	0	0	0	0	0	0	0	0	0	0	0	0	0	0	0	0	0	0	0	0	0	0	0	0	0	0	0
138	0	0	0	0	0	0	0	0	0	940	940	0	0	0	0	0	0	0	0	0.203381	0.203381	0	0	0	0	0	0	0	0	1	0	0	0	0	0	0	0	0	144	144	0	0	0	0	0	0	0	0	1	0	0	0	0	0	0	0	0	87.4514	87.4514	0	0	0	0	0	0	0	0	1	0	0	0	0	0	0	0	0	176	176	0	0	0	0	0	0	0	0	1	0	0	0	0	0	0	0	0	0	0	0	0	0	0	0	0	0	0	0	0	0	0	0	0	0	0	0	0	0	0	0	0	0	0	0	0	0	0
139	0	0	0	0	0	0	0	0	0	906	906	0	0	0	0	0	0	0	0	0.228852	0.228852	0	0	0	0	0	0	0	0	1	0	0	0	0	0	0	0	0	158	158	0	0	0	0	0	0	0	0	1	0	0	0	0	0	0	0	0	84.8445	84.8445	0	0	0	0	0	0	0	0	1	0	0	0	0	0	0	0	0	186	186	0	0	0	0	0	0	0	0	1	0	0	0	0	0	0	0	0	0	0	0	0	0	0	0	0	0	0	0	0	0	0	0	0	0	0	0	0	0	0	0	0	0	0	0	0	0	0
140	0	0	0	0	0	0	0	0	0	935	935	0	0	0	0	0	0	0	0	0.245443	0.245443	0	0	0	0	0	0	0	0	1	0	0	0	0	0	0	0	0	184	184	0	0	0	0	0	0	0	0	1	0	0	0	0	0	0	0	0	87.5195	87.5195	0	0	0	0	0	0	0	0	1	0	0	0	0	0	0	0	0	199	199	0	0	0	0	0	0	0	0	1	0	0	0	0	0	0	0	0	0	0	0	0	0	0	0	0	0	0	0	0	0	0	0	0	0	0	0	0	0	0	0	0	0	0	0	0	0	0
141	0	0	0	0	0	0	0	0	0	938	938	0	0	0	0	0	0	0	0	0.264192	0.264192	0	0	0	0	0	0	0	0	1	0	0	0	0	0	0	0	0	196	196	0	0	0	0	0	0	0	0	1	0	0	0	0	0	0	0	0	86.9213	86.9213	0	0	0	0	0	0	0	0	1	0	0	0	0	0	0	0	0	207	207	0	0	0	0	0	0	0	0	1	0	0	0	0	0	0	0	0	0	0	0	0	0	0	0	0	0	0	0	0	0	0	0	0	0	0	0	0	0	0	0	0	0	0	0	0	0	0
142	0	0	0	0	0	0	0	0	0	883	883	0	0	0	0	0	0	0	0	0.282587	0.282587	0	0	0	0	0	0	0	0	1	0	0	0	0	0	0	0	0	218	218	0	0	0	0	0	0	0	0	1	0	0	0	0	0	0	0	0	88.0564	88.0564	0	0	0	0	0	0	0	0	1	0	0	0	0	0	0	0	0	215	215	0	0	0	0	0	0	0	0	1	0	0	0	0	0	0	0	0	0	0	0	0	0	0	0	0	0	0	0	0	0	0	0	0	0	0	0	0	0	0	0	0	0	0	0	0	0	0
143	0	0	0	0	0	0	0	0	0	841	841	0	0	0	0	0	0	0	0	0.341831	0.341831	0	0	0	0	0	0	0	0	1	0	0	0	0	0	0	0	0	233	233	0	0	0	0	0	0	0	0	1	0	0	0	0	0	0	0	0	84.1772	84.1772	0	0	0	0	0	0	0	0	1	0	0	0	0	0	0	0	0	222	222	0	0	0	0	0	0	0	0	1	0	0	0	0	0	0	0	0	0	0	0	0	0	0	0	0	0	0	0	0	0	0	0	0	0	0	0	0	0	0	0	0	0	0	0	0	0	0
144	0	0	0	0	0	0	0	0	0	827	827	0	0	0	0	0	0	0	0	0.360783	0.360783	0	0	0	0	0	0	0	0	1	0	0	0	0	0	0	0	0	223	223	0	0	0	0	0	0	0	0	1	0	0	0	0	0	0	0	0	83.6908	83.6908	0	0	0	0	0	0	0	0	1	0	0	0	0	0	0	0	0	233	233	0	0	0	0	0	0	0	0	1	0	0	0	0	0	0	0	0	0	0	0	0	0	0	0	0	0	0	0	0	0	0	0	0	0	0	0	0	0	0	0	0	0	0	0	0	0	0
145	0	0	0	0	0	0	0	0	0	760	760	0	0	0	0	0	0	0	0	0.391305	0.391305	0	0	0	0	0	0	0	0	1	0	0	0	0	0	0	0	0	216	216	0	0	0	0	0	0	0	0	1	0	0	0	0	0	0	0	0	81.9271	81.9271	0	0	0	0	0	0	0	0	1	0	0	0	0	0	0	0	0	245	245	0	0	0	0	0	0	0	0	1	0	0	0	0	0	0	0	0	0	0	0	0	0	0	0	0	0	0	0	0	0	0	0	0	0	0	0	0	0	0	0	0	0	0	0	0	0	0
146	0	0	0	0	0	0	0	0	0	755	755	0	0	0	0	0	0	0	0	0.404703	0.404703	0	0	0	0	0	0	0	0	1	0	0	0	0	0	0	0	0	211	211	0	0	0	0	0	0	0	0	1	0	0	0	0	0	0	0	0	80.6676	80.6676	0	0	0	0	0	0	0	0	1	0	0	0	0	0	0	0	0	263	263	0	0	0	0	0	0	0	0	1	0	0	0	0	0	0	0	0	0	0	0	0	0	0	0	0	0	0	0	0	0	0	0	0	0	0	0	0	0	0	0	0	0	0	0	0	0	0
147	0	0	0	0	0	0	0	0	0	764	764	0	0	0	0	0	0	0	0	0.423064	0.423064	0	0	0	0	0	0	0	0	1	0	0	0	0	0	0	0	0	197	197	0	0	0	0	0	0	0	0	1	0	0	0	0	0	0	0	0	82.6275	82.6275	0	0	0	0	0	0	0	0	1	0	0	0	0	0	0	0	0	277	277	0	0	0	0	0	0	0	0	1	0	0	0	0	0	0	0	0	0	0	0	0	0	0	0	0	0	0	0	0	0	0	0	0	0	0	0	0	0	0	0	0	0	0	0	0	0	0
148	0	0	0	0	0	0	0	0	0	773	773	0	0	0	0	0	0	0	0	0.42089	0.42089	0	0	0	0	0	0	0	0	1	0	0	0	0	0	0	0	0	188	188	0	0	0	0	0	0	0	0	1	0	0	0	0	0	0	0	0	86.1596	86.1596	0	0	0	0	0	0	0	0	1	0	0	0	0	0	0	0	0	297	297	0	0	0	0	0	0	0	0	1	0	0	0	0	0	0	0	0	0	0	0	0	0	0	0	0	0	0	0	0	0	0	0	0	0	0	0	0	0	0	0	0	0	0	0	0	0	0
149	0	0	0	0	0	0	0	0	0	742	742	0	0	0	0	0	0	0	0	0.370496	0.370496	0	0	0	0	0	0	0	0	1	0	0	0	0	0	0	0	0	168	168	0	0	0	0	0	0	0	0	1	0	0	0	0	0	0	0	0	87.757	87.757	0	0	0	0	0	0	0	0	1	0	0	0	0	0	0	0	0	311	311	0	0	0	0	0	0	0	0	1	0	0	0	0	0	0	0	0	0	0	0	0	0	0	0	0	0	0	0	0	0	0	0	0	0	0	0	0	0	0	0	0	0	0	0	0	0	0
150	0	0	0	0	0	0	0	0	0	755	755	0	0	0	0	0	0	0	0	0.364554	0.364554	0	0	0	0	0	0	0	0	1	0	0	0	0	0	0	0	0	152	152	0	0	0	0	0	0	0	0	1	0	0	0	0	0	0	0	0	90.4258	90.4258	0	0	0	0	0	0	0	0	1	0	0	0	0	0	0	0	0	310	310	0	0	0	0	0	0	0	0	1	0	0	0	0	0	0	0	0	0	0	0	0	0	0	0	0	0	0	0	0	0	0	0	0	0	0	0	0	0	0	0	0	0	0	0	0	0	0
151	0	0	0	0	0	0	0	0	0	738	738	0	0	0	0	0	0	0	0	0.324806	0.324806	0	0	0	0	0	0	0	0	1	0	0	0	0	0	0	0	0	144	144	0	0	0	0	0	0	0	0	1	0	0	0	0	0	0	0	0	90.9458	90.9458	0	0	0	0	0	0	0	0	1	0	0	0	0	0	0	0	0	312	312	0	0	0	0	0	0	0	0	1	0	0	0	0	0	0	0	0	0	0	0	0	0	0	0	0	0	0	0	0	0	0	0	0	0	0	0	0	0	0	0	0	0	0	0	0	0	0
152	0	0	0	0	0	0	0	0	0	733	733	0	0	0	0	0	0	0	0	0.333867	0.333867	0	0	0	0	0	0	0	0	1	0	0	0	0	0	0	0	0	143	143	0	0	0	0	0	0	0	0	1	0	0	0	0	0	0	0	0	93.9251	93.9251	0	0	0	0	0	0	0	0	1	0	0	0	0	0	0	0	0	306	306	0	0	0	0	0	0	0	0	1	0	0	0	0	0	0	0	0	0	0	0	0	0	0	0	0	0	0	0	0	0	0	0	0	0	0	0	0	0	0	0	0	0	0	0	0	0	0
153	0	0	0	0	0	0	0	0	0	770	770	0	0	0	0	0	0	0	0	0.304171	0.304171	0	0	0	0	0	0	0	0	1	0	0	0	0	0	0	0	0	131	131	0	0	0	0	0	0	0	0	1	0	0	0	0	0	0	0	0	98.0612	98.0612	0	0	0	0	0	0	0	0	1	0	0	0	0	0	0	0	0	314	314	0	0	0	0	0	0	0	0	1	0	0	0	0	0	0	0	0	0	0	0	0	0	0	0	0	0	0	0	0	0	0	0	0	0	0	0	0	0	0	0	0	0	0	0	0	0	0
154	0	0	0	0	0	0	0	0	0	760	760	0	0	0	0	0	0	0	0	0.277366	0.277366	0	0	0	0	0	0	0	0	1	0	0	0	0	0	0	0	0	124	124	0	0	0	0	0	0	0	0	1	0	0	0	0	0	0	0	0	100.212	100.212	0	0	0	0	0	0	0	0	1	0	0	0	0	0	0	0	0	311	311	0	0	0	0	0	0	0	0	1	0	0	0	0	0	0	0	0	0	0	0	0	0	0	0	0	0	0	0	0	0	0	0	0	0	0	0	0	0	0	0	0	0	0	0	0	0	0
155	0	0	0	0	0	0	0	0	0	726	726	0	0	0	0	0	0	0	0	0.233892	0.233892	0	0	0	0	0	0	0	0	1	0	0	0	0	0	0	0	0	106	106	0	0	0	0	0	0	0	0	1	0	0	0	0	0	0	0	0	100.302	100.302	0	0	0	0	0	0	0	0	1	0	0	0	0	0	0	0	0	307	307	0	0	0	0	0	0	0	0	1	0	0	0	0	0	0	0	0	0	0	0	0	0	0	0	0	0	0	0	0	0	0	0	0	0	0	0	0	0	0	0	0	0	0	0	0	0	0
156	0	0	0	0	0	0	0	0	0	714	714	0	0	0	0	0	0	0	0	0.262595	0.262595	0	0	0	0	0	0	0	0	1	0	0	0	0	0	0	0	0	101	101	0	0	0	0	0	0	0	0	1	0	0	0	0	0	0	0	0	97.4046	97.4046	0	0	0	0	0	0	0	0	1	0	0	0	0	0	0	0	0	287	287	0	0	0	0	0	0	0	0	1	0	0	0	0	0	0	0	0	0	0	0	0	0	0	0	0	0	0	0	0	0	0	0	0	0	0	0	0	0	0	0	0	0	0	0	0	0	0
157	0	0	0	0	0	0	0	0	0	735	735	0	0	0	0	0	0	0	0	0.258385	0.258385	0	0	0	0	0	0	0	0	1	0	0	0	0	0	0	0	0	93	93	0	0	0	0	0	0	0	0	1	0	0	0	0	0	0	0	0	99.6354	99.6354	0	0	0	0	0	0	0	0	1	0	0	0	0	0	0	0	0	283	283	0	0	0	0	0	0	0	0	1	0	0	0	0	0	0	0	0	0	0	0	0	0	0	0	0	0	0	0	0	0	0	0	0	0	0	0	0	0	0	0	0	0	0	0	0	0	0
158	0	0	0	0	0	0	0	0	0	735	735	0	0	0	0	0	0	0	0	0.225173	0.225173	0	0	0	0	0	0	0	0	1	0	0	0	0	0	0	0	0	77	77	0	0	0	0	0	0	0	0	1	0	0	0	0	0	0	0	0	101.361	101.361	0	0	0	0	0	0	0	0	1	0	0	0	0	0	0	0	0	280	280	0	0	0	0	0	0	0	0	1	0	0	0	0	0	0	0	0	0	0	0	0	0	0	0	0	0	0	0	0	0	0	0	0	0	0	0	0	0	0	0	0	0	0	0	0	0	0
159	0	0	0	0	0	0	0	0	0	762	762	0	0	0	0	0	0	0	0	0.170464	0.170464	0	0	0	0	0	0	0	0	1	0	0	0	0	0	0	0	0	66	66	0	0	0	0	0	0	0	0	1	0	0	0	0	0	0	0	0	103.539	103.539	0	0	0	0	0	0	0	0	1	0	0	0	0	0	0	0	0	279	279	0	0	0	0	0	0	0	0	1	0	0	0	0	0	0	0	0	0	0	0	0	0	0	0	0	0	0	0	0	0	0	0	0	0	0	0	0	0	0	0	0	0	0	0	0	0	0
160	0	0	0	0	0	0	0	0	0	759	759	0	0	0	0	0	0	0	0	0.17321	0.17321	0	0	0	0	0	0	0	0	1	0	0	0	0	0	0	0	0	63	63	0	0	0	0	0	0	0	0	1	0	0	0	0	0	0	0	0	104.688	104.688	0	0	0	0	0	0	0	0	1	0	0	0	0	0	0	0	0	271	271	0	0	0	0	0	0	0	0	1	0	0	0	0	0	0	0	0	0	0	0	0	0	0	0	0	0	0	0	0	0	0	0	0	0	0	0	0	0	0	0	0	0	0	0	0	0	0
161	0	0	0	0	0	0	0	0	0	762	762	0	0	0	0	0	0	0	0	0.166093	0.166093	0	0	0	0	0	0	0	0	1	0	0	0	0	0	0	0	0	63	63	0	0	0	0	0	0	0	0	1	0	0	0	0	0	0	0	0	104.748	104.748	0	0	0	0	0	0	0	0	1	0	0	0	0	0	0	0	0	266	266	0	0	0	0	0	0	0	0	1	0	0	0	0	0	0	0	0	0	0	0	0	0	0	0	0	0	0	0	0	0	0	0	0	0	0	0	0	0	0	0	0	0	0	0	0	0	0
162	0	0	0	0	0	0	0	0	0	756	756	0	0	0	0	0	0	0	0	0.123859	0.123859	0	0	0	0	0	0	0	0	1	0	0	0	0	0	0	0	0	55	55	0	0	0	0	0	0	0	0	1	0	0	0	0	0	0	0	0	104.967	104.967	0	0	0	0	0	0	0	0	1	0	0	0	0	0	0	0	0	266	266	0	0	0	0	0	0	0	0	1	0	0	0	0	0	0	0	0	0	0	0	0	0	0	0	0	0	0	0	0	0	0	0	0	0	0	0	0	0	0	0	0	0	0	0	0	0	0
163	0	0	0	0	0	0	0	0	0	756	756	0	0	0	0	0	0	0	0	0.116552	0.116552	0	0	0	0	0	0	0	0	1	0	0	0	0	0	0	0	0	54	54	0	0	0	0	0	0	0	0	1	0	0	0	0	0	0	0	0	103.458	103.458	0	0	0	0	0	0	0	0	1	0	0	0	0	0	0	0	0	261	261	0	0	0	0	0	0	0	0	1	0	0	0	0	0	0	0	0	0	0	0	0	0	0	0	0	0	0	0	0	0	0	0	0	0	0	0	0	0	0	0	0	0	0	0	0	0	0
164	0	0	0	0	0	0	0	0	0	751	751	0	0	0	0	0	0	0	0	0.114854	0.114854	0	0	0	0	0	0	0	0	1	0	0	0	0	0	0	0	0	53	53	0	0	0	0	0	0	0	0	1	0	0	0	0	0	0	0	0	102.411	102.411	0	0	0	0	0	0	0	0	1	0	0	0	0	0	0	0	0	250	250	0	0	0	0	0	0	0	0	1	0	0	0	0	0	0	0	0	0	0	0	0	0	0	0	0	0	0	0	0	0	0	0	0	0	0	0	0	0	0	0	0	0	0	0	0	0	0
165	0	0	0	0	0	0	0	0	0	772	772	0	0	0	0	0	0	0	0	0.112034	0.112034	0	0	0	0	0	0	0	0	1	0	0	0	0	0	0	0	0	60	60	0	0	0	0	0	0	0	0	1	0	0	0	0	0	0	0	0	101.545	101.545	0	0	0	0	0	0	0	0	1	0	0	0	0	0	0	0	0	244	244	0	0	0	0	0	0	0	0	1	0	0	0	0	0	0	0	0	0	0	0	0	0	0	0	0	0	0	0	0	0	0	0	0	0	0	0	0	0	0	0	0	0	0	0	0	0	0
166	0	0	0	0	0	0	0	0	0	776	776	0	0	0	0	0	0	0	0	0.123004	0.123004	0	0	0	0	0	0	0	0	1	0	0	0	0	0	0	0	0	67	67	0	0	0	0	0	0	0	0	1	0	0	0	0	0	0	0	0	100.821	100.821	0	0	0	0	0	0	0	0	1	0	0	0	0	0	0	0	0	238	238	0	0	0	0	0	0	0	0	1	0	0	0	0	0	0	0	0	0	0	0	0	0	0	0	0	0	0	0	0	0	0	0	0	0	0	0	0	0	0	0	0	0	0	0	0	0	0
167	0	0	0	0	0	0	0	0	0	785	785	0	0	0	0	0	0	0	0	0.141945	0.141945	0	0	0	0	0	0	0	0	1	0	0	0	0	0	0	0	0	76	76	0	0	0	0	0	0	0	0	1	0	0	0	0	0	0	0	0	100.204	100.204	0	0	0	0	0	0	0	0	1	0	0	0	0	0	0	0	0	233	233	0	0	0	0	0	0	0	0	1	0	0	0	0	0	0	0	0	0	0	0	0	0	0	0	0	0	0	0	0	0	0	0	0	0	0	0	0	0	0	0	0	0	0	0	0	0	0
168	0	0	0	0	0	0	0	0	0	770	770	0	0	0	0	0	0	0	0	0.151077	0.151077	0	0	0	0	0	0	0	0	1	0	0	0	0	0	0	0	0	84	84	0	0	0	0	0	0	0	0	1	0	0	0	0	0	0	0	0	99.8701	99.8701	0	0	0	0	0	0	0	0	1	0	0	0	0	0	0	0	0	227	227	0	0	0	0	0	0	0	0	1	0	0	0	0	0	0	0	0	0	0	0	0	0	0	0	0	0	0	0	0	0	0	0	0	0	0	0	0	0	0	0	0	0	0	0	0	0	0
169	0	0	0	0	0	0	0	0	0	788	788	0	0	0	0	0	0	0	0	0.146344	0.146344	0	0	0	0	0	0	0	0	1	0	0	0	0	0	0	0	0	83	83	0	0	0	0	0	0	0	0	1	0	0	0	0	0	0	0	0	98.6269	98.6269	0	0	0	0	0	0	0	0	1	0	0	0	0	0	0	0	0	224	224	0	0	0	0	0	0	0	0	1	0	0	0	0	0	0	0	0	0	0	0	0	0	0	0	0	0	0	0	0	0	0	0	0	0	0	0	0	0	0	0	0	0	0	0	0	0	0
170	0	0	0	0	0	0	0	0	0	789	789	0	0	0	0	0	0	0	0	0.15533	0.15533	0	0	0	0	0	0	0	0	1	0	0	0	0	0	0	0	0	91	91	0	0	0	0	0	0	0	0	1	0	0	0	0	0	0	0	0	95.269	95.269	0	0	0	0	0	0	0	0	1	0	0	0	0	0	0	0	0	217	217	0	0	0	0	0	0	0	0	1	0	0	0	0	0	0	0	0	0	0	0	0	0	0	0	0	0	0	0	0	0	0	0	0	0	0	0	0	0	0	0	0	0	0	0	0	0	0
171	0	0	0	0	0	0	0	0	0	815	815	0	0	0	0	0	0	0	0	0.160551	0.160551	0	0	0	0	0	0	0	0	1	0	0	0	0	0	0	0	0	104	104	0	0	0	0	0	0	0	0	1	0	0	0	0	0	0	0	0	94.1641	94.1641	0	0	0	0	0	0	0	0	1	0	0	0	0	0	0	0	0	213	213	0	0	0	0	0	0	0	0	1	0	0	0	0	0	0	0	0	0	0	0	0	0	0	0	0	0	0	0	0	0	0	0	0	0	0	0	0	0	0	0	0	0	0	0	0	0	0
172	0	0	0	0	0	0	0	0	0	830	830	0	0	0	0	0	0	0	0	0.171197	0.171197	0	0	0	0	0	0	0	0	1	0	0	0	0	0	0	0	0	111	111	0	0	0	0	0	0	0	0	1	0	0	0	0	0	0	0	0	95.159	95.159	0	0	0	0	0	0	0	0	1	0	0	0	0	0	0	0	0	218	218	0	0	0	0	0	0	0	0	1	0	0	0	0	0	0	0	0	0	0	0	0	0	0	0	0	0	0	0	0	0	0	0	0	0	0	0	0	0	0	0	0	0	0	0	0	0	0
173	0	0	0	0	0	0	0	0	0	833	833	0	0	0	0	0	0	0	0	0.184884	0.184884	0	0	0	0	0	0	0	0	1	0	0	0	0	0	0	0	0	127	127	0	0	0	0	0	0	0	0	1	0	0	0	0	0	0	0	0	95.403	95.403	0	0	0	0	0	0	0	0	1	0	0	0	0	0	0	0	0	213	213	0	0	0	0	0	0	0	0	1	0	0	0	0	0	0	0	0	0	0	0	0	0	0	0	0	0	0	0	0	0	0	0	0	0	0	0	0	0	0	0	0	0	0	0	0	0	0
174	0	0	0	0	0	0	0	0	0	853	853	0	0	0	0	0	0	0	0	0.186915	0.186915	0	0	0	0	0	0	0	0	1	0	0	0	0	0	0	0	0	129	129	0	0	0	0	0	0	0	0	1	0	0	0	0	0	0	0	0	94.9991	94.9991	0	0	0	0	0	0	0	0	1	0	0	0	0	0	0	0	0	219	219	0	0	0	0	0	0	0	0	1	0	0	0	0	0	0	0	0	0	0	0	0	0	0	0	0	0	0	0	0	0	0	0	0	0	0	0	0	0	0	0	0	0	0	0	0	0	0
175	0	0	0	0	0	0	0	0	0	880	880	0	0	0	0	0	0	0	0	0.212883	0.212883	0	0	0	0	0	0	0	0	1	0	0	0	0	0	0	0	0	143	143	0	0	0	0	0	0	0	0	1	0	0	0	0	0	0	0	0	95.1036	95.1036	0	0	0	0	0	0	0	0	1	0	0	0	0	0	0	0	0	221	221	0	0	0	0	0	0	0	0	1	0	0	0	0	0	0	0	0	0	0	0	0	0	0	0	0	0	0	0	0	0	0	0	0	0	0	0	0	0	0	0	0	0	0	0	0	0	0
176	0	0	0	0	0	0	0	0	0	860	860	0	0	0	0	0	0	0	0	0.24689	0.24689	0	0	0	0	0	0	0	0	1	0	0	0	0	0	0	0	0	158	158	0	0	0	0	0	0	0	0	1	0	0	0	0	0	0	0	0	93.5034	93.5034	0	0	0	0	0	0	0	0	1	0	0	0	0	0	0	0	0	218	218	0	0	0	0	0	0	0	0	1	0	0	0	0	0	0	0	0	0	0	0	0	0	0	0	0	0	0	0	0	0	0	0	0	0	0	0	0	0	0	0	0	0	0	0	0	0	0
177	0	0	0	0	0	0	0	0	0	869	869	0	0	0	0	0	0	0	0	0.270659	0.270659	0	0	0	0	0	0	0	0	1	0	0	0	0	0	0	0	0	176	176	0	0	0	0	0	0	0	0	1	0	0	0	0	0	0	0	0	95.0981	95.0981	0	0	0	0	0	0	0	0	1	0	0	0	0	0	0	0	0	221	221	0	0	0	0	0	0	0	0	1	0	0	0	0	0	0	0	0	0	0	0	0	0	0	0	0	0	0	0	0	0	0	0	0	0	0	0	0	0	0	0	0	0	0	0	0	0	0
178	0	0	0	0	0	0	0	0	0	878	878	0	0	0	0	0	0	0	0	0.272267	0.272267	0	0	0	0	0	0	0	0	1	0	0	0	0	0	0	0	0	185	185	0	0	0	0	0	0	0	0	1	0	0	0	0	0	0	0	0	98.2637	98.2637	0	0	0	0	0	0	0	0	1	0	0	0	0	0	0	0	0	228	228	0	0	0	0	0	0	0	0	1	0	0	0	0	0	0	0	0	0	0	0	0	0	0	0	0	0	0	0	0	0	0	0	0	0	0	0	0	0	0	0	0	0	0	0	0	0	0
179	0	0	0	0	0	0	0	0	0	873	873	0	0	0	0	0	0	0	0	0.296403	0.296403	0	0	0	0	0	0	0	0	1	0	0	0	0	0	0	0	0	186	186	0	0	0	0	0	0	0	0	1	0	0	0	0	0	0	0	0	99.9803	99.9803	0	0	0	0	0	0	0	0	1	0	0	0	0	0	0	0	0	235	235	0	0	0	0	0	0	0	0	1	0	0	0	0	0	0	0	0	0	0	0	0	0	0	0	0	0	0	0	0	0	0	0	0	0	0	0	0	0	0	0	0	0	0	0	0	0	0
180	0	0	0	0	0	0	0	0	0	859	859	0	0	0	0	0	0	0	0	0.339303	0.339303	0	0	0	0	0	0	0	0	1	0	0	0	0	0	0	0	0	191	191	0	0	0	0	0	0	0	0	1	0	0	0	0	0	0	0	0	102.717	102.717	0	0	0	0	0	0	0	0	1	0	0	0	0	0	0	0	0	246	246	0	0	0	0	0	0	0	0	1	0	0	0	0	0	0	0	0	0	0	0	0	0	0	0	0	0	0	0	0	0	0	0	0	0	0	0	0	0	0	0	0	0	0	0	0	0	0
181	0	0	0	0	0	0	0	0	0	821	821	0	0	0	0	0	0	0	0	0.328525	0.328525	0	0	0	0	0	0	0	0	1	0	0	0	0	0	0	0	0	186	186	0	0	0	0	0	0	0	0	1	0	0	0	0	0	0	0	0	97.0928	97.0928	0	0	0	0	0	0	0	0	1	0	0	0	0	0	0	0	0	253	253	0	0	0	0	0	0	0	0	1	0	0	0	0	0	0	0	0	0	0	0	0	0	0	0	0	0	0	0	0	0	0	0	0	0	0	0	0	0	0	0	0	0	0	0	0	0	0
182	0	0	0	0	0	0	0	0	0	799	799	0	0	0	0	0	0	0	0	0.355555	0.355555	0	0	0	0	0	0	0	0	1	0	0	0	0	0	0	0	0	175	175	0	0	0	0	0	0	0	0	1	0	0	0	0	0	0	0	0	94.7633	94.7633	0	0	0	0	0	0	0	0	1	0	0	0	0	0	0	0	0	254	254	0	0	0	0	0	0	0	0	1	0	0	0	0	0	0	0	0	0	0	0	0	0	0	0	0	0	0	0	0	0	0	0	0	0	0	0	0	0	0	0	0	0	0	0	0	0	0
183	0	0	0	0	0	0	0	0	0	818	818	0	0	0	0	0	0	0	0	0.312273	0.312273	0	0	0	0	0	0	0	0	1	0	0	0	0	0	0	0	0	158	158	0	0	0	0	0	0	0	0	1	0	0	0	0	0	0	0	0	94.1897	94.1897	0	0	0	0	0	0	0	0	1	0	0	0	0	0	0	0	0	261	261	0	0	0	0	0	0	0	0	1	0	0	0	0	0	0	0	0	0	0	0	0	0	0	0	0	0	0	0	0	0	0	0	0	0	0	0	0	0	0	0	0	0	0	0	0	0	0
184	0	0	0	0	0	0	0	0	0	863	863	0	0	0	0	0	0	0	0	0.329412	0.329412	0	0	0	0	0	0	0	0	1	0	0	0	0	0	0	0	0	148	148	0	0	0	0	0	0	0	0	1	0	0	0	0	0	0	0	0	96.215	96.215	0	0	0	0	0	0	0	0	1	0	0	0	0	0	0	0	0	260	260	0	0	0	0	0	0	0	0	1	0	0	0	0	0	0	0	0	0	0	0	0	0	0	0	0	0	0	0	0	0	0	0	0	0	0	0	0	0	0	0	0	0	0	0	0	0	0
185	0	0	0	0	0	0	0	0	0	854	854	0	0	0	0	0	0	0	0	0.313863	0.313863	0	0	0	0	0	0	0	0	1	0	0	0	0	0	0	0	0	129	129	0	0	0	0	0	0	0	0	1	0	0	0	0	0	0	0	0	94.6873	94.6873	0	0	0	0	0	0	0	0	1	0	0	0	0	0	0	0	0	264	264	0	0	0	0	0	0	0	0	1	0	0	0	0	0	0	0	0	0	0	0	0	0	0	0	0	0	0	0	0	0	0	0	0	0	0	0	0	0	0	0	0	0	0	0	0	0	0
186	0	0	0	0	0	0	0	0	0	875	875	0	0	0	0	0	0	0	0	0.285958	0.285958	0	0	0	0	0	0	0	0	1	0	0	0	0	0	0	0	0	122	122	0	0	0	0	0	0	0	0	1	0	0	0	0	0	0	0	0	97.6237	97.6237	0	0	0	0	0	0	0	0	1	0	0	0	0	0	0	0	0	275	275	0	0	0	0	0	0	0	0	1	0	0	0	0	0	0	0	0	0	0	0	0	0	0	0	0	0	0	0	0	0	0	0	0	0	0	0	0	0	0	0	0	0	0	0	0	0	0
187	0	0	0	0	0	0	0	0	0	863	863	0	0	0	0	0	0	0	0	0.236851	0.236851	0	0	0	0	0	0	0	0	1	0	0	0	0	0	0	0	0	125	125	0	0	0	0	0	0	0	0	1	0	0	0	0	0	0	0	0	101.333	101.333	0	0	0	0	0	0	0	0	1	0	0	0	0	0	0	0	0	283	283	0	0	0	0	0	0	0	0	1	0	0	0	0	0	0	0	0	0	0	0	0	0	0	0	0	0	0	0	0	0	0	0	0	0	0	0	0	0	0	0	0	0	0	0	0	0	0
188	0	0	0	0	0	0	0	0	0	814	814	0	0	0	0	0	0	0	0	0.248058	0.248058	0	0	0	0	0	0	0	0	1	0	0	0	0	0	0	0	0	130	130	0	0	0	0	0	0	0	0	1	0	0	0	0	0	0	0	0	100.584	100.584	0	0	0	0	0	0	0	0	1	0	0	0	0	0	0	0	0	272	272	0	0	0	0	0	0	0	0	1	0	0	0	0	0	0	0	0	0	0	0	0	0	0	0	0	0	0	0	0	0	0	0	0	0	0	0	0	0	0	0	0	0	0	0	0	0	0
189	0	0	0	0	0	0	0	0	0	830	830	0	0	0	0	0	0	0	0	0.221657	0.221657	0	0	0	0	0	0	0	0	1	0	0	0	0	0	0	0	0	124	124	0	0	0	0	0	0	0	0	1	0	0	0	0	0	0	0	0	102.08	102.08	0	0	0	0	0	0	0	0	1	0	0	0	0	0	0	0	0	276	276	0	0	0	0	0	0	0	0	1	0	0	0	0	0	0	0	0	0	0	0	0	0	0	0	0	0	0	0	0	0	0	0	0	0	0	0	0	0	0	0	0	0	0	0	0	0	0
190	0	0	0	0	0	0	0	0	0	829	829	0	0	0	0	0	0	0	0	0.212093	0.212093	0	0	0	0	0	0	0	0	1	0	0	0	0	0	0	0	0	118	118	0	0	0	0	0	0	0	0	1	0	0	0	0	0	0	0	0	100.566	100.566	0	0	0	0	0	0	0	0	1	0	0	0	0	0	0	0	0	271	271	0	0	0	0	0	0	0	0	1	0	0	0	0	0	0	0	0	0	0	0	0	0	0	0	0	0	0	0	0	0	0	0	0	0	0	0	0	0	0	0	0	0	0	0	0	0	0
191	0	0	0	0	0	0	0	0	0	827	827	0	0	0	0	0	0	0	0	0.214935	0.214935	0	0	0	0	0	0	0	0	1	0	0	0	0	0	0	0	0	116	116	0	0	0	0	0	0	0	0	1	0	0	0	0	0	0	0	0	103.896	103.896	0	0	0	0	0	0	0	0	1	0	0	0	0	0	0	0	0	270	270	0	0	0	0	0	0	0	0	1	0	0	0	0	0	0	0	0	0	0	0	0	0	0	0	0	0	0	0	0	0	0	0	0	0	0	0	0	0	0	0	0	0	0	0	0	0	0
192	0	0	0	0	0	0	0	0	0	844	844	0	0	0	0	0	0	0	0	0.213617	0.213617	0	0	0	0	0	0	0	0	1	0	0	0	0	0	0	0	0	112	112	0	0	0	0	0	0	0	0	1	0	0	0	0	0	0	0	0	105.49	105.49	0	0	0	0	0	0	0	0	1	0	0	0	0	0	0	0	0	269	269	0	0	0	0	0	0	0	0	1	0	0	0	0	0	0	0	0	0	0	0	0	0	0	0	0	0	0	0	0	0	0	0	0	0	0	0	0	0	0	0	0	0	0	0	0	0	0
193	0	0	0	0	0	0	0	0	0	801	801	0	0	0	0	0	0	0	0	0.234654	0.234654	0	0	0	0	0	0	0	0	1	0	0	0	0	0	0	0	0	114	114	0	0	0	0	0	0	0	0	1	0	0	0	0	0	0	0	0	101.597	101.597	0	0	0	0	0	0	0	0	1	0	0	0	0	0	0	0	0	260	260	0	0	0	0	0	0	0	0	1	0	0	0	0	0	0	0	0	0	0	0	0	0	0	0	0	0	0	0	0	0	0	0	0	0	0	0	0	0	0	0	0	0	0	0	0	0	0
194	0	0	0	0	0	0	0	0	0	823	823	0	0	0	0	0	0	0	0	0.234706	0.234706	0	0	0	0	0	0	0	0	1	0	0	0	0	0	0	0	0	112	112	0	0	0	0	0	0	0	0	1	0	0	0	0	0	0	0	0	102.247	102.247	0	0	0	0	0	0	0	0	1	0	0	0	0	0	0	0	0	255	255	0	0	0	0	0	0	0	0	1	0	0	0	0	0	0	0	0	0	0	0	0	0	0	0	0	0	0	0	0	0	0	0	0	0	0	0	0	0	0	0	0	0	0	0	0	0	0
195	0	0	0	0	0	0	0	0	0	829	829	0	0	0	0	0	0	0	0	0.23933	0.23933	0	0	0	0	0	0	0	0	1	0	0	0	0	0	0	0	0	113	113	0	0	0	0	0	0	0	0	1	0	0	0	0	0	0	0	0	106.038	106.038	0	0	0	0	0	0	0	0	1	0	0	0	0	0	0	0	0	262	262	0	0	0	0	0	0	0	0	1	0	0	0	0	0	0	0	0	0	0	0	0	0	0	0	0	0	0	0	0	0	0	0	0	0	0	0	0	0	0	0	0	0	0	0	0	0	0
196	0	0	0	0	0	0	0	0	0	787	787	0	0	0	0	0	0	0	0	0.192123	0.192123	0	0	0	0	0	0	0	0	1	0	0	0	0	0	0	0	0	93	93	0	0	0	0	0	0	0	0	1	0	0	0	0	0	0	0	0	103.997	103.997	0	0	0	0	0	0	0	0	1	0	0	0	0	0	0	0	0	263	263	0	0	0	0	0	0	0	0	1	0	0	0	0	0	0	0	0	0	0	0	0	0	0	0	0	0	0	0	0	0	0	0	0	0	0	0	0	0	0	0	0	0	0	0	0	0	0
197	0	0	0	0	0	0	0	0	0	771	771	0	0	0	0	0	0	0	0	0.192264	0.192264	0	0	0	0	0	0	0	0	1	0	0	0	0	0	0	0	0	95	95	0	0	0	0	0	0	0	0	1	0	0	0	0	0	0	0	0	104.436	104.436	0	0	0	0	0	0	0	0	1	0	0	0	0	0	0	0	0	257	257	0	0	0	0	0	0	0	0	1	0	0	0	0	0	0	0	0	0	0	0	0	0	0	0	0	0	0	0	0	0	0	0	0	0	0	0	0	0	0	0	0	0	0	0	0	0	0
198	0	0	0	0	0	0	0	0	0	795	795	0	0	0	0	0	0	0	0	0.208456	0.208456	0	0	0	0	0	0	0	0	1	0	0	0	0	0	0	0	0	89	89	0	0	0	0	0	0	0	0	1	0	0	0	0	0	0	0	0	105.641	105.641	0	0	0	0	0	0	0	0	1	0	0	0	0	0	0	0	0	250	250	0	0	0	0	0	0	0	0	1	0	0	0	0	0	0	0	0	0	0	0	0	0	0	0	0	0	0	0	0	0	0	0	0	0	0	0	0	0	0	0	0	0	0	0	0	0	0
199	0	0	0	0	0	0	0	0	0	806	806	0	0	0	0	0	0	0	0	0.208912	0.208912	0	0	0	0	0	0	0	0	1	0	0	0	0	0	0	0	0	80	80	0	0	0	0	0	0	0	0	1	0	0	0	0	0	0	0	0	105.869	105.869	0	0	0	0	0	0	0	0	1	0	0	0	0	0	0	0	0	246	246	0	0	0	0	0	0	0	0	1	0	0	0	0	0	0	0	0	0	0	0	0	0	0	0	0	0	0	0	0	0	0	0	0	0	0	0	0	0	0	0	0	0	0	0	0	0	0
200	0	0	0	0	0	0	0	0	0	758	758	0	0	0	0	0	0	0	0	0.222424	0.222424	0	0	0	0	0	0	0	0	1	0	0	0	0	0	0	0	0	75	75	0	0	0	0	0	0	0	0	1	0	0	0	0	0	0	0	0	98.8795	98.8795	0	0	0	0	0	0	0	0	1	0	0	0	0	0	0	0	0	232	232	0	0	0	0	0	0	0	0	1	0	0	0	0	0	0	0	0	0	0	0	0	0	0	0	0	0	0	0	0	0	0	0	0	0	0	0	0	0	0	0	0	0	0	0	0	0	0
