Location: Fake forest
From parameter file: C:\Users\ben\Desktop\inputs\input_GMF_0-1-0-0-0-0-0-0-0.xml
Basal area is normalized to m^2/ha; density to #/ha.
Subplots:
0 = Whole plot
Step	Subplot	Sdl Abs Den: ACRU	Sdl Abs Den: ACSA	Sdl Abs Den: BEAL	Sdl Abs Den: FAGR	Sdl Abs Den: TSCA	Sdl Abs Den: FRAM	Sdl Abs Den: PIST	Sdl Abs Den: PRSE	Sdl Abs Den: QURU	Sdl Den Total:	Sapl Abs BA: ACRU	Sapl Abs BA: ACSA	Sapl Abs BA: BEAL	Sapl Abs BA: FAGR	Sapl Abs BA: TSCA	Sapl Abs BA: FRAM	Sapl Abs BA: PIST	Sapl Abs BA: PRSE	Sapl Abs BA: QURU	Sapl BA Total:	Sapl Rel BA: ACRU	Sapl Rel BA: ACSA	Sapl Rel BA: BEAL	Sapl Rel BA: FAGR	Sapl Rel BA: TSCA	Sapl Rel BA: FRAM	Sapl Rel BA: PIST	Sapl Rel BA: PRSE	Sapl Rel BA: QURU	Sapl Abs Den: ACRU	Sapl Abs Den: ACSA	Sapl Abs Den: BEAL	Sapl Abs Den: FAGR	Sapl Abs Den: TSCA	Sapl Abs Den: FRAM	Sapl Abs Den: PIST	Sapl Abs Den: PRSE	Sapl Abs Den: QURU	Sapl Den Total:	Sapl Rel Den: ACRU	Sapl Rel Den: ACSA	Sapl Rel Den: BEAL	Sapl Rel Den: FAGR	Sapl Rel Den: TSCA	Sapl Rel Den: FRAM	Sapl Rel Den: PIST	Sapl Rel Den: PRSE	Sapl Rel Den: QURU	Adult Abs BA: ACRU	Adult Abs BA: ACSA	Adult Abs BA: BEAL	Adult Abs BA: FAGR	Adult Abs BA: TSCA	Adult Abs BA: FRAM	Adult Abs BA: PIST	Adult Abs BA: PRSE	Adult Abs BA: QURU	Adult BA Total:	Adult Rel BA: ACRU	Adult Rel BA: ACSA	Adult Rel BA: BEAL	Adult Rel BA: FAGR	Adult Rel BA: TSCA	Adult Rel BA: FRAM	Adult Rel BA: PIST	Adult Rel BA: PRSE	Adult Rel BA: QURU	Adult Abs Den: ACRU	Adult Abs Den: ACSA	Adult Abs Den: BEAL	Adult Abs Den: FAGR	Adult Abs Den: TSCA	Adult Abs Den: FRAM	Adult Abs Den: PIST	Adult Abs Den: PRSE	Adult Abs Den: QURU	Adult Den Total:	Adult Rel Den: ACRU	Adult Rel Den: ACSA	Adult Rel Den: BEAL	Adult Rel Den: FAGR	Adult Rel Den: TSCA	Adult Rel Den: FRAM	Adult Rel Den: PIST	Adult Rel Den: PRSE	Adult Rel Den: QURU	Snag Abs BA: ACRU	Snag Abs BA: ACSA	Snag Abs BA: BEAL	Snag Abs BA: FAGR	Snag Abs BA: TSCA	Snag Abs BA: FRAM	Snag Abs BA: PIST	Snag Abs BA: PRSE	Snag Abs BA: QURU	Snag BA Total:	Snag Rel BA: ACRU	Snag Rel BA: ACSA	Snag Rel BA: BEAL	Snag Rel BA: FAGR	Snag Rel BA: TSCA	Snag Rel BA: FRAM	Snag Rel BA: PIST	Snag Rel BA: PRSE	Snag Rel BA: QURU	Snag Abs Den: ACRU	Snag Abs Den: ACSA	Snag Abs Den: BEAL	Snag Abs Den: FAGR	Snag Abs Den: TSCA	Snag Abs Den: FRAM	Snag Abs Den: PIST	Snag Abs Den: PRSE	Snag Abs Den: QURU	Snag Den Total:	Snag Rel Den: ACRU	Snag Rel Den: ACSA	Snag Rel Den: BEAL	Snag Rel Den: FAGR	Snag Rel Den: TSCA	Snag Rel Den: FRAM	Snag Rel Den: PIST	Snag Rel Den: PRSE	Snag Rel Den: QURU
0	0	0	0	0	0	0	0	0	0	0	0	0	0.000886128	0	0	0	0	0	0	0	0.000886128	0	1	0	0	0	0	0	0	0	0	25	0	0	0	0	0	0	0	25	0	1	0	0	0	0	0	0	0	0	0	0	0	0	0	0	0	0	0	0	0	0	0	0	0	0	0	0	0	0	0	0	0	0	0	0	0	0	0	0	0	0	0	0	0	0	0	0	0	0	0	0	0	0	0	0	0	0	0	0	0	0	0	0	0	0	0	0	0	0	0	0	0	0	0	0	0	0	0	0	0	0	0	0	0
1	0	0	0	0	0	0	0	0	0	0	0	0	0.00237478	0	0	0	0	0	0	0	0.00237478	0	1	0	0	0	0	0	0	0	0	20	0	0	0	0	0	0	0	20	0	1	0	0	0	0	0	0	0	0	0	0	0	0	0	0	0	0	0	0	0	0	0	0	0	0	0	0	0	0	0	0	0	0	0	0	0	0	0	0	0	0	0	0	0	0	0	0	0	0	0	0	0	0	0	0	0	0	0	0	0	0	0	0	0	0	0	0	0	0	0	0	0	0	0	0	0	0	0	0	0	0	0	0	0
2	0	0	0	0	0	0	0	0	0	0	0	0	0.00764509	0	0	0	0	0	0	0	0.00764509	0	1	0	0	0	0	0	0	0	0	20	0	0	0	0	0	0	0	20	0	1	0	0	0	0	0	0	0	0	0	0	0	0	0	0	0	0	0	0	0	0	0	0	0	0	0	0	0	0	0	0	0	0	0	0	0	0	0	0	0	0	0	0	0	0	0	0	0	0	0	0	0	0	0	0	0	0	0	0	0	0	0	0	0	0	0	0	0	0	0	0	0	0	0	0	0	0	0	0	0	0	0	0	0
3	0	0	0	0	0	0	0	0	0	0	0	0	0.0214233	0	0	0	0	0	0	0	0.0214233	0	1	0	0	0	0	0	0	0	0	16	0	0	0	0	0	0	0	16	0	1	0	0	0	0	0	0	0	0	0	0	0	0	0	0	0	0	0	0	0	0	0	0	0	0	0	0	0	0	0	0	0	0	0	0	0	0	0	0	0	0	0	0	0	0	0	0	0	0	0	0	0	0	0	0	0	0	0	0	0	0	0	0	0	0	0	0	0	0	0	0	0	0	0	0	0	0	0	0	0	0	0	0	0
4	0	0	0	0	0	0	0	0	0	0	0	0	0.0365318	0	0	0	0	0	0	0	0.0365318	0	1	0	0	0	0	0	0	0	0	12	0	0	0	0	0	0	0	12	0	1	0	0	0	0	0	0	0	0	0.0324358	0	0	0	0	0	0	0	0.0324358	0	1	0	0	0	0	0	0	0	0	4	0	0	0	0	0	0	0	4	0	1	0	0	0	0	0	0	0	0	0	0	0	0	0	0	0	0	0	0	0	0	0	0	0	0	0	0	0	0	0	0	0	0	0	0	0	0	0	0	0	0	0	0	0	0	0
5	0	0	1	0	0	0	0	0	0	0	1	0	0.0146092	0	0	0	0	0	0	0	0.0146092	0	1	0	0	0	0	0	0	0	0	4	0	0	0	0	0	0	0	4	0	1	0	0	0	0	0	0	0	0	0.199961	0	0	0	0	0	0	0	0.199961	0	1	0	0	0	0	0	0	0	0	11	0	0	0	0	0	0	0	11	0	1	0	0	0	0	0	0	0	0	0	0	0	0	0	0	0	0	0	0	0	0	0	0	0	0	0	0	0	0	0	0	0	0	0	0	0	0	0	0	0	0	0	0	0	0	0
6	0	0	5	0	0	0	0	0	0	0	5	0	0.00679092	0	0	0	0	0	0	0	0.00679092	0	1	0	0	0	0	0	0	0	0	1	0	0	0	0	0	0	0	1	0	1	0	0	0	0	0	0	0	0	0.543838	0	0	0	0	0	0	0	0.543838	0	1	0	0	0	0	0	0	0	0	14	0	0	0	0	0	0	0	14	0	1	0	0	0	0	0	0	0	0	0	0	0	0	0	0	0	0	0	0	0	0	0	0	0	0	0	0	0	0	0	0	0	0	0	0	0	0	0	0	0	0	0	0	0	0	0
7	0	0	9	0	0	0	0	0	0	0	9	0	0	0	0	0	0	0	0	0	0	0	0	0	0	0	0	0	0	0	0	0	0	0	0	0	0	0	0	0	0	0	0	0	0	0	0	0	0	0	0.943739	0	0	0	0	0	0	0	0.943739	0	1	0	0	0	0	0	0	0	0	15	0	0	0	0	0	0	0	15	0	1	0	0	0	0	0	0	0	0	0	0	0	0	0	0	0	0	0	0	0	0	0	0	0	0	0	0	0	0	0	0	0	0	0	0	0	0	0	0	0	0	0	0	0	0	0
8	0	0	8	0	0	0	0	0	0	0	8	0	0	0	0	0	0	0	0	0	0	0	0	0	0	0	0	0	0	0	0	0	0	0	0	0	0	0	0	0	0	0	0	0	0	0	0	0	0	0	1.33571	0	0	0	0	0	0	0	1.33571	0	1	0	0	0	0	0	0	0	0	15	0	0	0	0	0	0	0	15	0	1	0	0	0	0	0	0	0	0	0	0	0	0	0	0	0	0	0	0	0	0	0	0	0	0	0	0	0	0	0	0	0	0	0	0	0	0	0	0	0	0	0	0	0	0	0
9	0	0	13	0	0	0	0	0	0	0	13	0	0	0	0	0	0	0	0	0	0	0	0	0	0	0	0	0	0	0	0	0	0	0	0	0	0	0	0	0	0	0	0	0	0	0	0	0	0	0	1.71371	0	0	0	0	0	0	0	1.71371	0	1	0	0	0	0	0	0	0	0	15	0	0	0	0	0	0	0	15	0	1	0	0	0	0	0	0	0	0	0	0	0	0	0	0	0	0	0	0	0	0	0	0	0	0	0	0	0	0	0	0	0	0	0	0	0	0	0	0	0	0	0	0	0	0	0
10	0	0	15	0	0	0	0	0	0	0	15	0	0	0	0	0	0	0	0	0	0	0	0	0	0	0	0	0	0	0	0	0	0	0	0	0	0	0	0	0	0	0	0	0	0	0	0	0	0	0	1.98249	0	0	0	0	0	0	0	1.98249	0	1	0	0	0	0	0	0	0	0	14	0	0	0	0	0	0	0	14	0	1	0	0	0	0	0	0	0	0	0	0	0	0	0	0	0	0	0	0	0	0	0	0	0	0	0	0	0	0	0	0	0	0	0	0	0	0	0	0	0	0	0	0	0	0	0
11	0	0	22	0	0	0	0	0	0	0	22	0	0	0	0	0	0	0	0	0	0	0	0	0	0	0	0	0	0	0	0	0	0	0	0	0	0	0	0	0	0	0	0	0	0	0	0	0	0	0	2.17676	0	0	0	0	0	0	0	2.17676	0	1	0	0	0	0	0	0	0	0	13	0	0	0	0	0	0	0	13	0	1	0	0	0	0	0	0	0	0	0	0	0	0	0	0	0	0	0	0	0	0	0	0	0	0	0	0	0	0	0	0	0	0	0	0	0	0	0	0	0	0	0	0	0	0	0
12	0	0	25	0	0	0	0	0	0	0	25	0	0.000188231	0	0	0	0	0	0	0	0.000188231	0	1	0	0	0	0	0	0	0	0	1	0	0	0	0	0	0	0	1	0	1	0	0	0	0	0	0	0	0	2.33706	0	0	0	0	0	0	0	2.33706	0	1	0	0	0	0	0	0	0	0	12	0	0	0	0	0	0	0	12	0	1	0	0	0	0	0	0	0	0	0	0	0	0	0	0	0	0	0	0	0	0	0	0	0	0	0	0	0	0	0	0	0	0	0	0	0	0	0	0	0	0	0	0	0	0	0
13	0	0	23	0	0	0	0	0	0	0	23	0	0.00117049	0	0	0	0	0	0	0	0.00117049	0	1	0	0	0	0	0	0	0	0	4	0	0	0	0	0	0	0	4	0	1	0	0	0	0	0	0	0	0	2.62838	0	0	0	0	0	0	0	2.62838	0	1	0	0	0	0	0	0	0	0	12	0	0	0	0	0	0	0	12	0	1	0	0	0	0	0	0	0	0	0	0	0	0	0	0	0	0	0	0	0	0	0	0	0	0	0	0	0	0	0	0	0	0	0	0	0	0	0	0	0	0	0	0	0	0	0
14	0	0	24	0	0	0	0	0	0	0	24	0	0.0039505	0	0	0	0	0	0	0	0.0039505	0	1	0	0	0	0	0	0	0	0	5	0	0	0	0	0	0	0	5	0	1	0	0	0	0	0	0	0	0	2.66585	0	0	0	0	0	0	0	2.66585	0	1	0	0	0	0	0	0	0	0	11	0	0	0	0	0	0	0	11	0	1	0	0	0	0	0	0	0	0	0	0	0	0	0	0	0	0	0	0	0	0	0	0	0	0	0	0	0	0	0	0	0	0	0	0	0	0	0	0	0	0	0	0	0	0	0
15	0	0	24	0	0	0	0	0	0	0	24	0	0.0132567	0	0	0	0	0	0	0	0.0132567	0	1	0	0	0	0	0	0	0	0	8	0	0	0	0	0	0	0	8	0	1	0	0	0	0	0	0	0	0	2.93135	0	0	0	0	0	0	0	2.93135	0	1	0	0	0	0	0	0	0	0	11	0	0	0	0	0	0	0	11	0	1	0	0	0	0	0	0	0	0	0	0	0	0	0	0	0	0	0	0	0	0	0	0	0	0	0	0	0	0	0	0	0	0	0	0	0	0	0	0	0	0	0	0	0	0	0
16	0	0	28	0	0	0	0	0	0	0	28	0	0.0160749	0	0	0	0	0	0	0	0.0160749	0	1	0	0	0	0	0	0	0	0	7	0	0	0	0	0	0	0	7	0	1	0	0	0	0	0	0	0	0	3.21632	0	0	0	0	0	0	0	3.21632	0	1	0	0	0	0	0	0	0	0	12	0	0	0	0	0	0	0	12	0	1	0	0	0	0	0	0	0	0	0	0	0	0	0	0	0	0	0	0	0	0	0	0	0	0	0	0	0	0	0	0	0	0	0	0	0	0	0	0	0	0	0	0	0	0	0
17	0	0	33	0	0	0	0	0	0	0	33	0	0.0117431	0	0	0	0	0	0	0	0.0117431	0	1	0	0	0	0	0	0	0	0	7	0	0	0	0	0	0	0	7	0	1	0	0	0	0	0	0	0	0	3.17752	0	0	0	0	0	0	0	3.17752	0	1	0	0	0	0	0	0	0	0	12	0	0	0	0	0	0	0	12	0	1	0	0	0	0	0	0	0	0	0	0	0	0	0	0	0	0	0	0	0	0	0	0	0	0	0	0	0	0	0	0	0	0	0	0	0	0	0	0	0	0	0	0	0	0	0
18	0	0	32	0	0	0	0	0	0	0	32	0	0.0176526	0	0	0	0	0	0	0	0.0176526	0	1	0	0	0	0	0	0	0	0	8	0	0	0	0	0	0	0	8	0	1	0	0	0	0	0	0	0	0	3.49884	0	0	0	0	0	0	0	3.49884	0	1	0	0	0	0	0	0	0	0	13	0	0	0	0	0	0	0	13	0	1	0	0	0	0	0	0	0	0	0	0	0	0	0	0	0	0	0	0	0	0	0	0	0	0	0	0	0	0	0	0	0	0	0	0	0	0	0	0	0	0	0	0	0	0	0
19	0	0	35	0	0	0	0	0	0	0	35	0	0.0116269	0	0	0	0	0	0	0	0.0116269	0	1	0	0	0	0	0	0	0	0	7	0	0	0	0	0	0	0	7	0	1	0	0	0	0	0	0	0	0	3.51673	0	0	0	0	0	0	0	3.51673	0	1	0	0	0	0	0	0	0	0	14	0	0	0	0	0	0	0	14	0	1	0	0	0	0	0	0	0	0	0	0	0	0	0	0	0	0	0	0	0	0	0	0	0	0	0	0	0	0	0	0	0	0	0	0	0	0	0	0	0	0	0	0	0	0	0
20	0	0	37	0	0	0	0	0	0	0	37	0	0.0179112	0	0	0	0	0	0	0	0.0179112	0	1	0	0	0	0	0	0	0	0	10	0	0	0	0	0	0	0	10	0	1	0	0	0	0	0	0	0	0	3.49437	0	0	0	0	0	0	0	3.49437	0	1	0	0	0	0	0	0	0	0	14	0	0	0	0	0	0	0	14	0	1	0	0	0	0	0	0	0	0	0	0	0	0	0	0	0	0	0	0	0	0	0	0	0	0	0	0	0	0	0	0	0	0	0	0	0	0	0	0	0	0	0	0	0	0	0
21	0	0	41	0	0	0	0	0	0	0	41	0	0.0177972	0	0	0	0	0	0	0	0.0177972	0	1	0	0	0	0	0	0	0	0	10	0	0	0	0	0	0	0	10	0	1	0	0	0	0	0	0	0	0	3.88393	0	0	0	0	0	0	0	3.88393	0	1	0	0	0	0	0	0	0	0	16	0	0	0	0	0	0	0	16	0	1	0	0	0	0	0	0	0	0	0	0	0	0	0	0	0	0	0	0	0	0	0	0	0	0	0	0	0	0	0	0	0	0	0	0	0	0	0	0	0	0	0	0	0	0	0
22	0	0	44	0	0	0	0	0	0	0	44	0	0.0209614	0	0	0	0	0	0	0	0.0209614	0	1	0	0	0	0	0	0	0	0	11	0	0	0	0	0	0	0	11	0	1	0	0	0	0	0	0	0	0	4.27203	0	0	0	0	0	0	0	4.27203	0	1	0	0	0	0	0	0	0	0	17	0	0	0	0	0	0	0	17	0	1	0	0	0	0	0	0	0	0	0	0	0	0	0	0	0	0	0	0	0	0	0	0	0	0	0	0	0	0	0	0	0	0	0	0	0	0	0	0	0	0	0	0	0	0	0
23	0	0	38	0	0	0	0	0	0	0	38	0	0.0283895	0	0	0	0	0	0	0	0.0283895	0	1	0	0	0	0	0	0	0	0	13	0	0	0	0	0	0	0	13	0	1	0	0	0	0	0	0	0	0	4.74001	0	0	0	0	0	0	0	4.74001	0	1	0	0	0	0	0	0	0	0	19	0	0	0	0	0	0	0	19	0	1	0	0	0	0	0	0	0	0	0	0	0	0	0	0	0	0	0	0	0	0	0	0	0	0	0	0	0	0	0	0	0	0	0	0	0	0	0	0	0	0	0	0	0	0	0
24	0	0	38	0	0	0	0	0	0	0	38	0	0.0146462	0	0	0	0	0	0	0	0.0146462	0	1	0	0	0	0	0	0	0	0	10	0	0	0	0	0	0	0	10	0	1	0	0	0	0	0	0	0	0	4.8242	0	0	0	0	0	0	0	4.8242	0	1	0	0	0	0	0	0	0	0	22	0	0	0	0	0	0	0	22	0	1	0	0	0	0	0	0	0	0	0	0	0	0	0	0	0	0	0	0	0	0	0	0	0	0	0	0	0	0	0	0	0	0	0	0	0	0	0	0	0	0	0	0	0	0	0
25	0	0	42	0	0	0	0	0	0	0	42	0	0.0272658	0	0	0	0	0	0	0	0.0272658	0	1	0	0	0	0	0	0	0	0	9	0	0	0	0	0	0	0	9	0	1	0	0	0	0	0	0	0	0	4.98051	0	0	0	0	0	0	0	4.98051	0	1	0	0	0	0	0	0	0	0	20	0	0	0	0	0	0	0	20	0	1	0	0	0	0	0	0	0	0	0	0	0	0	0	0	0	0	0	0	0	0	0	0	0	0	0	0	0	0	0	0	0	0	0	0	0	0	0	0	0	0	0	0	0	0	0
26	0	0	49	0	0	0	0	0	0	0	49	0	0.029725	0	0	0	0	0	0	0	0.029725	0	1	0	0	0	0	0	0	0	0	6	0	0	0	0	0	0	0	6	0	1	0	0	0	0	0	0	0	0	5.05821	0	0	0	0	0	0	0	5.05821	0	1	0	0	0	0	0	0	0	0	20	0	0	0	0	0	0	0	20	0	1	0	0	0	0	0	0	0	0	0	0	0	0	0	0	0	0	0	0	0	0	0	0	0	0	0	0	0	0	0	0	0	0	0	0	0	0	0	0	0	0	0	0	0	0	0
27	0	0	50	0	0	0	0	0	0	0	50	0	0.00227473	0	0	0	0	0	0	0	0.00227473	0	1	0	0	0	0	0	0	0	0	3	0	0	0	0	0	0	0	3	0	1	0	0	0	0	0	0	0	0	5.65932	0	0	0	0	0	0	0	5.65932	0	1	0	0	0	0	0	0	0	0	25	0	0	0	0	0	0	0	25	0	1	0	0	0	0	0	0	0	0	0	0	0	0	0	0	0	0	0	0	0	0	0	0	0	0	0	0	0	0	0	0	0	0	0	0	0	0	0	0	0	0	0	0	0	0	0
28	0	0	57	0	0	0	0	0	0	0	57	0	0.00173432	0	0	0	0	0	0	0	0.00173432	0	1	0	0	0	0	0	0	0	0	5	0	0	0	0	0	0	0	5	0	1	0	0	0	0	0	0	0	0	6.18003	0	0	0	0	0	0	0	6.18003	0	1	0	0	0	0	0	0	0	0	24	0	0	0	0	0	0	0	24	0	1	0	0	0	0	0	0	0	0	0	0	0	0	0	0	0	0	0	0	0	0	0	0	0	0	0	0	0	0	0	0	0	0	0	0	0	0	0	0	0	0	0	0	0	0	0
29	0	0	60	0	0	0	0	0	0	0	60	0	0.00624534	0	0	0	0	0	0	0	0.00624534	0	1	0	0	0	0	0	0	0	0	9	0	0	0	0	0	0	0	9	0	1	0	0	0	0	0	0	0	0	6.77439	0	0	0	0	0	0	0	6.77439	0	1	0	0	0	0	0	0	0	0	24	0	0	0	0	0	0	0	24	0	1	0	0	0	0	0	0	0	0	0	0	0	0	0	0	0	0	0	0	0	0	0	0	0	0	0	0	0	0	0	0	0	0	0	0	0	0	0	0	0	0	0	0	0	0	0
30	0	0	71	0	0	0	0	0	0	0	71	0	0.0206948	0	0	0	0	0	0	0	0.0206948	0	1	0	0	0	0	0	0	0	0	14	0	0	0	0	0	0	0	14	0	1	0	0	0	0	0	0	0	0	7.36135	0	0	0	0	0	0	0	7.36135	0	1	0	0	0	0	0	0	0	0	24	0	0	0	0	0	0	0	24	0	1	0	0	0	0	0	0	0	0	0	0	0	0	0	0	0	0	0	0	0	0	0	0	0	0	0	0	0	0	0	0	0	0	0	0	0	0	0	0	0	0	0	0	0	0	0
31	0	0	70	0	0	0	0	0	0	0	70	0	0.0237696	0	0	0	0	0	0	0	0.0237696	0	1	0	0	0	0	0	0	0	0	13	0	0	0	0	0	0	0	13	0	1	0	0	0	0	0	0	0	0	7.9842	0	0	0	0	0	0	0	7.9842	0	1	0	0	0	0	0	0	0	0	26	0	0	0	0	0	0	0	26	0	1	0	0	0	0	0	0	0	0	0	0	0	0	0	0	0	0	0	0	0	0	0	0	0	0	0	0	0	0	0	0	0	0	0	0	0	0	0	0	0	0	0	0	0	0	0
32	0	0	74	0	0	0	0	0	0	0	74	0	0.0251894	0	0	0	0	0	0	0	0.0251894	0	1	0	0	0	0	0	0	0	0	11	0	0	0	0	0	0	0	11	0	1	0	0	0	0	0	0	0	0	8.22619	0	0	0	0	0	0	0	8.22619	0	1	0	0	0	0	0	0	0	0	27	0	0	0	0	0	0	0	27	0	1	0	0	0	0	0	0	0	0	0	0	0	0	0	0	0	0	0	0	0	0	0	0	0	0	0	0	0	0	0	0	0	0	0	0	0	0	0	0	0	0	0	0	0	0	0
33	0	0	84	0	0	0	0	0	0	0	84	0	0.02615	0	0	0	0	0	0	0	0.02615	0	1	0	0	0	0	0	0	0	0	13	0	0	0	0	0	0	0	13	0	1	0	0	0	0	0	0	0	0	8.49221	0	0	0	0	0	0	0	8.49221	0	1	0	0	0	0	0	0	0	0	27	0	0	0	0	0	0	0	27	0	1	0	0	0	0	0	0	0	0	0	0	0	0	0	0	0	0	0	0	0	0	0	0	0	0	0	0	0	0	0	0	0	0	0	0	0	0	0	0	0	0	0	0	0	0	0
34	0	0	77	0	0	0	0	0	0	0	77	0	0.0168487	0	0	0	0	0	0	0	0.0168487	0	1	0	0	0	0	0	0	0	0	10	0	0	0	0	0	0	0	10	0	1	0	0	0	0	0	0	0	0	8.50782	0	0	0	0	0	0	0	8.50782	0	1	0	0	0	0	0	0	0	0	30	0	0	0	0	0	0	0	30	0	1	0	0	0	0	0	0	0	0	0	0	0	0	0	0	0	0	0	0	0	0	0	0	0	0	0	0	0	0	0	0	0	0	0	0	0	0	0	0	0	0	0	0	0	0	0
35	0	0	83	0	0	0	0	0	0	0	83	0	0.0186739	0	0	0	0	0	0	0	0.0186739	0	1	0	0	0	0	0	0	0	0	10	0	0	0	0	0	0	0	10	0	1	0	0	0	0	0	0	0	0	8.75797	0	0	0	0	0	0	0	8.75797	0	1	0	0	0	0	0	0	0	0	30	0	0	0	0	0	0	0	30	0	1	0	0	0	0	0	0	0	0	0	0	0	0	0	0	0	0	0	0	0	0	0	0	0	0	0	0	0	0	0	0	0	0	0	0	0	0	0	0	0	0	0	0	0	0	0
36	0	0	84	0	0	0	0	0	0	0	84	0	0.0299743	0	0	0	0	0	0	0	0.0299743	0	1	0	0	0	0	0	0	0	0	15	0	0	0	0	0	0	0	15	0	1	0	0	0	0	0	0	0	0	8.74323	0	0	0	0	0	0	0	8.74323	0	1	0	0	0	0	0	0	0	0	30	0	0	0	0	0	0	0	30	0	1	0	0	0	0	0	0	0	0	0	0	0	0	0	0	0	0	0	0	0	0	0	0	0	0	0	0	0	0	0	0	0	0	0	0	0	0	0	0	0	0	0	0	0	0	0
37	0	0	96	0	0	0	0	0	0	0	96	0	0.0200717	0	0	0	0	0	0	0	0.0200717	0	1	0	0	0	0	0	0	0	0	13	0	0	0	0	0	0	0	13	0	1	0	0	0	0	0	0	0	0	9.14805	0	0	0	0	0	0	0	9.14805	0	1	0	0	0	0	0	0	0	0	32	0	0	0	0	0	0	0	32	0	1	0	0	0	0	0	0	0	0	0	0	0	0	0	0	0	0	0	0	0	0	0	0	0	0	0	0	0	0	0	0	0	0	0	0	0	0	0	0	0	0	0	0	0	0	0
38	0	0	95	0	0	0	0	0	0	0	95	0	0.0179244	0	0	0	0	0	0	0	0.0179244	0	1	0	0	0	0	0	0	0	0	17	0	0	0	0	0	0	0	17	0	1	0	0	0	0	0	0	0	0	9.84334	0	0	0	0	0	0	0	9.84334	0	1	0	0	0	0	0	0	0	0	33	0	0	0	0	0	0	0	33	0	1	0	0	0	0	0	0	0	0	0	0	0	0	0	0	0	0	0	0	0	0	0	0	0	0	0	0	0	0	0	0	0	0	0	0	0	0	0	0	0	0	0	0	0	0	0
39	0	0	99	0	0	0	0	0	0	0	99	0	0.0341384	0	0	0	0	0	0	0	0.0341384	0	1	0	0	0	0	0	0	0	0	22	0	0	0	0	0	0	0	22	0	1	0	0	0	0	0	0	0	0	9.9395	0	0	0	0	0	0	0	9.9395	0	1	0	0	0	0	0	0	0	0	31	0	0	0	0	0	0	0	31	0	1	0	0	0	0	0	0	0	0	0	0	0	0	0	0	0	0	0	0	0	0	0	0	0	0	0	0	0	0	0	0	0	0	0	0	0	0	0	0	0	0	0	0	0	0	0
40	0	0	92	0	0	0	0	0	0	0	92	0	0.0233303	0	0	0	0	0	0	0	0.0233303	0	1	0	0	0	0	0	0	0	0	21	0	0	0	0	0	0	0	21	0	1	0	0	0	0	0	0	0	0	9.91601	0	0	0	0	0	0	0	9.91601	0	1	0	0	0	0	0	0	0	0	34	0	0	0	0	0	0	0	34	0	1	0	0	0	0	0	0	0	0	0	0	0	0	0	0	0	0	0	0	0	0	0	0	0	0	0	0	0	0	0	0	0	0	0	0	0	0	0	0	0	0	0	0	0	0	0
41	0	0	95	0	0	0	0	0	0	0	95	0	0.0509003	0	0	0	0	0	0	0	0.0509003	0	1	0	0	0	0	0	0	0	0	26	0	0	0	0	0	0	0	26	0	1	0	0	0	0	0	0	0	0	10.0411	0	0	0	0	0	0	0	10.0411	0	1	0	0	0	0	0	0	0	0	31	0	0	0	0	0	0	0	31	0	1	0	0	0	0	0	0	0	0	0	0	0	0	0	0	0	0	0	0	0	0	0	0	0	0	0	0	0	0	0	0	0	0	0	0	0	0	0	0	0	0	0	0	0	0	0
42	0	0	104	0	0	0	0	0	0	0	104	0	0.0556934	0	0	0	0	0	0	0	0.0556934	0	1	0	0	0	0	0	0	0	0	24	0	0	0	0	0	0	0	24	0	1	0	0	0	0	0	0	0	0	10.4219	0	0	0	0	0	0	0	10.4219	0	1	0	0	0	0	0	0	0	0	35	0	0	0	0	0	0	0	35	0	1	0	0	0	0	0	0	0	0	0	0	0	0	0	0	0	0	0	0	0	0	0	0	0	0	0	0	0	0	0	0	0	0	0	0	0	0	0	0	0	0	0	0	0	0	0
43	0	0	104	0	0	0	0	0	0	0	104	0	0.0435344	0	0	0	0	0	0	0	0.0435344	0	1	0	0	0	0	0	0	0	0	27	0	0	0	0	0	0	0	27	0	1	0	0	0	0	0	0	0	0	11.0312	0	0	0	0	0	0	0	11.0312	0	1	0	0	0	0	0	0	0	0	39	0	0	0	0	0	0	0	39	0	1	0	0	0	0	0	0	0	0	0	0	0	0	0	0	0	0	0	0	0	0	0	0	0	0	0	0	0	0	0	0	0	0	0	0	0	0	0	0	0	0	0	0	0	0	0
44	0	0	111	0	0	0	0	0	0	0	111	0	0.0504799	0	0	0	0	0	0	0	0.0504799	0	1	0	0	0	0	0	0	0	0	28	0	0	0	0	0	0	0	28	0	1	0	0	0	0	0	0	0	0	10.9675	0	0	0	0	0	0	0	10.9675	0	1	0	0	0	0	0	0	0	0	41	0	0	0	0	0	0	0	41	0	1	0	0	0	0	0	0	0	0	0	0	0	0	0	0	0	0	0	0	0	0	0	0	0	0	0	0	0	0	0	0	0	0	0	0	0	0	0	0	0	0	0	0	0	0	0
45	0	0	107	0	0	0	0	0	0	0	107	0	0.0518294	0	0	0	0	0	0	0	0.0518294	0	1	0	0	0	0	0	0	0	0	30	0	0	0	0	0	0	0	30	0	1	0	0	0	0	0	0	0	0	10.5952	0	0	0	0	0	0	0	10.5952	0	1	0	0	0	0	0	0	0	0	44	0	0	0	0	0	0	0	44	0	1	0	0	0	0	0	0	0	0	0	0	0	0	0	0	0	0	0	0	0	0	0	0	0	0	0	0	0	0	0	0	0	0	0	0	0	0	0	0	0	0	0	0	0	0	0
46	0	0	113	0	0	0	0	0	0	0	113	0	0.0534273	0	0	0	0	0	0	0	0.0534273	0	1	0	0	0	0	0	0	0	0	28	0	0	0	0	0	0	0	28	0	1	0	0	0	0	0	0	0	0	11.4769	0	0	0	0	0	0	0	11.4769	0	1	0	0	0	0	0	0	0	0	49	0	0	0	0	0	0	0	49	0	1	0	0	0	0	0	0	0	0	0	0	0	0	0	0	0	0	0	0	0	0	0	0	0	0	0	0	0	0	0	0	0	0	0	0	0	0	0	0	0	0	0	0	0	0	0
47	0	0	124	0	0	0	0	0	0	0	124	0	0.0486662	0	0	0	0	0	0	0	0.0486662	0	1	0	0	0	0	0	0	0	0	29	0	0	0	0	0	0	0	29	0	1	0	0	0	0	0	0	0	0	12.3173	0	0	0	0	0	0	0	12.3173	0	1	0	0	0	0	0	0	0	0	54	0	0	0	0	0	0	0	54	0	1	0	0	0	0	0	0	0	0	0	0	0	0	0	0	0	0	0	0	0	0	0	0	0	0	0	0	0	0	0	0	0	0	0	0	0	0	0	0	0	0	0	0	0	0	0
48	0	0	132	0	0	0	0	0	0	0	132	0	0.0585045	0	0	0	0	0	0	0	0.0585045	0	1	0	0	0	0	0	0	0	0	25	0	0	0	0	0	0	0	25	0	1	0	0	0	0	0	0	0	0	13.6463	0	0	0	0	0	0	0	13.6463	0	1	0	0	0	0	0	0	0	0	58	0	0	0	0	0	0	0	58	0	1	0	0	0	0	0	0	0	0	0	0	0	0	0	0	0	0	0	0	0	0	0	0	0	0	0	0	0	0	0	0	0	0	0	0	0	0	0	0	0	0	0	0	0	0	0
49	0	0	127	0	0	0	0	0	0	0	127	0	0.041012	0	0	0	0	0	0	0	0.041012	0	1	0	0	0	0	0	0	0	0	25	0	0	0	0	0	0	0	25	0	1	0	0	0	0	0	0	0	0	13.5502	0	0	0	0	0	0	0	13.5502	0	1	0	0	0	0	0	0	0	0	58	0	0	0	0	0	0	0	58	0	1	0	0	0	0	0	0	0	0	0	0	0	0	0	0	0	0	0	0	0	0	0	0	0	0	0	0	0	0	0	0	0	0	0	0	0	0	0	0	0	0	0	0	0	0	0
50	0	0	138	0	0	0	0	0	0	0	138	0	0.0530244	0	0	0	0	0	0	0	0.0530244	0	1	0	0	0	0	0	0	0	0	29	0	0	0	0	0	0	0	29	0	1	0	0	0	0	0	0	0	0	14.7437	0	0	0	0	0	0	0	14.7437	0	1	0	0	0	0	0	0	0	0	59	0	0	0	0	0	0	0	59	0	1	0	0	0	0	0	0	0	0	0	0	0	0	0	0	0	0	0	0	0	0	0	0	0	0	0	0	0	0	0	0	0	0	0	0	0	0	0	0	0	0	0	0	0	0	0
51	0	0	143	0	0	0	0	0	0	0	143	0	0.0325664	0	0	0	0	0	0	0	0.0325664	0	1	0	0	0	0	0	0	0	0	24	0	0	0	0	0	0	0	24	0	1	0	0	0	0	0	0	0	0	15.9533	0	0	0	0	0	0	0	15.9533	0	1	0	0	0	0	0	0	0	0	64	0	0	0	0	0	0	0	64	0	1	0	0	0	0	0	0	0	0	0	0	0	0	0	0	0	0	0	0	0	0	0	0	0	0	0	0	0	0	0	0	0	0	0	0	0	0	0	0	0	0	0	0	0	0	0
52	0	0	157	0	0	0	0	0	0	0	157	0	0.0512408	0	0	0	0	0	0	0	0.0512408	0	1	0	0	0	0	0	0	0	0	29	0	0	0	0	0	0	0	29	0	1	0	0	0	0	0	0	0	0	16.8616	0	0	0	0	0	0	0	16.8616	0	1	0	0	0	0	0	0	0	0	63	0	0	0	0	0	0	0	63	0	1	0	0	0	0	0	0	0	0	0	0	0	0	0	0	0	0	0	0	0	0	0	0	0	0	0	0	0	0	0	0	0	0	0	0	0	0	0	0	0	0	0	0	0	0	0
53	0	0	164	0	0	0	0	0	0	0	164	0	0.0457728	0	0	0	0	0	0	0	0.0457728	0	1	0	0	0	0	0	0	0	0	30	0	0	0	0	0	0	0	30	0	1	0	0	0	0	0	0	0	0	18.5087	0	0	0	0	0	0	0	18.5087	0	1	0	0	0	0	0	0	0	0	69	0	0	0	0	0	0	0	69	0	1	0	0	0	0	0	0	0	0	0	0	0	0	0	0	0	0	0	0	0	0	0	0	0	0	0	0	0	0	0	0	0	0	0	0	0	0	0	0	0	0	0	0	0	0	0
54	0	0	165	0	0	0	0	0	0	0	165	0	0.0452334	0	0	0	0	0	0	0	0.0452334	0	1	0	0	0	0	0	0	0	0	26	0	0	0	0	0	0	0	26	0	1	0	0	0	0	0	0	0	0	18.4727	0	0	0	0	0	0	0	18.4727	0	1	0	0	0	0	0	0	0	0	69	0	0	0	0	0	0	0	69	0	1	0	0	0	0	0	0	0	0	0	0	0	0	0	0	0	0	0	0	0	0	0	0	0	0	0	0	0	0	0	0	0	0	0	0	0	0	0	0	0	0	0	0	0	0	0
55	0	0	171	0	0	0	0	0	0	0	171	0	0.0632713	0	0	0	0	0	0	0	0.0632713	0	1	0	0	0	0	0	0	0	0	34	0	0	0	0	0	0	0	34	0	1	0	0	0	0	0	0	0	0	19.0013	0	0	0	0	0	0	0	19.0013	0	1	0	0	0	0	0	0	0	0	70	0	0	0	0	0	0	0	70	0	1	0	0	0	0	0	0	0	0	0	0	0	0	0	0	0	0	0	0	0	0	0	0	0	0	0	0	0	0	0	0	0	0	0	0	0	0	0	0	0	0	0	0	0	0	0
56	0	0	179	0	0	0	0	0	0	0	179	0	0.0615053	0	0	0	0	0	0	0	0.0615053	0	1	0	0	0	0	0	0	0	0	35	0	0	0	0	0	0	0	35	0	1	0	0	0	0	0	0	0	0	20.2063	0	0	0	0	0	0	0	20.2063	0	1	0	0	0	0	0	0	0	0	73	0	0	0	0	0	0	0	73	0	1	0	0	0	0	0	0	0	0	0	0	0	0	0	0	0	0	0	0	0	0	0	0	0	0	0	0	0	0	0	0	0	0	0	0	0	0	0	0	0	0	0	0	0	0	0
57	0	0	182	0	0	0	0	0	0	0	182	0	0.0526424	0	0	0	0	0	0	0	0.0526424	0	1	0	0	0	0	0	0	0	0	32	0	0	0	0	0	0	0	32	0	1	0	0	0	0	0	0	0	0	21.0105	0	0	0	0	0	0	0	21.0105	0	1	0	0	0	0	0	0	0	0	76	0	0	0	0	0	0	0	76	0	1	0	0	0	0	0	0	0	0	0	0	0	0	0	0	0	0	0	0	0	0	0	0	0	0	0	0	0	0	0	0	0	0	0	0	0	0	0	0	0	0	0	0	0	0	0
58	0	0	197	0	0	0	0	0	0	0	197	0	0.0598966	0	0	0	0	0	0	0	0.0598966	0	1	0	0	0	0	0	0	0	0	36	0	0	0	0	0	0	0	36	0	1	0	0	0	0	0	0	0	0	22.7427	0	0	0	0	0	0	0	22.7427	0	1	0	0	0	0	0	0	0	0	80	0	0	0	0	0	0	0	80	0	1	0	0	0	0	0	0	0	0	0	0	0	0	0	0	0	0	0	0	0	0	0	0	0	0	0	0	0	0	0	0	0	0	0	0	0	0	0	0	0	0	0	0	0	0	0
59	0	0	209	0	0	0	0	0	0	0	209	0	0.077034	0	0	0	0	0	0	0	0.077034	0	1	0	0	0	0	0	0	0	0	40	0	0	0	0	0	0	0	40	0	1	0	0	0	0	0	0	0	0	23.9486	0	0	0	0	0	0	0	23.9486	0	1	0	0	0	0	0	0	0	0	84	0	0	0	0	0	0	0	84	0	1	0	0	0	0	0	0	0	0	0	0	0	0	0	0	0	0	0	0	0	0	0	0	0	0	0	0	0	0	0	0	0	0	0	0	0	0	0	0	0	0	0	0	0	0	0
60	0	0	224	0	0	0	0	0	0	0	224	0	0.049587	0	0	0	0	0	0	0	0.049587	0	1	0	0	0	0	0	0	0	0	31	0	0	0	0	0	0	0	31	0	1	0	0	0	0	0	0	0	0	25.5218	0	0	0	0	0	0	0	25.5218	0	1	0	0	0	0	0	0	0	0	93	0	0	0	0	0	0	0	93	0	1	0	0	0	0	0	0	0	0	0	0	0	0	0	0	0	0	0	0	0	0	0	0	0	0	0	0	0	0	0	0	0	0	0	0	0	0	0	0	0	0	0	0	0	0	0
61	0	0	227	0	0	0	0	0	0	0	227	0	0.0691174	0	0	0	0	0	0	0	0.0691174	0	1	0	0	0	0	0	0	0	0	39	0	0	0	0	0	0	0	39	0	1	0	0	0	0	0	0	0	0	27.4994	0	0	0	0	0	0	0	27.4994	0	1	0	0	0	0	0	0	0	0	94	0	0	0	0	0	0	0	94	0	1	0	0	0	0	0	0	0	0	0	0	0	0	0	0	0	0	0	0	0	0	0	0	0	0	0	0	0	0	0	0	0	0	0	0	0	0	0	0	0	0	0	0	0	0	0
62	0	0	232	0	0	0	0	0	0	0	232	0	0.0562453	0	0	0	0	0	0	0	0.0562453	0	1	0	0	0	0	0	0	0	0	35	0	0	0	0	0	0	0	35	0	1	0	0	0	0	0	0	0	0	27.6498	0	0	0	0	0	0	0	27.6498	0	1	0	0	0	0	0	0	0	0	95	0	0	0	0	0	0	0	95	0	1	0	0	0	0	0	0	0	0	0	0	0	0	0	0	0	0	0	0	0	0	0	0	0	0	0	0	0	0	0	0	0	0	0	0	0	0	0	0	0	0	0	0	0	0	0
63	0	0	228	0	0	0	0	0	0	0	228	0	0.0637138	0	0	0	0	0	0	0	0.0637138	0	1	0	0	0	0	0	0	0	0	40	0	0	0	0	0	0	0	40	0	1	0	0	0	0	0	0	0	0	27.6096	0	0	0	0	0	0	0	27.6096	0	1	0	0	0	0	0	0	0	0	91	0	0	0	0	0	0	0	91	0	1	0	0	0	0	0	0	0	0	0	0	0	0	0	0	0	0	0	0	0	0	0	0	0	0	0	0	0	0	0	0	0	0	0	0	0	0	0	0	0	0	0	0	0	0	0
64	0	0	248	0	0	0	0	0	0	0	248	0	0.0603431	0	0	0	0	0	0	0	0.0603431	0	1	0	0	0	0	0	0	0	0	37	0	0	0	0	0	0	0	37	0	1	0	0	0	0	0	0	0	0	28.2342	0	0	0	0	0	0	0	28.2342	0	1	0	0	0	0	0	0	0	0	92	0	0	0	0	0	0	0	92	0	1	0	0	0	0	0	0	0	0	0	0	0	0	0	0	0	0	0	0	0	0	0	0	0	0	0	0	0	0	0	0	0	0	0	0	0	0	0	0	0	0	0	0	0	0	0
65	0	0	228	0	0	0	0	0	0	0	228	0	0.0785133	0	0	0	0	0	0	0	0.0785133	0	1	0	0	0	0	0	0	0	0	39	0	0	0	0	0	0	0	39	0	1	0	0	0	0	0	0	0	0	27.2873	0	0	0	0	0	0	0	27.2873	0	1	0	0	0	0	0	0	0	0	86	0	0	0	0	0	0	0	86	0	1	0	0	0	0	0	0	0	0	0	0	0	0	0	0	0	0	0	0	0	0	0	0	0	0	0	0	0	0	0	0	0	0	0	0	0	0	0	0	0	0	0	0	0	0	0
66	0	0	214	0	0	0	0	0	0	0	214	0	0.100508	0	0	0	0	0	0	0	0.100508	0	1	0	0	0	0	0	0	0	0	42	0	0	0	0	0	0	0	42	0	1	0	0	0	0	0	0	0	0	25.4726	0	0	0	0	0	0	0	25.4726	0	1	0	0	0	0	0	0	0	0	82	0	0	0	0	0	0	0	82	0	1	0	0	0	0	0	0	0	0	0	0	0	0	0	0	0	0	0	0	0	0	0	0	0	0	0	0	0	0	0	0	0	0	0	0	0	0	0	0	0	0	0	0	0	0	0
67	0	0	218	0	0	0	0	0	0	0	218	0	0.0496031	0	0	0	0	0	0	0	0.0496031	0	1	0	0	0	0	0	0	0	0	36	0	0	0	0	0	0	0	36	0	1	0	0	0	0	0	0	0	0	26.1235	0	0	0	0	0	0	0	26.1235	0	1	0	0	0	0	0	0	0	0	93	0	0	0	0	0	0	0	93	0	1	0	0	0	0	0	0	0	0	0	0	0	0	0	0	0	0	0	0	0	0	0	0	0	0	0	0	0	0	0	0	0	0	0	0	0	0	0	0	0	0	0	0	0	0	0
68	0	0	235	0	0	0	0	0	0	0	235	0	0.0593189	0	0	0	0	0	0	0	0.0593189	0	1	0	0	0	0	0	0	0	0	39	0	0	0	0	0	0	0	39	0	1	0	0	0	0	0	0	0	0	28.1662	0	0	0	0	0	0	0	28.1662	0	1	0	0	0	0	0	0	0	0	95	0	0	0	0	0	0	0	95	0	1	0	0	0	0	0	0	0	0	0	0	0	0	0	0	0	0	0	0	0	0	0	0	0	0	0	0	0	0	0	0	0	0	0	0	0	0	0	0	0	0	0	0	0	0	0
69	0	0	265	0	0	0	0	0	0	0	265	0	0.0646225	0	0	0	0	0	0	0	0.0646225	0	1	0	0	0	0	0	0	0	0	44	0	0	0	0	0	0	0	44	0	1	0	0	0	0	0	0	0	0	29.7227	0	0	0	0	0	0	0	29.7227	0	1	0	0	0	0	0	0	0	0	98	0	0	0	0	0	0	0	98	0	1	0	0	0	0	0	0	0	0	0	0	0	0	0	0	0	0	0	0	0	0	0	0	0	0	0	0	0	0	0	0	0	0	0	0	0	0	0	0	0	0	0	0	0	0	0
70	0	0	247	0	0	0	0	0	0	0	247	0	0.0756291	0	0	0	0	0	0	0	0.0756291	0	1	0	0	0	0	0	0	0	0	45	0	0	0	0	0	0	0	45	0	1	0	0	0	0	0	0	0	0	27.8238	0	0	0	0	0	0	0	27.8238	0	1	0	0	0	0	0	0	0	0	92	0	0	0	0	0	0	0	92	0	1	0	0	0	0	0	0	0	0	0	0	0	0	0	0	0	0	0	0	0	0	0	0	0	0	0	0	0	0	0	0	0	0	0	0	0	0	0	0	0	0	0	0	0	0	0
71	0	0	228	0	0	0	0	0	0	0	228	0	0.100211	0	0	0	0	0	0	0	0.100211	0	1	0	0	0	0	0	0	0	0	47	0	0	0	0	0	0	0	47	0	1	0	0	0	0	0	0	0	0	26.4669	0	0	0	0	0	0	0	26.4669	0	1	0	0	0	0	0	0	0	0	90	0	0	0	0	0	0	0	90	0	1	0	0	0	0	0	0	0	0	0	0	0	0	0	0	0	0	0	0	0	0	0	0	0	0	0	0	0	0	0	0	0	0	0	0	0	0	0	0	0	0	0	0	0	0	0
72	0	0	241	0	0	0	0	0	0	0	241	0	0.0933154	0	0	0	0	0	0	0	0.0933154	0	1	0	0	0	0	0	0	0	0	42	0	0	0	0	0	0	0	42	0	1	0	0	0	0	0	0	0	0	27.1964	0	0	0	0	0	0	0	27.1964	0	1	0	0	0	0	0	0	0	0	95	0	0	0	0	0	0	0	95	0	1	0	0	0	0	0	0	0	0	0	0	0	0	0	0	0	0	0	0	0	0	0	0	0	0	0	0	0	0	0	0	0	0	0	0	0	0	0	0	0	0	0	0	0	0	0
73	0	0	246	0	0	0	0	0	0	0	246	0	0.0675171	0	0	0	0	0	0	0	0.0675171	0	1	0	0	0	0	0	0	0	0	37	0	0	0	0	0	0	0	37	0	1	0	0	0	0	0	0	0	0	28.9916	0	0	0	0	0	0	0	28.9916	0	1	0	0	0	0	0	0	0	0	105	0	0	0	0	0	0	0	105	0	1	0	0	0	0	0	0	0	0	0	0	0	0	0	0	0	0	0	0	0	0	0	0	0	0	0	0	0	0	0	0	0	0	0	0	0	0	0	0	0	0	0	0	0	0	0
74	0	0	253	0	0	0	0	0	0	0	253	0	0.086041	0	0	0	0	0	0	0	0.086041	0	1	0	0	0	0	0	0	0	0	42	0	0	0	0	0	0	0	42	0	1	0	0	0	0	0	0	0	0	31.0373	0	0	0	0	0	0	0	31.0373	0	1	0	0	0	0	0	0	0	0	106	0	0	0	0	0	0	0	106	0	1	0	0	0	0	0	0	0	0	0	0	0	0	0	0	0	0	0	0	0	0	0	0	0	0	0	0	0	0	0	0	0	0	0	0	0	0	0	0	0	0	0	0	0	0	0
75	0	0	268	0	0	0	0	0	0	0	268	0	0.0646315	0	0	0	0	0	0	0	0.0646315	0	1	0	0	0	0	0	0	0	0	33	0	0	0	0	0	0	0	33	0	1	0	0	0	0	0	0	0	0	31.7807	0	0	0	0	0	0	0	31.7807	0	1	0	0	0	0	0	0	0	0	110	0	0	0	0	0	0	0	110	0	1	0	0	0	0	0	0	0	0	0	0	0	0	0	0	0	0	0	0	0	0	0	0	0	0	0	0	0	0	0	0	0	0	0	0	0	0	0	0	0	0	0	0	0	0	0
76	0	0	278	0	0	0	0	0	0	0	278	0	0.0568809	0	0	0	0	0	0	0	0.0568809	0	1	0	0	0	0	0	0	0	0	34	0	0	0	0	0	0	0	34	0	1	0	0	0	0	0	0	0	0	32.7659	0	0	0	0	0	0	0	32.7659	0	1	0	0	0	0	0	0	0	0	111	0	0	0	0	0	0	0	111	0	1	0	0	0	0	0	0	0	0	0	0	0	0	0	0	0	0	0	0	0	0	0	0	0	0	0	0	0	0	0	0	0	0	0	0	0	0	0	0	0	0	0	0	0	0	0
77	0	0	278	0	0	0	0	0	0	0	278	0	0.0783134	0	0	0	0	0	0	0	0.0783134	0	1	0	0	0	0	0	0	0	0	35	0	0	0	0	0	0	0	35	0	1	0	0	0	0	0	0	0	0	33.5343	0	0	0	0	0	0	0	33.5343	0	1	0	0	0	0	0	0	0	0	110	0	0	0	0	0	0	0	110	0	1	0	0	0	0	0	0	0	0	0	0	0	0	0	0	0	0	0	0	0	0	0	0	0	0	0	0	0	0	0	0	0	0	0	0	0	0	0	0	0	0	0	0	0	0	0
78	0	0	307	0	0	0	0	0	0	0	307	0	0.0492475	0	0	0	0	0	0	0	0.0492475	0	1	0	0	0	0	0	0	0	0	31	0	0	0	0	0	0	0	31	0	1	0	0	0	0	0	0	0	0	35.433	0	0	0	0	0	0	0	35.433	0	1	0	0	0	0	0	0	0	0	112	0	0	0	0	0	0	0	112	0	1	0	0	0	0	0	0	0	0	0	0	0	0	0	0	0	0	0	0	0	0	0	0	0	0	0	0	0	0	0	0	0	0	0	0	0	0	0	0	0	0	0	0	0	0	0
79	0	0	302	0	0	0	0	0	0	0	302	0	0.0609622	0	0	0	0	0	0	0	0.0609622	0	1	0	0	0	0	0	0	0	0	41	0	0	0	0	0	0	0	41	0	1	0	0	0	0	0	0	0	0	35.7823	0	0	0	0	0	0	0	35.7823	0	1	0	0	0	0	0	0	0	0	108	0	0	0	0	0	0	0	108	0	1	0	0	0	0	0	0	0	0	0	0	0	0	0	0	0	0	0	0	0	0	0	0	0	0	0	0	0	0	0	0	0	0	0	0	0	0	0	0	0	0	0	0	0	0	0
80	0	0	310	0	0	0	0	0	0	0	310	0	0.0966087	0	0	0	0	0	0	0	0.0966087	0	1	0	0	0	0	0	0	0	0	45	0	0	0	0	0	0	0	45	0	1	0	0	0	0	0	0	0	0	37.11	0	0	0	0	0	0	0	37.11	0	1	0	0	0	0	0	0	0	0	104	0	0	0	0	0	0	0	104	0	1	0	0	0	0	0	0	0	0	0	0	0	0	0	0	0	0	0	0	0	0	0	0	0	0	0	0	0	0	0	0	0	0	0	0	0	0	0	0	0	0	0	0	0	0	0
81	0	0	332	0	0	0	0	0	0	0	332	0	0.0790804	0	0	0	0	0	0	0	0.0790804	0	1	0	0	0	0	0	0	0	0	48	0	0	0	0	0	0	0	48	0	1	0	0	0	0	0	0	0	0	39.4736	0	0	0	0	0	0	0	39.4736	0	1	0	0	0	0	0	0	0	0	110	0	0	0	0	0	0	0	110	0	1	0	0	0	0	0	0	0	0	0	0	0	0	0	0	0	0	0	0	0	0	0	0	0	0	0	0	0	0	0	0	0	0	0	0	0	0	0	0	0	0	0	0	0	0	0
82	0	0	318	0	0	0	0	0	0	0	318	0	0.0952106	0	0	0	0	0	0	0	0.0952106	0	1	0	0	0	0	0	0	0	0	48	0	0	0	0	0	0	0	48	0	1	0	0	0	0	0	0	0	0	39.6615	0	0	0	0	0	0	0	39.6615	0	1	0	0	0	0	0	0	0	0	109	0	0	0	0	0	0	0	109	0	1	0	0	0	0	0	0	0	0	0	0	0	0	0	0	0	0	0	0	0	0	0	0	0	0	0	0	0	0	0	0	0	0	0	0	0	0	0	0	0	0	0	0	0	0	0
83	0	0	338	0	0	0	0	0	0	0	338	0	0.0840898	0	0	0	0	0	0	0	0.0840898	0	1	0	0	0	0	0	0	0	0	43	0	0	0	0	0	0	0	43	0	1	0	0	0	0	0	0	0	0	40.3017	0	0	0	0	0	0	0	40.3017	0	1	0	0	0	0	0	0	0	0	110	0	0	0	0	0	0	0	110	0	1	0	0	0	0	0	0	0	0	0	0	0	0	0	0	0	0	0	0	0	0	0	0	0	0	0	0	0	0	0	0	0	0	0	0	0	0	0	0	0	0	0	0	0	0	0
84	0	0	336	0	0	0	0	0	0	0	336	0	0.0606042	0	0	0	0	0	0	0	0.0606042	0	1	0	0	0	0	0	0	0	0	42	0	0	0	0	0	0	0	42	0	1	0	0	0	0	0	0	0	0	40.5889	0	0	0	0	0	0	0	40.5889	0	1	0	0	0	0	0	0	0	0	111	0	0	0	0	0	0	0	111	0	1	0	0	0	0	0	0	0	0	0	0	0	0	0	0	0	0	0	0	0	0	0	0	0	0	0	0	0	0	0	0	0	0	0	0	0	0	0	0	0	0	0	0	0	0	0
85	0	0	340	0	0	0	0	0	0	0	340	0	0.0753947	0	0	0	0	0	0	0	0.0753947	0	1	0	0	0	0	0	0	0	0	41	0	0	0	0	0	0	0	41	0	1	0	0	0	0	0	0	0	0	41.7774	0	0	0	0	0	0	0	41.7774	0	1	0	0	0	0	0	0	0	0	109	0	0	0	0	0	0	0	109	0	1	0	0	0	0	0	0	0	0	0	0	0	0	0	0	0	0	0	0	0	0	0	0	0	0	0	0	0	0	0	0	0	0	0	0	0	0	0	0	0	0	0	0	0	0	0
86	0	0	323	0	0	0	0	0	0	0	323	0	0.0607058	0	0	0	0	0	0	0	0.0607058	0	1	0	0	0	0	0	0	0	0	41	0	0	0	0	0	0	0	41	0	1	0	0	0	0	0	0	0	0	39.8552	0	0	0	0	0	0	0	39.8552	0	1	0	0	0	0	0	0	0	0	110	0	0	0	0	0	0	0	110	0	1	0	0	0	0	0	0	0	0	0	0	0	0	0	0	0	0	0	0	0	0	0	0	0	0	0	0	0	0	0	0	0	0	0	0	0	0	0	0	0	0	0	0	0	0	0
87	0	0	335	0	0	0	0	0	0	0	335	0	0.0720251	0	0	0	0	0	0	0	0.0720251	0	1	0	0	0	0	0	0	0	0	48	0	0	0	0	0	0	0	48	0	1	0	0	0	0	0	0	0	0	41.077	0	0	0	0	0	0	0	41.077	0	1	0	0	0	0	0	0	0	0	108	0	0	0	0	0	0	0	108	0	1	0	0	0	0	0	0	0	0	0	0	0	0	0	0	0	0	0	0	0	0	0	0	0	0	0	0	0	0	0	0	0	0	0	0	0	0	0	0	0	0	0	0	0	0	0
88	0	0	341	0	0	0	0	0	0	0	341	0	0.0861482	0	0	0	0	0	0	0	0.0861482	0	1	0	0	0	0	0	0	0	0	50	0	0	0	0	0	0	0	50	0	1	0	0	0	0	0	0	0	0	41.5937	0	0	0	0	0	0	0	41.5937	0	1	0	0	0	0	0	0	0	0	109	0	0	0	0	0	0	0	109	0	1	0	0	0	0	0	0	0	0	0	0	0	0	0	0	0	0	0	0	0	0	0	0	0	0	0	0	0	0	0	0	0	0	0	0	0	0	0	0	0	0	0	0	0	0	0
89	0	0	327	0	0	0	0	0	0	0	327	0	0.076655	0	0	0	0	0	0	0	0.076655	0	1	0	0	0	0	0	0	0	0	47	0	0	0	0	0	0	0	47	0	1	0	0	0	0	0	0	0	0	41.5642	0	0	0	0	0	0	0	41.5642	0	1	0	0	0	0	0	0	0	0	112	0	0	0	0	0	0	0	112	0	1	0	0	0	0	0	0	0	0	0	0	0	0	0	0	0	0	0	0	0	0	0	0	0	0	0	0	0	0	0	0	0	0	0	0	0	0	0	0	0	0	0	0	0	0	0
90	0	0	355	0	0	0	0	0	0	0	355	0	0.0948852	0	0	0	0	0	0	0	0.0948852	0	1	0	0	0	0	0	0	0	0	48	0	0	0	0	0	0	0	48	0	1	0	0	0	0	0	0	0	0	42.8514	0	0	0	0	0	0	0	42.8514	0	1	0	0	0	0	0	0	0	0	112	0	0	0	0	0	0	0	112	0	1	0	0	0	0	0	0	0	0	0	0	0	0	0	0	0	0	0	0	0	0	0	0	0	0	0	0	0	0	0	0	0	0	0	0	0	0	0	0	0	0	0	0	0	0	0
91	0	0	357	0	0	0	0	0	0	0	357	0	0.0717296	0	0	0	0	0	0	0	0.0717296	0	1	0	0	0	0	0	0	0	0	43	0	0	0	0	0	0	0	43	0	1	0	0	0	0	0	0	0	0	44.8633	0	0	0	0	0	0	0	44.8633	0	1	0	0	0	0	0	0	0	0	121	0	0	0	0	0	0	0	121	0	1	0	0	0	0	0	0	0	0	0	0	0	0	0	0	0	0	0	0	0	0	0	0	0	0	0	0	0	0	0	0	0	0	0	0	0	0	0	0	0	0	0	0	0	0	0
92	0	0	378	0	0	0	0	0	0	0	378	0	0.0913063	0	0	0	0	0	0	0	0.0913063	0	1	0	0	0	0	0	0	0	0	40	0	0	0	0	0	0	0	40	0	1	0	0	0	0	0	0	0	0	45.5093	0	0	0	0	0	0	0	45.5093	0	1	0	0	0	0	0	0	0	0	122	0	0	0	0	0	0	0	122	0	1	0	0	0	0	0	0	0	0	0	0	0	0	0	0	0	0	0	0	0	0	0	0	0	0	0	0	0	0	0	0	0	0	0	0	0	0	0	0	0	0	0	0	0	0	0
93	0	0	354	0	0	0	0	0	0	0	354	0	0.0604701	0	0	0	0	0	0	0	0.0604701	0	1	0	0	0	0	0	0	0	0	36	0	0	0	0	0	0	0	36	0	1	0	0	0	0	0	0	0	0	45.5289	0	0	0	0	0	0	0	45.5289	0	1	0	0	0	0	0	0	0	0	128	0	0	0	0	0	0	0	128	0	1	0	0	0	0	0	0	0	0	0	0	0	0	0	0	0	0	0	0	0	0	0	0	0	0	0	0	0	0	0	0	0	0	0	0	0	0	0	0	0	0	0	0	0	0	0
94	0	0	340	0	0	0	0	0	0	0	340	0	0.0821708	0	0	0	0	0	0	0	0.0821708	0	1	0	0	0	0	0	0	0	0	38	0	0	0	0	0	0	0	38	0	1	0	0	0	0	0	0	0	0	42.6439	0	0	0	0	0	0	0	42.6439	0	1	0	0	0	0	0	0	0	0	120	0	0	0	0	0	0	0	120	0	1	0	0	0	0	0	0	0	0	0	0	0	0	0	0	0	0	0	0	0	0	0	0	0	0	0	0	0	0	0	0	0	0	0	0	0	0	0	0	0	0	0	0	0	0	0
95	0	0	349	0	0	0	0	0	0	0	349	0	0.0739598	0	0	0	0	0	0	0	0.0739598	0	1	0	0	0	0	0	0	0	0	35	0	0	0	0	0	0	0	35	0	1	0	0	0	0	0	0	0	0	43.3753	0	0	0	0	0	0	0	43.3753	0	1	0	0	0	0	0	0	0	0	120	0	0	0	0	0	0	0	120	0	1	0	0	0	0	0	0	0	0	0	0	0	0	0	0	0	0	0	0	0	0	0	0	0	0	0	0	0	0	0	0	0	0	0	0	0	0	0	0	0	0	0	0	0	0	0
96	0	0	364	0	0	0	0	0	0	0	364	0	0.0728251	0	0	0	0	0	0	0	0.0728251	0	1	0	0	0	0	0	0	0	0	38	0	0	0	0	0	0	0	38	0	1	0	0	0	0	0	0	0	0	44.0796	0	0	0	0	0	0	0	44.0796	0	1	0	0	0	0	0	0	0	0	121	0	0	0	0	0	0	0	121	0	1	0	0	0	0	0	0	0	0	0	0	0	0	0	0	0	0	0	0	0	0	0	0	0	0	0	0	0	0	0	0	0	0	0	0	0	0	0	0	0	0	0	0	0	0	0
97	0	0	373	0	0	0	0	0	0	0	373	0	0.0702958	0	0	0	0	0	0	0	0.0702958	0	1	0	0	0	0	0	0	0	0	39	0	0	0	0	0	0	0	39	0	1	0	0	0	0	0	0	0	0	45.5144	0	0	0	0	0	0	0	45.5144	0	1	0	0	0	0	0	0	0	0	122	0	0	0	0	0	0	0	122	0	1	0	0	0	0	0	0	0	0	0	0	0	0	0	0	0	0	0	0	0	0	0	0	0	0	0	0	0	0	0	0	0	0	0	0	0	0	0	0	0	0	0	0	0	0	0
98	0	0	364	0	0	0	0	0	0	0	364	0	0.0646553	0	0	0	0	0	0	0	0.0646553	0	1	0	0	0	0	0	0	0	0	38	0	0	0	0	0	0	0	38	0	1	0	0	0	0	0	0	0	0	46.5177	0	0	0	0	0	0	0	46.5177	0	1	0	0	0	0	0	0	0	0	120	0	0	0	0	0	0	0	120	0	1	0	0	0	0	0	0	0	0	0	0	0	0	0	0	0	0	0	0	0	0	0	0	0	0	0	0	0	0	0	0	0	0	0	0	0	0	0	0	0	0	0	0	0	0	0
99	0	0	384	0	0	0	0	0	0	0	384	0	0.0685614	0	0	0	0	0	0	0	0.0685614	0	1	0	0	0	0	0	0	0	0	36	0	0	0	0	0	0	0	36	0	1	0	0	0	0	0	0	0	0	47.0203	0	0	0	0	0	0	0	47.0203	0	1	0	0	0	0	0	0	0	0	120	0	0	0	0	0	0	0	120	0	1	0	0	0	0	0	0	0	0	0	0	0	0	0	0	0	0	0	0	0	0	0	0	0	0	0	0	0	0	0	0	0	0	0	0	0	0	0	0	0	0	0	0	0	0	0
100	0	0	366	0	0	0	0	0	0	0	366	0	0.0910413	0	0	0	0	0	0	0	0.0910413	0	1	0	0	0	0	0	0	0	0	35	0	0	0	0	0	0	0	35	0	1	0	0	0	0	0	0	0	0	44.5118	0	0	0	0	0	0	0	44.5118	0	1	0	0	0	0	0	0	0	0	117	0	0	0	0	0	0	0	117	0	1	0	0	0	0	0	0	0	0	0	0	0	0	0	0	0	0	0	0	0	0	0	0	0	0	0	0	0	0	0	0	0	0	0	0	0	0	0	0	0	0	0	0	0	0	0
101	0	0	341	0	0	0	0	0	0	0	341	0	0.0695822	0	0	0	0	0	0	0	0.0695822	0	1	0	0	0	0	0	0	0	0	36	0	0	0	0	0	0	0	36	0	1	0	0	0	0	0	0	0	0	43.9329	0	0	0	0	0	0	0	43.9329	0	1	0	0	0	0	0	0	0	0	119	0	0	0	0	0	0	0	119	0	1	0	0	0	0	0	0	0	0	0	0	0	0	0	0	0	0	0	0	0	0	0	0	0	0	0	0	0	0	0	0	0	0	0	0	0	0	0	0	0	0	0	0	0	0	0
102	0	0	338	0	0	0	0	0	0	0	338	0	0.0659524	0	0	0	0	0	0	0	0.0659524	0	1	0	0	0	0	0	0	0	0	36	0	0	0	0	0	0	0	36	0	1	0	0	0	0	0	0	0	0	43.7561	0	0	0	0	0	0	0	43.7561	0	1	0	0	0	0	0	0	0	0	118	0	0	0	0	0	0	0	118	0	1	0	0	0	0	0	0	0	0	0	0	0	0	0	0	0	0	0	0	0	0	0	0	0	0	0	0	0	0	0	0	0	0	0	0	0	0	0	0	0	0	0	0	0	0	0
103	0	0	341	0	0	0	0	0	0	0	341	0	0.0653762	0	0	0	0	0	0	0	0.0653762	0	1	0	0	0	0	0	0	0	0	37	0	0	0	0	0	0	0	37	0	1	0	0	0	0	0	0	0	0	42.9889	0	0	0	0	0	0	0	42.9889	0	1	0	0	0	0	0	0	0	0	113	0	0	0	0	0	0	0	113	0	1	0	0	0	0	0	0	0	0	0	0	0	0	0	0	0	0	0	0	0	0	0	0	0	0	0	0	0	0	0	0	0	0	0	0	0	0	0	0	0	0	0	0	0	0	0
104	0	0	361	0	0	0	0	0	0	0	361	0	0.0583674	0	0	0	0	0	0	0	0.0583674	0	1	0	0	0	0	0	0	0	0	37	0	0	0	0	0	0	0	37	0	1	0	0	0	0	0	0	0	0	44.4311	0	0	0	0	0	0	0	44.4311	0	1	0	0	0	0	0	0	0	0	116	0	0	0	0	0	0	0	116	0	1	0	0	0	0	0	0	0	0	0	0	0	0	0	0	0	0	0	0	0	0	0	0	0	0	0	0	0	0	0	0	0	0	0	0	0	0	0	0	0	0	0	0	0	0	0
105	0	0	368	0	0	0	0	0	0	0	368	0	0.06084	0	0	0	0	0	0	0	0.06084	0	1	0	0	0	0	0	0	0	0	32	0	0	0	0	0	0	0	32	0	1	0	0	0	0	0	0	0	0	45.9955	0	0	0	0	0	0	0	45.9955	0	1	0	0	0	0	0	0	0	0	120	0	0	0	0	0	0	0	120	0	1	0	0	0	0	0	0	0	0	0	0	0	0	0	0	0	0	0	0	0	0	0	0	0	0	0	0	0	0	0	0	0	0	0	0	0	0	0	0	0	0	0	0	0	0	0
106	0	0	366	0	0	0	0	0	0	0	366	0	0.0437178	0	0	0	0	0	0	0	0.0437178	0	1	0	0	0	0	0	0	0	0	31	0	0	0	0	0	0	0	31	0	1	0	0	0	0	0	0	0	0	46.2051	0	0	0	0	0	0	0	46.2051	0	1	0	0	0	0	0	0	0	0	120	0	0	0	0	0	0	0	120	0	1	0	0	0	0	0	0	0	0	0	0	0	0	0	0	0	0	0	0	0	0	0	0	0	0	0	0	0	0	0	0	0	0	0	0	0	0	0	0	0	0	0	0	0	0	0
107	0	0	384	0	0	0	0	0	0	0	384	0	0.0625392	0	0	0	0	0	0	0	0.0625392	0	1	0	0	0	0	0	0	0	0	39	0	0	0	0	0	0	0	39	0	1	0	0	0	0	0	0	0	0	45.7367	0	0	0	0	0	0	0	45.7367	0	1	0	0	0	0	0	0	0	0	118	0	0	0	0	0	0	0	118	0	1	0	0	0	0	0	0	0	0	0	0	0	0	0	0	0	0	0	0	0	0	0	0	0	0	0	0	0	0	0	0	0	0	0	0	0	0	0	0	0	0	0	0	0	0	0
108	0	0	390	0	0	0	0	0	0	0	390	0	0.0553129	0	0	0	0	0	0	0	0.0553129	0	1	0	0	0	0	0	0	0	0	40	0	0	0	0	0	0	0	40	0	1	0	0	0	0	0	0	0	0	46.3856	0	0	0	0	0	0	0	46.3856	0	1	0	0	0	0	0	0	0	0	118	0	0	0	0	0	0	0	118	0	1	0	0	0	0	0	0	0	0	0	0	0	0	0	0	0	0	0	0	0	0	0	0	0	0	0	0	0	0	0	0	0	0	0	0	0	0	0	0	0	0	0	0	0	0	0
109	0	0	398	0	0	0	0	0	0	0	398	0	0.0687282	0	0	0	0	0	0	0	0.0687282	0	1	0	0	0	0	0	0	0	0	44	0	0	0	0	0	0	0	44	0	1	0	0	0	0	0	0	0	0	47.2732	0	0	0	0	0	0	0	47.2732	0	1	0	0	0	0	0	0	0	0	116	0	0	0	0	0	0	0	116	0	1	0	0	0	0	0	0	0	0	0	0	0	0	0	0	0	0	0	0	0	0	0	0	0	0	0	0	0	0	0	0	0	0	0	0	0	0	0	0	0	0	0	0	0	0	0
110	0	0	409	0	0	0	0	0	0	0	409	0	0.066073	0	0	0	0	0	0	0	0.066073	0	1	0	0	0	0	0	0	0	0	49	0	0	0	0	0	0	0	49	0	1	0	0	0	0	0	0	0	0	48.8486	0	0	0	0	0	0	0	48.8486	0	1	0	0	0	0	0	0	0	0	120	0	0	0	0	0	0	0	120	0	1	0	0	0	0	0	0	0	0	0	0	0	0	0	0	0	0	0	0	0	0	0	0	0	0	0	0	0	0	0	0	0	0	0	0	0	0	0	0	0	0	0	0	0	0	0
111	0	0	390	0	0	0	0	0	0	0	390	0	0.076549	0	0	0	0	0	0	0	0.076549	0	1	0	0	0	0	0	0	0	0	56	0	0	0	0	0	0	0	56	0	1	0	0	0	0	0	0	0	0	49.5725	0	0	0	0	0	0	0	49.5725	0	1	0	0	0	0	0	0	0	0	122	0	0	0	0	0	0	0	122	0	1	0	0	0	0	0	0	0	0	0	0	0	0	0	0	0	0	0	0	0	0	0	0	0	0	0	0	0	0	0	0	0	0	0	0	0	0	0	0	0	0	0	0	0	0	0
112	0	0	400	0	0	0	0	0	0	0	400	0	0.0896882	0	0	0	0	0	0	0	0.0896882	0	1	0	0	0	0	0	0	0	0	60	0	0	0	0	0	0	0	60	0	1	0	0	0	0	0	0	0	0	50.3947	0	0	0	0	0	0	0	50.3947	0	1	0	0	0	0	0	0	0	0	123	0	0	0	0	0	0	0	123	0	1	0	0	0	0	0	0	0	0	0	0	0	0	0	0	0	0	0	0	0	0	0	0	0	0	0	0	0	0	0	0	0	0	0	0	0	0	0	0	0	0	0	0	0	0	0
113	0	0	391	0	0	0	0	0	0	0	391	0	0.105763	0	0	0	0	0	0	0	0.105763	0	1	0	0	0	0	0	0	0	0	56	0	0	0	0	0	0	0	56	0	1	0	0	0	0	0	0	0	0	47.7213	0	0	0	0	0	0	0	47.7213	0	1	0	0	0	0	0	0	0	0	122	0	0	0	0	0	0	0	122	0	1	0	0	0	0	0	0	0	0	0	0	0	0	0	0	0	0	0	0	0	0	0	0	0	0	0	0	0	0	0	0	0	0	0	0	0	0	0	0	0	0	0	0	0	0	0
114	0	0	402	0	0	0	0	0	0	0	402	0	0.0889372	0	0	0	0	0	0	0	0.0889372	0	1	0	0	0	0	0	0	0	0	51	0	0	0	0	0	0	0	51	0	1	0	0	0	0	0	0	0	0	50.0808	0	0	0	0	0	0	0	50.0808	0	1	0	0	0	0	0	0	0	0	129	0	0	0	0	0	0	0	129	0	1	0	0	0	0	0	0	0	0	0	0	0	0	0	0	0	0	0	0	0	0	0	0	0	0	0	0	0	0	0	0	0	0	0	0	0	0	0	0	0	0	0	0	0	0	0
115	0	0	397	0	0	0	0	0	0	0	397	0	0.0995647	0	0	0	0	0	0	0	0.0995647	0	1	0	0	0	0	0	0	0	0	58	0	0	0	0	0	0	0	58	0	1	0	0	0	0	0	0	0	0	48.6605	0	0	0	0	0	0	0	48.6605	0	1	0	0	0	0	0	0	0	0	126	0	0	0	0	0	0	0	126	0	1	0	0	0	0	0	0	0	0	0	0	0	0	0	0	0	0	0	0	0	0	0	0	0	0	0	0	0	0	0	0	0	0	0	0	0	0	0	0	0	0	0	0	0	0	0
116	0	0	385	0	0	0	0	0	0	0	385	0	0.0997652	0	0	0	0	0	0	0	0.0997652	0	1	0	0	0	0	0	0	0	0	51	0	0	0	0	0	0	0	51	0	1	0	0	0	0	0	0	0	0	46.811	0	0	0	0	0	0	0	46.811	0	1	0	0	0	0	0	0	0	0	128	0	0	0	0	0	0	0	128	0	1	0	0	0	0	0	0	0	0	0	0	0	0	0	0	0	0	0	0	0	0	0	0	0	0	0	0	0	0	0	0	0	0	0	0	0	0	0	0	0	0	0	0	0	0	0
117	0	0	380	0	0	0	0	0	0	0	380	0	0.083084	0	0	0	0	0	0	0	0.083084	0	1	0	0	0	0	0	0	0	0	46	0	0	0	0	0	0	0	46	0	1	0	0	0	0	0	0	0	0	45.6353	0	0	0	0	0	0	0	45.6353	0	1	0	0	0	0	0	0	0	0	131	0	0	0	0	0	0	0	131	0	1	0	0	0	0	0	0	0	0	0	0	0	0	0	0	0	0	0	0	0	0	0	0	0	0	0	0	0	0	0	0	0	0	0	0	0	0	0	0	0	0	0	0	0	0	0
118	0	0	379	0	0	0	0	0	0	0	379	0	0.109715	0	0	0	0	0	0	0	0.109715	0	1	0	0	0	0	0	0	0	0	45	0	0	0	0	0	0	0	45	0	1	0	0	0	0	0	0	0	0	45.6211	0	0	0	0	0	0	0	45.6211	0	1	0	0	0	0	0	0	0	0	130	0	0	0	0	0	0	0	130	0	1	0	0	0	0	0	0	0	0	0	0	0	0	0	0	0	0	0	0	0	0	0	0	0	0	0	0	0	0	0	0	0	0	0	0	0	0	0	0	0	0	0	0	0	0	0
119	0	0	403	0	0	0	0	0	0	0	403	0	0.0978933	0	0	0	0	0	0	0	0.0978933	0	1	0	0	0	0	0	0	0	0	43	0	0	0	0	0	0	0	43	0	1	0	0	0	0	0	0	0	0	47.8464	0	0	0	0	0	0	0	47.8464	0	1	0	0	0	0	0	0	0	0	136	0	0	0	0	0	0	0	136	0	1	0	0	0	0	0	0	0	0	0	0	0	0	0	0	0	0	0	0	0	0	0	0	0	0	0	0	0	0	0	0	0	0	0	0	0	0	0	0	0	0	0	0	0	0	0
120	0	0	405	0	0	0	0	0	0	0	405	0	0.0787847	0	0	0	0	0	0	0	0.0787847	0	1	0	0	0	0	0	0	0	0	45	0	0	0	0	0	0	0	45	0	1	0	0	0	0	0	0	0	0	48.9068	0	0	0	0	0	0	0	48.9068	0	1	0	0	0	0	0	0	0	0	134	0	0	0	0	0	0	0	134	0	1	0	0	0	0	0	0	0	0	0	0	0	0	0	0	0	0	0	0	0	0	0	0	0	0	0	0	0	0	0	0	0	0	0	0	0	0	0	0	0	0	0	0	0	0	0
121	0	0	408	0	0	0	0	0	0	0	408	0	0.0912379	0	0	0	0	0	0	0	0.0912379	0	1	0	0	0	0	0	0	0	0	52	0	0	0	0	0	0	0	52	0	1	0	0	0	0	0	0	0	0	51.0009	0	0	0	0	0	0	0	51.0009	0	1	0	0	0	0	0	0	0	0	131	0	0	0	0	0	0	0	131	0	1	0	0	0	0	0	0	0	0	0	0	0	0	0	0	0	0	0	0	0	0	0	0	0	0	0	0	0	0	0	0	0	0	0	0	0	0	0	0	0	0	0	0	0	0	0
122	0	0	414	0	0	0	0	0	0	0	414	0	0.0874199	0	0	0	0	0	0	0	0.0874199	0	1	0	0	0	0	0	0	0	0	60	0	0	0	0	0	0	0	60	0	1	0	0	0	0	0	0	0	0	51.6599	0	0	0	0	0	0	0	51.6599	0	1	0	0	0	0	0	0	0	0	132	0	0	0	0	0	0	0	132	0	1	0	0	0	0	0	0	0	0	0	0	0	0	0	0	0	0	0	0	0	0	0	0	0	0	0	0	0	0	0	0	0	0	0	0	0	0	0	0	0	0	0	0	0	0	0
123	0	0	399	0	0	0	0	0	0	0	399	0	0.0948999	0	0	0	0	0	0	0	0.0948999	0	1	0	0	0	0	0	0	0	0	60	0	0	0	0	0	0	0	60	0	1	0	0	0	0	0	0	0	0	51.4846	0	0	0	0	0	0	0	51.4846	0	1	0	0	0	0	0	0	0	0	131	0	0	0	0	0	0	0	131	0	1	0	0	0	0	0	0	0	0	0	0	0	0	0	0	0	0	0	0	0	0	0	0	0	0	0	0	0	0	0	0	0	0	0	0	0	0	0	0	0	0	0	0	0	0	0
124	0	0	403	0	0	0	0	0	0	0	403	0	0.109106	0	0	0	0	0	0	0	0.109106	0	1	0	0	0	0	0	0	0	0	59	0	0	0	0	0	0	0	59	0	1	0	0	0	0	0	0	0	0	51.1522	0	0	0	0	0	0	0	51.1522	0	1	0	0	0	0	0	0	0	0	132	0	0	0	0	0	0	0	132	0	1	0	0	0	0	0	0	0	0	0	0	0	0	0	0	0	0	0	0	0	0	0	0	0	0	0	0	0	0	0	0	0	0	0	0	0	0	0	0	0	0	0	0	0	0	0
125	0	0	400	0	0	0	0	0	0	0	400	0	0.108732	0	0	0	0	0	0	0	0.108732	0	1	0	0	0	0	0	0	0	0	52	0	0	0	0	0	0	0	52	0	1	0	0	0	0	0	0	0	0	50.1261	0	0	0	0	0	0	0	50.1261	0	1	0	0	0	0	0	0	0	0	131	0	0	0	0	0	0	0	131	0	1	0	0	0	0	0	0	0	0	0	0	0	0	0	0	0	0	0	0	0	0	0	0	0	0	0	0	0	0	0	0	0	0	0	0	0	0	0	0	0	0	0	0	0	0	0
126	0	0	412	0	0	0	0	0	0	0	412	0	0.114799	0	0	0	0	0	0	0	0.114799	0	1	0	0	0	0	0	0	0	0	51	0	0	0	0	0	0	0	51	0	1	0	0	0	0	0	0	0	0	51.1506	0	0	0	0	0	0	0	51.1506	0	1	0	0	0	0	0	0	0	0	135	0	0	0	0	0	0	0	135	0	1	0	0	0	0	0	0	0	0	0	0	0	0	0	0	0	0	0	0	0	0	0	0	0	0	0	0	0	0	0	0	0	0	0	0	0	0	0	0	0	0	0	0	0	0	0
127	0	0	416	0	0	0	0	0	0	0	416	0	0.0987636	0	0	0	0	0	0	0	0.0987636	0	1	0	0	0	0	0	0	0	0	48	0	0	0	0	0	0	0	48	0	1	0	0	0	0	0	0	0	0	50.4232	0	0	0	0	0	0	0	50.4232	0	1	0	0	0	0	0	0	0	0	136	0	0	0	0	0	0	0	136	0	1	0	0	0	0	0	0	0	0	0	0	0	0	0	0	0	0	0	0	0	0	0	0	0	0	0	0	0	0	0	0	0	0	0	0	0	0	0	0	0	0	0	0	0	0	0
128	0	0	422	0	0	0	0	0	0	0	422	0	0.108621	0	0	0	0	0	0	0	0.108621	0	1	0	0	0	0	0	0	0	0	46	0	0	0	0	0	0	0	46	0	1	0	0	0	0	0	0	0	0	51.849	0	0	0	0	0	0	0	51.849	0	1	0	0	0	0	0	0	0	0	140	0	0	0	0	0	0	0	140	0	1	0	0	0	0	0	0	0	0	0	0	0	0	0	0	0	0	0	0	0	0	0	0	0	0	0	0	0	0	0	0	0	0	0	0	0	0	0	0	0	0	0	0	0	0	0
129	0	0	403	0	0	0	0	0	0	0	403	0	0.0976154	0	0	0	0	0	0	0	0.0976154	0	1	0	0	0	0	0	0	0	0	48	0	0	0	0	0	0	0	48	0	1	0	0	0	0	0	0	0	0	50.3067	0	0	0	0	0	0	0	50.3067	0	1	0	0	0	0	0	0	0	0	140	0	0	0	0	0	0	0	140	0	1	0	0	0	0	0	0	0	0	0	0	0	0	0	0	0	0	0	0	0	0	0	0	0	0	0	0	0	0	0	0	0	0	0	0	0	0	0	0	0	0	0	0	0	0	0
130	0	0	399	0	0	0	0	0	0	0	399	0	0.0769874	0	0	0	0	0	0	0	0.0769874	0	1	0	0	0	0	0	0	0	0	47	0	0	0	0	0	0	0	47	0	1	0	0	0	0	0	0	0	0	49.0746	0	0	0	0	0	0	0	49.0746	0	1	0	0	0	0	0	0	0	0	143	0	0	0	0	0	0	0	143	0	1	0	0	0	0	0	0	0	0	0	0	0	0	0	0	0	0	0	0	0	0	0	0	0	0	0	0	0	0	0	0	0	0	0	0	0	0	0	0	0	0	0	0	0	0	0
131	0	0	423	0	0	0	0	0	0	0	423	0	0.0803106	0	0	0	0	0	0	0	0.0803106	0	1	0	0	0	0	0	0	0	0	46	0	0	0	0	0	0	0	46	0	1	0	0	0	0	0	0	0	0	49.9616	0	0	0	0	0	0	0	49.9616	0	1	0	0	0	0	0	0	0	0	141	0	0	0	0	0	0	0	141	0	1	0	0	0	0	0	0	0	0	0	0	0	0	0	0	0	0	0	0	0	0	0	0	0	0	0	0	0	0	0	0	0	0	0	0	0	0	0	0	0	0	0	0	0	0	0
132	0	0	417	0	0	0	0	0	0	0	417	0	0.0831095	0	0	0	0	0	0	0	0.0831095	0	1	0	0	0	0	0	0	0	0	46	0	0	0	0	0	0	0	46	0	1	0	0	0	0	0	0	0	0	51.4512	0	0	0	0	0	0	0	51.4512	0	1	0	0	0	0	0	0	0	0	142	0	0	0	0	0	0	0	142	0	1	0	0	0	0	0	0	0	0	0	0	0	0	0	0	0	0	0	0	0	0	0	0	0	0	0	0	0	0	0	0	0	0	0	0	0	0	0	0	0	0	0	0	0	0	0
133	0	0	437	0	0	0	0	0	0	0	437	0	0.0870735	0	0	0	0	0	0	0	0.0870735	0	1	0	0	0	0	0	0	0	0	44	0	0	0	0	0	0	0	44	0	1	0	0	0	0	0	0	0	0	53.1441	0	0	0	0	0	0	0	53.1441	0	1	0	0	0	0	0	0	0	0	146	0	0	0	0	0	0	0	146	0	1	0	0	0	0	0	0	0	0	0	0	0	0	0	0	0	0	0	0	0	0	0	0	0	0	0	0	0	0	0	0	0	0	0	0	0	0	0	0	0	0	0	0	0	0	0
134	0	0	468	0	0	0	0	0	0	0	468	0	0.102085	0	0	0	0	0	0	0	0.102085	0	1	0	0	0	0	0	0	0	0	45	0	0	0	0	0	0	0	45	0	1	0	0	0	0	0	0	0	0	55.3329	0	0	0	0	0	0	0	55.3329	0	1	0	0	0	0	0	0	0	0	144	0	0	0	0	0	0	0	144	0	1	0	0	0	0	0	0	0	0	0	0	0	0	0	0	0	0	0	0	0	0	0	0	0	0	0	0	0	0	0	0	0	0	0	0	0	0	0	0	0	0	0	0	0	0	0
135	0	0	468	0	0	0	0	0	0	0	468	0	0.08307	0	0	0	0	0	0	0	0.08307	0	1	0	0	0	0	0	0	0	0	41	0	0	0	0	0	0	0	41	0	1	0	0	0	0	0	0	0	0	56.146	0	0	0	0	0	0	0	56.146	0	1	0	0	0	0	0	0	0	0	145	0	0	0	0	0	0	0	145	0	1	0	0	0	0	0	0	0	0	0	0	0	0	0	0	0	0	0	0	0	0	0	0	0	0	0	0	0	0	0	0	0	0	0	0	0	0	0	0	0	0	0	0	0	0	0
136	0	0	451	0	0	0	0	0	0	0	451	0	0.0660068	0	0	0	0	0	0	0	0.0660068	0	1	0	0	0	0	0	0	0	0	43	0	0	0	0	0	0	0	43	0	1	0	0	0	0	0	0	0	0	57.2321	0	0	0	0	0	0	0	57.2321	0	1	0	0	0	0	0	0	0	0	145	0	0	0	0	0	0	0	145	0	1	0	0	0	0	0	0	0	0	0	0	0	0	0	0	0	0	0	0	0	0	0	0	0	0	0	0	0	0	0	0	0	0	0	0	0	0	0	0	0	0	0	0	0	0	0
137	0	0	472	0	0	0	0	0	0	0	472	0	0.0772713	0	0	0	0	0	0	0	0.0772713	0	1	0	0	0	0	0	0	0	0	50	0	0	0	0	0	0	0	50	0	1	0	0	0	0	0	0	0	0	57.9963	0	0	0	0	0	0	0	57.9963	0	1	0	0	0	0	0	0	0	0	141	0	0	0	0	0	0	0	141	0	1	0	0	0	0	0	0	0	0	0	0	0	0	0	0	0	0	0	0	0	0	0	0	0	0	0	0	0	0	0	0	0	0	0	0	0	0	0	0	0	0	0	0	0	0	0
138	0	0	444	0	0	0	0	0	0	0	444	0	0.0796901	0	0	0	0	0	0	0	0.0796901	0	1	0	0	0	0	0	0	0	0	48	0	0	0	0	0	0	0	48	0	1	0	0	0	0	0	0	0	0	55.1841	0	0	0	0	0	0	0	55.1841	0	1	0	0	0	0	0	0	0	0	139	0	0	0	0	0	0	0	139	0	1	0	0	0	0	0	0	0	0	0	0	0	0	0	0	0	0	0	0	0	0	0	0	0	0	0	0	0	0	0	0	0	0	0	0	0	0	0	0	0	0	0	0	0	0	0
139	0	0	422	0	0	0	0	0	0	0	422	0	0.101463	0	0	0	0	0	0	0	0.101463	0	1	0	0	0	0	0	0	0	0	46	0	0	0	0	0	0	0	46	0	1	0	0	0	0	0	0	0	0	52.5917	0	0	0	0	0	0	0	52.5917	0	1	0	0	0	0	0	0	0	0	135	0	0	0	0	0	0	0	135	0	1	0	0	0	0	0	0	0	0	0	0	0	0	0	0	0	0	0	0	0	0	0	0	0	0	0	0	0	0	0	0	0	0	0	0	0	0	0	0	0	0	0	0	0	0	0
140	0	0	426	0	0	0	0	0	0	0	426	0	0.111743	0	0	0	0	0	0	0	0.111743	0	1	0	0	0	0	0	0	0	0	48	0	0	0	0	0	0	0	48	0	1	0	0	0	0	0	0	0	0	52.3102	0	0	0	0	0	0	0	52.3102	0	1	0	0	0	0	0	0	0	0	131	0	0	0	0	0	0	0	131	0	1	0	0	0	0	0	0	0	0	0	0	0	0	0	0	0	0	0	0	0	0	0	0	0	0	0	0	0	0	0	0	0	0	0	0	0	0	0	0	0	0	0	0	0	0	0
141	0	0	396	0	0	0	0	0	0	0	396	0	0.0843237	0	0	0	0	0	0	0	0.0843237	0	1	0	0	0	0	0	0	0	0	47	0	0	0	0	0	0	0	47	0	1	0	0	0	0	0	0	0	0	51.6155	0	0	0	0	0	0	0	51.6155	0	1	0	0	0	0	0	0	0	0	133	0	0	0	0	0	0	0	133	0	1	0	0	0	0	0	0	0	0	0	0	0	0	0	0	0	0	0	0	0	0	0	0	0	0	0	0	0	0	0	0	0	0	0	0	0	0	0	0	0	0	0	0	0	0	0
142	0	0	422	0	0	0	0	0	0	0	422	0	0.0698523	0	0	0	0	0	0	0	0.0698523	0	1	0	0	0	0	0	0	0	0	41	0	0	0	0	0	0	0	41	0	1	0	0	0	0	0	0	0	0	51.445	0	0	0	0	0	0	0	51.445	0	1	0	0	0	0	0	0	0	0	135	0	0	0	0	0	0	0	135	0	1	0	0	0	0	0	0	0	0	0	0	0	0	0	0	0	0	0	0	0	0	0	0	0	0	0	0	0	0	0	0	0	0	0	0	0	0	0	0	0	0	0	0	0	0	0
143	0	0	405	0	0	0	0	0	0	0	405	0	0.0588396	0	0	0	0	0	0	0	0.0588396	0	1	0	0	0	0	0	0	0	0	40	0	0	0	0	0	0	0	40	0	1	0	0	0	0	0	0	0	0	51.7892	0	0	0	0	0	0	0	51.7892	0	1	0	0	0	0	0	0	0	0	139	0	0	0	0	0	0	0	139	0	1	0	0	0	0	0	0	0	0	0	0	0	0	0	0	0	0	0	0	0	0	0	0	0	0	0	0	0	0	0	0	0	0	0	0	0	0	0	0	0	0	0	0	0	0	0
144	0	0	429	0	0	0	0	0	0	0	429	0	0.0563644	0	0	0	0	0	0	0	0.0563644	0	1	0	0	0	0	0	0	0	0	40	0	0	0	0	0	0	0	40	0	1	0	0	0	0	0	0	0	0	54.477	0	0	0	0	0	0	0	54.477	0	1	0	0	0	0	0	0	0	0	142	0	0	0	0	0	0	0	142	0	1	0	0	0	0	0	0	0	0	0	0	0	0	0	0	0	0	0	0	0	0	0	0	0	0	0	0	0	0	0	0	0	0	0	0	0	0	0	0	0	0	0	0	0	0	0
145	0	0	433	0	0	0	0	0	0	0	433	0	0.0677386	0	0	0	0	0	0	0	0.0677386	0	1	0	0	0	0	0	0	0	0	40	0	0	0	0	0	0	0	40	0	1	0	0	0	0	0	0	0	0	55.7666	0	0	0	0	0	0	0	55.7666	0	1	0	0	0	0	0	0	0	0	142	0	0	0	0	0	0	0	142	0	1	0	0	0	0	0	0	0	0	0	0	0	0	0	0	0	0	0	0	0	0	0	0	0	0	0	0	0	0	0	0	0	0	0	0	0	0	0	0	0	0	0	0	0	0	0
146	0	0	464	0	0	0	0	0	0	0	464	0	0.0947144	0	0	0	0	0	0	0	0.0947144	0	1	0	0	0	0	0	0	0	0	40	0	0	0	0	0	0	0	40	0	1	0	0	0	0	0	0	0	0	56.6948	0	0	0	0	0	0	0	56.6948	0	1	0	0	0	0	0	0	0	0	138	0	0	0	0	0	0	0	138	0	1	0	0	0	0	0	0	0	0	0	0	0	0	0	0	0	0	0	0	0	0	0	0	0	0	0	0	0	0	0	0	0	0	0	0	0	0	0	0	0	0	0	0	0	0	0
147	0	0	472	0	0	0	0	0	0	0	472	0	0.0745288	0	0	0	0	0	0	0	0.0745288	0	1	0	0	0	0	0	0	0	0	37	0	0	0	0	0	0	0	37	0	1	0	0	0	0	0	0	0	0	57.2299	0	0	0	0	0	0	0	57.2299	0	1	0	0	0	0	0	0	0	0	140	0	0	0	0	0	0	0	140	0	1	0	0	0	0	0	0	0	0	0	0	0	0	0	0	0	0	0	0	0	0	0	0	0	0	0	0	0	0	0	0	0	0	0	0	0	0	0	0	0	0	0	0	0	0	0
148	0	0	464	0	0	0	0	0	0	0	464	0	0.0752394	0	0	0	0	0	0	0	0.0752394	0	1	0	0	0	0	0	0	0	0	40	0	0	0	0	0	0	0	40	0	1	0	0	0	0	0	0	0	0	57.5839	0	0	0	0	0	0	0	57.5839	0	1	0	0	0	0	0	0	0	0	139	0	0	0	0	0	0	0	139	0	1	0	0	0	0	0	0	0	0	0	0	0	0	0	0	0	0	0	0	0	0	0	0	0	0	0	0	0	0	0	0	0	0	0	0	0	0	0	0	0	0	0	0	0	0	0
149	0	0	455	0	0	0	0	0	0	0	455	0	0.0645097	0	0	0	0	0	0	0	0.0645097	0	1	0	0	0	0	0	0	0	0	47	0	0	0	0	0	0	0	47	0	1	0	0	0	0	0	0	0	0	58.3949	0	0	0	0	0	0	0	58.3949	0	1	0	0	0	0	0	0	0	0	140	0	0	0	0	0	0	0	140	0	1	0	0	0	0	0	0	0	0	0	0	0	0	0	0	0	0	0	0	0	0	0	0	0	0	0	0	0	0	0	0	0	0	0	0	0	0	0	0	0	0	0	0	0	0	0
150	0	0	434	0	0	0	0	0	0	0	434	0	0.0521122	0	0	0	0	0	0	0	0.0521122	0	1	0	0	0	0	0	0	0	0	46	0	0	0	0	0	0	0	46	0	1	0	0	0	0	0	0	0	0	57.4313	0	0	0	0	0	0	0	57.4313	0	1	0	0	0	0	0	0	0	0	139	0	0	0	0	0	0	0	139	0	1	0	0	0	0	0	0	0	0	0	0	0	0	0	0	0	0	0	0	0	0	0	0	0	0	0	0	0	0	0	0	0	0	0	0	0	0	0	0	0	0	0	0	0	0	0
151	0	0	445	0	0	0	0	0	0	0	445	0	0.0652491	0	0	0	0	0	0	0	0.0652491	0	1	0	0	0	0	0	0	0	0	44	0	0	0	0	0	0	0	44	0	1	0	0	0	0	0	0	0	0	57.4891	0	0	0	0	0	0	0	57.4891	0	1	0	0	0	0	0	0	0	0	139	0	0	0	0	0	0	0	139	0	1	0	0	0	0	0	0	0	0	0	0	0	0	0	0	0	0	0	0	0	0	0	0	0	0	0	0	0	0	0	0	0	0	0	0	0	0	0	0	0	0	0	0	0	0	0
152	0	0	467	0	0	0	0	0	0	0	467	0	0.0897672	0	0	0	0	0	0	0	0.0897672	0	1	0	0	0	0	0	0	0	0	40	0	0	0	0	0	0	0	40	0	1	0	0	0	0	0	0	0	0	58.5008	0	0	0	0	0	0	0	58.5008	0	1	0	0	0	0	0	0	0	0	139	0	0	0	0	0	0	0	139	0	1	0	0	0	0	0	0	0	0	0	0	0	0	0	0	0	0	0	0	0	0	0	0	0	0	0	0	0	0	0	0	0	0	0	0	0	0	0	0	0	0	0	0	0	0	0
153	0	0	474	0	0	0	0	0	0	0	474	0	0.108152	0	0	0	0	0	0	0	0.108152	0	1	0	0	0	0	0	0	0	0	41	0	0	0	0	0	0	0	41	0	1	0	0	0	0	0	0	0	0	59.2472	0	0	0	0	0	0	0	59.2472	0	1	0	0	0	0	0	0	0	0	142	0	0	0	0	0	0	0	142	0	1	0	0	0	0	0	0	0	0	0	0	0	0	0	0	0	0	0	0	0	0	0	0	0	0	0	0	0	0	0	0	0	0	0	0	0	0	0	0	0	0	0	0	0	0	0
154	0	0	472	0	0	0	0	0	0	0	472	0	0.0811692	0	0	0	0	0	0	0	0.0811692	0	1	0	0	0	0	0	0	0	0	35	0	0	0	0	0	0	0	35	0	1	0	0	0	0	0	0	0	0	60.7122	0	0	0	0	0	0	0	60.7122	0	1	0	0	0	0	0	0	0	0	146	0	0	0	0	0	0	0	146	0	1	0	0	0	0	0	0	0	0	0	0	0	0	0	0	0	0	0	0	0	0	0	0	0	0	0	0	0	0	0	0	0	0	0	0	0	0	0	0	0	0	0	0	0	0	0
155	0	0	502	0	0	0	0	0	0	0	502	0	0.0602965	0	0	0	0	0	0	0	0.0602965	0	1	0	0	0	0	0	0	0	0	32	0	0	0	0	0	0	0	32	0	1	0	0	0	0	0	0	0	0	62.6011	0	0	0	0	0	0	0	62.6011	0	1	0	0	0	0	0	0	0	0	150	0	0	0	0	0	0	0	150	0	1	0	0	0	0	0	0	0	0	0	0	0	0	0	0	0	0	0	0	0	0	0	0	0	0	0	0	0	0	0	0	0	0	0	0	0	0	0	0	0	0	0	0	0	0	0
156	0	0	490	0	0	0	0	0	0	0	490	0	0.0592188	0	0	0	0	0	0	0	0.0592188	0	1	0	0	0	0	0	0	0	0	41	0	0	0	0	0	0	0	41	0	1	0	0	0	0	0	0	0	0	63.889	0	0	0	0	0	0	0	63.889	0	1	0	0	0	0	0	0	0	0	147	0	0	0	0	0	0	0	147	0	1	0	0	0	0	0	0	0	0	0	0	0	0	0	0	0	0	0	0	0	0	0	0	0	0	0	0	0	0	0	0	0	0	0	0	0	0	0	0	0	0	0	0	0	0	0
157	0	0	494	0	0	0	0	0	0	0	494	0	0.0734026	0	0	0	0	0	0	0	0.0734026	0	1	0	0	0	0	0	0	0	0	40	0	0	0	0	0	0	0	40	0	1	0	0	0	0	0	0	0	0	62.058	0	0	0	0	0	0	0	62.058	0	1	0	0	0	0	0	0	0	0	134	0	0	0	0	0	0	0	134	0	1	0	0	0	0	0	0	0	0	0	0	0	0	0	0	0	0	0	0	0	0	0	0	0	0	0	0	0	0	0	0	0	0	0	0	0	0	0	0	0	0	0	0	0	0	0
158	0	0	494	0	0	0	0	0	0	0	494	0	0.0617089	0	0	0	0	0	0	0	0.0617089	0	1	0	0	0	0	0	0	0	0	38	0	0	0	0	0	0	0	38	0	1	0	0	0	0	0	0	0	0	60.9763	0	0	0	0	0	0	0	60.9763	0	1	0	0	0	0	0	0	0	0	132	0	0	0	0	0	0	0	132	0	1	0	0	0	0	0	0	0	0	0	0	0	0	0	0	0	0	0	0	0	0	0	0	0	0	0	0	0	0	0	0	0	0	0	0	0	0	0	0	0	0	0	0	0	0	0
159	0	0	481	0	0	0	0	0	0	0	481	0	0.0674554	0	0	0	0	0	0	0	0.0674554	0	1	0	0	0	0	0	0	0	0	36	0	0	0	0	0	0	0	36	0	1	0	0	0	0	0	0	0	0	60.7984	0	0	0	0	0	0	0	60.7984	0	1	0	0	0	0	0	0	0	0	130	0	0	0	0	0	0	0	130	0	1	0	0	0	0	0	0	0	0	0	0	0	0	0	0	0	0	0	0	0	0	0	0	0	0	0	0	0	0	0	0	0	0	0	0	0	0	0	0	0	0	0	0	0	0	0
160	0	0	508	0	0	0	0	0	0	0	508	0	0.0807321	0	0	0	0	0	0	0	0.0807321	0	1	0	0	0	0	0	0	0	0	38	0	0	0	0	0	0	0	38	0	1	0	0	0	0	0	0	0	0	62.4718	0	0	0	0	0	0	0	62.4718	0	1	0	0	0	0	0	0	0	0	134	0	0	0	0	0	0	0	134	0	1	0	0	0	0	0	0	0	0	0	0	0	0	0	0	0	0	0	0	0	0	0	0	0	0	0	0	0	0	0	0	0	0	0	0	0	0	0	0	0	0	0	0	0	0	0
161	0	0	494	0	0	0	0	0	0	0	494	0	0.0657426	0	0	0	0	0	0	0	0.0657426	0	1	0	0	0	0	0	0	0	0	40	0	0	0	0	0	0	0	40	0	1	0	0	0	0	0	0	0	0	62.3341	0	0	0	0	0	0	0	62.3341	0	1	0	0	0	0	0	0	0	0	132	0	0	0	0	0	0	0	132	0	1	0	0	0	0	0	0	0	0	0	0	0	0	0	0	0	0	0	0	0	0	0	0	0	0	0	0	0	0	0	0	0	0	0	0	0	0	0	0	0	0	0	0	0	0	0
162	0	0	512	0	0	0	0	0	0	0	512	0	0.0520574	0	0	0	0	0	0	0	0.0520574	0	1	0	0	0	0	0	0	0	0	39	0	0	0	0	0	0	0	39	0	1	0	0	0	0	0	0	0	0	61.7608	0	0	0	0	0	0	0	61.7608	0	1	0	0	0	0	0	0	0	0	128	0	0	0	0	0	0	0	128	0	1	0	0	0	0	0	0	0	0	0	0	0	0	0	0	0	0	0	0	0	0	0	0	0	0	0	0	0	0	0	0	0	0	0	0	0	0	0	0	0	0	0	0	0	0	0
163	0	0	503	0	0	0	0	0	0	0	503	0	0.0811507	0	0	0	0	0	0	0	0.0811507	0	1	0	0	0	0	0	0	0	0	48	0	0	0	0	0	0	0	48	0	1	0	0	0	0	0	0	0	0	60.5446	0	0	0	0	0	0	0	60.5446	0	1	0	0	0	0	0	0	0	0	123	0	0	0	0	0	0	0	123	0	1	0	0	0	0	0	0	0	0	0	0	0	0	0	0	0	0	0	0	0	0	0	0	0	0	0	0	0	0	0	0	0	0	0	0	0	0	0	0	0	0	0	0	0	0	0
164	0	0	501	0	0	0	0	0	0	0	501	0	0.106907	0	0	0	0	0	0	0	0.106907	0	1	0	0	0	0	0	0	0	0	53	0	0	0	0	0	0	0	53	0	1	0	0	0	0	0	0	0	0	63.0308	0	0	0	0	0	0	0	63.0308	0	1	0	0	0	0	0	0	0	0	126	0	0	0	0	0	0	0	126	0	1	0	0	0	0	0	0	0	0	0	0	0	0	0	0	0	0	0	0	0	0	0	0	0	0	0	0	0	0	0	0	0	0	0	0	0	0	0	0	0	0	0	0	0	0	0
165	0	0	458	0	0	0	0	0	0	0	458	0	0.124852	0	0	0	0	0	0	0	0.124852	0	1	0	0	0	0	0	0	0	0	57	0	0	0	0	0	0	0	57	0	1	0	0	0	0	0	0	0	0	57.4696	0	0	0	0	0	0	0	57.4696	0	1	0	0	0	0	0	0	0	0	116	0	0	0	0	0	0	0	116	0	1	0	0	0	0	0	0	0	0	0	0	0	0	0	0	0	0	0	0	0	0	0	0	0	0	0	0	0	0	0	0	0	0	0	0	0	0	0	0	0	0	0	0	0	0	0
166	0	0	477	0	0	0	0	0	0	0	477	0	0.0877749	0	0	0	0	0	0	0	0.0877749	0	1	0	0	0	0	0	0	0	0	54	0	0	0	0	0	0	0	54	0	1	0	0	0	0	0	0	0	0	56.371	0	0	0	0	0	0	0	56.371	0	1	0	0	0	0	0	0	0	0	127	0	0	0	0	0	0	0	127	0	1	0	0	0	0	0	0	0	0	0	0	0	0	0	0	0	0	0	0	0	0	0	0	0	0	0	0	0	0	0	0	0	0	0	0	0	0	0	0	0	0	0	0	0	0	0
167	0	0	463	0	0	0	0	0	0	0	463	0	0.0757579	0	0	0	0	0	0	0	0.0757579	0	1	0	0	0	0	0	0	0	0	52	0	0	0	0	0	0	0	52	0	1	0	0	0	0	0	0	0	0	56.9797	0	0	0	0	0	0	0	56.9797	0	1	0	0	0	0	0	0	0	0	130	0	0	0	0	0	0	0	130	0	1	0	0	0	0	0	0	0	0	0	0	0	0	0	0	0	0	0	0	0	0	0	0	0	0	0	0	0	0	0	0	0	0	0	0	0	0	0	0	0	0	0	0	0	0	0
168	0	0	443	0	0	0	0	0	0	0	443	0	0.0946185	0	0	0	0	0	0	0	0.0946185	0	1	0	0	0	0	0	0	0	0	47	0	0	0	0	0	0	0	47	0	1	0	0	0	0	0	0	0	0	54.9841	0	0	0	0	0	0	0	54.9841	0	1	0	0	0	0	0	0	0	0	130	0	0	0	0	0	0	0	130	0	1	0	0	0	0	0	0	0	0	0	0	0	0	0	0	0	0	0	0	0	0	0	0	0	0	0	0	0	0	0	0	0	0	0	0	0	0	0	0	0	0	0	0	0	0	0
169	0	0	453	0	0	0	0	0	0	0	453	0	0.109988	0	0	0	0	0	0	0	0.109988	0	1	0	0	0	0	0	0	0	0	51	0	0	0	0	0	0	0	51	0	1	0	0	0	0	0	0	0	0	55.0546	0	0	0	0	0	0	0	55.0546	0	1	0	0	0	0	0	0	0	0	130	0	0	0	0	0	0	0	130	0	1	0	0	0	0	0	0	0	0	0	0	0	0	0	0	0	0	0	0	0	0	0	0	0	0	0	0	0	0	0	0	0	0	0	0	0	0	0	0	0	0	0	0	0	0	0
170	0	0	458	0	0	0	0	0	0	0	458	0	0.0838382	0	0	0	0	0	0	0	0.0838382	0	1	0	0	0	0	0	0	0	0	49	0	0	0	0	0	0	0	49	0	1	0	0	0	0	0	0	0	0	55.7412	0	0	0	0	0	0	0	55.7412	0	1	0	0	0	0	0	0	0	0	137	0	0	0	0	0	0	0	137	0	1	0	0	0	0	0	0	0	0	0	0	0	0	0	0	0	0	0	0	0	0	0	0	0	0	0	0	0	0	0	0	0	0	0	0	0	0	0	0	0	0	0	0	0	0	0
171	0	0	467	0	0	0	0	0	0	0	467	0	0.0915279	0	0	0	0	0	0	0	0.0915279	0	1	0	0	0	0	0	0	0	0	53	0	0	0	0	0	0	0	53	0	1	0	0	0	0	0	0	0	0	54.614	0	0	0	0	0	0	0	54.614	0	1	0	0	0	0	0	0	0	0	134	0	0	0	0	0	0	0	134	0	1	0	0	0	0	0	0	0	0	0	0	0	0	0	0	0	0	0	0	0	0	0	0	0	0	0	0	0	0	0	0	0	0	0	0	0	0	0	0	0	0	0	0	0	0	0
172	0	0	460	0	0	0	0	0	0	0	460	0	0.0701463	0	0	0	0	0	0	0	0.0701463	0	1	0	0	0	0	0	0	0	0	48	0	0	0	0	0	0	0	48	0	1	0	0	0	0	0	0	0	0	52.9321	0	0	0	0	0	0	0	52.9321	0	1	0	0	0	0	0	0	0	0	132	0	0	0	0	0	0	0	132	0	1	0	0	0	0	0	0	0	0	0	0	0	0	0	0	0	0	0	0	0	0	0	0	0	0	0	0	0	0	0	0	0	0	0	0	0	0	0	0	0	0	0	0	0	0	0
173	0	0	442	0	0	0	0	0	0	0	442	0	0.0895112	0	0	0	0	0	0	0	0.0895112	0	1	0	0	0	0	0	0	0	0	56	0	0	0	0	0	0	0	56	0	1	0	0	0	0	0	0	0	0	52.2169	0	0	0	0	0	0	0	52.2169	0	1	0	0	0	0	0	0	0	0	132	0	0	0	0	0	0	0	132	0	1	0	0	0	0	0	0	0	0	0	0	0	0	0	0	0	0	0	0	0	0	0	0	0	0	0	0	0	0	0	0	0	0	0	0	0	0	0	0	0	0	0	0	0	0	0
174	0	0	455	0	0	0	0	0	0	0	455	0	0.0962874	0	0	0	0	0	0	0	0.0962874	0	1	0	0	0	0	0	0	0	0	58	0	0	0	0	0	0	0	58	0	1	0	0	0	0	0	0	0	0	55.1877	0	0	0	0	0	0	0	55.1877	0	1	0	0	0	0	0	0	0	0	139	0	0	0	0	0	0	0	139	0	1	0	0	0	0	0	0	0	0	0	0	0	0	0	0	0	0	0	0	0	0	0	0	0	0	0	0	0	0	0	0	0	0	0	0	0	0	0	0	0	0	0	0	0	0	0
175	0	0	467	0	0	0	0	0	0	0	467	0	0.0860523	0	0	0	0	0	0	0	0.0860523	0	1	0	0	0	0	0	0	0	0	56	0	0	0	0	0	0	0	56	0	1	0	0	0	0	0	0	0	0	57.5455	0	0	0	0	0	0	0	57.5455	0	1	0	0	0	0	0	0	0	0	146	0	0	0	0	0	0	0	146	0	1	0	0	0	0	0	0	0	0	0	0	0	0	0	0	0	0	0	0	0	0	0	0	0	0	0	0	0	0	0	0	0	0	0	0	0	0	0	0	0	0	0	0	0	0	0
176	0	0	465	0	0	0	0	0	0	0	465	0	0.104988	0	0	0	0	0	0	0	0.104988	0	1	0	0	0	0	0	0	0	0	61	0	0	0	0	0	0	0	61	0	1	0	0	0	0	0	0	0	0	58.2178	0	0	0	0	0	0	0	58.2178	0	1	0	0	0	0	0	0	0	0	147	0	0	0	0	0	0	0	147	0	1	0	0	0	0	0	0	0	0	0	0	0	0	0	0	0	0	0	0	0	0	0	0	0	0	0	0	0	0	0	0	0	0	0	0	0	0	0	0	0	0	0	0	0	0	0
177	0	0	479	0	0	0	0	0	0	0	479	0	0.109907	0	0	0	0	0	0	0	0.109907	0	1	0	0	0	0	0	0	0	0	63	0	0	0	0	0	0	0	63	0	1	0	0	0	0	0	0	0	0	60.8284	0	0	0	0	0	0	0	60.8284	0	1	0	0	0	0	0	0	0	0	151	0	0	0	0	0	0	0	151	0	1	0	0	0	0	0	0	0	0	0	0	0	0	0	0	0	0	0	0	0	0	0	0	0	0	0	0	0	0	0	0	0	0	0	0	0	0	0	0	0	0	0	0	0	0	0
178	0	0	491	0	0	0	0	0	0	0	491	0	0.102059	0	0	0	0	0	0	0	0.102059	0	1	0	0	0	0	0	0	0	0	55	0	0	0	0	0	0	0	55	0	1	0	0	0	0	0	0	0	0	61.3528	0	0	0	0	0	0	0	61.3528	0	1	0	0	0	0	0	0	0	0	152	0	0	0	0	0	0	0	152	0	1	0	0	0	0	0	0	0	0	0	0	0	0	0	0	0	0	0	0	0	0	0	0	0	0	0	0	0	0	0	0	0	0	0	0	0	0	0	0	0	0	0	0	0	0	0
179	0	0	490	0	0	0	0	0	0	0	490	0	0.101732	0	0	0	0	0	0	0	0.101732	0	1	0	0	0	0	0	0	0	0	51	0	0	0	0	0	0	0	51	0	1	0	0	0	0	0	0	0	0	61.0655	0	0	0	0	0	0	0	61.0655	0	1	0	0	0	0	0	0	0	0	153	0	0	0	0	0	0	0	153	0	1	0	0	0	0	0	0	0	0	0	0	0	0	0	0	0	0	0	0	0	0	0	0	0	0	0	0	0	0	0	0	0	0	0	0	0	0	0	0	0	0	0	0	0	0	0
180	0	0	452	0	0	0	0	0	0	0	452	0	0.113915	0	0	0	0	0	0	0	0.113915	0	1	0	0	0	0	0	0	0	0	53	0	0	0	0	0	0	0	53	0	1	0	0	0	0	0	0	0	0	58.2594	0	0	0	0	0	0	0	58.2594	0	1	0	0	0	0	0	0	0	0	154	0	0	0	0	0	0	0	154	0	1	0	0	0	0	0	0	0	0	0	0	0	0	0	0	0	0	0	0	0	0	0	0	0	0	0	0	0	0	0	0	0	0	0	0	0	0	0	0	0	0	0	0	0	0	0
181	0	0	465	0	0	0	0	0	0	0	465	0	0.0863504	0	0	0	0	0	0	0	0.0863504	0	1	0	0	0	0	0	0	0	0	46	0	0	0	0	0	0	0	46	0	1	0	0	0	0	0	0	0	0	58.9498	0	0	0	0	0	0	0	58.9498	0	1	0	0	0	0	0	0	0	0	158	0	0	0	0	0	0	0	158	0	1	0	0	0	0	0	0	0	0	0	0	0	0	0	0	0	0	0	0	0	0	0	0	0	0	0	0	0	0	0	0	0	0	0	0	0	0	0	0	0	0	0	0	0	0	0
182	0	0	459	0	0	0	0	0	0	0	459	0	0.0775696	0	0	0	0	0	0	0	0.0775696	0	1	0	0	0	0	0	0	0	0	45	0	0	0	0	0	0	0	45	0	1	0	0	0	0	0	0	0	0	58.3494	0	0	0	0	0	0	0	58.3494	0	1	0	0	0	0	0	0	0	0	159	0	0	0	0	0	0	0	159	0	1	0	0	0	0	0	0	0	0	0	0	0	0	0	0	0	0	0	0	0	0	0	0	0	0	0	0	0	0	0	0	0	0	0	0	0	0	0	0	0	0	0	0	0	0	0
183	0	0	466	0	0	0	0	0	0	0	466	0	0.099542	0	0	0	0	0	0	0	0.099542	0	1	0	0	0	0	0	0	0	0	49	0	0	0	0	0	0	0	49	0	1	0	0	0	0	0	0	0	0	58.4699	0	0	0	0	0	0	0	58.4699	0	1	0	0	0	0	0	0	0	0	156	0	0	0	0	0	0	0	156	0	1	0	0	0	0	0	0	0	0	0	0	0	0	0	0	0	0	0	0	0	0	0	0	0	0	0	0	0	0	0	0	0	0	0	0	0	0	0	0	0	0	0	0	0	0	0
184	0	0	482	0	0	0	0	0	0	0	482	0	0.0910461	0	0	0	0	0	0	0	0.0910461	0	1	0	0	0	0	0	0	0	0	48	0	0	0	0	0	0	0	48	0	1	0	0	0	0	0	0	0	0	59.5787	0	0	0	0	0	0	0	59.5787	0	1	0	0	0	0	0	0	0	0	157	0	0	0	0	0	0	0	157	0	1	0	0	0	0	0	0	0	0	0	0	0	0	0	0	0	0	0	0	0	0	0	0	0	0	0	0	0	0	0	0	0	0	0	0	0	0	0	0	0	0	0	0	0	0	0
185	0	0	512	0	0	0	0	0	0	0	512	0	0.085768	0	0	0	0	0	0	0	0.085768	0	1	0	0	0	0	0	0	0	0	52	0	0	0	0	0	0	0	52	0	1	0	0	0	0	0	0	0	0	61.0123	0	0	0	0	0	0	0	61.0123	0	1	0	0	0	0	0	0	0	0	157	0	0	0	0	0	0	0	157	0	1	0	0	0	0	0	0	0	0	0	0	0	0	0	0	0	0	0	0	0	0	0	0	0	0	0	0	0	0	0	0	0	0	0	0	0	0	0	0	0	0	0	0	0	0	0
186	0	0	461	0	0	0	0	0	0	0	461	0	0.100659	0	0	0	0	0	0	0	0.100659	0	1	0	0	0	0	0	0	0	0	58	0	0	0	0	0	0	0	58	0	1	0	0	0	0	0	0	0	0	57.8625	0	0	0	0	0	0	0	57.8625	0	1	0	0	0	0	0	0	0	0	147	0	0	0	0	0	0	0	147	0	1	0	0	0	0	0	0	0	0	0	0	0	0	0	0	0	0	0	0	0	0	0	0	0	0	0	0	0	0	0	0	0	0	0	0	0	0	0	0	0	0	0	0	0	0	0
187	0	0	464	0	0	0	0	0	0	0	464	0	0.0695025	0	0	0	0	0	0	0	0.0695025	0	1	0	0	0	0	0	0	0	0	58	0	0	0	0	0	0	0	58	0	1	0	0	0	0	0	0	0	0	58.5275	0	0	0	0	0	0	0	58.5275	0	1	0	0	0	0	0	0	0	0	151	0	0	0	0	0	0	0	151	0	1	0	0	0	0	0	0	0	0	0	0	0	0	0	0	0	0	0	0	0	0	0	0	0	0	0	0	0	0	0	0	0	0	0	0	0	0	0	0	0	0	0	0	0	0	0
188	0	0	487	0	0	0	0	0	0	0	487	0	0.1004	0	0	0	0	0	0	0	0.1004	0	1	0	0	0	0	0	0	0	0	60	0	0	0	0	0	0	0	60	0	1	0	0	0	0	0	0	0	0	59.3717	0	0	0	0	0	0	0	59.3717	0	1	0	0	0	0	0	0	0	0	148	0	0	0	0	0	0	0	148	0	1	0	0	0	0	0	0	0	0	0	0	0	0	0	0	0	0	0	0	0	0	0	0	0	0	0	0	0	0	0	0	0	0	0	0	0	0	0	0	0	0	0	0	0	0	0
189	0	0	476	0	0	0	0	0	0	0	476	0	0.123965	0	0	0	0	0	0	0	0.123965	0	1	0	0	0	0	0	0	0	0	58	0	0	0	0	0	0	0	58	0	1	0	0	0	0	0	0	0	0	58.1197	0	0	0	0	0	0	0	58.1197	0	1	0	0	0	0	0	0	0	0	142	0	0	0	0	0	0	0	142	0	1	0	0	0	0	0	0	0	0	0	0	0	0	0	0	0	0	0	0	0	0	0	0	0	0	0	0	0	0	0	0	0	0	0	0	0	0	0	0	0	0	0	0	0	0	0
190	0	0	474	0	0	0	0	0	0	0	474	0	0.0956097	0	0	0	0	0	0	0	0.0956097	0	1	0	0	0	0	0	0	0	0	58	0	0	0	0	0	0	0	58	0	1	0	0	0	0	0	0	0	0	58.0886	0	0	0	0	0	0	0	58.0886	0	1	0	0	0	0	0	0	0	0	144	0	0	0	0	0	0	0	144	0	1	0	0	0	0	0	0	0	0	0	0	0	0	0	0	0	0	0	0	0	0	0	0	0	0	0	0	0	0	0	0	0	0	0	0	0	0	0	0	0	0	0	0	0	0	0
191	0	0	478	0	0	0	0	0	0	0	478	0	0.12172	0	0	0	0	0	0	0	0.12172	0	1	0	0	0	0	0	0	0	0	62	0	0	0	0	0	0	0	62	0	1	0	0	0	0	0	0	0	0	58.752	0	0	0	0	0	0	0	58.752	0	1	0	0	0	0	0	0	0	0	142	0	0	0	0	0	0	0	142	0	1	0	0	0	0	0	0	0	0	0	0	0	0	0	0	0	0	0	0	0	0	0	0	0	0	0	0	0	0	0	0	0	0	0	0	0	0	0	0	0	0	0	0	0	0	0
192	0	0	478	0	0	0	0	0	0	0	478	0	0.087277	0	0	0	0	0	0	0	0.087277	0	1	0	0	0	0	0	0	0	0	62	0	0	0	0	0	0	0	62	0	1	0	0	0	0	0	0	0	0	58.8145	0	0	0	0	0	0	0	58.8145	0	1	0	0	0	0	0	0	0	0	146	0	0	0	0	0	0	0	146	0	1	0	0	0	0	0	0	0	0	0	0	0	0	0	0	0	0	0	0	0	0	0	0	0	0	0	0	0	0	0	0	0	0	0	0	0	0	0	0	0	0	0	0	0	0	0
193	0	0	489	0	0	0	0	0	0	0	489	0	0.138855	0	0	0	0	0	0	0	0.138855	0	1	0	0	0	0	0	0	0	0	67	0	0	0	0	0	0	0	67	0	1	0	0	0	0	0	0	0	0	59.9927	0	0	0	0	0	0	0	59.9927	0	1	0	0	0	0	0	0	0	0	143	0	0	0	0	0	0	0	143	0	1	0	0	0	0	0	0	0	0	0	0	0	0	0	0	0	0	0	0	0	0	0	0	0	0	0	0	0	0	0	0	0	0	0	0	0	0	0	0	0	0	0	0	0	0	0
194	0	0	475	0	0	0	0	0	0	0	475	0	0.105573	0	0	0	0	0	0	0	0.105573	0	1	0	0	0	0	0	0	0	0	58	0	0	0	0	0	0	0	58	0	1	0	0	0	0	0	0	0	0	59.7012	0	0	0	0	0	0	0	59.7012	0	1	0	0	0	0	0	0	0	0	150	0	0	0	0	0	0	0	150	0	1	0	0	0	0	0	0	0	0	0	0	0	0	0	0	0	0	0	0	0	0	0	0	0	0	0	0	0	0	0	0	0	0	0	0	0	0	0	0	0	0	0	0	0	0	0
195	0	0	494	0	0	0	0	0	0	0	494	0	0.119507	0	0	0	0	0	0	0	0.119507	0	1	0	0	0	0	0	0	0	0	61	0	0	0	0	0	0	0	61	0	1	0	0	0	0	0	0	0	0	60.3776	0	0	0	0	0	0	0	60.3776	0	1	0	0	0	0	0	0	0	0	149	0	0	0	0	0	0	0	149	0	1	0	0	0	0	0	0	0	0	0	0	0	0	0	0	0	0	0	0	0	0	0	0	0	0	0	0	0	0	0	0	0	0	0	0	0	0	0	0	0	0	0	0	0	0	0
196	0	0	493	0	0	0	0	0	0	0	493	0	0.107553	0	0	0	0	0	0	0	0.107553	0	1	0	0	0	0	0	0	0	0	61	0	0	0	0	0	0	0	61	0	1	0	0	0	0	0	0	0	0	59.6996	0	0	0	0	0	0	0	59.6996	0	1	0	0	0	0	0	0	0	0	150	0	0	0	0	0	0	0	150	0	1	0	0	0	0	0	0	0	0	0	0	0	0	0	0	0	0	0	0	0	0	0	0	0	0	0	0	0	0	0	0	0	0	0	0	0	0	0	0	0	0	0	0	0	0	0
197	0	0	478	0	0	0	0	0	0	0	478	0	0.100614	0	0	0	0	0	0	0	0.100614	0	1	0	0	0	0	0	0	0	0	53	0	0	0	0	0	0	0	53	0	1	0	0	0	0	0	0	0	0	58.2309	0	0	0	0	0	0	0	58.2309	0	1	0	0	0	0	0	0	0	0	153	0	0	0	0	0	0	0	153	0	1	0	0	0	0	0	0	0	0	0	0	0	0	0	0	0	0	0	0	0	0	0	0	0	0	0	0	0	0	0	0	0	0	0	0	0	0	0	0	0	0	0	0	0	0	0
198	0	0	460	0	0	0	0	0	0	0	460	0	0.105794	0	0	0	0	0	0	0	0.105794	0	1	0	0	0	0	0	0	0	0	50	0	0	0	0	0	0	0	50	0	1	0	0	0	0	0	0	0	0	56.5342	0	0	0	0	0	0	0	56.5342	0	1	0	0	0	0	0	0	0	0	152	0	0	0	0	0	0	0	152	0	1	0	0	0	0	0	0	0	0	0	0	0	0	0	0	0	0	0	0	0	0	0	0	0	0	0	0	0	0	0	0	0	0	0	0	0	0	0	0	0	0	0	0	0	0	0
199	0	0	463	0	0	0	0	0	0	0	463	0	0.117031	0	0	0	0	0	0	0	0.117031	0	1	0	0	0	0	0	0	0	0	51	0	0	0	0	0	0	0	51	0	1	0	0	0	0	0	0	0	0	58.7363	0	0	0	0	0	0	0	58.7363	0	1	0	0	0	0	0	0	0	0	156	0	0	0	0	0	0	0	156	0	1	0	0	0	0	0	0	0	0	0	0	0	0	0	0	0	0	0	0	0	0	0	0	0	0	0	0	0	0	0	0	0	0	0	0	0	0	0	0	0	0	0	0	0	0	0
200	0	0	469	0	0	0	0	0	0	0	469	0	0.0756953	0	0	0	0	0	0	0	0.0756953	0	1	0	0	0	0	0	0	0	0	45	0	0	0	0	0	0	0	45	0	1	0	0	0	0	0	0	0	0	59.9714	0	0	0	0	0	0	0	59.9714	0	1	0	0	0	0	0	0	0	0	165	0	0	0	0	0	0	0	165	0	1	0	0	0	0	0	0	0	0	0	0	0	0	0	0	0	0	0	0	0	0	0	0	0	0	0	0	0	0	0	0	0	0	0	0	0	0	0	0	0	0	0	0	0	0	0
