Location: Fake forest
From parameter file: C:\Users\ben\Desktop\inputs\input_GMF_0-0-0-0-1-0-0-0-0.xml
Basal area is normalized to m^2/ha; density to #/ha.
Subplots:
0 = Whole plot
Step	Subplot	Sdl Abs Den: ACRU	Sdl Abs Den: ACSA	Sdl Abs Den: BEAL	Sdl Abs Den: FAGR	Sdl Abs Den: TSCA	Sdl Abs Den: FRAM	Sdl Abs Den: PIST	Sdl Abs Den: PRSE	Sdl Abs Den: QURU	Sdl Den Total:	Sapl Abs BA: ACRU	Sapl Abs BA: ACSA	Sapl Abs BA: BEAL	Sapl Abs BA: FAGR	Sapl Abs BA: TSCA	Sapl Abs BA: FRAM	Sapl Abs BA: PIST	Sapl Abs BA: PRSE	Sapl Abs BA: QURU	Sapl BA Total:	Sapl Rel BA: ACRU	Sapl Rel BA: ACSA	Sapl Rel BA: BEAL	Sapl Rel BA: FAGR	Sapl Rel BA: TSCA	Sapl Rel BA: FRAM	Sapl Rel BA: PIST	Sapl Rel BA: PRSE	Sapl Rel BA: QURU	Sapl Abs Den: ACRU	Sapl Abs Den: ACSA	Sapl Abs Den: BEAL	Sapl Abs Den: FAGR	Sapl Abs Den: TSCA	Sapl Abs Den: FRAM	Sapl Abs Den: PIST	Sapl Abs Den: PRSE	Sapl Abs Den: QURU	Sapl Den Total:	Sapl Rel Den: ACRU	Sapl Rel Den: ACSA	Sapl Rel Den: BEAL	Sapl Rel Den: FAGR	Sapl Rel Den: TSCA	Sapl Rel Den: FRAM	Sapl Rel Den: PIST	Sapl Rel Den: PRSE	Sapl Rel Den: QURU	Adult Abs BA: ACRU	Adult Abs BA: ACSA	Adult Abs BA: BEAL	Adult Abs BA: FAGR	Adult Abs BA: TSCA	Adult Abs BA: FRAM	Adult Abs BA: PIST	Adult Abs BA: PRSE	Adult Abs BA: QURU	Adult BA Total:	Adult Rel BA: ACRU	Adult Rel BA: ACSA	Adult Rel BA: BEAL	Adult Rel BA: FAGR	Adult Rel BA: TSCA	Adult Rel BA: FRAM	Adult Rel BA: PIST	Adult Rel BA: PRSE	Adult Rel BA: QURU	Adult Abs Den: ACRU	Adult Abs Den: ACSA	Adult Abs Den: BEAL	Adult Abs Den: FAGR	Adult Abs Den: TSCA	Adult Abs Den: FRAM	Adult Abs Den: PIST	Adult Abs Den: PRSE	Adult Abs Den: QURU	Adult Den Total:	Adult Rel Den: ACRU	Adult Rel Den: ACSA	Adult Rel Den: BEAL	Adult Rel Den: FAGR	Adult Rel Den: TSCA	Adult Rel Den: FRAM	Adult Rel Den: PIST	Adult Rel Den: PRSE	Adult Rel Den: QURU	Snag Abs BA: ACRU	Snag Abs BA: ACSA	Snag Abs BA: BEAL	Snag Abs BA: FAGR	Snag Abs BA: TSCA	Snag Abs BA: FRAM	Snag Abs BA: PIST	Snag Abs BA: PRSE	Snag Abs BA: QURU	Snag BA Total:	Snag Rel BA: ACRU	Snag Rel BA: ACSA	Snag Rel BA: BEAL	Snag Rel BA: FAGR	Snag Rel BA: TSCA	Snag Rel BA: FRAM	Snag Rel BA: PIST	Snag Rel BA: PRSE	Snag Rel BA: QURU	Snag Abs Den: ACRU	Snag Abs Den: ACSA	Snag Abs Den: BEAL	Snag Abs Den: FAGR	Snag Abs Den: TSCA	Snag Abs Den: FRAM	Snag Abs Den: PIST	Snag Abs Den: PRSE	Snag Abs Den: QURU	Snag Den Total:	Snag Rel Den: ACRU	Snag Rel Den: ACSA	Snag Rel Den: BEAL	Snag Rel Den: FAGR	Snag Rel Den: TSCA	Snag Rel Den: FRAM	Snag Rel Den: PIST	Snag Rel Den: PRSE	Snag Rel Den: QURU
0	0	0	0	0	0	0	0	0	0	0	0	0	0	0	0	0.000845331	0	0	0	0	0.000845331	0	0	0	0	1	0	0	0	0	0	0	0	0	25	0	0	0	0	25	0	0	0	0	1	0	0	0	0	0	0	0	0	0	0	0	0	0	0	0	0	0	0	0	0	0	0	0	0	0	0	0	0	0	0	0	0	0	0	0	0	0	0	0	0	0	0	0	0	0	0	0	0	0	0	0	0	0	0	0	0	0	0	0	0	0	0	0	0	0	0	0	0	0	0	0	0	0	0	0	0	0	0	0	0
1	0	0	0	0	0	0	0	0	0	0	0	0	0	0	0	0.00613241	0	0	0	0	0.00613241	0	0	0	0	1	0	0	0	0	0	0	0	0	25	0	0	0	0	25	0	0	0	0	1	0	0	0	0	0	0	0	0	0	0	0	0	0	0	0	0	0	0	0	0	0	0	0	0	0	0	0	0	0	0	0	0	0	0	0	0	0	0	0	0	0	0	0	0	0	0	0	0	0	0	0	0	0	0	0	0	0	0	0	0	0	0	0	0	0	0	0	0	0	0	0	0	0	0	0	0	0	0	0	0
2	0	0	0	0	0	0	0	0	0	0	0	0	0	0	0	0.0425829	0	0	0	0	0.0425829	0	0	0	0	1	0	0	0	0	0	0	0	0	23	0	0	0	0	23	0	0	0	0	1	0	0	0	0	0	0	0	0	0	0	0	0	0	0	0	0	0	0	0	0	0	0	0	0	0	0	0	0	0	0	0	0	0	0	0	0	0	0	0	0	0	0	0	0	0	0	0	0	0	0	0	0	0	0	0	0	0	0	0	0	0	0	0	0	0	0	0	0	0	0	0	0	0	0	0	0	0	0	0	0
3	0	0	0	0	0	1	0	0	0	0	1	0	0	0	0	0.0419902	0	0	0	0	0.0419902	0	0	0	0	1	0	0	0	0	0	0	0	0	10	0	0	0	0	10	0	0	0	0	1	0	0	0	0	0	0	0	0	0.266898	0	0	0	0	0.266898	0	0	0	0	1	0	0	0	0	0	0	0	0	13	0	0	0	0	13	0	0	0	0	1	0	0	0	0	0	0	0	0	0	0	0	0	0	0	0	0	0	0	0	0	0	0	0	0	0	0	0	0	0	0	0	0	0	0	0	0	0	0	0	0	0	0
4	0	0	0	0	0	9	0	0	0	0	9	0	0	0	0	0	0	0	0	0	0	0	0	0	0	0	0	0	0	0	0	0	0	0	0	0	0	0	0	0	0	0	0	0	0	0	0	0	0	0	0	0	0	0.916137	0	0	0	0	0.916137	0	0	0	0	1	0	0	0	0	0	0	0	0	21	0	0	0	0	21	0	0	0	0	1	0	0	0	0	0	0	0	0	0	0	0	0	0	0	0	0	0	0	0	0	0	0	0	0	0	0	0	0	0	0	0	0	0	0	0	0	0	0	0	0	0	0
5	0	0	0	0	0	12	0	0	0	0	12	0	0	0	0	9.0203e-005	0	0	0	0	9.0203e-005	0	0	0	0	1	0	0	0	0	0	0	0	0	1	0	0	0	0	1	0	0	0	0	1	0	0	0	0	0	0	0	0	1.40617	0	0	0	0	1.40617	0	0	0	0	1	0	0	0	0	0	0	0	0	20	0	0	0	0	20	0	0	0	0	1	0	0	0	0	0	0	0	0	0	0	0	0	0	0	0	0	0	0	0	0	0	0	0	0	0	0	0	0	0	0	0	0	0	0	0	0	0	0	0	0	0	0
6	0	0	0	0	0	21	0	0	0	0	21	0	0	0	0	0.000832659	0	0	0	0	0.000832659	0	0	0	0	1	0	0	0	0	0	0	0	0	3	0	0	0	0	3	0	0	0	0	1	0	0	0	0	0	0	0	0	1.60533	0	0	0	0	1.60533	0	0	0	0	1	0	0	0	0	0	0	0	0	17	0	0	0	0	17	0	0	0	0	1	0	0	0	0	0	0	0	0	0	0	0	0	0	0	0	0	0	0	0	0	0	0	0	0	0	0	0	0	0	0	0	0	0	0	0	0	0	0	0	0	0	0
7	0	0	0	0	0	29	0	0	0	0	29	0	0	0	0	0.00758424	0	0	0	0	0.00758424	0	0	0	0	1	0	0	0	0	0	0	0	0	7	0	0	0	0	7	0	0	0	0	1	0	0	0	0	0	0	0	0	2.03121	0	0	0	0	2.03121	0	0	0	0	1	0	0	0	0	0	0	0	0	17	0	0	0	0	17	0	0	0	0	1	0	0	0	0	0	0	0	0	0	0	0	0	0	0	0	0	0	0	0	0	0	0	0	0	0	0	0	0	0	0	0	0	0	0	0	0	0	0	0	0	0	0
8	0	0	0	0	0	36	0	0	0	0	36	0	0	0	0	0.0151764	0	0	0	0	0.0151764	0	0	0	0	1	0	0	0	0	0	0	0	0	11	0	0	0	0	11	0	0	0	0	1	0	0	0	0	0	0	0	0	2.08359	0	0	0	0	2.08359	0	0	0	0	1	0	0	0	0	0	0	0	0	15	0	0	0	0	15	0	0	0	0	1	0	0	0	0	0	0	0	0	0	0	0	0	0	0	0	0	0	0	0	0	0	0	0	0	0	0	0	0	0	0	0	0	0	0	0	0	0	0	0	0	0	0
9	0	0	0	0	0	38	0	0	0	0	38	0	0	0	0	0.0223001	0	0	0	0	0.0223001	0	0	0	0	1	0	0	0	0	0	0	0	0	17	0	0	0	0	17	0	0	0	0	1	0	0	0	0	0	0	0	0	2.3625	0	0	0	0	2.3625	0	0	0	0	1	0	0	0	0	0	0	0	0	17	0	0	0	0	17	0	0	0	0	1	0	0	0	0	0	0	0	0	0	0	0	0	0	0	0	0	0	0	0	0	0	0	0	0	0	0	0	0	0	0	0	0	0	0	0	0	0	0	0	0	0	0
10	0	0	0	0	0	42	0	0	0	0	42	0	0	0	0	0.043506	0	0	0	0	0.043506	0	0	0	0	1	0	0	0	0	0	0	0	0	24	0	0	0	0	24	0	0	0	0	1	0	0	0	0	0	0	0	0	2.49153	0	0	0	0	2.49153	0	0	0	0	1	0	0	0	0	0	0	0	0	18	0	0	0	0	18	0	0	0	0	1	0	0	0	0	0	0	0	0	0	0	0	0	0	0	0	0	0	0	0	0	0	0	0	0	0	0	0	0	0	0	0	0	0	0	0	0	0	0	0	0	0	0
11	0	0	0	0	0	45	0	0	0	0	45	0	0	0	0	0.0431687	0	0	0	0	0.0431687	0	0	0	0	1	0	0	0	0	0	0	0	0	29	0	0	0	0	29	0	0	0	0	1	0	0	0	0	0	0	0	0	3.04497	0	0	0	0	3.04497	0	0	0	0	1	0	0	0	0	0	0	0	0	25	0	0	0	0	25	0	0	0	0	1	0	0	0	0	0	0	0	0	0	0	0	0	0	0	0	0	0	0	0	0	0	0	0	0	0	0	0	0	0	0	0	0	0	0	0	0	0	0	0	0	0	0
12	0	0	0	0	0	59	0	0	0	0	59	0	0	0	0	0.0447498	0	0	0	0	0.0447498	0	0	0	0	1	0	0	0	0	0	0	0	0	27	0	0	0	0	27	0	0	0	0	1	0	0	0	0	0	0	0	0	3.83923	0	0	0	0	3.83923	0	0	0	0	1	0	0	0	0	0	0	0	0	31	0	0	0	0	31	0	0	0	0	1	0	0	0	0	0	0	0	0	0	0	0	0	0	0	0	0	0	0	0	0	0	0	0	0	0	0	0	0	0	0	0	0	0	0	0	0	0	0	0	0	0	0
13	0	0	0	0	0	77	0	0	0	0	77	0	0	0	0	0.0542567	0	0	0	0	0.0542567	0	0	0	0	1	0	0	0	0	0	0	0	0	32	0	0	0	0	32	0	0	0	0	1	0	0	0	0	0	0	0	0	4.6584	0	0	0	0	4.6584	0	0	0	0	1	0	0	0	0	0	0	0	0	34	0	0	0	0	34	0	0	0	0	1	0	0	0	0	0	0	0	0	0	0	0	0	0	0	0	0	0	0	0	0	0	0	0	0	0	0	0	0	0	0	0	0	0	0	0	0	0	0	0	0	0	0
14	0	0	0	0	0	88	0	0	0	0	88	0	0	0	0	0.0547729	0	0	0	0	0.0547729	0	0	0	0	1	0	0	0	0	0	0	0	0	37	0	0	0	0	37	0	0	0	0	1	0	0	0	0	0	0	0	0	5.16834	0	0	0	0	5.16834	0	0	0	0	1	0	0	0	0	0	0	0	0	38	0	0	0	0	38	0	0	0	0	1	0	0	0	0	0	0	0	0	0	0	0	0	0	0	0	0	0	0	0	0	0	0	0	0	0	0	0	0	0	0	0	0	0	0	0	0	0	0	0	0	0	0
15	0	0	0	0	0	104	0	0	0	0	104	0	0	0	0	0.0689224	0	0	0	0	0.0689224	0	0	0	0	1	0	0	0	0	0	0	0	0	40	0	0	0	0	40	0	0	0	0	1	0	0	0	0	0	0	0	0	5.7251	0	0	0	0	5.7251	0	0	0	0	1	0	0	0	0	0	0	0	0	40	0	0	0	0	40	0	0	0	0	1	0	0	0	0	0	0	0	0	0	0	0	0	0	0	0	0	0	0	0	0	0	0	0	0	0	0	0	0	0	0	0	0	0	0	0	0	0	0	0	0	0	0
16	0	0	0	0	0	116	0	0	0	0	116	0	0	0	0	0.0867467	0	0	0	0	0.0867467	0	0	0	0	1	0	0	0	0	0	0	0	0	49	0	0	0	0	49	0	0	0	0	1	0	0	0	0	0	0	0	0	6.33333	0	0	0	0	6.33333	0	0	0	0	1	0	0	0	0	0	0	0	0	45	0	0	0	0	45	0	0	0	0	1	0	0	0	0	0	0	0	0	0	0	0	0	0	0	0	0	0	0	0	0	0	0	0	0	0	0	0	0	0	0	0	0	0	0	0	0	0	0	0	0	0	0
17	0	0	0	0	0	133	0	0	0	0	133	0	0	0	0	0.0902069	0	0	0	0	0.0902069	0	0	0	0	1	0	0	0	0	0	0	0	0	51	0	0	0	0	51	0	0	0	0	1	0	0	0	0	0	0	0	0	7.00152	0	0	0	0	7.00152	0	0	0	0	1	0	0	0	0	0	0	0	0	50	0	0	0	0	50	0	0	0	0	1	0	0	0	0	0	0	0	0	0	0	0	0	0	0	0	0	0	0	0	0	0	0	0	0	0	0	0	0	0	0	0	0	0	0	0	0	0	0	0	0	0	0
18	0	0	0	0	0	152	0	0	0	0	152	0	0	0	0	0.0854157	0	0	0	0	0.0854157	0	0	0	0	1	0	0	0	0	0	0	0	0	56	0	0	0	0	56	0	0	0	0	1	0	0	0	0	0	0	0	0	8.36554	0	0	0	0	8.36554	0	0	0	0	1	0	0	0	0	0	0	0	0	59	0	0	0	0	59	0	0	0	0	1	0	0	0	0	0	0	0	0	0	0	0	0	0	0	0	0	0	0	0	0	0	0	0	0	0	0	0	0	0	0	0	0	0	0	0	0	0	0	0	0	0	0
19	0	0	0	0	0	174	0	0	0	0	174	0	0	0	0	0.102912	0	0	0	0	0.102912	0	0	0	0	1	0	0	0	0	0	0	0	0	57	0	0	0	0	57	0	0	0	0	1	0	0	0	0	0	0	0	0	9.64442	0	0	0	0	9.64442	0	0	0	0	1	0	0	0	0	0	0	0	0	61	0	0	0	0	61	0	0	0	0	1	0	0	0	0	0	0	0	0	0	0	0	0	0	0	0	0	0	0	0	0	0	0	0	0	0	0	0	0	0	0	0	0	0	0	0	0	0	0	0	0	0	0
20	0	0	0	0	0	196	0	0	0	0	196	0	0	0	0	0.124445	0	0	0	0	0.124445	0	0	0	0	1	0	0	0	0	0	0	0	0	66	0	0	0	0	66	0	0	0	0	1	0	0	0	0	0	0	0	0	9.95226	0	0	0	0	9.95226	0	0	0	0	1	0	0	0	0	0	0	0	0	60	0	0	0	0	60	0	0	0	0	1	0	0	0	0	0	0	0	0	0	0	0	0	0	0	0	0	0	0	0	0	0	0	0	0	0	0	0	0	0	0	0	0	0	0	0	0	0	0	0	0	0	0
21	0	0	0	0	0	221	0	0	0	0	221	0	0	0	0	0.0911817	0	0	0	0	0.0911817	0	0	0	0	1	0	0	0	0	0	0	0	0	62	0	0	0	0	62	0	0	0	0	1	0	0	0	0	0	0	0	0	11.2498	0	0	0	0	11.2498	0	0	0	0	1	0	0	0	0	0	0	0	0	74	0	0	0	0	74	0	0	0	0	1	0	0	0	0	0	0	0	0	0	0	0	0	0	0	0	0	0	0	0	0	0	0	0	0	0	0	0	0	0	0	0	0	0	0	0	0	0	0	0	0	0	0
22	0	0	0	0	0	242	0	0	0	0	242	0	0	0	0	0.0977853	0	0	0	0	0.0977853	0	0	0	0	1	0	0	0	0	0	0	0	0	66	0	0	0	0	66	0	0	0	0	1	0	0	0	0	0	0	0	0	12.7003	0	0	0	0	12.7003	0	0	0	0	1	0	0	0	0	0	0	0	0	80	0	0	0	0	80	0	0	0	0	1	0	0	0	0	0	0	0	0	0	0	0	0	0	0	0	0	0	0	0	0	0	0	0	0	0	0	0	0	0	0	0	0	0	0	0	0	0	0	0	0	0	0
23	0	0	0	0	0	285	0	0	0	0	285	0	0	0	0	0.121127	0	0	0	0	0.121127	0	0	0	0	1	0	0	0	0	0	0	0	0	68	0	0	0	0	68	0	0	0	0	1	0	0	0	0	0	0	0	0	14.1354	0	0	0	0	14.1354	0	0	0	0	1	0	0	0	0	0	0	0	0	83	0	0	0	0	83	0	0	0	0	1	0	0	0	0	0	0	0	0	0	0	0	0	0	0	0	0	0	0	0	0	0	0	0	0	0	0	0	0	0	0	0	0	0	0	0	0	0	0	0	0	0	0
24	0	0	0	0	0	301	0	0	0	0	301	0	0	0	0	0.109793	0	0	0	0	0.109793	0	0	0	0	1	0	0	0	0	0	0	0	0	72	0	0	0	0	72	0	0	0	0	1	0	0	0	0	0	0	0	0	14.8216	0	0	0	0	14.8216	0	0	0	0	1	0	0	0	0	0	0	0	0	87	0	0	0	0	87	0	0	0	0	1	0	0	0	0	0	0	0	0	0	0	0	0	0	0	0	0	0	0	0	0	0	0	0	0	0	0	0	0	0	0	0	0	0	0	0	0	0	0	0	0	0	0
25	0	0	0	0	0	312	0	0	0	0	312	0	0	0	0	0.143469	0	0	0	0	0.143469	0	0	0	0	1	0	0	0	0	0	0	0	0	85	0	0	0	0	85	0	0	0	0	1	0	0	0	0	0	0	0	0	15.6615	0	0	0	0	15.6615	0	0	0	0	1	0	0	0	0	0	0	0	0	86	0	0	0	0	86	0	0	0	0	1	0	0	0	0	0	0	0	0	0	0	0	0	0	0	0	0	0	0	0	0	0	0	0	0	0	0	0	0	0	0	0	0	0	0	0	0	0	0	0	0	0	0
26	0	0	0	0	0	346	0	0	0	0	346	0	0	0	0	0.131134	0	0	0	0	0.131134	0	0	0	0	1	0	0	0	0	0	0	0	0	74	0	0	0	0	74	0	0	0	0	1	0	0	0	0	0	0	0	0	16.4844	0	0	0	0	16.4844	0	0	0	0	1	0	0	0	0	0	0	0	0	94	0	0	0	0	94	0	0	0	0	1	0	0	0	0	0	0	0	0	0	0	0	0	0	0	0	0	0	0	0	0	0	0	0	0	0	0	0	0	0	0	0	0	0	0	0	0	0	0	0	0	0	0
27	0	0	0	0	0	361	0	0	0	0	361	0	0	0	0	0.145055	0	0	0	0	0.145055	0	0	0	0	1	0	0	0	0	0	0	0	0	82	0	0	0	0	82	0	0	0	0	1	0	0	0	0	0	0	0	0	16.5713	0	0	0	0	16.5713	0	0	0	0	1	0	0	0	0	0	0	0	0	96	0	0	0	0	96	0	0	0	0	1	0	0	0	0	0	0	0	0	0	0	0	0	0	0	0	0	0	0	0	0	0	0	0	0	0	0	0	0	0	0	0	0	0	0	0	0	0	0	0	0	0	0
28	0	0	0	0	0	387	0	0	0	0	387	0	0	0	0	0.14617	0	0	0	0	0.14617	0	0	0	0	1	0	0	0	0	0	0	0	0	82	0	0	0	0	82	0	0	0	0	1	0	0	0	0	0	0	0	0	17.0984	0	0	0	0	17.0984	0	0	0	0	1	0	0	0	0	0	0	0	0	102	0	0	0	0	102	0	0	0	0	1	0	0	0	0	0	0	0	0	0	0	0	0	0	0	0	0	0	0	0	0	0	0	0	0	0	0	0	0	0	0	0	0	0	0	0	0	0	0	0	0	0	0
29	0	0	0	0	0	382	0	0	0	0	382	0	0	0	0	0.14712	0	0	0	0	0.14712	0	0	0	0	1	0	0	0	0	0	0	0	0	92	0	0	0	0	92	0	0	0	0	1	0	0	0	0	0	0	0	0	18.1498	0	0	0	0	18.1498	0	0	0	0	1	0	0	0	0	0	0	0	0	107	0	0	0	0	107	0	0	0	0	1	0	0	0	0	0	0	0	0	0	0	0	0	0	0	0	0	0	0	0	0	0	0	0	0	0	0	0	0	0	0	0	0	0	0	0	0	0	0	0	0	0	0
30	0	0	0	0	0	395	0	0	0	0	395	0	0	0	0	0.126881	0	0	0	0	0.126881	0	0	0	0	1	0	0	0	0	0	0	0	0	85	0	0	0	0	85	0	0	0	0	1	0	0	0	0	0	0	0	0	18.2078	0	0	0	0	18.2078	0	0	0	0	1	0	0	0	0	0	0	0	0	107	0	0	0	0	107	0	0	0	0	1	0	0	0	0	0	0	0	0	0	0	0	0	0	0	0	0	0	0	0	0	0	0	0	0	0	0	0	0	0	0	0	0	0	0	0	0	0	0	0	0	0	0
31	0	0	0	0	0	411	0	0	0	0	411	0	0	0	0	0.147226	0	0	0	0	0.147226	0	0	0	0	1	0	0	0	0	0	0	0	0	91	0	0	0	0	91	0	0	0	0	1	0	0	0	0	0	0	0	0	19.7952	0	0	0	0	19.7952	0	0	0	0	1	0	0	0	0	0	0	0	0	109	0	0	0	0	109	0	0	0	0	1	0	0	0	0	0	0	0	0	0	0	0	0	0	0	0	0	0	0	0	0	0	0	0	0	0	0	0	0	0	0	0	0	0	0	0	0	0	0	0	0	0	0
32	0	0	0	0	0	432	0	0	0	0	432	0	0	0	0	0.160462	0	0	0	0	0.160462	0	0	0	0	1	0	0	0	0	0	0	0	0	100	0	0	0	0	100	0	0	0	0	1	0	0	0	0	0	0	0	0	20.7802	0	0	0	0	20.7802	0	0	0	0	1	0	0	0	0	0	0	0	0	112	0	0	0	0	112	0	0	0	0	1	0	0	0	0	0	0	0	0	0	0	0	0	0	0	0	0	0	0	0	0	0	0	0	0	0	0	0	0	0	0	0	0	0	0	0	0	0	0	0	0	0	0
33	0	0	0	0	0	452	0	0	0	0	452	0	0	0	0	0.150436	0	0	0	0	0.150436	0	0	0	0	1	0	0	0	0	0	0	0	0	106	0	0	0	0	106	0	0	0	0	1	0	0	0	0	0	0	0	0	22.2279	0	0	0	0	22.2279	0	0	0	0	1	0	0	0	0	0	0	0	0	119	0	0	0	0	119	0	0	0	0	1	0	0	0	0	0	0	0	0	0	0	0	0	0	0	0	0	0	0	0	0	0	0	0	0	0	0	0	0	0	0	0	0	0	0	0	0	0	0	0	0	0	0
34	0	0	0	0	0	461	0	0	0	0	461	0	0	0	0	0.151647	0	0	0	0	0.151647	0	0	0	0	1	0	0	0	0	0	0	0	0	107	0	0	0	0	107	0	0	0	0	1	0	0	0	0	0	0	0	0	23.0498	0	0	0	0	23.0498	0	0	0	0	1	0	0	0	0	0	0	0	0	120	0	0	0	0	120	0	0	0	0	1	0	0	0	0	0	0	0	0	0	0	0	0	0	0	0	0	0	0	0	0	0	0	0	0	0	0	0	0	0	0	0	0	0	0	0	0	0	0	0	0	0	0
35	0	0	0	0	0	490	0	0	0	0	490	0	0	0	0	0.179357	0	0	0	0	0.179357	0	0	0	0	1	0	0	0	0	0	0	0	0	105	0	0	0	0	105	0	0	0	0	1	0	0	0	0	0	0	0	0	22.8795	0	0	0	0	22.8795	0	0	0	0	1	0	0	0	0	0	0	0	0	118	0	0	0	0	118	0	0	0	0	1	0	0	0	0	0	0	0	0	0	0	0	0	0	0	0	0	0	0	0	0	0	0	0	0	0	0	0	0	0	0	0	0	0	0	0	0	0	0	0	0	0	0
36	0	0	0	0	0	507	0	0	0	0	507	0	0	0	0	0.176202	0	0	0	0	0.176202	0	0	0	0	1	0	0	0	0	0	0	0	0	107	0	0	0	0	107	0	0	0	0	1	0	0	0	0	0	0	0	0	24.2614	0	0	0	0	24.2614	0	0	0	0	1	0	0	0	0	0	0	0	0	119	0	0	0	0	119	0	0	0	0	1	0	0	0	0	0	0	0	0	0	0	0	0	0	0	0	0	0	0	0	0	0	0	0	0	0	0	0	0	0	0	0	0	0	0	0	0	0	0	0	0	0	0
37	0	0	0	0	0	517	0	0	0	0	517	0	0	0	0	0.153081	0	0	0	0	0.153081	0	0	0	0	1	0	0	0	0	0	0	0	0	106	0	0	0	0	106	0	0	0	0	1	0	0	0	0	0	0	0	0	25.8232	0	0	0	0	25.8232	0	0	0	0	1	0	0	0	0	0	0	0	0	123	0	0	0	0	123	0	0	0	0	1	0	0	0	0	0	0	0	0	0	0	0	0	0	0	0	0	0	0	0	0	0	0	0	0	0	0	0	0	0	0	0	0	0	0	0	0	0	0	0	0	0	0
38	0	0	0	0	0	519	0	0	0	0	519	0	0	0	0	0.167136	0	0	0	0	0.167136	0	0	0	0	1	0	0	0	0	0	0	0	0	111	0	0	0	0	111	0	0	0	0	1	0	0	0	0	0	0	0	0	27.7312	0	0	0	0	27.7312	0	0	0	0	1	0	0	0	0	0	0	0	0	124	0	0	0	0	124	0	0	0	0	1	0	0	0	0	0	0	0	0	0	0	0	0	0	0	0	0	0	0	0	0	0	0	0	0	0	0	0	0	0	0	0	0	0	0	0	0	0	0	0	0	0	0
39	0	0	0	0	0	547	0	0	0	0	547	0	0	0	0	0.156536	0	0	0	0	0.156536	0	0	0	0	1	0	0	0	0	0	0	0	0	109	0	0	0	0	109	0	0	0	0	1	0	0	0	0	0	0	0	0	28.4751	0	0	0	0	28.4751	0	0	0	0	1	0	0	0	0	0	0	0	0	128	0	0	0	0	128	0	0	0	0	1	0	0	0	0	0	0	0	0	0	0	0	0	0	0	0	0	0	0	0	0	0	0	0	0	0	0	0	0	0	0	0	0	0	0	0	0	0	0	0	0	0	0
40	0	0	0	0	0	563	0	0	0	0	563	0	0	0	0	0.146757	0	0	0	0	0.146757	0	0	0	0	1	0	0	0	0	0	0	0	0	111	0	0	0	0	111	0	0	0	0	1	0	0	0	0	0	0	0	0	29.5859	0	0	0	0	29.5859	0	0	0	0	1	0	0	0	0	0	0	0	0	133	0	0	0	0	133	0	0	0	0	1	0	0	0	0	0	0	0	0	0	0	0	0	0	0	0	0	0	0	0	0	0	0	0	0	0	0	0	0	0	0	0	0	0	0	0	0	0	0	0	0	0	0
41	0	0	0	0	0	573	0	0	0	0	573	0	0	0	0	0.147195	0	0	0	0	0.147195	0	0	0	0	1	0	0	0	0	0	0	0	0	109	0	0	0	0	109	0	0	0	0	1	0	0	0	0	0	0	0	0	29.526	0	0	0	0	29.526	0	0	0	0	1	0	0	0	0	0	0	0	0	131	0	0	0	0	131	0	0	0	0	1	0	0	0	0	0	0	0	0	0	0	0	0	0	0	0	0	0	0	0	0	0	0	0	0	0	0	0	0	0	0	0	0	0	0	0	0	0	0	0	0	0	0
42	0	0	0	0	0	588	0	0	0	0	588	0	0	0	0	0.146364	0	0	0	0	0.146364	0	0	0	0	1	0	0	0	0	0	0	0	0	117	0	0	0	0	117	0	0	0	0	1	0	0	0	0	0	0	0	0	29.587	0	0	0	0	29.587	0	0	0	0	1	0	0	0	0	0	0	0	0	132	0	0	0	0	132	0	0	0	0	1	0	0	0	0	0	0	0	0	0	0	0	0	0	0	0	0	0	0	0	0	0	0	0	0	0	0	0	0	0	0	0	0	0	0	0	0	0	0	0	0	0	0
43	0	0	0	0	0	583	0	0	0	0	583	0	0	0	0	0.13121	0	0	0	0	0.13121	0	0	0	0	1	0	0	0	0	0	0	0	0	109	0	0	0	0	109	0	0	0	0	1	0	0	0	0	0	0	0	0	28.7628	0	0	0	0	28.7628	0	0	0	0	1	0	0	0	0	0	0	0	0	129	0	0	0	0	129	0	0	0	0	1	0	0	0	0	0	0	0	0	0	0	0	0	0	0	0	0	0	0	0	0	0	0	0	0	0	0	0	0	0	0	0	0	0	0	0	0	0	0	0	0	0	0
44	0	0	0	0	0	606	0	0	0	0	606	0	0	0	0	0.172685	0	0	0	0	0.172685	0	0	0	0	1	0	0	0	0	0	0	0	0	115	0	0	0	0	115	0	0	0	0	1	0	0	0	0	0	0	0	0	30.2471	0	0	0	0	30.2471	0	0	0	0	1	0	0	0	0	0	0	0	0	130	0	0	0	0	130	0	0	0	0	1	0	0	0	0	0	0	0	0	0	0	0	0	0	0	0	0	0	0	0	0	0	0	0	0	0	0	0	0	0	0	0	0	0	0	0	0	0	0	0	0	0	0
45	0	0	0	0	0	606	0	0	0	0	606	0	0	0	0	0.16893	0	0	0	0	0.16893	0	0	0	0	1	0	0	0	0	0	0	0	0	111	0	0	0	0	111	0	0	0	0	1	0	0	0	0	0	0	0	0	30.7393	0	0	0	0	30.7393	0	0	0	0	1	0	0	0	0	0	0	0	0	132	0	0	0	0	132	0	0	0	0	1	0	0	0	0	0	0	0	0	0	0	0	0	0	0	0	0	0	0	0	0	0	0	0	0	0	0	0	0	0	0	0	0	0	0	0	0	0	0	0	0	0	0
46	0	0	0	0	0	600	0	0	0	0	600	0	0	0	0	0.164044	0	0	0	0	0.164044	0	0	0	0	1	0	0	0	0	0	0	0	0	109	0	0	0	0	109	0	0	0	0	1	0	0	0	0	0	0	0	0	32.8835	0	0	0	0	32.8835	0	0	0	0	1	0	0	0	0	0	0	0	0	136	0	0	0	0	136	0	0	0	0	1	0	0	0	0	0	0	0	0	0	0	0	0	0	0	0	0	0	0	0	0	0	0	0	0	0	0	0	0	0	0	0	0	0	0	0	0	0	0	0	0	0	0
47	0	0	0	0	0	604	0	0	0	0	604	0	0	0	0	0.157288	0	0	0	0	0.157288	0	0	0	0	1	0	0	0	0	0	0	0	0	106	0	0	0	0	106	0	0	0	0	1	0	0	0	0	0	0	0	0	34.2307	0	0	0	0	34.2307	0	0	0	0	1	0	0	0	0	0	0	0	0	136	0	0	0	0	136	0	0	0	0	1	0	0	0	0	0	0	0	0	0	0	0	0	0	0	0	0	0	0	0	0	0	0	0	0	0	0	0	0	0	0	0	0	0	0	0	0	0	0	0	0	0	0
48	0	0	0	0	0	616	0	0	0	0	616	0	0	0	0	0.129225	0	0	0	0	0.129225	0	0	0	0	1	0	0	0	0	0	0	0	0	91	0	0	0	0	91	0	0	0	0	1	0	0	0	0	0	0	0	0	35.0678	0	0	0	0	35.0678	0	0	0	0	1	0	0	0	0	0	0	0	0	135	0	0	0	0	135	0	0	0	0	1	0	0	0	0	0	0	0	0	0	0	0	0	0	0	0	0	0	0	0	0	0	0	0	0	0	0	0	0	0	0	0	0	0	0	0	0	0	0	0	0	0	0
49	0	0	0	0	0	643	0	0	0	0	643	0	0	0	0	0.122409	0	0	0	0	0.122409	0	0	0	0	1	0	0	0	0	0	0	0	0	83	0	0	0	0	83	0	0	0	0	1	0	0	0	0	0	0	0	0	35.8728	0	0	0	0	35.8728	0	0	0	0	1	0	0	0	0	0	0	0	0	134	0	0	0	0	134	0	0	0	0	1	0	0	0	0	0	0	0	0	0	0	0	0	0	0	0	0	0	0	0	0	0	0	0	0	0	0	0	0	0	0	0	0	0	0	0	0	0	0	0	0	0	0
50	0	0	0	0	0	656	0	0	0	0	656	0	0	0	0	0.086798	0	0	0	0	0.086798	0	0	0	0	1	0	0	0	0	0	0	0	0	75	0	0	0	0	75	0	0	0	0	1	0	0	0	0	0	0	0	0	36.2141	0	0	0	0	36.2141	0	0	0	0	1	0	0	0	0	0	0	0	0	134	0	0	0	0	134	0	0	0	0	1	0	0	0	0	0	0	0	0	0	0	0	0	0	0	0	0	0	0	0	0	0	0	0	0	0	0	0	0	0	0	0	0	0	0	0	0	0	0	0	0	0	0
51	0	0	0	0	0	679	0	0	0	0	679	0	0	0	0	0.0801974	0	0	0	0	0.0801974	0	0	0	0	1	0	0	0	0	0	0	0	0	67	0	0	0	0	67	0	0	0	0	1	0	0	0	0	0	0	0	0	37.2522	0	0	0	0	37.2522	0	0	0	0	1	0	0	0	0	0	0	0	0	130	0	0	0	0	130	0	0	0	0	1	0	0	0	0	0	0	0	0	0	0	0	0	0	0	0	0	0	0	0	0	0	0	0	0	0	0	0	0	0	0	0	0	0	0	0	0	0	0	0	0	0	0
52	0	0	0	0	0	699	0	0	0	0	699	0	0	0	0	0.0708646	0	0	0	0	0.0708646	0	0	0	0	1	0	0	0	0	0	0	0	0	59	0	0	0	0	59	0	0	0	0	1	0	0	0	0	0	0	0	0	36.9697	0	0	0	0	36.9697	0	0	0	0	1	0	0	0	0	0	0	0	0	126	0	0	0	0	126	0	0	0	0	1	0	0	0	0	0	0	0	0	0	0	0	0	0	0	0	0	0	0	0	0	0	0	0	0	0	0	0	0	0	0	0	0	0	0	0	0	0	0	0	0	0	0
53	0	0	0	0	0	705	0	0	0	0	705	0	0	0	0	0.0716558	0	0	0	0	0.0716558	0	0	0	0	1	0	0	0	0	0	0	0	0	63	0	0	0	0	63	0	0	0	0	1	0	0	0	0	0	0	0	0	38.2136	0	0	0	0	38.2136	0	0	0	0	1	0	0	0	0	0	0	0	0	121	0	0	0	0	121	0	0	0	0	1	0	0	0	0	0	0	0	0	0	0	0	0	0	0	0	0	0	0	0	0	0	0	0	0	0	0	0	0	0	0	0	0	0	0	0	0	0	0	0	0	0	0
54	0	0	0	0	0	679	0	0	0	0	679	0	0	0	0	0.0579747	0	0	0	0	0.0579747	0	0	0	0	1	0	0	0	0	0	0	0	0	56	0	0	0	0	56	0	0	0	0	1	0	0	0	0	0	0	0	0	37.2171	0	0	0	0	37.2171	0	0	0	0	1	0	0	0	0	0	0	0	0	111	0	0	0	0	111	0	0	0	0	1	0	0	0	0	0	0	0	0	0	0	0	0	0	0	0	0	0	0	0	0	0	0	0	0	0	0	0	0	0	0	0	0	0	0	0	0	0	0	0	0	0	0
55	0	0	0	0	0	690	0	0	0	0	690	0	0	0	0	0.0670917	0	0	0	0	0.0670917	0	0	0	0	1	0	0	0	0	0	0	0	0	57	0	0	0	0	57	0	0	0	0	1	0	0	0	0	0	0	0	0	37.8808	0	0	0	0	37.8808	0	0	0	0	1	0	0	0	0	0	0	0	0	108	0	0	0	0	108	0	0	0	0	1	0	0	0	0	0	0	0	0	0	0	0	0	0	0	0	0	0	0	0	0	0	0	0	0	0	0	0	0	0	0	0	0	0	0	0	0	0	0	0	0	0	0
56	0	0	0	0	0	708	0	0	0	0	708	0	0	0	0	0.0491533	0	0	0	0	0.0491533	0	0	0	0	1	0	0	0	0	0	0	0	0	56	0	0	0	0	56	0	0	0	0	1	0	0	0	0	0	0	0	0	38.6422	0	0	0	0	38.6422	0	0	0	0	1	0	0	0	0	0	0	0	0	105	0	0	0	0	105	0	0	0	0	1	0	0	0	0	0	0	0	0	0	0	0	0	0	0	0	0	0	0	0	0	0	0	0	0	0	0	0	0	0	0	0	0	0	0	0	0	0	0	0	0	0	0
57	0	0	0	0	0	732	0	0	0	0	732	0	0	0	0	0.0655396	0	0	0	0	0.0655396	0	0	0	0	1	0	0	0	0	0	0	0	0	70	0	0	0	0	70	0	0	0	0	1	0	0	0	0	0	0	0	0	40.2357	0	0	0	0	40.2357	0	0	0	0	1	0	0	0	0	0	0	0	0	104	0	0	0	0	104	0	0	0	0	1	0	0	0	0	0	0	0	0	0	0	0	0	0	0	0	0	0	0	0	0	0	0	0	0	0	0	0	0	0	0	0	0	0	0	0	0	0	0	0	0	0	0
58	0	0	0	0	0	718	0	0	0	0	718	0	0	0	0	0.0545332	0	0	0	0	0.0545332	0	0	0	0	1	0	0	0	0	0	0	0	0	68	0	0	0	0	68	0	0	0	0	1	0	0	0	0	0	0	0	0	40.1504	0	0	0	0	40.1504	0	0	0	0	1	0	0	0	0	0	0	0	0	104	0	0	0	0	104	0	0	0	0	1	0	0	0	0	0	0	0	0	0	0	0	0	0	0	0	0	0	0	0	0	0	0	0	0	0	0	0	0	0	0	0	0	0	0	0	0	0	0	0	0	0	0
59	0	0	0	0	0	732	0	0	0	0	732	0	0	0	0	0.0683209	0	0	0	0	0.0683209	0	0	0	0	1	0	0	0	0	0	0	0	0	75	0	0	0	0	75	0	0	0	0	1	0	0	0	0	0	0	0	0	39.7426	0	0	0	0	39.7426	0	0	0	0	1	0	0	0	0	0	0	0	0	100	0	0	0	0	100	0	0	0	0	1	0	0	0	0	0	0	0	0	0	0	0	0	0	0	0	0	0	0	0	0	0	0	0	0	0	0	0	0	0	0	0	0	0	0	0	0	0	0	0	0	0	0
60	0	0	0	0	0	749	0	0	0	0	749	0	0	0	0	0.0848437	0	0	0	0	0.0848437	0	0	0	0	1	0	0	0	0	0	0	0	0	75	0	0	0	0	75	0	0	0	0	1	0	0	0	0	0	0	0	0	40.9816	0	0	0	0	40.9816	0	0	0	0	1	0	0	0	0	0	0	0	0	101	0	0	0	0	101	0	0	0	0	1	0	0	0	0	0	0	0	0	0	0	0	0	0	0	0	0	0	0	0	0	0	0	0	0	0	0	0	0	0	0	0	0	0	0	0	0	0	0	0	0	0	0
61	0	0	0	0	0	755	0	0	0	0	755	0	0	0	0	0.0847028	0	0	0	0	0.0847028	0	0	0	0	1	0	0	0	0	0	0	0	0	75	0	0	0	0	75	0	0	0	0	1	0	0	0	0	0	0	0	0	41.239	0	0	0	0	41.239	0	0	0	0	1	0	0	0	0	0	0	0	0	104	0	0	0	0	104	0	0	0	0	1	0	0	0	0	0	0	0	0	0	0	0	0	0	0	0	0	0	0	0	0	0	0	0	0	0	0	0	0	0	0	0	0	0	0	0	0	0	0	0	0	0	0
62	0	0	0	0	0	758	0	0	0	0	758	0	0	0	0	0.0862959	0	0	0	0	0.0862959	0	0	0	0	1	0	0	0	0	0	0	0	0	73	0	0	0	0	73	0	0	0	0	1	0	0	0	0	0	0	0	0	41.1099	0	0	0	0	41.1099	0	0	0	0	1	0	0	0	0	0	0	0	0	103	0	0	0	0	103	0	0	0	0	1	0	0	0	0	0	0	0	0	0	0	0	0	0	0	0	0	0	0	0	0	0	0	0	0	0	0	0	0	0	0	0	0	0	0	0	0	0	0	0	0	0	0
63	0	0	0	0	0	765	0	0	0	0	765	0	0	0	0	0.0880074	0	0	0	0	0.0880074	0	0	0	0	1	0	0	0	0	0	0	0	0	63	0	0	0	0	63	0	0	0	0	1	0	0	0	0	0	0	0	0	40.835	0	0	0	0	40.835	0	0	0	0	1	0	0	0	0	0	0	0	0	100	0	0	0	0	100	0	0	0	0	1	0	0	0	0	0	0	0	0	0	0	0	0	0	0	0	0	0	0	0	0	0	0	0	0	0	0	0	0	0	0	0	0	0	0	0	0	0	0	0	0	0	0
64	0	0	0	0	0	771	0	0	0	0	771	0	0	0	0	0.103347	0	0	0	0	0.103347	0	0	0	0	1	0	0	0	0	0	0	0	0	66	0	0	0	0	66	0	0	0	0	1	0	0	0	0	0	0	0	0	40.8381	0	0	0	0	40.8381	0	0	0	0	1	0	0	0	0	0	0	0	0	96	0	0	0	0	96	0	0	0	0	1	0	0	0	0	0	0	0	0	0	0	0	0	0	0	0	0	0	0	0	0	0	0	0	0	0	0	0	0	0	0	0	0	0	0	0	0	0	0	0	0	0	0
65	0	0	0	0	0	796	0	0	0	0	796	0	0	0	0	0.0769608	0	0	0	0	0.0769608	0	0	0	0	1	0	0	0	0	0	0	0	0	65	0	0	0	0	65	0	0	0	0	1	0	0	0	0	0	0	0	0	39.8468	0	0	0	0	39.8468	0	0	0	0	1	0	0	0	0	0	0	0	0	97	0	0	0	0	97	0	0	0	0	1	0	0	0	0	0	0	0	0	0	0	0	0	0	0	0	0	0	0	0	0	0	0	0	0	0	0	0	0	0	0	0	0	0	0	0	0	0	0	0	0	0	0
66	0	0	0	0	0	838	0	0	0	0	838	0	0	0	0	0.0809789	0	0	0	0	0.0809789	0	0	0	0	1	0	0	0	0	0	0	0	0	64	0	0	0	0	64	0	0	0	0	1	0	0	0	0	0	0	0	0	39.0838	0	0	0	0	39.0838	0	0	0	0	1	0	0	0	0	0	0	0	0	93	0	0	0	0	93	0	0	0	0	1	0	0	0	0	0	0	0	0	0	0	0	0	0	0	0	0	0	0	0	0	0	0	0	0	0	0	0	0	0	0	0	0	0	0	0	0	0	0	0	0	0	0
67	0	0	0	0	0	843	0	0	0	0	843	0	0	0	0	0.101903	0	0	0	0	0.101903	0	0	0	0	1	0	0	0	0	0	0	0	0	80	0	0	0	0	80	0	0	0	0	1	0	0	0	0	0	0	0	0	38.6906	0	0	0	0	38.6906	0	0	0	0	1	0	0	0	0	0	0	0	0	93	0	0	0	0	93	0	0	0	0	1	0	0	0	0	0	0	0	0	0	0	0	0	0	0	0	0	0	0	0	0	0	0	0	0	0	0	0	0	0	0	0	0	0	0	0	0	0	0	0	0	0	0
68	0	0	0	0	0	883	0	0	0	0	883	0	0	0	0	0.113162	0	0	0	0	0.113162	0	0	0	0	1	0	0	0	0	0	0	0	0	89	0	0	0	0	89	0	0	0	0	1	0	0	0	0	0	0	0	0	39.1088	0	0	0	0	39.1088	0	0	0	0	1	0	0	0	0	0	0	0	0	93	0	0	0	0	93	0	0	0	0	1	0	0	0	0	0	0	0	0	0	0	0	0	0	0	0	0	0	0	0	0	0	0	0	0	0	0	0	0	0	0	0	0	0	0	0	0	0	0	0	0	0	0
69	0	0	0	0	0	913	0	0	0	0	913	0	0	0	0	0.141388	0	0	0	0	0.141388	0	0	0	0	1	0	0	0	0	0	0	0	0	99	0	0	0	0	99	0	0	0	0	1	0	0	0	0	0	0	0	0	38.0465	0	0	0	0	38.0465	0	0	0	0	1	0	0	0	0	0	0	0	0	92	0	0	0	0	92	0	0	0	0	1	0	0	0	0	0	0	0	0	0	0	0	0	0	0	0	0	0	0	0	0	0	0	0	0	0	0	0	0	0	0	0	0	0	0	0	0	0	0	0	0	0	0
70	0	0	0	0	0	927	0	0	0	0	927	0	0	0	0	0.160525	0	0	0	0	0.160525	0	0	0	0	1	0	0	0	0	0	0	0	0	95	0	0	0	0	95	0	0	0	0	1	0	0	0	0	0	0	0	0	37.2553	0	0	0	0	37.2553	0	0	0	0	1	0	0	0	0	0	0	0	0	91	0	0	0	0	91	0	0	0	0	1	0	0	0	0	0	0	0	0	0	0	0	0	0	0	0	0	0	0	0	0	0	0	0	0	0	0	0	0	0	0	0	0	0	0	0	0	0	0	0	0	0	0
71	0	0	0	0	0	917	0	0	0	0	917	0	0	0	0	0.14992	0	0	0	0	0.14992	0	0	0	0	1	0	0	0	0	0	0	0	0	110	0	0	0	0	110	0	0	0	0	1	0	0	0	0	0	0	0	0	36.1689	0	0	0	0	36.1689	0	0	0	0	1	0	0	0	0	0	0	0	0	94	0	0	0	0	94	0	0	0	0	1	0	0	0	0	0	0	0	0	0	0	0	0	0	0	0	0	0	0	0	0	0	0	0	0	0	0	0	0	0	0	0	0	0	0	0	0	0	0	0	0	0	0
72	0	0	0	0	0	915	0	0	0	0	915	0	0	0	0	0.146492	0	0	0	0	0.146492	0	0	0	0	1	0	0	0	0	0	0	0	0	132	0	0	0	0	132	0	0	0	0	1	0	0	0	0	0	0	0	0	36.8546	0	0	0	0	36.8546	0	0	0	0	1	0	0	0	0	0	0	0	0	98	0	0	0	0	98	0	0	0	0	1	0	0	0	0	0	0	0	0	0	0	0	0	0	0	0	0	0	0	0	0	0	0	0	0	0	0	0	0	0	0	0	0	0	0	0	0	0	0	0	0	0	0
73	0	0	0	0	0	948	0	0	0	0	948	0	0	0	0	0.157241	0	0	0	0	0.157241	0	0	0	0	1	0	0	0	0	0	0	0	0	131	0	0	0	0	131	0	0	0	0	1	0	0	0	0	0	0	0	0	37.3896	0	0	0	0	37.3896	0	0	0	0	1	0	0	0	0	0	0	0	0	99	0	0	0	0	99	0	0	0	0	1	0	0	0	0	0	0	0	0	0	0	0	0	0	0	0	0	0	0	0	0	0	0	0	0	0	0	0	0	0	0	0	0	0	0	0	0	0	0	0	0	0	0
74	0	0	0	0	0	984	0	0	0	0	984	0	0	0	0	0.167736	0	0	0	0	0.167736	0	0	0	0	1	0	0	0	0	0	0	0	0	119	0	0	0	0	119	0	0	0	0	1	0	0	0	0	0	0	0	0	38.9155	0	0	0	0	38.9155	0	0	0	0	1	0	0	0	0	0	0	0	0	112	0	0	0	0	112	0	0	0	0	1	0	0	0	0	0	0	0	0	0	0	0	0	0	0	0	0	0	0	0	0	0	0	0	0	0	0	0	0	0	0	0	0	0	0	0	0	0	0	0	0	0	0
75	0	0	0	0	0	1008	0	0	0	0	1008	0	0	0	0	0.194209	0	0	0	0	0.194209	0	0	0	0	1	0	0	0	0	0	0	0	0	124	0	0	0	0	124	0	0	0	0	1	0	0	0	0	0	0	0	0	39.5329	0	0	0	0	39.5329	0	0	0	0	1	0	0	0	0	0	0	0	0	108	0	0	0	0	108	0	0	0	0	1	0	0	0	0	0	0	0	0	0	0	0	0	0	0	0	0	0	0	0	0	0	0	0	0	0	0	0	0	0	0	0	0	0	0	0	0	0	0	0	0	0	0
76	0	0	0	0	0	1013	0	0	0	0	1013	0	0	0	0	0.229885	0	0	0	0	0.229885	0	0	0	0	1	0	0	0	0	0	0	0	0	135	0	0	0	0	135	0	0	0	0	1	0	0	0	0	0	0	0	0	37.0254	0	0	0	0	37.0254	0	0	0	0	1	0	0	0	0	0	0	0	0	108	0	0	0	0	108	0	0	0	0	1	0	0	0	0	0	0	0	0	0	0	0	0	0	0	0	0	0	0	0	0	0	0	0	0	0	0	0	0	0	0	0	0	0	0	0	0	0	0	0	0	0	0
77	0	0	0	0	0	1021	0	0	0	0	1021	0	0	0	0	0.203975	0	0	0	0	0.203975	0	0	0	0	1	0	0	0	0	0	0	0	0	137	0	0	0	0	137	0	0	0	0	1	0	0	0	0	0	0	0	0	37.1974	0	0	0	0	37.1974	0	0	0	0	1	0	0	0	0	0	0	0	0	113	0	0	0	0	113	0	0	0	0	1	0	0	0	0	0	0	0	0	0	0	0	0	0	0	0	0	0	0	0	0	0	0	0	0	0	0	0	0	0	0	0	0	0	0	0	0	0	0	0	0	0	0
78	0	0	0	0	0	1006	0	0	0	0	1006	0	0	0	0	0.224032	0	0	0	0	0.224032	0	0	0	0	1	0	0	0	0	0	0	0	0	165	0	0	0	0	165	0	0	0	0	1	0	0	0	0	0	0	0	0	37.4741	0	0	0	0	37.4741	0	0	0	0	1	0	0	0	0	0	0	0	0	110	0	0	0	0	110	0	0	0	0	1	0	0	0	0	0	0	0	0	0	0	0	0	0	0	0	0	0	0	0	0	0	0	0	0	0	0	0	0	0	0	0	0	0	0	0	0	0	0	0	0	0	0
79	0	0	0	0	0	1044	0	0	0	0	1044	0	0	0	0	0.229865	0	0	0	0	0.229865	0	0	0	0	1	0	0	0	0	0	0	0	0	180	0	0	0	0	180	0	0	0	0	1	0	0	0	0	0	0	0	0	39.1169	0	0	0	0	39.1169	0	0	0	0	1	0	0	0	0	0	0	0	0	116	0	0	0	0	116	0	0	0	0	1	0	0	0	0	0	0	0	0	0	0	0	0	0	0	0	0	0	0	0	0	0	0	0	0	0	0	0	0	0	0	0	0	0	0	0	0	0	0	0	0	0	0
80	0	0	0	0	0	1059	0	0	0	0	1059	0	0	0	0	0.259235	0	0	0	0	0.259235	0	0	0	0	1	0	0	0	0	0	0	0	0	179	0	0	0	0	179	0	0	0	0	1	0	0	0	0	0	0	0	0	39.079	0	0	0	0	39.079	0	0	0	0	1	0	0	0	0	0	0	0	0	116	0	0	0	0	116	0	0	0	0	1	0	0	0	0	0	0	0	0	0	0	0	0	0	0	0	0	0	0	0	0	0	0	0	0	0	0	0	0	0	0	0	0	0	0	0	0	0	0	0	0	0	0
81	0	0	0	0	0	1065	0	0	0	0	1065	0	0	0	0	0.307245	0	0	0	0	0.307245	0	0	0	0	1	0	0	0	0	0	0	0	0	187	0	0	0	0	187	0	0	0	0	1	0	0	0	0	0	0	0	0	37.9524	0	0	0	0	37.9524	0	0	0	0	1	0	0	0	0	0	0	0	0	117	0	0	0	0	117	0	0	0	0	1	0	0	0	0	0	0	0	0	0	0	0	0	0	0	0	0	0	0	0	0	0	0	0	0	0	0	0	0	0	0	0	0	0	0	0	0	0	0	0	0	0	0
82	0	0	0	0	0	1061	0	0	0	0	1061	0	0	0	0	0.264601	0	0	0	0	0.264601	0	0	0	0	1	0	0	0	0	0	0	0	0	176	0	0	0	0	176	0	0	0	0	1	0	0	0	0	0	0	0	0	39.1198	0	0	0	0	39.1198	0	0	0	0	1	0	0	0	0	0	0	0	0	126	0	0	0	0	126	0	0	0	0	1	0	0	0	0	0	0	0	0	0	0	0	0	0	0	0	0	0	0	0	0	0	0	0	0	0	0	0	0	0	0	0	0	0	0	0	0	0	0	0	0	0	0
83	0	0	0	0	0	1062	0	0	0	0	1062	0	0	0	0	0.266697	0	0	0	0	0.266697	0	0	0	0	1	0	0	0	0	0	0	0	0	191	0	0	0	0	191	0	0	0	0	1	0	0	0	0	0	0	0	0	39.5395	0	0	0	0	39.5395	0	0	0	0	1	0	0	0	0	0	0	0	0	127	0	0	0	0	127	0	0	0	0	1	0	0	0	0	0	0	0	0	0	0	0	0	0	0	0	0	0	0	0	0	0	0	0	0	0	0	0	0	0	0	0	0	0	0	0	0	0	0	0	0	0	0
84	0	0	0	0	0	1080	0	0	0	0	1080	0	0	0	0	0.264584	0	0	0	0	0.264584	0	0	0	0	1	0	0	0	0	0	0	0	0	191	0	0	0	0	191	0	0	0	0	1	0	0	0	0	0	0	0	0	41.1192	0	0	0	0	41.1192	0	0	0	0	1	0	0	0	0	0	0	0	0	132	0	0	0	0	132	0	0	0	0	1	0	0	0	0	0	0	0	0	0	0	0	0	0	0	0	0	0	0	0	0	0	0	0	0	0	0	0	0	0	0	0	0	0	0	0	0	0	0	0	0	0	0
85	0	0	0	0	0	1037	0	0	0	0	1037	0	0	0	0	0.247651	0	0	0	0	0.247651	0	0	0	0	1	0	0	0	0	0	0	0	0	189	0	0	0	0	189	0	0	0	0	1	0	0	0	0	0	0	0	0	41.2033	0	0	0	0	41.2033	0	0	0	0	1	0	0	0	0	0	0	0	0	133	0	0	0	0	133	0	0	0	0	1	0	0	0	0	0	0	0	0	0	0	0	0	0	0	0	0	0	0	0	0	0	0	0	0	0	0	0	0	0	0	0	0	0	0	0	0	0	0	0	0	0	0
86	0	0	0	0	0	1023	0	0	0	0	1023	0	0	0	0	0.194377	0	0	0	0	0.194377	0	0	0	0	1	0	0	0	0	0	0	0	0	172	0	0	0	0	172	0	0	0	0	1	0	0	0	0	0	0	0	0	42.8555	0	0	0	0	42.8555	0	0	0	0	1	0	0	0	0	0	0	0	0	140	0	0	0	0	140	0	0	0	0	1	0	0	0	0	0	0	0	0	0	0	0	0	0	0	0	0	0	0	0	0	0	0	0	0	0	0	0	0	0	0	0	0	0	0	0	0	0	0	0	0	0	0
87	0	0	0	0	0	995	0	0	0	0	995	0	0	0	0	0.186196	0	0	0	0	0.186196	0	0	0	0	1	0	0	0	0	0	0	0	0	168	0	0	0	0	168	0	0	0	0	1	0	0	0	0	0	0	0	0	44.1338	0	0	0	0	44.1338	0	0	0	0	1	0	0	0	0	0	0	0	0	138	0	0	0	0	138	0	0	0	0	1	0	0	0	0	0	0	0	0	0	0	0	0	0	0	0	0	0	0	0	0	0	0	0	0	0	0	0	0	0	0	0	0	0	0	0	0	0	0	0	0	0	0
88	0	0	0	0	0	986	0	0	0	0	986	0	0	0	0	0.204626	0	0	0	0	0.204626	0	0	0	0	1	0	0	0	0	0	0	0	0	169	0	0	0	0	169	0	0	0	0	1	0	0	0	0	0	0	0	0	45.9245	0	0	0	0	45.9245	0	0	0	0	1	0	0	0	0	0	0	0	0	136	0	0	0	0	136	0	0	0	0	1	0	0	0	0	0	0	0	0	0	0	0	0	0	0	0	0	0	0	0	0	0	0	0	0	0	0	0	0	0	0	0	0	0	0	0	0	0	0	0	0	0	0
89	0	0	0	0	0	976	0	0	0	0	976	0	0	0	0	0.25102	0	0	0	0	0.25102	0	0	0	0	1	0	0	0	0	0	0	0	0	158	0	0	0	0	158	0	0	0	0	1	0	0	0	0	0	0	0	0	44.8806	0	0	0	0	44.8806	0	0	0	0	1	0	0	0	0	0	0	0	0	130	0	0	0	0	130	0	0	0	0	1	0	0	0	0	0	0	0	0	0	0	0	0	0	0	0	0	0	0	0	0	0	0	0	0	0	0	0	0	0	0	0	0	0	0	0	0	0	0	0	0	0	0
90	0	0	0	0	0	954	0	0	0	0	954	0	0	0	0	0.233183	0	0	0	0	0.233183	0	0	0	0	1	0	0	0	0	0	0	0	0	142	0	0	0	0	142	0	0	0	0	1	0	0	0	0	0	0	0	0	42.6218	0	0	0	0	42.6218	0	0	0	0	1	0	0	0	0	0	0	0	0	129	0	0	0	0	129	0	0	0	0	1	0	0	0	0	0	0	0	0	0	0	0	0	0	0	0	0	0	0	0	0	0	0	0	0	0	0	0	0	0	0	0	0	0	0	0	0	0	0	0	0	0	0
91	0	0	0	0	0	980	0	0	0	0	980	0	0	0	0	0.226306	0	0	0	0	0.226306	0	0	0	0	1	0	0	0	0	0	0	0	0	134	0	0	0	0	134	0	0	0	0	1	0	0	0	0	0	0	0	0	41.137	0	0	0	0	41.137	0	0	0	0	1	0	0	0	0	0	0	0	0	131	0	0	0	0	131	0	0	0	0	1	0	0	0	0	0	0	0	0	0	0	0	0	0	0	0	0	0	0	0	0	0	0	0	0	0	0	0	0	0	0	0	0	0	0	0	0	0	0	0	0	0	0
92	0	0	0	0	0	977	0	0	0	0	977	0	0	0	0	0.213931	0	0	0	0	0.213931	0	0	0	0	1	0	0	0	0	0	0	0	0	130	0	0	0	0	130	0	0	0	0	1	0	0	0	0	0	0	0	0	40.0887	0	0	0	0	40.0887	0	0	0	0	1	0	0	0	0	0	0	0	0	132	0	0	0	0	132	0	0	0	0	1	0	0	0	0	0	0	0	0	0	0	0	0	0	0	0	0	0	0	0	0	0	0	0	0	0	0	0	0	0	0	0	0	0	0	0	0	0	0	0	0	0	0
93	0	0	0	0	0	1008	0	0	0	0	1008	0	0	0	0	0.195758	0	0	0	0	0.195758	0	0	0	0	1	0	0	0	0	0	0	0	0	138	0	0	0	0	138	0	0	0	0	1	0	0	0	0	0	0	0	0	41.4603	0	0	0	0	41.4603	0	0	0	0	1	0	0	0	0	0	0	0	0	136	0	0	0	0	136	0	0	0	0	1	0	0	0	0	0	0	0	0	0	0	0	0	0	0	0	0	0	0	0	0	0	0	0	0	0	0	0	0	0	0	0	0	0	0	0	0	0	0	0	0	0	0
94	0	0	0	0	0	1020	0	0	0	0	1020	0	0	0	0	0.195248	0	0	0	0	0.195248	0	0	0	0	1	0	0	0	0	0	0	0	0	139	0	0	0	0	139	0	0	0	0	1	0	0	0	0	0	0	0	0	41.9279	0	0	0	0	41.9279	0	0	0	0	1	0	0	0	0	0	0	0	0	136	0	0	0	0	136	0	0	0	0	1	0	0	0	0	0	0	0	0	0	0	0	0	0	0	0	0	0	0	0	0	0	0	0	0	0	0	0	0	0	0	0	0	0	0	0	0	0	0	0	0	0	0
95	0	0	0	0	0	982	0	0	0	0	982	0	0	0	0	0.166715	0	0	0	0	0.166715	0	0	0	0	1	0	0	0	0	0	0	0	0	133	0	0	0	0	133	0	0	0	0	1	0	0	0	0	0	0	0	0	40.645	0	0	0	0	40.645	0	0	0	0	1	0	0	0	0	0	0	0	0	133	0	0	0	0	133	0	0	0	0	1	0	0	0	0	0	0	0	0	0	0	0	0	0	0	0	0	0	0	0	0	0	0	0	0	0	0	0	0	0	0	0	0	0	0	0	0	0	0	0	0	0	0
96	0	0	0	0	0	995	0	0	0	0	995	0	0	0	0	0.172438	0	0	0	0	0.172438	0	0	0	0	1	0	0	0	0	0	0	0	0	137	0	0	0	0	137	0	0	0	0	1	0	0	0	0	0	0	0	0	40.674	0	0	0	0	40.674	0	0	0	0	1	0	0	0	0	0	0	0	0	131	0	0	0	0	131	0	0	0	0	1	0	0	0	0	0	0	0	0	0	0	0	0	0	0	0	0	0	0	0	0	0	0	0	0	0	0	0	0	0	0	0	0	0	0	0	0	0	0	0	0	0	0
97	0	0	0	0	0	1036	0	0	0	0	1036	0	0	0	0	0.179738	0	0	0	0	0.179738	0	0	0	0	1	0	0	0	0	0	0	0	0	128	0	0	0	0	128	0	0	0	0	1	0	0	0	0	0	0	0	0	42.0025	0	0	0	0	42.0025	0	0	0	0	1	0	0	0	0	0	0	0	0	130	0	0	0	0	130	0	0	0	0	1	0	0	0	0	0	0	0	0	0	0	0	0	0	0	0	0	0	0	0	0	0	0	0	0	0	0	0	0	0	0	0	0	0	0	0	0	0	0	0	0	0	0
98	0	0	0	0	0	1061	0	0	0	0	1061	0	0	0	0	0.172322	0	0	0	0	0.172322	0	0	0	0	1	0	0	0	0	0	0	0	0	124	0	0	0	0	124	0	0	0	0	1	0	0	0	0	0	0	0	0	42.1757	0	0	0	0	42.1757	0	0	0	0	1	0	0	0	0	0	0	0	0	127	0	0	0	0	127	0	0	0	0	1	0	0	0	0	0	0	0	0	0	0	0	0	0	0	0	0	0	0	0	0	0	0	0	0	0	0	0	0	0	0	0	0	0	0	0	0	0	0	0	0	0	0
99	0	0	0	0	0	1085	0	0	0	0	1085	0	0	0	0	0.130736	0	0	0	0	0.130736	0	0	0	0	1	0	0	0	0	0	0	0	0	111	0	0	0	0	111	0	0	0	0	1	0	0	0	0	0	0	0	0	42.3434	0	0	0	0	42.3434	0	0	0	0	1	0	0	0	0	0	0	0	0	128	0	0	0	0	128	0	0	0	0	1	0	0	0	0	0	0	0	0	0	0	0	0	0	0	0	0	0	0	0	0	0	0	0	0	0	0	0	0	0	0	0	0	0	0	0	0	0	0	0	0	0	0
100	0	0	0	0	0	1112	0	0	0	0	1112	0	0	0	0	0.153092	0	0	0	0	0.153092	0	0	0	0	1	0	0	0	0	0	0	0	0	122	0	0	0	0	122	0	0	0	0	1	0	0	0	0	0	0	0	0	41.7608	0	0	0	0	41.7608	0	0	0	0	1	0	0	0	0	0	0	0	0	122	0	0	0	0	122	0	0	0	0	1	0	0	0	0	0	0	0	0	0	0	0	0	0	0	0	0	0	0	0	0	0	0	0	0	0	0	0	0	0	0	0	0	0	0	0	0	0	0	0	0	0	0
101	0	0	0	0	0	1104	0	0	0	0	1104	0	0	0	0	0.167047	0	0	0	0	0.167047	0	0	0	0	1	0	0	0	0	0	0	0	0	128	0	0	0	0	128	0	0	0	0	1	0	0	0	0	0	0	0	0	42.4532	0	0	0	0	42.4532	0	0	0	0	1	0	0	0	0	0	0	0	0	119	0	0	0	0	119	0	0	0	0	1	0	0	0	0	0	0	0	0	0	0	0	0	0	0	0	0	0	0	0	0	0	0	0	0	0	0	0	0	0	0	0	0	0	0	0	0	0	0	0	0	0	0
102	0	0	0	0	0	1097	0	0	0	0	1097	0	0	0	0	0.184298	0	0	0	0	0.184298	0	0	0	0	1	0	0	0	0	0	0	0	0	151	0	0	0	0	151	0	0	0	0	1	0	0	0	0	0	0	0	0	42.9978	0	0	0	0	42.9978	0	0	0	0	1	0	0	0	0	0	0	0	0	120	0	0	0	0	120	0	0	0	0	1	0	0	0	0	0	0	0	0	0	0	0	0	0	0	0	0	0	0	0	0	0	0	0	0	0	0	0	0	0	0	0	0	0	0	0	0	0	0	0	0	0	0
103	0	0	0	0	0	1103	0	0	0	0	1103	0	0	0	0	0.21044	0	0	0	0	0.21044	0	0	0	0	1	0	0	0	0	0	0	0	0	157	0	0	0	0	157	0	0	0	0	1	0	0	0	0	0	0	0	0	41.2692	0	0	0	0	41.2692	0	0	0	0	1	0	0	0	0	0	0	0	0	121	0	0	0	0	121	0	0	0	0	1	0	0	0	0	0	0	0	0	0	0	0	0	0	0	0	0	0	0	0	0	0	0	0	0	0	0	0	0	0	0	0	0	0	0	0	0	0	0	0	0	0	0
104	0	0	0	0	0	1080	0	0	0	0	1080	0	0	0	0	0.239669	0	0	0	0	0.239669	0	0	0	0	1	0	0	0	0	0	0	0	0	162	0	0	0	0	162	0	0	0	0	1	0	0	0	0	0	0	0	0	41.5179	0	0	0	0	41.5179	0	0	0	0	1	0	0	0	0	0	0	0	0	125	0	0	0	0	125	0	0	0	0	1	0	0	0	0	0	0	0	0	0	0	0	0	0	0	0	0	0	0	0	0	0	0	0	0	0	0	0	0	0	0	0	0	0	0	0	0	0	0	0	0	0	0
105	0	0	0	0	0	1084	0	0	0	0	1084	0	0	0	0	0.193452	0	0	0	0	0.193452	0	0	0	0	1	0	0	0	0	0	0	0	0	153	0	0	0	0	153	0	0	0	0	1	0	0	0	0	0	0	0	0	41.2925	0	0	0	0	41.2925	0	0	0	0	1	0	0	0	0	0	0	0	0	139	0	0	0	0	139	0	0	0	0	1	0	0	0	0	0	0	0	0	0	0	0	0	0	0	0	0	0	0	0	0	0	0	0	0	0	0	0	0	0	0	0	0	0	0	0	0	0	0	0	0	0	0
106	0	0	0	0	0	1015	0	0	0	0	1015	0	0	0	0	0.278022	0	0	0	0	0.278022	0	0	0	0	1	0	0	0	0	0	0	0	0	170	0	0	0	0	170	0	0	0	0	1	0	0	0	0	0	0	0	0	40.8153	0	0	0	0	40.8153	0	0	0	0	1	0	0	0	0	0	0	0	0	137	0	0	0	0	137	0	0	0	0	1	0	0	0	0	0	0	0	0	0	0	0	0	0	0	0	0	0	0	0	0	0	0	0	0	0	0	0	0	0	0	0	0	0	0	0	0	0	0	0	0	0	0
107	0	0	0	0	0	1003	0	0	0	0	1003	0	0	0	0	0.238835	0	0	0	0	0.238835	0	0	0	0	1	0	0	0	0	0	0	0	0	153	0	0	0	0	153	0	0	0	0	1	0	0	0	0	0	0	0	0	42.4092	0	0	0	0	42.4092	0	0	0	0	1	0	0	0	0	0	0	0	0	154	0	0	0	0	154	0	0	0	0	1	0	0	0	0	0	0	0	0	0	0	0	0	0	0	0	0	0	0	0	0	0	0	0	0	0	0	0	0	0	0	0	0	0	0	0	0	0	0	0	0	0	0
108	0	0	0	0	0	1011	0	0	0	0	1011	0	0	0	0	0.193481	0	0	0	0	0.193481	0	0	0	0	1	0	0	0	0	0	0	0	0	130	0	0	0	0	130	0	0	0	0	1	0	0	0	0	0	0	0	0	42.7559	0	0	0	0	42.7559	0	0	0	0	1	0	0	0	0	0	0	0	0	162	0	0	0	0	162	0	0	0	0	1	0	0	0	0	0	0	0	0	0	0	0	0	0	0	0	0	0	0	0	0	0	0	0	0	0	0	0	0	0	0	0	0	0	0	0	0	0	0	0	0	0	0
109	0	0	0	0	0	981	0	0	0	0	981	0	0	0	0	0.193536	0	0	0	0	0.193536	0	0	0	0	1	0	0	0	0	0	0	0	0	137	0	0	0	0	137	0	0	0	0	1	0	0	0	0	0	0	0	0	42.1183	0	0	0	0	42.1183	0	0	0	0	1	0	0	0	0	0	0	0	0	162	0	0	0	0	162	0	0	0	0	1	0	0	0	0	0	0	0	0	0	0	0	0	0	0	0	0	0	0	0	0	0	0	0	0	0	0	0	0	0	0	0	0	0	0	0	0	0	0	0	0	0	0
110	0	0	0	0	0	1023	0	0	0	0	1023	0	0	0	0	0.163787	0	0	0	0	0.163787	0	0	0	0	1	0	0	0	0	0	0	0	0	131	0	0	0	0	131	0	0	0	0	1	0	0	0	0	0	0	0	0	43.548	0	0	0	0	43.548	0	0	0	0	1	0	0	0	0	0	0	0	0	158	0	0	0	0	158	0	0	0	0	1	0	0	0	0	0	0	0	0	0	0	0	0	0	0	0	0	0	0	0	0	0	0	0	0	0	0	0	0	0	0	0	0	0	0	0	0	0	0	0	0	0	0
111	0	0	0	0	0	1038	0	0	0	0	1038	0	0	0	0	0.172997	0	0	0	0	0.172997	0	0	0	0	1	0	0	0	0	0	0	0	0	140	0	0	0	0	140	0	0	0	0	1	0	0	0	0	0	0	0	0	45.3306	0	0	0	0	45.3306	0	0	0	0	1	0	0	0	0	0	0	0	0	157	0	0	0	0	157	0	0	0	0	1	0	0	0	0	0	0	0	0	0	0	0	0	0	0	0	0	0	0	0	0	0	0	0	0	0	0	0	0	0	0	0	0	0	0	0	0	0	0	0	0	0	0
112	0	0	0	0	0	1031	0	0	0	0	1031	0	0	0	0	0.191396	0	0	0	0	0.191396	0	0	0	0	1	0	0	0	0	0	0	0	0	129	0	0	0	0	129	0	0	0	0	1	0	0	0	0	0	0	0	0	43.2133	0	0	0	0	43.2133	0	0	0	0	1	0	0	0	0	0	0	0	0	151	0	0	0	0	151	0	0	0	0	1	0	0	0	0	0	0	0	0	0	0	0	0	0	0	0	0	0	0	0	0	0	0	0	0	0	0	0	0	0	0	0	0	0	0	0	0	0	0	0	0	0	0
113	0	0	0	0	0	1010	0	0	0	0	1010	0	0	0	0	0.175152	0	0	0	0	0.175152	0	0	0	0	1	0	0	0	0	0	0	0	0	128	0	0	0	0	128	0	0	0	0	1	0	0	0	0	0	0	0	0	43.6324	0	0	0	0	43.6324	0	0	0	0	1	0	0	0	0	0	0	0	0	150	0	0	0	0	150	0	0	0	0	1	0	0	0	0	0	0	0	0	0	0	0	0	0	0	0	0	0	0	0	0	0	0	0	0	0	0	0	0	0	0	0	0	0	0	0	0	0	0	0	0	0	0
114	0	0	0	0	0	1014	0	0	0	0	1014	0	0	0	0	0.167254	0	0	0	0	0.167254	0	0	0	0	1	0	0	0	0	0	0	0	0	127	0	0	0	0	127	0	0	0	0	1	0	0	0	0	0	0	0	0	45.5744	0	0	0	0	45.5744	0	0	0	0	1	0	0	0	0	0	0	0	0	150	0	0	0	0	150	0	0	0	0	1	0	0	0	0	0	0	0	0	0	0	0	0	0	0	0	0	0	0	0	0	0	0	0	0	0	0	0	0	0	0	0	0	0	0	0	0	0	0	0	0	0	0
115	0	0	0	0	0	1010	0	0	0	0	1010	0	0	0	0	0.172216	0	0	0	0	0.172216	0	0	0	0	1	0	0	0	0	0	0	0	0	123	0	0	0	0	123	0	0	0	0	1	0	0	0	0	0	0	0	0	46.3061	0	0	0	0	46.3061	0	0	0	0	1	0	0	0	0	0	0	0	0	146	0	0	0	0	146	0	0	0	0	1	0	0	0	0	0	0	0	0	0	0	0	0	0	0	0	0	0	0	0	0	0	0	0	0	0	0	0	0	0	0	0	0	0	0	0	0	0	0	0	0	0	0
116	0	0	0	0	0	991	0	0	0	0	991	0	0	0	0	0.168759	0	0	0	0	0.168759	0	0	0	0	1	0	0	0	0	0	0	0	0	116	0	0	0	0	116	0	0	0	0	1	0	0	0	0	0	0	0	0	45.6722	0	0	0	0	45.6722	0	0	0	0	1	0	0	0	0	0	0	0	0	140	0	0	0	0	140	0	0	0	0	1	0	0	0	0	0	0	0	0	0	0	0	0	0	0	0	0	0	0	0	0	0	0	0	0	0	0	0	0	0	0	0	0	0	0	0	0	0	0	0	0	0	0
117	0	0	0	0	0	988	0	0	0	0	988	0	0	0	0	0.167273	0	0	0	0	0.167273	0	0	0	0	1	0	0	0	0	0	0	0	0	127	0	0	0	0	127	0	0	0	0	1	0	0	0	0	0	0	0	0	44.6584	0	0	0	0	44.6584	0	0	0	0	1	0	0	0	0	0	0	0	0	133	0	0	0	0	133	0	0	0	0	1	0	0	0	0	0	0	0	0	0	0	0	0	0	0	0	0	0	0	0	0	0	0	0	0	0	0	0	0	0	0	0	0	0	0	0	0	0	0	0	0	0	0
118	0	0	0	0	0	958	0	0	0	0	958	0	0	0	0	0.173267	0	0	0	0	0.173267	0	0	0	0	1	0	0	0	0	0	0	0	0	155	0	0	0	0	155	0	0	0	0	1	0	0	0	0	0	0	0	0	46.3635	0	0	0	0	46.3635	0	0	0	0	1	0	0	0	0	0	0	0	0	135	0	0	0	0	135	0	0	0	0	1	0	0	0	0	0	0	0	0	0	0	0	0	0	0	0	0	0	0	0	0	0	0	0	0	0	0	0	0	0	0	0	0	0	0	0	0	0	0	0	0	0	0
119	0	0	0	0	0	962	0	0	0	0	962	0	0	0	0	0.168908	0	0	0	0	0.168908	0	0	0	0	1	0	0	0	0	0	0	0	0	161	0	0	0	0	161	0	0	0	0	1	0	0	0	0	0	0	0	0	47.394	0	0	0	0	47.394	0	0	0	0	1	0	0	0	0	0	0	0	0	134	0	0	0	0	134	0	0	0	0	1	0	0	0	0	0	0	0	0	0	0	0	0	0	0	0	0	0	0	0	0	0	0	0	0	0	0	0	0	0	0	0	0	0	0	0	0	0	0	0	0	0	0
120	0	0	0	0	0	974	0	0	0	0	974	0	0	0	0	0.200737	0	0	0	0	0.200737	0	0	0	0	1	0	0	0	0	0	0	0	0	154	0	0	0	0	154	0	0	0	0	1	0	0	0	0	0	0	0	0	48.4163	0	0	0	0	48.4163	0	0	0	0	1	0	0	0	0	0	0	0	0	134	0	0	0	0	134	0	0	0	0	1	0	0	0	0	0	0	0	0	0	0	0	0	0	0	0	0	0	0	0	0	0	0	0	0	0	0	0	0	0	0	0	0	0	0	0	0	0	0	0	0	0	0
121	0	0	0	0	0	980	0	0	0	0	980	0	0	0	0	0.177263	0	0	0	0	0.177263	0	0	0	0	1	0	0	0	0	0	0	0	0	136	0	0	0	0	136	0	0	0	0	1	0	0	0	0	0	0	0	0	46.9837	0	0	0	0	46.9837	0	0	0	0	1	0	0	0	0	0	0	0	0	141	0	0	0	0	141	0	0	0	0	1	0	0	0	0	0	0	0	0	0	0	0	0	0	0	0	0	0	0	0	0	0	0	0	0	0	0	0	0	0	0	0	0	0	0	0	0	0	0	0	0	0	0
122	0	0	0	0	0	962	0	0	0	0	962	0	0	0	0	0.185907	0	0	0	0	0.185907	0	0	0	0	1	0	0	0	0	0	0	0	0	138	0	0	0	0	138	0	0	0	0	1	0	0	0	0	0	0	0	0	43.9583	0	0	0	0	43.9583	0	0	0	0	1	0	0	0	0	0	0	0	0	137	0	0	0	0	137	0	0	0	0	1	0	0	0	0	0	0	0	0	0	0	0	0	0	0	0	0	0	0	0	0	0	0	0	0	0	0	0	0	0	0	0	0	0	0	0	0	0	0	0	0	0	0
123	0	0	0	0	0	955	0	0	0	0	955	0	0	0	0	0.179684	0	0	0	0	0.179684	0	0	0	0	1	0	0	0	0	0	0	0	0	144	0	0	0	0	144	0	0	0	0	1	0	0	0	0	0	0	0	0	44.5803	0	0	0	0	44.5803	0	0	0	0	1	0	0	0	0	0	0	0	0	133	0	0	0	0	133	0	0	0	0	1	0	0	0	0	0	0	0	0	0	0	0	0	0	0	0	0	0	0	0	0	0	0	0	0	0	0	0	0	0	0	0	0	0	0	0	0	0	0	0	0	0	0
124	0	0	0	0	0	968	0	0	0	0	968	0	0	0	0	0.203233	0	0	0	0	0.203233	0	0	0	0	1	0	0	0	0	0	0	0	0	153	0	0	0	0	153	0	0	0	0	1	0	0	0	0	0	0	0	0	43.9501	0	0	0	0	43.9501	0	0	0	0	1	0	0	0	0	0	0	0	0	132	0	0	0	0	132	0	0	0	0	1	0	0	0	0	0	0	0	0	0	0	0	0	0	0	0	0	0	0	0	0	0	0	0	0	0	0	0	0	0	0	0	0	0	0	0	0	0	0	0	0	0	0
125	0	0	0	0	0	991	0	0	0	0	991	0	0	0	0	0.233912	0	0	0	0	0.233912	0	0	0	0	1	0	0	0	0	0	0	0	0	144	0	0	0	0	144	0	0	0	0	1	0	0	0	0	0	0	0	0	44.3588	0	0	0	0	44.3588	0	0	0	0	1	0	0	0	0	0	0	0	0	132	0	0	0	0	132	0	0	0	0	1	0	0	0	0	0	0	0	0	0	0	0	0	0	0	0	0	0	0	0	0	0	0	0	0	0	0	0	0	0	0	0	0	0	0	0	0	0	0	0	0	0	0
126	0	0	0	0	0	1007	0	0	0	0	1007	0	0	0	0	0.254543	0	0	0	0	0.254543	0	0	0	0	1	0	0	0	0	0	0	0	0	129	0	0	0	0	129	0	0	0	0	1	0	0	0	0	0	0	0	0	44.7579	0	0	0	0	44.7579	0	0	0	0	1	0	0	0	0	0	0	0	0	141	0	0	0	0	141	0	0	0	0	1	0	0	0	0	0	0	0	0	0	0	0	0	0	0	0	0	0	0	0	0	0	0	0	0	0	0	0	0	0	0	0	0	0	0	0	0	0	0	0	0	0	0
127	0	0	0	0	0	972	0	0	0	0	972	0	0	0	0	0.261976	0	0	0	0	0.261976	0	0	0	0	1	0	0	0	0	0	0	0	0	124	0	0	0	0	124	0	0	0	0	1	0	0	0	0	0	0	0	0	42.1389	0	0	0	0	42.1389	0	0	0	0	1	0	0	0	0	0	0	0	0	139	0	0	0	0	139	0	0	0	0	1	0	0	0	0	0	0	0	0	0	0	0	0	0	0	0	0	0	0	0	0	0	0	0	0	0	0	0	0	0	0	0	0	0	0	0	0	0	0	0	0	0	0
128	0	0	0	0	0	963	0	0	0	0	963	0	0	0	0	0.203392	0	0	0	0	0.203392	0	0	0	0	1	0	0	0	0	0	0	0	0	129	0	0	0	0	129	0	0	0	0	1	0	0	0	0	0	0	0	0	42.7306	0	0	0	0	42.7306	0	0	0	0	1	0	0	0	0	0	0	0	0	153	0	0	0	0	153	0	0	0	0	1	0	0	0	0	0	0	0	0	0	0	0	0	0	0	0	0	0	0	0	0	0	0	0	0	0	0	0	0	0	0	0	0	0	0	0	0	0	0	0	0	0	0
129	0	0	0	0	0	954	0	0	0	0	954	0	0	0	0	0.195767	0	0	0	0	0.195767	0	0	0	0	1	0	0	0	0	0	0	0	0	144	0	0	0	0	144	0	0	0	0	1	0	0	0	0	0	0	0	0	44.8799	0	0	0	0	44.8799	0	0	0	0	1	0	0	0	0	0	0	0	0	155	0	0	0	0	155	0	0	0	0	1	0	0	0	0	0	0	0	0	0	0	0	0	0	0	0	0	0	0	0	0	0	0	0	0	0	0	0	0	0	0	0	0	0	0	0	0	0	0	0	0	0	0
130	0	0	0	0	0	909	0	0	0	0	909	0	0	0	0	0.26347	0	0	0	0	0.26347	0	0	0	0	1	0	0	0	0	0	0	0	0	164	0	0	0	0	164	0	0	0	0	1	0	0	0	0	0	0	0	0	43.0694	0	0	0	0	43.0694	0	0	0	0	1	0	0	0	0	0	0	0	0	144	0	0	0	0	144	0	0	0	0	1	0	0	0	0	0	0	0	0	0	0	0	0	0	0	0	0	0	0	0	0	0	0	0	0	0	0	0	0	0	0	0	0	0	0	0	0	0	0	0	0	0	0
131	0	0	0	0	0	886	0	0	0	0	886	0	0	0	0	0.250582	0	0	0	0	0.250582	0	0	0	0	1	0	0	0	0	0	0	0	0	180	0	0	0	0	180	0	0	0	0	1	0	0	0	0	0	0	0	0	42.7154	0	0	0	0	42.7154	0	0	0	0	1	0	0	0	0	0	0	0	0	159	0	0	0	0	159	0	0	0	0	1	0	0	0	0	0	0	0	0	0	0	0	0	0	0	0	0	0	0	0	0	0	0	0	0	0	0	0	0	0	0	0	0	0	0	0	0	0	0	0	0	0	0
132	0	0	0	0	0	919	0	0	0	0	919	0	0	0	0	0.235724	0	0	0	0	0.235724	0	0	0	0	1	0	0	0	0	0	0	0	0	161	0	0	0	0	161	0	0	0	0	1	0	0	0	0	0	0	0	0	44.4226	0	0	0	0	44.4226	0	0	0	0	1	0	0	0	0	0	0	0	0	166	0	0	0	0	166	0	0	0	0	1	0	0	0	0	0	0	0	0	0	0	0	0	0	0	0	0	0	0	0	0	0	0	0	0	0	0	0	0	0	0	0	0	0	0	0	0	0	0	0	0	0	0
133	0	0	0	0	0	951	0	0	0	0	951	0	0	0	0	0.239708	0	0	0	0	0.239708	0	0	0	0	1	0	0	0	0	0	0	0	0	156	0	0	0	0	156	0	0	0	0	1	0	0	0	0	0	0	0	0	46.4458	0	0	0	0	46.4458	0	0	0	0	1	0	0	0	0	0	0	0	0	164	0	0	0	0	164	0	0	0	0	1	0	0	0	0	0	0	0	0	0	0	0	0	0	0	0	0	0	0	0	0	0	0	0	0	0	0	0	0	0	0	0	0	0	0	0	0	0	0	0	0	0	0
134	0	0	0	0	0	965	0	0	0	0	965	0	0	0	0	0.198545	0	0	0	0	0.198545	0	0	0	0	1	0	0	0	0	0	0	0	0	146	0	0	0	0	146	0	0	0	0	1	0	0	0	0	0	0	0	0	47.6882	0	0	0	0	47.6882	0	0	0	0	1	0	0	0	0	0	0	0	0	165	0	0	0	0	165	0	0	0	0	1	0	0	0	0	0	0	0	0	0	0	0	0	0	0	0	0	0	0	0	0	0	0	0	0	0	0	0	0	0	0	0	0	0	0	0	0	0	0	0	0	0	0
135	0	0	0	0	0	940	0	0	0	0	940	0	0	0	0	0.214009	0	0	0	0	0.214009	0	0	0	0	1	0	0	0	0	0	0	0	0	141	0	0	0	0	141	0	0	0	0	1	0	0	0	0	0	0	0	0	47.5724	0	0	0	0	47.5724	0	0	0	0	1	0	0	0	0	0	0	0	0	155	0	0	0	0	155	0	0	0	0	1	0	0	0	0	0	0	0	0	0	0	0	0	0	0	0	0	0	0	0	0	0	0	0	0	0	0	0	0	0	0	0	0	0	0	0	0	0	0	0	0	0	0
136	0	0	0	0	0	964	0	0	0	0	964	0	0	0	0	0.22144	0	0	0	0	0.22144	0	0	0	0	1	0	0	0	0	0	0	0	0	137	0	0	0	0	137	0	0	0	0	1	0	0	0	0	0	0	0	0	47.4058	0	0	0	0	47.4058	0	0	0	0	1	0	0	0	0	0	0	0	0	151	0	0	0	0	151	0	0	0	0	1	0	0	0	0	0	0	0	0	0	0	0	0	0	0	0	0	0	0	0	0	0	0	0	0	0	0	0	0	0	0	0	0	0	0	0	0	0	0	0	0	0	0
137	0	0	0	0	0	991	0	0	0	0	991	0	0	0	0	0.188551	0	0	0	0	0.188551	0	0	0	0	1	0	0	0	0	0	0	0	0	126	0	0	0	0	126	0	0	0	0	1	0	0	0	0	0	0	0	0	46.7293	0	0	0	0	46.7293	0	0	0	0	1	0	0	0	0	0	0	0	0	152	0	0	0	0	152	0	0	0	0	1	0	0	0	0	0	0	0	0	0	0	0	0	0	0	0	0	0	0	0	0	0	0	0	0	0	0	0	0	0	0	0	0	0	0	0	0	0	0	0	0	0	0
138	0	0	0	0	0	1018	0	0	0	0	1018	0	0	0	0	0.17211	0	0	0	0	0.17211	0	0	0	0	1	0	0	0	0	0	0	0	0	121	0	0	0	0	121	0	0	0	0	1	0	0	0	0	0	0	0	0	47.8378	0	0	0	0	47.8378	0	0	0	0	1	0	0	0	0	0	0	0	0	151	0	0	0	0	151	0	0	0	0	1	0	0	0	0	0	0	0	0	0	0	0	0	0	0	0	0	0	0	0	0	0	0	0	0	0	0	0	0	0	0	0	0	0	0	0	0	0	0	0	0	0	0
139	0	0	0	0	0	1051	0	0	0	0	1051	0	0	0	0	0.153967	0	0	0	0	0.153967	0	0	0	0	1	0	0	0	0	0	0	0	0	122	0	0	0	0	122	0	0	0	0	1	0	0	0	0	0	0	0	0	46.0415	0	0	0	0	46.0415	0	0	0	0	1	0	0	0	0	0	0	0	0	142	0	0	0	0	142	0	0	0	0	1	0	0	0	0	0	0	0	0	0	0	0	0	0	0	0	0	0	0	0	0	0	0	0	0	0	0	0	0	0	0	0	0	0	0	0	0	0	0	0	0	0	0
140	0	0	0	0	0	1016	0	0	0	0	1016	0	0	0	0	0.170253	0	0	0	0	0.170253	0	0	0	0	1	0	0	0	0	0	0	0	0	128	0	0	0	0	128	0	0	0	0	1	0	0	0	0	0	0	0	0	43.418	0	0	0	0	43.418	0	0	0	0	1	0	0	0	0	0	0	0	0	135	0	0	0	0	135	0	0	0	0	1	0	0	0	0	0	0	0	0	0	0	0	0	0	0	0	0	0	0	0	0	0	0	0	0	0	0	0	0	0	0	0	0	0	0	0	0	0	0	0	0	0	0
141	0	0	0	0	0	1034	0	0	0	0	1034	0	0	0	0	0.188222	0	0	0	0	0.188222	0	0	0	0	1	0	0	0	0	0	0	0	0	126	0	0	0	0	126	0	0	0	0	1	0	0	0	0	0	0	0	0	41.82	0	0	0	0	41.82	0	0	0	0	1	0	0	0	0	0	0	0	0	133	0	0	0	0	133	0	0	0	0	1	0	0	0	0	0	0	0	0	0	0	0	0	0	0	0	0	0	0	0	0	0	0	0	0	0	0	0	0	0	0	0	0	0	0	0	0	0	0	0	0	0	0
142	0	0	0	0	0	987	0	0	0	0	987	0	0	0	0	0.174066	0	0	0	0	0.174066	0	0	0	0	1	0	0	0	0	0	0	0	0	147	0	0	0	0	147	0	0	0	0	1	0	0	0	0	0	0	0	0	40.5898	0	0	0	0	40.5898	0	0	0	0	1	0	0	0	0	0	0	0	0	138	0	0	0	0	138	0	0	0	0	1	0	0	0	0	0	0	0	0	0	0	0	0	0	0	0	0	0	0	0	0	0	0	0	0	0	0	0	0	0	0	0	0	0	0	0	0	0	0	0	0	0	0
143	0	0	0	0	0	972	0	0	0	0	972	0	0	0	0	0.191963	0	0	0	0	0.191963	0	0	0	0	1	0	0	0	0	0	0	0	0	164	0	0	0	0	164	0	0	0	0	1	0	0	0	0	0	0	0	0	39.9152	0	0	0	0	39.9152	0	0	0	0	1	0	0	0	0	0	0	0	0	143	0	0	0	0	143	0	0	0	0	1	0	0	0	0	0	0	0	0	0	0	0	0	0	0	0	0	0	0	0	0	0	0	0	0	0	0	0	0	0	0	0	0	0	0	0	0	0	0	0	0	0	0
144	0	0	0	0	0	953	0	0	0	0	953	0	0	0	0	0.228595	0	0	0	0	0.228595	0	0	0	0	1	0	0	0	0	0	0	0	0	176	0	0	0	0	176	0	0	0	0	1	0	0	0	0	0	0	0	0	38.0981	0	0	0	0	38.0981	0	0	0	0	1	0	0	0	0	0	0	0	0	139	0	0	0	0	139	0	0	0	0	1	0	0	0	0	0	0	0	0	0	0	0	0	0	0	0	0	0	0	0	0	0	0	0	0	0	0	0	0	0	0	0	0	0	0	0	0	0	0	0	0	0	0
145	0	0	0	0	0	965	0	0	0	0	965	0	0	0	0	0.232366	0	0	0	0	0.232366	0	0	0	0	1	0	0	0	0	0	0	0	0	196	0	0	0	0	196	0	0	0	0	1	0	0	0	0	0	0	0	0	39.3219	0	0	0	0	39.3219	0	0	0	0	1	0	0	0	0	0	0	0	0	143	0	0	0	0	143	0	0	0	0	1	0	0	0	0	0	0	0	0	0	0	0	0	0	0	0	0	0	0	0	0	0	0	0	0	0	0	0	0	0	0	0	0	0	0	0	0	0	0	0	0	0	0
146	0	0	0	0	0	932	0	0	0	0	932	0	0	0	0	0.292913	0	0	0	0	0.292913	0	0	0	0	1	0	0	0	0	0	0	0	0	230	0	0	0	0	230	0	0	0	0	1	0	0	0	0	0	0	0	0	38.376	0	0	0	0	38.376	0	0	0	0	1	0	0	0	0	0	0	0	0	144	0	0	0	0	144	0	0	0	0	1	0	0	0	0	0	0	0	0	0	0	0	0	0	0	0	0	0	0	0	0	0	0	0	0	0	0	0	0	0	0	0	0	0	0	0	0	0	0	0	0	0	0
147	0	0	0	0	0	928	0	0	0	0	928	0	0	0	0	0.351497	0	0	0	0	0.351497	0	0	0	0	1	0	0	0	0	0	0	0	0	221	0	0	0	0	221	0	0	0	0	1	0	0	0	0	0	0	0	0	40.5335	0	0	0	0	40.5335	0	0	0	0	1	0	0	0	0	0	0	0	0	156	0	0	0	0	156	0	0	0	0	1	0	0	0	0	0	0	0	0	0	0	0	0	0	0	0	0	0	0	0	0	0	0	0	0	0	0	0	0	0	0	0	0	0	0	0	0	0	0	0	0	0	0
148	0	0	0	0	0	910	0	0	0	0	910	0	0	0	0	0.387888	0	0	0	0	0.387888	0	0	0	0	1	0	0	0	0	0	0	0	0	205	0	0	0	0	205	0	0	0	0	1	0	0	0	0	0	0	0	0	40.3724	0	0	0	0	40.3724	0	0	0	0	1	0	0	0	0	0	0	0	0	166	0	0	0	0	166	0	0	0	0	1	0	0	0	0	0	0	0	0	0	0	0	0	0	0	0	0	0	0	0	0	0	0	0	0	0	0	0	0	0	0	0	0	0	0	0	0	0	0	0	0	0	0
149	0	0	0	0	0	960	0	0	0	0	960	0	0	0	0	0.331237	0	0	0	0	0.331237	0	0	0	0	1	0	0	0	0	0	0	0	0	176	0	0	0	0	176	0	0	0	0	1	0	0	0	0	0	0	0	0	41.9805	0	0	0	0	41.9805	0	0	0	0	1	0	0	0	0	0	0	0	0	175	0	0	0	0	175	0	0	0	0	1	0	0	0	0	0	0	0	0	0	0	0	0	0	0	0	0	0	0	0	0	0	0	0	0	0	0	0	0	0	0	0	0	0	0	0	0	0	0	0	0	0	0
150	0	0	0	0	0	979	0	0	0	0	979	0	0	0	0	0.295403	0	0	0	0	0.295403	0	0	0	0	1	0	0	0	0	0	0	0	0	159	0	0	0	0	159	0	0	0	0	1	0	0	0	0	0	0	0	0	44.2671	0	0	0	0	44.2671	0	0	0	0	1	0	0	0	0	0	0	0	0	178	0	0	0	0	178	0	0	0	0	1	0	0	0	0	0	0	0	0	0	0	0	0	0	0	0	0	0	0	0	0	0	0	0	0	0	0	0	0	0	0	0	0	0	0	0	0	0	0	0	0	0	0
151	0	0	0	0	0	974	0	0	0	0	974	0	0	0	0	0.244074	0	0	0	0	0.244074	0	0	0	0	1	0	0	0	0	0	0	0	0	155	0	0	0	0	155	0	0	0	0	1	0	0	0	0	0	0	0	0	45.6938	0	0	0	0	45.6938	0	0	0	0	1	0	0	0	0	0	0	0	0	174	0	0	0	0	174	0	0	0	0	1	0	0	0	0	0	0	0	0	0	0	0	0	0	0	0	0	0	0	0	0	0	0	0	0	0	0	0	0	0	0	0	0	0	0	0	0	0	0	0	0	0	0
152	0	0	0	0	0	961	0	0	0	0	961	0	0	0	0	0.191563	0	0	0	0	0.191563	0	0	0	0	1	0	0	0	0	0	0	0	0	155	0	0	0	0	155	0	0	0	0	1	0	0	0	0	0	0	0	0	45.5118	0	0	0	0	45.5118	0	0	0	0	1	0	0	0	0	0	0	0	0	166	0	0	0	0	166	0	0	0	0	1	0	0	0	0	0	0	0	0	0	0	0	0	0	0	0	0	0	0	0	0	0	0	0	0	0	0	0	0	0	0	0	0	0	0	0	0	0	0	0	0	0	0
153	0	0	0	0	0	1009	0	0	0	0	1009	0	0	0	0	0.212334	0	0	0	0	0.212334	0	0	0	0	1	0	0	0	0	0	0	0	0	157	0	0	0	0	157	0	0	0	0	1	0	0	0	0	0	0	0	0	45.964	0	0	0	0	45.964	0	0	0	0	1	0	0	0	0	0	0	0	0	159	0	0	0	0	159	0	0	0	0	1	0	0	0	0	0	0	0	0	0	0	0	0	0	0	0	0	0	0	0	0	0	0	0	0	0	0	0	0	0	0	0	0	0	0	0	0	0	0	0	0	0	0
154	0	0	0	0	0	1014	0	0	0	0	1014	0	0	0	0	0.208711	0	0	0	0	0.208711	0	0	0	0	1	0	0	0	0	0	0	0	0	142	0	0	0	0	142	0	0	0	0	1	0	0	0	0	0	0	0	0	44.234	0	0	0	0	44.234	0	0	0	0	1	0	0	0	0	0	0	0	0	159	0	0	0	0	159	0	0	0	0	1	0	0	0	0	0	0	0	0	0	0	0	0	0	0	0	0	0	0	0	0	0	0	0	0	0	0	0	0	0	0	0	0	0	0	0	0	0	0	0	0	0	0
155	0	0	0	0	0	1029	0	0	0	0	1029	0	0	0	0	0.16667	0	0	0	0	0.16667	0	0	0	0	1	0	0	0	0	0	0	0	0	126	0	0	0	0	126	0	0	0	0	1	0	0	0	0	0	0	0	0	45.7659	0	0	0	0	45.7659	0	0	0	0	1	0	0	0	0	0	0	0	0	167	0	0	0	0	167	0	0	0	0	1	0	0	0	0	0	0	0	0	0	0	0	0	0	0	0	0	0	0	0	0	0	0	0	0	0	0	0	0	0	0	0	0	0	0	0	0	0	0	0	0	0	0
156	0	0	0	0	0	1019	0	0	0	0	1019	0	0	0	0	0.17568	0	0	0	0	0.17568	0	0	0	0	1	0	0	0	0	0	0	0	0	120	0	0	0	0	120	0	0	0	0	1	0	0	0	0	0	0	0	0	45.2801	0	0	0	0	45.2801	0	0	0	0	1	0	0	0	0	0	0	0	0	165	0	0	0	0	165	0	0	0	0	1	0	0	0	0	0	0	0	0	0	0	0	0	0	0	0	0	0	0	0	0	0	0	0	0	0	0	0	0	0	0	0	0	0	0	0	0	0	0	0	0	0	0
157	0	0	0	0	0	1008	0	0	0	0	1008	0	0	0	0	0.170376	0	0	0	0	0.170376	0	0	0	0	1	0	0	0	0	0	0	0	0	109	0	0	0	0	109	0	0	0	0	1	0	0	0	0	0	0	0	0	46.6388	0	0	0	0	46.6388	0	0	0	0	1	0	0	0	0	0	0	0	0	161	0	0	0	0	161	0	0	0	0	1	0	0	0	0	0	0	0	0	0	0	0	0	0	0	0	0	0	0	0	0	0	0	0	0	0	0	0	0	0	0	0	0	0	0	0	0	0	0	0	0	0	0
158	0	0	0	0	0	959	0	0	0	0	959	0	0	0	0	0.156625	0	0	0	0	0.156625	0	0	0	0	1	0	0	0	0	0	0	0	0	133	0	0	0	0	133	0	0	0	0	1	0	0	0	0	0	0	0	0	46.9459	0	0	0	0	46.9459	0	0	0	0	1	0	0	0	0	0	0	0	0	155	0	0	0	0	155	0	0	0	0	1	0	0	0	0	0	0	0	0	0	0	0	0	0	0	0	0	0	0	0	0	0	0	0	0	0	0	0	0	0	0	0	0	0	0	0	0	0	0	0	0	0	0
159	0	0	0	0	0	978	0	0	0	0	978	0	0	0	0	0.182963	0	0	0	0	0.182963	0	0	0	0	1	0	0	0	0	0	0	0	0	149	0	0	0	0	149	0	0	0	0	1	0	0	0	0	0	0	0	0	48.5136	0	0	0	0	48.5136	0	0	0	0	1	0	0	0	0	0	0	0	0	153	0	0	0	0	153	0	0	0	0	1	0	0	0	0	0	0	0	0	0	0	0	0	0	0	0	0	0	0	0	0	0	0	0	0	0	0	0	0	0	0	0	0	0	0	0	0	0	0	0	0	0	0
160	0	0	0	0	0	996	0	0	0	0	996	0	0	0	0	0.254928	0	0	0	0	0.254928	0	0	0	0	1	0	0	0	0	0	0	0	0	150	0	0	0	0	150	0	0	0	0	1	0	0	0	0	0	0	0	0	50.6675	0	0	0	0	50.6675	0	0	0	0	1	0	0	0	0	0	0	0	0	151	0	0	0	0	151	0	0	0	0	1	0	0	0	0	0	0	0	0	0	0	0	0	0	0	0	0	0	0	0	0	0	0	0	0	0	0	0	0	0	0	0	0	0	0	0	0	0	0	0	0	0	0
161	0	0	0	0	0	992	0	0	0	0	992	0	0	0	0	0.229488	0	0	0	0	0.229488	0	0	0	0	1	0	0	0	0	0	0	0	0	137	0	0	0	0	137	0	0	0	0	1	0	0	0	0	0	0	0	0	51.188	0	0	0	0	51.188	0	0	0	0	1	0	0	0	0	0	0	0	0	157	0	0	0	0	157	0	0	0	0	1	0	0	0	0	0	0	0	0	0	0	0	0	0	0	0	0	0	0	0	0	0	0	0	0	0	0	0	0	0	0	0	0	0	0	0	0	0	0	0	0	0	0
162	0	0	0	0	0	991	0	0	0	0	991	0	0	0	0	0.183063	0	0	0	0	0.183063	0	0	0	0	1	0	0	0	0	0	0	0	0	113	0	0	0	0	113	0	0	0	0	1	0	0	0	0	0	0	0	0	52.6661	0	0	0	0	52.6661	0	0	0	0	1	0	0	0	0	0	0	0	0	157	0	0	0	0	157	0	0	0	0	1	0	0	0	0	0	0	0	0	0	0	0	0	0	0	0	0	0	0	0	0	0	0	0	0	0	0	0	0	0	0	0	0	0	0	0	0	0	0	0	0	0	0
163	0	0	0	0	0	1014	0	0	0	0	1014	0	0	0	0	0.147296	0	0	0	0	0.147296	0	0	0	0	1	0	0	0	0	0	0	0	0	100	0	0	0	0	100	0	0	0	0	1	0	0	0	0	0	0	0	0	53.2201	0	0	0	0	53.2201	0	0	0	0	1	0	0	0	0	0	0	0	0	153	0	0	0	0	153	0	0	0	0	1	0	0	0	0	0	0	0	0	0	0	0	0	0	0	0	0	0	0	0	0	0	0	0	0	0	0	0	0	0	0	0	0	0	0	0	0	0	0	0	0	0	0
164	0	0	0	0	0	995	0	0	0	0	995	0	0	0	0	0.13433	0	0	0	0	0.13433	0	0	0	0	1	0	0	0	0	0	0	0	0	92	0	0	0	0	92	0	0	0	0	1	0	0	0	0	0	0	0	0	52.966	0	0	0	0	52.966	0	0	0	0	1	0	0	0	0	0	0	0	0	147	0	0	0	0	147	0	0	0	0	1	0	0	0	0	0	0	0	0	0	0	0	0	0	0	0	0	0	0	0	0	0	0	0	0	0	0	0	0	0	0	0	0	0	0	0	0	0	0	0	0	0	0
165	0	0	0	0	0	973	0	0	0	0	973	0	0	0	0	0.122019	0	0	0	0	0.122019	0	0	0	0	1	0	0	0	0	0	0	0	0	84	0	0	0	0	84	0	0	0	0	1	0	0	0	0	0	0	0	0	51.3384	0	0	0	0	51.3384	0	0	0	0	1	0	0	0	0	0	0	0	0	142	0	0	0	0	142	0	0	0	0	1	0	0	0	0	0	0	0	0	0	0	0	0	0	0	0	0	0	0	0	0	0	0	0	0	0	0	0	0	0	0	0	0	0	0	0	0	0	0	0	0	0	0
166	0	0	0	0	0	966	0	0	0	0	966	0	0	0	0	0.104536	0	0	0	0	0.104536	0	0	0	0	1	0	0	0	0	0	0	0	0	75	0	0	0	0	75	0	0	0	0	1	0	0	0	0	0	0	0	0	52.4378	0	0	0	0	52.4378	0	0	0	0	1	0	0	0	0	0	0	0	0	139	0	0	0	0	139	0	0	0	0	1	0	0	0	0	0	0	0	0	0	0	0	0	0	0	0	0	0	0	0	0	0	0	0	0	0	0	0	0	0	0	0	0	0	0	0	0	0	0	0	0	0	0
167	0	0	0	0	0	969	0	0	0	0	969	0	0	0	0	0.113117	0	0	0	0	0.113117	0	0	0	0	1	0	0	0	0	0	0	0	0	77	0	0	0	0	77	0	0	0	0	1	0	0	0	0	0	0	0	0	53.1338	0	0	0	0	53.1338	0	0	0	0	1	0	0	0	0	0	0	0	0	133	0	0	0	0	133	0	0	0	0	1	0	0	0	0	0	0	0	0	0	0	0	0	0	0	0	0	0	0	0	0	0	0	0	0	0	0	0	0	0	0	0	0	0	0	0	0	0	0	0	0	0	0
168	0	0	0	0	0	931	0	0	0	0	931	0	0	0	0	0.12226	0	0	0	0	0.12226	0	0	0	0	1	0	0	0	0	0	0	0	0	77	0	0	0	0	77	0	0	0	0	1	0	0	0	0	0	0	0	0	50.1726	0	0	0	0	50.1726	0	0	0	0	1	0	0	0	0	0	0	0	0	123	0	0	0	0	123	0	0	0	0	1	0	0	0	0	0	0	0	0	0	0	0	0	0	0	0	0	0	0	0	0	0	0	0	0	0	0	0	0	0	0	0	0	0	0	0	0	0	0	0	0	0	0
169	0	0	0	0	0	977	0	0	0	0	977	0	0	0	0	0.0980313	0	0	0	0	0.0980313	0	0	0	0	1	0	0	0	0	0	0	0	0	74	0	0	0	0	74	0	0	0	0	1	0	0	0	0	0	0	0	0	50.6585	0	0	0	0	50.6585	0	0	0	0	1	0	0	0	0	0	0	0	0	128	0	0	0	0	128	0	0	0	0	1	0	0	0	0	0	0	0	0	0	0	0	0	0	0	0	0	0	0	0	0	0	0	0	0	0	0	0	0	0	0	0	0	0	0	0	0	0	0	0	0	0	0
170	0	0	0	0	0	942	0	0	0	0	942	0	0	0	0	0.0708422	0	0	0	0	0.0708422	0	0	0	0	1	0	0	0	0	0	0	0	0	75	0	0	0	0	75	0	0	0	0	1	0	0	0	0	0	0	0	0	48.8736	0	0	0	0	48.8736	0	0	0	0	1	0	0	0	0	0	0	0	0	120	0	0	0	0	120	0	0	0	0	1	0	0	0	0	0	0	0	0	0	0	0	0	0	0	0	0	0	0	0	0	0	0	0	0	0	0	0	0	0	0	0	0	0	0	0	0	0	0	0	0	0	0
171	0	0	0	0	0	939	0	0	0	0	939	0	0	0	0	0.107039	0	0	0	0	0.107039	0	0	0	0	1	0	0	0	0	0	0	0	0	99	0	0	0	0	99	0	0	0	0	1	0	0	0	0	0	0	0	0	49.205	0	0	0	0	49.205	0	0	0	0	1	0	0	0	0	0	0	0	0	117	0	0	0	0	117	0	0	0	0	1	0	0	0	0	0	0	0	0	0	0	0	0	0	0	0	0	0	0	0	0	0	0	0	0	0	0	0	0	0	0	0	0	0	0	0	0	0	0	0	0	0	0
172	0	0	0	0	0	919	0	0	0	0	919	0	0	0	0	0.126349	0	0	0	0	0.126349	0	0	0	0	1	0	0	0	0	0	0	0	0	110	0	0	0	0	110	0	0	0	0	1	0	0	0	0	0	0	0	0	46.8554	0	0	0	0	46.8554	0	0	0	0	1	0	0	0	0	0	0	0	0	118	0	0	0	0	118	0	0	0	0	1	0	0	0	0	0	0	0	0	0	0	0	0	0	0	0	0	0	0	0	0	0	0	0	0	0	0	0	0	0	0	0	0	0	0	0	0	0	0	0	0	0	0
173	0	0	0	0	0	943	0	0	0	0	943	0	0	0	0	0.148505	0	0	0	0	0.148505	0	0	0	0	1	0	0	0	0	0	0	0	0	100	0	0	0	0	100	0	0	0	0	1	0	0	0	0	0	0	0	0	48.2908	0	0	0	0	48.2908	0	0	0	0	1	0	0	0	0	0	0	0	0	128	0	0	0	0	128	0	0	0	0	1	0	0	0	0	0	0	0	0	0	0	0	0	0	0	0	0	0	0	0	0	0	0	0	0	0	0	0	0	0	0	0	0	0	0	0	0	0	0	0	0	0	0
174	0	0	0	0	0	939	0	0	0	0	939	0	0	0	0	0.137035	0	0	0	0	0.137035	0	0	0	0	1	0	0	0	0	0	0	0	0	109	0	0	0	0	109	0	0	0	0	1	0	0	0	0	0	0	0	0	48.1137	0	0	0	0	48.1137	0	0	0	0	1	0	0	0	0	0	0	0	0	130	0	0	0	0	130	0	0	0	0	1	0	0	0	0	0	0	0	0	0	0	0	0	0	0	0	0	0	0	0	0	0	0	0	0	0	0	0	0	0	0	0	0	0	0	0	0	0	0	0	0	0	0
175	0	0	0	0	0	954	0	0	0	0	954	0	0	0	0	0.142123	0	0	0	0	0.142123	0	0	0	0	1	0	0	0	0	0	0	0	0	108	0	0	0	0	108	0	0	0	0	1	0	0	0	0	0	0	0	0	45.4143	0	0	0	0	45.4143	0	0	0	0	1	0	0	0	0	0	0	0	0	126	0	0	0	0	126	0	0	0	0	1	0	0	0	0	0	0	0	0	0	0	0	0	0	0	0	0	0	0	0	0	0	0	0	0	0	0	0	0	0	0	0	0	0	0	0	0	0	0	0	0	0	0
176	0	0	0	0	0	998	0	0	0	0	998	0	0	0	0	0.13545	0	0	0	0	0.13545	0	0	0	0	1	0	0	0	0	0	0	0	0	112	0	0	0	0	112	0	0	0	0	1	0	0	0	0	0	0	0	0	46.0202	0	0	0	0	46.0202	0	0	0	0	1	0	0	0	0	0	0	0	0	126	0	0	0	0	126	0	0	0	0	1	0	0	0	0	0	0	0	0	0	0	0	0	0	0	0	0	0	0	0	0	0	0	0	0	0	0	0	0	0	0	0	0	0	0	0	0	0	0	0	0	0	0
177	0	0	0	0	0	970	0	0	0	0	970	0	0	0	0	0.122378	0	0	0	0	0.122378	0	0	0	0	1	0	0	0	0	0	0	0	0	111	0	0	0	0	111	0	0	0	0	1	0	0	0	0	0	0	0	0	44.4732	0	0	0	0	44.4732	0	0	0	0	1	0	0	0	0	0	0	0	0	117	0	0	0	0	117	0	0	0	0	1	0	0	0	0	0	0	0	0	0	0	0	0	0	0	0	0	0	0	0	0	0	0	0	0	0	0	0	0	0	0	0	0	0	0	0	0	0	0	0	0	0	0
178	0	0	0	0	0	992	0	0	0	0	992	0	0	0	0	0.134083	0	0	0	0	0.134083	0	0	0	0	1	0	0	0	0	0	0	0	0	119	0	0	0	0	119	0	0	0	0	1	0	0	0	0	0	0	0	0	44.1056	0	0	0	0	44.1056	0	0	0	0	1	0	0	0	0	0	0	0	0	115	0	0	0	0	115	0	0	0	0	1	0	0	0	0	0	0	0	0	0	0	0	0	0	0	0	0	0	0	0	0	0	0	0	0	0	0	0	0	0	0	0	0	0	0	0	0	0	0	0	0	0	0
179	0	0	0	0	0	1014	0	0	0	0	1014	0	0	0	0	0.166149	0	0	0	0	0.166149	0	0	0	0	1	0	0	0	0	0	0	0	0	147	0	0	0	0	147	0	0	0	0	1	0	0	0	0	0	0	0	0	42.7203	0	0	0	0	42.7203	0	0	0	0	1	0	0	0	0	0	0	0	0	117	0	0	0	0	117	0	0	0	0	1	0	0	0	0	0	0	0	0	0	0	0	0	0	0	0	0	0	0	0	0	0	0	0	0	0	0	0	0	0	0	0	0	0	0	0	0	0	0	0	0	0	0
180	0	0	0	0	0	1027	0	0	0	0	1027	0	0	0	0	0.225378	0	0	0	0	0.225378	0	0	0	0	1	0	0	0	0	0	0	0	0	161	0	0	0	0	161	0	0	0	0	1	0	0	0	0	0	0	0	0	43.2963	0	0	0	0	43.2963	0	0	0	0	1	0	0	0	0	0	0	0	0	121	0	0	0	0	121	0	0	0	0	1	0	0	0	0	0	0	0	0	0	0	0	0	0	0	0	0	0	0	0	0	0	0	0	0	0	0	0	0	0	0	0	0	0	0	0	0	0	0	0	0	0	0
181	0	0	0	0	0	1058	0	0	0	0	1058	0	0	0	0	0.279321	0	0	0	0	0.279321	0	0	0	0	1	0	0	0	0	0	0	0	0	150	0	0	0	0	150	0	0	0	0	1	0	0	0	0	0	0	0	0	43.5635	0	0	0	0	43.5635	0	0	0	0	1	0	0	0	0	0	0	0	0	126	0	0	0	0	126	0	0	0	0	1	0	0	0	0	0	0	0	0	0	0	0	0	0	0	0	0	0	0	0	0	0	0	0	0	0	0	0	0	0	0	0	0	0	0	0	0	0	0	0	0	0	0
182	0	0	0	0	0	1046	0	0	0	0	1046	0	0	0	0	0.282711	0	0	0	0	0.282711	0	0	0	0	1	0	0	0	0	0	0	0	0	146	0	0	0	0	146	0	0	0	0	1	0	0	0	0	0	0	0	0	42.9769	0	0	0	0	42.9769	0	0	0	0	1	0	0	0	0	0	0	0	0	137	0	0	0	0	137	0	0	0	0	1	0	0	0	0	0	0	0	0	0	0	0	0	0	0	0	0	0	0	0	0	0	0	0	0	0	0	0	0	0	0	0	0	0	0	0	0	0	0	0	0	0	0
183	0	0	0	0	0	1037	0	0	0	0	1037	0	0	0	0	0.207698	0	0	0	0	0.207698	0	0	0	0	1	0	0	0	0	0	0	0	0	135	0	0	0	0	135	0	0	0	0	1	0	0	0	0	0	0	0	0	43.0364	0	0	0	0	43.0364	0	0	0	0	1	0	0	0	0	0	0	0	0	142	0	0	0	0	142	0	0	0	0	1	0	0	0	0	0	0	0	0	0	0	0	0	0	0	0	0	0	0	0	0	0	0	0	0	0	0	0	0	0	0	0	0	0	0	0	0	0	0	0	0	0	0
184	0	0	0	0	0	1038	0	0	0	0	1038	0	0	0	0	0.193045	0	0	0	0	0.193045	0	0	0	0	1	0	0	0	0	0	0	0	0	133	0	0	0	0	133	0	0	0	0	1	0	0	0	0	0	0	0	0	40.1073	0	0	0	0	40.1073	0	0	0	0	1	0	0	0	0	0	0	0	0	142	0	0	0	0	142	0	0	0	0	1	0	0	0	0	0	0	0	0	0	0	0	0	0	0	0	0	0	0	0	0	0	0	0	0	0	0	0	0	0	0	0	0	0	0	0	0	0	0	0	0	0	0
185	0	0	0	0	0	994	0	0	0	0	994	0	0	0	0	0.235149	0	0	0	0	0.235149	0	0	0	0	1	0	0	0	0	0	0	0	0	200	0	0	0	0	200	0	0	0	0	1	0	0	0	0	0	0	0	0	40.3964	0	0	0	0	40.3964	0	0	0	0	1	0	0	0	0	0	0	0	0	145	0	0	0	0	145	0	0	0	0	1	0	0	0	0	0	0	0	0	0	0	0	0	0	0	0	0	0	0	0	0	0	0	0	0	0	0	0	0	0	0	0	0	0	0	0	0	0	0	0	0	0	0
186	0	0	0	0	0	994	0	0	0	0	994	0	0	0	0	0.296597	0	0	0	0	0.296597	0	0	0	0	1	0	0	0	0	0	0	0	0	227	0	0	0	0	227	0	0	0	0	1	0	0	0	0	0	0	0	0	39.8799	0	0	0	0	39.8799	0	0	0	0	1	0	0	0	0	0	0	0	0	142	0	0	0	0	142	0	0	0	0	1	0	0	0	0	0	0	0	0	0	0	0	0	0	0	0	0	0	0	0	0	0	0	0	0	0	0	0	0	0	0	0	0	0	0	0	0	0	0	0	0	0	0
187	0	0	0	0	0	989	0	0	0	0	989	0	0	0	0	0.338703	0	0	0	0	0.338703	0	0	0	0	1	0	0	0	0	0	0	0	0	227	0	0	0	0	227	0	0	0	0	1	0	0	0	0	0	0	0	0	39.2153	0	0	0	0	39.2153	0	0	0	0	1	0	0	0	0	0	0	0	0	144	0	0	0	0	144	0	0	0	0	1	0	0	0	0	0	0	0	0	0	0	0	0	0	0	0	0	0	0	0	0	0	0	0	0	0	0	0	0	0	0	0	0	0	0	0	0	0	0	0	0	0	0
188	0	0	0	0	0	985	0	0	0	0	985	0	0	0	0	0.323228	0	0	0	0	0.323228	0	0	0	0	1	0	0	0	0	0	0	0	0	238	0	0	0	0	238	0	0	0	0	1	0	0	0	0	0	0	0	0	40.5331	0	0	0	0	40.5331	0	0	0	0	1	0	0	0	0	0	0	0	0	167	0	0	0	0	167	0	0	0	0	1	0	0	0	0	0	0	0	0	0	0	0	0	0	0	0	0	0	0	0	0	0	0	0	0	0	0	0	0	0	0	0	0	0	0	0	0	0	0	0	0	0	0
189	0	0	0	0	0	1019	0	0	0	0	1019	0	0	0	0	0.342064	0	0	0	0	0.342064	0	0	0	0	1	0	0	0	0	0	0	0	0	205	0	0	0	0	205	0	0	0	0	1	0	0	0	0	0	0	0	0	42.2958	0	0	0	0	42.2958	0	0	0	0	1	0	0	0	0	0	0	0	0	180	0	0	0	0	180	0	0	0	0	1	0	0	0	0	0	0	0	0	0	0	0	0	0	0	0	0	0	0	0	0	0	0	0	0	0	0	0	0	0	0	0	0	0	0	0	0	0	0	0	0	0	0
190	0	0	0	0	0	1008	0	0	0	0	1008	0	0	0	0	0.337829	0	0	0	0	0.337829	0	0	0	0	1	0	0	0	0	0	0	0	0	184	0	0	0	0	184	0	0	0	0	1	0	0	0	0	0	0	0	0	41.1217	0	0	0	0	41.1217	0	0	0	0	1	0	0	0	0	0	0	0	0	192	0	0	0	0	192	0	0	0	0	1	0	0	0	0	0	0	0	0	0	0	0	0	0	0	0	0	0	0	0	0	0	0	0	0	0	0	0	0	0	0	0	0	0	0	0	0	0	0	0	0	0	0
191	0	0	0	0	0	1060	0	0	0	0	1060	0	0	0	0	0.262113	0	0	0	0	0.262113	0	0	0	0	1	0	0	0	0	0	0	0	0	160	0	0	0	0	160	0	0	0	0	1	0	0	0	0	0	0	0	0	42.549	0	0	0	0	42.549	0	0	0	0	1	0	0	0	0	0	0	0	0	203	0	0	0	0	203	0	0	0	0	1	0	0	0	0	0	0	0	0	0	0	0	0	0	0	0	0	0	0	0	0	0	0	0	0	0	0	0	0	0	0	0	0	0	0	0	0	0	0	0	0	0	0
192	0	0	0	0	0	1081	0	0	0	0	1081	0	0	0	0	0.264551	0	0	0	0	0.264551	0	0	0	0	1	0	0	0	0	0	0	0	0	141	0	0	0	0	141	0	0	0	0	1	0	0	0	0	0	0	0	0	43.6326	0	0	0	0	43.6326	0	0	0	0	1	0	0	0	0	0	0	0	0	201	0	0	0	0	201	0	0	0	0	1	0	0	0	0	0	0	0	0	0	0	0	0	0	0	0	0	0	0	0	0	0	0	0	0	0	0	0	0	0	0	0	0	0	0	0	0	0	0	0	0	0	0
193	0	0	0	0	0	1080	0	0	0	0	1080	0	0	0	0	0.227707	0	0	0	0	0.227707	0	0	0	0	1	0	0	0	0	0	0	0	0	130	0	0	0	0	130	0	0	0	0	1	0	0	0	0	0	0	0	0	45.7382	0	0	0	0	45.7382	0	0	0	0	1	0	0	0	0	0	0	0	0	206	0	0	0	0	206	0	0	0	0	1	0	0	0	0	0	0	0	0	0	0	0	0	0	0	0	0	0	0	0	0	0	0	0	0	0	0	0	0	0	0	0	0	0	0	0	0	0	0	0	0	0	0
194	0	0	0	0	0	1047	0	0	0	0	1047	0	0	0	0	0.209051	0	0	0	0	0.209051	0	0	0	0	1	0	0	0	0	0	0	0	0	132	0	0	0	0	132	0	0	0	0	1	0	0	0	0	0	0	0	0	46.2199	0	0	0	0	46.2199	0	0	0	0	1	0	0	0	0	0	0	0	0	202	0	0	0	0	202	0	0	0	0	1	0	0	0	0	0	0	0	0	0	0	0	0	0	0	0	0	0	0	0	0	0	0	0	0	0	0	0	0	0	0	0	0	0	0	0	0	0	0	0	0	0	0
195	0	0	0	0	0	1033	0	0	0	0	1033	0	0	0	0	0.160325	0	0	0	0	0.160325	0	0	0	0	1	0	0	0	0	0	0	0	0	120	0	0	0	0	120	0	0	0	0	1	0	0	0	0	0	0	0	0	46.5919	0	0	0	0	46.5919	0	0	0	0	1	0	0	0	0	0	0	0	0	201	0	0	0	0	201	0	0	0	0	1	0	0	0	0	0	0	0	0	0	0	0	0	0	0	0	0	0	0	0	0	0	0	0	0	0	0	0	0	0	0	0	0	0	0	0	0	0	0	0	0	0	0
196	0	0	0	0	0	1066	0	0	0	0	1066	0	0	0	0	0.146877	0	0	0	0	0.146877	0	0	0	0	1	0	0	0	0	0	0	0	0	110	0	0	0	0	110	0	0	0	0	1	0	0	0	0	0	0	0	0	46.0636	0	0	0	0	46.0636	0	0	0	0	1	0	0	0	0	0	0	0	0	195	0	0	0	0	195	0	0	0	0	1	0	0	0	0	0	0	0	0	0	0	0	0	0	0	0	0	0	0	0	0	0	0	0	0	0	0	0	0	0	0	0	0	0	0	0	0	0	0	0	0	0	0
197	0	0	0	0	0	1065	0	0	0	0	1065	0	0	0	0	0.146143	0	0	0	0	0.146143	0	0	0	0	1	0	0	0	0	0	0	0	0	102	0	0	0	0	102	0	0	0	0	1	0	0	0	0	0	0	0	0	44.153	0	0	0	0	44.153	0	0	0	0	1	0	0	0	0	0	0	0	0	186	0	0	0	0	186	0	0	0	0	1	0	0	0	0	0	0	0	0	0	0	0	0	0	0	0	0	0	0	0	0	0	0	0	0	0	0	0	0	0	0	0	0	0	0	0	0	0	0	0	0	0	0
198	0	0	0	0	0	1076	0	0	0	0	1076	0	0	0	0	0.138891	0	0	0	0	0.138891	0	0	0	0	1	0	0	0	0	0	0	0	0	97	0	0	0	0	97	0	0	0	0	1	0	0	0	0	0	0	0	0	44.4374	0	0	0	0	44.4374	0	0	0	0	1	0	0	0	0	0	0	0	0	184	0	0	0	0	184	0	0	0	0	1	0	0	0	0	0	0	0	0	0	0	0	0	0	0	0	0	0	0	0	0	0	0	0	0	0	0	0	0	0	0	0	0	0	0	0	0	0	0	0	0	0	0
199	0	0	0	0	0	1099	0	0	0	0	1099	0	0	0	0	0.153371	0	0	0	0	0.153371	0	0	0	0	1	0	0	0	0	0	0	0	0	106	0	0	0	0	106	0	0	0	0	1	0	0	0	0	0	0	0	0	46.5071	0	0	0	0	46.5071	0	0	0	0	1	0	0	0	0	0	0	0	0	181	0	0	0	0	181	0	0	0	0	1	0	0	0	0	0	0	0	0	0	0	0	0	0	0	0	0	0	0	0	0	0	0	0	0	0	0	0	0	0	0	0	0	0	0	0	0	0	0	0	0	0	0
200	0	0	0	0	0	1134	0	0	0	0	1134	0	0	0	0	0.129499	0	0	0	0	0.129499	0	0	0	0	1	0	0	0	0	0	0	0	0	106	0	0	0	0	106	0	0	0	0	1	0	0	0	0	0	0	0	0	48.0227	0	0	0	0	48.0227	0	0	0	0	1	0	0	0	0	0	0	0	0	180	0	0	0	0	180	0	0	0	0	1	0	0	0	0	0	0	0	0	0	0	0	0	0	0	0	0	0	0	0	0	0	0	0	0	0	0	0	0	0	0	0	0	0	0	0	0	0	0	0	0	0	0
