Location: Fake forest
From parameter file: C:\Users\ben\Desktop\inputs\input_GMF_0-0-0-1-0-0-0-0-0.xml
Basal area is normalized to m^2/ha; density to #/ha.
Subplots:
0 = Whole plot
Step	Subplot	Sdl Abs Den: ACRU	Sdl Abs Den: ACSA	Sdl Abs Den: BEAL	Sdl Abs Den: FAGR	Sdl Abs Den: TSCA	Sdl Abs Den: FRAM	Sdl Abs Den: PIST	Sdl Abs Den: PRSE	Sdl Abs Den: QURU	Sdl Den Total:	Sapl Abs BA: ACRU	Sapl Abs BA: ACSA	Sapl Abs BA: BEAL	Sapl Abs BA: FAGR	Sapl Abs BA: TSCA	Sapl Abs BA: FRAM	Sapl Abs BA: PIST	Sapl Abs BA: PRSE	Sapl Abs BA: QURU	Sapl BA Total:	Sapl Rel BA: ACRU	Sapl Rel BA: ACSA	Sapl Rel BA: BEAL	Sapl Rel BA: FAGR	Sapl Rel BA: TSCA	Sapl Rel BA: FRAM	Sapl Rel BA: PIST	Sapl Rel BA: PRSE	Sapl Rel BA: QURU	Sapl Abs Den: ACRU	Sapl Abs Den: ACSA	Sapl Abs Den: BEAL	Sapl Abs Den: FAGR	Sapl Abs Den: TSCA	Sapl Abs Den: FRAM	Sapl Abs Den: PIST	Sapl Abs Den: PRSE	Sapl Abs Den: QURU	Sapl Den Total:	Sapl Rel Den: ACRU	Sapl Rel Den: ACSA	Sapl Rel Den: BEAL	Sapl Rel Den: FAGR	Sapl Rel Den: TSCA	Sapl Rel Den: FRAM	Sapl Rel Den: PIST	Sapl Rel Den: PRSE	Sapl Rel Den: QURU	Adult Abs BA: ACRU	Adult Abs BA: ACSA	Adult Abs BA: BEAL	Adult Abs BA: FAGR	Adult Abs BA: TSCA	Adult Abs BA: FRAM	Adult Abs BA: PIST	Adult Abs BA: PRSE	Adult Abs BA: QURU	Adult BA Total:	Adult Rel BA: ACRU	Adult Rel BA: ACSA	Adult Rel BA: BEAL	Adult Rel BA: FAGR	Adult Rel BA: TSCA	Adult Rel BA: FRAM	Adult Rel BA: PIST	Adult Rel BA: PRSE	Adult Rel BA: QURU	Adult Abs Den: ACRU	Adult Abs Den: ACSA	Adult Abs Den: BEAL	Adult Abs Den: FAGR	Adult Abs Den: TSCA	Adult Abs Den: FRAM	Adult Abs Den: PIST	Adult Abs Den: PRSE	Adult Abs Den: QURU	Adult Den Total:	Adult Rel Den: ACRU	Adult Rel Den: ACSA	Adult Rel Den: BEAL	Adult Rel Den: FAGR	Adult Rel Den: TSCA	Adult Rel Den: FRAM	Adult Rel Den: PIST	Adult Rel Den: PRSE	Adult Rel Den: QURU	Snag Abs BA: ACRU	Snag Abs BA: ACSA	Snag Abs BA: BEAL	Snag Abs BA: FAGR	Snag Abs BA: TSCA	Snag Abs BA: FRAM	Snag Abs BA: PIST	Snag Abs BA: PRSE	Snag Abs BA: QURU	Snag BA Total:	Snag Rel BA: ACRU	Snag Rel BA: ACSA	Snag Rel BA: BEAL	Snag Rel BA: FAGR	Snag Rel BA: TSCA	Snag Rel BA: FRAM	Snag Rel BA: PIST	Snag Rel BA: PRSE	Snag Rel BA: QURU	Snag Abs Den: ACRU	Snag Abs Den: ACSA	Snag Abs Den: BEAL	Snag Abs Den: FAGR	Snag Abs Den: TSCA	Snag Abs Den: FRAM	Snag Abs Den: PIST	Snag Abs Den: PRSE	Snag Abs Den: QURU	Snag Den Total:	Snag Rel Den: ACRU	Snag Rel Den: ACSA	Snag Rel Den: BEAL	Snag Rel Den: FAGR	Snag Rel Den: TSCA	Snag Rel Den: FRAM	Snag Rel Den: PIST	Snag Rel Den: PRSE	Snag Rel Den: QURU
0	0	0	0	0	0	0	0	0	0	0	0	0	0	0	0.000935714	0	0	0	0	0	0.000935714	0	0	0	1	0	0	0	0	0	0	0	0	25	0	0	0	0	0	25	0	0	0	1	0	0	0	0	0	0	0	0	0	0	0	0	0	0	0	0	0	0	0	0	0	0	0	0	0	0	0	0	0	0	0	0	0	0	0	0	0	0	0	0	0	0	0	0	0	0	0	0	0	0	0	0	0	0	0	0	0	0	0	0	0	0	0	0	0	0	0	0	0	0	0	0	0	0	0	0	0	0	0	0	0
1	0	0	0	0	0	0	0	0	0	0	0	0	0	0	0.00354735	0	0	0	0	0	0.00354735	0	0	0	1	0	0	0	0	0	0	0	0	24	0	0	0	0	0	24	0	0	0	1	0	0	0	0	0	0	0	0	0	0	0	0	0	0	0	0	0	0	0	0	0	0	0	0	0	0	0	0	0	0	0	0	0	0	0	0	0	0	0	0	0	0	0	0	0	0	0	0	0	0	0	0	0	0	0	0	0	0	0	0	0	0	0	0	0	0	0	0	0	0	0	0	0	0	0	0	0	0	0	0	0
2	0	0	0	0	0	0	0	0	0	0	0	0	0	0	0.0133574	0	0	0	0	0	0.0133574	0	0	0	1	0	0	0	0	0	0	0	0	22	0	0	0	0	0	22	0	0	0	1	0	0	0	0	0	0	0	0	0	0	0	0	0	0	0	0	0	0	0	0	0	0	0	0	0	0	0	0	0	0	0	0	0	0	0	0	0	0	0	0	0	0	0	0	0	0	0	0	0	0	0	0	0	0	0	0	0	0	0	0	0	0	0	0	0	0	0	0	0	0	0	0	0	0	0	0	0	0	0	0	0
3	0	0	0	0	0	0	0	0	0	0	0	0	0	0	0.0500076	0	0	0	0	0	0.0500076	0	0	0	1	0	0	0	0	0	0	0	0	21	0	0	0	0	0	21	0	0	0	1	0	0	0	0	0	0	0	0	0	0	0	0	0	0	0	0	0	0	0	0	0	0	0	0	0	0	0	0	0	0	0	0	0	0	0	0	0	0	0	0	0	0	0	0	0	0	0	0	0	0	0	0	0	0	0	0	0	0	0	0	0	0	0	0	0	0	0	0	0	0	0	0	0	0	0	0	0	0	0	0	0
4	0	0	0	0	0	0	0	0	0	0	0	0	0	0	0.0376202	0	0	0	0	0	0.0376202	0	0	0	1	0	0	0	0	0	0	0	0	10	0	0	0	0	0	10	0	0	0	1	0	0	0	0	0	0	0	0	0.162812	0	0	0	0	0	0.162812	0	0	0	1	0	0	0	0	0	0	0	0	11	0	0	0	0	0	11	0	0	0	1	0	0	0	0	0	0	0	0	0	0	0	0	0	0	0	0	0	0	0	0	0	0	0	0	0	0	0	0	0	0	0	0	0	0	0	0	0	0	0	0	0	0	0
5	0	0	0	0	4	0	0	0	0	0	4	0	0	0	0.00886605	0	0	0	0	0	0.00886605	0	0	0	1	0	0	0	0	0	0	0	0	2	0	0	0	0	0	2	0	0	0	1	0	0	0	0	0	0	0	0	0.628305	0	0	0	0	0	0.628305	0	0	0	1	0	0	0	0	0	0	0	0	19	0	0	0	0	0	19	0	0	0	1	0	0	0	0	0	0	0	0	0	0	0	0	0	0	0	0	0	0	0	0	0	0	0	0	0	0	0	0	0	0	0	0	0	0	0	0	0	0	0	0	0	0	0
6	0	0	0	0	7	0	0	0	0	0	7	0	0	0	0	0	0	0	0	0	0	0	0	0	0	0	0	0	0	0	0	0	0	0	0	0	0	0	0	0	0	0	0	0	0	0	0	0	0	0	0	0	1.16683	0	0	0	0	0	1.16683	0	0	0	1	0	0	0	0	0	0	0	0	20	0	0	0	0	0	20	0	0	0	1	0	0	0	0	0	0	0	0	0	0	0	0	0	0	0	0	0	0	0	0	0	0	0	0	0	0	0	0	0	0	0	0	0	0	0	0	0	0	0	0	0	0	0
7	0	0	0	0	12	0	0	0	0	0	12	0	0	0	0	0	0	0	0	0	0	0	0	0	0	0	0	0	0	0	0	0	0	0	0	0	0	0	0	0	0	0	0	0	0	0	0	0	0	0	0	0	1.51976	0	0	0	0	0	1.51976	0	0	0	1	0	0	0	0	0	0	0	0	18	0	0	0	0	0	18	0	0	0	1	0	0	0	0	0	0	0	0	0	0	0	0	0	0	0	0	0	0	0	0	0	0	0	0	0	0	0	0	0	0	0	0	0	0	0	0	0	0	0	0	0	0	0
8	0	0	0	0	12	0	0	0	0	0	12	0	0	0	0.000315772	0	0	0	0	0	0.000315772	0	0	0	1	0	0	0	0	0	0	0	0	3	0	0	0	0	0	3	0	0	0	1	0	0	0	0	0	0	0	0	1.9749	0	0	0	0	0	1.9749	0	0	0	1	0	0	0	0	0	0	0	0	18	0	0	0	0	0	18	0	0	0	1	0	0	0	0	0	0	0	0	0	0	0	0	0	0	0	0	0	0	0	0	0	0	0	0	0	0	0	0	0	0	0	0	0	0	0	0	0	0	0	0	0	0	0
9	0	0	0	0	15	0	0	0	0	0	15	0	0	0	0.00159437	0	0	0	0	0	0.00159437	0	0	0	1	0	0	0	0	0	0	0	0	6	0	0	0	0	0	6	0	0	0	1	0	0	0	0	0	0	0	0	2.42234	0	0	0	0	0	2.42234	0	0	0	1	0	0	0	0	0	0	0	0	18	0	0	0	0	0	18	0	0	0	1	0	0	0	0	0	0	0	0	0	0	0	0	0	0	0	0	0	0	0	0	0	0	0	0	0	0	0	0	0	0	0	0	0	0	0	0	0	0	0	0	0	0	0
10	0	0	0	0	17	0	0	0	0	0	17	0	0	0	0.00572888	0	0	0	0	0	0.00572888	0	0	0	1	0	0	0	0	0	0	0	0	9	0	0	0	0	0	9	0	0	0	1	0	0	0	0	0	0	0	0	2.71564	0	0	0	0	0	2.71564	0	0	0	1	0	0	0	0	0	0	0	0	17	0	0	0	0	0	17	0	0	0	1	0	0	0	0	0	0	0	0	0	0	0	0	0	0	0	0	0	0	0	0	0	0	0	0	0	0	0	0	0	0	0	0	0	0	0	0	0	0	0	0	0	0	0
11	0	0	0	0	20	0	0	0	0	0	20	0	0	0	0.0219206	0	0	0	0	0	0.0219206	0	0	0	1	0	0	0	0	0	0	0	0	11	0	0	0	0	0	11	0	0	0	1	0	0	0	0	0	0	0	0	2.75073	0	0	0	0	0	2.75073	0	0	0	1	0	0	0	0	0	0	0	0	15	0	0	0	0	0	15	0	0	0	1	0	0	0	0	0	0	0	0	0	0	0	0	0	0	0	0	0	0	0	0	0	0	0	0	0	0	0	0	0	0	0	0	0	0	0	0	0	0	0	0	0	0	0
12	0	0	0	0	23	0	0	0	0	0	23	0	0	0	0.0149817	0	0	0	0	0	0.0149817	0	0	0	1	0	0	0	0	0	0	0	0	8	0	0	0	0	0	8	0	0	0	1	0	0	0	0	0	0	0	0	3.17792	0	0	0	0	0	3.17792	0	0	0	1	0	0	0	0	0	0	0	0	18	0	0	0	0	0	18	0	0	0	1	0	0	0	0	0	0	0	0	0	0	0	0	0	0	0	0	0	0	0	0	0	0	0	0	0	0	0	0	0	0	0	0	0	0	0	0	0	0	0	0	0	0	0
13	0	0	0	0	21	0	0	0	0	0	21	0	0	0	0.0219978	0	0	0	0	0	0.0219978	0	0	0	1	0	0	0	0	0	0	0	0	13	0	0	0	0	0	13	0	0	0	1	0	0	0	0	0	0	0	0	3.39823	0	0	0	0	0	3.39823	0	0	0	1	0	0	0	0	0	0	0	0	18	0	0	0	0	0	18	0	0	0	1	0	0	0	0	0	0	0	0	0	0	0	0	0	0	0	0	0	0	0	0	0	0	0	0	0	0	0	0	0	0	0	0	0	0	0	0	0	0	0	0	0	0	0
14	0	0	0	0	20	0	0	0	0	0	20	0	0	0	0.0134675	0	0	0	0	0	0.0134675	0	0	0	1	0	0	0	0	0	0	0	0	17	0	0	0	0	0	17	0	0	0	1	0	0	0	0	0	0	0	0	3.87756	0	0	0	0	0	3.87756	0	0	0	1	0	0	0	0	0	0	0	0	21	0	0	0	0	0	21	0	0	0	1	0	0	0	0	0	0	0	0	0	0	0	0	0	0	0	0	0	0	0	0	0	0	0	0	0	0	0	0	0	0	0	0	0	0	0	0	0	0	0	0	0	0	0
15	0	0	0	0	24	0	0	0	0	0	24	0	0	0	0.0218066	0	0	0	0	0	0.0218066	0	0	0	1	0	0	0	0	0	0	0	0	17	0	0	0	0	0	17	0	0	0	1	0	0	0	0	0	0	0	0	4.26099	0	0	0	0	0	4.26099	0	0	0	1	0	0	0	0	0	0	0	0	19	0	0	0	0	0	19	0	0	0	1	0	0	0	0	0	0	0	0	0	0	0	0	0	0	0	0	0	0	0	0	0	0	0	0	0	0	0	0	0	0	0	0	0	0	0	0	0	0	0	0	0	0	0
16	0	0	0	0	29	0	0	0	0	0	29	0	0	0	0.0533391	0	0	0	0	0	0.0533391	0	0	0	1	0	0	0	0	0	0	0	0	20	0	0	0	0	0	20	0	0	0	1	0	0	0	0	0	0	0	0	4.71661	0	0	0	0	0	4.71661	0	0	0	1	0	0	0	0	0	0	0	0	20	0	0	0	0	0	20	0	0	0	1	0	0	0	0	0	0	0	0	0	0	0	0	0	0	0	0	0	0	0	0	0	0	0	0	0	0	0	0	0	0	0	0	0	0	0	0	0	0	0	0	0	0	0
17	0	0	0	0	34	0	0	0	0	0	34	0	0	0	0.0367598	0	0	0	0	0	0.0367598	0	0	0	1	0	0	0	0	0	0	0	0	17	0	0	0	0	0	17	0	0	0	1	0	0	0	0	0	0	0	0	5.32397	0	0	0	0	0	5.32397	0	0	0	1	0	0	0	0	0	0	0	0	26	0	0	0	0	0	26	0	0	0	1	0	0	0	0	0	0	0	0	0	0	0	0	0	0	0	0	0	0	0	0	0	0	0	0	0	0	0	0	0	0	0	0	0	0	0	0	0	0	0	0	0	0	0
18	0	0	0	0	47	0	0	0	0	0	47	0	0	0	0.028682	0	0	0	0	0	0.028682	0	0	0	1	0	0	0	0	0	0	0	0	13	0	0	0	0	0	13	0	0	0	1	0	0	0	0	0	0	0	0	6.02559	0	0	0	0	0	6.02559	0	0	0	1	0	0	0	0	0	0	0	0	30	0	0	0	0	0	30	0	0	0	1	0	0	0	0	0	0	0	0	0	0	0	0	0	0	0	0	0	0	0	0	0	0	0	0	0	0	0	0	0	0	0	0	0	0	0	0	0	0	0	0	0	0	0
19	0	0	0	0	57	0	0	0	0	0	57	0	0	0	0.0241515	0	0	0	0	0	0.0241515	0	0	0	1	0	0	0	0	0	0	0	0	12	0	0	0	0	0	12	0	0	0	1	0	0	0	0	0	0	0	0	6.13566	0	0	0	0	0	6.13566	0	0	0	1	0	0	0	0	0	0	0	0	29	0	0	0	0	0	29	0	0	0	1	0	0	0	0	0	0	0	0	0	0	0	0	0	0	0	0	0	0	0	0	0	0	0	0	0	0	0	0	0	0	0	0	0	0	0	0	0	0	0	0	0	0	0
20	0	0	0	0	61	0	0	0	0	0	61	0	0	0	0.0216213	0	0	0	0	0	0.0216213	0	0	0	1	0	0	0	0	0	0	0	0	18	0	0	0	0	0	18	0	0	0	1	0	0	0	0	0	0	0	0	6.41866	0	0	0	0	0	6.41866	0	0	0	1	0	0	0	0	0	0	0	0	30	0	0	0	0	0	30	0	0	0	1	0	0	0	0	0	0	0	0	0	0	0	0	0	0	0	0	0	0	0	0	0	0	0	0	0	0	0	0	0	0	0	0	0	0	0	0	0	0	0	0	0	0	0
21	0	0	0	0	63	0	0	0	0	0	63	0	0	0	0.0190832	0	0	0	0	0	0.0190832	0	0	0	1	0	0	0	0	0	0	0	0	24	0	0	0	0	0	24	0	0	0	1	0	0	0	0	0	0	0	0	6.54881	0	0	0	0	0	6.54881	0	0	0	1	0	0	0	0	0	0	0	0	30	0	0	0	0	0	30	0	0	0	1	0	0	0	0	0	0	0	0	0	0	0	0	0	0	0	0	0	0	0	0	0	0	0	0	0	0	0	0	0	0	0	0	0	0	0	0	0	0	0	0	0	0	0
22	0	0	0	0	65	0	0	0	0	0	65	0	0	0	0.0326828	0	0	0	0	0	0.0326828	0	0	0	1	0	0	0	0	0	0	0	0	30	0	0	0	0	0	30	0	0	0	1	0	0	0	0	0	0	0	0	6.64538	0	0	0	0	0	6.64538	0	0	0	1	0	0	0	0	0	0	0	0	29	0	0	0	0	0	29	0	0	0	1	0	0	0	0	0	0	0	0	0	0	0	0	0	0	0	0	0	0	0	0	0	0	0	0	0	0	0	0	0	0	0	0	0	0	0	0	0	0	0	0	0	0	0
23	0	0	0	0	61	0	0	0	0	0	61	0	0	0	0.0433698	0	0	0	0	0	0.0433698	0	0	0	1	0	0	0	0	0	0	0	0	37	0	0	0	0	0	37	0	0	0	1	0	0	0	0	0	0	0	0	6.72698	0	0	0	0	0	6.72698	0	0	0	1	0	0	0	0	0	0	0	0	30	0	0	0	0	0	30	0	0	0	1	0	0	0	0	0	0	0	0	0	0	0	0	0	0	0	0	0	0	0	0	0	0	0	0	0	0	0	0	0	0	0	0	0	0	0	0	0	0	0	0	0	0	0
24	0	0	0	0	60	0	0	0	0	0	60	0	0	0	0.055218	0	0	0	0	0	0.055218	0	0	0	1	0	0	0	0	0	0	0	0	42	0	0	0	0	0	42	0	0	0	1	0	0	0	0	0	0	0	0	6.33599	0	0	0	0	0	6.33599	0	0	0	1	0	0	0	0	0	0	0	0	32	0	0	0	0	0	32	0	0	0	1	0	0	0	0	0	0	0	0	0	0	0	0	0	0	0	0	0	0	0	0	0	0	0	0	0	0	0	0	0	0	0	0	0	0	0	0	0	0	0	0	0	0	0
25	0	0	0	0	68	0	0	0	0	0	68	0	0	0	0.0694442	0	0	0	0	0	0.0694442	0	0	0	1	0	0	0	0	0	0	0	0	45	0	0	0	0	0	45	0	0	0	1	0	0	0	0	0	0	0	0	6.80722	0	0	0	0	0	6.80722	0	0	0	1	0	0	0	0	0	0	0	0	37	0	0	0	0	0	37	0	0	0	1	0	0	0	0	0	0	0	0	0	0	0	0	0	0	0	0	0	0	0	0	0	0	0	0	0	0	0	0	0	0	0	0	0	0	0	0	0	0	0	0	0	0	0
26	0	0	0	0	72	0	0	0	0	0	72	0	0	0	0.0789932	0	0	0	0	0	0.0789932	0	0	0	1	0	0	0	0	0	0	0	0	46	0	0	0	0	0	46	0	0	0	1	0	0	0	0	0	0	0	0	7.64495	0	0	0	0	0	7.64495	0	0	0	1	0	0	0	0	0	0	0	0	43	0	0	0	0	0	43	0	0	0	1	0	0	0	0	0	0	0	0	0	0	0	0	0	0	0	0	0	0	0	0	0	0	0	0	0	0	0	0	0	0	0	0	0	0	0	0	0	0	0	0	0	0	0
27	0	0	0	0	76	0	0	0	0	0	76	0	0	0	0.0841911	0	0	0	0	0	0.0841911	0	0	0	1	0	0	0	0	0	0	0	0	49	0	0	0	0	0	49	0	0	0	1	0	0	0	0	0	0	0	0	7.44119	0	0	0	0	0	7.44119	0	0	0	1	0	0	0	0	0	0	0	0	44	0	0	0	0	0	44	0	0	0	1	0	0	0	0	0	0	0	0	0	0	0	0	0	0	0	0	0	0	0	0	0	0	0	0	0	0	0	0	0	0	0	0	0	0	0	0	0	0	0	0	0	0	0
28	0	0	0	0	79	0	0	0	0	0	79	0	0	0	0.0672155	0	0	0	0	0	0.0672155	0	0	0	1	0	0	0	0	0	0	0	0	48	0	0	0	0	0	48	0	0	0	1	0	0	0	0	0	0	0	0	8.05425	0	0	0	0	0	8.05425	0	0	0	1	0	0	0	0	0	0	0	0	49	0	0	0	0	0	49	0	0	0	1	0	0	0	0	0	0	0	0	0	0	0	0	0	0	0	0	0	0	0	0	0	0	0	0	0	0	0	0	0	0	0	0	0	0	0	0	0	0	0	0	0	0	0
29	0	0	0	0	84	0	0	0	0	0	84	0	0	0	0.0741853	0	0	0	0	0	0.0741853	0	0	0	1	0	0	0	0	0	0	0	0	55	0	0	0	0	0	55	0	0	0	1	0	0	0	0	0	0	0	0	7.57074	0	0	0	0	0	7.57074	0	0	0	1	0	0	0	0	0	0	0	0	50	0	0	0	0	0	50	0	0	0	1	0	0	0	0	0	0	0	0	0	0	0	0	0	0	0	0	0	0	0	0	0	0	0	0	0	0	0	0	0	0	0	0	0	0	0	0	0	0	0	0	0	0	0
30	0	0	0	0	89	0	0	0	0	0	89	0	0	0	0.0944903	0	0	0	0	0	0.0944903	0	0	0	1	0	0	0	0	0	0	0	0	57	0	0	0	0	0	57	0	0	0	1	0	0	0	0	0	0	0	0	8.19769	0	0	0	0	0	8.19769	0	0	0	1	0	0	0	0	0	0	0	0	52	0	0	0	0	0	52	0	0	0	1	0	0	0	0	0	0	0	0	0	0	0	0	0	0	0	0	0	0	0	0	0	0	0	0	0	0	0	0	0	0	0	0	0	0	0	0	0	0	0	0	0	0	0
31	0	0	0	0	94	0	0	0	0	0	94	0	0	0	0.100288	0	0	0	0	0	0.100288	0	0	0	1	0	0	0	0	0	0	0	0	62	0	0	0	0	0	62	0	0	0	1	0	0	0	0	0	0	0	0	9.26776	0	0	0	0	0	9.26776	0	0	0	1	0	0	0	0	0	0	0	0	58	0	0	0	0	0	58	0	0	0	1	0	0	0	0	0	0	0	0	0	0	0	0	0	0	0	0	0	0	0	0	0	0	0	0	0	0	0	0	0	0	0	0	0	0	0	0	0	0	0	0	0	0	0
32	0	0	0	0	99	0	0	0	0	0	99	0	0	0	0.11054	0	0	0	0	0	0.11054	0	0	0	1	0	0	0	0	0	0	0	0	69	0	0	0	0	0	69	0	0	0	1	0	0	0	0	0	0	0	0	10.2143	0	0	0	0	0	10.2143	0	0	0	1	0	0	0	0	0	0	0	0	62	0	0	0	0	0	62	0	0	0	1	0	0	0	0	0	0	0	0	0	0	0	0	0	0	0	0	0	0	0	0	0	0	0	0	0	0	0	0	0	0	0	0	0	0	0	0	0	0	0	0	0	0	0
33	0	0	0	0	109	0	0	0	0	0	109	0	0	0	0.0791284	0	0	0	0	0	0.0791284	0	0	0	1	0	0	0	0	0	0	0	0	63	0	0	0	0	0	63	0	0	0	1	0	0	0	0	0	0	0	0	11.0068	0	0	0	0	0	11.0068	0	0	0	1	0	0	0	0	0	0	0	0	71	0	0	0	0	0	71	0	0	0	1	0	0	0	0	0	0	0	0	0	0	0	0	0	0	0	0	0	0	0	0	0	0	0	0	0	0	0	0	0	0	0	0	0	0	0	0	0	0	0	0	0	0	0
34	0	0	0	0	124	0	0	0	0	0	124	0	0	0	0.0932156	0	0	0	0	0	0.0932156	0	0	0	1	0	0	0	0	0	0	0	0	61	0	0	0	0	0	61	0	0	0	1	0	0	0	0	0	0	0	0	11.6241	0	0	0	0	0	11.6241	0	0	0	1	0	0	0	0	0	0	0	0	68	0	0	0	0	0	68	0	0	0	1	0	0	0	0	0	0	0	0	0	0	0	0	0	0	0	0	0	0	0	0	0	0	0	0	0	0	0	0	0	0	0	0	0	0	0	0	0	0	0	0	0	0	0
35	0	0	0	0	136	0	0	0	0	0	136	0	0	0	0.110411	0	0	0	0	0	0.110411	0	0	0	1	0	0	0	0	0	0	0	0	70	0	0	0	0	0	70	0	0	0	1	0	0	0	0	0	0	0	0	12.1322	0	0	0	0	0	12.1322	0	0	0	1	0	0	0	0	0	0	0	0	68	0	0	0	0	0	68	0	0	0	1	0	0	0	0	0	0	0	0	0	0	0	0	0	0	0	0	0	0	0	0	0	0	0	0	0	0	0	0	0	0	0	0	0	0	0	0	0	0	0	0	0	0	0
36	0	0	0	0	146	0	0	0	0	0	146	0	0	0	0.107083	0	0	0	0	0	0.107083	0	0	0	1	0	0	0	0	0	0	0	0	67	0	0	0	0	0	67	0	0	0	1	0	0	0	0	0	0	0	0	12.4245	0	0	0	0	0	12.4245	0	0	0	1	0	0	0	0	0	0	0	0	64	0	0	0	0	0	64	0	0	0	1	0	0	0	0	0	0	0	0	0	0	0	0	0	0	0	0	0	0	0	0	0	0	0	0	0	0	0	0	0	0	0	0	0	0	0	0	0	0	0	0	0	0	0
37	0	0	0	0	148	0	0	0	0	0	148	0	0	0	0.11328	0	0	0	0	0	0.11328	0	0	0	1	0	0	0	0	0	0	0	0	66	0	0	0	0	0	66	0	0	0	1	0	0	0	0	0	0	0	0	12.7354	0	0	0	0	0	12.7354	0	0	0	1	0	0	0	0	0	0	0	0	65	0	0	0	0	0	65	0	0	0	1	0	0	0	0	0	0	0	0	0	0	0	0	0	0	0	0	0	0	0	0	0	0	0	0	0	0	0	0	0	0	0	0	0	0	0	0	0	0	0	0	0	0	0
38	0	0	0	0	150	0	0	0	0	0	150	0	0	0	0.110096	0	0	0	0	0	0.110096	0	0	0	1	0	0	0	0	0	0	0	0	67	0	0	0	0	0	67	0	0	0	1	0	0	0	0	0	0	0	0	13.7433	0	0	0	0	0	13.7433	0	0	0	1	0	0	0	0	0	0	0	0	70	0	0	0	0	0	70	0	0	0	1	0	0	0	0	0	0	0	0	0	0	0	0	0	0	0	0	0	0	0	0	0	0	0	0	0	0	0	0	0	0	0	0	0	0	0	0	0	0	0	0	0	0	0
39	0	0	0	0	159	0	0	0	0	0	159	0	0	0	0.126351	0	0	0	0	0	0.126351	0	0	0	1	0	0	0	0	0	0	0	0	72	0	0	0	0	0	72	0	0	0	1	0	0	0	0	0	0	0	0	14.4808	0	0	0	0	0	14.4808	0	0	0	1	0	0	0	0	0	0	0	0	69	0	0	0	0	0	69	0	0	0	1	0	0	0	0	0	0	0	0	0	0	0	0	0	0	0	0	0	0	0	0	0	0	0	0	0	0	0	0	0	0	0	0	0	0	0	0	0	0	0	0	0	0	0
40	0	0	0	0	175	0	0	0	0	0	175	0	0	0	0.100324	0	0	0	0	0	0.100324	0	0	0	1	0	0	0	0	0	0	0	0	67	0	0	0	0	0	67	0	0	0	1	0	0	0	0	0	0	0	0	14.9894	0	0	0	0	0	14.9894	0	0	0	1	0	0	0	0	0	0	0	0	71	0	0	0	0	0	71	0	0	0	1	0	0	0	0	0	0	0	0	0	0	0	0	0	0	0	0	0	0	0	0	0	0	0	0	0	0	0	0	0	0	0	0	0	0	0	0	0	0	0	0	0	0	0
41	0	0	0	0	185	0	0	0	0	0	185	0	0	0	0.107505	0	0	0	0	0	0.107505	0	0	0	1	0	0	0	0	0	0	0	0	69	0	0	0	0	0	69	0	0	0	1	0	0	0	0	0	0	0	0	14.5229	0	0	0	0	0	14.5229	0	0	0	1	0	0	0	0	0	0	0	0	71	0	0	0	0	0	71	0	0	0	1	0	0	0	0	0	0	0	0	0	0	0	0	0	0	0	0	0	0	0	0	0	0	0	0	0	0	0	0	0	0	0	0	0	0	0	0	0	0	0	0	0	0	0
42	0	0	0	0	195	0	0	0	0	0	195	0	0	0	0.108914	0	0	0	0	0	0.108914	0	0	0	1	0	0	0	0	0	0	0	0	73	0	0	0	0	0	73	0	0	0	1	0	0	0	0	0	0	0	0	15.6375	0	0	0	0	0	15.6375	0	0	0	1	0	0	0	0	0	0	0	0	73	0	0	0	0	0	73	0	0	0	1	0	0	0	0	0	0	0	0	0	0	0	0	0	0	0	0	0	0	0	0	0	0	0	0	0	0	0	0	0	0	0	0	0	0	0	0	0	0	0	0	0	0	0
43	0	0	0	0	201	0	0	0	0	0	201	0	0	0	0.122543	0	0	0	0	0	0.122543	0	0	0	1	0	0	0	0	0	0	0	0	73	0	0	0	0	0	73	0	0	0	1	0	0	0	0	0	0	0	0	15.3522	0	0	0	0	0	15.3522	0	0	0	1	0	0	0	0	0	0	0	0	70	0	0	0	0	0	70	0	0	0	1	0	0	0	0	0	0	0	0	0	0	0	0	0	0	0	0	0	0	0	0	0	0	0	0	0	0	0	0	0	0	0	0	0	0	0	0	0	0	0	0	0	0	0
44	0	0	0	0	206	0	0	0	0	0	206	0	0	0	0.121671	0	0	0	0	0	0.121671	0	0	0	1	0	0	0	0	0	0	0	0	76	0	0	0	0	0	76	0	0	0	1	0	0	0	0	0	0	0	0	15.6321	0	0	0	0	0	15.6321	0	0	0	1	0	0	0	0	0	0	0	0	70	0	0	0	0	0	70	0	0	0	1	0	0	0	0	0	0	0	0	0	0	0	0	0	0	0	0	0	0	0	0	0	0	0	0	0	0	0	0	0	0	0	0	0	0	0	0	0	0	0	0	0	0	0
45	0	0	0	0	222	0	0	0	0	0	222	0	0	0	0.160509	0	0	0	0	0	0.160509	0	0	0	1	0	0	0	0	0	0	0	0	84	0	0	0	0	0	84	0	0	0	1	0	0	0	0	0	0	0	0	16.2025	0	0	0	0	0	16.2025	0	0	0	1	0	0	0	0	0	0	0	0	69	0	0	0	0	0	69	0	0	0	1	0	0	0	0	0	0	0	0	0	0	0	0	0	0	0	0	0	0	0	0	0	0	0	0	0	0	0	0	0	0	0	0	0	0	0	0	0	0	0	0	0	0	0
46	0	0	0	0	239	0	0	0	0	0	239	0	0	0	0.133904	0	0	0	0	0	0.133904	0	0	0	1	0	0	0	0	0	0	0	0	83	0	0	0	0	0	83	0	0	0	1	0	0	0	0	0	0	0	0	17.1727	0	0	0	0	0	17.1727	0	0	0	1	0	0	0	0	0	0	0	0	76	0	0	0	0	0	76	0	0	0	1	0	0	0	0	0	0	0	0	0	0	0	0	0	0	0	0	0	0	0	0	0	0	0	0	0	0	0	0	0	0	0	0	0	0	0	0	0	0	0	0	0	0	0
47	0	0	0	0	259	0	0	0	0	0	259	0	0	0	0.140359	0	0	0	0	0	0.140359	0	0	0	1	0	0	0	0	0	0	0	0	86	0	0	0	0	0	86	0	0	0	1	0	0	0	0	0	0	0	0	18.1682	0	0	0	0	0	18.1682	0	0	0	1	0	0	0	0	0	0	0	0	76	0	0	0	0	0	76	0	0	0	1	0	0	0	0	0	0	0	0	0	0	0	0	0	0	0	0	0	0	0	0	0	0	0	0	0	0	0	0	0	0	0	0	0	0	0	0	0	0	0	0	0	0	0
48	0	0	0	0	271	0	0	0	0	0	271	0	0	0	0.166922	0	0	0	0	0	0.166922	0	0	0	1	0	0	0	0	0	0	0	0	91	0	0	0	0	0	91	0	0	0	1	0	0	0	0	0	0	0	0	18.6099	0	0	0	0	0	18.6099	0	0	0	1	0	0	0	0	0	0	0	0	73	0	0	0	0	0	73	0	0	0	1	0	0	0	0	0	0	0	0	0	0	0	0	0	0	0	0	0	0	0	0	0	0	0	0	0	0	0	0	0	0	0	0	0	0	0	0	0	0	0	0	0	0	0
49	0	0	0	0	271	0	0	0	0	0	271	0	0	0	0.160971	0	0	0	0	0	0.160971	0	0	0	1	0	0	0	0	0	0	0	0	96	0	0	0	0	0	96	0	0	0	1	0	0	0	0	0	0	0	0	19.8716	0	0	0	0	0	19.8716	0	0	0	1	0	0	0	0	0	0	0	0	79	0	0	0	0	0	79	0	0	0	1	0	0	0	0	0	0	0	0	0	0	0	0	0	0	0	0	0	0	0	0	0	0	0	0	0	0	0	0	0	0	0	0	0	0	0	0	0	0	0	0	0	0	0
50	0	0	0	0	280	0	0	0	0	0	280	0	0	0	0.16277	0	0	0	0	0	0.16277	0	0	0	1	0	0	0	0	0	0	0	0	95	0	0	0	0	0	95	0	0	0	1	0	0	0	0	0	0	0	0	19.236	0	0	0	0	0	19.236	0	0	0	1	0	0	0	0	0	0	0	0	78	0	0	0	0	0	78	0	0	0	1	0	0	0	0	0	0	0	0	0	0	0	0	0	0	0	0	0	0	0	0	0	0	0	0	0	0	0	0	0	0	0	0	0	0	0	0	0	0	0	0	0	0	0
51	0	0	0	0	301	0	0	0	0	0	301	0	0	0	0.164236	0	0	0	0	0	0.164236	0	0	0	1	0	0	0	0	0	0	0	0	96	0	0	0	0	0	96	0	0	0	1	0	0	0	0	0	0	0	0	19.3848	0	0	0	0	0	19.3848	0	0	0	1	0	0	0	0	0	0	0	0	77	0	0	0	0	0	77	0	0	0	1	0	0	0	0	0	0	0	0	0	0	0	0	0	0	0	0	0	0	0	0	0	0	0	0	0	0	0	0	0	0	0	0	0	0	0	0	0	0	0	0	0	0	0
52	0	0	0	0	312	0	0	0	0	0	312	0	0	0	0.154162	0	0	0	0	0	0.154162	0	0	0	1	0	0	0	0	0	0	0	0	93	0	0	0	0	0	93	0	0	0	1	0	0	0	0	0	0	0	0	20.2141	0	0	0	0	0	20.2141	0	0	0	1	0	0	0	0	0	0	0	0	79	0	0	0	0	0	79	0	0	0	1	0	0	0	0	0	0	0	0	0	0	0	0	0	0	0	0	0	0	0	0	0	0	0	0	0	0	0	0	0	0	0	0	0	0	0	0	0	0	0	0	0	0	0
53	0	0	0	0	315	0	0	0	0	0	315	0	0	0	0.176424	0	0	0	0	0	0.176424	0	0	0	1	0	0	0	0	0	0	0	0	92	0	0	0	0	0	92	0	0	0	1	0	0	0	0	0	0	0	0	20.7547	0	0	0	0	0	20.7547	0	0	0	1	0	0	0	0	0	0	0	0	77	0	0	0	0	0	77	0	0	0	1	0	0	0	0	0	0	0	0	0	0	0	0	0	0	0	0	0	0	0	0	0	0	0	0	0	0	0	0	0	0	0	0	0	0	0	0	0	0	0	0	0	0	0
54	0	0	0	0	335	0	0	0	0	0	335	0	0	0	0.146957	0	0	0	0	0	0.146957	0	0	0	1	0	0	0	0	0	0	0	0	92	0	0	0	0	0	92	0	0	0	1	0	0	0	0	0	0	0	0	21.8465	0	0	0	0	0	21.8465	0	0	0	1	0	0	0	0	0	0	0	0	81	0	0	0	0	0	81	0	0	0	1	0	0	0	0	0	0	0	0	0	0	0	0	0	0	0	0	0	0	0	0	0	0	0	0	0	0	0	0	0	0	0	0	0	0	0	0	0	0	0	0	0	0	0
55	0	0	0	0	354	0	0	0	0	0	354	0	0	0	0.141964	0	0	0	0	0	0.141964	0	0	0	1	0	0	0	0	0	0	0	0	99	0	0	0	0	0	99	0	0	0	1	0	0	0	0	0	0	0	0	22.2925	0	0	0	0	0	22.2925	0	0	0	1	0	0	0	0	0	0	0	0	79	0	0	0	0	0	79	0	0	0	1	0	0	0	0	0	0	0	0	0	0	0	0	0	0	0	0	0	0	0	0	0	0	0	0	0	0	0	0	0	0	0	0	0	0	0	0	0	0	0	0	0	0	0
56	0	0	0	0	368	0	0	0	0	0	368	0	0	0	0.163562	0	0	0	0	0	0.163562	0	0	0	1	0	0	0	0	0	0	0	0	105	0	0	0	0	0	105	0	0	0	1	0	0	0	0	0	0	0	0	20.2406	0	0	0	0	0	20.2406	0	0	0	1	0	0	0	0	0	0	0	0	76	0	0	0	0	0	76	0	0	0	1	0	0	0	0	0	0	0	0	0	0	0	0	0	0	0	0	0	0	0	0	0	0	0	0	0	0	0	0	0	0	0	0	0	0	0	0	0	0	0	0	0	0	0
57	0	0	0	0	376	0	0	0	0	0	376	0	0	0	0.128361	0	0	0	0	0	0.128361	0	0	0	1	0	0	0	0	0	0	0	0	98	0	0	0	0	0	98	0	0	0	1	0	0	0	0	0	0	0	0	20.1218	0	0	0	0	0	20.1218	0	0	0	1	0	0	0	0	0	0	0	0	81	0	0	0	0	0	81	0	0	0	1	0	0	0	0	0	0	0	0	0	0	0	0	0	0	0	0	0	0	0	0	0	0	0	0	0	0	0	0	0	0	0	0	0	0	0	0	0	0	0	0	0	0	0
58	0	0	0	0	369	0	0	0	0	0	369	0	0	0	0.117937	0	0	0	0	0	0.117937	0	0	0	1	0	0	0	0	0	0	0	0	105	0	0	0	0	0	105	0	0	0	1	0	0	0	0	0	0	0	0	19.4493	0	0	0	0	0	19.4493	0	0	0	1	0	0	0	0	0	0	0	0	77	0	0	0	0	0	77	0	0	0	1	0	0	0	0	0	0	0	0	0	0	0	0	0	0	0	0	0	0	0	0	0	0	0	0	0	0	0	0	0	0	0	0	0	0	0	0	0	0	0	0	0	0	0
59	0	0	0	0	367	0	0	0	0	0	367	0	0	0	0.125584	0	0	0	0	0	0.125584	0	0	0	1	0	0	0	0	0	0	0	0	118	0	0	0	0	0	118	0	0	0	1	0	0	0	0	0	0	0	0	19.9978	0	0	0	0	0	19.9978	0	0	0	1	0	0	0	0	0	0	0	0	75	0	0	0	0	0	75	0	0	0	1	0	0	0	0	0	0	0	0	0	0	0	0	0	0	0	0	0	0	0	0	0	0	0	0	0	0	0	0	0	0	0	0	0	0	0	0	0	0	0	0	0	0	0
60	0	0	0	0	367	0	0	0	0	0	367	0	0	0	0.176941	0	0	0	0	0	0.176941	0	0	0	1	0	0	0	0	0	0	0	0	131	0	0	0	0	0	131	0	0	0	1	0	0	0	0	0	0	0	0	21.3429	0	0	0	0	0	21.3429	0	0	0	1	0	0	0	0	0	0	0	0	75	0	0	0	0	0	75	0	0	0	1	0	0	0	0	0	0	0	0	0	0	0	0	0	0	0	0	0	0	0	0	0	0	0	0	0	0	0	0	0	0	0	0	0	0	0	0	0	0	0	0	0	0	0
61	0	0	0	0	372	0	0	0	0	0	372	0	0	0	0.202263	0	0	0	0	0	0.202263	0	0	0	1	0	0	0	0	0	0	0	0	133	0	0	0	0	0	133	0	0	0	1	0	0	0	0	0	0	0	0	20.9514	0	0	0	0	0	20.9514	0	0	0	1	0	0	0	0	0	0	0	0	75	0	0	0	0	0	75	0	0	0	1	0	0	0	0	0	0	0	0	0	0	0	0	0	0	0	0	0	0	0	0	0	0	0	0	0	0	0	0	0	0	0	0	0	0	0	0	0	0	0	0	0	0	0
62	0	0	0	0	385	0	0	0	0	0	385	0	0	0	0.200318	0	0	0	0	0	0.200318	0	0	0	1	0	0	0	0	0	0	0	0	124	0	0	0	0	0	124	0	0	0	1	0	0	0	0	0	0	0	0	20.4299	0	0	0	0	0	20.4299	0	0	0	1	0	0	0	0	0	0	0	0	79	0	0	0	0	0	79	0	0	0	1	0	0	0	0	0	0	0	0	0	0	0	0	0	0	0	0	0	0	0	0	0	0	0	0	0	0	0	0	0	0	0	0	0	0	0	0	0	0	0	0	0	0	0
63	0	0	0	0	392	0	0	0	0	0	392	0	0	0	0.14234	0	0	0	0	0	0.14234	0	0	0	1	0	0	0	0	0	0	0	0	120	0	0	0	0	0	120	0	0	0	1	0	0	0	0	0	0	0	0	21.7025	0	0	0	0	0	21.7025	0	0	0	1	0	0	0	0	0	0	0	0	86	0	0	0	0	0	86	0	0	0	1	0	0	0	0	0	0	0	0	0	0	0	0	0	0	0	0	0	0	0	0	0	0	0	0	0	0	0	0	0	0	0	0	0	0	0	0	0	0	0	0	0	0	0
64	0	0	0	0	393	0	0	0	0	0	393	0	0	0	0.146067	0	0	0	0	0	0.146067	0	0	0	1	0	0	0	0	0	0	0	0	128	0	0	0	0	0	128	0	0	0	1	0	0	0	0	0	0	0	0	22.102	0	0	0	0	0	22.102	0	0	0	1	0	0	0	0	0	0	0	0	83	0	0	0	0	0	83	0	0	0	1	0	0	0	0	0	0	0	0	0	0	0	0	0	0	0	0	0	0	0	0	0	0	0	0	0	0	0	0	0	0	0	0	0	0	0	0	0	0	0	0	0	0	0
65	0	0	0	0	382	0	0	0	0	0	382	0	0	0	0.159318	0	0	0	0	0	0.159318	0	0	0	1	0	0	0	0	0	0	0	0	139	0	0	0	0	0	139	0	0	0	1	0	0	0	0	0	0	0	0	22.5548	0	0	0	0	0	22.5548	0	0	0	1	0	0	0	0	0	0	0	0	80	0	0	0	0	0	80	0	0	0	1	0	0	0	0	0	0	0	0	0	0	0	0	0	0	0	0	0	0	0	0	0	0	0	0	0	0	0	0	0	0	0	0	0	0	0	0	0	0	0	0	0	0	0
66	0	0	0	0	376	0	0	0	0	0	376	0	0	0	0.177344	0	0	0	0	0	0.177344	0	0	0	1	0	0	0	0	0	0	0	0	147	0	0	0	0	0	147	0	0	0	1	0	0	0	0	0	0	0	0	23.0261	0	0	0	0	0	23.0261	0	0	0	1	0	0	0	0	0	0	0	0	78	0	0	0	0	0	78	0	0	0	1	0	0	0	0	0	0	0	0	0	0	0	0	0	0	0	0	0	0	0	0	0	0	0	0	0	0	0	0	0	0	0	0	0	0	0	0	0	0	0	0	0	0	0
67	0	0	0	0	381	0	0	0	0	0	381	0	0	0	0.178735	0	0	0	0	0	0.178735	0	0	0	1	0	0	0	0	0	0	0	0	141	0	0	0	0	0	141	0	0	0	1	0	0	0	0	0	0	0	0	23.9996	0	0	0	0	0	23.9996	0	0	0	1	0	0	0	0	0	0	0	0	82	0	0	0	0	0	82	0	0	0	1	0	0	0	0	0	0	0	0	0	0	0	0	0	0	0	0	0	0	0	0	0	0	0	0	0	0	0	0	0	0	0	0	0	0	0	0	0	0	0	0	0	0	0
68	0	0	0	0	395	0	0	0	0	0	395	0	0	0	0.187144	0	0	0	0	0	0.187144	0	0	0	1	0	0	0	0	0	0	0	0	129	0	0	0	0	0	129	0	0	0	1	0	0	0	0	0	0	0	0	24.9128	0	0	0	0	0	24.9128	0	0	0	1	0	0	0	0	0	0	0	0	88	0	0	0	0	0	88	0	0	0	1	0	0	0	0	0	0	0	0	0	0	0	0	0	0	0	0	0	0	0	0	0	0	0	0	0	0	0	0	0	0	0	0	0	0	0	0	0	0	0	0	0	0	0
69	0	0	0	0	388	0	0	0	0	0	388	0	0	0	0.17341	0	0	0	0	0	0.17341	0	0	0	1	0	0	0	0	0	0	0	0	132	0	0	0	0	0	132	0	0	0	1	0	0	0	0	0	0	0	0	26.1441	0	0	0	0	0	26.1441	0	0	0	1	0	0	0	0	0	0	0	0	93	0	0	0	0	0	93	0	0	0	1	0	0	0	0	0	0	0	0	0	0	0	0	0	0	0	0	0	0	0	0	0	0	0	0	0	0	0	0	0	0	0	0	0	0	0	0	0	0	0	0	0	0	0
70	0	0	0	0	390	0	0	0	0	0	390	0	0	0	0.167938	0	0	0	0	0	0.167938	0	0	0	1	0	0	0	0	0	0	0	0	129	0	0	0	0	0	129	0	0	0	1	0	0	0	0	0	0	0	0	24.5759	0	0	0	0	0	24.5759	0	0	0	1	0	0	0	0	0	0	0	0	91	0	0	0	0	0	91	0	0	0	1	0	0	0	0	0	0	0	0	0	0	0	0	0	0	0	0	0	0	0	0	0	0	0	0	0	0	0	0	0	0	0	0	0	0	0	0	0	0	0	0	0	0	0
71	0	0	0	0	393	0	0	0	0	0	393	0	0	0	0.185991	0	0	0	0	0	0.185991	0	0	0	1	0	0	0	0	0	0	0	0	128	0	0	0	0	0	128	0	0	0	1	0	0	0	0	0	0	0	0	24.4204	0	0	0	0	0	24.4204	0	0	0	1	0	0	0	0	0	0	0	0	89	0	0	0	0	0	89	0	0	0	1	0	0	0	0	0	0	0	0	0	0	0	0	0	0	0	0	0	0	0	0	0	0	0	0	0	0	0	0	0	0	0	0	0	0	0	0	0	0	0	0	0	0	0
72	0	0	0	0	410	0	0	0	0	0	410	0	0	0	0.194878	0	0	0	0	0	0.194878	0	0	0	1	0	0	0	0	0	0	0	0	131	0	0	0	0	0	131	0	0	0	1	0	0	0	0	0	0	0	0	25.0515	0	0	0	0	0	25.0515	0	0	0	1	0	0	0	0	0	0	0	0	89	0	0	0	0	0	89	0	0	0	1	0	0	0	0	0	0	0	0	0	0	0	0	0	0	0	0	0	0	0	0	0	0	0	0	0	0	0	0	0	0	0	0	0	0	0	0	0	0	0	0	0	0	0
73	0	0	0	0	413	0	0	0	0	0	413	0	0	0	0.16184	0	0	0	0	0	0.16184	0	0	0	1	0	0	0	0	0	0	0	0	127	0	0	0	0	0	127	0	0	0	1	0	0	0	0	0	0	0	0	25.7987	0	0	0	0	0	25.7987	0	0	0	1	0	0	0	0	0	0	0	0	97	0	0	0	0	0	97	0	0	0	1	0	0	0	0	0	0	0	0	0	0	0	0	0	0	0	0	0	0	0	0	0	0	0	0	0	0	0	0	0	0	0	0	0	0	0	0	0	0	0	0	0	0	0
74	0	0	0	0	419	0	0	0	0	0	419	0	0	0	0.180858	0	0	0	0	0	0.180858	0	0	0	1	0	0	0	0	0	0	0	0	130	0	0	0	0	0	130	0	0	0	1	0	0	0	0	0	0	0	0	27.0851	0	0	0	0	0	27.0851	0	0	0	1	0	0	0	0	0	0	0	0	97	0	0	0	0	0	97	0	0	0	1	0	0	0	0	0	0	0	0	0	0	0	0	0	0	0	0	0	0	0	0	0	0	0	0	0	0	0	0	0	0	0	0	0	0	0	0	0	0	0	0	0	0	0
75	0	0	0	0	423	0	0	0	0	0	423	0	0	0	0.195487	0	0	0	0	0	0.195487	0	0	0	1	0	0	0	0	0	0	0	0	127	0	0	0	0	0	127	0	0	0	1	0	0	0	0	0	0	0	0	28.7282	0	0	0	0	0	28.7282	0	0	0	1	0	0	0	0	0	0	0	0	99	0	0	0	0	0	99	0	0	0	1	0	0	0	0	0	0	0	0	0	0	0	0	0	0	0	0	0	0	0	0	0	0	0	0	0	0	0	0	0	0	0	0	0	0	0	0	0	0	0	0	0	0	0
76	0	0	0	0	410	0	0	0	0	0	410	0	0	0	0.169315	0	0	0	0	0	0.169315	0	0	0	1	0	0	0	0	0	0	0	0	116	0	0	0	0	0	116	0	0	0	1	0	0	0	0	0	0	0	0	27.8327	0	0	0	0	0	27.8327	0	0	0	1	0	0	0	0	0	0	0	0	102	0	0	0	0	0	102	0	0	0	1	0	0	0	0	0	0	0	0	0	0	0	0	0	0	0	0	0	0	0	0	0	0	0	0	0	0	0	0	0	0	0	0	0	0	0	0	0	0	0	0	0	0	0
77	0	0	0	0	402	0	0	0	0	0	402	0	0	0	0.14102	0	0	0	0	0	0.14102	0	0	0	1	0	0	0	0	0	0	0	0	112	0	0	0	0	0	112	0	0	0	1	0	0	0	0	0	0	0	0	28.3068	0	0	0	0	0	28.3068	0	0	0	1	0	0	0	0	0	0	0	0	104	0	0	0	0	0	104	0	0	0	1	0	0	0	0	0	0	0	0	0	0	0	0	0	0	0	0	0	0	0	0	0	0	0	0	0	0	0	0	0	0	0	0	0	0	0	0	0	0	0	0	0	0	0
78	0	0	0	0	403	0	0	0	0	0	403	0	0	0	0.156465	0	0	0	0	0	0.156465	0	0	0	1	0	0	0	0	0	0	0	0	112	0	0	0	0	0	112	0	0	0	1	0	0	0	0	0	0	0	0	29.3349	0	0	0	0	0	29.3349	0	0	0	1	0	0	0	0	0	0	0	0	99	0	0	0	0	0	99	0	0	0	1	0	0	0	0	0	0	0	0	0	0	0	0	0	0	0	0	0	0	0	0	0	0	0	0	0	0	0	0	0	0	0	0	0	0	0	0	0	0	0	0	0	0	0
79	0	0	0	0	419	0	0	0	0	0	419	0	0	0	0.160637	0	0	0	0	0	0.160637	0	0	0	1	0	0	0	0	0	0	0	0	107	0	0	0	0	0	107	0	0	0	1	0	0	0	0	0	0	0	0	30.9765	0	0	0	0	0	30.9765	0	0	0	1	0	0	0	0	0	0	0	0	101	0	0	0	0	0	101	0	0	0	1	0	0	0	0	0	0	0	0	0	0	0	0	0	0	0	0	0	0	0	0	0	0	0	0	0	0	0	0	0	0	0	0	0	0	0	0	0	0	0	0	0	0	0
80	0	0	0	0	412	0	0	0	0	0	412	0	0	0	0.158377	0	0	0	0	0	0.158377	0	0	0	1	0	0	0	0	0	0	0	0	101	0	0	0	0	0	101	0	0	0	1	0	0	0	0	0	0	0	0	31.9687	0	0	0	0	0	31.9687	0	0	0	1	0	0	0	0	0	0	0	0	103	0	0	0	0	0	103	0	0	0	1	0	0	0	0	0	0	0	0	0	0	0	0	0	0	0	0	0	0	0	0	0	0	0	0	0	0	0	0	0	0	0	0	0	0	0	0	0	0	0	0	0	0	0
81	0	0	0	0	426	0	0	0	0	0	426	0	0	0	0.166633	0	0	0	0	0	0.166633	0	0	0	1	0	0	0	0	0	0	0	0	95	0	0	0	0	0	95	0	0	0	1	0	0	0	0	0	0	0	0	32.9362	0	0	0	0	0	32.9362	0	0	0	1	0	0	0	0	0	0	0	0	102	0	0	0	0	0	102	0	0	0	1	0	0	0	0	0	0	0	0	0	0	0	0	0	0	0	0	0	0	0	0	0	0	0	0	0	0	0	0	0	0	0	0	0	0	0	0	0	0	0	0	0	0	0
82	0	0	0	0	437	0	0	0	0	0	437	0	0	0	0.178364	0	0	0	0	0	0.178364	0	0	0	1	0	0	0	0	0	0	0	0	90	0	0	0	0	0	90	0	0	0	1	0	0	0	0	0	0	0	0	33.7914	0	0	0	0	0	33.7914	0	0	0	1	0	0	0	0	0	0	0	0	102	0	0	0	0	0	102	0	0	0	1	0	0	0	0	0	0	0	0	0	0	0	0	0	0	0	0	0	0	0	0	0	0	0	0	0	0	0	0	0	0	0	0	0	0	0	0	0	0	0	0	0	0	0
83	0	0	0	0	442	0	0	0	0	0	442	0	0	0	0.154269	0	0	0	0	0	0.154269	0	0	0	1	0	0	0	0	0	0	0	0	83	0	0	0	0	0	83	0	0	0	1	0	0	0	0	0	0	0	0	32.8045	0	0	0	0	0	32.8045	0	0	0	1	0	0	0	0	0	0	0	0	97	0	0	0	0	0	97	0	0	0	1	0	0	0	0	0	0	0	0	0	0	0	0	0	0	0	0	0	0	0	0	0	0	0	0	0	0	0	0	0	0	0	0	0	0	0	0	0	0	0	0	0	0	0
84	0	0	0	0	442	0	0	0	0	0	442	0	0	0	0.168451	0	0	0	0	0	0.168451	0	0	0	1	0	0	0	0	0	0	0	0	86	0	0	0	0	0	86	0	0	0	1	0	0	0	0	0	0	0	0	31.7573	0	0	0	0	0	31.7573	0	0	0	1	0	0	0	0	0	0	0	0	91	0	0	0	0	0	91	0	0	0	1	0	0	0	0	0	0	0	0	0	0	0	0	0	0	0	0	0	0	0	0	0	0	0	0	0	0	0	0	0	0	0	0	0	0	0	0	0	0	0	0	0	0	0
85	0	0	0	0	451	0	0	0	0	0	451	0	0	0	0.135563	0	0	0	0	0	0.135563	0	0	0	1	0	0	0	0	0	0	0	0	77	0	0	0	0	0	77	0	0	0	1	0	0	0	0	0	0	0	0	31.1534	0	0	0	0	0	31.1534	0	0	0	1	0	0	0	0	0	0	0	0	94	0	0	0	0	0	94	0	0	0	1	0	0	0	0	0	0	0	0	0	0	0	0	0	0	0	0	0	0	0	0	0	0	0	0	0	0	0	0	0	0	0	0	0	0	0	0	0	0	0	0	0	0	0
86	0	0	0	0	461	0	0	0	0	0	461	0	0	0	0.133785	0	0	0	0	0	0.133785	0	0	0	1	0	0	0	0	0	0	0	0	89	0	0	0	0	0	89	0	0	0	1	0	0	0	0	0	0	0	0	30.4237	0	0	0	0	0	30.4237	0	0	0	1	0	0	0	0	0	0	0	0	93	0	0	0	0	0	93	0	0	0	1	0	0	0	0	0	0	0	0	0	0	0	0	0	0	0	0	0	0	0	0	0	0	0	0	0	0	0	0	0	0	0	0	0	0	0	0	0	0	0	0	0	0	0
87	0	0	0	0	475	0	0	0	0	0	475	0	0	0	0.136835	0	0	0	0	0	0.136835	0	0	0	1	0	0	0	0	0	0	0	0	92	0	0	0	0	0	92	0	0	0	1	0	0	0	0	0	0	0	0	30.6494	0	0	0	0	0	30.6494	0	0	0	1	0	0	0	0	0	0	0	0	92	0	0	0	0	0	92	0	0	0	1	0	0	0	0	0	0	0	0	0	0	0	0	0	0	0	0	0	0	0	0	0	0	0	0	0	0	0	0	0	0	0	0	0	0	0	0	0	0	0	0	0	0	0
88	0	0	0	0	482	0	0	0	0	0	482	0	0	0	0.145307	0	0	0	0	0	0.145307	0	0	0	1	0	0	0	0	0	0	0	0	91	0	0	0	0	0	91	0	0	0	1	0	0	0	0	0	0	0	0	31.3091	0	0	0	0	0	31.3091	0	0	0	1	0	0	0	0	0	0	0	0	87	0	0	0	0	0	87	0	0	0	1	0	0	0	0	0	0	0	0	0	0	0	0	0	0	0	0	0	0	0	0	0	0	0	0	0	0	0	0	0	0	0	0	0	0	0	0	0	0	0	0	0	0	0
89	0	0	0	0	487	0	0	0	0	0	487	0	0	0	0.149352	0	0	0	0	0	0.149352	0	0	0	1	0	0	0	0	0	0	0	0	101	0	0	0	0	0	101	0	0	0	1	0	0	0	0	0	0	0	0	32.7402	0	0	0	0	0	32.7402	0	0	0	1	0	0	0	0	0	0	0	0	92	0	0	0	0	0	92	0	0	0	1	0	0	0	0	0	0	0	0	0	0	0	0	0	0	0	0	0	0	0	0	0	0	0	0	0	0	0	0	0	0	0	0	0	0	0	0	0	0	0	0	0	0	0
90	0	0	0	0	484	0	0	0	0	0	484	0	0	0	0.129799	0	0	0	0	0	0.129799	0	0	0	1	0	0	0	0	0	0	0	0	101	0	0	0	0	0	101	0	0	0	1	0	0	0	0	0	0	0	0	29.329	0	0	0	0	0	29.329	0	0	0	1	0	0	0	0	0	0	0	0	92	0	0	0	0	0	92	0	0	0	1	0	0	0	0	0	0	0	0	0	0	0	0	0	0	0	0	0	0	0	0	0	0	0	0	0	0	0	0	0	0	0	0	0	0	0	0	0	0	0	0	0	0	0
91	0	0	0	0	504	0	0	0	0	0	504	0	0	0	0.122413	0	0	0	0	0	0.122413	0	0	0	1	0	0	0	0	0	0	0	0	98	0	0	0	0	0	98	0	0	0	1	0	0	0	0	0	0	0	0	28.2881	0	0	0	0	0	28.2881	0	0	0	1	0	0	0	0	0	0	0	0	87	0	0	0	0	0	87	0	0	0	1	0	0	0	0	0	0	0	0	0	0	0	0	0	0	0	0	0	0	0	0	0	0	0	0	0	0	0	0	0	0	0	0	0	0	0	0	0	0	0	0	0	0	0
92	0	0	0	0	521	0	0	0	0	0	521	0	0	0	0.107624	0	0	0	0	0	0.107624	0	0	0	1	0	0	0	0	0	0	0	0	90	0	0	0	0	0	90	0	0	0	1	0	0	0	0	0	0	0	0	28.7348	0	0	0	0	0	28.7348	0	0	0	1	0	0	0	0	0	0	0	0	86	0	0	0	0	0	86	0	0	0	1	0	0	0	0	0	0	0	0	0	0	0	0	0	0	0	0	0	0	0	0	0	0	0	0	0	0	0	0	0	0	0	0	0	0	0	0	0	0	0	0	0	0	0
93	0	0	0	0	536	0	0	0	0	0	536	0	0	0	0.105225	0	0	0	0	0	0.105225	0	0	0	1	0	0	0	0	0	0	0	0	88	0	0	0	0	0	88	0	0	0	1	0	0	0	0	0	0	0	0	29.3262	0	0	0	0	0	29.3262	0	0	0	1	0	0	0	0	0	0	0	0	89	0	0	0	0	0	89	0	0	0	1	0	0	0	0	0	0	0	0	0	0	0	0	0	0	0	0	0	0	0	0	0	0	0	0	0	0	0	0	0	0	0	0	0	0	0	0	0	0	0	0	0	0	0
94	0	0	0	0	543	0	0	0	0	0	543	0	0	0	0.122359	0	0	0	0	0	0.122359	0	0	0	1	0	0	0	0	0	0	0	0	94	0	0	0	0	0	94	0	0	0	1	0	0	0	0	0	0	0	0	26.511	0	0	0	0	0	26.511	0	0	0	1	0	0	0	0	0	0	0	0	84	0	0	0	0	0	84	0	0	0	1	0	0	0	0	0	0	0	0	0	0	0	0	0	0	0	0	0	0	0	0	0	0	0	0	0	0	0	0	0	0	0	0	0	0	0	0	0	0	0	0	0	0	0
95	0	0	0	0	535	0	0	0	0	0	535	0	0	0	0.134005	0	0	0	0	0	0.134005	0	0	0	1	0	0	0	0	0	0	0	0	105	0	0	0	0	0	105	0	0	0	1	0	0	0	0	0	0	0	0	25.7687	0	0	0	0	0	25.7687	0	0	0	1	0	0	0	0	0	0	0	0	83	0	0	0	0	0	83	0	0	0	1	0	0	0	0	0	0	0	0	0	0	0	0	0	0	0	0	0	0	0	0	0	0	0	0	0	0	0	0	0	0	0	0	0	0	0	0	0	0	0	0	0	0	0
96	0	0	0	0	518	0	0	0	0	0	518	0	0	0	0.155237	0	0	0	0	0	0.155237	0	0	0	1	0	0	0	0	0	0	0	0	136	0	0	0	0	0	136	0	0	0	1	0	0	0	0	0	0	0	0	25.4938	0	0	0	0	0	25.4938	0	0	0	1	0	0	0	0	0	0	0	0	83	0	0	0	0	0	83	0	0	0	1	0	0	0	0	0	0	0	0	0	0	0	0	0	0	0	0	0	0	0	0	0	0	0	0	0	0	0	0	0	0	0	0	0	0	0	0	0	0	0	0	0	0	0
97	0	0	0	0	523	0	0	0	0	0	523	0	0	0	0.161009	0	0	0	0	0	0.161009	0	0	0	1	0	0	0	0	0	0	0	0	140	0	0	0	0	0	140	0	0	0	1	0	0	0	0	0	0	0	0	26.4516	0	0	0	0	0	26.4516	0	0	0	1	0	0	0	0	0	0	0	0	84	0	0	0	0	0	84	0	0	0	1	0	0	0	0	0	0	0	0	0	0	0	0	0	0	0	0	0	0	0	0	0	0	0	0	0	0	0	0	0	0	0	0	0	0	0	0	0	0	0	0	0	0	0
98	0	0	0	0	518	0	0	0	0	0	518	0	0	0	0.19459	0	0	0	0	0	0.19459	0	0	0	1	0	0	0	0	0	0	0	0	154	0	0	0	0	0	154	0	0	0	1	0	0	0	0	0	0	0	0	25.2585	0	0	0	0	0	25.2585	0	0	0	1	0	0	0	0	0	0	0	0	82	0	0	0	0	0	82	0	0	0	1	0	0	0	0	0	0	0	0	0	0	0	0	0	0	0	0	0	0	0	0	0	0	0	0	0	0	0	0	0	0	0	0	0	0	0	0	0	0	0	0	0	0	0
99	0	0	0	0	512	0	0	0	0	0	512	0	0	0	0.211254	0	0	0	0	0	0.211254	0	0	0	1	0	0	0	0	0	0	0	0	149	0	0	0	0	0	149	0	0	0	1	0	0	0	0	0	0	0	0	25.6465	0	0	0	0	0	25.6465	0	0	0	1	0	0	0	0	0	0	0	0	88	0	0	0	0	0	88	0	0	0	1	0	0	0	0	0	0	0	0	0	0	0	0	0	0	0	0	0	0	0	0	0	0	0	0	0	0	0	0	0	0	0	0	0	0	0	0	0	0	0	0	0	0	0
100	0	0	0	0	518	0	0	0	0	0	518	0	0	0	0.182748	0	0	0	0	0	0.182748	0	0	0	1	0	0	0	0	0	0	0	0	142	0	0	0	0	0	142	0	0	0	1	0	0	0	0	0	0	0	0	25.8836	0	0	0	0	0	25.8836	0	0	0	1	0	0	0	0	0	0	0	0	94	0	0	0	0	0	94	0	0	0	1	0	0	0	0	0	0	0	0	0	0	0	0	0	0	0	0	0	0	0	0	0	0	0	0	0	0	0	0	0	0	0	0	0	0	0	0	0	0	0	0	0	0	0
101	0	0	0	0	527	0	0	0	0	0	527	0	0	0	0.208974	0	0	0	0	0	0.208974	0	0	0	1	0	0	0	0	0	0	0	0	149	0	0	0	0	0	149	0	0	0	1	0	0	0	0	0	0	0	0	26.5354	0	0	0	0	0	26.5354	0	0	0	1	0	0	0	0	0	0	0	0	92	0	0	0	0	0	92	0	0	0	1	0	0	0	0	0	0	0	0	0	0	0	0	0	0	0	0	0	0	0	0	0	0	0	0	0	0	0	0	0	0	0	0	0	0	0	0	0	0	0	0	0	0	0
102	0	0	0	0	537	0	0	0	0	0	537	0	0	0	0.165843	0	0	0	0	0	0.165843	0	0	0	1	0	0	0	0	0	0	0	0	141	0	0	0	0	0	141	0	0	0	1	0	0	0	0	0	0	0	0	25.884	0	0	0	0	0	25.884	0	0	0	1	0	0	0	0	0	0	0	0	95	0	0	0	0	0	95	0	0	0	1	0	0	0	0	0	0	0	0	0	0	0	0	0	0	0	0	0	0	0	0	0	0	0	0	0	0	0	0	0	0	0	0	0	0	0	0	0	0	0	0	0	0	0
103	0	0	0	0	547	0	0	0	0	0	547	0	0	0	0.176959	0	0	0	0	0	0.176959	0	0	0	1	0	0	0	0	0	0	0	0	144	0	0	0	0	0	144	0	0	0	1	0	0	0	0	0	0	0	0	25.939	0	0	0	0	0	25.939	0	0	0	1	0	0	0	0	0	0	0	0	96	0	0	0	0	0	96	0	0	0	1	0	0	0	0	0	0	0	0	0	0	0	0	0	0	0	0	0	0	0	0	0	0	0	0	0	0	0	0	0	0	0	0	0	0	0	0	0	0	0	0	0	0	0
104	0	0	0	0	553	0	0	0	0	0	553	0	0	0	0.178888	0	0	0	0	0	0.178888	0	0	0	1	0	0	0	0	0	0	0	0	142	0	0	0	0	0	142	0	0	0	1	0	0	0	0	0	0	0	0	27.3719	0	0	0	0	0	27.3719	0	0	0	1	0	0	0	0	0	0	0	0	98	0	0	0	0	0	98	0	0	0	1	0	0	0	0	0	0	0	0	0	0	0	0	0	0	0	0	0	0	0	0	0	0	0	0	0	0	0	0	0	0	0	0	0	0	0	0	0	0	0	0	0	0	0
105	0	0	0	0	556	0	0	0	0	0	556	0	0	0	0.181527	0	0	0	0	0	0.181527	0	0	0	1	0	0	0	0	0	0	0	0	148	0	0	0	0	0	148	0	0	0	1	0	0	0	0	0	0	0	0	28.7361	0	0	0	0	0	28.7361	0	0	0	1	0	0	0	0	0	0	0	0	99	0	0	0	0	0	99	0	0	0	1	0	0	0	0	0	0	0	0	0	0	0	0	0	0	0	0	0	0	0	0	0	0	0	0	0	0	0	0	0	0	0	0	0	0	0	0	0	0	0	0	0	0	0
106	0	0	0	0	570	0	0	0	0	0	570	0	0	0	0.175757	0	0	0	0	0	0.175757	0	0	0	1	0	0	0	0	0	0	0	0	142	0	0	0	0	0	142	0	0	0	1	0	0	0	0	0	0	0	0	29.3839	0	0	0	0	0	29.3839	0	0	0	1	0	0	0	0	0	0	0	0	101	0	0	0	0	0	101	0	0	0	1	0	0	0	0	0	0	0	0	0	0	0	0	0	0	0	0	0	0	0	0	0	0	0	0	0	0	0	0	0	0	0	0	0	0	0	0	0	0	0	0	0	0	0
107	0	0	0	0	585	0	0	0	0	0	585	0	0	0	0.203481	0	0	0	0	0	0.203481	0	0	0	1	0	0	0	0	0	0	0	0	138	0	0	0	0	0	138	0	0	0	1	0	0	0	0	0	0	0	0	30.5419	0	0	0	0	0	30.5419	0	0	0	1	0	0	0	0	0	0	0	0	97	0	0	0	0	0	97	0	0	0	1	0	0	0	0	0	0	0	0	0	0	0	0	0	0	0	0	0	0	0	0	0	0	0	0	0	0	0	0	0	0	0	0	0	0	0	0	0	0	0	0	0	0	0
108	0	0	0	0	593	0	0	0	0	0	593	0	0	0	0.202265	0	0	0	0	0	0.202265	0	0	0	1	0	0	0	0	0	0	0	0	135	0	0	0	0	0	135	0	0	0	1	0	0	0	0	0	0	0	0	30.9152	0	0	0	0	0	30.9152	0	0	0	1	0	0	0	0	0	0	0	0	95	0	0	0	0	0	95	0	0	0	1	0	0	0	0	0	0	0	0	0	0	0	0	0	0	0	0	0	0	0	0	0	0	0	0	0	0	0	0	0	0	0	0	0	0	0	0	0	0	0	0	0	0	0
109	0	0	0	0	599	0	0	0	0	0	599	0	0	0	0.19683	0	0	0	0	0	0.19683	0	0	0	1	0	0	0	0	0	0	0	0	131	0	0	0	0	0	131	0	0	0	1	0	0	0	0	0	0	0	0	32.2824	0	0	0	0	0	32.2824	0	0	0	1	0	0	0	0	0	0	0	0	95	0	0	0	0	0	95	0	0	0	1	0	0	0	0	0	0	0	0	0	0	0	0	0	0	0	0	0	0	0	0	0	0	0	0	0	0	0	0	0	0	0	0	0	0	0	0	0	0	0	0	0	0	0
110	0	0	0	0	597	0	0	0	0	0	597	0	0	0	0.174378	0	0	0	0	0	0.174378	0	0	0	1	0	0	0	0	0	0	0	0	116	0	0	0	0	0	116	0	0	0	1	0	0	0	0	0	0	0	0	32.0575	0	0	0	0	0	32.0575	0	0	0	1	0	0	0	0	0	0	0	0	96	0	0	0	0	0	96	0	0	0	1	0	0	0	0	0	0	0	0	0	0	0	0	0	0	0	0	0	0	0	0	0	0	0	0	0	0	0	0	0	0	0	0	0	0	0	0	0	0	0	0	0	0	0
111	0	0	0	0	579	0	0	0	0	0	579	0	0	0	0.171887	0	0	0	0	0	0.171887	0	0	0	1	0	0	0	0	0	0	0	0	118	0	0	0	0	0	118	0	0	0	1	0	0	0	0	0	0	0	0	31.0483	0	0	0	0	0	31.0483	0	0	0	1	0	0	0	0	0	0	0	0	94	0	0	0	0	0	94	0	0	0	1	0	0	0	0	0	0	0	0	0	0	0	0	0	0	0	0	0	0	0	0	0	0	0	0	0	0	0	0	0	0	0	0	0	0	0	0	0	0	0	0	0	0	0
112	0	0	0	0	584	0	0	0	0	0	584	0	0	0	0.166196	0	0	0	0	0	0.166196	0	0	0	1	0	0	0	0	0	0	0	0	115	0	0	0	0	0	115	0	0	0	1	0	0	0	0	0	0	0	0	31.7213	0	0	0	0	0	31.7213	0	0	0	1	0	0	0	0	0	0	0	0	92	0	0	0	0	0	92	0	0	0	1	0	0	0	0	0	0	0	0	0	0	0	0	0	0	0	0	0	0	0	0	0	0	0	0	0	0	0	0	0	0	0	0	0	0	0	0	0	0	0	0	0	0	0
113	0	0	0	0	602	0	0	0	0	0	602	0	0	0	0.177226	0	0	0	0	0	0.177226	0	0	0	1	0	0	0	0	0	0	0	0	114	0	0	0	0	0	114	0	0	0	1	0	0	0	0	0	0	0	0	32.6913	0	0	0	0	0	32.6913	0	0	0	1	0	0	0	0	0	0	0	0	96	0	0	0	0	0	96	0	0	0	1	0	0	0	0	0	0	0	0	0	0	0	0	0	0	0	0	0	0	0	0	0	0	0	0	0	0	0	0	0	0	0	0	0	0	0	0	0	0	0	0	0	0	0
114	0	0	0	0	597	0	0	0	0	0	597	0	0	0	0.155168	0	0	0	0	0	0.155168	0	0	0	1	0	0	0	0	0	0	0	0	114	0	0	0	0	0	114	0	0	0	1	0	0	0	0	0	0	0	0	34.4649	0	0	0	0	0	34.4649	0	0	0	1	0	0	0	0	0	0	0	0	101	0	0	0	0	0	101	0	0	0	1	0	0	0	0	0	0	0	0	0	0	0	0	0	0	0	0	0	0	0	0	0	0	0	0	0	0	0	0	0	0	0	0	0	0	0	0	0	0	0	0	0	0	0
115	0	0	0	0	571	0	0	0	0	0	571	0	0	0	0.153111	0	0	0	0	0	0.153111	0	0	0	1	0	0	0	0	0	0	0	0	122	0	0	0	0	0	122	0	0	0	1	0	0	0	0	0	0	0	0	33.8946	0	0	0	0	0	33.8946	0	0	0	1	0	0	0	0	0	0	0	0	101	0	0	0	0	0	101	0	0	0	1	0	0	0	0	0	0	0	0	0	0	0	0	0	0	0	0	0	0	0	0	0	0	0	0	0	0	0	0	0	0	0	0	0	0	0	0	0	0	0	0	0	0	0
116	0	0	0	0	562	0	0	0	0	0	562	0	0	0	0.154083	0	0	0	0	0	0.154083	0	0	0	1	0	0	0	0	0	0	0	0	118	0	0	0	0	0	118	0	0	0	1	0	0	0	0	0	0	0	0	33.2239	0	0	0	0	0	33.2239	0	0	0	1	0	0	0	0	0	0	0	0	95	0	0	0	0	0	95	0	0	0	1	0	0	0	0	0	0	0	0	0	0	0	0	0	0	0	0	0	0	0	0	0	0	0	0	0	0	0	0	0	0	0	0	0	0	0	0	0	0	0	0	0	0	0
117	0	0	0	0	589	0	0	0	0	0	589	0	0	0	0.140343	0	0	0	0	0	0.140343	0	0	0	1	0	0	0	0	0	0	0	0	122	0	0	0	0	0	122	0	0	0	1	0	0	0	0	0	0	0	0	33.9236	0	0	0	0	0	33.9236	0	0	0	1	0	0	0	0	0	0	0	0	95	0	0	0	0	0	95	0	0	0	1	0	0	0	0	0	0	0	0	0	0	0	0	0	0	0	0	0	0	0	0	0	0	0	0	0	0	0	0	0	0	0	0	0	0	0	0	0	0	0	0	0	0	0
118	0	0	0	0	612	0	0	0	0	0	612	0	0	0	0.14297	0	0	0	0	0	0.14297	0	0	0	1	0	0	0	0	0	0	0	0	119	0	0	0	0	0	119	0	0	0	1	0	0	0	0	0	0	0	0	34.2257	0	0	0	0	0	34.2257	0	0	0	1	0	0	0	0	0	0	0	0	93	0	0	0	0	0	93	0	0	0	1	0	0	0	0	0	0	0	0	0	0	0	0	0	0	0	0	0	0	0	0	0	0	0	0	0	0	0	0	0	0	0	0	0	0	0	0	0	0	0	0	0	0	0
119	0	0	0	0	615	0	0	0	0	0	615	0	0	0	0.117469	0	0	0	0	0	0.117469	0	0	0	1	0	0	0	0	0	0	0	0	110	0	0	0	0	0	110	0	0	0	1	0	0	0	0	0	0	0	0	33.6758	0	0	0	0	0	33.6758	0	0	0	1	0	0	0	0	0	0	0	0	92	0	0	0	0	0	92	0	0	0	1	0	0	0	0	0	0	0	0	0	0	0	0	0	0	0	0	0	0	0	0	0	0	0	0	0	0	0	0	0	0	0	0	0	0	0	0	0	0	0	0	0	0	0
120	0	0	0	0	617	0	0	0	0	0	617	0	0	0	0.11775	0	0	0	0	0	0.11775	0	0	0	1	0	0	0	0	0	0	0	0	103	0	0	0	0	0	103	0	0	0	1	0	0	0	0	0	0	0	0	30.4159	0	0	0	0	0	30.4159	0	0	0	1	0	0	0	0	0	0	0	0	86	0	0	0	0	0	86	0	0	0	1	0	0	0	0	0	0	0	0	0	0	0	0	0	0	0	0	0	0	0	0	0	0	0	0	0	0	0	0	0	0	0	0	0	0	0	0	0	0	0	0	0	0	0
121	0	0	0	0	609	0	0	0	0	0	609	0	0	0	0.137259	0	0	0	0	0	0.137259	0	0	0	1	0	0	0	0	0	0	0	0	115	0	0	0	0	0	115	0	0	0	1	0	0	0	0	0	0	0	0	29.5899	0	0	0	0	0	29.5899	0	0	0	1	0	0	0	0	0	0	0	0	83	0	0	0	0	0	83	0	0	0	1	0	0	0	0	0	0	0	0	0	0	0	0	0	0	0	0	0	0	0	0	0	0	0	0	0	0	0	0	0	0	0	0	0	0	0	0	0	0	0	0	0	0	0
122	0	0	0	0	606	0	0	0	0	0	606	0	0	0	0.112159	0	0	0	0	0	0.112159	0	0	0	1	0	0	0	0	0	0	0	0	121	0	0	0	0	0	121	0	0	0	1	0	0	0	0	0	0	0	0	30.1248	0	0	0	0	0	30.1248	0	0	0	1	0	0	0	0	0	0	0	0	82	0	0	0	0	0	82	0	0	0	1	0	0	0	0	0	0	0	0	0	0	0	0	0	0	0	0	0	0	0	0	0	0	0	0	0	0	0	0	0	0	0	0	0	0	0	0	0	0	0	0	0	0	0
123	0	0	0	0	618	0	0	0	0	0	618	0	0	0	0.132855	0	0	0	0	0	0.132855	0	0	0	1	0	0	0	0	0	0	0	0	127	0	0	0	0	0	127	0	0	0	1	0	0	0	0	0	0	0	0	31.4332	0	0	0	0	0	31.4332	0	0	0	1	0	0	0	0	0	0	0	0	80	0	0	0	0	0	80	0	0	0	1	0	0	0	0	0	0	0	0	0	0	0	0	0	0	0	0	0	0	0	0	0	0	0	0	0	0	0	0	0	0	0	0	0	0	0	0	0	0	0	0	0	0	0
124	0	0	0	0	620	0	0	0	0	0	620	0	0	0	0.121935	0	0	0	0	0	0.121935	0	0	0	1	0	0	0	0	0	0	0	0	135	0	0	0	0	0	135	0	0	0	1	0	0	0	0	0	0	0	0	31.4054	0	0	0	0	0	31.4054	0	0	0	1	0	0	0	0	0	0	0	0	83	0	0	0	0	0	83	0	0	0	1	0	0	0	0	0	0	0	0	0	0	0	0	0	0	0	0	0	0	0	0	0	0	0	0	0	0	0	0	0	0	0	0	0	0	0	0	0	0	0	0	0	0	0
125	0	0	0	0	620	0	0	0	0	0	620	0	0	0	0.154264	0	0	0	0	0	0.154264	0	0	0	1	0	0	0	0	0	0	0	0	142	0	0	0	0	0	142	0	0	0	1	0	0	0	0	0	0	0	0	30.1231	0	0	0	0	0	30.1231	0	0	0	1	0	0	0	0	0	0	0	0	81	0	0	0	0	0	81	0	0	0	1	0	0	0	0	0	0	0	0	0	0	0	0	0	0	0	0	0	0	0	0	0	0	0	0	0	0	0	0	0	0	0	0	0	0	0	0	0	0	0	0	0	0	0
126	0	0	0	0	612	0	0	0	0	0	612	0	0	0	0.163447	0	0	0	0	0	0.163447	0	0	0	1	0	0	0	0	0	0	0	0	146	0	0	0	0	0	146	0	0	0	1	0	0	0	0	0	0	0	0	29.5726	0	0	0	0	0	29.5726	0	0	0	1	0	0	0	0	0	0	0	0	81	0	0	0	0	0	81	0	0	0	1	0	0	0	0	0	0	0	0	0	0	0	0	0	0	0	0	0	0	0	0	0	0	0	0	0	0	0	0	0	0	0	0	0	0	0	0	0	0	0	0	0	0	0
127	0	0	0	0	600	0	0	0	0	0	600	0	0	0	0.163492	0	0	0	0	0	0.163492	0	0	0	1	0	0	0	0	0	0	0	0	160	0	0	0	0	0	160	0	0	0	1	0	0	0	0	0	0	0	0	31.2081	0	0	0	0	0	31.2081	0	0	0	1	0	0	0	0	0	0	0	0	91	0	0	0	0	0	91	0	0	0	1	0	0	0	0	0	0	0	0	0	0	0	0	0	0	0	0	0	0	0	0	0	0	0	0	0	0	0	0	0	0	0	0	0	0	0	0	0	0	0	0	0	0	0
128	0	0	0	0	587	0	0	0	0	0	587	0	0	0	0.175538	0	0	0	0	0	0.175538	0	0	0	1	0	0	0	0	0	0	0	0	167	0	0	0	0	0	167	0	0	0	1	0	0	0	0	0	0	0	0	32.2328	0	0	0	0	0	32.2328	0	0	0	1	0	0	0	0	0	0	0	0	96	0	0	0	0	0	96	0	0	0	1	0	0	0	0	0	0	0	0	0	0	0	0	0	0	0	0	0	0	0	0	0	0	0	0	0	0	0	0	0	0	0	0	0	0	0	0	0	0	0	0	0	0	0
129	0	0	0	0	569	0	0	0	0	0	569	0	0	0	0.187337	0	0	0	0	0	0.187337	0	0	0	1	0	0	0	0	0	0	0	0	172	0	0	0	0	0	172	0	0	0	1	0	0	0	0	0	0	0	0	30.541	0	0	0	0	0	30.541	0	0	0	1	0	0	0	0	0	0	0	0	93	0	0	0	0	0	93	0	0	0	1	0	0	0	0	0	0	0	0	0	0	0	0	0	0	0	0	0	0	0	0	0	0	0	0	0	0	0	0	0	0	0	0	0	0	0	0	0	0	0	0	0	0	0
130	0	0	0	0	564	0	0	0	0	0	564	0	0	0	0.210415	0	0	0	0	0	0.210415	0	0	0	1	0	0	0	0	0	0	0	0	197	0	0	0	0	0	197	0	0	0	1	0	0	0	0	0	0	0	0	31.2175	0	0	0	0	0	31.2175	0	0	0	1	0	0	0	0	0	0	0	0	95	0	0	0	0	0	95	0	0	0	1	0	0	0	0	0	0	0	0	0	0	0	0	0	0	0	0	0	0	0	0	0	0	0	0	0	0	0	0	0	0	0	0	0	0	0	0	0	0	0	0	0	0	0
131	0	0	0	0	533	0	0	0	0	0	533	0	0	0	0.223902	0	0	0	0	0	0.223902	0	0	0	1	0	0	0	0	0	0	0	0	209	0	0	0	0	0	209	0	0	0	1	0	0	0	0	0	0	0	0	31.719	0	0	0	0	0	31.719	0	0	0	1	0	0	0	0	0	0	0	0	99	0	0	0	0	0	99	0	0	0	1	0	0	0	0	0	0	0	0	0	0	0	0	0	0	0	0	0	0	0	0	0	0	0	0	0	0	0	0	0	0	0	0	0	0	0	0	0	0	0	0	0	0	0
132	0	0	0	0	519	0	0	0	0	0	519	0	0	0	0.256166	0	0	0	0	0	0.256166	0	0	0	1	0	0	0	0	0	0	0	0	202	0	0	0	0	0	202	0	0	0	1	0	0	0	0	0	0	0	0	30.7797	0	0	0	0	0	30.7797	0	0	0	1	0	0	0	0	0	0	0	0	104	0	0	0	0	0	104	0	0	0	1	0	0	0	0	0	0	0	0	0	0	0	0	0	0	0	0	0	0	0	0	0	0	0	0	0	0	0	0	0	0	0	0	0	0	0	0	0	0	0	0	0	0	0
133	0	0	0	0	534	0	0	0	0	0	534	0	0	0	0.229071	0	0	0	0	0	0.229071	0	0	0	1	0	0	0	0	0	0	0	0	190	0	0	0	0	0	190	0	0	0	1	0	0	0	0	0	0	0	0	32.2884	0	0	0	0	0	32.2884	0	0	0	1	0	0	0	0	0	0	0	0	113	0	0	0	0	0	113	0	0	0	1	0	0	0	0	0	0	0	0	0	0	0	0	0	0	0	0	0	0	0	0	0	0	0	0	0	0	0	0	0	0	0	0	0	0	0	0	0	0	0	0	0	0	0
134	0	0	0	0	516	0	0	0	0	0	516	0	0	0	0.233739	0	0	0	0	0	0.233739	0	0	0	1	0	0	0	0	0	0	0	0	193	0	0	0	0	0	193	0	0	0	1	0	0	0	0	0	0	0	0	32.0804	0	0	0	0	0	32.0804	0	0	0	1	0	0	0	0	0	0	0	0	107	0	0	0	0	0	107	0	0	0	1	0	0	0	0	0	0	0	0	0	0	0	0	0	0	0	0	0	0	0	0	0	0	0	0	0	0	0	0	0	0	0	0	0	0	0	0	0	0	0	0	0	0	0
135	0	0	0	0	510	0	0	0	0	0	510	0	0	0	0.229385	0	0	0	0	0	0.229385	0	0	0	1	0	0	0	0	0	0	0	0	188	0	0	0	0	0	188	0	0	0	1	0	0	0	0	0	0	0	0	31.2765	0	0	0	0	0	31.2765	0	0	0	1	0	0	0	0	0	0	0	0	108	0	0	0	0	0	108	0	0	0	1	0	0	0	0	0	0	0	0	0	0	0	0	0	0	0	0	0	0	0	0	0	0	0	0	0	0	0	0	0	0	0	0	0	0	0	0	0	0	0	0	0	0	0
136	0	0	0	0	511	0	0	0	0	0	511	0	0	0	0.236469	0	0	0	0	0	0.236469	0	0	0	1	0	0	0	0	0	0	0	0	175	0	0	0	0	0	175	0	0	0	1	0	0	0	0	0	0	0	0	30.7357	0	0	0	0	0	30.7357	0	0	0	1	0	0	0	0	0	0	0	0	104	0	0	0	0	0	104	0	0	0	1	0	0	0	0	0	0	0	0	0	0	0	0	0	0	0	0	0	0	0	0	0	0	0	0	0	0	0	0	0	0	0	0	0	0	0	0	0	0	0	0	0	0	0
137	0	0	0	0	516	0	0	0	0	0	516	0	0	0	0.232874	0	0	0	0	0	0.232874	0	0	0	1	0	0	0	0	0	0	0	0	165	0	0	0	0	0	165	0	0	0	1	0	0	0	0	0	0	0	0	30.0036	0	0	0	0	0	30.0036	0	0	0	1	0	0	0	0	0	0	0	0	95	0	0	0	0	0	95	0	0	0	1	0	0	0	0	0	0	0	0	0	0	0	0	0	0	0	0	0	0	0	0	0	0	0	0	0	0	0	0	0	0	0	0	0	0	0	0	0	0	0	0	0	0	0
138	0	0	0	0	497	0	0	0	0	0	497	0	0	0	0.227453	0	0	0	0	0	0.227453	0	0	0	1	0	0	0	0	0	0	0	0	161	0	0	0	0	0	161	0	0	0	1	0	0	0	0	0	0	0	0	26.1814	0	0	0	0	0	26.1814	0	0	0	1	0	0	0	0	0	0	0	0	92	0	0	0	0	0	92	0	0	0	1	0	0	0	0	0	0	0	0	0	0	0	0	0	0	0	0	0	0	0	0	0	0	0	0	0	0	0	0	0	0	0	0	0	0	0	0	0	0	0	0	0	0	0
139	0	0	0	0	487	0	0	0	0	0	487	0	0	0	0.212428	0	0	0	0	0	0.212428	0	0	0	1	0	0	0	0	0	0	0	0	152	0	0	0	0	0	152	0	0	0	1	0	0	0	0	0	0	0	0	25.9804	0	0	0	0	0	25.9804	0	0	0	1	0	0	0	0	0	0	0	0	97	0	0	0	0	0	97	0	0	0	1	0	0	0	0	0	0	0	0	0	0	0	0	0	0	0	0	0	0	0	0	0	0	0	0	0	0	0	0	0	0	0	0	0	0	0	0	0	0	0	0	0	0	0
140	0	0	0	0	471	0	0	0	0	0	471	0	0	0	0.19665	0	0	0	0	0	0.19665	0	0	0	1	0	0	0	0	0	0	0	0	158	0	0	0	0	0	158	0	0	0	1	0	0	0	0	0	0	0	0	26.3972	0	0	0	0	0	26.3972	0	0	0	1	0	0	0	0	0	0	0	0	101	0	0	0	0	0	101	0	0	0	1	0	0	0	0	0	0	0	0	0	0	0	0	0	0	0	0	0	0	0	0	0	0	0	0	0	0	0	0	0	0	0	0	0	0	0	0	0	0	0	0	0	0	0
141	0	0	0	0	468	0	0	0	0	0	468	0	0	0	0.17797	0	0	0	0	0	0.17797	0	0	0	1	0	0	0	0	0	0	0	0	159	0	0	0	0	0	159	0	0	0	1	0	0	0	0	0	0	0	0	27.5546	0	0	0	0	0	27.5546	0	0	0	1	0	0	0	0	0	0	0	0	102	0	0	0	0	0	102	0	0	0	1	0	0	0	0	0	0	0	0	0	0	0	0	0	0	0	0	0	0	0	0	0	0	0	0	0	0	0	0	0	0	0	0	0	0	0	0	0	0	0	0	0	0	0
142	0	0	0	0	451	0	0	0	0	0	451	0	0	0	0.202606	0	0	0	0	0	0.202606	0	0	0	1	0	0	0	0	0	0	0	0	161	0	0	0	0	0	161	0	0	0	1	0	0	0	0	0	0	0	0	28.6095	0	0	0	0	0	28.6095	0	0	0	1	0	0	0	0	0	0	0	0	100	0	0	0	0	0	100	0	0	0	1	0	0	0	0	0	0	0	0	0	0	0	0	0	0	0	0	0	0	0	0	0	0	0	0	0	0	0	0	0	0	0	0	0	0	0	0	0	0	0	0	0	0	0
143	0	0	0	0	453	0	0	0	0	0	453	0	0	0	0.183182	0	0	0	0	0	0.183182	0	0	0	1	0	0	0	0	0	0	0	0	149	0	0	0	0	0	149	0	0	0	1	0	0	0	0	0	0	0	0	29.8028	0	0	0	0	0	29.8028	0	0	0	1	0	0	0	0	0	0	0	0	105	0	0	0	0	0	105	0	0	0	1	0	0	0	0	0	0	0	0	0	0	0	0	0	0	0	0	0	0	0	0	0	0	0	0	0	0	0	0	0	0	0	0	0	0	0	0	0	0	0	0	0	0	0
144	0	0	0	0	445	0	0	0	0	0	445	0	0	0	0.197539	0	0	0	0	0	0.197539	0	0	0	1	0	0	0	0	0	0	0	0	143	0	0	0	0	0	143	0	0	0	1	0	0	0	0	0	0	0	0	28.7937	0	0	0	0	0	28.7937	0	0	0	1	0	0	0	0	0	0	0	0	101	0	0	0	0	0	101	0	0	0	1	0	0	0	0	0	0	0	0	0	0	0	0	0	0	0	0	0	0	0	0	0	0	0	0	0	0	0	0	0	0	0	0	0	0	0	0	0	0	0	0	0	0	0
145	0	0	0	0	450	0	0	0	0	0	450	0	0	0	0.168353	0	0	0	0	0	0.168353	0	0	0	1	0	0	0	0	0	0	0	0	144	0	0	0	0	0	144	0	0	0	1	0	0	0	0	0	0	0	0	28.3378	0	0	0	0	0	28.3378	0	0	0	1	0	0	0	0	0	0	0	0	102	0	0	0	0	0	102	0	0	0	1	0	0	0	0	0	0	0	0	0	0	0	0	0	0	0	0	0	0	0	0	0	0	0	0	0	0	0	0	0	0	0	0	0	0	0	0	0	0	0	0	0	0	0
146	0	0	0	0	453	0	0	0	0	0	453	0	0	0	0.16604	0	0	0	0	0	0.16604	0	0	0	1	0	0	0	0	0	0	0	0	143	0	0	0	0	0	143	0	0	0	1	0	0	0	0	0	0	0	0	29.2014	0	0	0	0	0	29.2014	0	0	0	1	0	0	0	0	0	0	0	0	100	0	0	0	0	0	100	0	0	0	1	0	0	0	0	0	0	0	0	0	0	0	0	0	0	0	0	0	0	0	0	0	0	0	0	0	0	0	0	0	0	0	0	0	0	0	0	0	0	0	0	0	0	0
147	0	0	0	0	463	0	0	0	0	0	463	0	0	0	0.171335	0	0	0	0	0	0.171335	0	0	0	1	0	0	0	0	0	0	0	0	143	0	0	0	0	0	143	0	0	0	1	0	0	0	0	0	0	0	0	27.6337	0	0	0	0	0	27.6337	0	0	0	1	0	0	0	0	0	0	0	0	97	0	0	0	0	0	97	0	0	0	1	0	0	0	0	0	0	0	0	0	0	0	0	0	0	0	0	0	0	0	0	0	0	0	0	0	0	0	0	0	0	0	0	0	0	0	0	0	0	0	0	0	0	0
148	0	0	0	0	457	0	0	0	0	0	457	0	0	0	0.158856	0	0	0	0	0	0.158856	0	0	0	1	0	0	0	0	0	0	0	0	145	0	0	0	0	0	145	0	0	0	1	0	0	0	0	0	0	0	0	25.821	0	0	0	0	0	25.821	0	0	0	1	0	0	0	0	0	0	0	0	96	0	0	0	0	0	96	0	0	0	1	0	0	0	0	0	0	0	0	0	0	0	0	0	0	0	0	0	0	0	0	0	0	0	0	0	0	0	0	0	0	0	0	0	0	0	0	0	0	0	0	0	0	0
149	0	0	0	0	457	0	0	0	0	0	457	0	0	0	0.169551	0	0	0	0	0	0.169551	0	0	0	1	0	0	0	0	0	0	0	0	151	0	0	0	0	0	151	0	0	0	1	0	0	0	0	0	0	0	0	23.4709	0	0	0	0	0	23.4709	0	0	0	1	0	0	0	0	0	0	0	0	88	0	0	0	0	0	88	0	0	0	1	0	0	0	0	0	0	0	0	0	0	0	0	0	0	0	0	0	0	0	0	0	0	0	0	0	0	0	0	0	0	0	0	0	0	0	0	0	0	0	0	0	0	0
150	0	0	0	0	459	0	0	0	0	0	459	0	0	0	0.183459	0	0	0	0	0	0.183459	0	0	0	1	0	0	0	0	0	0	0	0	156	0	0	0	0	0	156	0	0	0	1	0	0	0	0	0	0	0	0	23.1812	0	0	0	0	0	23.1812	0	0	0	1	0	0	0	0	0	0	0	0	92	0	0	0	0	0	92	0	0	0	1	0	0	0	0	0	0	0	0	0	0	0	0	0	0	0	0	0	0	0	0	0	0	0	0	0	0	0	0	0	0	0	0	0	0	0	0	0	0	0	0	0	0	0
151	0	0	0	0	450	0	0	0	0	0	450	0	0	0	0.204948	0	0	0	0	0	0.204948	0	0	0	1	0	0	0	0	0	0	0	0	172	0	0	0	0	0	172	0	0	0	1	0	0	0	0	0	0	0	0	24.1499	0	0	0	0	0	24.1499	0	0	0	1	0	0	0	0	0	0	0	0	96	0	0	0	0	0	96	0	0	0	1	0	0	0	0	0	0	0	0	0	0	0	0	0	0	0	0	0	0	0	0	0	0	0	0	0	0	0	0	0	0	0	0	0	0	0	0	0	0	0	0	0	0	0
152	0	0	0	0	432	0	0	0	0	0	432	0	0	0	0.219868	0	0	0	0	0	0.219868	0	0	0	1	0	0	0	0	0	0	0	0	190	0	0	0	0	0	190	0	0	0	1	0	0	0	0	0	0	0	0	25.017	0	0	0	0	0	25.017	0	0	0	1	0	0	0	0	0	0	0	0	100	0	0	0	0	0	100	0	0	0	1	0	0	0	0	0	0	0	0	0	0	0	0	0	0	0	0	0	0	0	0	0	0	0	0	0	0	0	0	0	0	0	0	0	0	0	0	0	0	0	0	0	0	0
153	0	0	0	0	444	0	0	0	0	0	444	0	0	0	0.243736	0	0	0	0	0	0.243736	0	0	0	1	0	0	0	0	0	0	0	0	197	0	0	0	0	0	197	0	0	0	1	0	0	0	0	0	0	0	0	25.4911	0	0	0	0	0	25.4911	0	0	0	1	0	0	0	0	0	0	0	0	102	0	0	0	0	0	102	0	0	0	1	0	0	0	0	0	0	0	0	0	0	0	0	0	0	0	0	0	0	0	0	0	0	0	0	0	0	0	0	0	0	0	0	0	0	0	0	0	0	0	0	0	0	0
154	0	0	0	0	457	0	0	0	0	0	457	0	0	0	0.259631	0	0	0	0	0	0.259631	0	0	0	1	0	0	0	0	0	0	0	0	189	0	0	0	0	0	189	0	0	0	1	0	0	0	0	0	0	0	0	26.5126	0	0	0	0	0	26.5126	0	0	0	1	0	0	0	0	0	0	0	0	103	0	0	0	0	0	103	0	0	0	1	0	0	0	0	0	0	0	0	0	0	0	0	0	0	0	0	0	0	0	0	0	0	0	0	0	0	0	0	0	0	0	0	0	0	0	0	0	0	0	0	0	0	0
155	0	0	0	0	469	0	0	0	0	0	469	0	0	0	0.239708	0	0	0	0	0	0.239708	0	0	0	1	0	0	0	0	0	0	0	0	180	0	0	0	0	0	180	0	0	0	1	0	0	0	0	0	0	0	0	27.2766	0	0	0	0	0	27.2766	0	0	0	1	0	0	0	0	0	0	0	0	104	0	0	0	0	0	104	0	0	0	1	0	0	0	0	0	0	0	0	0	0	0	0	0	0	0	0	0	0	0	0	0	0	0	0	0	0	0	0	0	0	0	0	0	0	0	0	0	0	0	0	0	0	0
156	0	0	0	0	480	0	0	0	0	0	480	0	0	0	0.237151	0	0	0	0	0	0.237151	0	0	0	1	0	0	0	0	0	0	0	0	169	0	0	0	0	0	169	0	0	0	1	0	0	0	0	0	0	0	0	27.2753	0	0	0	0	0	27.2753	0	0	0	1	0	0	0	0	0	0	0	0	104	0	0	0	0	0	104	0	0	0	1	0	0	0	0	0	0	0	0	0	0	0	0	0	0	0	0	0	0	0	0	0	0	0	0	0	0	0	0	0	0	0	0	0	0	0	0	0	0	0	0	0	0	0
157	0	0	0	0	483	0	0	0	0	0	483	0	0	0	0.233084	0	0	0	0	0	0.233084	0	0	0	1	0	0	0	0	0	0	0	0	163	0	0	0	0	0	163	0	0	0	1	0	0	0	0	0	0	0	0	26.1476	0	0	0	0	0	26.1476	0	0	0	1	0	0	0	0	0	0	0	0	98	0	0	0	0	0	98	0	0	0	1	0	0	0	0	0	0	0	0	0	0	0	0	0	0	0	0	0	0	0	0	0	0	0	0	0	0	0	0	0	0	0	0	0	0	0	0	0	0	0	0	0	0	0
158	0	0	0	0	489	0	0	0	0	0	489	0	0	0	0.234338	0	0	0	0	0	0.234338	0	0	0	1	0	0	0	0	0	0	0	0	154	0	0	0	0	0	154	0	0	0	1	0	0	0	0	0	0	0	0	27.6277	0	0	0	0	0	27.6277	0	0	0	1	0	0	0	0	0	0	0	0	100	0	0	0	0	0	100	0	0	0	1	0	0	0	0	0	0	0	0	0	0	0	0	0	0	0	0	0	0	0	0	0	0	0	0	0	0	0	0	0	0	0	0	0	0	0	0	0	0	0	0	0	0	0
159	0	0	0	0	494	0	0	0	0	0	494	0	0	0	0.226633	0	0	0	0	0	0.226633	0	0	0	1	0	0	0	0	0	0	0	0	142	0	0	0	0	0	142	0	0	0	1	0	0	0	0	0	0	0	0	28.7191	0	0	0	0	0	28.7191	0	0	0	1	0	0	0	0	0	0	0	0	97	0	0	0	0	0	97	0	0	0	1	0	0	0	0	0	0	0	0	0	0	0	0	0	0	0	0	0	0	0	0	0	0	0	0	0	0	0	0	0	0	0	0	0	0	0	0	0	0	0	0	0	0	0
160	0	0	0	0	506	0	0	0	0	0	506	0	0	0	0.201133	0	0	0	0	0	0.201133	0	0	0	1	0	0	0	0	0	0	0	0	125	0	0	0	0	0	125	0	0	0	1	0	0	0	0	0	0	0	0	28.0444	0	0	0	0	0	28.0444	0	0	0	1	0	0	0	0	0	0	0	0	97	0	0	0	0	0	97	0	0	0	1	0	0	0	0	0	0	0	0	0	0	0	0	0	0	0	0	0	0	0	0	0	0	0	0	0	0	0	0	0	0	0	0	0	0	0	0	0	0	0	0	0	0	0
161	0	0	0	0	519	0	0	0	0	0	519	0	0	0	0.178113	0	0	0	0	0	0.178113	0	0	0	1	0	0	0	0	0	0	0	0	121	0	0	0	0	0	121	0	0	0	1	0	0	0	0	0	0	0	0	29.4594	0	0	0	0	0	29.4594	0	0	0	1	0	0	0	0	0	0	0	0	98	0	0	0	0	0	98	0	0	0	1	0	0	0	0	0	0	0	0	0	0	0	0	0	0	0	0	0	0	0	0	0	0	0	0	0	0	0	0	0	0	0	0	0	0	0	0	0	0	0	0	0	0	0
162	0	0	0	0	525	0	0	0	0	0	525	0	0	0	0.172567	0	0	0	0	0	0.172567	0	0	0	1	0	0	0	0	0	0	0	0	119	0	0	0	0	0	119	0	0	0	1	0	0	0	0	0	0	0	0	31.2229	0	0	0	0	0	31.2229	0	0	0	1	0	0	0	0	0	0	0	0	99	0	0	0	0	0	99	0	0	0	1	0	0	0	0	0	0	0	0	0	0	0	0	0	0	0	0	0	0	0	0	0	0	0	0	0	0	0	0	0	0	0	0	0	0	0	0	0	0	0	0	0	0	0
163	0	0	0	0	513	0	0	0	0	0	513	0	0	0	0.153291	0	0	0	0	0	0.153291	0	0	0	1	0	0	0	0	0	0	0	0	112	0	0	0	0	0	112	0	0	0	1	0	0	0	0	0	0	0	0	29.9051	0	0	0	0	0	29.9051	0	0	0	1	0	0	0	0	0	0	0	0	96	0	0	0	0	0	96	0	0	0	1	0	0	0	0	0	0	0	0	0	0	0	0	0	0	0	0	0	0	0	0	0	0	0	0	0	0	0	0	0	0	0	0	0	0	0	0	0	0	0	0	0	0	0
164	0	0	0	0	522	0	0	0	0	0	522	0	0	0	0.156203	0	0	0	0	0	0.156203	0	0	0	1	0	0	0	0	0	0	0	0	109	0	0	0	0	0	109	0	0	0	1	0	0	0	0	0	0	0	0	30.808	0	0	0	0	0	30.808	0	0	0	1	0	0	0	0	0	0	0	0	94	0	0	0	0	0	94	0	0	0	1	0	0	0	0	0	0	0	0	0	0	0	0	0	0	0	0	0	0	0	0	0	0	0	0	0	0	0	0	0	0	0	0	0	0	0	0	0	0	0	0	0	0	0
165	0	0	0	0	521	0	0	0	0	0	521	0	0	0	0.136561	0	0	0	0	0	0.136561	0	0	0	1	0	0	0	0	0	0	0	0	109	0	0	0	0	0	109	0	0	0	1	0	0	0	0	0	0	0	0	30.9289	0	0	0	0	0	30.9289	0	0	0	1	0	0	0	0	0	0	0	0	92	0	0	0	0	0	92	0	0	0	1	0	0	0	0	0	0	0	0	0	0	0	0	0	0	0	0	0	0	0	0	0	0	0	0	0	0	0	0	0	0	0	0	0	0	0	0	0	0	0	0	0	0	0
166	0	0	0	0	514	0	0	0	0	0	514	0	0	0	0.135008	0	0	0	0	0	0.135008	0	0	0	1	0	0	0	0	0	0	0	0	109	0	0	0	0	0	109	0	0	0	1	0	0	0	0	0	0	0	0	30.9316	0	0	0	0	0	30.9316	0	0	0	1	0	0	0	0	0	0	0	0	90	0	0	0	0	0	90	0	0	0	1	0	0	0	0	0	0	0	0	0	0	0	0	0	0	0	0	0	0	0	0	0	0	0	0	0	0	0	0	0	0	0	0	0	0	0	0	0	0	0	0	0	0	0
167	0	0	0	0	512	0	0	0	0	0	512	0	0	0	0.123615	0	0	0	0	0	0.123615	0	0	0	1	0	0	0	0	0	0	0	0	99	0	0	0	0	0	99	0	0	0	1	0	0	0	0	0	0	0	0	29.6005	0	0	0	0	0	29.6005	0	0	0	1	0	0	0	0	0	0	0	0	88	0	0	0	0	0	88	0	0	0	1	0	0	0	0	0	0	0	0	0	0	0	0	0	0	0	0	0	0	0	0	0	0	0	0	0	0	0	0	0	0	0	0	0	0	0	0	0	0	0	0	0	0	0
168	0	0	0	0	515	0	0	0	0	0	515	0	0	0	0.125753	0	0	0	0	0	0.125753	0	0	0	1	0	0	0	0	0	0	0	0	110	0	0	0	0	0	110	0	0	0	1	0	0	0	0	0	0	0	0	28.9157	0	0	0	0	0	28.9157	0	0	0	1	0	0	0	0	0	0	0	0	87	0	0	0	0	0	87	0	0	0	1	0	0	0	0	0	0	0	0	0	0	0	0	0	0	0	0	0	0	0	0	0	0	0	0	0	0	0	0	0	0	0	0	0	0	0	0	0	0	0	0	0	0	0
169	0	0	0	0	514	0	0	0	0	0	514	0	0	0	0.137386	0	0	0	0	0	0.137386	0	0	0	1	0	0	0	0	0	0	0	0	127	0	0	0	0	0	127	0	0	0	1	0	0	0	0	0	0	0	0	28.279	0	0	0	0	0	28.279	0	0	0	1	0	0	0	0	0	0	0	0	87	0	0	0	0	0	87	0	0	0	1	0	0	0	0	0	0	0	0	0	0	0	0	0	0	0	0	0	0	0	0	0	0	0	0	0	0	0	0	0	0	0	0	0	0	0	0	0	0	0	0	0	0	0
170	0	0	0	0	501	0	0	0	0	0	501	0	0	0	0.177709	0	0	0	0	0	0.177709	0	0	0	1	0	0	0	0	0	0	0	0	161	0	0	0	0	0	161	0	0	0	1	0	0	0	0	0	0	0	0	29.0428	0	0	0	0	0	29.0428	0	0	0	1	0	0	0	0	0	0	0	0	87	0	0	0	0	0	87	0	0	0	1	0	0	0	0	0	0	0	0	0	0	0	0	0	0	0	0	0	0	0	0	0	0	0	0	0	0	0	0	0	0	0	0	0	0	0	0	0	0	0	0	0	0	0
171	0	0	0	0	508	0	0	0	0	0	508	0	0	0	0.177518	0	0	0	0	0	0.177518	0	0	0	1	0	0	0	0	0	0	0	0	161	0	0	0	0	0	161	0	0	0	1	0	0	0	0	0	0	0	0	30.3056	0	0	0	0	0	30.3056	0	0	0	1	0	0	0	0	0	0	0	0	93	0	0	0	0	0	93	0	0	0	1	0	0	0	0	0	0	0	0	0	0	0	0	0	0	0	0	0	0	0	0	0	0	0	0	0	0	0	0	0	0	0	0	0	0	0	0	0	0	0	0	0	0	0
172	0	0	0	0	509	0	0	0	0	0	509	0	0	0	0.191047	0	0	0	0	0	0.191047	0	0	0	1	0	0	0	0	0	0	0	0	162	0	0	0	0	0	162	0	0	0	1	0	0	0	0	0	0	0	0	30.4926	0	0	0	0	0	30.4926	0	0	0	1	0	0	0	0	0	0	0	0	92	0	0	0	0	0	92	0	0	0	1	0	0	0	0	0	0	0	0	0	0	0	0	0	0	0	0	0	0	0	0	0	0	0	0	0	0	0	0	0	0	0	0	0	0	0	0	0	0	0	0	0	0	0
173	0	0	0	0	511	0	0	0	0	0	511	0	0	0	0.189908	0	0	0	0	0	0.189908	0	0	0	1	0	0	0	0	0	0	0	0	163	0	0	0	0	0	163	0	0	0	1	0	0	0	0	0	0	0	0	32.1262	0	0	0	0	0	32.1262	0	0	0	1	0	0	0	0	0	0	0	0	98	0	0	0	0	0	98	0	0	0	1	0	0	0	0	0	0	0	0	0	0	0	0	0	0	0	0	0	0	0	0	0	0	0	0	0	0	0	0	0	0	0	0	0	0	0	0	0	0	0	0	0	0	0
174	0	0	0	0	522	0	0	0	0	0	522	0	0	0	0.187313	0	0	0	0	0	0.187313	0	0	0	1	0	0	0	0	0	0	0	0	162	0	0	0	0	0	162	0	0	0	1	0	0	0	0	0	0	0	0	28.1936	0	0	0	0	0	28.1936	0	0	0	1	0	0	0	0	0	0	0	0	98	0	0	0	0	0	98	0	0	0	1	0	0	0	0	0	0	0	0	0	0	0	0	0	0	0	0	0	0	0	0	0	0	0	0	0	0	0	0	0	0	0	0	0	0	0	0	0	0	0	0	0	0	0
175	0	0	0	0	522	0	0	0	0	0	522	0	0	0	0.203497	0	0	0	0	0	0.203497	0	0	0	1	0	0	0	0	0	0	0	0	166	0	0	0	0	0	166	0	0	0	1	0	0	0	0	0	0	0	0	26.4679	0	0	0	0	0	26.4679	0	0	0	1	0	0	0	0	0	0	0	0	97	0	0	0	0	0	97	0	0	0	1	0	0	0	0	0	0	0	0	0	0	0	0	0	0	0	0	0	0	0	0	0	0	0	0	0	0	0	0	0	0	0	0	0	0	0	0	0	0	0	0	0	0	0
176	0	0	0	0	523	0	0	0	0	0	523	0	0	0	0.210798	0	0	0	0	0	0.210798	0	0	0	1	0	0	0	0	0	0	0	0	173	0	0	0	0	0	173	0	0	0	1	0	0	0	0	0	0	0	0	27.9235	0	0	0	0	0	27.9235	0	0	0	1	0	0	0	0	0	0	0	0	99	0	0	0	0	0	99	0	0	0	1	0	0	0	0	0	0	0	0	0	0	0	0	0	0	0	0	0	0	0	0	0	0	0	0	0	0	0	0	0	0	0	0	0	0	0	0	0	0	0	0	0	0	0
177	0	0	0	0	529	0	0	0	0	0	529	0	0	0	0.228352	0	0	0	0	0	0.228352	0	0	0	1	0	0	0	0	0	0	0	0	180	0	0	0	0	0	180	0	0	0	1	0	0	0	0	0	0	0	0	28.5259	0	0	0	0	0	28.5259	0	0	0	1	0	0	0	0	0	0	0	0	103	0	0	0	0	0	103	0	0	0	1	0	0	0	0	0	0	0	0	0	0	0	0	0	0	0	0	0	0	0	0	0	0	0	0	0	0	0	0	0	0	0	0	0	0	0	0	0	0	0	0	0	0	0
178	0	0	0	0	522	0	0	0	0	0	522	0	0	0	0.247416	0	0	0	0	0	0.247416	0	0	0	1	0	0	0	0	0	0	0	0	181	0	0	0	0	0	181	0	0	0	1	0	0	0	0	0	0	0	0	28.0591	0	0	0	0	0	28.0591	0	0	0	1	0	0	0	0	0	0	0	0	107	0	0	0	0	0	107	0	0	0	1	0	0	0	0	0	0	0	0	0	0	0	0	0	0	0	0	0	0	0	0	0	0	0	0	0	0	0	0	0	0	0	0	0	0	0	0	0	0	0	0	0	0	0
179	0	0	0	0	528	0	0	0	0	0	528	0	0	0	0.250924	0	0	0	0	0	0.250924	0	0	0	1	0	0	0	0	0	0	0	0	172	0	0	0	0	0	172	0	0	0	1	0	0	0	0	0	0	0	0	28.5976	0	0	0	0	0	28.5976	0	0	0	1	0	0	0	0	0	0	0	0	113	0	0	0	0	0	113	0	0	0	1	0	0	0	0	0	0	0	0	0	0	0	0	0	0	0	0	0	0	0	0	0	0	0	0	0	0	0	0	0	0	0	0	0	0	0	0	0	0	0	0	0	0	0
180	0	0	0	0	520	0	0	0	0	0	520	0	0	0	0.241281	0	0	0	0	0	0.241281	0	0	0	1	0	0	0	0	0	0	0	0	168	0	0	0	0	0	168	0	0	0	1	0	0	0	0	0	0	0	0	30.0129	0	0	0	0	0	30.0129	0	0	0	1	0	0	0	0	0	0	0	0	118	0	0	0	0	0	118	0	0	0	1	0	0	0	0	0	0	0	0	0	0	0	0	0	0	0	0	0	0	0	0	0	0	0	0	0	0	0	0	0	0	0	0	0	0	0	0	0	0	0	0	0	0	0
181	0	0	0	0	521	0	0	0	0	0	521	0	0	0	0.22763	0	0	0	0	0	0.22763	0	0	0	1	0	0	0	0	0	0	0	0	157	0	0	0	0	0	157	0	0	0	1	0	0	0	0	0	0	0	0	29.2752	0	0	0	0	0	29.2752	0	0	0	1	0	0	0	0	0	0	0	0	114	0	0	0	0	0	114	0	0	0	1	0	0	0	0	0	0	0	0	0	0	0	0	0	0	0	0	0	0	0	0	0	0	0	0	0	0	0	0	0	0	0	0	0	0	0	0	0	0	0	0	0	0	0
182	0	0	0	0	500	0	0	0	0	0	500	0	0	0	0.219037	0	0	0	0	0	0.219037	0	0	0	1	0	0	0	0	0	0	0	0	156	0	0	0	0	0	156	0	0	0	1	0	0	0	0	0	0	0	0	29.4333	0	0	0	0	0	29.4333	0	0	0	1	0	0	0	0	0	0	0	0	115	0	0	0	0	0	115	0	0	0	1	0	0	0	0	0	0	0	0	0	0	0	0	0	0	0	0	0	0	0	0	0	0	0	0	0	0	0	0	0	0	0	0	0	0	0	0	0	0	0	0	0	0	0
183	0	0	0	0	477	0	0	0	0	0	477	0	0	0	0.222634	0	0	0	0	0	0.222634	0	0	0	1	0	0	0	0	0	0	0	0	153	0	0	0	0	0	153	0	0	0	1	0	0	0	0	0	0	0	0	29.4092	0	0	0	0	0	29.4092	0	0	0	1	0	0	0	0	0	0	0	0	112	0	0	0	0	0	112	0	0	0	1	0	0	0	0	0	0	0	0	0	0	0	0	0	0	0	0	0	0	0	0	0	0	0	0	0	0	0	0	0	0	0	0	0	0	0	0	0	0	0	0	0	0	0
184	0	0	0	0	491	0	0	0	0	0	491	0	0	0	0.208022	0	0	0	0	0	0.208022	0	0	0	1	0	0	0	0	0	0	0	0	147	0	0	0	0	0	147	0	0	0	1	0	0	0	0	0	0	0	0	29.2954	0	0	0	0	0	29.2954	0	0	0	1	0	0	0	0	0	0	0	0	112	0	0	0	0	0	112	0	0	0	1	0	0	0	0	0	0	0	0	0	0	0	0	0	0	0	0	0	0	0	0	0	0	0	0	0	0	0	0	0	0	0	0	0	0	0	0	0	0	0	0	0	0	0
185	0	0	0	0	475	0	0	0	0	0	475	0	0	0	0.215017	0	0	0	0	0	0.215017	0	0	0	1	0	0	0	0	0	0	0	0	141	0	0	0	0	0	141	0	0	0	1	0	0	0	0	0	0	0	0	26.9681	0	0	0	0	0	26.9681	0	0	0	1	0	0	0	0	0	0	0	0	110	0	0	0	0	0	110	0	0	0	1	0	0	0	0	0	0	0	0	0	0	0	0	0	0	0	0	0	0	0	0	0	0	0	0	0	0	0	0	0	0	0	0	0	0	0	0	0	0	0	0	0	0	0
186	0	0	0	0	488	0	0	0	0	0	488	0	0	0	0.209777	0	0	0	0	0	0.209777	0	0	0	1	0	0	0	0	0	0	0	0	132	0	0	0	0	0	132	0	0	0	1	0	0	0	0	0	0	0	0	27.7292	0	0	0	0	0	27.7292	0	0	0	1	0	0	0	0	0	0	0	0	114	0	0	0	0	0	114	0	0	0	1	0	0	0	0	0	0	0	0	0	0	0	0	0	0	0	0	0	0	0	0	0	0	0	0	0	0	0	0	0	0	0	0	0	0	0	0	0	0	0	0	0	0	0
187	0	0	0	0	500	0	0	0	0	0	500	0	0	0	0.210763	0	0	0	0	0	0.210763	0	0	0	1	0	0	0	0	0	0	0	0	134	0	0	0	0	0	134	0	0	0	1	0	0	0	0	0	0	0	0	29.079	0	0	0	0	0	29.079	0	0	0	1	0	0	0	0	0	0	0	0	115	0	0	0	0	0	115	0	0	0	1	0	0	0	0	0	0	0	0	0	0	0	0	0	0	0	0	0	0	0	0	0	0	0	0	0	0	0	0	0	0	0	0	0	0	0	0	0	0	0	0	0	0	0
188	0	0	0	0	521	0	0	0	0	0	521	0	0	0	0.193076	0	0	0	0	0	0.193076	0	0	0	1	0	0	0	0	0	0	0	0	128	0	0	0	0	0	128	0	0	0	1	0	0	0	0	0	0	0	0	27.8581	0	0	0	0	0	27.8581	0	0	0	1	0	0	0	0	0	0	0	0	108	0	0	0	0	0	108	0	0	0	1	0	0	0	0	0	0	0	0	0	0	0	0	0	0	0	0	0	0	0	0	0	0	0	0	0	0	0	0	0	0	0	0	0	0	0	0	0	0	0	0	0	0	0
189	0	0	0	0	501	0	0	0	0	0	501	0	0	0	0.190486	0	0	0	0	0	0.190486	0	0	0	1	0	0	0	0	0	0	0	0	126	0	0	0	0	0	126	0	0	0	1	0	0	0	0	0	0	0	0	28.871	0	0	0	0	0	28.871	0	0	0	1	0	0	0	0	0	0	0	0	108	0	0	0	0	0	108	0	0	0	1	0	0	0	0	0	0	0	0	0	0	0	0	0	0	0	0	0	0	0	0	0	0	0	0	0	0	0	0	0	0	0	0	0	0	0	0	0	0	0	0	0	0	0
190	0	0	0	0	510	0	0	0	0	0	510	0	0	0	0.189121	0	0	0	0	0	0.189121	0	0	0	1	0	0	0	0	0	0	0	0	124	0	0	0	0	0	124	0	0	0	1	0	0	0	0	0	0	0	0	29.898	0	0	0	0	0	29.898	0	0	0	1	0	0	0	0	0	0	0	0	107	0	0	0	0	0	107	0	0	0	1	0	0	0	0	0	0	0	0	0	0	0	0	0	0	0	0	0	0	0	0	0	0	0	0	0	0	0	0	0	0	0	0	0	0	0	0	0	0	0	0	0	0	0
191	0	0	0	0	505	0	0	0	0	0	505	0	0	0	0.171318	0	0	0	0	0	0.171318	0	0	0	1	0	0	0	0	0	0	0	0	115	0	0	0	0	0	115	0	0	0	1	0	0	0	0	0	0	0	0	30.8834	0	0	0	0	0	30.8834	0	0	0	1	0	0	0	0	0	0	0	0	106	0	0	0	0	0	106	0	0	0	1	0	0	0	0	0	0	0	0	0	0	0	0	0	0	0	0	0	0	0	0	0	0	0	0	0	0	0	0	0	0	0	0	0	0	0	0	0	0	0	0	0	0	0
192	0	0	0	0	503	0	0	0	0	0	503	0	0	0	0.15945	0	0	0	0	0	0.15945	0	0	0	1	0	0	0	0	0	0	0	0	105	0	0	0	0	0	105	0	0	0	1	0	0	0	0	0	0	0	0	31.5588	0	0	0	0	0	31.5588	0	0	0	1	0	0	0	0	0	0	0	0	103	0	0	0	0	0	103	0	0	0	1	0	0	0	0	0	0	0	0	0	0	0	0	0	0	0	0	0	0	0	0	0	0	0	0	0	0	0	0	0	0	0	0	0	0	0	0	0	0	0	0	0	0	0
193	0	0	0	0	475	0	0	0	0	0	475	0	0	0	0.124816	0	0	0	0	0	0.124816	0	0	0	1	0	0	0	0	0	0	0	0	92	0	0	0	0	0	92	0	0	0	1	0	0	0	0	0	0	0	0	31.0496	0	0	0	0	0	31.0496	0	0	0	1	0	0	0	0	0	0	0	0	97	0	0	0	0	0	97	0	0	0	1	0	0	0	0	0	0	0	0	0	0	0	0	0	0	0	0	0	0	0	0	0	0	0	0	0	0	0	0	0	0	0	0	0	0	0	0	0	0	0	0	0	0	0
194	0	0	0	0	491	0	0	0	0	0	491	0	0	0	0.116322	0	0	0	0	0	0.116322	0	0	0	1	0	0	0	0	0	0	0	0	88	0	0	0	0	0	88	0	0	0	1	0	0	0	0	0	0	0	0	32.0574	0	0	0	0	0	32.0574	0	0	0	1	0	0	0	0	0	0	0	0	97	0	0	0	0	0	97	0	0	0	1	0	0	0	0	0	0	0	0	0	0	0	0	0	0	0	0	0	0	0	0	0	0	0	0	0	0	0	0	0	0	0	0	0	0	0	0	0	0	0	0	0	0	0
195	0	0	0	0	482	0	0	0	0	0	482	0	0	0	0.11603	0	0	0	0	0	0.11603	0	0	0	1	0	0	0	0	0	0	0	0	86	0	0	0	0	0	86	0	0	0	1	0	0	0	0	0	0	0	0	32.5291	0	0	0	0	0	32.5291	0	0	0	1	0	0	0	0	0	0	0	0	94	0	0	0	0	0	94	0	0	0	1	0	0	0	0	0	0	0	0	0	0	0	0	0	0	0	0	0	0	0	0	0	0	0	0	0	0	0	0	0	0	0	0	0	0	0	0	0	0	0	0	0	0	0
196	0	0	0	0	494	0	0	0	0	0	494	0	0	0	0.119668	0	0	0	0	0	0.119668	0	0	0	1	0	0	0	0	0	0	0	0	88	0	0	0	0	0	88	0	0	0	1	0	0	0	0	0	0	0	0	32.2977	0	0	0	0	0	32.2977	0	0	0	1	0	0	0	0	0	0	0	0	91	0	0	0	0	0	91	0	0	0	1	0	0	0	0	0	0	0	0	0	0	0	0	0	0	0	0	0	0	0	0	0	0	0	0	0	0	0	0	0	0	0	0	0	0	0	0	0	0	0	0	0	0	0
197	0	0	0	0	507	0	0	0	0	0	507	0	0	0	0.106373	0	0	0	0	0	0.106373	0	0	0	1	0	0	0	0	0	0	0	0	83	0	0	0	0	0	83	0	0	0	1	0	0	0	0	0	0	0	0	31.9039	0	0	0	0	0	31.9039	0	0	0	1	0	0	0	0	0	0	0	0	92	0	0	0	0	0	92	0	0	0	1	0	0	0	0	0	0	0	0	0	0	0	0	0	0	0	0	0	0	0	0	0	0	0	0	0	0	0	0	0	0	0	0	0	0	0	0	0	0	0	0	0	0	0
198	0	0	0	0	504	0	0	0	0	0	504	0	0	0	0.107714	0	0	0	0	0	0.107714	0	0	0	1	0	0	0	0	0	0	0	0	89	0	0	0	0	0	89	0	0	0	1	0	0	0	0	0	0	0	0	32.8099	0	0	0	0	0	32.8099	0	0	0	1	0	0	0	0	0	0	0	0	90	0	0	0	0	0	90	0	0	0	1	0	0	0	0	0	0	0	0	0	0	0	0	0	0	0	0	0	0	0	0	0	0	0	0	0	0	0	0	0	0	0	0	0	0	0	0	0	0	0	0	0	0	0
199	0	0	0	0	529	0	0	0	0	0	529	0	0	0	0.111539	0	0	0	0	0	0.111539	0	0	0	1	0	0	0	0	0	0	0	0	93	0	0	0	0	0	93	0	0	0	1	0	0	0	0	0	0	0	0	34.5183	0	0	0	0	0	34.5183	0	0	0	1	0	0	0	0	0	0	0	0	93	0	0	0	0	0	93	0	0	0	1	0	0	0	0	0	0	0	0	0	0	0	0	0	0	0	0	0	0	0	0	0	0	0	0	0	0	0	0	0	0	0	0	0	0	0	0	0	0	0	0	0	0	0
200	0	0	0	0	540	0	0	0	0	0	540	0	0	0	0.128329	0	0	0	0	0	0.128329	0	0	0	1	0	0	0	0	0	0	0	0	97	0	0	0	0	0	97	0	0	0	1	0	0	0	0	0	0	0	0	34.9058	0	0	0	0	0	34.9058	0	0	0	1	0	0	0	0	0	0	0	0	91	0	0	0	0	0	91	0	0	0	1	0	0	0	0	0	0	0	0	0	0	0	0	0	0	0	0	0	0	0	0	0	0	0	0	0	0	0	0	0	0	0	0	0	0	0	0	0	0	0	0	0	0	0
