Location: Fake forest
From parameter file: C:\Users\ben\Desktop\inputs\input_GMF_0-0-1-0-0-0-0-0-0.xml
Basal area is normalized to m^2/ha; density to #/ha.
Subplots:
0 = Whole plot
Step	Subplot	Sdl Abs Den: ACRU	Sdl Abs Den: ACSA	Sdl Abs Den: BEAL	Sdl Abs Den: FAGR	Sdl Abs Den: TSCA	Sdl Abs Den: FRAM	Sdl Abs Den: PIST	Sdl Abs Den: PRSE	Sdl Abs Den: QURU	Sdl Den Total:	Sapl Abs BA: ACRU	Sapl Abs BA: ACSA	Sapl Abs BA: BEAL	Sapl Abs BA: FAGR	Sapl Abs BA: TSCA	Sapl Abs BA: FRAM	Sapl Abs BA: PIST	Sapl Abs BA: PRSE	Sapl Abs BA: QURU	Sapl BA Total:	Sapl Rel BA: ACRU	Sapl Rel BA: ACSA	Sapl Rel BA: BEAL	Sapl Rel BA: FAGR	Sapl Rel BA: TSCA	Sapl Rel BA: FRAM	Sapl Rel BA: PIST	Sapl Rel BA: PRSE	Sapl Rel BA: QURU	Sapl Abs Den: ACRU	Sapl Abs Den: ACSA	Sapl Abs Den: BEAL	Sapl Abs Den: FAGR	Sapl Abs Den: TSCA	Sapl Abs Den: FRAM	Sapl Abs Den: PIST	Sapl Abs Den: PRSE	Sapl Abs Den: QURU	Sapl Den Total:	Sapl Rel Den: ACRU	Sapl Rel Den: ACSA	Sapl Rel Den: BEAL	Sapl Rel Den: FAGR	Sapl Rel Den: TSCA	Sapl Rel Den: FRAM	Sapl Rel Den: PIST	Sapl Rel Den: PRSE	Sapl Rel Den: QURU	Adult Abs BA: ACRU	Adult Abs BA: ACSA	Adult Abs BA: BEAL	Adult Abs BA: FAGR	Adult Abs BA: TSCA	Adult Abs BA: FRAM	Adult Abs BA: PIST	Adult Abs BA: PRSE	Adult Abs BA: QURU	Adult BA Total:	Adult Rel BA: ACRU	Adult Rel BA: ACSA	Adult Rel BA: BEAL	Adult Rel BA: FAGR	Adult Rel BA: TSCA	Adult Rel BA: FRAM	Adult Rel BA: PIST	Adult Rel BA: PRSE	Adult Rel BA: QURU	Adult Abs Den: ACRU	Adult Abs Den: ACSA	Adult Abs Den: BEAL	Adult Abs Den: FAGR	Adult Abs Den: TSCA	Adult Abs Den: FRAM	Adult Abs Den: PIST	Adult Abs Den: PRSE	Adult Abs Den: QURU	Adult Den Total:	Adult Rel Den: ACRU	Adult Rel Den: ACSA	Adult Rel Den: BEAL	Adult Rel Den: FAGR	Adult Rel Den: TSCA	Adult Rel Den: FRAM	Adult Rel Den: PIST	Adult Rel Den: PRSE	Adult Rel Den: QURU	Snag Abs BA: ACRU	Snag Abs BA: ACSA	Snag Abs BA: BEAL	Snag Abs BA: FAGR	Snag Abs BA: TSCA	Snag Abs BA: FRAM	Snag Abs BA: PIST	Snag Abs BA: PRSE	Snag Abs BA: QURU	Snag BA Total:	Snag Rel BA: ACRU	Snag Rel BA: ACSA	Snag Rel BA: BEAL	Snag Rel BA: FAGR	Snag Rel BA: TSCA	Snag Rel BA: FRAM	Snag Rel BA: PIST	Snag Rel BA: PRSE	Snag Rel BA: QURU	Snag Abs Den: ACRU	Snag Abs Den: ACSA	Snag Abs Den: BEAL	Snag Abs Den: FAGR	Snag Abs Den: TSCA	Snag Abs Den: FRAM	Snag Abs Den: PIST	Snag Abs Den: PRSE	Snag Abs Den: QURU	Snag Den Total:	Snag Rel Den: ACRU	Snag Rel Den: ACSA	Snag Rel Den: BEAL	Snag Rel Den: FAGR	Snag Rel Den: TSCA	Snag Rel Den: FRAM	Snag Rel Den: PIST	Snag Rel Den: PRSE	Snag Rel Den: QURU
0	0	0	0	0	0	0	0	0	0	0	0	0	0	0.000781094	0	0	0	0	0	0	0.000781094	0	0	1	0	0	0	0	0	0	0	0	25	0	0	0	0	0	0	25	0	0	1	0	0	0	0	0	0	0	0	0	0	0	0	0	0	0	0	0	0	0	0	0	0	0	0	0	0	0	0	0	0	0	0	0	0	0	0	0	0	0	0	0	0	0	0	0	0	0	0	0	0	0	0	0	0	0	0	0	0	0	0	0	0	0	0	0	0	0	0	0	0	0	0	0	0	0	0	0	0	0	0	0	0
1	0	0	0	0	0	0	0	0	0	0	0	0	0	0.00310756	0	0	0	0	0	0	0.00310756	0	0	1	0	0	0	0	0	0	0	0	21	0	0	0	0	0	0	21	0	0	1	0	0	0	0	0	0	0	0	0	0	0	0	0	0	0	0	0	0	0	0	0	0	0	0	0	0	0	0	0	0	0	0	0	0	0	0	0	0	0	0	0	0	0	0	0	0	0	0	0	0	0	0	0	0	0	0	0	0	0	0	0	0	0	0	0	0	0	0	0	0	0	0	0	0	0	0	0	0	0	0	0	0
2	0	0	0	0	0	0	0	0	0	0	0	0	0	0.0137958	0	0	0	0	0	0	0.0137958	0	0	1	0	0	0	0	0	0	0	0	20	0	0	0	0	0	0	20	0	0	1	0	0	0	0	0	0	0	0	0	0	0	0	0	0	0	0	0	0	0	0	0	0	0	0	0	0	0	0	0	0	0	0	0	0	0	0	0	0	0	0	0	0	0	0	0	0	0	0	0	0	0	0	0	0	0	0	0	0	0	0	0	0	0	0	0	0	0	0	0	0	0	0	0	0	0	0	0	0	0	0	0	0
3	0	0	0	0	0	0	0	0	0	0	0	0	0	0.0646004	0	0	0	0	0	0	0.0646004	0	0	1	0	0	0	0	0	0	0	0	20	0	0	0	0	0	0	20	0	0	1	0	0	0	0	0	0	0	0	0	0	0	0	0	0	0	0	0	0	0	0	0	0	0	0	0	0	0	0	0	0	0	0	0	0	0	0	0	0	0	0	0	0	0	0	0	0	0	0	0	0	0	0	0	0	0	0	0	0	0	0	0	0	0	0	0	0	0	0	0	0	0	0	0	0	0	0	0	0	0	0	0	0
4	0	0	0	1	0	0	0	0	0	0	1	0	0	0.0150331	0	0	0	0	0	0	0.0150331	0	0	1	0	0	0	0	0	0	0	0	3	0	0	0	0	0	0	3	0	0	1	0	0	0	0	0	0	0	0	0.262578	0	0	0	0	0	0	0.262578	0	0	1	0	0	0	0	0	0	0	0	14	0	0	0	0	0	0	14	0	0	1	0	0	0	0	0	0	0	0	0	0	0	0	0	0	0	0	0	0	0	0	0	0	0	0	0	0	0	0	0	0	0	0	0	0	0	0	0	0	0	0	0	0	0	0
5	0	0	0	3	0	0	0	0	0	0	3	0	0	0	0	0	0	0	0	0	0	0	0	0	0	0	0	0	0	0	0	0	0	0	0	0	0	0	0	0	0	0	0	0	0	0	0	0	0	0	0	0.751956	0	0	0	0	0	0	0.751956	0	0	1	0	0	0	0	0	0	0	0	16	0	0	0	0	0	0	16	0	0	1	0	0	0	0	0	0	0	0	0	0	0	0	0	0	0	0	0	0	0	0	0	0	0	0	0	0	0	0	0	0	0	0	0	0	0	0	0	0	0	0	0	0	0	0
6	0	0	0	12	0	0	0	0	0	0	12	0	0	0	0	0	0	0	0	0	0	0	0	0	0	0	0	0	0	0	0	0	0	0	0	0	0	0	0	0	0	0	0	0	0	0	0	0	0	0	0	1.10446	0	0	0	0	0	0	1.10446	0	0	1	0	0	0	0	0	0	0	0	15	0	0	0	0	0	0	15	0	0	1	0	0	0	0	0	0	0	0	0	0	0	0	0	0	0	0	0	0	0	0	0	0	0	0	0	0	0	0	0	0	0	0	0	0	0	0	0	0	0	0	0	0	0	0
7	0	0	0	15	0	0	0	0	0	0	15	0	0	0	0	0	0	0	0	0	0	0	0	0	0	0	0	0	0	0	0	0	0	0	0	0	0	0	0	0	0	0	0	0	0	0	0	0	0	0	0	1.29966	0	0	0	0	0	0	1.29966	0	0	1	0	0	0	0	0	0	0	0	13	0	0	0	0	0	0	13	0	0	1	0	0	0	0	0	0	0	0	0	0	0	0	0	0	0	0	0	0	0	0	0	0	0	0	0	0	0	0	0	0	0	0	0	0	0	0	0	0	0	0	0	0	0	0
8	0	0	0	20	0	0	0	0	0	0	20	0	0	0	0	0	0	0	0	0	0	0	0	0	0	0	0	0	0	0	0	0	0	0	0	0	0	0	0	0	0	0	0	0	0	0	0	0	0	0	0	1.49453	0	0	0	0	0	0	1.49453	0	0	1	0	0	0	0	0	0	0	0	12	0	0	0	0	0	0	12	0	0	1	0	0	0	0	0	0	0	0	0	0	0	0	0	0	0	0	0	0	0	0	0	0	0	0	0	0	0	0	0	0	0	0	0	0	0	0	0	0	0	0	0	0	0	0
9	0	0	0	20	0	0	0	0	0	0	20	0	0	0.000719967	0	0	0	0	0	0	0.000719967	0	0	1	0	0	0	0	0	0	0	0	4	0	0	0	0	0	0	4	0	0	1	0	0	0	0	0	0	0	0	1.7907	0	0	0	0	0	0	1.7907	0	0	1	0	0	0	0	0	0	0	0	12	0	0	0	0	0	0	12	0	0	1	0	0	0	0	0	0	0	0	0	0	0	0	0	0	0	0	0	0	0	0	0	0	0	0	0	0	0	0	0	0	0	0	0	0	0	0	0	0	0	0	0	0	0	0
10	0	0	0	18	0	0	0	0	0	0	18	0	0	0.0040785	0	0	0	0	0	0	0.0040785	0	0	1	0	0	0	0	0	0	0	0	8	0	0	0	0	0	0	8	0	0	1	0	0	0	0	0	0	0	0	1.90688	0	0	0	0	0	0	1.90688	0	0	1	0	0	0	0	0	0	0	0	11	0	0	0	0	0	0	11	0	0	1	0	0	0	0	0	0	0	0	0	0	0	0	0	0	0	0	0	0	0	0	0	0	0	0	0	0	0	0	0	0	0	0	0	0	0	0	0	0	0	0	0	0	0	0
11	0	0	0	21	0	0	0	0	0	0	21	0	0	0.0191854	0	0	0	0	0	0	0.0191854	0	0	1	0	0	0	0	0	0	0	0	9	0	0	0	0	0	0	9	0	0	1	0	0	0	0	0	0	0	0	2.17489	0	0	0	0	0	0	2.17489	0	0	1	0	0	0	0	0	0	0	0	11	0	0	0	0	0	0	11	0	0	1	0	0	0	0	0	0	0	0	0	0	0	0	0	0	0	0	0	0	0	0	0	0	0	0	0	0	0	0	0	0	0	0	0	0	0	0	0	0	0	0	0	0	0	0
12	0	0	0	24	0	0	0	0	0	0	24	0	0	0.0168734	0	0	0	0	0	0	0.0168734	0	0	1	0	0	0	0	0	0	0	0	7	0	0	0	0	0	0	7	0	0	1	0	0	0	0	0	0	0	0	2.29893	0	0	0	0	0	0	2.29893	0	0	1	0	0	0	0	0	0	0	0	14	0	0	0	0	0	0	14	0	0	1	0	0	0	0	0	0	0	0	0	0	0	0	0	0	0	0	0	0	0	0	0	0	0	0	0	0	0	0	0	0	0	0	0	0	0	0	0	0	0	0	0	0	0	0
13	0	0	0	28	0	0	0	0	0	0	28	0	0	0.00587711	0	0	0	0	0	0	0.00587711	0	0	1	0	0	0	0	0	0	0	0	6	0	0	0	0	0	0	6	0	0	1	0	0	0	0	0	0	0	0	2.43598	0	0	0	0	0	0	2.43598	0	0	1	0	0	0	0	0	0	0	0	16	0	0	0	0	0	0	16	0	0	1	0	0	0	0	0	0	0	0	0	0	0	0	0	0	0	0	0	0	0	0	0	0	0	0	0	0	0	0	0	0	0	0	0	0	0	0	0	0	0	0	0	0	0	0
14	0	0	0	24	0	0	0	0	0	0	24	0	0	0.0112698	0	0	0	0	0	0	0.0112698	0	0	1	0	0	0	0	0	0	0	0	11	0	0	0	0	0	0	11	0	0	1	0	0	0	0	0	0	0	0	2.55388	0	0	0	0	0	0	2.55388	0	0	1	0	0	0	0	0	0	0	0	15	0	0	0	0	0	0	15	0	0	1	0	0	0	0	0	0	0	0	0	0	0	0	0	0	0	0	0	0	0	0	0	0	0	0	0	0	0	0	0	0	0	0	0	0	0	0	0	0	0	0	0	0	0	0
15	0	0	0	26	0	0	0	0	0	0	26	0	0	0.016204	0	0	0	0	0	0	0.016204	0	0	1	0	0	0	0	0	0	0	0	11	0	0	0	0	0	0	11	0	0	1	0	0	0	0	0	0	0	0	2.66843	0	0	0	0	0	0	2.66843	0	0	1	0	0	0	0	0	0	0	0	16	0	0	0	0	0	0	16	0	0	1	0	0	0	0	0	0	0	0	0	0	0	0	0	0	0	0	0	0	0	0	0	0	0	0	0	0	0	0	0	0	0	0	0	0	0	0	0	0	0	0	0	0	0	0
16	0	0	0	29	0	0	0	0	0	0	29	0	0	0.0217423	0	0	0	0	0	0	0.0217423	0	0	1	0	0	0	0	0	0	0	0	10	0	0	0	0	0	0	10	0	0	1	0	0	0	0	0	0	0	0	3.00414	0	0	0	0	0	0	3.00414	0	0	1	0	0	0	0	0	0	0	0	18	0	0	0	0	0	0	18	0	0	1	0	0	0	0	0	0	0	0	0	0	0	0	0	0	0	0	0	0	0	0	0	0	0	0	0	0	0	0	0	0	0	0	0	0	0	0	0	0	0	0	0	0	0	0
17	0	0	0	38	0	0	0	0	0	0	38	0	0	0.013676	0	0	0	0	0	0	0.013676	0	0	1	0	0	0	0	0	0	0	0	9	0	0	0	0	0	0	9	0	0	1	0	0	0	0	0	0	0	0	3.55555	0	0	0	0	0	0	3.55555	0	0	1	0	0	0	0	0	0	0	0	23	0	0	0	0	0	0	23	0	0	1	0	0	0	0	0	0	0	0	0	0	0	0	0	0	0	0	0	0	0	0	0	0	0	0	0	0	0	0	0	0	0	0	0	0	0	0	0	0	0	0	0	0	0	0
18	0	0	0	42	0	0	0	0	0	0	42	0	0	0.00726773	0	0	0	0	0	0	0.00726773	0	0	1	0	0	0	0	0	0	0	0	7	0	0	0	0	0	0	7	0	0	1	0	0	0	0	0	0	0	0	4.13607	0	0	0	0	0	0	4.13607	0	0	1	0	0	0	0	0	0	0	0	25	0	0	0	0	0	0	25	0	0	1	0	0	0	0	0	0	0	0	0	0	0	0	0	0	0	0	0	0	0	0	0	0	0	0	0	0	0	0	0	0	0	0	0	0	0	0	0	0	0	0	0	0	0	0
19	0	0	0	56	0	0	0	0	0	0	56	0	0	0.017928	0	0	0	0	0	0	0.017928	0	0	1	0	0	0	0	0	0	0	0	11	0	0	0	0	0	0	11	0	0	1	0	0	0	0	0	0	0	0	4.7448	0	0	0	0	0	0	4.7448	0	0	1	0	0	0	0	0	0	0	0	25	0	0	0	0	0	0	25	0	0	1	0	0	0	0	0	0	0	0	0	0	0	0	0	0	0	0	0	0	0	0	0	0	0	0	0	0	0	0	0	0	0	0	0	0	0	0	0	0	0	0	0	0	0	0
20	0	0	0	53	0	0	0	0	0	0	53	0	0	0.0133465	0	0	0	0	0	0	0.0133465	0	0	1	0	0	0	0	0	0	0	0	18	0	0	0	0	0	0	18	0	0	1	0	0	0	0	0	0	0	0	5.11445	0	0	0	0	0	0	5.11445	0	0	1	0	0	0	0	0	0	0	0	27	0	0	0	0	0	0	27	0	0	1	0	0	0	0	0	0	0	0	0	0	0	0	0	0	0	0	0	0	0	0	0	0	0	0	0	0	0	0	0	0	0	0	0	0	0	0	0	0	0	0	0	0	0	0
21	0	0	0	68	0	0	0	0	0	0	68	0	0	0.0273011	0	0	0	0	0	0	0.0273011	0	0	1	0	0	0	0	0	0	0	0	23	0	0	0	0	0	0	23	0	0	1	0	0	0	0	0	0	0	0	5.83861	0	0	0	0	0	0	5.83861	0	0	1	0	0	0	0	0	0	0	0	29	0	0	0	0	0	0	29	0	0	1	0	0	0	0	0	0	0	0	0	0	0	0	0	0	0	0	0	0	0	0	0	0	0	0	0	0	0	0	0	0	0	0	0	0	0	0	0	0	0	0	0	0	0	0
22	0	0	0	67	0	0	0	0	0	0	67	0	0	0.044758	0	0	0	0	0	0	0.044758	0	0	1	0	0	0	0	0	0	0	0	26	0	0	0	0	0	0	26	0	0	1	0	0	0	0	0	0	0	0	6.37584	0	0	0	0	0	0	6.37584	0	0	1	0	0	0	0	0	0	0	0	33	0	0	0	0	0	0	33	0	0	1	0	0	0	0	0	0	0	0	0	0	0	0	0	0	0	0	0	0	0	0	0	0	0	0	0	0	0	0	0	0	0	0	0	0	0	0	0	0	0	0	0	0	0	0
23	0	0	0	76	0	0	0	0	0	0	76	0	0	0.0376705	0	0	0	0	0	0	0.0376705	0	0	1	0	0	0	0	0	0	0	0	25	0	0	0	0	0	0	25	0	0	1	0	0	0	0	0	0	0	0	7.31818	0	0	0	0	0	0	7.31818	0	0	1	0	0	0	0	0	0	0	0	42	0	0	0	0	0	0	42	0	0	1	0	0	0	0	0	0	0	0	0	0	0	0	0	0	0	0	0	0	0	0	0	0	0	0	0	0	0	0	0	0	0	0	0	0	0	0	0	0	0	0	0	0	0	0
24	0	0	0	79	0	0	0	0	0	0	79	0	0	0.0361612	0	0	0	0	0	0	0.0361612	0	0	1	0	0	0	0	0	0	0	0	27	0	0	0	0	0	0	27	0	0	1	0	0	0	0	0	0	0	0	7.06931	0	0	0	0	0	0	7.06931	0	0	1	0	0	0	0	0	0	0	0	44	0	0	0	0	0	0	44	0	0	1	0	0	0	0	0	0	0	0	0	0	0	0	0	0	0	0	0	0	0	0	0	0	0	0	0	0	0	0	0	0	0	0	0	0	0	0	0	0	0	0	0	0	0	0
25	0	0	0	86	0	0	0	0	0	0	86	0	0	0.0352406	0	0	0	0	0	0	0.0352406	0	0	1	0	0	0	0	0	0	0	0	27	0	0	0	0	0	0	27	0	0	1	0	0	0	0	0	0	0	0	7.97768	0	0	0	0	0	0	7.97768	0	0	1	0	0	0	0	0	0	0	0	49	0	0	0	0	0	0	49	0	0	1	0	0	0	0	0	0	0	0	0	0	0	0	0	0	0	0	0	0	0	0	0	0	0	0	0	0	0	0	0	0	0	0	0	0	0	0	0	0	0	0	0	0	0	0
26	0	0	0	102	0	0	0	0	0	0	102	0	0	0.0449905	0	0	0	0	0	0	0.0449905	0	0	1	0	0	0	0	0	0	0	0	32	0	0	0	0	0	0	32	0	0	1	0	0	0	0	0	0	0	0	8.7044	0	0	0	0	0	0	8.7044	0	0	1	0	0	0	0	0	0	0	0	53	0	0	0	0	0	0	53	0	0	1	0	0	0	0	0	0	0	0	0	0	0	0	0	0	0	0	0	0	0	0	0	0	0	0	0	0	0	0	0	0	0	0	0	0	0	0	0	0	0	0	0	0	0	0
27	0	0	0	90	0	0	0	0	0	0	90	0	0	0.0448736	0	0	0	0	0	0	0.0448736	0	0	1	0	0	0	0	0	0	0	0	37	0	0	0	0	0	0	37	0	0	1	0	0	0	0	0	0	0	0	9.72081	0	0	0	0	0	0	9.72081	0	0	1	0	0	0	0	0	0	0	0	60	0	0	0	0	0	0	60	0	0	1	0	0	0	0	0	0	0	0	0	0	0	0	0	0	0	0	0	0	0	0	0	0	0	0	0	0	0	0	0	0	0	0	0	0	0	0	0	0	0	0	0	0	0	0
28	0	0	0	113	0	0	0	0	0	0	113	0	0	0.0465052	0	0	0	0	0	0	0.0465052	0	0	1	0	0	0	0	0	0	0	0	39	0	0	0	0	0	0	39	0	0	1	0	0	0	0	0	0	0	0	11.1823	0	0	0	0	0	0	11.1823	0	0	1	0	0	0	0	0	0	0	0	67	0	0	0	0	0	0	67	0	0	1	0	0	0	0	0	0	0	0	0	0	0	0	0	0	0	0	0	0	0	0	0	0	0	0	0	0	0	0	0	0	0	0	0	0	0	0	0	0	0	0	0	0	0	0
29	0	0	0	127	0	0	0	0	0	0	127	0	0	0.060487	0	0	0	0	0	0	0.060487	0	0	1	0	0	0	0	0	0	0	0	44	0	0	0	0	0	0	44	0	0	1	0	0	0	0	0	0	0	0	12.2501	0	0	0	0	0	0	12.2501	0	0	1	0	0	0	0	0	0	0	0	74	0	0	0	0	0	0	74	0	0	1	0	0	0	0	0	0	0	0	0	0	0	0	0	0	0	0	0	0	0	0	0	0	0	0	0	0	0	0	0	0	0	0	0	0	0	0	0	0	0	0	0	0	0	0
30	0	0	0	141	0	0	0	0	0	0	141	0	0	0.0546359	0	0	0	0	0	0	0.0546359	0	0	1	0	0	0	0	0	0	0	0	44	0	0	0	0	0	0	44	0	0	1	0	0	0	0	0	0	0	0	13.8176	0	0	0	0	0	0	13.8176	0	0	1	0	0	0	0	0	0	0	0	85	0	0	0	0	0	0	85	0	0	1	0	0	0	0	0	0	0	0	0	0	0	0	0	0	0	0	0	0	0	0	0	0	0	0	0	0	0	0	0	0	0	0	0	0	0	0	0	0	0	0	0	0	0	0
31	0	0	0	157	0	0	0	0	0	0	157	0	0	0.0650515	0	0	0	0	0	0	0.0650515	0	0	1	0	0	0	0	0	0	0	0	45	0	0	0	0	0	0	45	0	0	1	0	0	0	0	0	0	0	0	14.9345	0	0	0	0	0	0	14.9345	0	0	1	0	0	0	0	0	0	0	0	87	0	0	0	0	0	0	87	0	0	1	0	0	0	0	0	0	0	0	0	0	0	0	0	0	0	0	0	0	0	0	0	0	0	0	0	0	0	0	0	0	0	0	0	0	0	0	0	0	0	0	0	0	0	0
32	0	0	0	164	0	0	0	0	0	0	164	0	0	0.0664179	0	0	0	0	0	0	0.0664179	0	0	1	0	0	0	0	0	0	0	0	51	0	0	0	0	0	0	51	0	0	1	0	0	0	0	0	0	0	0	17.1698	0	0	0	0	0	0	17.1698	0	0	1	0	0	0	0	0	0	0	0	96	0	0	0	0	0	0	96	0	0	1	0	0	0	0	0	0	0	0	0	0	0	0	0	0	0	0	0	0	0	0	0	0	0	0	0	0	0	0	0	0	0	0	0	0	0	0	0	0	0	0	0	0	0	0
33	0	0	0	186	0	0	0	0	0	0	186	0	0	0.0606774	0	0	0	0	0	0	0.0606774	0	0	1	0	0	0	0	0	0	0	0	55	0	0	0	0	0	0	55	0	0	1	0	0	0	0	0	0	0	0	19.2401	0	0	0	0	0	0	19.2401	0	0	1	0	0	0	0	0	0	0	0	104	0	0	0	0	0	0	104	0	0	1	0	0	0	0	0	0	0	0	0	0	0	0	0	0	0	0	0	0	0	0	0	0	0	0	0	0	0	0	0	0	0	0	0	0	0	0	0	0	0	0	0	0	0	0
34	0	0	0	220	0	0	0	0	0	0	220	0	0	0.0997604	0	0	0	0	0	0	0.0997604	0	0	1	0	0	0	0	0	0	0	0	64	0	0	0	0	0	0	64	0	0	1	0	0	0	0	0	0	0	0	20.9723	0	0	0	0	0	0	20.9723	0	0	1	0	0	0	0	0	0	0	0	109	0	0	0	0	0	0	109	0	0	1	0	0	0	0	0	0	0	0	0	0	0	0	0	0	0	0	0	0	0	0	0	0	0	0	0	0	0	0	0	0	0	0	0	0	0	0	0	0	0	0	0	0	0	0
35	0	0	0	229	0	0	0	0	0	0	229	0	0	0.109681	0	0	0	0	0	0	0.109681	0	0	1	0	0	0	0	0	0	0	0	75	0	0	0	0	0	0	75	0	0	1	0	0	0	0	0	0	0	0	21.9737	0	0	0	0	0	0	21.9737	0	0	1	0	0	0	0	0	0	0	0	118	0	0	0	0	0	0	118	0	0	1	0	0	0	0	0	0	0	0	0	0	0	0	0	0	0	0	0	0	0	0	0	0	0	0	0	0	0	0	0	0	0	0	0	0	0	0	0	0	0	0	0	0	0	0
36	0	0	0	259	0	0	0	0	0	0	259	0	0	0.100206	0	0	0	0	0	0	0.100206	0	0	1	0	0	0	0	0	0	0	0	78	0	0	0	0	0	0	78	0	0	1	0	0	0	0	0	0	0	0	24.7915	0	0	0	0	0	0	24.7915	0	0	1	0	0	0	0	0	0	0	0	131	0	0	0	0	0	0	131	0	0	1	0	0	0	0	0	0	0	0	0	0	0	0	0	0	0	0	0	0	0	0	0	0	0	0	0	0	0	0	0	0	0	0	0	0	0	0	0	0	0	0	0	0	0	0
37	0	0	0	273	0	0	0	0	0	0	273	0	0	0.114034	0	0	0	0	0	0	0.114034	0	0	1	0	0	0	0	0	0	0	0	82	0	0	0	0	0	0	82	0	0	1	0	0	0	0	0	0	0	0	27.6196	0	0	0	0	0	0	27.6196	0	0	1	0	0	0	0	0	0	0	0	142	0	0	0	0	0	0	142	0	0	1	0	0	0	0	0	0	0	0	0	0	0	0	0	0	0	0	0	0	0	0	0	0	0	0	0	0	0	0	0	0	0	0	0	0	0	0	0	0	0	0	0	0	0	0
38	0	0	0	311	0	0	0	0	0	0	311	0	0	0.12152	0	0	0	0	0	0	0.12152	0	0	1	0	0	0	0	0	0	0	0	82	0	0	0	0	0	0	82	0	0	1	0	0	0	0	0	0	0	0	30.4728	0	0	0	0	0	0	30.4728	0	0	1	0	0	0	0	0	0	0	0	156	0	0	0	0	0	0	156	0	0	1	0	0	0	0	0	0	0	0	0	0	0	0	0	0	0	0	0	0	0	0	0	0	0	0	0	0	0	0	0	0	0	0	0	0	0	0	0	0	0	0	0	0	0	0
39	0	0	0	314	0	0	0	0	0	0	314	0	0	0.108158	0	0	0	0	0	0	0.108158	0	0	1	0	0	0	0	0	0	0	0	88	0	0	0	0	0	0	88	0	0	1	0	0	0	0	0	0	0	0	31.2596	0	0	0	0	0	0	31.2596	0	0	1	0	0	0	0	0	0	0	0	160	0	0	0	0	0	0	160	0	0	1	0	0	0	0	0	0	0	0	0	0	0	0	0	0	0	0	0	0	0	0	0	0	0	0	0	0	0	0	0	0	0	0	0	0	0	0	0	0	0	0	0	0	0	0
40	0	0	0	346	0	0	0	0	0	0	346	0	0	0.153272	0	0	0	0	0	0	0.153272	0	0	1	0	0	0	0	0	0	0	0	102	0	0	0	0	0	0	102	0	0	1	0	0	0	0	0	0	0	0	32.8944	0	0	0	0	0	0	32.8944	0	0	1	0	0	0	0	0	0	0	0	160	0	0	0	0	0	0	160	0	0	1	0	0	0	0	0	0	0	0	0	0	0	0	0	0	0	0	0	0	0	0	0	0	0	0	0	0	0	0	0	0	0	0	0	0	0	0	0	0	0	0	0	0	0	0
41	0	0	0	371	0	0	0	0	0	0	371	0	0	0.152919	0	0	0	0	0	0	0.152919	0	0	1	0	0	0	0	0	0	0	0	102	0	0	0	0	0	0	102	0	0	1	0	0	0	0	0	0	0	0	35.9873	0	0	0	0	0	0	35.9873	0	0	1	0	0	0	0	0	0	0	0	173	0	0	0	0	0	0	173	0	0	1	0	0	0	0	0	0	0	0	0	0	0	0	0	0	0	0	0	0	0	0	0	0	0	0	0	0	0	0	0	0	0	0	0	0	0	0	0	0	0	0	0	0	0	0
42	0	0	0	380	0	0	0	0	0	0	380	0	0	0.154855	0	0	0	0	0	0	0.154855	0	0	1	0	0	0	0	0	0	0	0	106	0	0	0	0	0	0	106	0	0	1	0	0	0	0	0	0	0	0	37.2318	0	0	0	0	0	0	37.2318	0	0	1	0	0	0	0	0	0	0	0	178	0	0	0	0	0	0	178	0	0	1	0	0	0	0	0	0	0	0	0	0	0	0	0	0	0	0	0	0	0	0	0	0	0	0	0	0	0	0	0	0	0	0	0	0	0	0	0	0	0	0	0	0	0	0
43	0	0	0	410	0	0	0	0	0	0	410	0	0	0.160984	0	0	0	0	0	0	0.160984	0	0	1	0	0	0	0	0	0	0	0	99	0	0	0	0	0	0	99	0	0	1	0	0	0	0	0	0	0	0	40.1387	0	0	0	0	0	0	40.1387	0	0	1	0	0	0	0	0	0	0	0	187	0	0	0	0	0	0	187	0	0	1	0	0	0	0	0	0	0	0	0	0	0	0	0	0	0	0	0	0	0	0	0	0	0	0	0	0	0	0	0	0	0	0	0	0	0	0	0	0	0	0	0	0	0	0
44	0	0	0	433	0	0	0	0	0	0	433	0	0	0.169684	0	0	0	0	0	0	0.169684	0	0	1	0	0	0	0	0	0	0	0	104	0	0	0	0	0	0	104	0	0	1	0	0	0	0	0	0	0	0	43.5182	0	0	0	0	0	0	43.5182	0	0	1	0	0	0	0	0	0	0	0	200	0	0	0	0	0	0	200	0	0	1	0	0	0	0	0	0	0	0	0	0	0	0	0	0	0	0	0	0	0	0	0	0	0	0	0	0	0	0	0	0	0	0	0	0	0	0	0	0	0	0	0	0	0	0
45	0	0	0	447	0	0	0	0	0	0	447	0	0	0.181236	0	0	0	0	0	0	0.181236	0	0	1	0	0	0	0	0	0	0	0	109	0	0	0	0	0	0	109	0	0	1	0	0	0	0	0	0	0	0	46.7918	0	0	0	0	0	0	46.7918	0	0	1	0	0	0	0	0	0	0	0	211	0	0	0	0	0	0	211	0	0	1	0	0	0	0	0	0	0	0	0	0	0	0	0	0	0	0	0	0	0	0	0	0	0	0	0	0	0	0	0	0	0	0	0	0	0	0	0	0	0	0	0	0	0	0
46	0	0	0	474	0	0	0	0	0	0	474	0	0	0.15844	0	0	0	0	0	0	0.15844	0	0	1	0	0	0	0	0	0	0	0	96	0	0	0	0	0	0	96	0	0	1	0	0	0	0	0	0	0	0	48.7189	0	0	0	0	0	0	48.7189	0	0	1	0	0	0	0	0	0	0	0	217	0	0	0	0	0	0	217	0	0	1	0	0	0	0	0	0	0	0	0	0	0	0	0	0	0	0	0	0	0	0	0	0	0	0	0	0	0	0	0	0	0	0	0	0	0	0	0	0	0	0	0	0	0	0
47	0	0	0	476	0	0	0	0	0	0	476	0	0	0.200761	0	0	0	0	0	0	0.200761	0	0	1	0	0	0	0	0	0	0	0	101	0	0	0	0	0	0	101	0	0	1	0	0	0	0	0	0	0	0	50.5271	0	0	0	0	0	0	50.5271	0	0	1	0	0	0	0	0	0	0	0	218	0	0	0	0	0	0	218	0	0	1	0	0	0	0	0	0	0	0	0	0	0	0	0	0	0	0	0	0	0	0	0	0	0	0	0	0	0	0	0	0	0	0	0	0	0	0	0	0	0	0	0	0	0	0
48	0	0	0	497	0	0	0	0	0	0	497	0	0	0.159897	0	0	0	0	0	0	0.159897	0	0	1	0	0	0	0	0	0	0	0	94	0	0	0	0	0	0	94	0	0	1	0	0	0	0	0	0	0	0	53.5085	0	0	0	0	0	0	53.5085	0	0	1	0	0	0	0	0	0	0	0	231	0	0	0	0	0	0	231	0	0	1	0	0	0	0	0	0	0	0	0	0	0	0	0	0	0	0	0	0	0	0	0	0	0	0	0	0	0	0	0	0	0	0	0	0	0	0	0	0	0	0	0	0	0	0
49	0	0	0	533	0	0	0	0	0	0	533	0	0	0.14698	0	0	0	0	0	0	0.14698	0	0	1	0	0	0	0	0	0	0	0	85	0	0	0	0	0	0	85	0	0	1	0	0	0	0	0	0	0	0	55.973	0	0	0	0	0	0	55.973	0	0	1	0	0	0	0	0	0	0	0	236	0	0	0	0	0	0	236	0	0	1	0	0	0	0	0	0	0	0	0	0	0	0	0	0	0	0	0	0	0	0	0	0	0	0	0	0	0	0	0	0	0	0	0	0	0	0	0	0	0	0	0	0	0	0
50	0	0	0	529	0	0	0	0	0	0	529	0	0	0.190977	0	0	0	0	0	0	0.190977	0	0	1	0	0	0	0	0	0	0	0	83	0	0	0	0	0	0	83	0	0	1	0	0	0	0	0	0	0	0	59.2267	0	0	0	0	0	0	59.2267	0	0	1	0	0	0	0	0	0	0	0	238	0	0	0	0	0	0	238	0	0	1	0	0	0	0	0	0	0	0	0	0	0	0	0	0	0	0	0	0	0	0	0	0	0	0	0	0	0	0	0	0	0	0	0	0	0	0	0	0	0	0	0	0	0	0
51	0	0	0	555	0	0	0	0	0	0	555	0	0	0.153835	0	0	0	0	0	0	0.153835	0	0	1	0	0	0	0	0	0	0	0	77	0	0	0	0	0	0	77	0	0	1	0	0	0	0	0	0	0	0	60.6275	0	0	0	0	0	0	60.6275	0	0	1	0	0	0	0	0	0	0	0	248	0	0	0	0	0	0	248	0	0	1	0	0	0	0	0	0	0	0	0	0	0	0	0	0	0	0	0	0	0	0	0	0	0	0	0	0	0	0	0	0	0	0	0	0	0	0	0	0	0	0	0	0	0	0
52	0	0	0	566	0	0	0	0	0	0	566	0	0	0.136662	0	0	0	0	0	0	0.136662	0	0	1	0	0	0	0	0	0	0	0	78	0	0	0	0	0	0	78	0	0	1	0	0	0	0	0	0	0	0	62.7402	0	0	0	0	0	0	62.7402	0	0	1	0	0	0	0	0	0	0	0	245	0	0	0	0	0	0	245	0	0	1	0	0	0	0	0	0	0	0	0	0	0	0	0	0	0	0	0	0	0	0	0	0	0	0	0	0	0	0	0	0	0	0	0	0	0	0	0	0	0	0	0	0	0	0
53	0	0	0	569	0	0	0	0	0	0	569	0	0	0.14799	0	0	0	0	0	0	0.14799	0	0	1	0	0	0	0	0	0	0	0	83	0	0	0	0	0	0	83	0	0	1	0	0	0	0	0	0	0	0	62.4306	0	0	0	0	0	0	62.4306	0	0	1	0	0	0	0	0	0	0	0	241	0	0	0	0	0	0	241	0	0	1	0	0	0	0	0	0	0	0	0	0	0	0	0	0	0	0	0	0	0	0	0	0	0	0	0	0	0	0	0	0	0	0	0	0	0	0	0	0	0	0	0	0	0	0
54	0	0	0	579	0	0	0	0	0	0	579	0	0	0.111294	0	0	0	0	0	0	0.111294	0	0	1	0	0	0	0	0	0	0	0	78	0	0	0	0	0	0	78	0	0	1	0	0	0	0	0	0	0	0	64.3937	0	0	0	0	0	0	64.3937	0	0	1	0	0	0	0	0	0	0	0	246	0	0	0	0	0	0	246	0	0	1	0	0	0	0	0	0	0	0	0	0	0	0	0	0	0	0	0	0	0	0	0	0	0	0	0	0	0	0	0	0	0	0	0	0	0	0	0	0	0	0	0	0	0	0
55	0	0	0	614	0	0	0	0	0	0	614	0	0	0.127836	0	0	0	0	0	0	0.127836	0	0	1	0	0	0	0	0	0	0	0	76	0	0	0	0	0	0	76	0	0	1	0	0	0	0	0	0	0	0	66.9972	0	0	0	0	0	0	66.9972	0	0	1	0	0	0	0	0	0	0	0	245	0	0	0	0	0	0	245	0	0	1	0	0	0	0	0	0	0	0	0	0	0	0	0	0	0	0	0	0	0	0	0	0	0	0	0	0	0	0	0	0	0	0	0	0	0	0	0	0	0	0	0	0	0	0
56	0	0	0	636	0	0	0	0	0	0	636	0	0	0.134202	0	0	0	0	0	0	0.134202	0	0	1	0	0	0	0	0	0	0	0	82	0	0	0	0	0	0	82	0	0	1	0	0	0	0	0	0	0	0	67.6096	0	0	0	0	0	0	67.6096	0	0	1	0	0	0	0	0	0	0	0	240	0	0	0	0	0	0	240	0	0	1	0	0	0	0	0	0	0	0	0	0	0	0	0	0	0	0	0	0	0	0	0	0	0	0	0	0	0	0	0	0	0	0	0	0	0	0	0	0	0	0	0	0	0	0
57	0	0	0	649	0	0	0	0	0	0	649	0	0	0.157222	0	0	0	0	0	0	0.157222	0	0	1	0	0	0	0	0	0	0	0	78	0	0	0	0	0	0	78	0	0	1	0	0	0	0	0	0	0	0	70.0597	0	0	0	0	0	0	70.0597	0	0	1	0	0	0	0	0	0	0	0	241	0	0	0	0	0	0	241	0	0	1	0	0	0	0	0	0	0	0	0	0	0	0	0	0	0	0	0	0	0	0	0	0	0	0	0	0	0	0	0	0	0	0	0	0	0	0	0	0	0	0	0	0	0	0
58	0	0	0	658	0	0	0	0	0	0	658	0	0	0.146153	0	0	0	0	0	0	0.146153	0	0	1	0	0	0	0	0	0	0	0	78	0	0	0	0	0	0	78	0	0	1	0	0	0	0	0	0	0	0	71.8534	0	0	0	0	0	0	71.8534	0	0	1	0	0	0	0	0	0	0	0	243	0	0	0	0	0	0	243	0	0	1	0	0	0	0	0	0	0	0	0	0	0	0	0	0	0	0	0	0	0	0	0	0	0	0	0	0	0	0	0	0	0	0	0	0	0	0	0	0	0	0	0	0	0	0
59	0	0	0	651	0	0	0	0	0	0	651	0	0	0.139564	0	0	0	0	0	0	0.139564	0	0	1	0	0	0	0	0	0	0	0	81	0	0	0	0	0	0	81	0	0	1	0	0	0	0	0	0	0	0	73.0233	0	0	0	0	0	0	73.0233	0	0	1	0	0	0	0	0	0	0	0	245	0	0	0	0	0	0	245	0	0	1	0	0	0	0	0	0	0	0	0	0	0	0	0	0	0	0	0	0	0	0	0	0	0	0	0	0	0	0	0	0	0	0	0	0	0	0	0	0	0	0	0	0	0	0
60	0	0	0	681	0	0	0	0	0	0	681	0	0	0.11684	0	0	0	0	0	0	0.11684	0	0	1	0	0	0	0	0	0	0	0	67	0	0	0	0	0	0	67	0	0	1	0	0	0	0	0	0	0	0	75.887	0	0	0	0	0	0	75.887	0	0	1	0	0	0	0	0	0	0	0	247	0	0	0	0	0	0	247	0	0	1	0	0	0	0	0	0	0	0	0	0	0	0	0	0	0	0	0	0	0	0	0	0	0	0	0	0	0	0	0	0	0	0	0	0	0	0	0	0	0	0	0	0	0	0
61	0	0	0	702	0	0	0	0	0	0	702	0	0	0.132473	0	0	0	0	0	0	0.132473	0	0	1	0	0	0	0	0	0	0	0	63	0	0	0	0	0	0	63	0	0	1	0	0	0	0	0	0	0	0	79.4996	0	0	0	0	0	0	79.4996	0	0	1	0	0	0	0	0	0	0	0	246	0	0	0	0	0	0	246	0	0	1	0	0	0	0	0	0	0	0	0	0	0	0	0	0	0	0	0	0	0	0	0	0	0	0	0	0	0	0	0	0	0	0	0	0	0	0	0	0	0	0	0	0	0	0
62	0	0	0	698	0	0	0	0	0	0	698	0	0	0.126505	0	0	0	0	0	0	0.126505	0	0	1	0	0	0	0	0	0	0	0	55	0	0	0	0	0	0	55	0	0	1	0	0	0	0	0	0	0	0	78.5086	0	0	0	0	0	0	78.5086	0	0	1	0	0	0	0	0	0	0	0	242	0	0	0	0	0	0	242	0	0	1	0	0	0	0	0	0	0	0	0	0	0	0	0	0	0	0	0	0	0	0	0	0	0	0	0	0	0	0	0	0	0	0	0	0	0	0	0	0	0	0	0	0	0	0
63	0	0	0	726	0	0	0	0	0	0	726	0	0	0.136143	0	0	0	0	0	0	0.136143	0	0	1	0	0	0	0	0	0	0	0	59	0	0	0	0	0	0	59	0	0	1	0	0	0	0	0	0	0	0	79.2568	0	0	0	0	0	0	79.2568	0	0	1	0	0	0	0	0	0	0	0	236	0	0	0	0	0	0	236	0	0	1	0	0	0	0	0	0	0	0	0	0	0	0	0	0	0	0	0	0	0	0	0	0	0	0	0	0	0	0	0	0	0	0	0	0	0	0	0	0	0	0	0	0	0	0
64	0	0	0	735	0	0	0	0	0	0	735	0	0	0.100807	0	0	0	0	0	0	0.100807	0	0	1	0	0	0	0	0	0	0	0	52	0	0	0	0	0	0	52	0	0	1	0	0	0	0	0	0	0	0	82.5774	0	0	0	0	0	0	82.5774	0	0	1	0	0	0	0	0	0	0	0	239	0	0	0	0	0	0	239	0	0	1	0	0	0	0	0	0	0	0	0	0	0	0	0	0	0	0	0	0	0	0	0	0	0	0	0	0	0	0	0	0	0	0	0	0	0	0	0	0	0	0	0	0	0	0
65	0	0	0	757	0	0	0	0	0	0	757	0	0	0.0851184	0	0	0	0	0	0	0.0851184	0	0	1	0	0	0	0	0	0	0	0	47	0	0	0	0	0	0	47	0	0	1	0	0	0	0	0	0	0	0	82.3506	0	0	0	0	0	0	82.3506	0	0	1	0	0	0	0	0	0	0	0	234	0	0	0	0	0	0	234	0	0	1	0	0	0	0	0	0	0	0	0	0	0	0	0	0	0	0	0	0	0	0	0	0	0	0	0	0	0	0	0	0	0	0	0	0	0	0	0	0	0	0	0	0	0	0
66	0	0	0	735	0	0	0	0	0	0	735	0	0	0.0925944	0	0	0	0	0	0	0.0925944	0	0	1	0	0	0	0	0	0	0	0	44	0	0	0	0	0	0	44	0	0	1	0	0	0	0	0	0	0	0	84.8147	0	0	0	0	0	0	84.8147	0	0	1	0	0	0	0	0	0	0	0	234	0	0	0	0	0	0	234	0	0	1	0	0	0	0	0	0	0	0	0	0	0	0	0	0	0	0	0	0	0	0	0	0	0	0	0	0	0	0	0	0	0	0	0	0	0	0	0	0	0	0	0	0	0	0
67	0	0	0	748	0	0	0	0	0	0	748	0	0	0.080035	0	0	0	0	0	0	0.080035	0	0	1	0	0	0	0	0	0	0	0	46	0	0	0	0	0	0	46	0	0	1	0	0	0	0	0	0	0	0	87.6494	0	0	0	0	0	0	87.6494	0	0	1	0	0	0	0	0	0	0	0	233	0	0	0	0	0	0	233	0	0	1	0	0	0	0	0	0	0	0	0	0	0	0	0	0	0	0	0	0	0	0	0	0	0	0	0	0	0	0	0	0	0	0	0	0	0	0	0	0	0	0	0	0	0	0
68	0	0	0	773	0	0	0	0	0	0	773	0	0	0.0691142	0	0	0	0	0	0	0.0691142	0	0	1	0	0	0	0	0	0	0	0	43	0	0	0	0	0	0	43	0	0	1	0	0	0	0	0	0	0	0	91.7678	0	0	0	0	0	0	91.7678	0	0	1	0	0	0	0	0	0	0	0	236	0	0	0	0	0	0	236	0	0	1	0	0	0	0	0	0	0	0	0	0	0	0	0	0	0	0	0	0	0	0	0	0	0	0	0	0	0	0	0	0	0	0	0	0	0	0	0	0	0	0	0	0	0	0
69	0	0	0	817	0	0	0	0	0	0	817	0	0	0.0618342	0	0	0	0	0	0	0.0618342	0	0	1	0	0	0	0	0	0	0	0	31	0	0	0	0	0	0	31	0	0	1	0	0	0	0	0	0	0	0	94.1616	0	0	0	0	0	0	94.1616	0	0	1	0	0	0	0	0	0	0	0	233	0	0	0	0	0	0	233	0	0	1	0	0	0	0	0	0	0	0	0	0	0	0	0	0	0	0	0	0	0	0	0	0	0	0	0	0	0	0	0	0	0	0	0	0	0	0	0	0	0	0	0	0	0	0
70	0	0	0	814	0	0	0	0	0	0	814	0	0	0.072955	0	0	0	0	0	0	0.072955	0	0	1	0	0	0	0	0	0	0	0	25	0	0	0	0	0	0	25	0	0	1	0	0	0	0	0	0	0	0	94.5738	0	0	0	0	0	0	94.5738	0	0	1	0	0	0	0	0	0	0	0	223	0	0	0	0	0	0	223	0	0	1	0	0	0	0	0	0	0	0	0	0	0	0	0	0	0	0	0	0	0	0	0	0	0	0	0	0	0	0	0	0	0	0	0	0	0	0	0	0	0	0	0	0	0	0
71	0	0	0	821	0	0	0	0	0	0	821	0	0	0.0494649	0	0	0	0	0	0	0.0494649	0	0	1	0	0	0	0	0	0	0	0	20	0	0	0	0	0	0	20	0	0	1	0	0	0	0	0	0	0	0	94.7001	0	0	0	0	0	0	94.7001	0	0	1	0	0	0	0	0	0	0	0	221	0	0	0	0	0	0	221	0	0	1	0	0	0	0	0	0	0	0	0	0	0	0	0	0	0	0	0	0	0	0	0	0	0	0	0	0	0	0	0	0	0	0	0	0	0	0	0	0	0	0	0	0	0	0
72	0	0	0	814	0	0	0	0	0	0	814	0	0	0.0245397	0	0	0	0	0	0	0.0245397	0	0	1	0	0	0	0	0	0	0	0	10	0	0	0	0	0	0	10	0	0	1	0	0	0	0	0	0	0	0	93.253	0	0	0	0	0	0	93.253	0	0	1	0	0	0	0	0	0	0	0	211	0	0	0	0	0	0	211	0	0	1	0	0	0	0	0	0	0	0	0	0	0	0	0	0	0	0	0	0	0	0	0	0	0	0	0	0	0	0	0	0	0	0	0	0	0	0	0	0	0	0	0	0	0	0
73	0	0	0	778	0	0	0	0	0	0	778	0	0	0.0293722	0	0	0	0	0	0	0.0293722	0	0	1	0	0	0	0	0	0	0	0	10	0	0	0	0	0	0	10	0	0	1	0	0	0	0	0	0	0	0	89.6184	0	0	0	0	0	0	89.6184	0	0	1	0	0	0	0	0	0	0	0	198	0	0	0	0	0	0	198	0	0	1	0	0	0	0	0	0	0	0	0	0	0	0	0	0	0	0	0	0	0	0	0	0	0	0	0	0	0	0	0	0	0	0	0	0	0	0	0	0	0	0	0	0	0	0
74	0	0	0	797	0	0	0	0	0	0	797	0	0	0.0130124	0	0	0	0	0	0	0.0130124	0	0	1	0	0	0	0	0	0	0	0	9	0	0	0	0	0	0	9	0	0	1	0	0	0	0	0	0	0	0	88.1785	0	0	0	0	0	0	88.1785	0	0	1	0	0	0	0	0	0	0	0	194	0	0	0	0	0	0	194	0	0	1	0	0	0	0	0	0	0	0	0	0	0	0	0	0	0	0	0	0	0	0	0	0	0	0	0	0	0	0	0	0	0	0	0	0	0	0	0	0	0	0	0	0	0	0
75	0	0	0	761	0	0	0	0	0	0	761	0	0	0.0203727	0	0	0	0	0	0	0.0203727	0	0	1	0	0	0	0	0	0	0	0	14	0	0	0	0	0	0	14	0	0	1	0	0	0	0	0	0	0	0	84.2258	0	0	0	0	0	0	84.2258	0	0	1	0	0	0	0	0	0	0	0	177	0	0	0	0	0	0	177	0	0	1	0	0	0	0	0	0	0	0	0	0	0	0	0	0	0	0	0	0	0	0	0	0	0	0	0	0	0	0	0	0	0	0	0	0	0	0	0	0	0	0	0	0	0	0
76	0	0	0	756	0	0	0	0	0	0	756	0	0	0.0145544	0	0	0	0	0	0	0.0145544	0	0	1	0	0	0	0	0	0	0	0	22	0	0	0	0	0	0	22	0	0	1	0	0	0	0	0	0	0	0	84.0051	0	0	0	0	0	0	84.0051	0	0	1	0	0	0	0	0	0	0	0	171	0	0	0	0	0	0	171	0	0	1	0	0	0	0	0	0	0	0	0	0	0	0	0	0	0	0	0	0	0	0	0	0	0	0	0	0	0	0	0	0	0	0	0	0	0	0	0	0	0	0	0	0	0	0
77	0	0	0	792	0	0	0	0	0	0	792	0	0	0.0374289	0	0	0	0	0	0	0.0374289	0	0	1	0	0	0	0	0	0	0	0	38	0	0	0	0	0	0	38	0	0	1	0	0	0	0	0	0	0	0	84.044	0	0	0	0	0	0	84.044	0	0	1	0	0	0	0	0	0	0	0	165	0	0	0	0	0	0	165	0	0	1	0	0	0	0	0	0	0	0	0	0	0	0	0	0	0	0	0	0	0	0	0	0	0	0	0	0	0	0	0	0	0	0	0	0	0	0	0	0	0	0	0	0	0	0
78	0	0	0	789	0	0	0	0	0	0	789	0	0	0.0492938	0	0	0	0	0	0	0.0492938	0	0	1	0	0	0	0	0	0	0	0	42	0	0	0	0	0	0	42	0	0	1	0	0	0	0	0	0	0	0	83.2216	0	0	0	0	0	0	83.2216	0	0	1	0	0	0	0	0	0	0	0	161	0	0	0	0	0	0	161	0	0	1	0	0	0	0	0	0	0	0	0	0	0	0	0	0	0	0	0	0	0	0	0	0	0	0	0	0	0	0	0	0	0	0	0	0	0	0	0	0	0	0	0	0	0	0
79	0	0	0	755	0	0	0	0	0	0	755	0	0	0.0630566	0	0	0	0	0	0	0.0630566	0	0	1	0	0	0	0	0	0	0	0	50	0	0	0	0	0	0	50	0	0	1	0	0	0	0	0	0	0	0	80.2623	0	0	0	0	0	0	80.2623	0	0	1	0	0	0	0	0	0	0	0	157	0	0	0	0	0	0	157	0	0	1	0	0	0	0	0	0	0	0	0	0	0	0	0	0	0	0	0	0	0	0	0	0	0	0	0	0	0	0	0	0	0	0	0	0	0	0	0	0	0	0	0	0	0	0
80	0	0	0	764	0	0	0	0	0	0	764	0	0	0.088862	0	0	0	0	0	0	0.088862	0	0	1	0	0	0	0	0	0	0	0	55	0	0	0	0	0	0	55	0	0	1	0	0	0	0	0	0	0	0	80.2551	0	0	0	0	0	0	80.2551	0	0	1	0	0	0	0	0	0	0	0	160	0	0	0	0	0	0	160	0	0	1	0	0	0	0	0	0	0	0	0	0	0	0	0	0	0	0	0	0	0	0	0	0	0	0	0	0	0	0	0	0	0	0	0	0	0	0	0	0	0	0	0	0	0	0
81	0	0	0	758	0	0	0	0	0	0	758	0	0	0.0874659	0	0	0	0	0	0	0.0874659	0	0	1	0	0	0	0	0	0	0	0	54	0	0	0	0	0	0	54	0	0	1	0	0	0	0	0	0	0	0	77.8035	0	0	0	0	0	0	77.8035	0	0	1	0	0	0	0	0	0	0	0	165	0	0	0	0	0	0	165	0	0	1	0	0	0	0	0	0	0	0	0	0	0	0	0	0	0	0	0	0	0	0	0	0	0	0	0	0	0	0	0	0	0	0	0	0	0	0	0	0	0	0	0	0	0	0
82	0	0	0	741	0	0	0	0	0	0	741	0	0	0.0749854	0	0	0	0	0	0	0.0749854	0	0	1	0	0	0	0	0	0	0	0	60	0	0	0	0	0	0	60	0	0	1	0	0	0	0	0	0	0	0	78.4279	0	0	0	0	0	0	78.4279	0	0	1	0	0	0	0	0	0	0	0	171	0	0	0	0	0	0	171	0	0	1	0	0	0	0	0	0	0	0	0	0	0	0	0	0	0	0	0	0	0	0	0	0	0	0	0	0	0	0	0	0	0	0	0	0	0	0	0	0	0	0	0	0	0	0
83	0	0	0	764	0	0	0	0	0	0	764	0	0	0.0780761	0	0	0	0	0	0	0.0780761	0	0	1	0	0	0	0	0	0	0	0	70	0	0	0	0	0	0	70	0	0	1	0	0	0	0	0	0	0	0	79.829	0	0	0	0	0	0	79.829	0	0	1	0	0	0	0	0	0	0	0	173	0	0	0	0	0	0	173	0	0	1	0	0	0	0	0	0	0	0	0	0	0	0	0	0	0	0	0	0	0	0	0	0	0	0	0	0	0	0	0	0	0	0	0	0	0	0	0	0	0	0	0	0	0	0
84	0	0	0	765	0	0	0	0	0	0	765	0	0	0.101723	0	0	0	0	0	0	0.101723	0	0	1	0	0	0	0	0	0	0	0	78	0	0	0	0	0	0	78	0	0	1	0	0	0	0	0	0	0	0	79.7225	0	0	0	0	0	0	79.7225	0	0	1	0	0	0	0	0	0	0	0	174	0	0	0	0	0	0	174	0	0	1	0	0	0	0	0	0	0	0	0	0	0	0	0	0	0	0	0	0	0	0	0	0	0	0	0	0	0	0	0	0	0	0	0	0	0	0	0	0	0	0	0	0	0	0
85	0	0	0	736	0	0	0	0	0	0	736	0	0	0.108063	0	0	0	0	0	0	0.108063	0	0	1	0	0	0	0	0	0	0	0	78	0	0	0	0	0	0	78	0	0	1	0	0	0	0	0	0	0	0	78.6778	0	0	0	0	0	0	78.6778	0	0	1	0	0	0	0	0	0	0	0	174	0	0	0	0	0	0	174	0	0	1	0	0	0	0	0	0	0	0	0	0	0	0	0	0	0	0	0	0	0	0	0	0	0	0	0	0	0	0	0	0	0	0	0	0	0	0	0	0	0	0	0	0	0	0
86	0	0	0	756	0	0	0	0	0	0	756	0	0	0.142261	0	0	0	0	0	0	0.142261	0	0	1	0	0	0	0	0	0	0	0	75	0	0	0	0	0	0	75	0	0	1	0	0	0	0	0	0	0	0	79.5433	0	0	0	0	0	0	79.5433	0	0	1	0	0	0	0	0	0	0	0	176	0	0	0	0	0	0	176	0	0	1	0	0	0	0	0	0	0	0	0	0	0	0	0	0	0	0	0	0	0	0	0	0	0	0	0	0	0	0	0	0	0	0	0	0	0	0	0	0	0	0	0	0	0	0
87	0	0	0	764	0	0	0	0	0	0	764	0	0	0.131384	0	0	0	0	0	0	0.131384	0	0	1	0	0	0	0	0	0	0	0	77	0	0	0	0	0	0	77	0	0	1	0	0	0	0	0	0	0	0	80.3326	0	0	0	0	0	0	80.3326	0	0	1	0	0	0	0	0	0	0	0	184	0	0	0	0	0	0	184	0	0	1	0	0	0	0	0	0	0	0	0	0	0	0	0	0	0	0	0	0	0	0	0	0	0	0	0	0	0	0	0	0	0	0	0	0	0	0	0	0	0	0	0	0	0	0
88	0	0	0	806	0	0	0	0	0	0	806	0	0	0.124522	0	0	0	0	0	0	0.124522	0	0	1	0	0	0	0	0	0	0	0	74	0	0	0	0	0	0	74	0	0	1	0	0	0	0	0	0	0	0	83.4947	0	0	0	0	0	0	83.4947	0	0	1	0	0	0	0	0	0	0	0	192	0	0	0	0	0	0	192	0	0	1	0	0	0	0	0	0	0	0	0	0	0	0	0	0	0	0	0	0	0	0	0	0	0	0	0	0	0	0	0	0	0	0	0	0	0	0	0	0	0	0	0	0	0	0
89	0	0	0	765	0	0	0	0	0	0	765	0	0	0.111663	0	0	0	0	0	0	0.111663	0	0	1	0	0	0	0	0	0	0	0	63	0	0	0	0	0	0	63	0	0	1	0	0	0	0	0	0	0	0	80.4306	0	0	0	0	0	0	80.4306	0	0	1	0	0	0	0	0	0	0	0	196	0	0	0	0	0	0	196	0	0	1	0	0	0	0	0	0	0	0	0	0	0	0	0	0	0	0	0	0	0	0	0	0	0	0	0	0	0	0	0	0	0	0	0	0	0	0	0	0	0	0	0	0	0	0
90	0	0	0	765	0	0	0	0	0	0	765	0	0	0.111752	0	0	0	0	0	0	0.111752	0	0	1	0	0	0	0	0	0	0	0	71	0	0	0	0	0	0	71	0	0	1	0	0	0	0	0	0	0	0	79.2436	0	0	0	0	0	0	79.2436	0	0	1	0	0	0	0	0	0	0	0	200	0	0	0	0	0	0	200	0	0	1	0	0	0	0	0	0	0	0	0	0	0	0	0	0	0	0	0	0	0	0	0	0	0	0	0	0	0	0	0	0	0	0	0	0	0	0	0	0	0	0	0	0	0	0
91	0	0	0	768	0	0	0	0	0	0	768	0	0	0.103573	0	0	0	0	0	0	0.103573	0	0	1	0	0	0	0	0	0	0	0	73	0	0	0	0	0	0	73	0	0	1	0	0	0	0	0	0	0	0	79.9378	0	0	0	0	0	0	79.9378	0	0	1	0	0	0	0	0	0	0	0	202	0	0	0	0	0	0	202	0	0	1	0	0	0	0	0	0	0	0	0	0	0	0	0	0	0	0	0	0	0	0	0	0	0	0	0	0	0	0	0	0	0	0	0	0	0	0	0	0	0	0	0	0	0	0
92	0	0	0	759	0	0	0	0	0	0	759	0	0	0.116411	0	0	0	0	0	0	0.116411	0	0	1	0	0	0	0	0	0	0	0	72	0	0	0	0	0	0	72	0	0	1	0	0	0	0	0	0	0	0	81.4248	0	0	0	0	0	0	81.4248	0	0	1	0	0	0	0	0	0	0	0	206	0	0	0	0	0	0	206	0	0	1	0	0	0	0	0	0	0	0	0	0	0	0	0	0	0	0	0	0	0	0	0	0	0	0	0	0	0	0	0	0	0	0	0	0	0	0	0	0	0	0	0	0	0	0
93	0	0	0	759	0	0	0	0	0	0	759	0	0	0.114555	0	0	0	0	0	0	0.114555	0	0	1	0	0	0	0	0	0	0	0	73	0	0	0	0	0	0	73	0	0	1	0	0	0	0	0	0	0	0	82.8226	0	0	0	0	0	0	82.8226	0	0	1	0	0	0	0	0	0	0	0	208	0	0	0	0	0	0	208	0	0	1	0	0	0	0	0	0	0	0	0	0	0	0	0	0	0	0	0	0	0	0	0	0	0	0	0	0	0	0	0	0	0	0	0	0	0	0	0	0	0	0	0	0	0	0
94	0	0	0	797	0	0	0	0	0	0	797	0	0	0.124979	0	0	0	0	0	0	0.124979	0	0	1	0	0	0	0	0	0	0	0	62	0	0	0	0	0	0	62	0	0	1	0	0	0	0	0	0	0	0	84.7825	0	0	0	0	0	0	84.7825	0	0	1	0	0	0	0	0	0	0	0	208	0	0	0	0	0	0	208	0	0	1	0	0	0	0	0	0	0	0	0	0	0	0	0	0	0	0	0	0	0	0	0	0	0	0	0	0	0	0	0	0	0	0	0	0	0	0	0	0	0	0	0	0	0	0
95	0	0	0	797	0	0	0	0	0	0	797	0	0	0.10726	0	0	0	0	0	0	0.10726	0	0	1	0	0	0	0	0	0	0	0	58	0	0	0	0	0	0	58	0	0	1	0	0	0	0	0	0	0	0	83.2999	0	0	0	0	0	0	83.2999	0	0	1	0	0	0	0	0	0	0	0	208	0	0	0	0	0	0	208	0	0	1	0	0	0	0	0	0	0	0	0	0	0	0	0	0	0	0	0	0	0	0	0	0	0	0	0	0	0	0	0	0	0	0	0	0	0	0	0	0	0	0	0	0	0	0
96	0	0	0	809	0	0	0	0	0	0	809	0	0	0.108877	0	0	0	0	0	0	0.108877	0	0	1	0	0	0	0	0	0	0	0	57	0	0	0	0	0	0	57	0	0	1	0	0	0	0	0	0	0	0	85.4867	0	0	0	0	0	0	85.4867	0	0	1	0	0	0	0	0	0	0	0	209	0	0	0	0	0	0	209	0	0	1	0	0	0	0	0	0	0	0	0	0	0	0	0	0	0	0	0	0	0	0	0	0	0	0	0	0	0	0	0	0	0	0	0	0	0	0	0	0	0	0	0	0	0	0
97	0	0	0	823	0	0	0	0	0	0	823	0	0	0.0970773	0	0	0	0	0	0	0.0970773	0	0	1	0	0	0	0	0	0	0	0	50	0	0	0	0	0	0	50	0	0	1	0	0	0	0	0	0	0	0	87.4998	0	0	0	0	0	0	87.4998	0	0	1	0	0	0	0	0	0	0	0	215	0	0	0	0	0	0	215	0	0	1	0	0	0	0	0	0	0	0	0	0	0	0	0	0	0	0	0	0	0	0	0	0	0	0	0	0	0	0	0	0	0	0	0	0	0	0	0	0	0	0	0	0	0	0
98	0	0	0	849	0	0	0	0	0	0	849	0	0	0.0838248	0	0	0	0	0	0	0.0838248	0	0	1	0	0	0	0	0	0	0	0	54	0	0	0	0	0	0	54	0	0	1	0	0	0	0	0	0	0	0	90.0603	0	0	0	0	0	0	90.0603	0	0	1	0	0	0	0	0	0	0	0	218	0	0	0	0	0	0	218	0	0	1	0	0	0	0	0	0	0	0	0	0	0	0	0	0	0	0	0	0	0	0	0	0	0	0	0	0	0	0	0	0	0	0	0	0	0	0	0	0	0	0	0	0	0	0
99	0	0	0	789	0	0	0	0	0	0	789	0	0	0.0884222	0	0	0	0	0	0	0.0884222	0	0	1	0	0	0	0	0	0	0	0	57	0	0	0	0	0	0	57	0	0	1	0	0	0	0	0	0	0	0	84.815	0	0	0	0	0	0	84.815	0	0	1	0	0	0	0	0	0	0	0	207	0	0	0	0	0	0	207	0	0	1	0	0	0	0	0	0	0	0	0	0	0	0	0	0	0	0	0	0	0	0	0	0	0	0	0	0	0	0	0	0	0	0	0	0	0	0	0	0	0	0	0	0	0	0
100	0	0	0	789	0	0	0	0	0	0	789	0	0	0.108312	0	0	0	0	0	0	0.108312	0	0	1	0	0	0	0	0	0	0	0	58	0	0	0	0	0	0	58	0	0	1	0	0	0	0	0	0	0	0	87.8034	0	0	0	0	0	0	87.8034	0	0	1	0	0	0	0	0	0	0	0	207	0	0	0	0	0	0	207	0	0	1	0	0	0	0	0	0	0	0	0	0	0	0	0	0	0	0	0	0	0	0	0	0	0	0	0	0	0	0	0	0	0	0	0	0	0	0	0	0	0	0	0	0	0	0
101	0	0	0	817	0	0	0	0	0	0	817	0	0	0.105474	0	0	0	0	0	0	0.105474	0	0	1	0	0	0	0	0	0	0	0	61	0	0	0	0	0	0	61	0	0	1	0	0	0	0	0	0	0	0	89.9817	0	0	0	0	0	0	89.9817	0	0	1	0	0	0	0	0	0	0	0	212	0	0	0	0	0	0	212	0	0	1	0	0	0	0	0	0	0	0	0	0	0	0	0	0	0	0	0	0	0	0	0	0	0	0	0	0	0	0	0	0	0	0	0	0	0	0	0	0	0	0	0	0	0	0
102	0	0	0	801	0	0	0	0	0	0	801	0	0	0.0845509	0	0	0	0	0	0	0.0845509	0	0	1	0	0	0	0	0	0	0	0	52	0	0	0	0	0	0	52	0	0	1	0	0	0	0	0	0	0	0	92.3298	0	0	0	0	0	0	92.3298	0	0	1	0	0	0	0	0	0	0	0	216	0	0	0	0	0	0	216	0	0	1	0	0	0	0	0	0	0	0	0	0	0	0	0	0	0	0	0	0	0	0	0	0	0	0	0	0	0	0	0	0	0	0	0	0	0	0	0	0	0	0	0	0	0	0
103	0	0	0	799	0	0	0	0	0	0	799	0	0	0.0931511	0	0	0	0	0	0	0.0931511	0	0	1	0	0	0	0	0	0	0	0	50	0	0	0	0	0	0	50	0	0	1	0	0	0	0	0	0	0	0	90.5837	0	0	0	0	0	0	90.5837	0	0	1	0	0	0	0	0	0	0	0	208	0	0	0	0	0	0	208	0	0	1	0	0	0	0	0	0	0	0	0	0	0	0	0	0	0	0	0	0	0	0	0	0	0	0	0	0	0	0	0	0	0	0	0	0	0	0	0	0	0	0	0	0	0	0
104	0	0	0	785	0	0	0	0	0	0	785	0	0	0.12051	0	0	0	0	0	0	0.12051	0	0	1	0	0	0	0	0	0	0	0	49	0	0	0	0	0	0	49	0	0	1	0	0	0	0	0	0	0	0	85.7075	0	0	0	0	0	0	85.7075	0	0	1	0	0	0	0	0	0	0	0	199	0	0	0	0	0	0	199	0	0	1	0	0	0	0	0	0	0	0	0	0	0	0	0	0	0	0	0	0	0	0	0	0	0	0	0	0	0	0	0	0	0	0	0	0	0	0	0	0	0	0	0	0	0	0
105	0	0	0	804	0	0	0	0	0	0	804	0	0	0.0773669	0	0	0	0	0	0	0.0773669	0	0	1	0	0	0	0	0	0	0	0	48	0	0	0	0	0	0	48	0	0	1	0	0	0	0	0	0	0	0	89.1413	0	0	0	0	0	0	89.1413	0	0	1	0	0	0	0	0	0	0	0	208	0	0	0	0	0	0	208	0	0	1	0	0	0	0	0	0	0	0	0	0	0	0	0	0	0	0	0	0	0	0	0	0	0	0	0	0	0	0	0	0	0	0	0	0	0	0	0	0	0	0	0	0	0	0
106	0	0	0	813	0	0	0	0	0	0	813	0	0	0.0901862	0	0	0	0	0	0	0.0901862	0	0	1	0	0	0	0	0	0	0	0	50	0	0	0	0	0	0	50	0	0	1	0	0	0	0	0	0	0	0	89.961	0	0	0	0	0	0	89.961	0	0	1	0	0	0	0	0	0	0	0	205	0	0	0	0	0	0	205	0	0	1	0	0	0	0	0	0	0	0	0	0	0	0	0	0	0	0	0	0	0	0	0	0	0	0	0	0	0	0	0	0	0	0	0	0	0	0	0	0	0	0	0	0	0	0
107	0	0	0	818	0	0	0	0	0	0	818	0	0	0.08516	0	0	0	0	0	0	0.08516	0	0	1	0	0	0	0	0	0	0	0	47	0	0	0	0	0	0	47	0	0	1	0	0	0	0	0	0	0	0	89.7273	0	0	0	0	0	0	89.7273	0	0	1	0	0	0	0	0	0	0	0	202	0	0	0	0	0	0	202	0	0	1	0	0	0	0	0	0	0	0	0	0	0	0	0	0	0	0	0	0	0	0	0	0	0	0	0	0	0	0	0	0	0	0	0	0	0	0	0	0	0	0	0	0	0	0
108	0	0	0	809	0	0	0	0	0	0	809	0	0	0.0600983	0	0	0	0	0	0	0.0600983	0	0	1	0	0	0	0	0	0	0	0	46	0	0	0	0	0	0	46	0	0	1	0	0	0	0	0	0	0	0	90.8178	0	0	0	0	0	0	90.8178	0	0	1	0	0	0	0	0	0	0	0	200	0	0	0	0	0	0	200	0	0	1	0	0	0	0	0	0	0	0	0	0	0	0	0	0	0	0	0	0	0	0	0	0	0	0	0	0	0	0	0	0	0	0	0	0	0	0	0	0	0	0	0	0	0	0
109	0	0	0	834	0	0	0	0	0	0	834	0	0	0.061997	0	0	0	0	0	0	0.061997	0	0	1	0	0	0	0	0	0	0	0	47	0	0	0	0	0	0	47	0	0	1	0	0	0	0	0	0	0	0	90.9223	0	0	0	0	0	0	90.9223	0	0	1	0	0	0	0	0	0	0	0	198	0	0	0	0	0	0	198	0	0	1	0	0	0	0	0	0	0	0	0	0	0	0	0	0	0	0	0	0	0	0	0	0	0	0	0	0	0	0	0	0	0	0	0	0	0	0	0	0	0	0	0	0	0	0
110	0	0	0	844	0	0	0	0	0	0	844	0	0	0.0978928	0	0	0	0	0	0	0.0978928	0	0	1	0	0	0	0	0	0	0	0	51	0	0	0	0	0	0	51	0	0	1	0	0	0	0	0	0	0	0	90.9298	0	0	0	0	0	0	90.9298	0	0	1	0	0	0	0	0	0	0	0	198	0	0	0	0	0	0	198	0	0	1	0	0	0	0	0	0	0	0	0	0	0	0	0	0	0	0	0	0	0	0	0	0	0	0	0	0	0	0	0	0	0	0	0	0	0	0	0	0	0	0	0	0	0	0
111	0	0	0	833	0	0	0	0	0	0	833	0	0	0.097335	0	0	0	0	0	0	0.097335	0	0	1	0	0	0	0	0	0	0	0	55	0	0	0	0	0	0	55	0	0	1	0	0	0	0	0	0	0	0	91.7994	0	0	0	0	0	0	91.7994	0	0	1	0	0	0	0	0	0	0	0	200	0	0	0	0	0	0	200	0	0	1	0	0	0	0	0	0	0	0	0	0	0	0	0	0	0	0	0	0	0	0	0	0	0	0	0	0	0	0	0	0	0	0	0	0	0	0	0	0	0	0	0	0	0	0
112	0	0	0	842	0	0	0	0	0	0	842	0	0	0.0954558	0	0	0	0	0	0	0.0954558	0	0	1	0	0	0	0	0	0	0	0	61	0	0	0	0	0	0	61	0	0	1	0	0	0	0	0	0	0	0	93.6872	0	0	0	0	0	0	93.6872	0	0	1	0	0	0	0	0	0	0	0	201	0	0	0	0	0	0	201	0	0	1	0	0	0	0	0	0	0	0	0	0	0	0	0	0	0	0	0	0	0	0	0	0	0	0	0	0	0	0	0	0	0	0	0	0	0	0	0	0	0	0	0	0	0	0
113	0	0	0	861	0	0	0	0	0	0	861	0	0	0.113456	0	0	0	0	0	0	0.113456	0	0	1	0	0	0	0	0	0	0	0	55	0	0	0	0	0	0	55	0	0	1	0	0	0	0	0	0	0	0	95.0196	0	0	0	0	0	0	95.0196	0	0	1	0	0	0	0	0	0	0	0	200	0	0	0	0	0	0	200	0	0	1	0	0	0	0	0	0	0	0	0	0	0	0	0	0	0	0	0	0	0	0	0	0	0	0	0	0	0	0	0	0	0	0	0	0	0	0	0	0	0	0	0	0	0	0
114	0	0	0	836	0	0	0	0	0	0	836	0	0	0.0850245	0	0	0	0	0	0	0.0850245	0	0	1	0	0	0	0	0	0	0	0	48	0	0	0	0	0	0	48	0	0	1	0	0	0	0	0	0	0	0	93.2191	0	0	0	0	0	0	93.2191	0	0	1	0	0	0	0	0	0	0	0	205	0	0	0	0	0	0	205	0	0	1	0	0	0	0	0	0	0	0	0	0	0	0	0	0	0	0	0	0	0	0	0	0	0	0	0	0	0	0	0	0	0	0	0	0	0	0	0	0	0	0	0	0	0	0
115	0	0	0	833	0	0	0	0	0	0	833	0	0	0.0766158	0	0	0	0	0	0	0.0766158	0	0	1	0	0	0	0	0	0	0	0	43	0	0	0	0	0	0	43	0	0	1	0	0	0	0	0	0	0	0	93.2413	0	0	0	0	0	0	93.2413	0	0	1	0	0	0	0	0	0	0	0	204	0	0	0	0	0	0	204	0	0	1	0	0	0	0	0	0	0	0	0	0	0	0	0	0	0	0	0	0	0	0	0	0	0	0	0	0	0	0	0	0	0	0	0	0	0	0	0	0	0	0	0	0	0	0
116	0	0	0	854	0	0	0	0	0	0	854	0	0	0.0860407	0	0	0	0	0	0	0.0860407	0	0	1	0	0	0	0	0	0	0	0	46	0	0	0	0	0	0	46	0	0	1	0	0	0	0	0	0	0	0	94.0246	0	0	0	0	0	0	94.0246	0	0	1	0	0	0	0	0	0	0	0	202	0	0	0	0	0	0	202	0	0	1	0	0	0	0	0	0	0	0	0	0	0	0	0	0	0	0	0	0	0	0	0	0	0	0	0	0	0	0	0	0	0	0	0	0	0	0	0	0	0	0	0	0	0	0
117	0	0	0	844	0	0	0	0	0	0	844	0	0	0.096747	0	0	0	0	0	0	0.096747	0	0	1	0	0	0	0	0	0	0	0	50	0	0	0	0	0	0	50	0	0	1	0	0	0	0	0	0	0	0	96.2784	0	0	0	0	0	0	96.2784	0	0	1	0	0	0	0	0	0	0	0	200	0	0	0	0	0	0	200	0	0	1	0	0	0	0	0	0	0	0	0	0	0	0	0	0	0	0	0	0	0	0	0	0	0	0	0	0	0	0	0	0	0	0	0	0	0	0	0	0	0	0	0	0	0	0
118	0	0	0	825	0	0	0	0	0	0	825	0	0	0.0879756	0	0	0	0	0	0	0.0879756	0	0	1	0	0	0	0	0	0	0	0	44	0	0	0	0	0	0	44	0	0	1	0	0	0	0	0	0	0	0	94.0664	0	0	0	0	0	0	94.0664	0	0	1	0	0	0	0	0	0	0	0	195	0	0	0	0	0	0	195	0	0	1	0	0	0	0	0	0	0	0	0	0	0	0	0	0	0	0	0	0	0	0	0	0	0	0	0	0	0	0	0	0	0	0	0	0	0	0	0	0	0	0	0	0	0	0
119	0	0	0	839	0	0	0	0	0	0	839	0	0	0.095417	0	0	0	0	0	0	0.095417	0	0	1	0	0	0	0	0	0	0	0	48	0	0	0	0	0	0	48	0	0	1	0	0	0	0	0	0	0	0	95.1192	0	0	0	0	0	0	95.1192	0	0	1	0	0	0	0	0	0	0	0	192	0	0	0	0	0	0	192	0	0	1	0	0	0	0	0	0	0	0	0	0	0	0	0	0	0	0	0	0	0	0	0	0	0	0	0	0	0	0	0	0	0	0	0	0	0	0	0	0	0	0	0	0	0	0
120	0	0	0	827	0	0	0	0	0	0	827	0	0	0.101525	0	0	0	0	0	0	0.101525	0	0	1	0	0	0	0	0	0	0	0	48	0	0	0	0	0	0	48	0	0	1	0	0	0	0	0	0	0	0	93.1763	0	0	0	0	0	0	93.1763	0	0	1	0	0	0	0	0	0	0	0	182	0	0	0	0	0	0	182	0	0	1	0	0	0	0	0	0	0	0	0	0	0	0	0	0	0	0	0	0	0	0	0	0	0	0	0	0	0	0	0	0	0	0	0	0	0	0	0	0	0	0	0	0	0	0
121	0	0	0	822	0	0	0	0	0	0	822	0	0	0.0954821	0	0	0	0	0	0	0.0954821	0	0	1	0	0	0	0	0	0	0	0	55	0	0	0	0	0	0	55	0	0	1	0	0	0	0	0	0	0	0	90.722	0	0	0	0	0	0	90.722	0	0	1	0	0	0	0	0	0	0	0	179	0	0	0	0	0	0	179	0	0	1	0	0	0	0	0	0	0	0	0	0	0	0	0	0	0	0	0	0	0	0	0	0	0	0	0	0	0	0	0	0	0	0	0	0	0	0	0	0	0	0	0	0	0	0
122	0	0	0	862	0	0	0	0	0	0	862	0	0	0.0810953	0	0	0	0	0	0	0.0810953	0	0	1	0	0	0	0	0	0	0	0	51	0	0	0	0	0	0	51	0	0	1	0	0	0	0	0	0	0	0	90.1155	0	0	0	0	0	0	90.1155	0	0	1	0	0	0	0	0	0	0	0	182	0	0	0	0	0	0	182	0	0	1	0	0	0	0	0	0	0	0	0	0	0	0	0	0	0	0	0	0	0	0	0	0	0	0	0	0	0	0	0	0	0	0	0	0	0	0	0	0	0	0	0	0	0	0
123	0	0	0	867	0	0	0	0	0	0	867	0	0	0.093632	0	0	0	0	0	0	0.093632	0	0	1	0	0	0	0	0	0	0	0	54	0	0	0	0	0	0	54	0	0	1	0	0	0	0	0	0	0	0	92.5589	0	0	0	0	0	0	92.5589	0	0	1	0	0	0	0	0	0	0	0	184	0	0	0	0	0	0	184	0	0	1	0	0	0	0	0	0	0	0	0	0	0	0	0	0	0	0	0	0	0	0	0	0	0	0	0	0	0	0	0	0	0	0	0	0	0	0	0	0	0	0	0	0	0	0
124	0	0	0	845	0	0	0	0	0	0	845	0	0	0.097688	0	0	0	0	0	0	0.097688	0	0	1	0	0	0	0	0	0	0	0	56	0	0	0	0	0	0	56	0	0	1	0	0	0	0	0	0	0	0	91.2308	0	0	0	0	0	0	91.2308	0	0	1	0	0	0	0	0	0	0	0	186	0	0	0	0	0	0	186	0	0	1	0	0	0	0	0	0	0	0	0	0	0	0	0	0	0	0	0	0	0	0	0	0	0	0	0	0	0	0	0	0	0	0	0	0	0	0	0	0	0	0	0	0	0	0
125	0	0	0	869	0	0	0	0	0	0	869	0	0	0.0833907	0	0	0	0	0	0	0.0833907	0	0	1	0	0	0	0	0	0	0	0	55	0	0	0	0	0	0	55	0	0	1	0	0	0	0	0	0	0	0	94.0124	0	0	0	0	0	0	94.0124	0	0	1	0	0	0	0	0	0	0	0	192	0	0	0	0	0	0	192	0	0	1	0	0	0	0	0	0	0	0	0	0	0	0	0	0	0	0	0	0	0	0	0	0	0	0	0	0	0	0	0	0	0	0	0	0	0	0	0	0	0	0	0	0	0	0
126	0	0	0	856	0	0	0	0	0	0	856	0	0	0.114177	0	0	0	0	0	0	0.114177	0	0	1	0	0	0	0	0	0	0	0	59	0	0	0	0	0	0	59	0	0	1	0	0	0	0	0	0	0	0	92.7235	0	0	0	0	0	0	92.7235	0	0	1	0	0	0	0	0	0	0	0	185	0	0	0	0	0	0	185	0	0	1	0	0	0	0	0	0	0	0	0	0	0	0	0	0	0	0	0	0	0	0	0	0	0	0	0	0	0	0	0	0	0	0	0	0	0	0	0	0	0	0	0	0	0	0
127	0	0	0	857	0	0	0	0	0	0	857	0	0	0.114155	0	0	0	0	0	0	0.114155	0	0	1	0	0	0	0	0	0	0	0	63	0	0	0	0	0	0	63	0	0	1	0	0	0	0	0	0	0	0	91.5205	0	0	0	0	0	0	91.5205	0	0	1	0	0	0	0	0	0	0	0	188	0	0	0	0	0	0	188	0	0	1	0	0	0	0	0	0	0	0	0	0	0	0	0	0	0	0	0	0	0	0	0	0	0	0	0	0	0	0	0	0	0	0	0	0	0	0	0	0	0	0	0	0	0	0
128	0	0	0	852	0	0	0	0	0	0	852	0	0	0.104745	0	0	0	0	0	0	0.104745	0	0	1	0	0	0	0	0	0	0	0	54	0	0	0	0	0	0	54	0	0	1	0	0	0	0	0	0	0	0	90.4569	0	0	0	0	0	0	90.4569	0	0	1	0	0	0	0	0	0	0	0	178	0	0	0	0	0	0	178	0	0	1	0	0	0	0	0	0	0	0	0	0	0	0	0	0	0	0	0	0	0	0	0	0	0	0	0	0	0	0	0	0	0	0	0	0	0	0	0	0	0	0	0	0	0	0
129	0	0	0	824	0	0	0	0	0	0	824	0	0	0.0779212	0	0	0	0	0	0	0.0779212	0	0	1	0	0	0	0	0	0	0	0	45	0	0	0	0	0	0	45	0	0	1	0	0	0	0	0	0	0	0	90.091	0	0	0	0	0	0	90.091	0	0	1	0	0	0	0	0	0	0	0	181	0	0	0	0	0	0	181	0	0	1	0	0	0	0	0	0	0	0	0	0	0	0	0	0	0	0	0	0	0	0	0	0	0	0	0	0	0	0	0	0	0	0	0	0	0	0	0	0	0	0	0	0	0	0
130	0	0	0	842	0	0	0	0	0	0	842	0	0	0.0902748	0	0	0	0	0	0	0.0902748	0	0	1	0	0	0	0	0	0	0	0	44	0	0	0	0	0	0	44	0	0	1	0	0	0	0	0	0	0	0	86.5787	0	0	0	0	0	0	86.5787	0	0	1	0	0	0	0	0	0	0	0	174	0	0	0	0	0	0	174	0	0	1	0	0	0	0	0	0	0	0	0	0	0	0	0	0	0	0	0	0	0	0	0	0	0	0	0	0	0	0	0	0	0	0	0	0	0	0	0	0	0	0	0	0	0	0
131	0	0	0	847	0	0	0	0	0	0	847	0	0	0.0525163	0	0	0	0	0	0	0.0525163	0	0	1	0	0	0	0	0	0	0	0	42	0	0	0	0	0	0	42	0	0	1	0	0	0	0	0	0	0	0	88.3176	0	0	0	0	0	0	88.3176	0	0	1	0	0	0	0	0	0	0	0	176	0	0	0	0	0	0	176	0	0	1	0	0	0	0	0	0	0	0	0	0	0	0	0	0	0	0	0	0	0	0	0	0	0	0	0	0	0	0	0	0	0	0	0	0	0	0	0	0	0	0	0	0	0	0
132	0	0	0	799	0	0	0	0	0	0	799	0	0	0.0721023	0	0	0	0	0	0	0.0721023	0	0	1	0	0	0	0	0	0	0	0	56	0	0	0	0	0	0	56	0	0	1	0	0	0	0	0	0	0	0	83.0078	0	0	0	0	0	0	83.0078	0	0	1	0	0	0	0	0	0	0	0	166	0	0	0	0	0	0	166	0	0	1	0	0	0	0	0	0	0	0	0	0	0	0	0	0	0	0	0	0	0	0	0	0	0	0	0	0	0	0	0	0	0	0	0	0	0	0	0	0	0	0	0	0	0	0
133	0	0	0	853	0	0	0	0	0	0	853	0	0	0.101277	0	0	0	0	0	0	0.101277	0	0	1	0	0	0	0	0	0	0	0	64	0	0	0	0	0	0	64	0	0	1	0	0	0	0	0	0	0	0	85.2406	0	0	0	0	0	0	85.2406	0	0	1	0	0	0	0	0	0	0	0	164	0	0	0	0	0	0	164	0	0	1	0	0	0	0	0	0	0	0	0	0	0	0	0	0	0	0	0	0	0	0	0	0	0	0	0	0	0	0	0	0	0	0	0	0	0	0	0	0	0	0	0	0	0	0
134	0	0	0	822	0	0	0	0	0	0	822	0	0	0.114059	0	0	0	0	0	0	0.114059	0	0	1	0	0	0	0	0	0	0	0	71	0	0	0	0	0	0	71	0	0	1	0	0	0	0	0	0	0	0	85.553	0	0	0	0	0	0	85.553	0	0	1	0	0	0	0	0	0	0	0	172	0	0	0	0	0	0	172	0	0	1	0	0	0	0	0	0	0	0	0	0	0	0	0	0	0	0	0	0	0	0	0	0	0	0	0	0	0	0	0	0	0	0	0	0	0	0	0	0	0	0	0	0	0	0
135	0	0	0	833	0	0	0	0	0	0	833	0	0	0.119635	0	0	0	0	0	0	0.119635	0	0	1	0	0	0	0	0	0	0	0	78	0	0	0	0	0	0	78	0	0	1	0	0	0	0	0	0	0	0	85.9235	0	0	0	0	0	0	85.9235	0	0	1	0	0	0	0	0	0	0	0	176	0	0	0	0	0	0	176	0	0	1	0	0	0	0	0	0	0	0	0	0	0	0	0	0	0	0	0	0	0	0	0	0	0	0	0	0	0	0	0	0	0	0	0	0	0	0	0	0	0	0	0	0	0	0
136	0	0	0	857	0	0	0	0	0	0	857	0	0	0.120855	0	0	0	0	0	0	0.120855	0	0	1	0	0	0	0	0	0	0	0	84	0	0	0	0	0	0	84	0	0	1	0	0	0	0	0	0	0	0	85.3673	0	0	0	0	0	0	85.3673	0	0	1	0	0	0	0	0	0	0	0	184	0	0	0	0	0	0	184	0	0	1	0	0	0	0	0	0	0	0	0	0	0	0	0	0	0	0	0	0	0	0	0	0	0	0	0	0	0	0	0	0	0	0	0	0	0	0	0	0	0	0	0	0	0	0
137	0	0	0	839	0	0	0	0	0	0	839	0	0	0.130017	0	0	0	0	0	0	0.130017	0	0	1	0	0	0	0	0	0	0	0	85	0	0	0	0	0	0	85	0	0	1	0	0	0	0	0	0	0	0	82.9471	0	0	0	0	0	0	82.9471	0	0	1	0	0	0	0	0	0	0	0	185	0	0	0	0	0	0	185	0	0	1	0	0	0	0	0	0	0	0	0	0	0	0	0	0	0	0	0	0	0	0	0	0	0	0	0	0	0	0	0	0	0	0	0	0	0	0	0	0	0	0	0	0	0	0
138	0	0	0	848	0	0	0	0	0	0	848	0	0	0.115932	0	0	0	0	0	0	0.115932	0	0	1	0	0	0	0	0	0	0	0	89	0	0	0	0	0	0	89	0	0	1	0	0	0	0	0	0	0	0	84.9954	0	0	0	0	0	0	84.9954	0	0	1	0	0	0	0	0	0	0	0	196	0	0	0	0	0	0	196	0	0	1	0	0	0	0	0	0	0	0	0	0	0	0	0	0	0	0	0	0	0	0	0	0	0	0	0	0	0	0	0	0	0	0	0	0	0	0	0	0	0	0	0	0	0	0
139	0	0	0	819	0	0	0	0	0	0	819	0	0	0.161719	0	0	0	0	0	0	0.161719	0	0	1	0	0	0	0	0	0	0	0	104	0	0	0	0	0	0	104	0	0	1	0	0	0	0	0	0	0	0	83.141	0	0	0	0	0	0	83.141	0	0	1	0	0	0	0	0	0	0	0	194	0	0	0	0	0	0	194	0	0	1	0	0	0	0	0	0	0	0	0	0	0	0	0	0	0	0	0	0	0	0	0	0	0	0	0	0	0	0	0	0	0	0	0	0	0	0	0	0	0	0	0	0	0	0
140	0	0	0	802	0	0	0	0	0	0	802	0	0	0.167133	0	0	0	0	0	0	0.167133	0	0	1	0	0	0	0	0	0	0	0	107	0	0	0	0	0	0	107	0	0	1	0	0	0	0	0	0	0	0	86.8455	0	0	0	0	0	0	86.8455	0	0	1	0	0	0	0	0	0	0	0	204	0	0	0	0	0	0	204	0	0	1	0	0	0	0	0	0	0	0	0	0	0	0	0	0	0	0	0	0	0	0	0	0	0	0	0	0	0	0	0	0	0	0	0	0	0	0	0	0	0	0	0	0	0	0
141	0	0	0	776	0	0	0	0	0	0	776	0	0	0.151864	0	0	0	0	0	0	0.151864	0	0	1	0	0	0	0	0	0	0	0	99	0	0	0	0	0	0	99	0	0	1	0	0	0	0	0	0	0	0	82.7647	0	0	0	0	0	0	82.7647	0	0	1	0	0	0	0	0	0	0	0	204	0	0	0	0	0	0	204	0	0	1	0	0	0	0	0	0	0	0	0	0	0	0	0	0	0	0	0	0	0	0	0	0	0	0	0	0	0	0	0	0	0	0	0	0	0	0	0	0	0	0	0	0	0	0
142	0	0	0	777	0	0	0	0	0	0	777	0	0	0.175795	0	0	0	0	0	0	0.175795	0	0	1	0	0	0	0	0	0	0	0	106	0	0	0	0	0	0	106	0	0	1	0	0	0	0	0	0	0	0	85.091	0	0	0	0	0	0	85.091	0	0	1	0	0	0	0	0	0	0	0	208	0	0	0	0	0	0	208	0	0	1	0	0	0	0	0	0	0	0	0	0	0	0	0	0	0	0	0	0	0	0	0	0	0	0	0	0	0	0	0	0	0	0	0	0	0	0	0	0	0	0	0	0	0	0
143	0	0	0	816	0	0	0	0	0	0	816	0	0	0.195278	0	0	0	0	0	0	0.195278	0	0	1	0	0	0	0	0	0	0	0	101	0	0	0	0	0	0	101	0	0	1	0	0	0	0	0	0	0	0	84.4701	0	0	0	0	0	0	84.4701	0	0	1	0	0	0	0	0	0	0	0	211	0	0	0	0	0	0	211	0	0	1	0	0	0	0	0	0	0	0	0	0	0	0	0	0	0	0	0	0	0	0	0	0	0	0	0	0	0	0	0	0	0	0	0	0	0	0	0	0	0	0	0	0	0	0
144	0	0	0	836	0	0	0	0	0	0	836	0	0	0.194224	0	0	0	0	0	0	0.194224	0	0	1	0	0	0	0	0	0	0	0	94	0	0	0	0	0	0	94	0	0	1	0	0	0	0	0	0	0	0	87.966	0	0	0	0	0	0	87.966	0	0	1	0	0	0	0	0	0	0	0	224	0	0	0	0	0	0	224	0	0	1	0	0	0	0	0	0	0	0	0	0	0	0	0	0	0	0	0	0	0	0	0	0	0	0	0	0	0	0	0	0	0	0	0	0	0	0	0	0	0	0	0	0	0	0
145	0	0	0	842	0	0	0	0	0	0	842	0	0	0.17891	0	0	0	0	0	0	0.17891	0	0	1	0	0	0	0	0	0	0	0	89	0	0	0	0	0	0	89	0	0	1	0	0	0	0	0	0	0	0	88.5806	0	0	0	0	0	0	88.5806	0	0	1	0	0	0	0	0	0	0	0	225	0	0	0	0	0	0	225	0	0	1	0	0	0	0	0	0	0	0	0	0	0	0	0	0	0	0	0	0	0	0	0	0	0	0	0	0	0	0	0	0	0	0	0	0	0	0	0	0	0	0	0	0	0	0
146	0	0	0	832	0	0	0	0	0	0	832	0	0	0.193529	0	0	0	0	0	0	0.193529	0	0	1	0	0	0	0	0	0	0	0	95	0	0	0	0	0	0	95	0	0	1	0	0	0	0	0	0	0	0	87.894	0	0	0	0	0	0	87.894	0	0	1	0	0	0	0	0	0	0	0	233	0	0	0	0	0	0	233	0	0	1	0	0	0	0	0	0	0	0	0	0	0	0	0	0	0	0	0	0	0	0	0	0	0	0	0	0	0	0	0	0	0	0	0	0	0	0	0	0	0	0	0	0	0	0
147	0	0	0	820	0	0	0	0	0	0	820	0	0	0.159364	0	0	0	0	0	0	0.159364	0	0	1	0	0	0	0	0	0	0	0	79	0	0	0	0	0	0	79	0	0	1	0	0	0	0	0	0	0	0	87.7249	0	0	0	0	0	0	87.7249	0	0	1	0	0	0	0	0	0	0	0	240	0	0	0	0	0	0	240	0	0	1	0	0	0	0	0	0	0	0	0	0	0	0	0	0	0	0	0	0	0	0	0	0	0	0	0	0	0	0	0	0	0	0	0	0	0	0	0	0	0	0	0	0	0	0
148	0	0	0	836	0	0	0	0	0	0	836	0	0	0.13293	0	0	0	0	0	0	0.13293	0	0	1	0	0	0	0	0	0	0	0	74	0	0	0	0	0	0	74	0	0	1	0	0	0	0	0	0	0	0	89.973	0	0	0	0	0	0	89.973	0	0	1	0	0	0	0	0	0	0	0	245	0	0	0	0	0	0	245	0	0	1	0	0	0	0	0	0	0	0	0	0	0	0	0	0	0	0	0	0	0	0	0	0	0	0	0	0	0	0	0	0	0	0	0	0	0	0	0	0	0	0	0	0	0	0
149	0	0	0	835	0	0	0	0	0	0	835	0	0	0.127877	0	0	0	0	0	0	0.127877	0	0	1	0	0	0	0	0	0	0	0	62	0	0	0	0	0	0	62	0	0	1	0	0	0	0	0	0	0	0	93.701	0	0	0	0	0	0	93.701	0	0	1	0	0	0	0	0	0	0	0	249	0	0	0	0	0	0	249	0	0	1	0	0	0	0	0	0	0	0	0	0	0	0	0	0	0	0	0	0	0	0	0	0	0	0	0	0	0	0	0	0	0	0	0	0	0	0	0	0	0	0	0	0	0	0
150	0	0	0	842	0	0	0	0	0	0	842	0	0	0.112825	0	0	0	0	0	0	0.112825	0	0	1	0	0	0	0	0	0	0	0	50	0	0	0	0	0	0	50	0	0	1	0	0	0	0	0	0	0	0	94.6905	0	0	0	0	0	0	94.6905	0	0	1	0	0	0	0	0	0	0	0	248	0	0	0	0	0	0	248	0	0	1	0	0	0	0	0	0	0	0	0	0	0	0	0	0	0	0	0	0	0	0	0	0	0	0	0	0	0	0	0	0	0	0	0	0	0	0	0	0	0	0	0	0	0	0
151	0	0	0	842	0	0	0	0	0	0	842	0	0	0.102886	0	0	0	0	0	0	0.102886	0	0	1	0	0	0	0	0	0	0	0	43	0	0	0	0	0	0	43	0	0	1	0	0	0	0	0	0	0	0	96.3081	0	0	0	0	0	0	96.3081	0	0	1	0	0	0	0	0	0	0	0	243	0	0	0	0	0	0	243	0	0	1	0	0	0	0	0	0	0	0	0	0	0	0	0	0	0	0	0	0	0	0	0	0	0	0	0	0	0	0	0	0	0	0	0	0	0	0	0	0	0	0	0	0	0	0
152	0	0	0	874	0	0	0	0	0	0	874	0	0	0.0947192	0	0	0	0	0	0	0.0947192	0	0	1	0	0	0	0	0	0	0	0	39	0	0	0	0	0	0	39	0	0	1	0	0	0	0	0	0	0	0	98.1964	0	0	0	0	0	0	98.1964	0	0	1	0	0	0	0	0	0	0	0	237	0	0	0	0	0	0	237	0	0	1	0	0	0	0	0	0	0	0	0	0	0	0	0	0	0	0	0	0	0	0	0	0	0	0	0	0	0	0	0	0	0	0	0	0	0	0	0	0	0	0	0	0	0	0
153	0	0	0	867	0	0	0	0	0	0	867	0	0	0.0562984	0	0	0	0	0	0	0.0562984	0	0	1	0	0	0	0	0	0	0	0	33	0	0	0	0	0	0	33	0	0	1	0	0	0	0	0	0	0	0	97.4115	0	0	0	0	0	0	97.4115	0	0	1	0	0	0	0	0	0	0	0	232	0	0	0	0	0	0	232	0	0	1	0	0	0	0	0	0	0	0	0	0	0	0	0	0	0	0	0	0	0	0	0	0	0	0	0	0	0	0	0	0	0	0	0	0	0	0	0	0	0	0	0	0	0	0
154	0	0	0	854	0	0	0	0	0	0	854	0	0	0.0570874	0	0	0	0	0	0	0.0570874	0	0	1	0	0	0	0	0	0	0	0	29	0	0	0	0	0	0	29	0	0	1	0	0	0	0	0	0	0	0	96.6727	0	0	0	0	0	0	96.6727	0	0	1	0	0	0	0	0	0	0	0	223	0	0	0	0	0	0	223	0	0	1	0	0	0	0	0	0	0	0	0	0	0	0	0	0	0	0	0	0	0	0	0	0	0	0	0	0	0	0	0	0	0	0	0	0	0	0	0	0	0	0	0	0	0	0
155	0	0	0	873	0	0	0	0	0	0	873	0	0	0.0539415	0	0	0	0	0	0	0.0539415	0	0	1	0	0	0	0	0	0	0	0	28	0	0	0	0	0	0	28	0	0	1	0	0	0	0	0	0	0	0	96.9541	0	0	0	0	0	0	96.9541	0	0	1	0	0	0	0	0	0	0	0	216	0	0	0	0	0	0	216	0	0	1	0	0	0	0	0	0	0	0	0	0	0	0	0	0	0	0	0	0	0	0	0	0	0	0	0	0	0	0	0	0	0	0	0	0	0	0	0	0	0	0	0	0	0	0
156	0	0	0	845	0	0	0	0	0	0	845	0	0	0.0611405	0	0	0	0	0	0	0.0611405	0	0	1	0	0	0	0	0	0	0	0	28	0	0	0	0	0	0	28	0	0	1	0	0	0	0	0	0	0	0	94.8335	0	0	0	0	0	0	94.8335	0	0	1	0	0	0	0	0	0	0	0	207	0	0	0	0	0	0	207	0	0	1	0	0	0	0	0	0	0	0	0	0	0	0	0	0	0	0	0	0	0	0	0	0	0	0	0	0	0	0	0	0	0	0	0	0	0	0	0	0	0	0	0	0	0	0
157	0	0	0	849	0	0	0	0	0	0	849	0	0	0.0444204	0	0	0	0	0	0	0.0444204	0	0	1	0	0	0	0	0	0	0	0	29	0	0	0	0	0	0	29	0	0	1	0	0	0	0	0	0	0	0	92.7254	0	0	0	0	0	0	92.7254	0	0	1	0	0	0	0	0	0	0	0	203	0	0	0	0	0	0	203	0	0	1	0	0	0	0	0	0	0	0	0	0	0	0	0	0	0	0	0	0	0	0	0	0	0	0	0	0	0	0	0	0	0	0	0	0	0	0	0	0	0	0	0	0	0	0
158	0	0	0	868	0	0	0	0	0	0	868	0	0	0.0459688	0	0	0	0	0	0	0.0459688	0	0	1	0	0	0	0	0	0	0	0	34	0	0	0	0	0	0	34	0	0	1	0	0	0	0	0	0	0	0	94.5211	0	0	0	0	0	0	94.5211	0	0	1	0	0	0	0	0	0	0	0	202	0	0	0	0	0	0	202	0	0	1	0	0	0	0	0	0	0	0	0	0	0	0	0	0	0	0	0	0	0	0	0	0	0	0	0	0	0	0	0	0	0	0	0	0	0	0	0	0	0	0	0	0	0	0
159	0	0	0	869	0	0	0	0	0	0	869	0	0	0.060542	0	0	0	0	0	0	0.060542	0	0	1	0	0	0	0	0	0	0	0	46	0	0	0	0	0	0	46	0	0	1	0	0	0	0	0	0	0	0	95.4857	0	0	0	0	0	0	95.4857	0	0	1	0	0	0	0	0	0	0	0	199	0	0	0	0	0	0	199	0	0	1	0	0	0	0	0	0	0	0	0	0	0	0	0	0	0	0	0	0	0	0	0	0	0	0	0	0	0	0	0	0	0	0	0	0	0	0	0	0	0	0	0	0	0	0
160	0	0	0	893	0	0	0	0	0	0	893	0	0	0.0769121	0	0	0	0	0	0	0.0769121	0	0	1	0	0	0	0	0	0	0	0	56	0	0	0	0	0	0	56	0	0	1	0	0	0	0	0	0	0	0	95.4189	0	0	0	0	0	0	95.4189	0	0	1	0	0	0	0	0	0	0	0	193	0	0	0	0	0	0	193	0	0	1	0	0	0	0	0	0	0	0	0	0	0	0	0	0	0	0	0	0	0	0	0	0	0	0	0	0	0	0	0	0	0	0	0	0	0	0	0	0	0	0	0	0	0	0
161	0	0	0	906	0	0	0	0	0	0	906	0	0	0.088689	0	0	0	0	0	0	0.088689	0	0	1	0	0	0	0	0	0	0	0	54	0	0	0	0	0	0	54	0	0	1	0	0	0	0	0	0	0	0	95.9905	0	0	0	0	0	0	95.9905	0	0	1	0	0	0	0	0	0	0	0	192	0	0	0	0	0	0	192	0	0	1	0	0	0	0	0	0	0	0	0	0	0	0	0	0	0	0	0	0	0	0	0	0	0	0	0	0	0	0	0	0	0	0	0	0	0	0	0	0	0	0	0	0	0	0
162	0	0	0	882	0	0	0	0	0	0	882	0	0	0.0926273	0	0	0	0	0	0	0.0926273	0	0	1	0	0	0	0	0	0	0	0	52	0	0	0	0	0	0	52	0	0	1	0	0	0	0	0	0	0	0	97.5346	0	0	0	0	0	0	97.5346	0	0	1	0	0	0	0	0	0	0	0	197	0	0	0	0	0	0	197	0	0	1	0	0	0	0	0	0	0	0	0	0	0	0	0	0	0	0	0	0	0	0	0	0	0	0	0	0	0	0	0	0	0	0	0	0	0	0	0	0	0	0	0	0	0	0
163	0	0	0	896	0	0	0	0	0	0	896	0	0	0.0687965	0	0	0	0	0	0	0.0687965	0	0	1	0	0	0	0	0	0	0	0	56	0	0	0	0	0	0	56	0	0	1	0	0	0	0	0	0	0	0	96.2142	0	0	0	0	0	0	96.2142	0	0	1	0	0	0	0	0	0	0	0	200	0	0	0	0	0	0	200	0	0	1	0	0	0	0	0	0	0	0	0	0	0	0	0	0	0	0	0	0	0	0	0	0	0	0	0	0	0	0	0	0	0	0	0	0	0	0	0	0	0	0	0	0	0	0
164	0	0	0	875	0	0	0	0	0	0	875	0	0	0.0787382	0	0	0	0	0	0	0.0787382	0	0	1	0	0	0	0	0	0	0	0	64	0	0	0	0	0	0	64	0	0	1	0	0	0	0	0	0	0	0	95.4769	0	0	0	0	0	0	95.4769	0	0	1	0	0	0	0	0	0	0	0	195	0	0	0	0	0	0	195	0	0	1	0	0	0	0	0	0	0	0	0	0	0	0	0	0	0	0	0	0	0	0	0	0	0	0	0	0	0	0	0	0	0	0	0	0	0	0	0	0	0	0	0	0	0	0
165	0	0	0	852	0	0	0	0	0	0	852	0	0	0.0944957	0	0	0	0	0	0	0.0944957	0	0	1	0	0	0	0	0	0	0	0	64	0	0	0	0	0	0	64	0	0	1	0	0	0	0	0	0	0	0	92.9755	0	0	0	0	0	0	92.9755	0	0	1	0	0	0	0	0	0	0	0	188	0	0	0	0	0	0	188	0	0	1	0	0	0	0	0	0	0	0	0	0	0	0	0	0	0	0	0	0	0	0	0	0	0	0	0	0	0	0	0	0	0	0	0	0	0	0	0	0	0	0	0	0	0	0
166	0	0	0	822	0	0	0	0	0	0	822	0	0	0.124154	0	0	0	0	0	0	0.124154	0	0	1	0	0	0	0	0	0	0	0	67	0	0	0	0	0	0	67	0	0	1	0	0	0	0	0	0	0	0	90.3649	0	0	0	0	0	0	90.3649	0	0	1	0	0	0	0	0	0	0	0	184	0	0	0	0	0	0	184	0	0	1	0	0	0	0	0	0	0	0	0	0	0	0	0	0	0	0	0	0	0	0	0	0	0	0	0	0	0	0	0	0	0	0	0	0	0	0	0	0	0	0	0	0	0	0
167	0	0	0	830	0	0	0	0	0	0	830	0	0	0.0910812	0	0	0	0	0	0	0.0910812	0	0	1	0	0	0	0	0	0	0	0	65	0	0	0	0	0	0	65	0	0	1	0	0	0	0	0	0	0	0	90.5767	0	0	0	0	0	0	90.5767	0	0	1	0	0	0	0	0	0	0	0	190	0	0	0	0	0	0	190	0	0	1	0	0	0	0	0	0	0	0	0	0	0	0	0	0	0	0	0	0	0	0	0	0	0	0	0	0	0	0	0	0	0	0	0	0	0	0	0	0	0	0	0	0	0	0
168	0	0	0	792	0	0	0	0	0	0	792	0	0	0.120709	0	0	0	0	0	0	0.120709	0	0	1	0	0	0	0	0	0	0	0	62	0	0	0	0	0	0	62	0	0	1	0	0	0	0	0	0	0	0	92.1227	0	0	0	0	0	0	92.1227	0	0	1	0	0	0	0	0	0	0	0	191	0	0	0	0	0	0	191	0	0	1	0	0	0	0	0	0	0	0	0	0	0	0	0	0	0	0	0	0	0	0	0	0	0	0	0	0	0	0	0	0	0	0	0	0	0	0	0	0	0	0	0	0	0	0
169	0	0	0	837	0	0	0	0	0	0	837	0	0	0.104136	0	0	0	0	0	0	0.104136	0	0	1	0	0	0	0	0	0	0	0	57	0	0	0	0	0	0	57	0	0	1	0	0	0	0	0	0	0	0	92.9892	0	0	0	0	0	0	92.9892	0	0	1	0	0	0	0	0	0	0	0	192	0	0	0	0	0	0	192	0	0	1	0	0	0	0	0	0	0	0	0	0	0	0	0	0	0	0	0	0	0	0	0	0	0	0	0	0	0	0	0	0	0	0	0	0	0	0	0	0	0	0	0	0	0	0
170	0	0	0	834	0	0	0	0	0	0	834	0	0	0.112588	0	0	0	0	0	0	0.112588	0	0	1	0	0	0	0	0	0	0	0	53	0	0	0	0	0	0	53	0	0	1	0	0	0	0	0	0	0	0	93.6136	0	0	0	0	0	0	93.6136	0	0	1	0	0	0	0	0	0	0	0	193	0	0	0	0	0	0	193	0	0	1	0	0	0	0	0	0	0	0	0	0	0	0	0	0	0	0	0	0	0	0	0	0	0	0	0	0	0	0	0	0	0	0	0	0	0	0	0	0	0	0	0	0	0	0
171	0	0	0	883	0	0	0	0	0	0	883	0	0	0.0934693	0	0	0	0	0	0	0.0934693	0	0	1	0	0	0	0	0	0	0	0	50	0	0	0	0	0	0	50	0	0	1	0	0	0	0	0	0	0	0	93.848	0	0	0	0	0	0	93.848	0	0	1	0	0	0	0	0	0	0	0	192	0	0	0	0	0	0	192	0	0	1	0	0	0	0	0	0	0	0	0	0	0	0	0	0	0	0	0	0	0	0	0	0	0	0	0	0	0	0	0	0	0	0	0	0	0	0	0	0	0	0	0	0	0	0
172	0	0	0	822	0	0	0	0	0	0	822	0	0	0.0950694	0	0	0	0	0	0	0.0950694	0	0	1	0	0	0	0	0	0	0	0	49	0	0	0	0	0	0	49	0	0	1	0	0	0	0	0	0	0	0	88.5227	0	0	0	0	0	0	88.5227	0	0	1	0	0	0	0	0	0	0	0	181	0	0	0	0	0	0	181	0	0	1	0	0	0	0	0	0	0	0	0	0	0	0	0	0	0	0	0	0	0	0	0	0	0	0	0	0	0	0	0	0	0	0	0	0	0	0	0	0	0	0	0	0	0	0
173	0	0	0	809	0	0	0	0	0	0	809	0	0	0.0856001	0	0	0	0	0	0	0.0856001	0	0	1	0	0	0	0	0	0	0	0	55	0	0	0	0	0	0	55	0	0	1	0	0	0	0	0	0	0	0	87.6712	0	0	0	0	0	0	87.6712	0	0	1	0	0	0	0	0	0	0	0	179	0	0	0	0	0	0	179	0	0	1	0	0	0	0	0	0	0	0	0	0	0	0	0	0	0	0	0	0	0	0	0	0	0	0	0	0	0	0	0	0	0	0	0	0	0	0	0	0	0	0	0	0	0	0
174	0	0	0	843	0	0	0	0	0	0	843	0	0	0.0690395	0	0	0	0	0	0	0.0690395	0	0	1	0	0	0	0	0	0	0	0	58	0	0	0	0	0	0	58	0	0	1	0	0	0	0	0	0	0	0	87.8241	0	0	0	0	0	0	87.8241	0	0	1	0	0	0	0	0	0	0	0	181	0	0	0	0	0	0	181	0	0	1	0	0	0	0	0	0	0	0	0	0	0	0	0	0	0	0	0	0	0	0	0	0	0	0	0	0	0	0	0	0	0	0	0	0	0	0	0	0	0	0	0	0	0	0
175	0	0	0	843	0	0	0	0	0	0	843	0	0	0.0869813	0	0	0	0	0	0	0.0869813	0	0	1	0	0	0	0	0	0	0	0	69	0	0	0	0	0	0	69	0	0	1	0	0	0	0	0	0	0	0	84.4118	0	0	0	0	0	0	84.4118	0	0	1	0	0	0	0	0	0	0	0	175	0	0	0	0	0	0	175	0	0	1	0	0	0	0	0	0	0	0	0	0	0	0	0	0	0	0	0	0	0	0	0	0	0	0	0	0	0	0	0	0	0	0	0	0	0	0	0	0	0	0	0	0	0	0
176	0	0	0	850	0	0	0	0	0	0	850	0	0	0.116183	0	0	0	0	0	0	0.116183	0	0	1	0	0	0	0	0	0	0	0	76	0	0	0	0	0	0	76	0	0	1	0	0	0	0	0	0	0	0	85.438	0	0	0	0	0	0	85.438	0	0	1	0	0	0	0	0	0	0	0	180	0	0	0	0	0	0	180	0	0	1	0	0	0	0	0	0	0	0	0	0	0	0	0	0	0	0	0	0	0	0	0	0	0	0	0	0	0	0	0	0	0	0	0	0	0	0	0	0	0	0	0	0	0	0
177	0	0	0	828	0	0	0	0	0	0	828	0	0	0.116762	0	0	0	0	0	0	0.116762	0	0	1	0	0	0	0	0	0	0	0	84	0	0	0	0	0	0	84	0	0	1	0	0	0	0	0	0	0	0	84.6717	0	0	0	0	0	0	84.6717	0	0	1	0	0	0	0	0	0	0	0	183	0	0	0	0	0	0	183	0	0	1	0	0	0	0	0	0	0	0	0	0	0	0	0	0	0	0	0	0	0	0	0	0	0	0	0	0	0	0	0	0	0	0	0	0	0	0	0	0	0	0	0	0	0	0
178	0	0	0	803	0	0	0	0	0	0	803	0	0	0.133436	0	0	0	0	0	0	0.133436	0	0	1	0	0	0	0	0	0	0	0	91	0	0	0	0	0	0	91	0	0	1	0	0	0	0	0	0	0	0	84.2319	0	0	0	0	0	0	84.2319	0	0	1	0	0	0	0	0	0	0	0	184	0	0	0	0	0	0	184	0	0	1	0	0	0	0	0	0	0	0	0	0	0	0	0	0	0	0	0	0	0	0	0	0	0	0	0	0	0	0	0	0	0	0	0	0	0	0	0	0	0	0	0	0	0	0
179	0	0	0	778	0	0	0	0	0	0	778	0	0	0.120803	0	0	0	0	0	0	0.120803	0	0	1	0	0	0	0	0	0	0	0	88	0	0	0	0	0	0	88	0	0	1	0	0	0	0	0	0	0	0	82.8311	0	0	0	0	0	0	82.8311	0	0	1	0	0	0	0	0	0	0	0	188	0	0	0	0	0	0	188	0	0	1	0	0	0	0	0	0	0	0	0	0	0	0	0	0	0	0	0	0	0	0	0	0	0	0	0	0	0	0	0	0	0	0	0	0	0	0	0	0	0	0	0	0	0	0
180	0	0	0	789	0	0	0	0	0	0	789	0	0	0.138536	0	0	0	0	0	0	0.138536	0	0	1	0	0	0	0	0	0	0	0	92	0	0	0	0	0	0	92	0	0	1	0	0	0	0	0	0	0	0	80.9656	0	0	0	0	0	0	80.9656	0	0	1	0	0	0	0	0	0	0	0	189	0	0	0	0	0	0	189	0	0	1	0	0	0	0	0	0	0	0	0	0	0	0	0	0	0	0	0	0	0	0	0	0	0	0	0	0	0	0	0	0	0	0	0	0	0	0	0	0	0	0	0	0	0	0
181	0	0	0	781	0	0	0	0	0	0	781	0	0	0.185904	0	0	0	0	0	0	0.185904	0	0	1	0	0	0	0	0	0	0	0	99	0	0	0	0	0	0	99	0	0	1	0	0	0	0	0	0	0	0	82.7418	0	0	0	0	0	0	82.7418	0	0	1	0	0	0	0	0	0	0	0	196	0	0	0	0	0	0	196	0	0	1	0	0	0	0	0	0	0	0	0	0	0	0	0	0	0	0	0	0	0	0	0	0	0	0	0	0	0	0	0	0	0	0	0	0	0	0	0	0	0	0	0	0	0	0
182	0	0	0	793	0	0	0	0	0	0	793	0	0	0.149255	0	0	0	0	0	0	0.149255	0	0	1	0	0	0	0	0	0	0	0	85	0	0	0	0	0	0	85	0	0	1	0	0	0	0	0	0	0	0	81.5345	0	0	0	0	0	0	81.5345	0	0	1	0	0	0	0	0	0	0	0	207	0	0	0	0	0	0	207	0	0	1	0	0	0	0	0	0	0	0	0	0	0	0	0	0	0	0	0	0	0	0	0	0	0	0	0	0	0	0	0	0	0	0	0	0	0	0	0	0	0	0	0	0	0	0
183	0	0	0	842	0	0	0	0	0	0	842	0	0	0.137397	0	0	0	0	0	0	0.137397	0	0	1	0	0	0	0	0	0	0	0	81	0	0	0	0	0	0	81	0	0	1	0	0	0	0	0	0	0	0	85.3989	0	0	0	0	0	0	85.3989	0	0	1	0	0	0	0	0	0	0	0	212	0	0	0	0	0	0	212	0	0	1	0	0	0	0	0	0	0	0	0	0	0	0	0	0	0	0	0	0	0	0	0	0	0	0	0	0	0	0	0	0	0	0	0	0	0	0	0	0	0	0	0	0	0	0
184	0	0	0	845	0	0	0	0	0	0	845	0	0	0.150158	0	0	0	0	0	0	0.150158	0	0	1	0	0	0	0	0	0	0	0	75	0	0	0	0	0	0	75	0	0	1	0	0	0	0	0	0	0	0	87.5012	0	0	0	0	0	0	87.5012	0	0	1	0	0	0	0	0	0	0	0	214	0	0	0	0	0	0	214	0	0	1	0	0	0	0	0	0	0	0	0	0	0	0	0	0	0	0	0	0	0	0	0	0	0	0	0	0	0	0	0	0	0	0	0	0	0	0	0	0	0	0	0	0	0	0
185	0	0	0	807	0	0	0	0	0	0	807	0	0	0.104981	0	0	0	0	0	0	0.104981	0	0	1	0	0	0	0	0	0	0	0	68	0	0	0	0	0	0	68	0	0	1	0	0	0	0	0	0	0	0	84.4059	0	0	0	0	0	0	84.4059	0	0	1	0	0	0	0	0	0	0	0	213	0	0	0	0	0	0	213	0	0	1	0	0	0	0	0	0	0	0	0	0	0	0	0	0	0	0	0	0	0	0	0	0	0	0	0	0	0	0	0	0	0	0	0	0	0	0	0	0	0	0	0	0	0	0
186	0	0	0	815	0	0	0	0	0	0	815	0	0	0.140356	0	0	0	0	0	0	0.140356	0	0	1	0	0	0	0	0	0	0	0	65	0	0	0	0	0	0	65	0	0	1	0	0	0	0	0	0	0	0	84.9907	0	0	0	0	0	0	84.9907	0	0	1	0	0	0	0	0	0	0	0	210	0	0	0	0	0	0	210	0	0	1	0	0	0	0	0	0	0	0	0	0	0	0	0	0	0	0	0	0	0	0	0	0	0	0	0	0	0	0	0	0	0	0	0	0	0	0	0	0	0	0	0	0	0	0
187	0	0	0	836	0	0	0	0	0	0	836	0	0	0.104445	0	0	0	0	0	0	0.104445	0	0	1	0	0	0	0	0	0	0	0	59	0	0	0	0	0	0	59	0	0	1	0	0	0	0	0	0	0	0	85.2857	0	0	0	0	0	0	85.2857	0	0	1	0	0	0	0	0	0	0	0	215	0	0	0	0	0	0	215	0	0	1	0	0	0	0	0	0	0	0	0	0	0	0	0	0	0	0	0	0	0	0	0	0	0	0	0	0	0	0	0	0	0	0	0	0	0	0	0	0	0	0	0	0	0	0
188	0	0	0	787	0	0	0	0	0	0	787	0	0	0.105127	0	0	0	0	0	0	0.105127	0	0	1	0	0	0	0	0	0	0	0	58	0	0	0	0	0	0	58	0	0	1	0	0	0	0	0	0	0	0	84.6872	0	0	0	0	0	0	84.6872	0	0	1	0	0	0	0	0	0	0	0	212	0	0	0	0	0	0	212	0	0	1	0	0	0	0	0	0	0	0	0	0	0	0	0	0	0	0	0	0	0	0	0	0	0	0	0	0	0	0	0	0	0	0	0	0	0	0	0	0	0	0	0	0	0	0
189	0	0	0	825	0	0	0	0	0	0	825	0	0	0.107669	0	0	0	0	0	0	0.107669	0	0	1	0	0	0	0	0	0	0	0	53	0	0	0	0	0	0	53	0	0	1	0	0	0	0	0	0	0	0	83.8289	0	0	0	0	0	0	83.8289	0	0	1	0	0	0	0	0	0	0	0	212	0	0	0	0	0	0	212	0	0	1	0	0	0	0	0	0	0	0	0	0	0	0	0	0	0	0	0	0	0	0	0	0	0	0	0	0	0	0	0	0	0	0	0	0	0	0	0	0	0	0	0	0	0	0
190	0	0	0	816	0	0	0	0	0	0	816	0	0	0.0831386	0	0	0	0	0	0	0.0831386	0	0	1	0	0	0	0	0	0	0	0	45	0	0	0	0	0	0	45	0	0	1	0	0	0	0	0	0	0	0	84.2554	0	0	0	0	0	0	84.2554	0	0	1	0	0	0	0	0	0	0	0	213	0	0	0	0	0	0	213	0	0	1	0	0	0	0	0	0	0	0	0	0	0	0	0	0	0	0	0	0	0	0	0	0	0	0	0	0	0	0	0	0	0	0	0	0	0	0	0	0	0	0	0	0	0	0
191	0	0	0	829	0	0	0	0	0	0	829	0	0	0.100862	0	0	0	0	0	0	0.100862	0	0	1	0	0	0	0	0	0	0	0	50	0	0	0	0	0	0	50	0	0	1	0	0	0	0	0	0	0	0	85.4733	0	0	0	0	0	0	85.4733	0	0	1	0	0	0	0	0	0	0	0	207	0	0	0	0	0	0	207	0	0	1	0	0	0	0	0	0	0	0	0	0	0	0	0	0	0	0	0	0	0	0	0	0	0	0	0	0	0	0	0	0	0	0	0	0	0	0	0	0	0	0	0	0	0	0
192	0	0	0	807	0	0	0	0	0	0	807	0	0	0.104026	0	0	0	0	0	0	0.104026	0	0	1	0	0	0	0	0	0	0	0	61	0	0	0	0	0	0	61	0	0	1	0	0	0	0	0	0	0	0	86.5942	0	0	0	0	0	0	86.5942	0	0	1	0	0	0	0	0	0	0	0	204	0	0	0	0	0	0	204	0	0	1	0	0	0	0	0	0	0	0	0	0	0	0	0	0	0	0	0	0	0	0	0	0	0	0	0	0	0	0	0	0	0	0	0	0	0	0	0	0	0	0	0	0	0	0
193	0	0	0	788	0	0	0	0	0	0	788	0	0	0.0935521	0	0	0	0	0	0	0.0935521	0	0	1	0	0	0	0	0	0	0	0	65	0	0	0	0	0	0	65	0	0	1	0	0	0	0	0	0	0	0	82.9674	0	0	0	0	0	0	82.9674	0	0	1	0	0	0	0	0	0	0	0	197	0	0	0	0	0	0	197	0	0	1	0	0	0	0	0	0	0	0	0	0	0	0	0	0	0	0	0	0	0	0	0	0	0	0	0	0	0	0	0	0	0	0	0	0	0	0	0	0	0	0	0	0	0	0
194	0	0	0	773	0	0	0	0	0	0	773	0	0	0.0958372	0	0	0	0	0	0	0.0958372	0	0	1	0	0	0	0	0	0	0	0	76	0	0	0	0	0	0	76	0	0	1	0	0	0	0	0	0	0	0	84.3286	0	0	0	0	0	0	84.3286	0	0	1	0	0	0	0	0	0	0	0	201	0	0	0	0	0	0	201	0	0	1	0	0	0	0	0	0	0	0	0	0	0	0	0	0	0	0	0	0	0	0	0	0	0	0	0	0	0	0	0	0	0	0	0	0	0	0	0	0	0	0	0	0	0	0
195	0	0	0	767	0	0	0	0	0	0	767	0	0	0.120915	0	0	0	0	0	0	0.120915	0	0	1	0	0	0	0	0	0	0	0	82	0	0	0	0	0	0	82	0	0	1	0	0	0	0	0	0	0	0	83.1589	0	0	0	0	0	0	83.1589	0	0	1	0	0	0	0	0	0	0	0	199	0	0	0	0	0	0	199	0	0	1	0	0	0	0	0	0	0	0	0	0	0	0	0	0	0	0	0	0	0	0	0	0	0	0	0	0	0	0	0	0	0	0	0	0	0	0	0	0	0	0	0	0	0	0
196	0	0	0	778	0	0	0	0	0	0	778	0	0	0.119224	0	0	0	0	0	0	0.119224	0	0	1	0	0	0	0	0	0	0	0	77	0	0	0	0	0	0	77	0	0	1	0	0	0	0	0	0	0	0	85.2517	0	0	0	0	0	0	85.2517	0	0	1	0	0	0	0	0	0	0	0	203	0	0	0	0	0	0	203	0	0	1	0	0	0	0	0	0	0	0	0	0	0	0	0	0	0	0	0	0	0	0	0	0	0	0	0	0	0	0	0	0	0	0	0	0	0	0	0	0	0	0	0	0	0	0
197	0	0	0	756	0	0	0	0	0	0	756	0	0	0.142599	0	0	0	0	0	0	0.142599	0	0	1	0	0	0	0	0	0	0	0	77	0	0	0	0	0	0	77	0	0	1	0	0	0	0	0	0	0	0	83.3191	0	0	0	0	0	0	83.3191	0	0	1	0	0	0	0	0	0	0	0	204	0	0	0	0	0	0	204	0	0	1	0	0	0	0	0	0	0	0	0	0	0	0	0	0	0	0	0	0	0	0	0	0	0	0	0	0	0	0	0	0	0	0	0	0	0	0	0	0	0	0	0	0	0	0
198	0	0	0	753	0	0	0	0	0	0	753	0	0	0.126169	0	0	0	0	0	0	0.126169	0	0	1	0	0	0	0	0	0	0	0	67	0	0	0	0	0	0	67	0	0	1	0	0	0	0	0	0	0	0	83.5814	0	0	0	0	0	0	83.5814	0	0	1	0	0	0	0	0	0	0	0	208	0	0	0	0	0	0	208	0	0	1	0	0	0	0	0	0	0	0	0	0	0	0	0	0	0	0	0	0	0	0	0	0	0	0	0	0	0	0	0	0	0	0	0	0	0	0	0	0	0	0	0	0	0	0
199	0	0	0	781	0	0	0	0	0	0	781	0	0	0.101272	0	0	0	0	0	0	0.101272	0	0	1	0	0	0	0	0	0	0	0	56	0	0	0	0	0	0	56	0	0	1	0	0	0	0	0	0	0	0	84.8569	0	0	0	0	0	0	84.8569	0	0	1	0	0	0	0	0	0	0	0	211	0	0	0	0	0	0	211	0	0	1	0	0	0	0	0	0	0	0	0	0	0	0	0	0	0	0	0	0	0	0	0	0	0	0	0	0	0	0	0	0	0	0	0	0	0	0	0	0	0	0	0	0	0	0
200	0	0	0	801	0	0	0	0	0	0	801	0	0	0.0984006	0	0	0	0	0	0	0.0984006	0	0	1	0	0	0	0	0	0	0	0	49	0	0	0	0	0	0	49	0	0	1	0	0	0	0	0	0	0	0	85.2216	0	0	0	0	0	0	85.2216	0	0	1	0	0	0	0	0	0	0	0	208	0	0	0	0	0	0	208	0	0	1	0	0	0	0	0	0	0	0	0	0	0	0	0	0	0	0	0	0	0	0	0	0	0	0	0	0	0	0	0	0	0	0	0	0	0	0	0	0	0	0	0	0	0	0
