Location: Fake forest
From parameter file: C:\Users\ben\Desktop\inputs\input_GMF_0-1-0-0-0-0-0-0-0.xml
Basal area is normalized to m^2/ha; density to #/ha.
Subplots:
0 = Whole plot
Step	Subplot	Sdl Abs Den: ACRU	Sdl Abs Den: ACSA	Sdl Abs Den: BEAL	Sdl Abs Den: FAGR	Sdl Abs Den: TSCA	Sdl Abs Den: FRAM	Sdl Abs Den: PIST	Sdl Abs Den: PRSE	Sdl Abs Den: QURU	Sdl Den Total:	Sapl Abs BA: ACRU	Sapl Abs BA: ACSA	Sapl Abs BA: BEAL	Sapl Abs BA: FAGR	Sapl Abs BA: TSCA	Sapl Abs BA: FRAM	Sapl Abs BA: PIST	Sapl Abs BA: PRSE	Sapl Abs BA: QURU	Sapl BA Total:	Sapl Rel BA: ACRU	Sapl Rel BA: ACSA	Sapl Rel BA: BEAL	Sapl Rel BA: FAGR	Sapl Rel BA: TSCA	Sapl Rel BA: FRAM	Sapl Rel BA: PIST	Sapl Rel BA: PRSE	Sapl Rel BA: QURU	Sapl Abs Den: ACRU	Sapl Abs Den: ACSA	Sapl Abs Den: BEAL	Sapl Abs Den: FAGR	Sapl Abs Den: TSCA	Sapl Abs Den: FRAM	Sapl Abs Den: PIST	Sapl Abs Den: PRSE	Sapl Abs Den: QURU	Sapl Den Total:	Sapl Rel Den: ACRU	Sapl Rel Den: ACSA	Sapl Rel Den: BEAL	Sapl Rel Den: FAGR	Sapl Rel Den: TSCA	Sapl Rel Den: FRAM	Sapl Rel Den: PIST	Sapl Rel Den: PRSE	Sapl Rel Den: QURU	Adult Abs BA: ACRU	Adult Abs BA: ACSA	Adult Abs BA: BEAL	Adult Abs BA: FAGR	Adult Abs BA: TSCA	Adult Abs BA: FRAM	Adult Abs BA: PIST	Adult Abs BA: PRSE	Adult Abs BA: QURU	Adult BA Total:	Adult Rel BA: ACRU	Adult Rel BA: ACSA	Adult Rel BA: BEAL	Adult Rel BA: FAGR	Adult Rel BA: TSCA	Adult Rel BA: FRAM	Adult Rel BA: PIST	Adult Rel BA: PRSE	Adult Rel BA: QURU	Adult Abs Den: ACRU	Adult Abs Den: ACSA	Adult Abs Den: BEAL	Adult Abs Den: FAGR	Adult Abs Den: TSCA	Adult Abs Den: FRAM	Adult Abs Den: PIST	Adult Abs Den: PRSE	Adult Abs Den: QURU	Adult Den Total:	Adult Rel Den: ACRU	Adult Rel Den: ACSA	Adult Rel Den: BEAL	Adult Rel Den: FAGR	Adult Rel Den: TSCA	Adult Rel Den: FRAM	Adult Rel Den: PIST	Adult Rel Den: PRSE	Adult Rel Den: QURU	Snag Abs BA: ACRU	Snag Abs BA: ACSA	Snag Abs BA: BEAL	Snag Abs BA: FAGR	Snag Abs BA: TSCA	Snag Abs BA: FRAM	Snag Abs BA: PIST	Snag Abs BA: PRSE	Snag Abs BA: QURU	Snag BA Total:	Snag Rel BA: ACRU	Snag Rel BA: ACSA	Snag Rel BA: BEAL	Snag Rel BA: FAGR	Snag Rel BA: TSCA	Snag Rel BA: FRAM	Snag Rel BA: PIST	Snag Rel BA: PRSE	Snag Rel BA: QURU	Snag Abs Den: ACRU	Snag Abs Den: ACSA	Snag Abs Den: BEAL	Snag Abs Den: FAGR	Snag Abs Den: TSCA	Snag Abs Den: FRAM	Snag Abs Den: PIST	Snag Abs Den: PRSE	Snag Abs Den: QURU	Snag Den Total:	Snag Rel Den: ACRU	Snag Rel Den: ACSA	Snag Rel Den: BEAL	Snag Rel Den: FAGR	Snag Rel Den: TSCA	Snag Rel Den: FRAM	Snag Rel Den: PIST	Snag Rel Den: PRSE	Snag Rel Den: QURU
0	0	0	0	0	0	0	0	0	0	0	0	0	0.000637375	0	0	0	0	0	0	0	0.000637375	0	1	0	0	0	0	0	0	0	0	25	0	0	0	0	0	0	0	25	0	1	0	0	0	0	0	0	0	0	0	0	0	0	0	0	0	0	0	0	0	0	0	0	0	0	0	0	0	0	0	0	0	0	0	0	0	0	0	0	0	0	0	0	0	0	0	0	0	0	0	0	0	0	0	0	0	0	0	0	0	0	0	0	0	0	0	0	0	0	0	0	0	0	0	0	0	0	0	0	0	0	0	0	0
1	0	0	0	0	0	0	0	0	0	0	0	0	0.00170516	0	0	0	0	0	0	0	0.00170516	0	1	0	0	0	0	0	0	0	0	19	0	0	0	0	0	0	0	19	0	1	0	0	0	0	0	0	0	0	0	0	0	0	0	0	0	0	0	0	0	0	0	0	0	0	0	0	0	0	0	0	0	0	0	0	0	0	0	0	0	0	0	0	0	0	0	0	0	0	0	0	0	0	0	0	0	0	0	0	0	0	0	0	0	0	0	0	0	0	0	0	0	0	0	0	0	0	0	0	0	0	0	0	0
2	0	0	0	0	0	0	0	0	0	0	0	0	0.0054894	0	0	0	0	0	0	0	0.0054894	0	1	0	0	0	0	0	0	0	0	19	0	0	0	0	0	0	0	19	0	1	0	0	0	0	0	0	0	0	0	0	0	0	0	0	0	0	0	0	0	0	0	0	0	0	0	0	0	0	0	0	0	0	0	0	0	0	0	0	0	0	0	0	0	0	0	0	0	0	0	0	0	0	0	0	0	0	0	0	0	0	0	0	0	0	0	0	0	0	0	0	0	0	0	0	0	0	0	0	0	0	0	0	0
3	0	0	0	0	0	0	0	0	0	0	0	0	0.017672	0	0	0	0	0	0	0	0.017672	0	1	0	0	0	0	0	0	0	0	19	0	0	0	0	0	0	0	19	0	1	0	0	0	0	0	0	0	0	0	0	0	0	0	0	0	0	0	0	0	0	0	0	0	0	0	0	0	0	0	0	0	0	0	0	0	0	0	0	0	0	0	0	0	0	0	0	0	0	0	0	0	0	0	0	0	0	0	0	0	0	0	0	0	0	0	0	0	0	0	0	0	0	0	0	0	0	0	0	0	0	0	0	0
4	0	0	0	0	0	0	0	0	0	0	0	0	0.0548037	0	0	0	0	0	0	0	0.0548037	0	1	0	0	0	0	0	0	0	0	18	0	0	0	0	0	0	0	18	0	1	0	0	0	0	0	0	0	0	0	0	0	0	0	0	0	0	0	0	0	0	0	0	0	0	0	0	0	0	0	0	0	0	0	0	0	0	0	0	0	0	0	0	0	0	0	0	0	0	0	0	0	0	0	0	0	0	0	0	0	0	0	0	0	0	0	0	0	0	0	0	0	0	0	0	0	0	0	0	0	0	0	0	0
5	0	0	0	0	0	0	0	0	0	0	0	0	0.0489774	0	0	0	0	0	0	0	0.0489774	0	1	0	0	0	0	0	0	0	0	10	0	0	0	0	0	0	0	10	0	1	0	0	0	0	0	0	0	0	0.108323	0	0	0	0	0	0	0	0.108323	0	1	0	0	0	0	0	0	0	0	7	0	0	0	0	0	0	0	7	0	1	0	0	0	0	0	0	0	0	0	0	0	0	0	0	0	0	0	0	0	0	0	0	0	0	0	0	0	0	0	0	0	0	0	0	0	0	0	0	0	0	0	0	0	0	0
6	0	0	0	0	0	0	0	0	0	0	0	0	0.00715965	0	0	0	0	0	0	0	0.00715965	0	1	0	0	0	0	0	0	0	0	1	0	0	0	0	0	0	0	1	0	1	0	0	0	0	0	0	0	0	0.469658	0	0	0	0	0	0	0	0.469658	0	1	0	0	0	0	0	0	0	0	16	0	0	0	0	0	0	0	16	0	1	0	0	0	0	0	0	0	0	0	0	0	0	0	0	0	0	0	0	0	0	0	0	0	0	0	0	0	0	0	0	0	0	0	0	0	0	0	0	0	0	0	0	0	0	0
7	0	0	8	0	0	0	0	0	0	0	8	0	0	0	0	0	0	0	0	0	0	0	0	0	0	0	0	0	0	0	0	0	0	0	0	0	0	0	0	0	0	0	0	0	0	0	0	0	0	0	0.761006	0	0	0	0	0	0	0	0.761006	0	1	0	0	0	0	0	0	0	0	14	0	0	0	0	0	0	0	14	0	1	0	0	0	0	0	0	0	0	0	0	0	0	0	0	0	0	0	0	0	0	0	0	0	0	0	0	0	0	0	0	0	0	0	0	0	0	0	0	0	0	0	0	0	0	0
8	0	0	14	0	0	0	0	0	0	0	14	0	0	0	0	0	0	0	0	0	0	0	0	0	0	0	0	0	0	0	0	0	0	0	0	0	0	0	0	0	0	0	0	0	0	0	0	0	0	0	1.13183	0	0	0	0	0	0	0	1.13183	0	1	0	0	0	0	0	0	0	0	14	0	0	0	0	0	0	0	14	0	1	0	0	0	0	0	0	0	0	0	0	0	0	0	0	0	0	0	0	0	0	0	0	0	0	0	0	0	0	0	0	0	0	0	0	0	0	0	0	0	0	0	0	0	0	0
9	0	0	14	0	0	0	0	0	0	0	14	0	0	0	0	0	0	0	0	0	0	0	0	0	0	0	0	0	0	0	0	0	0	0	0	0	0	0	0	0	0	0	0	0	0	0	0	0	0	0	1.48682	0	0	0	0	0	0	0	1.48682	0	1	0	0	0	0	0	0	0	0	14	0	0	0	0	0	0	0	14	0	1	0	0	0	0	0	0	0	0	0	0	0	0	0	0	0	0	0	0	0	0	0	0	0	0	0	0	0	0	0	0	0	0	0	0	0	0	0	0	0	0	0	0	0	0	0
10	0	0	17	0	0	0	0	0	0	0	17	0	0	0	0	0	0	0	0	0	0	0	0	0	0	0	0	0	0	0	0	0	0	0	0	0	0	0	0	0	0	0	0	0	0	0	0	0	0	0	1.70922	0	0	0	0	0	0	0	1.70922	0	1	0	0	0	0	0	0	0	0	13	0	0	0	0	0	0	0	13	0	1	0	0	0	0	0	0	0	0	0	0	0	0	0	0	0	0	0	0	0	0	0	0	0	0	0	0	0	0	0	0	0	0	0	0	0	0	0	0	0	0	0	0	0	0	0
11	0	0	15	0	0	0	0	0	0	0	15	0	0.000187632	0	0	0	0	0	0	0	0.000187632	0	1	0	0	0	0	0	0	0	0	1	0	0	0	0	0	0	0	1	0	1	0	0	0	0	0	0	0	0	2.02946	0	0	0	0	0	0	0	2.02946	0	1	0	0	0	0	0	0	0	0	13	0	0	0	0	0	0	0	13	0	1	0	0	0	0	0	0	0	0	0	0	0	0	0	0	0	0	0	0	0	0	0	0	0	0	0	0	0	0	0	0	0	0	0	0	0	0	0	0	0	0	0	0	0	0	0
12	0	0	18	0	0	0	0	0	0	0	18	0	0.00097531	0	0	0	0	0	0	0	0.00097531	0	1	0	0	0	0	0	0	0	0	3	0	0	0	0	0	0	0	3	0	1	0	0	0	0	0	0	0	0	2.34745	0	0	0	0	0	0	0	2.34745	0	1	0	0	0	0	0	0	0	0	13	0	0	0	0	0	0	0	13	0	1	0	0	0	0	0	0	0	0	0	0	0	0	0	0	0	0	0	0	0	0	0	0	0	0	0	0	0	0	0	0	0	0	0	0	0	0	0	0	0	0	0	0	0	0	0
13	0	0	20	0	0	0	0	0	0	0	20	0	0.00330323	0	0	0	0	0	0	0	0.00330323	0	1	0	0	0	0	0	0	0	0	4	0	0	0	0	0	0	0	4	0	1	0	0	0	0	0	0	0	0	2.48154	0	0	0	0	0	0	0	2.48154	0	1	0	0	0	0	0	0	0	0	12	0	0	0	0	0	0	0	12	0	1	0	0	0	0	0	0	0	0	0	0	0	0	0	0	0	0	0	0	0	0	0	0	0	0	0	0	0	0	0	0	0	0	0	0	0	0	0	0	0	0	0	0	0	0	0
14	0	0	23	0	0	0	0	0	0	0	23	0	0.00445693	0	0	0	0	0	0	0	0.00445693	0	1	0	0	0	0	0	0	0	0	3	0	0	0	0	0	0	0	3	0	1	0	0	0	0	0	0	0	0	2.56989	0	0	0	0	0	0	0	2.56989	0	1	0	0	0	0	0	0	0	0	11	0	0	0	0	0	0	0	11	0	1	0	0	0	0	0	0	0	0	0	0	0	0	0	0	0	0	0	0	0	0	0	0	0	0	0	0	0	0	0	0	0	0	0	0	0	0	0	0	0	0	0	0	0	0	0
15	0	0	25	0	0	0	0	0	0	0	25	0	0.0146702	0	0	0	0	0	0	0	0.0146702	0	1	0	0	0	0	0	0	0	0	5	0	0	0	0	0	0	0	5	0	1	0	0	0	0	0	0	0	0	2.6034	0	0	0	0	0	0	0	2.6034	0	1	0	0	0	0	0	0	0	0	10	0	0	0	0	0	0	0	10	0	1	0	0	0	0	0	0	0	0	0	0	0	0	0	0	0	0	0	0	0	0	0	0	0	0	0	0	0	0	0	0	0	0	0	0	0	0	0	0	0	0	0	0	0	0	0
16	0	0	24	0	0	0	0	0	0	0	24	0	0.00707838	0	0	0	0	0	0	0	0.00707838	0	1	0	0	0	0	0	0	0	0	3	0	0	0	0	0	0	0	3	0	1	0	0	0	0	0	0	0	0	2.58902	0	0	0	0	0	0	0	2.58902	0	1	0	0	0	0	0	0	0	0	11	0	0	0	0	0	0	0	11	0	1	0	0	0	0	0	0	0	0	0	0	0	0	0	0	0	0	0	0	0	0	0	0	0	0	0	0	0	0	0	0	0	0	0	0	0	0	0	0	0	0	0	0	0	0	0
17	0	0	26	0	0	0	0	0	0	0	26	0	0	0	0	0	0	0	0	0	0	0	0	0	0	0	0	0	0	0	0	0	0	0	0	0	0	0	0	0	0	0	0	0	0	0	0	0	0	0	2.56815	0	0	0	0	0	0	0	2.56815	0	1	0	0	0	0	0	0	0	0	11	0	0	0	0	0	0	0	11	0	1	0	0	0	0	0	0	0	0	0	0	0	0	0	0	0	0	0	0	0	0	0	0	0	0	0	0	0	0	0	0	0	0	0	0	0	0	0	0	0	0	0	0	0	0	0
18	0	0	26	0	0	0	0	0	0	0	26	0	0.000372423	0	0	0	0	0	0	0	0.000372423	0	1	0	0	0	0	0	0	0	0	2	0	0	0	0	0	0	0	2	0	1	0	0	0	0	0	0	0	0	2.18631	0	0	0	0	0	0	0	2.18631	0	1	0	0	0	0	0	0	0	0	9	0	0	0	0	0	0	0	9	0	1	0	0	0	0	0	0	0	0	0	0	0	0	0	0	0	0	0	0	0	0	0	0	0	0	0	0	0	0	0	0	0	0	0	0	0	0	0	0	0	0	0	0	0	0	0
19	0	0	26	0	0	0	0	0	0	0	26	0	0.00175451	0	0	0	0	0	0	0	0.00175451	0	1	0	0	0	0	0	0	0	0	5	0	0	0	0	0	0	0	5	0	1	0	0	0	0	0	0	0	0	2.33137	0	0	0	0	0	0	0	2.33137	0	1	0	0	0	0	0	0	0	0	8	0	0	0	0	0	0	0	8	0	1	0	0	0	0	0	0	0	0	0	0	0	0	0	0	0	0	0	0	0	0	0	0	0	0	0	0	0	0	0	0	0	0	0	0	0	0	0	0	0	0	0	0	0	0	0
20	0	0	19	0	0	0	0	0	0	0	19	0	0.00619198	0	0	0	0	0	0	0	0.00619198	0	1	0	0	0	0	0	0	0	0	8	0	0	0	0	0	0	0	8	0	1	0	0	0	0	0	0	0	0	1.77165	0	0	0	0	0	0	0	1.77165	0	1	0	0	0	0	0	0	0	0	6	0	0	0	0	0	0	0	6	0	1	0	0	0	0	0	0	0	0	0	0	0	0	0	0	0	0	0	0	0	0	0	0	0	0	0	0	0	0	0	0	0	0	0	0	0	0	0	0	0	0	0	0	0	0	0
21	0	0	22	0	0	0	0	0	0	0	22	0	0.0200891	0	0	0	0	0	0	0	0.0200891	0	1	0	0	0	0	0	0	0	0	9	0	0	0	0	0	0	0	9	0	1	0	0	0	0	0	0	0	0	1.91667	0	0	0	0	0	0	0	1.91667	0	1	0	0	0	0	0	0	0	0	6	0	0	0	0	0	0	0	6	0	1	0	0	0	0	0	0	0	0	0	0	0	0	0	0	0	0	0	0	0	0	0	0	0	0	0	0	0	0	0	0	0	0	0	0	0	0	0	0	0	0	0	0	0	0	0
22	0	0	23	0	0	0	0	0	0	0	23	0	0.0253461	0	0	0	0	0	0	0	0.0253461	0	1	0	0	0	0	0	0	0	0	10	0	0	0	0	0	0	0	10	0	1	0	0	0	0	0	0	0	0	2.10102	0	0	0	0	0	0	0	2.10102	0	1	0	0	0	0	0	0	0	0	8	0	0	0	0	0	0	0	8	0	1	0	0	0	0	0	0	0	0	0	0	0	0	0	0	0	0	0	0	0	0	0	0	0	0	0	0	0	0	0	0	0	0	0	0	0	0	0	0	0	0	0	0	0	0	0
23	0	0	24	0	0	0	0	0	0	0	24	0	0.0230114	0	0	0	0	0	0	0	0.0230114	0	1	0	0	0	0	0	0	0	0	10	0	0	0	0	0	0	0	10	0	1	0	0	0	0	0	0	0	0	2.11422	0	0	0	0	0	0	0	2.11422	0	1	0	0	0	0	0	0	0	0	9	0	0	0	0	0	0	0	9	0	1	0	0	0	0	0	0	0	0	0	0	0	0	0	0	0	0	0	0	0	0	0	0	0	0	0	0	0	0	0	0	0	0	0	0	0	0	0	0	0	0	0	0	0	0	0
24	0	0	28	0	0	0	0	0	0	0	28	0	0.014413	0	0	0	0	0	0	0	0.014413	0	1	0	0	0	0	0	0	0	0	10	0	0	0	0	0	0	0	10	0	1	0	0	0	0	0	0	0	0	2.41234	0	0	0	0	0	0	0	2.41234	0	1	0	0	0	0	0	0	0	0	12	0	0	0	0	0	0	0	12	0	1	0	0	0	0	0	0	0	0	0	0	0	0	0	0	0	0	0	0	0	0	0	0	0	0	0	0	0	0	0	0	0	0	0	0	0	0	0	0	0	0	0	0	0	0	0
25	0	0	24	0	0	0	0	0	0	0	24	0	0.0182709	0	0	0	0	0	0	0	0.0182709	0	1	0	0	0	0	0	0	0	0	8	0	0	0	0	0	0	0	8	0	1	0	0	0	0	0	0	0	0	2.74787	0	0	0	0	0	0	0	2.74787	0	1	0	0	0	0	0	0	0	0	13	0	0	0	0	0	0	0	13	0	1	0	0	0	0	0	0	0	0	0	0	0	0	0	0	0	0	0	0	0	0	0	0	0	0	0	0	0	0	0	0	0	0	0	0	0	0	0	0	0	0	0	0	0	0	0
26	0	0	28	0	0	0	0	0	0	0	28	0	0.0192101	0	0	0	0	0	0	0	0.0192101	0	1	0	0	0	0	0	0	0	0	8	0	0	0	0	0	0	0	8	0	1	0	0	0	0	0	0	0	0	2.59154	0	0	0	0	0	0	0	2.59154	0	1	0	0	0	0	0	0	0	0	14	0	0	0	0	0	0	0	14	0	1	0	0	0	0	0	0	0	0	0	0	0	0	0	0	0	0	0	0	0	0	0	0	0	0	0	0	0	0	0	0	0	0	0	0	0	0	0	0	0	0	0	0	0	0	0
27	0	0	24	0	0	0	0	0	0	0	24	0	0.0216851	0	0	0	0	0	0	0	0.0216851	0	1	0	0	0	0	0	0	0	0	7	0	0	0	0	0	0	0	7	0	1	0	0	0	0	0	0	0	0	2.6929	0	0	0	0	0	0	0	2.6929	0	1	0	0	0	0	0	0	0	0	15	0	0	0	0	0	0	0	15	0	1	0	0	0	0	0	0	0	0	0	0	0	0	0	0	0	0	0	0	0	0	0	0	0	0	0	0	0	0	0	0	0	0	0	0	0	0	0	0	0	0	0	0	0	0	0
28	0	0	27	0	0	0	0	0	0	0	27	0	0.0103994	0	0	0	0	0	0	0	0.0103994	0	1	0	0	0	0	0	0	0	0	5	0	0	0	0	0	0	0	5	0	1	0	0	0	0	0	0	0	0	2.98397	0	0	0	0	0	0	0	2.98397	0	1	0	0	0	0	0	0	0	0	17	0	0	0	0	0	0	0	17	0	1	0	0	0	0	0	0	0	0	0	0	0	0	0	0	0	0	0	0	0	0	0	0	0	0	0	0	0	0	0	0	0	0	0	0	0	0	0	0	0	0	0	0	0	0	0
29	0	0	29	0	0	0	0	0	0	0	29	0	0.00863325	0	0	0	0	0	0	0	0.00863325	0	1	0	0	0	0	0	0	0	0	4	0	0	0	0	0	0	0	4	0	1	0	0	0	0	0	0	0	0	3.36389	0	0	0	0	0	0	0	3.36389	0	1	0	0	0	0	0	0	0	0	17	0	0	0	0	0	0	0	17	0	1	0	0	0	0	0	0	0	0	0	0	0	0	0	0	0	0	0	0	0	0	0	0	0	0	0	0	0	0	0	0	0	0	0	0	0	0	0	0	0	0	0	0	0	0	0
30	0	0	31	0	0	0	0	0	0	0	31	0	0.00895322	0	0	0	0	0	0	0	0.00895322	0	1	0	0	0	0	0	0	0	0	4	0	0	0	0	0	0	0	4	0	1	0	0	0	0	0	0	0	0	3.73329	0	0	0	0	0	0	0	3.73329	0	1	0	0	0	0	0	0	0	0	17	0	0	0	0	0	0	0	17	0	1	0	0	0	0	0	0	0	0	0	0	0	0	0	0	0	0	0	0	0	0	0	0	0	0	0	0	0	0	0	0	0	0	0	0	0	0	0	0	0	0	0	0	0	0	0
31	0	0	34	0	0	0	0	0	0	0	34	0	0.00843647	0	0	0	0	0	0	0	0.00843647	0	1	0	0	0	0	0	0	0	0	4	0	0	0	0	0	0	0	4	0	1	0	0	0	0	0	0	0	0	4.10801	0	0	0	0	0	0	0	4.10801	0	1	0	0	0	0	0	0	0	0	16	0	0	0	0	0	0	0	16	0	1	0	0	0	0	0	0	0	0	0	0	0	0	0	0	0	0	0	0	0	0	0	0	0	0	0	0	0	0	0	0	0	0	0	0	0	0	0	0	0	0	0	0	0	0	0
32	0	0	40	0	0	0	0	0	0	0	40	0	0.00723832	0	0	0	0	0	0	0	0.00723832	0	1	0	0	0	0	0	0	0	0	4	0	0	0	0	0	0	0	4	0	1	0	0	0	0	0	0	0	0	4.26943	0	0	0	0	0	0	0	4.26943	0	1	0	0	0	0	0	0	0	0	16	0	0	0	0	0	0	0	16	0	1	0	0	0	0	0	0	0	0	0	0	0	0	0	0	0	0	0	0	0	0	0	0	0	0	0	0	0	0	0	0	0	0	0	0	0	0	0	0	0	0	0	0	0	0	0
33	0	0	35	0	0	0	0	0	0	0	35	0	0.00502089	0	0	0	0	0	0	0	0.00502089	0	1	0	0	0	0	0	0	0	0	7	0	0	0	0	0	0	0	7	0	1	0	0	0	0	0	0	0	0	3.80078	0	0	0	0	0	0	0	3.80078	0	1	0	0	0	0	0	0	0	0	15	0	0	0	0	0	0	0	15	0	1	0	0	0	0	0	0	0	0	0	0	0	0	0	0	0	0	0	0	0	0	0	0	0	0	0	0	0	0	0	0	0	0	0	0	0	0	0	0	0	0	0	0	0	0	0
34	0	0	39	0	0	0	0	0	0	0	39	0	0.0162568	0	0	0	0	0	0	0	0.0162568	0	1	0	0	0	0	0	0	0	0	9	0	0	0	0	0	0	0	9	0	1	0	0	0	0	0	0	0	0	4.17257	0	0	0	0	0	0	0	4.17257	0	1	0	0	0	0	0	0	0	0	15	0	0	0	0	0	0	0	15	0	1	0	0	0	0	0	0	0	0	0	0	0	0	0	0	0	0	0	0	0	0	0	0	0	0	0	0	0	0	0	0	0	0	0	0	0	0	0	0	0	0	0	0	0	0	0
35	0	0	38	0	0	0	0	0	0	0	38	0	0.0152884	0	0	0	0	0	0	0	0.0152884	0	1	0	0	0	0	0	0	0	0	10	0	0	0	0	0	0	0	10	0	1	0	0	0	0	0	0	0	0	4.55703	0	0	0	0	0	0	0	4.55703	0	1	0	0	0	0	0	0	0	0	16	0	0	0	0	0	0	0	16	0	1	0	0	0	0	0	0	0	0	0	0	0	0	0	0	0	0	0	0	0	0	0	0	0	0	0	0	0	0	0	0	0	0	0	0	0	0	0	0	0	0	0	0	0	0	0
36	0	0	43	0	0	0	0	0	0	0	43	0	0.0231122	0	0	0	0	0	0	0	0.0231122	0	1	0	0	0	0	0	0	0	0	11	0	0	0	0	0	0	0	11	0	1	0	0	0	0	0	0	0	0	4.9708	0	0	0	0	0	0	0	4.9708	0	1	0	0	0	0	0	0	0	0	17	0	0	0	0	0	0	0	17	0	1	0	0	0	0	0	0	0	0	0	0	0	0	0	0	0	0	0	0	0	0	0	0	0	0	0	0	0	0	0	0	0	0	0	0	0	0	0	0	0	0	0	0	0	0	0
37	0	0	47	0	0	0	0	0	0	0	47	0	0.0193333	0	0	0	0	0	0	0	0.0193333	0	1	0	0	0	0	0	0	0	0	10	0	0	0	0	0	0	0	10	0	1	0	0	0	0	0	0	0	0	5.39185	0	0	0	0	0	0	0	5.39185	0	1	0	0	0	0	0	0	0	0	19	0	0	0	0	0	0	0	19	0	1	0	0	0	0	0	0	0	0	0	0	0	0	0	0	0	0	0	0	0	0	0	0	0	0	0	0	0	0	0	0	0	0	0	0	0	0	0	0	0	0	0	0	0	0	0
38	0	0	53	0	0	0	0	0	0	0	53	0	0.0254864	0	0	0	0	0	0	0	0.0254864	0	1	0	0	0	0	0	0	0	0	9	0	0	0	0	0	0	0	9	0	1	0	0	0	0	0	0	0	0	5.90362	0	0	0	0	0	0	0	5.90362	0	1	0	0	0	0	0	0	0	0	21	0	0	0	0	0	0	0	21	0	1	0	0	0	0	0	0	0	0	0	0	0	0	0	0	0	0	0	0	0	0	0	0	0	0	0	0	0	0	0	0	0	0	0	0	0	0	0	0	0	0	0	0	0	0	0
39	0	0	56	0	0	0	0	0	0	0	56	0	0.0230628	0	0	0	0	0	0	0	0.0230628	0	1	0	0	0	0	0	0	0	0	7	0	0	0	0	0	0	0	7	0	1	0	0	0	0	0	0	0	0	6.44193	0	0	0	0	0	0	0	6.44193	0	1	0	0	0	0	0	0	0	0	23	0	0	0	0	0	0	0	23	0	1	0	0	0	0	0	0	0	0	0	0	0	0	0	0	0	0	0	0	0	0	0	0	0	0	0	0	0	0	0	0	0	0	0	0	0	0	0	0	0	0	0	0	0	0	0
40	0	0	66	0	0	0	0	0	0	0	66	0	0.0148475	0	0	0	0	0	0	0	0.0148475	0	1	0	0	0	0	0	0	0	0	8	0	0	0	0	0	0	0	8	0	1	0	0	0	0	0	0	0	0	7.06016	0	0	0	0	0	0	0	7.06016	0	1	0	0	0	0	0	0	0	0	25	0	0	0	0	0	0	0	25	0	1	0	0	0	0	0	0	0	0	0	0	0	0	0	0	0	0	0	0	0	0	0	0	0	0	0	0	0	0	0	0	0	0	0	0	0	0	0	0	0	0	0	0	0	0	0
41	0	0	63	0	0	0	0	0	0	0	63	0	0.0113985	0	0	0	0	0	0	0	0.0113985	0	1	0	0	0	0	0	0	0	0	14	0	0	0	0	0	0	0	14	0	1	0	0	0	0	0	0	0	0	6.8291	0	0	0	0	0	0	0	6.8291	0	1	0	0	0	0	0	0	0	0	26	0	0	0	0	0	0	0	26	0	1	0	0	0	0	0	0	0	0	0	0	0	0	0	0	0	0	0	0	0	0	0	0	0	0	0	0	0	0	0	0	0	0	0	0	0	0	0	0	0	0	0	0	0	0	0
42	0	0	65	0	0	0	0	0	0	0	65	0	0.016852	0	0	0	0	0	0	0	0.016852	0	1	0	0	0	0	0	0	0	0	14	0	0	0	0	0	0	0	14	0	1	0	0	0	0	0	0	0	0	6.52079	0	0	0	0	0	0	0	6.52079	0	1	0	0	0	0	0	0	0	0	25	0	0	0	0	0	0	0	25	0	1	0	0	0	0	0	0	0	0	0	0	0	0	0	0	0	0	0	0	0	0	0	0	0	0	0	0	0	0	0	0	0	0	0	0	0	0	0	0	0	0	0	0	0	0	0
43	0	0	62	0	0	0	0	0	0	0	62	0	0.0366675	0	0	0	0	0	0	0	0.0366675	0	1	0	0	0	0	0	0	0	0	19	0	0	0	0	0	0	0	19	0	1	0	0	0	0	0	0	0	0	7.02706	0	0	0	0	0	0	0	7.02706	0	1	0	0	0	0	0	0	0	0	25	0	0	0	0	0	0	0	25	0	1	0	0	0	0	0	0	0	0	0	0	0	0	0	0	0	0	0	0	0	0	0	0	0	0	0	0	0	0	0	0	0	0	0	0	0	0	0	0	0	0	0	0	0	0	0
44	0	0	66	0	0	0	0	0	0	0	66	0	0.0363332	0	0	0	0	0	0	0	0.0363332	0	1	0	0	0	0	0	0	0	0	16	0	0	0	0	0	0	0	16	0	1	0	0	0	0	0	0	0	0	7.55857	0	0	0	0	0	0	0	7.55857	0	1	0	0	0	0	0	0	0	0	28	0	0	0	0	0	0	0	28	0	1	0	0	0	0	0	0	0	0	0	0	0	0	0	0	0	0	0	0	0	0	0	0	0	0	0	0	0	0	0	0	0	0	0	0	0	0	0	0	0	0	0	0	0	0	0
45	0	0	72	0	0	0	0	0	0	0	72	0	0.0198933	0	0	0	0	0	0	0	0.0198933	0	1	0	0	0	0	0	0	0	0	13	0	0	0	0	0	0	0	13	0	1	0	0	0	0	0	0	0	0	7.26022	0	0	0	0	0	0	0	7.26022	0	1	0	0	0	0	0	0	0	0	30	0	0	0	0	0	0	0	30	0	1	0	0	0	0	0	0	0	0	0	0	0	0	0	0	0	0	0	0	0	0	0	0	0	0	0	0	0	0	0	0	0	0	0	0	0	0	0	0	0	0	0	0	0	0	0
46	0	0	65	0	0	0	0	0	0	0	65	0	0.0414345	0	0	0	0	0	0	0	0.0414345	0	1	0	0	0	0	0	0	0	0	18	0	0	0	0	0	0	0	18	0	1	0	0	0	0	0	0	0	0	6.99617	0	0	0	0	0	0	0	6.99617	0	1	0	0	0	0	0	0	0	0	29	0	0	0	0	0	0	0	29	0	1	0	0	0	0	0	0	0	0	0	0	0	0	0	0	0	0	0	0	0	0	0	0	0	0	0	0	0	0	0	0	0	0	0	0	0	0	0	0	0	0	0	0	0	0	0
47	0	0	65	0	0	0	0	0	0	0	65	0	0.0262558	0	0	0	0	0	0	0	0.0262558	0	1	0	0	0	0	0	0	0	0	17	0	0	0	0	0	0	0	17	0	1	0	0	0	0	0	0	0	0	6.69474	0	0	0	0	0	0	0	6.69474	0	1	0	0	0	0	0	0	0	0	33	0	0	0	0	0	0	0	33	0	1	0	0	0	0	0	0	0	0	0	0	0	0	0	0	0	0	0	0	0	0	0	0	0	0	0	0	0	0	0	0	0	0	0	0	0	0	0	0	0	0	0	0	0	0	0
48	0	0	60	0	0	0	0	0	0	0	60	0	0.0248161	0	0	0	0	0	0	0	0.0248161	0	1	0	0	0	0	0	0	0	0	18	0	0	0	0	0	0	0	18	0	1	0	0	0	0	0	0	0	0	7.54469	0	0	0	0	0	0	0	7.54469	0	1	0	0	0	0	0	0	0	0	36	0	0	0	0	0	0	0	36	0	1	0	0	0	0	0	0	0	0	0	0	0	0	0	0	0	0	0	0	0	0	0	0	0	0	0	0	0	0	0	0	0	0	0	0	0	0	0	0	0	0	0	0	0	0	0
49	0	0	58	0	0	0	0	0	0	0	58	0	0.039679	0	0	0	0	0	0	0	0.039679	0	1	0	0	0	0	0	0	0	0	19	0	0	0	0	0	0	0	19	0	1	0	0	0	0	0	0	0	0	6.48839	0	0	0	0	0	0	0	6.48839	0	1	0	0	0	0	0	0	0	0	35	0	0	0	0	0	0	0	35	0	1	0	0	0	0	0	0	0	0	0	0	0	0	0	0	0	0	0	0	0	0	0	0	0	0	0	0	0	0	0	0	0	0	0	0	0	0	0	0	0	0	0	0	0	0	0
50	0	0	64	0	0	0	0	0	0	0	64	0	0.0308545	0	0	0	0	0	0	0	0.0308545	0	1	0	0	0	0	0	0	0	0	16	0	0	0	0	0	0	0	16	0	1	0	0	0	0	0	0	0	0	7.2587	0	0	0	0	0	0	0	7.2587	0	1	0	0	0	0	0	0	0	0	38	0	0	0	0	0	0	0	38	0	1	0	0	0	0	0	0	0	0	0	0	0	0	0	0	0	0	0	0	0	0	0	0	0	0	0	0	0	0	0	0	0	0	0	0	0	0	0	0	0	0	0	0	0	0	0
51	0	0	72	0	0	0	0	0	0	0	72	0	0.0514911	0	0	0	0	0	0	0	0.0514911	0	1	0	0	0	0	0	0	0	0	15	0	0	0	0	0	0	0	15	0	1	0	0	0	0	0	0	0	0	7.52635	0	0	0	0	0	0	0	7.52635	0	1	0	0	0	0	0	0	0	0	38	0	0	0	0	0	0	0	38	0	1	0	0	0	0	0	0	0	0	0	0	0	0	0	0	0	0	0	0	0	0	0	0	0	0	0	0	0	0	0	0	0	0	0	0	0	0	0	0	0	0	0	0	0	0	0
52	0	0	74	0	0	0	0	0	0	0	74	0	0.017314	0	0	0	0	0	0	0	0.017314	0	1	0	0	0	0	0	0	0	0	8	0	0	0	0	0	0	0	8	0	1	0	0	0	0	0	0	0	0	7.84737	0	0	0	0	0	0	0	7.84737	0	1	0	0	0	0	0	0	0	0	40	0	0	0	0	0	0	0	40	0	1	0	0	0	0	0	0	0	0	0	0	0	0	0	0	0	0	0	0	0	0	0	0	0	0	0	0	0	0	0	0	0	0	0	0	0	0	0	0	0	0	0	0	0	0	0
53	0	0	77	0	0	0	0	0	0	0	77	0	0.0266653	0	0	0	0	0	0	0	0.0266653	0	1	0	0	0	0	0	0	0	0	10	0	0	0	0	0	0	0	10	0	1	0	0	0	0	0	0	0	0	8.61616	0	0	0	0	0	0	0	8.61616	0	1	0	0	0	0	0	0	0	0	40	0	0	0	0	0	0	0	40	0	1	0	0	0	0	0	0	0	0	0	0	0	0	0	0	0	0	0	0	0	0	0	0	0	0	0	0	0	0	0	0	0	0	0	0	0	0	0	0	0	0	0	0	0	0	0
54	0	0	80	0	0	0	0	0	0	0	80	0	0.0180221	0	0	0	0	0	0	0	0.0180221	0	1	0	0	0	0	0	0	0	0	14	0	0	0	0	0	0	0	14	0	1	0	0	0	0	0	0	0	0	9.02435	0	0	0	0	0	0	0	9.02435	0	1	0	0	0	0	0	0	0	0	39	0	0	0	0	0	0	0	39	0	1	0	0	0	0	0	0	0	0	0	0	0	0	0	0	0	0	0	0	0	0	0	0	0	0	0	0	0	0	0	0	0	0	0	0	0	0	0	0	0	0	0	0	0	0	0
55	0	0	80	0	0	0	0	0	0	0	80	0	0.0165621	0	0	0	0	0	0	0	0.0165621	0	1	0	0	0	0	0	0	0	0	16	0	0	0	0	0	0	0	16	0	1	0	0	0	0	0	0	0	0	9.8379	0	0	0	0	0	0	0	9.8379	0	1	0	0	0	0	0	0	0	0	40	0	0	0	0	0	0	0	40	0	1	0	0	0	0	0	0	0	0	0	0	0	0	0	0	0	0	0	0	0	0	0	0	0	0	0	0	0	0	0	0	0	0	0	0	0	0	0	0	0	0	0	0	0	0	0
56	0	0	84	0	0	0	0	0	0	0	84	0	0.0299208	0	0	0	0	0	0	0	0.0299208	0	1	0	0	0	0	0	0	0	0	16	0	0	0	0	0	0	0	16	0	1	0	0	0	0	0	0	0	0	10.2711	0	0	0	0	0	0	0	10.2711	0	1	0	0	0	0	0	0	0	0	40	0	0	0	0	0	0	0	40	0	1	0	0	0	0	0	0	0	0	0	0	0	0	0	0	0	0	0	0	0	0	0	0	0	0	0	0	0	0	0	0	0	0	0	0	0	0	0	0	0	0	0	0	0	0	0
57	0	0	87	0	0	0	0	0	0	0	87	0	0.0416072	0	0	0	0	0	0	0	0.0416072	0	1	0	0	0	0	0	0	0	0	15	0	0	0	0	0	0	0	15	0	1	0	0	0	0	0	0	0	0	9.8296	0	0	0	0	0	0	0	9.8296	0	1	0	0	0	0	0	0	0	0	40	0	0	0	0	0	0	0	40	0	1	0	0	0	0	0	0	0	0	0	0	0	0	0	0	0	0	0	0	0	0	0	0	0	0	0	0	0	0	0	0	0	0	0	0	0	0	0	0	0	0	0	0	0	0	0
58	0	0	94	0	0	0	0	0	0	0	94	0	0.0380535	0	0	0	0	0	0	0	0.0380535	0	1	0	0	0	0	0	0	0	0	15	0	0	0	0	0	0	0	15	0	1	0	0	0	0	0	0	0	0	10.4532	0	0	0	0	0	0	0	10.4532	0	1	0	0	0	0	0	0	0	0	43	0	0	0	0	0	0	0	43	0	1	0	0	0	0	0	0	0	0	0	0	0	0	0	0	0	0	0	0	0	0	0	0	0	0	0	0	0	0	0	0	0	0	0	0	0	0	0	0	0	0	0	0	0	0	0
59	0	0	106	0	0	0	0	0	0	0	106	0	0.0197072	0	0	0	0	0	0	0	0.0197072	0	1	0	0	0	0	0	0	0	0	12	0	0	0	0	0	0	0	12	0	1	0	0	0	0	0	0	0	0	11.0719	0	0	0	0	0	0	0	11.0719	0	1	0	0	0	0	0	0	0	0	44	0	0	0	0	0	0	0	44	0	1	0	0	0	0	0	0	0	0	0	0	0	0	0	0	0	0	0	0	0	0	0	0	0	0	0	0	0	0	0	0	0	0	0	0	0	0	0	0	0	0	0	0	0	0	0
60	0	0	106	0	0	0	0	0	0	0	106	0	0.0218371	0	0	0	0	0	0	0	0.0218371	0	1	0	0	0	0	0	0	0	0	15	0	0	0	0	0	0	0	15	0	1	0	0	0	0	0	0	0	0	11.4835	0	0	0	0	0	0	0	11.4835	0	1	0	0	0	0	0	0	0	0	43	0	0	0	0	0	0	0	43	0	1	0	0	0	0	0	0	0	0	0	0	0	0	0	0	0	0	0	0	0	0	0	0	0	0	0	0	0	0	0	0	0	0	0	0	0	0	0	0	0	0	0	0	0	0	0
61	0	0	98	0	0	0	0	0	0	0	98	0	0.0373092	0	0	0	0	0	0	0	0.0373092	0	1	0	0	0	0	0	0	0	0	19	0	0	0	0	0	0	0	19	0	1	0	0	0	0	0	0	0	0	10.322	0	0	0	0	0	0	0	10.322	0	1	0	0	0	0	0	0	0	0	37	0	0	0	0	0	0	0	37	0	1	0	0	0	0	0	0	0	0	0	0	0	0	0	0	0	0	0	0	0	0	0	0	0	0	0	0	0	0	0	0	0	0	0	0	0	0	0	0	0	0	0	0	0	0	0
62	0	0	91	0	0	0	0	0	0	0	91	0	0.035761	0	0	0	0	0	0	0	0.035761	0	1	0	0	0	0	0	0	0	0	22	0	0	0	0	0	0	0	22	0	1	0	0	0	0	0	0	0	0	10.693	0	0	0	0	0	0	0	10.693	0	1	0	0	0	0	0	0	0	0	37	0	0	0	0	0	0	0	37	0	1	0	0	0	0	0	0	0	0	0	0	0	0	0	0	0	0	0	0	0	0	0	0	0	0	0	0	0	0	0	0	0	0	0	0	0	0	0	0	0	0	0	0	0	0	0
63	0	0	99	0	0	0	0	0	0	0	99	0	0.0301544	0	0	0	0	0	0	0	0.0301544	0	1	0	0	0	0	0	0	0	0	18	0	0	0	0	0	0	0	18	0	1	0	0	0	0	0	0	0	0	10.6312	0	0	0	0	0	0	0	10.6312	0	1	0	0	0	0	0	0	0	0	39	0	0	0	0	0	0	0	39	0	1	0	0	0	0	0	0	0	0	0	0	0	0	0	0	0	0	0	0	0	0	0	0	0	0	0	0	0	0	0	0	0	0	0	0	0	0	0	0	0	0	0	0	0	0	0
64	0	0	101	0	0	0	0	0	0	0	101	0	0.0392147	0	0	0	0	0	0	0	0.0392147	0	1	0	0	0	0	0	0	0	0	16	0	0	0	0	0	0	0	16	0	1	0	0	0	0	0	0	0	0	11.0277	0	0	0	0	0	0	0	11.0277	0	1	0	0	0	0	0	0	0	0	39	0	0	0	0	0	0	0	39	0	1	0	0	0	0	0	0	0	0	0	0	0	0	0	0	0	0	0	0	0	0	0	0	0	0	0	0	0	0	0	0	0	0	0	0	0	0	0	0	0	0	0	0	0	0	0
65	0	0	105	0	0	0	0	0	0	0	105	0	0.0409964	0	0	0	0	0	0	0	0.0409964	0	1	0	0	0	0	0	0	0	0	14	0	0	0	0	0	0	0	14	0	1	0	0	0	0	0	0	0	0	11.8973	0	0	0	0	0	0	0	11.8973	0	1	0	0	0	0	0	0	0	0	41	0	0	0	0	0	0	0	41	0	1	0	0	0	0	0	0	0	0	0	0	0	0	0	0	0	0	0	0	0	0	0	0	0	0	0	0	0	0	0	0	0	0	0	0	0	0	0	0	0	0	0	0	0	0	0
66	0	0	109	0	0	0	0	0	0	0	109	0	0.0232457	0	0	0	0	0	0	0	0.0232457	0	1	0	0	0	0	0	0	0	0	14	0	0	0	0	0	0	0	14	0	1	0	0	0	0	0	0	0	0	12.4512	0	0	0	0	0	0	0	12.4512	0	1	0	0	0	0	0	0	0	0	44	0	0	0	0	0	0	0	44	0	1	0	0	0	0	0	0	0	0	0	0	0	0	0	0	0	0	0	0	0	0	0	0	0	0	0	0	0	0	0	0	0	0	0	0	0	0	0	0	0	0	0	0	0	0	0
67	0	0	119	0	0	0	0	0	0	0	119	0	0.0243361	0	0	0	0	0	0	0	0.0243361	0	1	0	0	0	0	0	0	0	0	15	0	0	0	0	0	0	0	15	0	1	0	0	0	0	0	0	0	0	13.535	0	0	0	0	0	0	0	13.535	0	1	0	0	0	0	0	0	0	0	45	0	0	0	0	0	0	0	45	0	1	0	0	0	0	0	0	0	0	0	0	0	0	0	0	0	0	0	0	0	0	0	0	0	0	0	0	0	0	0	0	0	0	0	0	0	0	0	0	0	0	0	0	0	0	0
68	0	0	122	0	0	0	0	0	0	0	122	0	0.0292295	0	0	0	0	0	0	0	0.0292295	0	1	0	0	0	0	0	0	0	0	19	0	0	0	0	0	0	0	19	0	1	0	0	0	0	0	0	0	0	14.5463	0	0	0	0	0	0	0	14.5463	0	1	0	0	0	0	0	0	0	0	46	0	0	0	0	0	0	0	46	0	1	0	0	0	0	0	0	0	0	0	0	0	0	0	0	0	0	0	0	0	0	0	0	0	0	0	0	0	0	0	0	0	0	0	0	0	0	0	0	0	0	0	0	0	0	0
69	0	0	129	0	0	0	0	0	0	0	129	0	0.0547107	0	0	0	0	0	0	0	0.0547107	0	1	0	0	0	0	0	0	0	0	24	0	0	0	0	0	0	0	24	0	1	0	0	0	0	0	0	0	0	15.3225	0	0	0	0	0	0	0	15.3225	0	1	0	0	0	0	0	0	0	0	45	0	0	0	0	0	0	0	45	0	1	0	0	0	0	0	0	0	0	0	0	0	0	0	0	0	0	0	0	0	0	0	0	0	0	0	0	0	0	0	0	0	0	0	0	0	0	0	0	0	0	0	0	0	0	0
70	0	0	142	0	0	0	0	0	0	0	142	0	0.0209885	0	0	0	0	0	0	0	0.0209885	0	1	0	0	0	0	0	0	0	0	15	0	0	0	0	0	0	0	15	0	1	0	0	0	0	0	0	0	0	15.2458	0	0	0	0	0	0	0	15.2458	0	1	0	0	0	0	0	0	0	0	49	0	0	0	0	0	0	0	49	0	1	0	0	0	0	0	0	0	0	0	0	0	0	0	0	0	0	0	0	0	0	0	0	0	0	0	0	0	0	0	0	0	0	0	0	0	0	0	0	0	0	0	0	0	0	0
71	0	0	134	0	0	0	0	0	0	0	134	0	0.0408826	0	0	0	0	0	0	0	0.0408826	0	1	0	0	0	0	0	0	0	0	21	0	0	0	0	0	0	0	21	0	1	0	0	0	0	0	0	0	0	15.0744	0	0	0	0	0	0	0	15.0744	0	1	0	0	0	0	0	0	0	0	47	0	0	0	0	0	0	0	47	0	1	0	0	0	0	0	0	0	0	0	0	0	0	0	0	0	0	0	0	0	0	0	0	0	0	0	0	0	0	0	0	0	0	0	0	0	0	0	0	0	0	0	0	0	0	0
72	0	0	136	0	0	0	0	0	0	0	136	0	0.0324916	0	0	0	0	0	0	0	0.0324916	0	1	0	0	0	0	0	0	0	0	23	0	0	0	0	0	0	0	23	0	1	0	0	0	0	0	0	0	0	16.2517	0	0	0	0	0	0	0	16.2517	0	1	0	0	0	0	0	0	0	0	52	0	0	0	0	0	0	0	52	0	1	0	0	0	0	0	0	0	0	0	0	0	0	0	0	0	0	0	0	0	0	0	0	0	0	0	0	0	0	0	0	0	0	0	0	0	0	0	0	0	0	0	0	0	0	0
73	0	0	156	0	0	0	0	0	0	0	156	0	0.0439005	0	0	0	0	0	0	0	0.0439005	0	1	0	0	0	0	0	0	0	0	22	0	0	0	0	0	0	0	22	0	1	0	0	0	0	0	0	0	0	17.205	0	0	0	0	0	0	0	17.205	0	1	0	0	0	0	0	0	0	0	53	0	0	0	0	0	0	0	53	0	1	0	0	0	0	0	0	0	0	0	0	0	0	0	0	0	0	0	0	0	0	0	0	0	0	0	0	0	0	0	0	0	0	0	0	0	0	0	0	0	0	0	0	0	0	0
74	0	0	148	0	0	0	0	0	0	0	148	0	0.0521121	0	0	0	0	0	0	0	0.0521121	0	1	0	0	0	0	0	0	0	0	26	0	0	0	0	0	0	0	26	0	1	0	0	0	0	0	0	0	0	17.286	0	0	0	0	0	0	0	17.286	0	1	0	0	0	0	0	0	0	0	52	0	0	0	0	0	0	0	52	0	1	0	0	0	0	0	0	0	0	0	0	0	0	0	0	0	0	0	0	0	0	0	0	0	0	0	0	0	0	0	0	0	0	0	0	0	0	0	0	0	0	0	0	0	0	0
75	0	0	162	0	0	0	0	0	0	0	162	0	0.0544642	0	0	0	0	0	0	0	0.0544642	0	1	0	0	0	0	0	0	0	0	25	0	0	0	0	0	0	0	25	0	1	0	0	0	0	0	0	0	0	17.6691	0	0	0	0	0	0	0	17.6691	0	1	0	0	0	0	0	0	0	0	53	0	0	0	0	0	0	0	53	0	1	0	0	0	0	0	0	0	0	0	0	0	0	0	0	0	0	0	0	0	0	0	0	0	0	0	0	0	0	0	0	0	0	0	0	0	0	0	0	0	0	0	0	0	0	0
76	0	0	161	0	0	0	0	0	0	0	161	0	0.0485688	0	0	0	0	0	0	0	0.0485688	0	1	0	0	0	0	0	0	0	0	26	0	0	0	0	0	0	0	26	0	1	0	0	0	0	0	0	0	0	17.9645	0	0	0	0	0	0	0	17.9645	0	1	0	0	0	0	0	0	0	0	54	0	0	0	0	0	0	0	54	0	1	0	0	0	0	0	0	0	0	0	0	0	0	0	0	0	0	0	0	0	0	0	0	0	0	0	0	0	0	0	0	0	0	0	0	0	0	0	0	0	0	0	0	0	0	0
77	0	0	143	0	0	0	0	0	0	0	143	0	0.060381	0	0	0	0	0	0	0	0.060381	0	1	0	0	0	0	0	0	0	0	33	0	0	0	0	0	0	0	33	0	1	0	0	0	0	0	0	0	0	16.5897	0	0	0	0	0	0	0	16.5897	0	1	0	0	0	0	0	0	0	0	50	0	0	0	0	0	0	0	50	0	1	0	0	0	0	0	0	0	0	0	0	0	0	0	0	0	0	0	0	0	0	0	0	0	0	0	0	0	0	0	0	0	0	0	0	0	0	0	0	0	0	0	0	0	0	0
78	0	0	151	0	0	0	0	0	0	0	151	0	0.0395766	0	0	0	0	0	0	0	0.0395766	0	1	0	0	0	0	0	0	0	0	32	0	0	0	0	0	0	0	32	0	1	0	0	0	0	0	0	0	0	17.8788	0	0	0	0	0	0	0	17.8788	0	1	0	0	0	0	0	0	0	0	58	0	0	0	0	0	0	0	58	0	1	0	0	0	0	0	0	0	0	0	0	0	0	0	0	0	0	0	0	0	0	0	0	0	0	0	0	0	0	0	0	0	0	0	0	0	0	0	0	0	0	0	0	0	0	0
79	0	0	142	0	0	0	0	0	0	0	142	0	0.055929	0	0	0	0	0	0	0	0.055929	0	1	0	0	0	0	0	0	0	0	34	0	0	0	0	0	0	0	34	0	1	0	0	0	0	0	0	0	0	17.4463	0	0	0	0	0	0	0	17.4463	0	1	0	0	0	0	0	0	0	0	57	0	0	0	0	0	0	0	57	0	1	0	0	0	0	0	0	0	0	0	0	0	0	0	0	0	0	0	0	0	0	0	0	0	0	0	0	0	0	0	0	0	0	0	0	0	0	0	0	0	0	0	0	0	0	0
80	0	0	149	0	0	0	0	0	0	0	149	0	0.0825277	0	0	0	0	0	0	0	0.0825277	0	1	0	0	0	0	0	0	0	0	36	0	0	0	0	0	0	0	36	0	1	0	0	0	0	0	0	0	0	18.7584	0	0	0	0	0	0	0	18.7584	0	1	0	0	0	0	0	0	0	0	60	0	0	0	0	0	0	0	60	0	1	0	0	0	0	0	0	0	0	0	0	0	0	0	0	0	0	0	0	0	0	0	0	0	0	0	0	0	0	0	0	0	0	0	0	0	0	0	0	0	0	0	0	0	0	0
81	0	0	151	0	0	0	0	0	0	0	151	0	0.0545479	0	0	0	0	0	0	0	0.0545479	0	1	0	0	0	0	0	0	0	0	29	0	0	0	0	0	0	0	29	0	1	0	0	0	0	0	0	0	0	19.1357	0	0	0	0	0	0	0	19.1357	0	1	0	0	0	0	0	0	0	0	68	0	0	0	0	0	0	0	68	0	1	0	0	0	0	0	0	0	0	0	0	0	0	0	0	0	0	0	0	0	0	0	0	0	0	0	0	0	0	0	0	0	0	0	0	0	0	0	0	0	0	0	0	0	0	0
82	0	0	173	0	0	0	0	0	0	0	173	0	0.0671914	0	0	0	0	0	0	0	0.0671914	0	1	0	0	0	0	0	0	0	0	27	0	0	0	0	0	0	0	27	0	1	0	0	0	0	0	0	0	0	20.1059	0	0	0	0	0	0	0	20.1059	0	1	0	0	0	0	0	0	0	0	69	0	0	0	0	0	0	0	69	0	1	0	0	0	0	0	0	0	0	0	0	0	0	0	0	0	0	0	0	0	0	0	0	0	0	0	0	0	0	0	0	0	0	0	0	0	0	0	0	0	0	0	0	0	0	0
83	0	0	185	0	0	0	0	0	0	0	185	0	0.0530405	0	0	0	0	0	0	0	0.0530405	0	1	0	0	0	0	0	0	0	0	23	0	0	0	0	0	0	0	23	0	1	0	0	0	0	0	0	0	0	20.6131	0	0	0	0	0	0	0	20.6131	0	1	0	0	0	0	0	0	0	0	73	0	0	0	0	0	0	0	73	0	1	0	0	0	0	0	0	0	0	0	0	0	0	0	0	0	0	0	0	0	0	0	0	0	0	0	0	0	0	0	0	0	0	0	0	0	0	0	0	0	0	0	0	0	0	0
84	0	0	197	0	0	0	0	0	0	0	197	0	0.0568346	0	0	0	0	0	0	0	0.0568346	0	1	0	0	0	0	0	0	0	0	26	0	0	0	0	0	0	0	26	0	1	0	0	0	0	0	0	0	0	21.3947	0	0	0	0	0	0	0	21.3947	0	1	0	0	0	0	0	0	0	0	70	0	0	0	0	0	0	0	70	0	1	0	0	0	0	0	0	0	0	0	0	0	0	0	0	0	0	0	0	0	0	0	0	0	0	0	0	0	0	0	0	0	0	0	0	0	0	0	0	0	0	0	0	0	0	0
85	0	0	210	0	0	0	0	0	0	0	210	0	0.0330132	0	0	0	0	0	0	0	0.0330132	0	1	0	0	0	0	0	0	0	0	23	0	0	0	0	0	0	0	23	0	1	0	0	0	0	0	0	0	0	22.3389	0	0	0	0	0	0	0	22.3389	0	1	0	0	0	0	0	0	0	0	72	0	0	0	0	0	0	0	72	0	1	0	0	0	0	0	0	0	0	0	0	0	0	0	0	0	0	0	0	0	0	0	0	0	0	0	0	0	0	0	0	0	0	0	0	0	0	0	0	0	0	0	0	0	0	0
86	0	0	201	0	0	0	0	0	0	0	201	0	0.0332703	0	0	0	0	0	0	0	0.0332703	0	1	0	0	0	0	0	0	0	0	31	0	0	0	0	0	0	0	31	0	1	0	0	0	0	0	0	0	0	23.8554	0	0	0	0	0	0	0	23.8554	0	1	0	0	0	0	0	0	0	0	74	0	0	0	0	0	0	0	74	0	1	0	0	0	0	0	0	0	0	0	0	0	0	0	0	0	0	0	0	0	0	0	0	0	0	0	0	0	0	0	0	0	0	0	0	0	0	0	0	0	0	0	0	0	0	0
87	0	0	211	0	0	0	0	0	0	0	211	0	0.0461021	0	0	0	0	0	0	0	0.0461021	0	1	0	0	0	0	0	0	0	0	41	0	0	0	0	0	0	0	41	0	1	0	0	0	0	0	0	0	0	23.5134	0	0	0	0	0	0	0	23.5134	0	1	0	0	0	0	0	0	0	0	71	0	0	0	0	0	0	0	71	0	1	0	0	0	0	0	0	0	0	0	0	0	0	0	0	0	0	0	0	0	0	0	0	0	0	0	0	0	0	0	0	0	0	0	0	0	0	0	0	0	0	0	0	0	0	0
88	0	0	219	0	0	0	0	0	0	0	219	0	0.0745928	0	0	0	0	0	0	0	0.0745928	0	1	0	0	0	0	0	0	0	0	50	0	0	0	0	0	0	0	50	0	1	0	0	0	0	0	0	0	0	24.7868	0	0	0	0	0	0	0	24.7868	0	1	0	0	0	0	0	0	0	0	72	0	0	0	0	0	0	0	72	0	1	0	0	0	0	0	0	0	0	0	0	0	0	0	0	0	0	0	0	0	0	0	0	0	0	0	0	0	0	0	0	0	0	0	0	0	0	0	0	0	0	0	0	0	0	0
89	0	0	220	0	0	0	0	0	0	0	220	0	0.0799282	0	0	0	0	0	0	0	0.0799282	0	1	0	0	0	0	0	0	0	0	47	0	0	0	0	0	0	0	47	0	1	0	0	0	0	0	0	0	0	25.5988	0	0	0	0	0	0	0	25.5988	0	1	0	0	0	0	0	0	0	0	74	0	0	0	0	0	0	0	74	0	1	0	0	0	0	0	0	0	0	0	0	0	0	0	0	0	0	0	0	0	0	0	0	0	0	0	0	0	0	0	0	0	0	0	0	0	0	0	0	0	0	0	0	0	0	0
90	0	0	225	0	0	0	0	0	0	0	225	0	0.0993872	0	0	0	0	0	0	0	0.0993872	0	1	0	0	0	0	0	0	0	0	47	0	0	0	0	0	0	0	47	0	1	0	0	0	0	0	0	0	0	25.9131	0	0	0	0	0	0	0	25.9131	0	1	0	0	0	0	0	0	0	0	75	0	0	0	0	0	0	0	75	0	1	0	0	0	0	0	0	0	0	0	0	0	0	0	0	0	0	0	0	0	0	0	0	0	0	0	0	0	0	0	0	0	0	0	0	0	0	0	0	0	0	0	0	0	0	0
91	0	0	236	0	0	0	0	0	0	0	236	0	0.100935	0	0	0	0	0	0	0	0.100935	0	1	0	0	0	0	0	0	0	0	42	0	0	0	0	0	0	0	42	0	1	0	0	0	0	0	0	0	0	26.2304	0	0	0	0	0	0	0	26.2304	0	1	0	0	0	0	0	0	0	0	77	0	0	0	0	0	0	0	77	0	1	0	0	0	0	0	0	0	0	0	0	0	0	0	0	0	0	0	0	0	0	0	0	0	0	0	0	0	0	0	0	0	0	0	0	0	0	0	0	0	0	0	0	0	0	0
92	0	0	214	0	0	0	0	0	0	0	214	0	0.0872955	0	0	0	0	0	0	0	0.0872955	0	1	0	0	0	0	0	0	0	0	38	0	0	0	0	0	0	0	38	0	1	0	0	0	0	0	0	0	0	24.47	0	0	0	0	0	0	0	24.47	0	1	0	0	0	0	0	0	0	0	77	0	0	0	0	0	0	0	77	0	1	0	0	0	0	0	0	0	0	0	0	0	0	0	0	0	0	0	0	0	0	0	0	0	0	0	0	0	0	0	0	0	0	0	0	0	0	0	0	0	0	0	0	0	0	0
93	0	0	215	0	0	0	0	0	0	0	215	0	0.0740693	0	0	0	0	0	0	0	0.0740693	0	1	0	0	0	0	0	0	0	0	37	0	0	0	0	0	0	0	37	0	1	0	0	0	0	0	0	0	0	25.1965	0	0	0	0	0	0	0	25.1965	0	1	0	0	0	0	0	0	0	0	80	0	0	0	0	0	0	0	80	0	1	0	0	0	0	0	0	0	0	0	0	0	0	0	0	0	0	0	0	0	0	0	0	0	0	0	0	0	0	0	0	0	0	0	0	0	0	0	0	0	0	0	0	0	0	0
94	0	0	215	0	0	0	0	0	0	0	215	0	0.0713914	0	0	0	0	0	0	0	0.0713914	0	1	0	0	0	0	0	0	0	0	39	0	0	0	0	0	0	0	39	0	1	0	0	0	0	0	0	0	0	26.0109	0	0	0	0	0	0	0	26.0109	0	1	0	0	0	0	0	0	0	0	84	0	0	0	0	0	0	0	84	0	1	0	0	0	0	0	0	0	0	0	0	0	0	0	0	0	0	0	0	0	0	0	0	0	0	0	0	0	0	0	0	0	0	0	0	0	0	0	0	0	0	0	0	0	0	0
95	0	0	234	0	0	0	0	0	0	0	234	0	0.0732072	0	0	0	0	0	0	0	0.0732072	0	1	0	0	0	0	0	0	0	0	40	0	0	0	0	0	0	0	40	0	1	0	0	0	0	0	0	0	0	27.4868	0	0	0	0	0	0	0	27.4868	0	1	0	0	0	0	0	0	0	0	87	0	0	0	0	0	0	0	87	0	1	0	0	0	0	0	0	0	0	0	0	0	0	0	0	0	0	0	0	0	0	0	0	0	0	0	0	0	0	0	0	0	0	0	0	0	0	0	0	0	0	0	0	0	0	0
96	0	0	243	0	0	0	0	0	0	0	243	0	0.0782441	0	0	0	0	0	0	0	0.0782441	0	1	0	0	0	0	0	0	0	0	37	0	0	0	0	0	0	0	37	0	1	0	0	0	0	0	0	0	0	28.2211	0	0	0	0	0	0	0	28.2211	0	1	0	0	0	0	0	0	0	0	85	0	0	0	0	0	0	0	85	0	1	0	0	0	0	0	0	0	0	0	0	0	0	0	0	0	0	0	0	0	0	0	0	0	0	0	0	0	0	0	0	0	0	0	0	0	0	0	0	0	0	0	0	0	0	0
97	0	0	248	0	0	0	0	0	0	0	248	0	0.0946722	0	0	0	0	0	0	0	0.0946722	0	1	0	0	0	0	0	0	0	0	40	0	0	0	0	0	0	0	40	0	1	0	0	0	0	0	0	0	0	28.5749	0	0	0	0	0	0	0	28.5749	0	1	0	0	0	0	0	0	0	0	85	0	0	0	0	0	0	0	85	0	1	0	0	0	0	0	0	0	0	0	0	0	0	0	0	0	0	0	0	0	0	0	0	0	0	0	0	0	0	0	0	0	0	0	0	0	0	0	0	0	0	0	0	0	0	0
98	0	0	262	0	0	0	0	0	0	0	262	0	0.0729236	0	0	0	0	0	0	0	0.0729236	0	1	0	0	0	0	0	0	0	0	33	0	0	0	0	0	0	0	33	0	1	0	0	0	0	0	0	0	0	30.1129	0	0	0	0	0	0	0	30.1129	0	1	0	0	0	0	0	0	0	0	91	0	0	0	0	0	0	0	91	0	1	0	0	0	0	0	0	0	0	0	0	0	0	0	0	0	0	0	0	0	0	0	0	0	0	0	0	0	0	0	0	0	0	0	0	0	0	0	0	0	0	0	0	0	0	0
99	0	0	277	0	0	0	0	0	0	0	277	0	0.0635949	0	0	0	0	0	0	0	0.0635949	0	1	0	0	0	0	0	0	0	0	33	0	0	0	0	0	0	0	33	0	1	0	0	0	0	0	0	0	0	31.9067	0	0	0	0	0	0	0	31.9067	0	1	0	0	0	0	0	0	0	0	93	0	0	0	0	0	0	0	93	0	1	0	0	0	0	0	0	0	0	0	0	0	0	0	0	0	0	0	0	0	0	0	0	0	0	0	0	0	0	0	0	0	0	0	0	0	0	0	0	0	0	0	0	0	0	0
100	0	0	266	0	0	0	0	0	0	0	266	0	0.0580019	0	0	0	0	0	0	0	0.0580019	0	1	0	0	0	0	0	0	0	0	39	0	0	0	0	0	0	0	39	0	1	0	0	0	0	0	0	0	0	31.7	0	0	0	0	0	0	0	31.7	0	1	0	0	0	0	0	0	0	0	88	0	0	0	0	0	0	0	88	0	1	0	0	0	0	0	0	0	0	0	0	0	0	0	0	0	0	0	0	0	0	0	0	0	0	0	0	0	0	0	0	0	0	0	0	0	0	0	0	0	0	0	0	0	0	0
101	0	0	269	0	0	0	0	0	0	0	269	0	0.0670852	0	0	0	0	0	0	0	0.0670852	0	1	0	0	0	0	0	0	0	0	44	0	0	0	0	0	0	0	44	0	1	0	0	0	0	0	0	0	0	32.5088	0	0	0	0	0	0	0	32.5088	0	1	0	0	0	0	0	0	0	0	88	0	0	0	0	0	0	0	88	0	1	0	0	0	0	0	0	0	0	0	0	0	0	0	0	0	0	0	0	0	0	0	0	0	0	0	0	0	0	0	0	0	0	0	0	0	0	0	0	0	0	0	0	0	0	0
102	0	0	273	0	0	0	0	0	0	0	273	0	0.0959784	0	0	0	0	0	0	0	0.0959784	0	1	0	0	0	0	0	0	0	0	45	0	0	0	0	0	0	0	45	0	1	0	0	0	0	0	0	0	0	32.0036	0	0	0	0	0	0	0	32.0036	0	1	0	0	0	0	0	0	0	0	85	0	0	0	0	0	0	0	85	0	1	0	0	0	0	0	0	0	0	0	0	0	0	0	0	0	0	0	0	0	0	0	0	0	0	0	0	0	0	0	0	0	0	0	0	0	0	0	0	0	0	0	0	0	0	0
103	0	0	272	0	0	0	0	0	0	0	272	0	0.106917	0	0	0	0	0	0	0	0.106917	0	1	0	0	0	0	0	0	0	0	42	0	0	0	0	0	0	0	42	0	1	0	0	0	0	0	0	0	0	32.3688	0	0	0	0	0	0	0	32.3688	0	1	0	0	0	0	0	0	0	0	89	0	0	0	0	0	0	0	89	0	1	0	0	0	0	0	0	0	0	0	0	0	0	0	0	0	0	0	0	0	0	0	0	0	0	0	0	0	0	0	0	0	0	0	0	0	0	0	0	0	0	0	0	0	0	0
104	0	0	274	0	0	0	0	0	0	0	274	0	0.0750722	0	0	0	0	0	0	0	0.0750722	0	1	0	0	0	0	0	0	0	0	34	0	0	0	0	0	0	0	34	0	1	0	0	0	0	0	0	0	0	33.5322	0	0	0	0	0	0	0	33.5322	0	1	0	0	0	0	0	0	0	0	99	0	0	0	0	0	0	0	99	0	1	0	0	0	0	0	0	0	0	0	0	0	0	0	0	0	0	0	0	0	0	0	0	0	0	0	0	0	0	0	0	0	0	0	0	0	0	0	0	0	0	0	0	0	0	0
105	0	0	266	0	0	0	0	0	0	0	266	0	0.0699446	0	0	0	0	0	0	0	0.0699446	0	1	0	0	0	0	0	0	0	0	38	0	0	0	0	0	0	0	38	0	1	0	0	0	0	0	0	0	0	32.1365	0	0	0	0	0	0	0	32.1365	0	1	0	0	0	0	0	0	0	0	95	0	0	0	0	0	0	0	95	0	1	0	0	0	0	0	0	0	0	0	0	0	0	0	0	0	0	0	0	0	0	0	0	0	0	0	0	0	0	0	0	0	0	0	0	0	0	0	0	0	0	0	0	0	0	0
106	0	0	281	0	0	0	0	0	0	0	281	0	0.0501506	0	0	0	0	0	0	0	0.0501506	0	1	0	0	0	0	0	0	0	0	32	0	0	0	0	0	0	0	32	0	1	0	0	0	0	0	0	0	0	33.8304	0	0	0	0	0	0	0	33.8304	0	1	0	0	0	0	0	0	0	0	99	0	0	0	0	0	0	0	99	0	1	0	0	0	0	0	0	0	0	0	0	0	0	0	0	0	0	0	0	0	0	0	0	0	0	0	0	0	0	0	0	0	0	0	0	0	0	0	0	0	0	0	0	0	0	0
107	0	0	273	0	0	0	0	0	0	0	273	0	0.0509366	0	0	0	0	0	0	0	0.0509366	0	1	0	0	0	0	0	0	0	0	36	0	0	0	0	0	0	0	36	0	1	0	0	0	0	0	0	0	0	33.7527	0	0	0	0	0	0	0	33.7527	0	1	0	0	0	0	0	0	0	0	96	0	0	0	0	0	0	0	96	0	1	0	0	0	0	0	0	0	0	0	0	0	0	0	0	0	0	0	0	0	0	0	0	0	0	0	0	0	0	0	0	0	0	0	0	0	0	0	0	0	0	0	0	0	0	0
108	0	0	286	0	0	0	0	0	0	0	286	0	0.0603534	0	0	0	0	0	0	0	0.0603534	0	1	0	0	0	0	0	0	0	0	39	0	0	0	0	0	0	0	39	0	1	0	0	0	0	0	0	0	0	34.576	0	0	0	0	0	0	0	34.576	0	1	0	0	0	0	0	0	0	0	97	0	0	0	0	0	0	0	97	0	1	0	0	0	0	0	0	0	0	0	0	0	0	0	0	0	0	0	0	0	0	0	0	0	0	0	0	0	0	0	0	0	0	0	0	0	0	0	0	0	0	0	0	0	0	0
109	0	0	299	0	0	0	0	0	0	0	299	0	0.0827485	0	0	0	0	0	0	0	0.0827485	0	1	0	0	0	0	0	0	0	0	42	0	0	0	0	0	0	0	42	0	1	0	0	0	0	0	0	0	0	36.0833	0	0	0	0	0	0	0	36.0833	0	1	0	0	0	0	0	0	0	0	99	0	0	0	0	0	0	0	99	0	1	0	0	0	0	0	0	0	0	0	0	0	0	0	0	0	0	0	0	0	0	0	0	0	0	0	0	0	0	0	0	0	0	0	0	0	0	0	0	0	0	0	0	0	0	0
110	0	0	299	0	0	0	0	0	0	0	299	0	0.0935339	0	0	0	0	0	0	0	0.0935339	0	1	0	0	0	0	0	0	0	0	42	0	0	0	0	0	0	0	42	0	1	0	0	0	0	0	0	0	0	36.3004	0	0	0	0	0	0	0	36.3004	0	1	0	0	0	0	0	0	0	0	102	0	0	0	0	0	0	0	102	0	1	0	0	0	0	0	0	0	0	0	0	0	0	0	0	0	0	0	0	0	0	0	0	0	0	0	0	0	0	0	0	0	0	0	0	0	0	0	0	0	0	0	0	0	0	0
111	0	0	317	0	0	0	0	0	0	0	317	0	0.0888333	0	0	0	0	0	0	0	0.0888333	0	1	0	0	0	0	0	0	0	0	41	0	0	0	0	0	0	0	41	0	1	0	0	0	0	0	0	0	0	37.9438	0	0	0	0	0	0	0	37.9438	0	1	0	0	0	0	0	0	0	0	105	0	0	0	0	0	0	0	105	0	1	0	0	0	0	0	0	0	0	0	0	0	0	0	0	0	0	0	0	0	0	0	0	0	0	0	0	0	0	0	0	0	0	0	0	0	0	0	0	0	0	0	0	0	0	0
112	0	0	318	0	0	0	0	0	0	0	318	0	0.0845477	0	0	0	0	0	0	0	0.0845477	0	1	0	0	0	0	0	0	0	0	44	0	0	0	0	0	0	0	44	0	1	0	0	0	0	0	0	0	0	38.5081	0	0	0	0	0	0	0	38.5081	0	1	0	0	0	0	0	0	0	0	108	0	0	0	0	0	0	0	108	0	1	0	0	0	0	0	0	0	0	0	0	0	0	0	0	0	0	0	0	0	0	0	0	0	0	0	0	0	0	0	0	0	0	0	0	0	0	0	0	0	0	0	0	0	0	0
113	0	0	323	0	0	0	0	0	0	0	323	0	0.0840679	0	0	0	0	0	0	0	0.0840679	0	1	0	0	0	0	0	0	0	0	40	0	0	0	0	0	0	0	40	0	1	0	0	0	0	0	0	0	0	39.2492	0	0	0	0	0	0	0	39.2492	0	1	0	0	0	0	0	0	0	0	106	0	0	0	0	0	0	0	106	0	1	0	0	0	0	0	0	0	0	0	0	0	0	0	0	0	0	0	0	0	0	0	0	0	0	0	0	0	0	0	0	0	0	0	0	0	0	0	0	0	0	0	0	0	0	0
114	0	0	339	0	0	0	0	0	0	0	339	0	0.0957256	0	0	0	0	0	0	0	0.0957256	0	1	0	0	0	0	0	0	0	0	44	0	0	0	0	0	0	0	44	0	1	0	0	0	0	0	0	0	0	40.1634	0	0	0	0	0	0	0	40.1634	0	1	0	0	0	0	0	0	0	0	105	0	0	0	0	0	0	0	105	0	1	0	0	0	0	0	0	0	0	0	0	0	0	0	0	0	0	0	0	0	0	0	0	0	0	0	0	0	0	0	0	0	0	0	0	0	0	0	0	0	0	0	0	0	0	0
115	0	0	323	0	0	0	0	0	0	0	323	0	0.0910884	0	0	0	0	0	0	0	0.0910884	0	1	0	0	0	0	0	0	0	0	40	0	0	0	0	0	0	0	40	0	1	0	0	0	0	0	0	0	0	39.0327	0	0	0	0	0	0	0	39.0327	0	1	0	0	0	0	0	0	0	0	106	0	0	0	0	0	0	0	106	0	1	0	0	0	0	0	0	0	0	0	0	0	0	0	0	0	0	0	0	0	0	0	0	0	0	0	0	0	0	0	0	0	0	0	0	0	0	0	0	0	0	0	0	0	0	0
116	0	0	321	0	0	0	0	0	0	0	321	0	0.101787	0	0	0	0	0	0	0	0.101787	0	1	0	0	0	0	0	0	0	0	46	0	0	0	0	0	0	0	46	0	1	0	0	0	0	0	0	0	0	39.1589	0	0	0	0	0	0	0	39.1589	0	1	0	0	0	0	0	0	0	0	105	0	0	0	0	0	0	0	105	0	1	0	0	0	0	0	0	0	0	0	0	0	0	0	0	0	0	0	0	0	0	0	0	0	0	0	0	0	0	0	0	0	0	0	0	0	0	0	0	0	0	0	0	0	0	0
117	0	0	345	0	0	0	0	0	0	0	345	0	0.0810494	0	0	0	0	0	0	0	0.0810494	0	1	0	0	0	0	0	0	0	0	43	0	0	0	0	0	0	0	43	0	1	0	0	0	0	0	0	0	0	40.7606	0	0	0	0	0	0	0	40.7606	0	1	0	0	0	0	0	0	0	0	111	0	0	0	0	0	0	0	111	0	1	0	0	0	0	0	0	0	0	0	0	0	0	0	0	0	0	0	0	0	0	0	0	0	0	0	0	0	0	0	0	0	0	0	0	0	0	0	0	0	0	0	0	0	0	0
118	0	0	332	0	0	0	0	0	0	0	332	0	0.0991812	0	0	0	0	0	0	0	0.0991812	0	1	0	0	0	0	0	0	0	0	45	0	0	0	0	0	0	0	45	0	1	0	0	0	0	0	0	0	0	40.1797	0	0	0	0	0	0	0	40.1797	0	1	0	0	0	0	0	0	0	0	109	0	0	0	0	0	0	0	109	0	1	0	0	0	0	0	0	0	0	0	0	0	0	0	0	0	0	0	0	0	0	0	0	0	0	0	0	0	0	0	0	0	0	0	0	0	0	0	0	0	0	0	0	0	0	0
119	0	0	312	0	0	0	0	0	0	0	312	0	0.0977006	0	0	0	0	0	0	0	0.0977006	0	1	0	0	0	0	0	0	0	0	47	0	0	0	0	0	0	0	47	0	1	0	0	0	0	0	0	0	0	37.705	0	0	0	0	0	0	0	37.705	0	1	0	0	0	0	0	0	0	0	108	0	0	0	0	0	0	0	108	0	1	0	0	0	0	0	0	0	0	0	0	0	0	0	0	0	0	0	0	0	0	0	0	0	0	0	0	0	0	0	0	0	0	0	0	0	0	0	0	0	0	0	0	0	0	0
120	0	0	321	0	0	0	0	0	0	0	321	0	0.0698705	0	0	0	0	0	0	0	0.0698705	0	1	0	0	0	0	0	0	0	0	42	0	0	0	0	0	0	0	42	0	1	0	0	0	0	0	0	0	0	39.0588	0	0	0	0	0	0	0	39.0588	0	1	0	0	0	0	0	0	0	0	114	0	0	0	0	0	0	0	114	0	1	0	0	0	0	0	0	0	0	0	0	0	0	0	0	0	0	0	0	0	0	0	0	0	0	0	0	0	0	0	0	0	0	0	0	0	0	0	0	0	0	0	0	0	0	0
121	0	0	315	0	0	0	0	0	0	0	315	0	0.0904823	0	0	0	0	0	0	0	0.0904823	0	1	0	0	0	0	0	0	0	0	47	0	0	0	0	0	0	0	47	0	1	0	0	0	0	0	0	0	0	39.3833	0	0	0	0	0	0	0	39.3833	0	1	0	0	0	0	0	0	0	0	108	0	0	0	0	0	0	0	108	0	1	0	0	0	0	0	0	0	0	0	0	0	0	0	0	0	0	0	0	0	0	0	0	0	0	0	0	0	0	0	0	0	0	0	0	0	0	0	0	0	0	0	0	0	0	0
122	0	0	331	0	0	0	0	0	0	0	331	0	0.109785	0	0	0	0	0	0	0	0.109785	0	1	0	0	0	0	0	0	0	0	47	0	0	0	0	0	0	0	47	0	1	0	0	0	0	0	0	0	0	41.2955	0	0	0	0	0	0	0	41.2955	0	1	0	0	0	0	0	0	0	0	111	0	0	0	0	0	0	0	111	0	1	0	0	0	0	0	0	0	0	0	0	0	0	0	0	0	0	0	0	0	0	0	0	0	0	0	0	0	0	0	0	0	0	0	0	0	0	0	0	0	0	0	0	0	0	0
123	0	0	350	0	0	0	0	0	0	0	350	0	0.0741928	0	0	0	0	0	0	0	0.0741928	0	1	0	0	0	0	0	0	0	0	41	0	0	0	0	0	0	0	41	0	1	0	0	0	0	0	0	0	0	41.154	0	0	0	0	0	0	0	41.154	0	1	0	0	0	0	0	0	0	0	114	0	0	0	0	0	0	0	114	0	1	0	0	0	0	0	0	0	0	0	0	0	0	0	0	0	0	0	0	0	0	0	0	0	0	0	0	0	0	0	0	0	0	0	0	0	0	0	0	0	0	0	0	0	0	0
124	0	0	358	0	0	0	0	0	0	0	358	0	0.0787525	0	0	0	0	0	0	0	0.0787525	0	1	0	0	0	0	0	0	0	0	43	0	0	0	0	0	0	0	43	0	1	0	0	0	0	0	0	0	0	42.8172	0	0	0	0	0	0	0	42.8172	0	1	0	0	0	0	0	0	0	0	116	0	0	0	0	0	0	0	116	0	1	0	0	0	0	0	0	0	0	0	0	0	0	0	0	0	0	0	0	0	0	0	0	0	0	0	0	0	0	0	0	0	0	0	0	0	0	0	0	0	0	0	0	0	0	0
125	0	0	360	0	0	0	0	0	0	0	360	0	0.0561431	0	0	0	0	0	0	0	0.0561431	0	1	0	0	0	0	0	0	0	0	40	0	0	0	0	0	0	0	40	0	1	0	0	0	0	0	0	0	0	43.4375	0	0	0	0	0	0	0	43.4375	0	1	0	0	0	0	0	0	0	0	119	0	0	0	0	0	0	0	119	0	1	0	0	0	0	0	0	0	0	0	0	0	0	0	0	0	0	0	0	0	0	0	0	0	0	0	0	0	0	0	0	0	0	0	0	0	0	0	0	0	0	0	0	0	0	0
126	0	0	344	0	0	0	0	0	0	0	344	0	0.047488	0	0	0	0	0	0	0	0.047488	0	1	0	0	0	0	0	0	0	0	41	0	0	0	0	0	0	0	41	0	1	0	0	0	0	0	0	0	0	44.5636	0	0	0	0	0	0	0	44.5636	0	1	0	0	0	0	0	0	0	0	119	0	0	0	0	0	0	0	119	0	1	0	0	0	0	0	0	0	0	0	0	0	0	0	0	0	0	0	0	0	0	0	0	0	0	0	0	0	0	0	0	0	0	0	0	0	0	0	0	0	0	0	0	0	0	0
127	0	0	331	0	0	0	0	0	0	0	331	0	0.0645552	0	0	0	0	0	0	0	0.0645552	0	1	0	0	0	0	0	0	0	0	44	0	0	0	0	0	0	0	44	0	1	0	0	0	0	0	0	0	0	43.6294	0	0	0	0	0	0	0	43.6294	0	1	0	0	0	0	0	0	0	0	116	0	0	0	0	0	0	0	116	0	1	0	0	0	0	0	0	0	0	0	0	0	0	0	0	0	0	0	0	0	0	0	0	0	0	0	0	0	0	0	0	0	0	0	0	0	0	0	0	0	0	0	0	0	0	0
128	0	0	348	0	0	0	0	0	0	0	348	0	0.0831279	0	0	0	0	0	0	0	0.0831279	0	1	0	0	0	0	0	0	0	0	44	0	0	0	0	0	0	0	44	0	1	0	0	0	0	0	0	0	0	44.3005	0	0	0	0	0	0	0	44.3005	0	1	0	0	0	0	0	0	0	0	117	0	0	0	0	0	0	0	117	0	1	0	0	0	0	0	0	0	0	0	0	0	0	0	0	0	0	0	0	0	0	0	0	0	0	0	0	0	0	0	0	0	0	0	0	0	0	0	0	0	0	0	0	0	0	0
129	0	0	338	0	0	0	0	0	0	0	338	0	0.0919816	0	0	0	0	0	0	0	0.0919816	0	1	0	0	0	0	0	0	0	0	39	0	0	0	0	0	0	0	39	0	1	0	0	0	0	0	0	0	0	41.933	0	0	0	0	0	0	0	41.933	0	1	0	0	0	0	0	0	0	0	111	0	0	0	0	0	0	0	111	0	1	0	0	0	0	0	0	0	0	0	0	0	0	0	0	0	0	0	0	0	0	0	0	0	0	0	0	0	0	0	0	0	0	0	0	0	0	0	0	0	0	0	0	0	0	0
130	0	0	348	0	0	0	0	0	0	0	348	0	0.0879065	0	0	0	0	0	0	0	0.0879065	0	1	0	0	0	0	0	0	0	0	31	0	0	0	0	0	0	0	31	0	1	0	0	0	0	0	0	0	0	44.1642	0	0	0	0	0	0	0	44.1642	0	1	0	0	0	0	0	0	0	0	115	0	0	0	0	0	0	0	115	0	1	0	0	0	0	0	0	0	0	0	0	0	0	0	0	0	0	0	0	0	0	0	0	0	0	0	0	0	0	0	0	0	0	0	0	0	0	0	0	0	0	0	0	0	0	0
131	0	0	342	0	0	0	0	0	0	0	342	0	0.0782139	0	0	0	0	0	0	0	0.0782139	0	1	0	0	0	0	0	0	0	0	28	0	0	0	0	0	0	0	28	0	1	0	0	0	0	0	0	0	0	41.732	0	0	0	0	0	0	0	41.732	0	1	0	0	0	0	0	0	0	0	117	0	0	0	0	0	0	0	117	0	1	0	0	0	0	0	0	0	0	0	0	0	0	0	0	0	0	0	0	0	0	0	0	0	0	0	0	0	0	0	0	0	0	0	0	0	0	0	0	0	0	0	0	0	0	0
132	0	0	346	0	0	0	0	0	0	0	346	0	0.0477259	0	0	0	0	0	0	0	0.0477259	0	1	0	0	0	0	0	0	0	0	32	0	0	0	0	0	0	0	32	0	1	0	0	0	0	0	0	0	0	41.4829	0	0	0	0	0	0	0	41.4829	0	1	0	0	0	0	0	0	0	0	116	0	0	0	0	0	0	0	116	0	1	0	0	0	0	0	0	0	0	0	0	0	0	0	0	0	0	0	0	0	0	0	0	0	0	0	0	0	0	0	0	0	0	0	0	0	0	0	0	0	0	0	0	0	0	0
133	0	0	338	0	0	0	0	0	0	0	338	0	0.0373811	0	0	0	0	0	0	0	0.0373811	0	1	0	0	0	0	0	0	0	0	30	0	0	0	0	0	0	0	30	0	1	0	0	0	0	0	0	0	0	40.9264	0	0	0	0	0	0	0	40.9264	0	1	0	0	0	0	0	0	0	0	113	0	0	0	0	0	0	0	113	0	1	0	0	0	0	0	0	0	0	0	0	0	0	0	0	0	0	0	0	0	0	0	0	0	0	0	0	0	0	0	0	0	0	0	0	0	0	0	0	0	0	0	0	0	0	0
134	0	0	362	0	0	0	0	0	0	0	362	0	0.0505868	0	0	0	0	0	0	0	0.0505868	0	1	0	0	0	0	0	0	0	0	36	0	0	0	0	0	0	0	36	0	1	0	0	0	0	0	0	0	0	42.662	0	0	0	0	0	0	0	42.662	0	1	0	0	0	0	0	0	0	0	111	0	0	0	0	0	0	0	111	0	1	0	0	0	0	0	0	0	0	0	0	0	0	0	0	0	0	0	0	0	0	0	0	0	0	0	0	0	0	0	0	0	0	0	0	0	0	0	0	0	0	0	0	0	0	0
135	0	0	356	0	0	0	0	0	0	0	356	0	0.064778	0	0	0	0	0	0	0	0.064778	0	1	0	0	0	0	0	0	0	0	42	0	0	0	0	0	0	0	42	0	1	0	0	0	0	0	0	0	0	43.5383	0	0	0	0	0	0	0	43.5383	0	1	0	0	0	0	0	0	0	0	108	0	0	0	0	0	0	0	108	0	1	0	0	0	0	0	0	0	0	0	0	0	0	0	0	0	0	0	0	0	0	0	0	0	0	0	0	0	0	0	0	0	0	0	0	0	0	0	0	0	0	0	0	0	0	0
136	0	0	366	0	0	0	0	0	0	0	366	0	0.0630456	0	0	0	0	0	0	0	0.0630456	0	1	0	0	0	0	0	0	0	0	39	0	0	0	0	0	0	0	39	0	1	0	0	0	0	0	0	0	0	43.316	0	0	0	0	0	0	0	43.316	0	1	0	0	0	0	0	0	0	0	105	0	0	0	0	0	0	0	105	0	1	0	0	0	0	0	0	0	0	0	0	0	0	0	0	0	0	0	0	0	0	0	0	0	0	0	0	0	0	0	0	0	0	0	0	0	0	0	0	0	0	0	0	0	0	0
137	0	0	375	0	0	0	0	0	0	0	375	0	0.0864535	0	0	0	0	0	0	0	0.0864535	0	1	0	0	0	0	0	0	0	0	46	0	0	0	0	0	0	0	46	0	1	0	0	0	0	0	0	0	0	44.2416	0	0	0	0	0	0	0	44.2416	0	1	0	0	0	0	0	0	0	0	105	0	0	0	0	0	0	0	105	0	1	0	0	0	0	0	0	0	0	0	0	0	0	0	0	0	0	0	0	0	0	0	0	0	0	0	0	0	0	0	0	0	0	0	0	0	0	0	0	0	0	0	0	0	0	0
138	0	0	370	0	0	0	0	0	0	0	370	0	0.100272	0	0	0	0	0	0	0	0.100272	0	1	0	0	0	0	0	0	0	0	48	0	0	0	0	0	0	0	48	0	1	0	0	0	0	0	0	0	0	43.4	0	0	0	0	0	0	0	43.4	0	1	0	0	0	0	0	0	0	0	104	0	0	0	0	0	0	0	104	0	1	0	0	0	0	0	0	0	0	0	0	0	0	0	0	0	0	0	0	0	0	0	0	0	0	0	0	0	0	0	0	0	0	0	0	0	0	0	0	0	0	0	0	0	0	0
139	0	0	341	0	0	0	0	0	0	0	341	0	0.099904	0	0	0	0	0	0	0	0.099904	0	1	0	0	0	0	0	0	0	0	51	0	0	0	0	0	0	0	51	0	1	0	0	0	0	0	0	0	0	41.1992	0	0	0	0	0	0	0	41.1992	0	1	0	0	0	0	0	0	0	0	102	0	0	0	0	0	0	0	102	0	1	0	0	0	0	0	0	0	0	0	0	0	0	0	0	0	0	0	0	0	0	0	0	0	0	0	0	0	0	0	0	0	0	0	0	0	0	0	0	0	0	0	0	0	0	0
140	0	0	333	0	0	0	0	0	0	0	333	0	0.111934	0	0	0	0	0	0	0	0.111934	0	1	0	0	0	0	0	0	0	0	52	0	0	0	0	0	0	0	52	0	1	0	0	0	0	0	0	0	0	40.8367	0	0	0	0	0	0	0	40.8367	0	1	0	0	0	0	0	0	0	0	101	0	0	0	0	0	0	0	101	0	1	0	0	0	0	0	0	0	0	0	0	0	0	0	0	0	0	0	0	0	0	0	0	0	0	0	0	0	0	0	0	0	0	0	0	0	0	0	0	0	0	0	0	0	0	0
141	0	0	350	0	0	0	0	0	0	0	350	0	0.0923218	0	0	0	0	0	0	0	0.0923218	0	1	0	0	0	0	0	0	0	0	49	0	0	0	0	0	0	0	49	0	1	0	0	0	0	0	0	0	0	42.2384	0	0	0	0	0	0	0	42.2384	0	1	0	0	0	0	0	0	0	0	108	0	0	0	0	0	0	0	108	0	1	0	0	0	0	0	0	0	0	0	0	0	0	0	0	0	0	0	0	0	0	0	0	0	0	0	0	0	0	0	0	0	0	0	0	0	0	0	0	0	0	0	0	0	0	0
142	0	0	361	0	0	0	0	0	0	0	361	0	0.0900963	0	0	0	0	0	0	0	0.0900963	0	1	0	0	0	0	0	0	0	0	44	0	0	0	0	0	0	0	44	0	1	0	0	0	0	0	0	0	0	43.6458	0	0	0	0	0	0	0	43.6458	0	1	0	0	0	0	0	0	0	0	113	0	0	0	0	0	0	0	113	0	1	0	0	0	0	0	0	0	0	0	0	0	0	0	0	0	0	0	0	0	0	0	0	0	0	0	0	0	0	0	0	0	0	0	0	0	0	0	0	0	0	0	0	0	0	0
143	0	0	371	0	0	0	0	0	0	0	371	0	0.100101	0	0	0	0	0	0	0	0.100101	0	1	0	0	0	0	0	0	0	0	47	0	0	0	0	0	0	0	47	0	1	0	0	0	0	0	0	0	0	44.1232	0	0	0	0	0	0	0	44.1232	0	1	0	0	0	0	0	0	0	0	114	0	0	0	0	0	0	0	114	0	1	0	0	0	0	0	0	0	0	0	0	0	0	0	0	0	0	0	0	0	0	0	0	0	0	0	0	0	0	0	0	0	0	0	0	0	0	0	0	0	0	0	0	0	0	0
144	0	0	382	0	0	0	0	0	0	0	382	0	0.0768979	0	0	0	0	0	0	0	0.0768979	0	1	0	0	0	0	0	0	0	0	45	0	0	0	0	0	0	0	45	0	1	0	0	0	0	0	0	0	0	43.614	0	0	0	0	0	0	0	43.614	0	1	0	0	0	0	0	0	0	0	118	0	0	0	0	0	0	0	118	0	1	0	0	0	0	0	0	0	0	0	0	0	0	0	0	0	0	0	0	0	0	0	0	0	0	0	0	0	0	0	0	0	0	0	0	0	0	0	0	0	0	0	0	0	0	0
145	0	0	354	0	0	0	0	0	0	0	354	0	0.0990437	0	0	0	0	0	0	0	0.0990437	0	1	0	0	0	0	0	0	0	0	56	0	0	0	0	0	0	0	56	0	1	0	0	0	0	0	0	0	0	43.7893	0	0	0	0	0	0	0	43.7893	0	1	0	0	0	0	0	0	0	0	118	0	0	0	0	0	0	0	118	0	1	0	0	0	0	0	0	0	0	0	0	0	0	0	0	0	0	0	0	0	0	0	0	0	0	0	0	0	0	0	0	0	0	0	0	0	0	0	0	0	0	0	0	0	0	0
146	0	0	359	0	0	0	0	0	0	0	359	0	0.0895241	0	0	0	0	0	0	0	0.0895241	0	1	0	0	0	0	0	0	0	0	55	0	0	0	0	0	0	0	55	0	1	0	0	0	0	0	0	0	0	44.8573	0	0	0	0	0	0	0	44.8573	0	1	0	0	0	0	0	0	0	0	118	0	0	0	0	0	0	0	118	0	1	0	0	0	0	0	0	0	0	0	0	0	0	0	0	0	0	0	0	0	0	0	0	0	0	0	0	0	0	0	0	0	0	0	0	0	0	0	0	0	0	0	0	0	0	0
147	0	0	362	0	0	0	0	0	0	0	362	0	0.0878962	0	0	0	0	0	0	0	0.0878962	0	1	0	0	0	0	0	0	0	0	56	0	0	0	0	0	0	0	56	0	1	0	0	0	0	0	0	0	0	46.602	0	0	0	0	0	0	0	46.602	0	1	0	0	0	0	0	0	0	0	122	0	0	0	0	0	0	0	122	0	1	0	0	0	0	0	0	0	0	0	0	0	0	0	0	0	0	0	0	0	0	0	0	0	0	0	0	0	0	0	0	0	0	0	0	0	0	0	0	0	0	0	0	0	0	0
148	0	0	350	0	0	0	0	0	0	0	350	0	0.119937	0	0	0	0	0	0	0	0.119937	0	1	0	0	0	0	0	0	0	0	55	0	0	0	0	0	0	0	55	0	1	0	0	0	0	0	0	0	0	43.4183	0	0	0	0	0	0	0	43.4183	0	1	0	0	0	0	0	0	0	0	118	0	0	0	0	0	0	0	118	0	1	0	0	0	0	0	0	0	0	0	0	0	0	0	0	0	0	0	0	0	0	0	0	0	0	0	0	0	0	0	0	0	0	0	0	0	0	0	0	0	0	0	0	0	0	0
149	0	0	354	0	0	0	0	0	0	0	354	0	0.0999029	0	0	0	0	0	0	0	0.0999029	0	1	0	0	0	0	0	0	0	0	51	0	0	0	0	0	0	0	51	0	1	0	0	0	0	0	0	0	0	43.8405	0	0	0	0	0	0	0	43.8405	0	1	0	0	0	0	0	0	0	0	123	0	0	0	0	0	0	0	123	0	1	0	0	0	0	0	0	0	0	0	0	0	0	0	0	0	0	0	0	0	0	0	0	0	0	0	0	0	0	0	0	0	0	0	0	0	0	0	0	0	0	0	0	0	0	0
150	0	0	344	0	0	0	0	0	0	0	344	0	0.122575	0	0	0	0	0	0	0	0.122575	0	1	0	0	0	0	0	0	0	0	50	0	0	0	0	0	0	0	50	0	1	0	0	0	0	0	0	0	0	43.549	0	0	0	0	0	0	0	43.549	0	1	0	0	0	0	0	0	0	0	121	0	0	0	0	0	0	0	121	0	1	0	0	0	0	0	0	0	0	0	0	0	0	0	0	0	0	0	0	0	0	0	0	0	0	0	0	0	0	0	0	0	0	0	0	0	0	0	0	0	0	0	0	0	0	0
151	0	0	364	0	0	0	0	0	0	0	364	0	0.109149	0	0	0	0	0	0	0	0.109149	0	1	0	0	0	0	0	0	0	0	48	0	0	0	0	0	0	0	48	0	1	0	0	0	0	0	0	0	0	46.0734	0	0	0	0	0	0	0	46.0734	0	1	0	0	0	0	0	0	0	0	129	0	0	0	0	0	0	0	129	0	1	0	0	0	0	0	0	0	0	0	0	0	0	0	0	0	0	0	0	0	0	0	0	0	0	0	0	0	0	0	0	0	0	0	0	0	0	0	0	0	0	0	0	0	0	0
152	0	0	355	0	0	0	0	0	0	0	355	0	0.062841	0	0	0	0	0	0	0	0.062841	0	1	0	0	0	0	0	0	0	0	41	0	0	0	0	0	0	0	41	0	1	0	0	0	0	0	0	0	0	46.0943	0	0	0	0	0	0	0	46.0943	0	1	0	0	0	0	0	0	0	0	130	0	0	0	0	0	0	0	130	0	1	0	0	0	0	0	0	0	0	0	0	0	0	0	0	0	0	0	0	0	0	0	0	0	0	0	0	0	0	0	0	0	0	0	0	0	0	0	0	0	0	0	0	0	0	0
153	0	0	354	0	0	0	0	0	0	0	354	0	0.0773852	0	0	0	0	0	0	0	0.0773852	0	1	0	0	0	0	0	0	0	0	38	0	0	0	0	0	0	0	38	0	1	0	0	0	0	0	0	0	0	44.2618	0	0	0	0	0	0	0	44.2618	0	1	0	0	0	0	0	0	0	0	126	0	0	0	0	0	0	0	126	0	1	0	0	0	0	0	0	0	0	0	0	0	0	0	0	0	0	0	0	0	0	0	0	0	0	0	0	0	0	0	0	0	0	0	0	0	0	0	0	0	0	0	0	0	0	0
154	0	0	383	0	0	0	0	0	0	0	383	0	0.0928397	0	0	0	0	0	0	0	0.0928397	0	1	0	0	0	0	0	0	0	0	39	0	0	0	0	0	0	0	39	0	1	0	0	0	0	0	0	0	0	46.2384	0	0	0	0	0	0	0	46.2384	0	1	0	0	0	0	0	0	0	0	127	0	0	0	0	0	0	0	127	0	1	0	0	0	0	0	0	0	0	0	0	0	0	0	0	0	0	0	0	0	0	0	0	0	0	0	0	0	0	0	0	0	0	0	0	0	0	0	0	0	0	0	0	0	0	0
155	0	0	390	0	0	0	0	0	0	0	390	0	0.0678179	0	0	0	0	0	0	0	0.0678179	0	1	0	0	0	0	0	0	0	0	33	0	0	0	0	0	0	0	33	0	1	0	0	0	0	0	0	0	0	47.16	0	0	0	0	0	0	0	47.16	0	1	0	0	0	0	0	0	0	0	129	0	0	0	0	0	0	0	129	0	1	0	0	0	0	0	0	0	0	0	0	0	0	0	0	0	0	0	0	0	0	0	0	0	0	0	0	0	0	0	0	0	0	0	0	0	0	0	0	0	0	0	0	0	0	0
156	0	0	358	0	0	0	0	0	0	0	358	0	0.0705691	0	0	0	0	0	0	0	0.0705691	0	1	0	0	0	0	0	0	0	0	46	0	0	0	0	0	0	0	46	0	1	0	0	0	0	0	0	0	0	43.2325	0	0	0	0	0	0	0	43.2325	0	1	0	0	0	0	0	0	0	0	122	0	0	0	0	0	0	0	122	0	1	0	0	0	0	0	0	0	0	0	0	0	0	0	0	0	0	0	0	0	0	0	0	0	0	0	0	0	0	0	0	0	0	0	0	0	0	0	0	0	0	0	0	0	0	0
157	0	0	370	0	0	0	0	0	0	0	370	0	0.0707223	0	0	0	0	0	0	0	0.0707223	0	1	0	0	0	0	0	0	0	0	50	0	0	0	0	0	0	0	50	0	1	0	0	0	0	0	0	0	0	44.7499	0	0	0	0	0	0	0	44.7499	0	1	0	0	0	0	0	0	0	0	122	0	0	0	0	0	0	0	122	0	1	0	0	0	0	0	0	0	0	0	0	0	0	0	0	0	0	0	0	0	0	0	0	0	0	0	0	0	0	0	0	0	0	0	0	0	0	0	0	0	0	0	0	0	0	0
158	0	0	360	0	0	0	0	0	0	0	360	0	0.0628378	0	0	0	0	0	0	0	0.0628378	0	1	0	0	0	0	0	0	0	0	50	0	0	0	0	0	0	0	50	0	1	0	0	0	0	0	0	0	0	43.4302	0	0	0	0	0	0	0	43.4302	0	1	0	0	0	0	0	0	0	0	118	0	0	0	0	0	0	0	118	0	1	0	0	0	0	0	0	0	0	0	0	0	0	0	0	0	0	0	0	0	0	0	0	0	0	0	0	0	0	0	0	0	0	0	0	0	0	0	0	0	0	0	0	0	0	0
159	0	0	370	0	0	0	0	0	0	0	370	0	0.0907472	0	0	0	0	0	0	0	0.0907472	0	1	0	0	0	0	0	0	0	0	52	0	0	0	0	0	0	0	52	0	1	0	0	0	0	0	0	0	0	44.2671	0	0	0	0	0	0	0	44.2671	0	1	0	0	0	0	0	0	0	0	116	0	0	0	0	0	0	0	116	0	1	0	0	0	0	0	0	0	0	0	0	0	0	0	0	0	0	0	0	0	0	0	0	0	0	0	0	0	0	0	0	0	0	0	0	0	0	0	0	0	0	0	0	0	0	0
160	0	0	381	0	0	0	0	0	0	0	381	0	0.0924966	0	0	0	0	0	0	0	0.0924966	0	1	0	0	0	0	0	0	0	0	57	0	0	0	0	0	0	0	57	0	1	0	0	0	0	0	0	0	0	46.3999	0	0	0	0	0	0	0	46.3999	0	1	0	0	0	0	0	0	0	0	120	0	0	0	0	0	0	0	120	0	1	0	0	0	0	0	0	0	0	0	0	0	0	0	0	0	0	0	0	0	0	0	0	0	0	0	0	0	0	0	0	0	0	0	0	0	0	0	0	0	0	0	0	0	0	0
161	0	0	403	0	0	0	0	0	0	0	403	0	0.118182	0	0	0	0	0	0	0	0.118182	0	1	0	0	0	0	0	0	0	0	60	0	0	0	0	0	0	0	60	0	1	0	0	0	0	0	0	0	0	48.354	0	0	0	0	0	0	0	48.354	0	1	0	0	0	0	0	0	0	0	120	0	0	0	0	0	0	0	120	0	1	0	0	0	0	0	0	0	0	0	0	0	0	0	0	0	0	0	0	0	0	0	0	0	0	0	0	0	0	0	0	0	0	0	0	0	0	0	0	0	0	0	0	0	0	0
162	0	0	374	0	0	0	0	0	0	0	374	0	0.104202	0	0	0	0	0	0	0	0.104202	0	1	0	0	0	0	0	0	0	0	52	0	0	0	0	0	0	0	52	0	1	0	0	0	0	0	0	0	0	44.7718	0	0	0	0	0	0	0	44.7718	0	1	0	0	0	0	0	0	0	0	118	0	0	0	0	0	0	0	118	0	1	0	0	0	0	0	0	0	0	0	0	0	0	0	0	0	0	0	0	0	0	0	0	0	0	0	0	0	0	0	0	0	0	0	0	0	0	0	0	0	0	0	0	0	0	0
163	0	0	356	0	0	0	0	0	0	0	356	0	0.113653	0	0	0	0	0	0	0	0.113653	0	1	0	0	0	0	0	0	0	0	55	0	0	0	0	0	0	0	55	0	1	0	0	0	0	0	0	0	0	44.4408	0	0	0	0	0	0	0	44.4408	0	1	0	0	0	0	0	0	0	0	119	0	0	0	0	0	0	0	119	0	1	0	0	0	0	0	0	0	0	0	0	0	0	0	0	0	0	0	0	0	0	0	0	0	0	0	0	0	0	0	0	0	0	0	0	0	0	0	0	0	0	0	0	0	0	0
164	0	0	350	0	0	0	0	0	0	0	350	0	0.112147	0	0	0	0	0	0	0	0.112147	0	1	0	0	0	0	0	0	0	0	57	0	0	0	0	0	0	0	57	0	1	0	0	0	0	0	0	0	0	43.1693	0	0	0	0	0	0	0	43.1693	0	1	0	0	0	0	0	0	0	0	122	0	0	0	0	0	0	0	122	0	1	0	0	0	0	0	0	0	0	0	0	0	0	0	0	0	0	0	0	0	0	0	0	0	0	0	0	0	0	0	0	0	0	0	0	0	0	0	0	0	0	0	0	0	0	0
165	0	0	366	0	0	0	0	0	0	0	366	0	0.124967	0	0	0	0	0	0	0	0.124967	0	1	0	0	0	0	0	0	0	0	58	0	0	0	0	0	0	0	58	0	1	0	0	0	0	0	0	0	0	43.6753	0	0	0	0	0	0	0	43.6753	0	1	0	0	0	0	0	0	0	0	122	0	0	0	0	0	0	0	122	0	1	0	0	0	0	0	0	0	0	0	0	0	0	0	0	0	0	0	0	0	0	0	0	0	0	0	0	0	0	0	0	0	0	0	0	0	0	0	0	0	0	0	0	0	0	0
166	0	0	381	0	0	0	0	0	0	0	381	0	0.112542	0	0	0	0	0	0	0	0.112542	0	1	0	0	0	0	0	0	0	0	53	0	0	0	0	0	0	0	53	0	1	0	0	0	0	0	0	0	0	43.9083	0	0	0	0	0	0	0	43.9083	0	1	0	0	0	0	0	0	0	0	125	0	0	0	0	0	0	0	125	0	1	0	0	0	0	0	0	0	0	0	0	0	0	0	0	0	0	0	0	0	0	0	0	0	0	0	0	0	0	0	0	0	0	0	0	0	0	0	0	0	0	0	0	0	0	0
167	0	0	366	0	0	0	0	0	0	0	366	0	0.109567	0	0	0	0	0	0	0	0.109567	0	1	0	0	0	0	0	0	0	0	51	0	0	0	0	0	0	0	51	0	1	0	0	0	0	0	0	0	0	43.7497	0	0	0	0	0	0	0	43.7497	0	1	0	0	0	0	0	0	0	0	128	0	0	0	0	0	0	0	128	0	1	0	0	0	0	0	0	0	0	0	0	0	0	0	0	0	0	0	0	0	0	0	0	0	0	0	0	0	0	0	0	0	0	0	0	0	0	0	0	0	0	0	0	0	0	0
168	0	0	391	0	0	0	0	0	0	0	391	0	0.0803646	0	0	0	0	0	0	0	0.0803646	0	1	0	0	0	0	0	0	0	0	48	0	0	0	0	0	0	0	48	0	1	0	0	0	0	0	0	0	0	45.5864	0	0	0	0	0	0	0	45.5864	0	1	0	0	0	0	0	0	0	0	137	0	0	0	0	0	0	0	137	0	1	0	0	0	0	0	0	0	0	0	0	0	0	0	0	0	0	0	0	0	0	0	0	0	0	0	0	0	0	0	0	0	0	0	0	0	0	0	0	0	0	0	0	0	0	0
169	0	0	377	0	0	0	0	0	0	0	377	0	0.0753435	0	0	0	0	0	0	0	0.0753435	0	1	0	0	0	0	0	0	0	0	51	0	0	0	0	0	0	0	51	0	1	0	0	0	0	0	0	0	0	45.4069	0	0	0	0	0	0	0	45.4069	0	1	0	0	0	0	0	0	0	0	140	0	0	0	0	0	0	0	140	0	1	0	0	0	0	0	0	0	0	0	0	0	0	0	0	0	0	0	0	0	0	0	0	0	0	0	0	0	0	0	0	0	0	0	0	0	0	0	0	0	0	0	0	0	0	0
170	0	0	375	0	0	0	0	0	0	0	375	0	0.0809121	0	0	0	0	0	0	0	0.0809121	0	1	0	0	0	0	0	0	0	0	53	0	0	0	0	0	0	0	53	0	1	0	0	0	0	0	0	0	0	44.5382	0	0	0	0	0	0	0	44.5382	0	1	0	0	0	0	0	0	0	0	135	0	0	0	0	0	0	0	135	0	1	0	0	0	0	0	0	0	0	0	0	0	0	0	0	0	0	0	0	0	0	0	0	0	0	0	0	0	0	0	0	0	0	0	0	0	0	0	0	0	0	0	0	0	0	0
171	0	0	349	0	0	0	0	0	0	0	349	0	0.0899941	0	0	0	0	0	0	0	0.0899941	0	1	0	0	0	0	0	0	0	0	59	0	0	0	0	0	0	0	59	0	1	0	0	0	0	0	0	0	0	42.4443	0	0	0	0	0	0	0	42.4443	0	1	0	0	0	0	0	0	0	0	130	0	0	0	0	0	0	0	130	0	1	0	0	0	0	0	0	0	0	0	0	0	0	0	0	0	0	0	0	0	0	0	0	0	0	0	0	0	0	0	0	0	0	0	0	0	0	0	0	0	0	0	0	0	0	0
172	0	0	362	0	0	0	0	0	0	0	362	0	0.11373	0	0	0	0	0	0	0	0.11373	0	1	0	0	0	0	0	0	0	0	64	0	0	0	0	0	0	0	64	0	1	0	0	0	0	0	0	0	0	43.9115	0	0	0	0	0	0	0	43.9115	0	1	0	0	0	0	0	0	0	0	132	0	0	0	0	0	0	0	132	0	1	0	0	0	0	0	0	0	0	0	0	0	0	0	0	0	0	0	0	0	0	0	0	0	0	0	0	0	0	0	0	0	0	0	0	0	0	0	0	0	0	0	0	0	0	0
173	0	0	354	0	0	0	0	0	0	0	354	0	0.126091	0	0	0	0	0	0	0	0.126091	0	1	0	0	0	0	0	0	0	0	61	0	0	0	0	0	0	0	61	0	1	0	0	0	0	0	0	0	0	44.2533	0	0	0	0	0	0	0	44.2533	0	1	0	0	0	0	0	0	0	0	136	0	0	0	0	0	0	0	136	0	1	0	0	0	0	0	0	0	0	0	0	0	0	0	0	0	0	0	0	0	0	0	0	0	0	0	0	0	0	0	0	0	0	0	0	0	0	0	0	0	0	0	0	0	0	0
174	0	0	365	0	0	0	0	0	0	0	365	0	0.125307	0	0	0	0	0	0	0	0.125307	0	1	0	0	0	0	0	0	0	0	56	0	0	0	0	0	0	0	56	0	1	0	0	0	0	0	0	0	0	46.7232	0	0	0	0	0	0	0	46.7232	0	1	0	0	0	0	0	0	0	0	142	0	0	0	0	0	0	0	142	0	1	0	0	0	0	0	0	0	0	0	0	0	0	0	0	0	0	0	0	0	0	0	0	0	0	0	0	0	0	0	0	0	0	0	0	0	0	0	0	0	0	0	0	0	0	0
175	0	0	384	0	0	0	0	0	0	0	384	0	0.0885378	0	0	0	0	0	0	0	0.0885378	0	1	0	0	0	0	0	0	0	0	50	0	0	0	0	0	0	0	50	0	1	0	0	0	0	0	0	0	0	47.3939	0	0	0	0	0	0	0	47.3939	0	1	0	0	0	0	0	0	0	0	146	0	0	0	0	0	0	0	146	0	1	0	0	0	0	0	0	0	0	0	0	0	0	0	0	0	0	0	0	0	0	0	0	0	0	0	0	0	0	0	0	0	0	0	0	0	0	0	0	0	0	0	0	0	0	0
176	0	0	405	0	0	0	0	0	0	0	405	0	0.084998	0	0	0	0	0	0	0	0.084998	0	1	0	0	0	0	0	0	0	0	47	0	0	0	0	0	0	0	47	0	1	0	0	0	0	0	0	0	0	49.7798	0	0	0	0	0	0	0	49.7798	0	1	0	0	0	0	0	0	0	0	151	0	0	0	0	0	0	0	151	0	1	0	0	0	0	0	0	0	0	0	0	0	0	0	0	0	0	0	0	0	0	0	0	0	0	0	0	0	0	0	0	0	0	0	0	0	0	0	0	0	0	0	0	0	0	0
177	0	0	415	0	0	0	0	0	0	0	415	0	0.108648	0	0	0	0	0	0	0	0.108648	0	1	0	0	0	0	0	0	0	0	54	0	0	0	0	0	0	0	54	0	1	0	0	0	0	0	0	0	0	51.9364	0	0	0	0	0	0	0	51.9364	0	1	0	0	0	0	0	0	0	0	150	0	0	0	0	0	0	0	150	0	1	0	0	0	0	0	0	0	0	0	0	0	0	0	0	0	0	0	0	0	0	0	0	0	0	0	0	0	0	0	0	0	0	0	0	0	0	0	0	0	0	0	0	0	0	0
178	0	0	412	0	0	0	0	0	0	0	412	0	0.086464	0	0	0	0	0	0	0	0.086464	0	1	0	0	0	0	0	0	0	0	53	0	0	0	0	0	0	0	53	0	1	0	0	0	0	0	0	0	0	53.4956	0	0	0	0	0	0	0	53.4956	0	1	0	0	0	0	0	0	0	0	150	0	0	0	0	0	0	0	150	0	1	0	0	0	0	0	0	0	0	0	0	0	0	0	0	0	0	0	0	0	0	0	0	0	0	0	0	0	0	0	0	0	0	0	0	0	0	0	0	0	0	0	0	0	0	0
179	0	0	420	0	0	0	0	0	0	0	420	0	0.102264	0	0	0	0	0	0	0	0.102264	0	1	0	0	0	0	0	0	0	0	59	0	0	0	0	0	0	0	59	0	1	0	0	0	0	0	0	0	0	54.9265	0	0	0	0	0	0	0	54.9265	0	1	0	0	0	0	0	0	0	0	149	0	0	0	0	0	0	0	149	0	1	0	0	0	0	0	0	0	0	0	0	0	0	0	0	0	0	0	0	0	0	0	0	0	0	0	0	0	0	0	0	0	0	0	0	0	0	0	0	0	0	0	0	0	0	0
180	0	0	416	0	0	0	0	0	0	0	416	0	0.104712	0	0	0	0	0	0	0	0.104712	0	1	0	0	0	0	0	0	0	0	50	0	0	0	0	0	0	0	50	0	1	0	0	0	0	0	0	0	0	53.0393	0	0	0	0	0	0	0	53.0393	0	1	0	0	0	0	0	0	0	0	143	0	0	0	0	0	0	0	143	0	1	0	0	0	0	0	0	0	0	0	0	0	0	0	0	0	0	0	0	0	0	0	0	0	0	0	0	0	0	0	0	0	0	0	0	0	0	0	0	0	0	0	0	0	0	0
181	0	0	421	0	0	0	0	0	0	0	421	0	0.112657	0	0	0	0	0	0	0	0.112657	0	1	0	0	0	0	0	0	0	0	44	0	0	0	0	0	0	0	44	0	1	0	0	0	0	0	0	0	0	51.5948	0	0	0	0	0	0	0	51.5948	0	1	0	0	0	0	0	0	0	0	139	0	0	0	0	0	0	0	139	0	1	0	0	0	0	0	0	0	0	0	0	0	0	0	0	0	0	0	0	0	0	0	0	0	0	0	0	0	0	0	0	0	0	0	0	0	0	0	0	0	0	0	0	0	0	0
182	0	0	427	0	0	0	0	0	0	0	427	0	0.0721383	0	0	0	0	0	0	0	0.0721383	0	1	0	0	0	0	0	0	0	0	38	0	0	0	0	0	0	0	38	0	1	0	0	0	0	0	0	0	0	53.7559	0	0	0	0	0	0	0	53.7559	0	1	0	0	0	0	0	0	0	0	144	0	0	0	0	0	0	0	144	0	1	0	0	0	0	0	0	0	0	0	0	0	0	0	0	0	0	0	0	0	0	0	0	0	0	0	0	0	0	0	0	0	0	0	0	0	0	0	0	0	0	0	0	0	0	0
183	0	0	455	0	0	0	0	0	0	0	455	0	0.0724221	0	0	0	0	0	0	0	0.0724221	0	1	0	0	0	0	0	0	0	0	41	0	0	0	0	0	0	0	41	0	1	0	0	0	0	0	0	0	0	55.5012	0	0	0	0	0	0	0	55.5012	0	1	0	0	0	0	0	0	0	0	144	0	0	0	0	0	0	0	144	0	1	0	0	0	0	0	0	0	0	0	0	0	0	0	0	0	0	0	0	0	0	0	0	0	0	0	0	0	0	0	0	0	0	0	0	0	0	0	0	0	0	0	0	0	0	0
184	0	0	440	0	0	0	0	0	0	0	440	0	0.0739888	0	0	0	0	0	0	0	0.0739888	0	1	0	0	0	0	0	0	0	0	46	0	0	0	0	0	0	0	46	0	1	0	0	0	0	0	0	0	0	54.2094	0	0	0	0	0	0	0	54.2094	0	1	0	0	0	0	0	0	0	0	141	0	0	0	0	0	0	0	141	0	1	0	0	0	0	0	0	0	0	0	0	0	0	0	0	0	0	0	0	0	0	0	0	0	0	0	0	0	0	0	0	0	0	0	0	0	0	0	0	0	0	0	0	0	0	0
185	0	0	445	0	0	0	0	0	0	0	445	0	0.0837564	0	0	0	0	0	0	0	0.0837564	0	1	0	0	0	0	0	0	0	0	49	0	0	0	0	0	0	0	49	0	1	0	0	0	0	0	0	0	0	54.7904	0	0	0	0	0	0	0	54.7904	0	1	0	0	0	0	0	0	0	0	138	0	0	0	0	0	0	0	138	0	1	0	0	0	0	0	0	0	0	0	0	0	0	0	0	0	0	0	0	0	0	0	0	0	0	0	0	0	0	0	0	0	0	0	0	0	0	0	0	0	0	0	0	0	0	0
186	0	0	445	0	0	0	0	0	0	0	445	0	0.103416	0	0	0	0	0	0	0	0.103416	0	1	0	0	0	0	0	0	0	0	52	0	0	0	0	0	0	0	52	0	1	0	0	0	0	0	0	0	0	57.2647	0	0	0	0	0	0	0	57.2647	0	1	0	0	0	0	0	0	0	0	138	0	0	0	0	0	0	0	138	0	1	0	0	0	0	0	0	0	0	0	0	0	0	0	0	0	0	0	0	0	0	0	0	0	0	0	0	0	0	0	0	0	0	0	0	0	0	0	0	0	0	0	0	0	0	0
187	0	0	454	0	0	0	0	0	0	0	454	0	0.142051	0	0	0	0	0	0	0	0.142051	0	1	0	0	0	0	0	0	0	0	56	0	0	0	0	0	0	0	56	0	1	0	0	0	0	0	0	0	0	58.1443	0	0	0	0	0	0	0	58.1443	0	1	0	0	0	0	0	0	0	0	137	0	0	0	0	0	0	0	137	0	1	0	0	0	0	0	0	0	0	0	0	0	0	0	0	0	0	0	0	0	0	0	0	0	0	0	0	0	0	0	0	0	0	0	0	0	0	0	0	0	0	0	0	0	0	0
188	0	0	423	0	0	0	0	0	0	0	423	0	0.0988383	0	0	0	0	0	0	0	0.0988383	0	1	0	0	0	0	0	0	0	0	50	0	0	0	0	0	0	0	50	0	1	0	0	0	0	0	0	0	0	54.8968	0	0	0	0	0	0	0	54.8968	0	1	0	0	0	0	0	0	0	0	141	0	0	0	0	0	0	0	141	0	1	0	0	0	0	0	0	0	0	0	0	0	0	0	0	0	0	0	0	0	0	0	0	0	0	0	0	0	0	0	0	0	0	0	0	0	0	0	0	0	0	0	0	0	0	0
189	0	0	419	0	0	0	0	0	0	0	419	0	0.0995928	0	0	0	0	0	0	0	0.0995928	0	1	0	0	0	0	0	0	0	0	47	0	0	0	0	0	0	0	47	0	1	0	0	0	0	0	0	0	0	53.4825	0	0	0	0	0	0	0	53.4825	0	1	0	0	0	0	0	0	0	0	137	0	0	0	0	0	0	0	137	0	1	0	0	0	0	0	0	0	0	0	0	0	0	0	0	0	0	0	0	0	0	0	0	0	0	0	0	0	0	0	0	0	0	0	0	0	0	0	0	0	0	0	0	0	0	0
190	0	0	419	0	0	0	0	0	0	0	419	0	0.0911519	0	0	0	0	0	0	0	0.0911519	0	1	0	0	0	0	0	0	0	0	43	0	0	0	0	0	0	0	43	0	1	0	0	0	0	0	0	0	0	53.9156	0	0	0	0	0	0	0	53.9156	0	1	0	0	0	0	0	0	0	0	139	0	0	0	0	0	0	0	139	0	1	0	0	0	0	0	0	0	0	0	0	0	0	0	0	0	0	0	0	0	0	0	0	0	0	0	0	0	0	0	0	0	0	0	0	0	0	0	0	0	0	0	0	0	0	0
191	0	0	443	0	0	0	0	0	0	0	443	0	0.0713614	0	0	0	0	0	0	0	0.0713614	0	1	0	0	0	0	0	0	0	0	42	0	0	0	0	0	0	0	42	0	1	0	0	0	0	0	0	0	0	55.6967	0	0	0	0	0	0	0	55.6967	0	1	0	0	0	0	0	0	0	0	142	0	0	0	0	0	0	0	142	0	1	0	0	0	0	0	0	0	0	0	0	0	0	0	0	0	0	0	0	0	0	0	0	0	0	0	0	0	0	0	0	0	0	0	0	0	0	0	0	0	0	0	0	0	0	0
192	0	0	427	0	0	0	0	0	0	0	427	0	0.0736943	0	0	0	0	0	0	0	0.0736943	0	1	0	0	0	0	0	0	0	0	49	0	0	0	0	0	0	0	49	0	1	0	0	0	0	0	0	0	0	56.3773	0	0	0	0	0	0	0	56.3773	0	1	0	0	0	0	0	0	0	0	140	0	0	0	0	0	0	0	140	0	1	0	0	0	0	0	0	0	0	0	0	0	0	0	0	0	0	0	0	0	0	0	0	0	0	0	0	0	0	0	0	0	0	0	0	0	0	0	0	0	0	0	0	0	0	0
193	0	0	428	0	0	0	0	0	0	0	428	0	0.0954037	0	0	0	0	0	0	0	0.0954037	0	1	0	0	0	0	0	0	0	0	43	0	0	0	0	0	0	0	43	0	1	0	0	0	0	0	0	0	0	55.5332	0	0	0	0	0	0	0	55.5332	0	1	0	0	0	0	0	0	0	0	136	0	0	0	0	0	0	0	136	0	1	0	0	0	0	0	0	0	0	0	0	0	0	0	0	0	0	0	0	0	0	0	0	0	0	0	0	0	0	0	0	0	0	0	0	0	0	0	0	0	0	0	0	0	0	0
194	0	0	438	0	0	0	0	0	0	0	438	0	0.091958	0	0	0	0	0	0	0	0.091958	0	1	0	0	0	0	0	0	0	0	43	0	0	0	0	0	0	0	43	0	1	0	0	0	0	0	0	0	0	57.8957	0	0	0	0	0	0	0	57.8957	0	1	0	0	0	0	0	0	0	0	140	0	0	0	0	0	0	0	140	0	1	0	0	0	0	0	0	0	0	0	0	0	0	0	0	0	0	0	0	0	0	0	0	0	0	0	0	0	0	0	0	0	0	0	0	0	0	0	0	0	0	0	0	0	0	0
195	0	0	448	0	0	0	0	0	0	0	448	0	0.0881787	0	0	0	0	0	0	0	0.0881787	0	1	0	0	0	0	0	0	0	0	39	0	0	0	0	0	0	0	39	0	1	0	0	0	0	0	0	0	0	58.8753	0	0	0	0	0	0	0	58.8753	0	1	0	0	0	0	0	0	0	0	144	0	0	0	0	0	0	0	144	0	1	0	0	0	0	0	0	0	0	0	0	0	0	0	0	0	0	0	0	0	0	0	0	0	0	0	0	0	0	0	0	0	0	0	0	0	0	0	0	0	0	0	0	0	0	0
196	0	0	462	0	0	0	0	0	0	0	462	0	0.0848844	0	0	0	0	0	0	0	0.0848844	0	1	0	0	0	0	0	0	0	0	34	0	0	0	0	0	0	0	34	0	1	0	0	0	0	0	0	0	0	60.9921	0	0	0	0	0	0	0	60.9921	0	1	0	0	0	0	0	0	0	0	148	0	0	0	0	0	0	0	148	0	1	0	0	0	0	0	0	0	0	0	0	0	0	0	0	0	0	0	0	0	0	0	0	0	0	0	0	0	0	0	0	0	0	0	0	0	0	0	0	0	0	0	0	0	0	0
197	0	0	478	0	0	0	0	0	0	0	478	0	0.0790864	0	0	0	0	0	0	0	0.0790864	0	1	0	0	0	0	0	0	0	0	27	0	0	0	0	0	0	0	27	0	1	0	0	0	0	0	0	0	0	62.4708	0	0	0	0	0	0	0	62.4708	0	1	0	0	0	0	0	0	0	0	147	0	0	0	0	0	0	0	147	0	1	0	0	0	0	0	0	0	0	0	0	0	0	0	0	0	0	0	0	0	0	0	0	0	0	0	0	0	0	0	0	0	0	0	0	0	0	0	0	0	0	0	0	0	0	0
198	0	0	481	0	0	0	0	0	0	0	481	0	0.0630689	0	0	0	0	0	0	0	0.0630689	0	1	0	0	0	0	0	0	0	0	24	0	0	0	0	0	0	0	24	0	1	0	0	0	0	0	0	0	0	63.8357	0	0	0	0	0	0	0	63.8357	0	1	0	0	0	0	0	0	0	0	149	0	0	0	0	0	0	0	149	0	1	0	0	0	0	0	0	0	0	0	0	0	0	0	0	0	0	0	0	0	0	0	0	0	0	0	0	0	0	0	0	0	0	0	0	0	0	0	0	0	0	0	0	0	0	0
199	0	0	483	0	0	0	0	0	0	0	483	0	0.031207	0	0	0	0	0	0	0	0.031207	0	1	0	0	0	0	0	0	0	0	23	0	0	0	0	0	0	0	23	0	1	0	0	0	0	0	0	0	0	62.9767	0	0	0	0	0	0	0	62.9767	0	1	0	0	0	0	0	0	0	0	146	0	0	0	0	0	0	0	146	0	1	0	0	0	0	0	0	0	0	0	0	0	0	0	0	0	0	0	0	0	0	0	0	0	0	0	0	0	0	0	0	0	0	0	0	0	0	0	0	0	0	0	0	0	0	0
200	0	0	497	0	0	0	0	0	0	0	497	0	0.0345507	0	0	0	0	0	0	0	0.0345507	0	1	0	0	0	0	0	0	0	0	22	0	0	0	0	0	0	0	22	0	1	0	0	0	0	0	0	0	0	63.1275	0	0	0	0	0	0	0	63.1275	0	1	0	0	0	0	0	0	0	0	139	0	0	0	0	0	0	0	139	0	1	0	0	0	0	0	0	0	0	0	0	0	0	0	0	0	0	0	0	0	0	0	0	0	0	0	0	0	0	0	0	0	0	0	0	0	0	0	0	0	0	0	0	0	0	0
