Location: Fake forest
From parameter file: C:\Users\ben\Desktop\inputs\input_GMF_0-0-0-0-0-1-0-0-0.xml
Basal area is normalized to m^2/ha; density to #/ha.
Subplots:
0 = Whole plot
Step	Subplot	Sdl Abs Den: ACRU	Sdl Abs Den: ACSA	Sdl Abs Den: BEAL	Sdl Abs Den: FAGR	Sdl Abs Den: TSCA	Sdl Abs Den: FRAM	Sdl Abs Den: PIST	Sdl Abs Den: PRSE	Sdl Abs Den: QURU	Sdl Den Total:	Sapl Abs BA: ACRU	Sapl Abs BA: ACSA	Sapl Abs BA: BEAL	Sapl Abs BA: FAGR	Sapl Abs BA: TSCA	Sapl Abs BA: FRAM	Sapl Abs BA: PIST	Sapl Abs BA: PRSE	Sapl Abs BA: QURU	Sapl BA Total:	Sapl Rel BA: ACRU	Sapl Rel BA: ACSA	Sapl Rel BA: BEAL	Sapl Rel BA: FAGR	Sapl Rel BA: TSCA	Sapl Rel BA: FRAM	Sapl Rel BA: PIST	Sapl Rel BA: PRSE	Sapl Rel BA: QURU	Sapl Abs Den: ACRU	Sapl Abs Den: ACSA	Sapl Abs Den: BEAL	Sapl Abs Den: FAGR	Sapl Abs Den: TSCA	Sapl Abs Den: FRAM	Sapl Abs Den: PIST	Sapl Abs Den: PRSE	Sapl Abs Den: QURU	Sapl Den Total:	Sapl Rel Den: ACRU	Sapl Rel Den: ACSA	Sapl Rel Den: BEAL	Sapl Rel Den: FAGR	Sapl Rel Den: TSCA	Sapl Rel Den: FRAM	Sapl Rel Den: PIST	Sapl Rel Den: PRSE	Sapl Rel Den: QURU	Adult Abs BA: ACRU	Adult Abs BA: ACSA	Adult Abs BA: BEAL	Adult Abs BA: FAGR	Adult Abs BA: TSCA	Adult Abs BA: FRAM	Adult Abs BA: PIST	Adult Abs BA: PRSE	Adult Abs BA: QURU	Adult BA Total:	Adult Rel BA: ACRU	Adult Rel BA: ACSA	Adult Rel BA: BEAL	Adult Rel BA: FAGR	Adult Rel BA: TSCA	Adult Rel BA: FRAM	Adult Rel BA: PIST	Adult Rel BA: PRSE	Adult Rel BA: QURU	Adult Abs Den: ACRU	Adult Abs Den: ACSA	Adult Abs Den: BEAL	Adult Abs Den: FAGR	Adult Abs Den: TSCA	Adult Abs Den: FRAM	Adult Abs Den: PIST	Adult Abs Den: PRSE	Adult Abs Den: QURU	Adult Den Total:	Adult Rel Den: ACRU	Adult Rel Den: ACSA	Adult Rel Den: BEAL	Adult Rel Den: FAGR	Adult Rel Den: TSCA	Adult Rel Den: FRAM	Adult Rel Den: PIST	Adult Rel Den: PRSE	Adult Rel Den: QURU	Snag Abs BA: ACRU	Snag Abs BA: ACSA	Snag Abs BA: BEAL	Snag Abs BA: FAGR	Snag Abs BA: TSCA	Snag Abs BA: FRAM	Snag Abs BA: PIST	Snag Abs BA: PRSE	Snag Abs BA: QURU	Snag BA Total:	Snag Rel BA: ACRU	Snag Rel BA: ACSA	Snag Rel BA: BEAL	Snag Rel BA: FAGR	Snag Rel BA: TSCA	Snag Rel BA: FRAM	Snag Rel BA: PIST	Snag Rel BA: PRSE	Snag Rel BA: QURU	Snag Abs Den: ACRU	Snag Abs Den: ACSA	Snag Abs Den: BEAL	Snag Abs Den: FAGR	Snag Abs Den: TSCA	Snag Abs Den: FRAM	Snag Abs Den: PIST	Snag Abs Den: PRSE	Snag Abs Den: QURU	Snag Den Total:	Snag Rel Den: ACRU	Snag Rel Den: ACSA	Snag Rel Den: BEAL	Snag Rel Den: FAGR	Snag Rel Den: TSCA	Snag Rel Den: FRAM	Snag Rel Den: PIST	Snag Rel Den: PRSE	Snag Rel Den: QURU
0	0	0	0	0	0	0	0	0	0	0	0	0	0	0	0	0	0.000630702	0	0	0	0.000630702	0	0	0	0	0	1	0	0	0	0	0	0	0	0	25	0	0	0	25	0	0	0	0	0	1	0	0	0	0	0	0	0	0	0	0	0	0	0	0	0	0	0	0	0	0	0	0	0	0	0	0	0	0	0	0	0	0	0	0	0	0	0	0	0	0	0	0	0	0	0	0	0	0	0	0	0	0	0	0	0	0	0	0	0	0	0	0	0	0	0	0	0	0	0	0	0	0	0	0	0	0	0	0	0
1	0	0	0	0	0	0	0	0	0	0	0	0	0	0	0	0	0.00409618	0	0	0	0.00409618	0	0	0	0	0	1	0	0	0	0	0	0	0	0	23	0	0	0	23	0	0	0	0	0	1	0	0	0	0	0	0	0	0	0	0	0	0	0	0	0	0	0	0	0	0	0	0	0	0	0	0	0	0	0	0	0	0	0	0	0	0	0	0	0	0	0	0	0	0	0	0	0	0	0	0	0	0	0	0	0	0	0	0	0	0	0	0	0	0	0	0	0	0	0	0	0	0	0	0	0	0	0	0	0
2	0	0	0	0	0	0	0	0	0	0	0	0	0	0	0	0	0.0266315	0	0	0	0.0266315	0	0	0	0	0	1	0	0	0	0	0	0	0	0	22	0	0	0	22	0	0	0	0	0	1	0	0	0	0	0	0	0	0	0	0	0	0	0	0	0	0	0	0	0	0	0	0	0	0	0	0	0	0	0	0	0	0	0	0	0	0	0	0	0	0	0	0	0	0	0	0	0	0	0	0	0	0	0	0	0	0	0	0	0	0	0	0	0	0	0	0	0	0	0	0	0	0	0	0	0	0	0	0	0
3	0	0	0	0	0	0	0	0	0	0	0	0	0	0	0	0	0.0657671	0	0	0	0.0657671	0	0	0	0	0	1	0	0	0	0	0	0	0	0	14	0	0	0	14	0	0	0	0	0	1	0	0	0	0	0	0	0	0	0.109381	0	0	0	0.109381	0	0	0	0	0	1	0	0	0	0	0	0	0	0	8	0	0	0	8	0	0	0	0	0	1	0	0	0	0	0	0	0	0	0	0	0	0	0	0	0	0	0	0	0	0	0	0	0	0	0	0	0	0	0	0	0	0	0	0	0	0	0	0	0	0	0
4	0	0	0	0	0	0	6	0	0	0	6	0	0	0	0	0	0	0	0	0	0	0	0	0	0	0	0	0	0	0	0	0	0	0	0	0	0	0	0	0	0	0	0	0	0	0	0	0	0	0	0	0	0	0	0.773091	0	0	0	0.773091	0	0	0	0	0	1	0	0	0	0	0	0	0	0	21	0	0	0	21	0	0	0	0	0	1	0	0	0	0	0	0	0	0	0	0	0	0	0	0	0	0	0	0	0	0	0	0	0	0	0	0	0	0	0	0	0	0	0	0	0	0	0	0	0	0	0
5	0	0	0	0	0	0	10	0	0	0	10	0	0	0	0	0	0	0	0	0	0	0	0	0	0	0	0	0	0	0	0	0	0	0	0	0	0	0	0	0	0	0	0	0	0	0	0	0	0	0	0	0	0	0	1.32842	0	0	0	1.32842	0	0	0	0	0	1	0	0	0	0	0	0	0	0	20	0	0	0	20	0	0	0	0	0	1	0	0	0	0	0	0	0	0	0	0	0	0	0	0	0	0	0	0	0	0	0	0	0	0	0	0	0	0	0	0	0	0	0	0	0	0	0	0	0	0	0
6	0	0	0	0	0	0	23	0	0	0	23	0	0	0	0	0	0	0	0	0	0	0	0	0	0	0	0	0	0	0	0	0	0	0	0	0	0	0	0	0	0	0	0	0	0	0	0	0	0	0	0	0	0	0	1.7432	0	0	0	1.7432	0	0	0	0	0	1	0	0	0	0	0	0	0	0	19	0	0	0	19	0	0	0	0	0	1	0	0	0	0	0	0	0	0	0	0	0	0	0	0	0	0	0	0	0	0	0	0	0	0	0	0	0	0	0	0	0	0	0	0	0	0	0	0	0	0	0
7	0	0	0	0	0	0	23	0	0	0	23	0	0	0	0	0	0.00193727	0	0	0	0.00193727	0	0	0	0	0	1	0	0	0	0	0	0	0	0	4	0	0	0	4	0	0	0	0	0	1	0	0	0	0	0	0	0	0	1.85234	0	0	0	1.85234	0	0	0	0	0	1	0	0	0	0	0	0	0	0	16	0	0	0	16	0	0	0	0	0	1	0	0	0	0	0	0	0	0	0	0	0	0	0	0	0	0	0	0	0	0	0	0	0	0	0	0	0	0	0	0	0	0	0	0	0	0	0	0	0	0	0
8	0	0	0	0	0	0	23	0	0	0	23	0	0	0	0	0	0.0138944	0	0	0	0.0138944	0	0	0	0	0	1	0	0	0	0	0	0	0	0	7	0	0	0	7	0	0	0	0	0	1	0	0	0	0	0	0	0	0	2.10787	0	0	0	2.10787	0	0	0	0	0	1	0	0	0	0	0	0	0	0	15	0	0	0	15	0	0	0	0	0	1	0	0	0	0	0	0	0	0	0	0	0	0	0	0	0	0	0	0	0	0	0	0	0	0	0	0	0	0	0	0	0	0	0	0	0	0	0	0	0	0	0
9	0	0	0	0	0	0	27	0	0	0	27	0	0	0	0	0	0.0119817	0	0	0	0.0119817	0	0	0	0	0	1	0	0	0	0	0	0	0	0	10	0	0	0	10	0	0	0	0	0	1	0	0	0	0	0	0	0	0	2.38227	0	0	0	2.38227	0	0	0	0	0	1	0	0	0	0	0	0	0	0	18	0	0	0	18	0	0	0	0	0	1	0	0	0	0	0	0	0	0	0	0	0	0	0	0	0	0	0	0	0	0	0	0	0	0	0	0	0	0	0	0	0	0	0	0	0	0	0	0	0	0	0
10	0	0	0	0	0	0	33	0	0	0	33	0	0	0	0	0	0.0231525	0	0	0	0.0231525	0	0	0	0	0	1	0	0	0	0	0	0	0	0	11	0	0	0	11	0	0	0	0	0	1	0	0	0	0	0	0	0	0	2.90092	0	0	0	2.90092	0	0	0	0	0	1	0	0	0	0	0	0	0	0	21	0	0	0	21	0	0	0	0	0	1	0	0	0	0	0	0	0	0	0	0	0	0	0	0	0	0	0	0	0	0	0	0	0	0	0	0	0	0	0	0	0	0	0	0	0	0	0	0	0	0	0
11	0	0	0	0	0	0	35	0	0	0	35	0	0	0	0	0	0.0145782	0	0	0	0.0145782	0	0	0	0	0	1	0	0	0	0	0	0	0	0	9	0	0	0	9	0	0	0	0	0	1	0	0	0	0	0	0	0	0	3.27156	0	0	0	3.27156	0	0	0	0	0	1	0	0	0	0	0	0	0	0	25	0	0	0	25	0	0	0	0	0	1	0	0	0	0	0	0	0	0	0	0	0	0	0	0	0	0	0	0	0	0	0	0	0	0	0	0	0	0	0	0	0	0	0	0	0	0	0	0	0	0	0
12	0	0	0	0	0	0	45	0	0	0	45	0	0	0	0	0	0.0189184	0	0	0	0.0189184	0	0	0	0	0	1	0	0	0	0	0	0	0	0	15	0	0	0	15	0	0	0	0	0	1	0	0	0	0	0	0	0	0	3.95443	0	0	0	3.95443	0	0	0	0	0	1	0	0	0	0	0	0	0	0	28	0	0	0	28	0	0	0	0	0	1	0	0	0	0	0	0	0	0	0	0	0	0	0	0	0	0	0	0	0	0	0	0	0	0	0	0	0	0	0	0	0	0	0	0	0	0	0	0	0	0	0
13	0	0	0	0	0	0	52	0	0	0	52	0	0	0	0	0	0.0274886	0	0	0	0.0274886	0	0	0	0	0	1	0	0	0	0	0	0	0	0	17	0	0	0	17	0	0	0	0	0	1	0	0	0	0	0	0	0	0	4.26803	0	0	0	4.26803	0	0	0	0	0	1	0	0	0	0	0	0	0	0	29	0	0	0	29	0	0	0	0	0	1	0	0	0	0	0	0	0	0	0	0	0	0	0	0	0	0	0	0	0	0	0	0	0	0	0	0	0	0	0	0	0	0	0	0	0	0	0	0	0	0	0
14	0	0	0	0	0	0	63	0	0	0	63	0	0	0	0	0	0.0288595	0	0	0	0.0288595	0	0	0	0	0	1	0	0	0	0	0	0	0	0	18	0	0	0	18	0	0	0	0	0	1	0	0	0	0	0	0	0	0	5.16293	0	0	0	5.16293	0	0	0	0	0	1	0	0	0	0	0	0	0	0	37	0	0	0	37	0	0	0	0	0	1	0	0	0	0	0	0	0	0	0	0	0	0	0	0	0	0	0	0	0	0	0	0	0	0	0	0	0	0	0	0	0	0	0	0	0	0	0	0	0	0	0
15	0	0	0	0	0	0	81	0	0	0	81	0	0	0	0	0	0.0287341	0	0	0	0.0287341	0	0	0	0	0	1	0	0	0	0	0	0	0	0	24	0	0	0	24	0	0	0	0	0	1	0	0	0	0	0	0	0	0	6.28107	0	0	0	6.28107	0	0	0	0	0	1	0	0	0	0	0	0	0	0	46	0	0	0	46	0	0	0	0	0	1	0	0	0	0	0	0	0	0	0	0	0	0	0	0	0	0	0	0	0	0	0	0	0	0	0	0	0	0	0	0	0	0	0	0	0	0	0	0	0	0	0
16	0	0	0	0	0	0	87	0	0	0	87	0	0	0	0	0	0.0452565	0	0	0	0.0452565	0	0	0	0	0	1	0	0	0	0	0	0	0	0	29	0	0	0	29	0	0	0	0	0	1	0	0	0	0	0	0	0	0	6.54592	0	0	0	6.54592	0	0	0	0	0	1	0	0	0	0	0	0	0	0	49	0	0	0	49	0	0	0	0	0	1	0	0	0	0	0	0	0	0	0	0	0	0	0	0	0	0	0	0	0	0	0	0	0	0	0	0	0	0	0	0	0	0	0	0	0	0	0	0	0	0	0
17	0	0	0	0	0	0	95	0	0	0	95	0	0	0	0	0	0.0434452	0	0	0	0.0434452	0	0	0	0	0	1	0	0	0	0	0	0	0	0	35	0	0	0	35	0	0	0	0	0	1	0	0	0	0	0	0	0	0	7.54676	0	0	0	7.54676	0	0	0	0	0	1	0	0	0	0	0	0	0	0	60	0	0	0	60	0	0	0	0	0	1	0	0	0	0	0	0	0	0	0	0	0	0	0	0	0	0	0	0	0	0	0	0	0	0	0	0	0	0	0	0	0	0	0	0	0	0	0	0	0	0	0
18	0	0	0	0	0	0	102	0	0	0	102	0	0	0	0	0	0.0616587	0	0	0	0.0616587	0	0	0	0	0	1	0	0	0	0	0	0	0	0	47	0	0	0	47	0	0	0	0	0	1	0	0	0	0	0	0	0	0	8.55887	0	0	0	8.55887	0	0	0	0	0	1	0	0	0	0	0	0	0	0	70	0	0	0	70	0	0	0	0	0	1	0	0	0	0	0	0	0	0	0	0	0	0	0	0	0	0	0	0	0	0	0	0	0	0	0	0	0	0	0	0	0	0	0	0	0	0	0	0	0	0	0
19	0	0	0	0	0	0	124	0	0	0	124	0	0	0	0	0	0.0659917	0	0	0	0.0659917	0	0	0	0	0	1	0	0	0	0	0	0	0	0	42	0	0	0	42	0	0	0	0	0	1	0	0	0	0	0	0	0	0	9.78385	0	0	0	9.78385	0	0	0	0	0	1	0	0	0	0	0	0	0	0	85	0	0	0	85	0	0	0	0	0	1	0	0	0	0	0	0	0	0	0	0	0	0	0	0	0	0	0	0	0	0	0	0	0	0	0	0	0	0	0	0	0	0	0	0	0	0	0	0	0	0	0
20	0	0	0	0	0	0	149	0	0	0	149	0	0	0	0	0	0.0596245	0	0	0	0.0596245	0	0	0	0	0	1	0	0	0	0	0	0	0	0	43	0	0	0	43	0	0	0	0	0	1	0	0	0	0	0	0	0	0	12.1454	0	0	0	12.1454	0	0	0	0	0	1	0	0	0	0	0	0	0	0	104	0	0	0	104	0	0	0	0	0	1	0	0	0	0	0	0	0	0	0	0	0	0	0	0	0	0	0	0	0	0	0	0	0	0	0	0	0	0	0	0	0	0	0	0	0	0	0	0	0	0	0
21	0	0	0	0	0	0	170	0	0	0	170	0	0	0	0	0	0.0656495	0	0	0	0.0656495	0	0	0	0	0	1	0	0	0	0	0	0	0	0	53	0	0	0	53	0	0	0	0	0	1	0	0	0	0	0	0	0	0	14.1326	0	0	0	14.1326	0	0	0	0	0	1	0	0	0	0	0	0	0	0	115	0	0	0	115	0	0	0	0	0	1	0	0	0	0	0	0	0	0	0	0	0	0	0	0	0	0	0	0	0	0	0	0	0	0	0	0	0	0	0	0	0	0	0	0	0	0	0	0	0	0	0
22	0	0	0	0	0	0	206	0	0	0	206	0	0	0	0	0	0.0860446	0	0	0	0.0860446	0	0	0	0	0	1	0	0	0	0	0	0	0	0	62	0	0	0	62	0	0	0	0	0	1	0	0	0	0	0	0	0	0	16.9543	0	0	0	16.9543	0	0	0	0	0	1	0	0	0	0	0	0	0	0	128	0	0	0	128	0	0	0	0	0	1	0	0	0	0	0	0	0	0	0	0	0	0	0	0	0	0	0	0	0	0	0	0	0	0	0	0	0	0	0	0	0	0	0	0	0	0	0	0	0	0	0
23	0	0	0	0	0	0	241	0	0	0	241	0	0	0	0	0	0.110096	0	0	0	0.110096	0	0	0	0	0	1	0	0	0	0	0	0	0	0	77	0	0	0	77	0	0	0	0	0	1	0	0	0	0	0	0	0	0	20.2707	0	0	0	20.2707	0	0	0	0	0	1	0	0	0	0	0	0	0	0	147	0	0	0	147	0	0	0	0	0	1	0	0	0	0	0	0	0	0	0	0	0	0	0	0	0	0	0	0	0	0	0	0	0	0	0	0	0	0	0	0	0	0	0	0	0	0	0	0	0	0	0
24	0	0	0	0	0	0	277	0	0	0	277	0	0	0	0	0	0.161915	0	0	0	0.161915	0	0	0	0	0	1	0	0	0	0	0	0	0	0	101	0	0	0	101	0	0	0	0	0	1	0	0	0	0	0	0	0	0	23.5589	0	0	0	23.5589	0	0	0	0	0	1	0	0	0	0	0	0	0	0	164	0	0	0	164	0	0	0	0	0	1	0	0	0	0	0	0	0	0	0	0	0	0	0	0	0	0	0	0	0	0	0	0	0	0	0	0	0	0	0	0	0	0	0	0	0	0	0	0	0	0	0
25	0	0	0	0	0	0	309	0	0	0	309	0	0	0	0	0	0.144093	0	0	0	0.144093	0	0	0	0	0	1	0	0	0	0	0	0	0	0	108	0	0	0	108	0	0	0	0	0	1	0	0	0	0	0	0	0	0	26.1811	0	0	0	26.1811	0	0	0	0	0	1	0	0	0	0	0	0	0	0	191	0	0	0	191	0	0	0	0	0	1	0	0	0	0	0	0	0	0	0	0	0	0	0	0	0	0	0	0	0	0	0	0	0	0	0	0	0	0	0	0	0	0	0	0	0	0	0	0	0	0	0
26	0	0	0	0	0	0	327	0	0	0	327	0	0	0	0	0	0.224414	0	0	0	0.224414	0	0	0	0	0	1	0	0	0	0	0	0	0	0	133	0	0	0	133	0	0	0	0	0	1	0	0	0	0	0	0	0	0	28.9255	0	0	0	28.9255	0	0	0	0	0	1	0	0	0	0	0	0	0	0	202	0	0	0	202	0	0	0	0	0	1	0	0	0	0	0	0	0	0	0	0	0	0	0	0	0	0	0	0	0	0	0	0	0	0	0	0	0	0	0	0	0	0	0	0	0	0	0	0	0	0	0
27	0	0	0	0	0	0	340	0	0	0	340	0	0	0	0	0	0.200029	0	0	0	0.200029	0	0	0	0	0	1	0	0	0	0	0	0	0	0	147	0	0	0	147	0	0	0	0	0	1	0	0	0	0	0	0	0	0	33.4924	0	0	0	33.4924	0	0	0	0	0	1	0	0	0	0	0	0	0	0	234	0	0	0	234	0	0	0	0	0	1	0	0	0	0	0	0	0	0	0	0	0	0	0	0	0	0	0	0	0	0	0	0	0	0	0	0	0	0	0	0	0	0	0	0	0	0	0	0	0	0	0
28	0	0	0	0	0	0	361	0	0	0	361	0	0	0	0	0	0.252861	0	0	0	0.252861	0	0	0	0	0	1	0	0	0	0	0	0	0	0	161	0	0	0	161	0	0	0	0	0	1	0	0	0	0	0	0	0	0	36.0832	0	0	0	36.0832	0	0	0	0	0	1	0	0	0	0	0	0	0	0	250	0	0	0	250	0	0	0	0	0	1	0	0	0	0	0	0	0	0	0	0	0	0	0	0	0	0	0	0	0	0	0	0	0	0	0	0	0	0	0	0	0	0	0	0	0	0	0	0	0	0	0
29	0	0	0	0	0	0	408	0	0	0	408	0	0	0	0	0	0.294034	0	0	0	0.294034	0	0	0	0	0	1	0	0	0	0	0	0	0	0	167	0	0	0	167	0	0	0	0	0	1	0	0	0	0	0	0	0	0	41.1953	0	0	0	41.1953	0	0	0	0	0	1	0	0	0	0	0	0	0	0	271	0	0	0	271	0	0	0	0	0	1	0	0	0	0	0	0	0	0	0	0	0	0	0	0	0	0	0	0	0	0	0	0	0	0	0	0	0	0	0	0	0	0	0	0	0	0	0	0	0	0	0
30	0	0	0	0	0	0	432	0	0	0	432	0	0	0	0	0	0.294806	0	0	0	0.294806	0	0	0	0	0	1	0	0	0	0	0	0	0	0	165	0	0	0	165	0	0	0	0	0	1	0	0	0	0	0	0	0	0	44.8849	0	0	0	44.8849	0	0	0	0	0	1	0	0	0	0	0	0	0	0	293	0	0	0	293	0	0	0	0	0	1	0	0	0	0	0	0	0	0	0	0	0	0	0	0	0	0	0	0	0	0	0	0	0	0	0	0	0	0	0	0	0	0	0	0	0	0	0	0	0	0	0
31	0	0	0	0	0	0	474	0	0	0	474	0	0	0	0	0	0.320216	0	0	0	0.320216	0	0	0	0	0	1	0	0	0	0	0	0	0	0	164	0	0	0	164	0	0	0	0	0	1	0	0	0	0	0	0	0	0	49.0996	0	0	0	49.0996	0	0	0	0	0	1	0	0	0	0	0	0	0	0	312	0	0	0	312	0	0	0	0	0	1	0	0	0	0	0	0	0	0	0	0	0	0	0	0	0	0	0	0	0	0	0	0	0	0	0	0	0	0	0	0	0	0	0	0	0	0	0	0	0	0	0
32	0	0	0	0	0	0	515	0	0	0	515	0	0	0	0	0	0.325846	0	0	0	0.325846	0	0	0	0	0	1	0	0	0	0	0	0	0	0	162	0	0	0	162	0	0	0	0	0	1	0	0	0	0	0	0	0	0	54.0445	0	0	0	54.0445	0	0	0	0	0	1	0	0	0	0	0	0	0	0	336	0	0	0	336	0	0	0	0	0	1	0	0	0	0	0	0	0	0	0	0	0	0	0	0	0	0	0	0	0	0	0	0	0	0	0	0	0	0	0	0	0	0	0	0	0	0	0	0	0	0	0
33	0	0	0	0	0	0	536	0	0	0	536	0	0	0	0	0	0.297398	0	0	0	0.297398	0	0	0	0	0	1	0	0	0	0	0	0	0	0	170	0	0	0	170	0	0	0	0	0	1	0	0	0	0	0	0	0	0	57.8407	0	0	0	57.8407	0	0	0	0	0	1	0	0	0	0	0	0	0	0	349	0	0	0	349	0	0	0	0	0	1	0	0	0	0	0	0	0	0	0	0	0	0	0	0	0	0	0	0	0	0	0	0	0	0	0	0	0	0	0	0	0	0	0	0	0	0	0	0	0	0	0
34	0	0	0	0	0	0	545	0	0	0	545	0	0	0	0	0	0.313237	0	0	0	0.313237	0	0	0	0	0	1	0	0	0	0	0	0	0	0	175	0	0	0	175	0	0	0	0	0	1	0	0	0	0	0	0	0	0	61.3478	0	0	0	61.3478	0	0	0	0	0	1	0	0	0	0	0	0	0	0	357	0	0	0	357	0	0	0	0	0	1	0	0	0	0	0	0	0	0	0	0	0	0	0	0	0	0	0	0	0	0	0	0	0	0	0	0	0	0	0	0	0	0	0	0	0	0	0	0	0	0	0
35	0	0	0	0	0	0	544	0	0	0	544	0	0	0	0	0	0.331237	0	0	0	0.331237	0	0	0	0	0	1	0	0	0	0	0	0	0	0	168	0	0	0	168	0	0	0	0	0	1	0	0	0	0	0	0	0	0	63.739	0	0	0	63.739	0	0	0	0	0	1	0	0	0	0	0	0	0	0	377	0	0	0	377	0	0	0	0	0	1	0	0	0	0	0	0	0	0	0	0	0	0	0	0	0	0	0	0	0	0	0	0	0	0	0	0	0	0	0	0	0	0	0	0	0	0	0	0	0	0	0
36	0	0	0	0	0	0	575	0	0	0	575	0	0	0	0	0	0.31773	0	0	0	0.31773	0	0	0	0	0	1	0	0	0	0	0	0	0	0	149	0	0	0	149	0	0	0	0	0	1	0	0	0	0	0	0	0	0	67.4818	0	0	0	67.4818	0	0	0	0	0	1	0	0	0	0	0	0	0	0	394	0	0	0	394	0	0	0	0	0	1	0	0	0	0	0	0	0	0	0	0	0	0	0	0	0	0	0	0	0	0	0	0	0	0	0	0	0	0	0	0	0	0	0	0	0	0	0	0	0	0	0
37	0	0	0	0	0	0	602	0	0	0	602	0	0	0	0	0	0.312552	0	0	0	0.312552	0	0	0	0	0	1	0	0	0	0	0	0	0	0	138	0	0	0	138	0	0	0	0	0	1	0	0	0	0	0	0	0	0	69.8821	0	0	0	69.8821	0	0	0	0	0	1	0	0	0	0	0	0	0	0	402	0	0	0	402	0	0	0	0	0	1	0	0	0	0	0	0	0	0	0	0	0	0	0	0	0	0	0	0	0	0	0	0	0	0	0	0	0	0	0	0	0	0	0	0	0	0	0	0	0	0	0
38	0	0	0	0	0	0	605	0	0	0	605	0	0	0	0	0	0.279672	0	0	0	0.279672	0	0	0	0	0	1	0	0	0	0	0	0	0	0	130	0	0	0	130	0	0	0	0	0	1	0	0	0	0	0	0	0	0	72.1904	0	0	0	72.1904	0	0	0	0	0	1	0	0	0	0	0	0	0	0	413	0	0	0	413	0	0	0	0	0	1	0	0	0	0	0	0	0	0	0	0	0	0	0	0	0	0	0	0	0	0	0	0	0	0	0	0	0	0	0	0	0	0	0	0	0	0	0	0	0	0	0
39	0	0	0	0	0	0	605	0	0	0	605	0	0	0	0	0	0.212705	0	0	0	0.212705	0	0	0	0	0	1	0	0	0	0	0	0	0	0	118	0	0	0	118	0	0	0	0	0	1	0	0	0	0	0	0	0	0	74.6574	0	0	0	74.6574	0	0	0	0	0	1	0	0	0	0	0	0	0	0	418	0	0	0	418	0	0	0	0	0	1	0	0	0	0	0	0	0	0	0	0	0	0	0	0	0	0	0	0	0	0	0	0	0	0	0	0	0	0	0	0	0	0	0	0	0	0	0	0	0	0	0
40	0	0	0	0	0	0	607	0	0	0	607	0	0	0	0	0	0.214519	0	0	0	0.214519	0	0	0	0	0	1	0	0	0	0	0	0	0	0	116	0	0	0	116	0	0	0	0	0	1	0	0	0	0	0	0	0	0	77.2934	0	0	0	77.2934	0	0	0	0	0	1	0	0	0	0	0	0	0	0	419	0	0	0	419	0	0	0	0	0	1	0	0	0	0	0	0	0	0	0	0	0	0	0	0	0	0	0	0	0	0	0	0	0	0	0	0	0	0	0	0	0	0	0	0	0	0	0	0	0	0	0
41	0	0	0	0	0	0	634	0	0	0	634	0	0	0	0	0	0.215887	0	0	0	0.215887	0	0	0	0	0	1	0	0	0	0	0	0	0	0	105	0	0	0	105	0	0	0	0	0	1	0	0	0	0	0	0	0	0	81.4208	0	0	0	81.4208	0	0	0	0	0	1	0	0	0	0	0	0	0	0	422	0	0	0	422	0	0	0	0	0	1	0	0	0	0	0	0	0	0	0	0	0	0	0	0	0	0	0	0	0	0	0	0	0	0	0	0	0	0	0	0	0	0	0	0	0	0	0	0	0	0	0
42	0	0	0	0	0	0	619	0	0	0	619	0	0	0	0	0	0.217947	0	0	0	0.217947	0	0	0	0	0	1	0	0	0	0	0	0	0	0	98	0	0	0	98	0	0	0	0	0	1	0	0	0	0	0	0	0	0	83.5084	0	0	0	83.5084	0	0	0	0	0	1	0	0	0	0	0	0	0	0	414	0	0	0	414	0	0	0	0	0	1	0	0	0	0	0	0	0	0	0	0	0	0	0	0	0	0	0	0	0	0	0	0	0	0	0	0	0	0	0	0	0	0	0	0	0	0	0	0	0	0	0
43	0	0	0	0	0	0	600	0	0	0	600	0	0	0	0	0	0.253578	0	0	0	0.253578	0	0	0	0	0	1	0	0	0	0	0	0	0	0	97	0	0	0	97	0	0	0	0	0	1	0	0	0	0	0	0	0	0	86.3121	0	0	0	86.3121	0	0	0	0	0	1	0	0	0	0	0	0	0	0	408	0	0	0	408	0	0	0	0	0	1	0	0	0	0	0	0	0	0	0	0	0	0	0	0	0	0	0	0	0	0	0	0	0	0	0	0	0	0	0	0	0	0	0	0	0	0	0	0	0	0	0
44	0	0	0	0	0	0	618	0	0	0	618	0	0	0	0	0	0.183928	0	0	0	0.183928	0	0	0	0	0	1	0	0	0	0	0	0	0	0	76	0	0	0	76	0	0	0	0	0	1	0	0	0	0	0	0	0	0	89.7754	0	0	0	89.7754	0	0	0	0	0	1	0	0	0	0	0	0	0	0	409	0	0	0	409	0	0	0	0	0	1	0	0	0	0	0	0	0	0	0	0	0	0	0	0	0	0	0	0	0	0	0	0	0	0	0	0	0	0	0	0	0	0	0	0	0	0	0	0	0	0	0
45	0	0	0	0	0	0	643	0	0	0	643	0	0	0	0	0	0.164267	0	0	0	0.164267	0	0	0	0	0	1	0	0	0	0	0	0	0	0	66	0	0	0	66	0	0	0	0	0	1	0	0	0	0	0	0	0	0	91.5405	0	0	0	91.5405	0	0	0	0	0	1	0	0	0	0	0	0	0	0	404	0	0	0	404	0	0	0	0	0	1	0	0	0	0	0	0	0	0	0	0	0	0	0	0	0	0	0	0	0	0	0	0	0	0	0	0	0	0	0	0	0	0	0	0	0	0	0	0	0	0	0
46	0	0	0	0	0	0	624	0	0	0	624	0	0	0	0	0	0.11464	0	0	0	0.11464	0	0	0	0	0	1	0	0	0	0	0	0	0	0	48	0	0	0	48	0	0	0	0	0	1	0	0	0	0	0	0	0	0	92.914	0	0	0	92.914	0	0	0	0	0	1	0	0	0	0	0	0	0	0	397	0	0	0	397	0	0	0	0	0	1	0	0	0	0	0	0	0	0	0	0	0	0	0	0	0	0	0	0	0	0	0	0	0	0	0	0	0	0	0	0	0	0	0	0	0	0	0	0	0	0	0
47	0	0	0	0	0	0	639	0	0	0	639	0	0	0	0	0	0.112729	0	0	0	0.112729	0	0	0	0	0	1	0	0	0	0	0	0	0	0	42	0	0	0	42	0	0	0	0	0	1	0	0	0	0	0	0	0	0	94.9278	0	0	0	94.9278	0	0	0	0	0	1	0	0	0	0	0	0	0	0	385	0	0	0	385	0	0	0	0	0	1	0	0	0	0	0	0	0	0	0	0	0	0	0	0	0	0	0	0	0	0	0	0	0	0	0	0	0	0	0	0	0	0	0	0	0	0	0	0	0	0	0
48	0	0	0	0	0	0	649	0	0	0	649	0	0	0	0	0	0.107652	0	0	0	0.107652	0	0	0	0	0	1	0	0	0	0	0	0	0	0	29	0	0	0	29	0	0	0	0	0	1	0	0	0	0	0	0	0	0	98.393	0	0	0	98.393	0	0	0	0	0	1	0	0	0	0	0	0	0	0	372	0	0	0	372	0	0	0	0	0	1	0	0	0	0	0	0	0	0	0	0	0	0	0	0	0	0	0	0	0	0	0	0	0	0	0	0	0	0	0	0	0	0	0	0	0	0	0	0	0	0	0
49	0	0	0	0	0	0	671	0	0	0	671	0	0	0	0	0	0.0575261	0	0	0	0.0575261	0	0	0	0	0	1	0	0	0	0	0	0	0	0	20	0	0	0	20	0	0	0	0	0	1	0	0	0	0	0	0	0	0	101.08	0	0	0	101.08	0	0	0	0	0	1	0	0	0	0	0	0	0	0	365	0	0	0	365	0	0	0	0	0	1	0	0	0	0	0	0	0	0	0	0	0	0	0	0	0	0	0	0	0	0	0	0	0	0	0	0	0	0	0	0	0	0	0	0	0	0	0	0	0	0	0
50	0	0	0	0	0	0	681	0	0	0	681	0	0	0	0	0	0.0379742	0	0	0	0.0379742	0	0	0	0	0	1	0	0	0	0	0	0	0	0	13	0	0	0	13	0	0	0	0	0	1	0	0	0	0	0	0	0	0	102.753	0	0	0	102.753	0	0	0	0	0	1	0	0	0	0	0	0	0	0	348	0	0	0	348	0	0	0	0	0	1	0	0	0	0	0	0	0	0	0	0	0	0	0	0	0	0	0	0	0	0	0	0	0	0	0	0	0	0	0	0	0	0	0	0	0	0	0	0	0	0	0
51	0	0	0	0	0	0	686	0	0	0	686	0	0	0	0	0	0.043938	0	0	0	0.043938	0	0	0	0	0	1	0	0	0	0	0	0	0	0	12	0	0	0	12	0	0	0	0	0	1	0	0	0	0	0	0	0	0	103.62	0	0	0	103.62	0	0	0	0	0	1	0	0	0	0	0	0	0	0	335	0	0	0	335	0	0	0	0	0	1	0	0	0	0	0	0	0	0	0	0	0	0	0	0	0	0	0	0	0	0	0	0	0	0	0	0	0	0	0	0	0	0	0	0	0	0	0	0	0	0	0
52	0	0	0	0	0	0	697	0	0	0	697	0	0	0	0	0	0.0288374	0	0	0	0.0288374	0	0	0	0	0	1	0	0	0	0	0	0	0	0	8	0	0	0	8	0	0	0	0	0	1	0	0	0	0	0	0	0	0	104.083	0	0	0	104.083	0	0	0	0	0	1	0	0	0	0	0	0	0	0	321	0	0	0	321	0	0	0	0	0	1	0	0	0	0	0	0	0	0	0	0	0	0	0	0	0	0	0	0	0	0	0	0	0	0	0	0	0	0	0	0	0	0	0	0	0	0	0	0	0	0	0
53	0	0	0	0	0	0	660	0	0	0	660	0	0	0	0	0	0.0312446	0	0	0	0.0312446	0	0	0	0	0	1	0	0	0	0	0	0	0	0	8	0	0	0	8	0	0	0	0	0	1	0	0	0	0	0	0	0	0	100.931	0	0	0	100.931	0	0	0	0	0	1	0	0	0	0	0	0	0	0	299	0	0	0	299	0	0	0	0	0	1	0	0	0	0	0	0	0	0	0	0	0	0	0	0	0	0	0	0	0	0	0	0	0	0	0	0	0	0	0	0	0	0	0	0	0	0	0	0	0	0	0
54	0	0	0	0	0	0	619	0	0	0	619	0	0	0	0	0	0.0153431	0	0	0	0.0153431	0	0	0	0	0	1	0	0	0	0	0	0	0	0	4	0	0	0	4	0	0	0	0	0	1	0	0	0	0	0	0	0	0	96.5632	0	0	0	96.5632	0	0	0	0	0	1	0	0	0	0	0	0	0	0	285	0	0	0	285	0	0	0	0	0	1	0	0	0	0	0	0	0	0	0	0	0	0	0	0	0	0	0	0	0	0	0	0	0	0	0	0	0	0	0	0	0	0	0	0	0	0	0	0	0	0	0
55	0	0	0	0	0	0	608	0	0	0	608	0	0	0	0	0	0.00222988	0	0	0	0.00222988	0	0	0	0	0	1	0	0	0	0	0	0	0	0	2	0	0	0	2	0	0	0	0	0	1	0	0	0	0	0	0	0	0	95.4297	0	0	0	95.4297	0	0	0	0	0	1	0	0	0	0	0	0	0	0	270	0	0	0	270	0	0	0	0	0	1	0	0	0	0	0	0	0	0	0	0	0	0	0	0	0	0	0	0	0	0	0	0	0	0	0	0	0	0	0	0	0	0	0	0	0	0	0	0	0	0	0
56	0	0	0	0	0	0	641	0	0	0	641	0	0	0	0	0	0.00312693	0	0	0	0.00312693	0	0	0	0	0	1	0	0	0	0	0	0	0	0	3	0	0	0	3	0	0	0	0	0	1	0	0	0	0	0	0	0	0	96.5079	0	0	0	96.5079	0	0	0	0	0	1	0	0	0	0	0	0	0	0	261	0	0	0	261	0	0	0	0	0	1	0	0	0	0	0	0	0	0	0	0	0	0	0	0	0	0	0	0	0	0	0	0	0	0	0	0	0	0	0	0	0	0	0	0	0	0	0	0	0	0	0
57	0	0	0	0	0	0	631	0	0	0	631	0	0	0	0	0	0.00456599	0	0	0	0.00456599	0	0	0	0	0	1	0	0	0	0	0	0	0	0	2	0	0	0	2	0	0	0	0	0	1	0	0	0	0	0	0	0	0	96.3611	0	0	0	96.3611	0	0	0	0	0	1	0	0	0	0	0	0	0	0	249	0	0	0	249	0	0	0	0	0	1	0	0	0	0	0	0	0	0	0	0	0	0	0	0	0	0	0	0	0	0	0	0	0	0	0	0	0	0	0	0	0	0	0	0	0	0	0	0	0	0	0
58	0	0	0	0	0	0	655	0	0	0	655	0	0	0	0	0	0.00186943	0	0	0	0.00186943	0	0	0	0	0	1	0	0	0	0	0	0	0	0	1	0	0	0	1	0	0	0	0	0	1	0	0	0	0	0	0	0	0	98.6026	0	0	0	98.6026	0	0	0	0	0	1	0	0	0	0	0	0	0	0	242	0	0	0	242	0	0	0	0	0	1	0	0	0	0	0	0	0	0	0	0	0	0	0	0	0	0	0	0	0	0	0	0	0	0	0	0	0	0	0	0	0	0	0	0	0	0	0	0	0	0	0
59	0	0	0	0	0	0	646	0	0	0	646	0	0	0	0	0	0.00267717	0	0	0	0.00267717	0	0	0	0	0	1	0	0	0	0	0	0	0	0	1	0	0	0	1	0	0	0	0	0	1	0	0	0	0	0	0	0	0	99.6318	0	0	0	99.6318	0	0	0	0	0	1	0	0	0	0	0	0	0	0	230	0	0	0	230	0	0	0	0	0	1	0	0	0	0	0	0	0	0	0	0	0	0	0	0	0	0	0	0	0	0	0	0	0	0	0	0	0	0	0	0	0	0	0	0	0	0	0	0	0	0	0
60	0	0	0	0	0	0	640	0	0	0	640	0	0	0	0	0	0	0	0	0	0	0	0	0	0	0	0	0	0	0	0	0	0	0	0	0	0	0	0	0	0	0	0	0	0	0	0	0	0	0	0	0	0	0	98.183	0	0	0	98.183	0	0	0	0	0	1	0	0	0	0	0	0	0	0	217	0	0	0	217	0	0	0	0	0	1	0	0	0	0	0	0	0	0	0	0	0	0	0	0	0	0	0	0	0	0	0	0	0	0	0	0	0	0	0	0	0	0	0	0	0	0	0	0	0	0	0
61	0	0	0	0	0	0	644	0	0	0	644	0	0	0	0	0	0	0	0	0	0	0	0	0	0	0	0	0	0	0	0	0	0	0	0	0	0	0	0	0	0	0	0	0	0	0	0	0	0	0	0	0	0	0	98.563	0	0	0	98.563	0	0	0	0	0	1	0	0	0	0	0	0	0	0	206	0	0	0	206	0	0	0	0	0	1	0	0	0	0	0	0	0	0	0	0	0	0	0	0	0	0	0	0	0	0	0	0	0	0	0	0	0	0	0	0	0	0	0	0	0	0	0	0	0	0	0
62	0	0	0	0	0	0	641	0	0	0	641	0	0	0	0	0	0	0	0	0	0	0	0	0	0	0	0	0	0	0	0	0	0	0	0	0	0	0	0	0	0	0	0	0	0	0	0	0	0	0	0	0	0	0	97.9659	0	0	0	97.9659	0	0	0	0	0	1	0	0	0	0	0	0	0	0	197	0	0	0	197	0	0	0	0	0	1	0	0	0	0	0	0	0	0	0	0	0	0	0	0	0	0	0	0	0	0	0	0	0	0	0	0	0	0	0	0	0	0	0	0	0	0	0	0	0	0	0
63	0	0	0	0	0	0	640	0	0	0	640	0	0	0	0	0	0	0	0	0	0	0	0	0	0	0	0	0	0	0	0	0	0	0	0	0	0	0	0	0	0	0	0	0	0	0	0	0	0	0	0	0	0	0	96.8525	0	0	0	96.8525	0	0	0	0	0	1	0	0	0	0	0	0	0	0	187	0	0	0	187	0	0	0	0	0	1	0	0	0	0	0	0	0	0	0	0	0	0	0	0	0	0	0	0	0	0	0	0	0	0	0	0	0	0	0	0	0	0	0	0	0	0	0	0	0	0	0
64	0	0	0	0	0	0	638	0	0	0	638	0	0	0	0	0	0	0	0	0	0	0	0	0	0	0	0	0	0	0	0	0	0	0	0	0	0	0	0	0	0	0	0	0	0	0	0	0	0	0	0	0	0	0	95.514	0	0	0	95.514	0	0	0	0	0	1	0	0	0	0	0	0	0	0	173	0	0	0	173	0	0	0	0	0	1	0	0	0	0	0	0	0	0	0	0	0	0	0	0	0	0	0	0	0	0	0	0	0	0	0	0	0	0	0	0	0	0	0	0	0	0	0	0	0	0	0
65	0	0	0	0	0	0	603	0	0	0	603	0	0	0	0	0	0	0	0	0	0	0	0	0	0	0	0	0	0	0	0	0	0	0	0	0	0	0	0	0	0	0	0	0	0	0	0	0	0	0	0	0	0	0	90.9277	0	0	0	90.9277	0	0	0	0	0	1	0	0	0	0	0	0	0	0	163	0	0	0	163	0	0	0	0	0	1	0	0	0	0	0	0	0	0	0	0	0	0	0	0	0	0	0	0	0	0	0	0	0	0	0	0	0	0	0	0	0	0	0	0	0	0	0	0	0	0	0
66	0	0	0	0	0	0	611	0	0	0	611	0	0	0	0	0	0	0	0	0	0	0	0	0	0	0	0	0	0	0	0	0	0	0	0	0	0	0	0	0	0	0	0	0	0	0	0	0	0	0	0	0	0	0	90.8255	0	0	0	90.8255	0	0	0	0	0	1	0	0	0	0	0	0	0	0	157	0	0	0	157	0	0	0	0	0	1	0	0	0	0	0	0	0	0	0	0	0	0	0	0	0	0	0	0	0	0	0	0	0	0	0	0	0	0	0	0	0	0	0	0	0	0	0	0	0	0	0
67	0	0	0	0	0	0	605	0	0	0	605	0	0	0	0	0	0	0	0	0	0	0	0	0	0	0	0	0	0	0	0	0	0	0	0	0	0	0	0	0	0	0	0	0	0	0	0	0	0	0	0	0	0	0	91.5476	0	0	0	91.5476	0	0	0	0	0	1	0	0	0	0	0	0	0	0	150	0	0	0	150	0	0	0	0	0	1	0	0	0	0	0	0	0	0	0	0	0	0	0	0	0	0	0	0	0	0	0	0	0	0	0	0	0	0	0	0	0	0	0	0	0	0	0	0	0	0	0
68	0	0	0	0	0	0	634	0	0	0	634	0	0	0	0	0	9.41339e-005	0	0	0	9.41339e-005	0	0	0	0	0	1	0	0	0	0	0	0	0	0	1	0	0	0	1	0	0	0	0	0	1	0	0	0	0	0	0	0	0	92.8477	0	0	0	92.8477	0	0	0	0	0	1	0	0	0	0	0	0	0	0	147	0	0	0	147	0	0	0	0	0	1	0	0	0	0	0	0	0	0	0	0	0	0	0	0	0	0	0	0	0	0	0	0	0	0	0	0	0	0	0	0	0	0	0	0	0	0	0	0	0	0	0
69	0	0	0	0	0	0	606	0	0	0	606	0	0	0	0	0	0.000248539	0	0	0	0.000248539	0	0	0	0	0	1	0	0	0	0	0	0	0	0	1	0	0	0	1	0	0	0	0	0	1	0	0	0	0	0	0	0	0	90.3413	0	0	0	90.3413	0	0	0	0	0	1	0	0	0	0	0	0	0	0	137	0	0	0	137	0	0	0	0	0	1	0	0	0	0	0	0	0	0	0	0	0	0	0	0	0	0	0	0	0	0	0	0	0	0	0	0	0	0	0	0	0	0	0	0	0	0	0	0	0	0	0
70	0	0	0	0	0	0	597	0	0	0	597	0	0	0	0	0	0.00101696	0	0	0	0.00101696	0	0	0	0	0	1	0	0	0	0	0	0	0	0	3	0	0	0	3	0	0	0	0	0	1	0	0	0	0	0	0	0	0	87.6617	0	0	0	87.6617	0	0	0	0	0	1	0	0	0	0	0	0	0	0	130	0	0	0	130	0	0	0	0	0	1	0	0	0	0	0	0	0	0	0	0	0	0	0	0	0	0	0	0	0	0	0	0	0	0	0	0	0	0	0	0	0	0	0	0	0	0	0	0	0	0	0
71	0	0	0	0	0	0	600	0	0	0	600	0	0	0	0	0	0.00354673	0	0	0	0.00354673	0	0	0	0	0	1	0	0	0	0	0	0	0	0	4	0	0	0	4	0	0	0	0	0	1	0	0	0	0	0	0	0	0	85.5208	0	0	0	85.5208	0	0	0	0	0	1	0	0	0	0	0	0	0	0	124	0	0	0	124	0	0	0	0	0	1	0	0	0	0	0	0	0	0	0	0	0	0	0	0	0	0	0	0	0	0	0	0	0	0	0	0	0	0	0	0	0	0	0	0	0	0	0	0	0	0	0
72	0	0	0	0	0	0	601	0	0	0	601	0	0	0	0	0	0.00730447	0	0	0	0.00730447	0	0	0	0	0	1	0	0	0	0	0	0	0	0	6	0	0	0	6	0	0	0	0	0	1	0	0	0	0	0	0	0	0	84.0635	0	0	0	84.0635	0	0	0	0	0	1	0	0	0	0	0	0	0	0	117	0	0	0	117	0	0	0	0	0	1	0	0	0	0	0	0	0	0	0	0	0	0	0	0	0	0	0	0	0	0	0	0	0	0	0	0	0	0	0	0	0	0	0	0	0	0	0	0	0	0	0
73	0	0	0	0	0	0	579	0	0	0	579	0	0	0	0	0	0.00774662	0	0	0	0.00774662	0	0	0	0	0	1	0	0	0	0	0	0	0	0	7	0	0	0	7	0	0	0	0	0	1	0	0	0	0	0	0	0	0	82.061	0	0	0	82.061	0	0	0	0	0	1	0	0	0	0	0	0	0	0	110	0	0	0	110	0	0	0	0	0	1	0	0	0	0	0	0	0	0	0	0	0	0	0	0	0	0	0	0	0	0	0	0	0	0	0	0	0	0	0	0	0	0	0	0	0	0	0	0	0	0	0
74	0	0	0	0	0	0	568	0	0	0	568	0	0	0	0	0	0.0127839	0	0	0	0.0127839	0	0	0	0	0	1	0	0	0	0	0	0	0	0	10	0	0	0	10	0	0	0	0	0	1	0	0	0	0	0	0	0	0	78.3265	0	0	0	78.3265	0	0	0	0	0	1	0	0	0	0	0	0	0	0	104	0	0	0	104	0	0	0	0	0	1	0	0	0	0	0	0	0	0	0	0	0	0	0	0	0	0	0	0	0	0	0	0	0	0	0	0	0	0	0	0	0	0	0	0	0	0	0	0	0	0	0
75	0	0	0	0	0	0	579	0	0	0	579	0	0	0	0	0	0.012855	0	0	0	0.012855	0	0	0	0	0	1	0	0	0	0	0	0	0	0	12	0	0	0	12	0	0	0	0	0	1	0	0	0	0	0	0	0	0	78.3756	0	0	0	78.3756	0	0	0	0	0	1	0	0	0	0	0	0	0	0	102	0	0	0	102	0	0	0	0	0	1	0	0	0	0	0	0	0	0	0	0	0	0	0	0	0	0	0	0	0	0	0	0	0	0	0	0	0	0	0	0	0	0	0	0	0	0	0	0	0	0	0
76	0	0	0	0	0	0	584	0	0	0	584	0	0	0	0	0	0.0187124	0	0	0	0.0187124	0	0	0	0	0	1	0	0	0	0	0	0	0	0	17	0	0	0	17	0	0	0	0	0	1	0	0	0	0	0	0	0	0	76.4453	0	0	0	76.4453	0	0	0	0	0	1	0	0	0	0	0	0	0	0	97	0	0	0	97	0	0	0	0	0	1	0	0	0	0	0	0	0	0	0	0	0	0	0	0	0	0	0	0	0	0	0	0	0	0	0	0	0	0	0	0	0	0	0	0	0	0	0	0	0	0	0
77	0	0	0	0	0	0	569	0	0	0	569	0	0	0	0	0	0.0260812	0	0	0	0.0260812	0	0	0	0	0	1	0	0	0	0	0	0	0	0	24	0	0	0	24	0	0	0	0	0	1	0	0	0	0	0	0	0	0	76.3538	0	0	0	76.3538	0	0	0	0	0	1	0	0	0	0	0	0	0	0	96	0	0	0	96	0	0	0	0	0	1	0	0	0	0	0	0	0	0	0	0	0	0	0	0	0	0	0	0	0	0	0	0	0	0	0	0	0	0	0	0	0	0	0	0	0	0	0	0	0	0	0
78	0	0	0	0	0	0	579	0	0	0	579	0	0	0	0	0	0.033177	0	0	0	0.033177	0	0	0	0	0	1	0	0	0	0	0	0	0	0	24	0	0	0	24	0	0	0	0	0	1	0	0	0	0	0	0	0	0	74.6189	0	0	0	74.6189	0	0	0	0	0	1	0	0	0	0	0	0	0	0	95	0	0	0	95	0	0	0	0	0	1	0	0	0	0	0	0	0	0	0	0	0	0	0	0	0	0	0	0	0	0	0	0	0	0	0	0	0	0	0	0	0	0	0	0	0	0	0	0	0	0	0
79	0	0	0	0	0	0	594	0	0	0	594	0	0	0	0	0	0.0455516	0	0	0	0.0455516	0	0	0	0	0	1	0	0	0	0	0	0	0	0	25	0	0	0	25	0	0	0	0	0	1	0	0	0	0	0	0	0	0	73.9175	0	0	0	73.9175	0	0	0	0	0	1	0	0	0	0	0	0	0	0	96	0	0	0	96	0	0	0	0	0	1	0	0	0	0	0	0	0	0	0	0	0	0	0	0	0	0	0	0	0	0	0	0	0	0	0	0	0	0	0	0	0	0	0	0	0	0	0	0	0	0	0
80	0	0	0	0	0	0	624	0	0	0	624	0	0	0	0	0	0.0302533	0	0	0	0.0302533	0	0	0	0	0	1	0	0	0	0	0	0	0	0	30	0	0	0	30	0	0	0	0	0	1	0	0	0	0	0	0	0	0	75.6881	0	0	0	75.6881	0	0	0	0	0	1	0	0	0	0	0	0	0	0	103	0	0	0	103	0	0	0	0	0	1	0	0	0	0	0	0	0	0	0	0	0	0	0	0	0	0	0	0	0	0	0	0	0	0	0	0	0	0	0	0	0	0	0	0	0	0	0	0	0	0	0
81	0	0	0	0	0	0	593	0	0	0	593	0	0	0	0	0	0.0419189	0	0	0	0.0419189	0	0	0	0	0	1	0	0	0	0	0	0	0	0	34	0	0	0	34	0	0	0	0	0	1	0	0	0	0	0	0	0	0	71.4062	0	0	0	71.4062	0	0	0	0	0	1	0	0	0	0	0	0	0	0	98	0	0	0	98	0	0	0	0	0	1	0	0	0	0	0	0	0	0	0	0	0	0	0	0	0	0	0	0	0	0	0	0	0	0	0	0	0	0	0	0	0	0	0	0	0	0	0	0	0	0	0
82	0	0	0	0	0	0	586	0	0	0	586	0	0	0	0	0	0.0409675	0	0	0	0.0409675	0	0	0	0	0	1	0	0	0	0	0	0	0	0	33	0	0	0	33	0	0	0	0	0	1	0	0	0	0	0	0	0	0	70.9989	0	0	0	70.9989	0	0	0	0	0	1	0	0	0	0	0	0	0	0	98	0	0	0	98	0	0	0	0	0	1	0	0	0	0	0	0	0	0	0	0	0	0	0	0	0	0	0	0	0	0	0	0	0	0	0	0	0	0	0	0	0	0	0	0	0	0	0	0	0	0	0
83	0	0	0	0	0	0	583	0	0	0	583	0	0	0	0	0	0.0563685	0	0	0	0.0563685	0	0	0	0	0	1	0	0	0	0	0	0	0	0	50	0	0	0	50	0	0	0	0	0	1	0	0	0	0	0	0	0	0	66.6326	0	0	0	66.6326	0	0	0	0	0	1	0	0	0	0	0	0	0	0	96	0	0	0	96	0	0	0	0	0	1	0	0	0	0	0	0	0	0	0	0	0	0	0	0	0	0	0	0	0	0	0	0	0	0	0	0	0	0	0	0	0	0	0	0	0	0	0	0	0	0	0
84	0	0	0	0	0	0	576	0	0	0	576	0	0	0	0	0	0.0504765	0	0	0	0.0504765	0	0	0	0	0	1	0	0	0	0	0	0	0	0	57	0	0	0	57	0	0	0	0	0	1	0	0	0	0	0	0	0	0	65.5123	0	0	0	65.5123	0	0	0	0	0	1	0	0	0	0	0	0	0	0	99	0	0	0	99	0	0	0	0	0	1	0	0	0	0	0	0	0	0	0	0	0	0	0	0	0	0	0	0	0	0	0	0	0	0	0	0	0	0	0	0	0	0	0	0	0	0	0	0	0	0	0
85	0	0	0	0	0	0	548	0	0	0	548	0	0	0	0	0	0.0894843	0	0	0	0.0894843	0	0	0	0	0	1	0	0	0	0	0	0	0	0	67	0	0	0	67	0	0	0	0	0	1	0	0	0	0	0	0	0	0	62.309	0	0	0	62.309	0	0	0	0	0	1	0	0	0	0	0	0	0	0	97	0	0	0	97	0	0	0	0	0	1	0	0	0	0	0	0	0	0	0	0	0	0	0	0	0	0	0	0	0	0	0	0	0	0	0	0	0	0	0	0	0	0	0	0	0	0	0	0	0	0	0
86	0	0	0	0	0	0	564	0	0	0	564	0	0	0	0	0	0.110509	0	0	0	0.110509	0	0	0	0	0	1	0	0	0	0	0	0	0	0	74	0	0	0	74	0	0	0	0	0	1	0	0	0	0	0	0	0	0	61.8641	0	0	0	61.8641	0	0	0	0	0	1	0	0	0	0	0	0	0	0	106	0	0	0	106	0	0	0	0	0	1	0	0	0	0	0	0	0	0	0	0	0	0	0	0	0	0	0	0	0	0	0	0	0	0	0	0	0	0	0	0	0	0	0	0	0	0	0	0	0	0	0
87	0	0	0	0	0	0	598	0	0	0	598	0	0	0	0	0	0.0950501	0	0	0	0.0950501	0	0	0	0	0	1	0	0	0	0	0	0	0	0	92	0	0	0	92	0	0	0	0	0	1	0	0	0	0	0	0	0	0	62.9208	0	0	0	62.9208	0	0	0	0	0	1	0	0	0	0	0	0	0	0	122	0	0	0	122	0	0	0	0	0	1	0	0	0	0	0	0	0	0	0	0	0	0	0	0	0	0	0	0	0	0	0	0	0	0	0	0	0	0	0	0	0	0	0	0	0	0	0	0	0	0	0
88	0	0	0	0	0	0	580	0	0	0	580	0	0	0	0	0	0.145216	0	0	0	0.145216	0	0	0	0	0	1	0	0	0	0	0	0	0	0	109	0	0	0	109	0	0	0	0	0	1	0	0	0	0	0	0	0	0	61.6963	0	0	0	61.6963	0	0	0	0	0	1	0	0	0	0	0	0	0	0	128	0	0	0	128	0	0	0	0	0	1	0	0	0	0	0	0	0	0	0	0	0	0	0	0	0	0	0	0	0	0	0	0	0	0	0	0	0	0	0	0	0	0	0	0	0	0	0	0	0	0	0
89	0	0	0	0	0	0	562	0	0	0	562	0	0	0	0	0	0.182289	0	0	0	0.182289	0	0	0	0	0	1	0	0	0	0	0	0	0	0	133	0	0	0	133	0	0	0	0	0	1	0	0	0	0	0	0	0	0	59.4232	0	0	0	59.4232	0	0	0	0	0	1	0	0	0	0	0	0	0	0	142	0	0	0	142	0	0	0	0	0	1	0	0	0	0	0	0	0	0	0	0	0	0	0	0	0	0	0	0	0	0	0	0	0	0	0	0	0	0	0	0	0	0	0	0	0	0	0	0	0	0	0
90	0	0	0	0	0	0	561	0	0	0	561	0	0	0	0	0	0.221717	0	0	0	0.221717	0	0	0	0	0	1	0	0	0	0	0	0	0	0	134	0	0	0	134	0	0	0	0	0	1	0	0	0	0	0	0	0	0	59.2106	0	0	0	59.2106	0	0	0	0	0	1	0	0	0	0	0	0	0	0	158	0	0	0	158	0	0	0	0	0	1	0	0	0	0	0	0	0	0	0	0	0	0	0	0	0	0	0	0	0	0	0	0	0	0	0	0	0	0	0	0	0	0	0	0	0	0	0	0	0	0	0
91	0	0	0	0	0	0	561	0	0	0	561	0	0	0	0	0	0.20392	0	0	0	0.20392	0	0	0	0	0	1	0	0	0	0	0	0	0	0	122	0	0	0	122	0	0	0	0	0	1	0	0	0	0	0	0	0	0	59.1389	0	0	0	59.1389	0	0	0	0	0	1	0	0	0	0	0	0	0	0	186	0	0	0	186	0	0	0	0	0	1	0	0	0	0	0	0	0	0	0	0	0	0	0	0	0	0	0	0	0	0	0	0	0	0	0	0	0	0	0	0	0	0	0	0	0	0	0	0	0	0	0
92	0	0	0	0	0	0	577	0	0	0	577	0	0	0	0	0	0.239235	0	0	0	0.239235	0	0	0	0	0	1	0	0	0	0	0	0	0	0	131	0	0	0	131	0	0	0	0	0	1	0	0	0	0	0	0	0	0	62.5693	0	0	0	62.5693	0	0	0	0	0	1	0	0	0	0	0	0	0	0	203	0	0	0	203	0	0	0	0	0	1	0	0	0	0	0	0	0	0	0	0	0	0	0	0	0	0	0	0	0	0	0	0	0	0	0	0	0	0	0	0	0	0	0	0	0	0	0	0	0	0	0
93	0	0	0	0	0	0	583	0	0	0	583	0	0	0	0	0	0.19357	0	0	0	0.19357	0	0	0	0	0	1	0	0	0	0	0	0	0	0	130	0	0	0	130	0	0	0	0	0	1	0	0	0	0	0	0	0	0	64.4562	0	0	0	64.4562	0	0	0	0	0	1	0	0	0	0	0	0	0	0	225	0	0	0	225	0	0	0	0	0	1	0	0	0	0	0	0	0	0	0	0	0	0	0	0	0	0	0	0	0	0	0	0	0	0	0	0	0	0	0	0	0	0	0	0	0	0	0	0	0	0	0
94	0	0	0	0	0	0	571	0	0	0	571	0	0	0	0	0	0.217444	0	0	0	0.217444	0	0	0	0	0	1	0	0	0	0	0	0	0	0	127	0	0	0	127	0	0	0	0	0	1	0	0	0	0	0	0	0	0	64.1896	0	0	0	64.1896	0	0	0	0	0	1	0	0	0	0	0	0	0	0	236	0	0	0	236	0	0	0	0	0	1	0	0	0	0	0	0	0	0	0	0	0	0	0	0	0	0	0	0	0	0	0	0	0	0	0	0	0	0	0	0	0	0	0	0	0	0	0	0	0	0	0
95	0	0	0	0	0	0	580	0	0	0	580	0	0	0	0	0	0.252526	0	0	0	0.252526	0	0	0	0	0	1	0	0	0	0	0	0	0	0	126	0	0	0	126	0	0	0	0	0	1	0	0	0	0	0	0	0	0	65.6437	0	0	0	65.6437	0	0	0	0	0	1	0	0	0	0	0	0	0	0	247	0	0	0	247	0	0	0	0	0	1	0	0	0	0	0	0	0	0	0	0	0	0	0	0	0	0	0	0	0	0	0	0	0	0	0	0	0	0	0	0	0	0	0	0	0	0	0	0	0	0	0
96	0	0	0	0	0	0	589	0	0	0	589	0	0	0	0	0	0.223771	0	0	0	0.223771	0	0	0	0	0	1	0	0	0	0	0	0	0	0	116	0	0	0	116	0	0	0	0	0	1	0	0	0	0	0	0	0	0	68.4729	0	0	0	68.4729	0	0	0	0	0	1	0	0	0	0	0	0	0	0	260	0	0	0	260	0	0	0	0	0	1	0	0	0	0	0	0	0	0	0	0	0	0	0	0	0	0	0	0	0	0	0	0	0	0	0	0	0	0	0	0	0	0	0	0	0	0	0	0	0	0	0
97	0	0	0	0	0	0	593	0	0	0	593	0	0	0	0	0	0.194679	0	0	0	0.194679	0	0	0	0	0	1	0	0	0	0	0	0	0	0	109	0	0	0	109	0	0	0	0	0	1	0	0	0	0	0	0	0	0	70.0608	0	0	0	70.0608	0	0	0	0	0	1	0	0	0	0	0	0	0	0	270	0	0	0	270	0	0	0	0	0	1	0	0	0	0	0	0	0	0	0	0	0	0	0	0	0	0	0	0	0	0	0	0	0	0	0	0	0	0	0	0	0	0	0	0	0	0	0	0	0	0	0
98	0	0	0	0	0	0	577	0	0	0	577	0	0	0	0	0	0.187396	0	0	0	0.187396	0	0	0	0	0	1	0	0	0	0	0	0	0	0	98	0	0	0	98	0	0	0	0	0	1	0	0	0	0	0	0	0	0	71.1119	0	0	0	71.1119	0	0	0	0	0	1	0	0	0	0	0	0	0	0	284	0	0	0	284	0	0	0	0	0	1	0	0	0	0	0	0	0	0	0	0	0	0	0	0	0	0	0	0	0	0	0	0	0	0	0	0	0	0	0	0	0	0	0	0	0	0	0	0	0	0	0
99	0	0	0	0	0	0	596	0	0	0	596	0	0	0	0	0	0.184014	0	0	0	0.184014	0	0	0	0	0	1	0	0	0	0	0	0	0	0	91	0	0	0	91	0	0	0	0	0	1	0	0	0	0	0	0	0	0	72.4518	0	0	0	72.4518	0	0	0	0	0	1	0	0	0	0	0	0	0	0	283	0	0	0	283	0	0	0	0	0	1	0	0	0	0	0	0	0	0	0	0	0	0	0	0	0	0	0	0	0	0	0	0	0	0	0	0	0	0	0	0	0	0	0	0	0	0	0	0	0	0	0
100	0	0	0	0	0	0	581	0	0	0	581	0	0	0	0	0	0.190499	0	0	0	0.190499	0	0	0	0	0	1	0	0	0	0	0	0	0	0	89	0	0	0	89	0	0	0	0	0	1	0	0	0	0	0	0	0	0	73.6541	0	0	0	73.6541	0	0	0	0	0	1	0	0	0	0	0	0	0	0	283	0	0	0	283	0	0	0	0	0	1	0	0	0	0	0	0	0	0	0	0	0	0	0	0	0	0	0	0	0	0	0	0	0	0	0	0	0	0	0	0	0	0	0	0	0	0	0	0	0	0	0
101	0	0	0	0	0	0	611	0	0	0	611	0	0	0	0	0	0.188465	0	0	0	0.188465	0	0	0	0	0	1	0	0	0	0	0	0	0	0	81	0	0	0	81	0	0	0	0	0	1	0	0	0	0	0	0	0	0	77.2622	0	0	0	77.2622	0	0	0	0	0	1	0	0	0	0	0	0	0	0	289	0	0	0	289	0	0	0	0	0	1	0	0	0	0	0	0	0	0	0	0	0	0	0	0	0	0	0	0	0	0	0	0	0	0	0	0	0	0	0	0	0	0	0	0	0	0	0	0	0	0	0
102	0	0	0	0	0	0	638	0	0	0	638	0	0	0	0	0	0.134292	0	0	0	0.134292	0	0	0	0	0	1	0	0	0	0	0	0	0	0	69	0	0	0	69	0	0	0	0	0	1	0	0	0	0	0	0	0	0	80.6874	0	0	0	80.6874	0	0	0	0	0	1	0	0	0	0	0	0	0	0	296	0	0	0	296	0	0	0	0	0	1	0	0	0	0	0	0	0	0	0	0	0	0	0	0	0	0	0	0	0	0	0	0	0	0	0	0	0	0	0	0	0	0	0	0	0	0	0	0	0	0	0
103	0	0	0	0	0	0	630	0	0	0	630	0	0	0	0	0	0.117435	0	0	0	0.117435	0	0	0	0	0	1	0	0	0	0	0	0	0	0	63	0	0	0	63	0	0	0	0	0	1	0	0	0	0	0	0	0	0	82.3395	0	0	0	82.3395	0	0	0	0	0	1	0	0	0	0	0	0	0	0	292	0	0	0	292	0	0	0	0	0	1	0	0	0	0	0	0	0	0	0	0	0	0	0	0	0	0	0	0	0	0	0	0	0	0	0	0	0	0	0	0	0	0	0	0	0	0	0	0	0	0	0
104	0	0	0	0	0	0	631	0	0	0	631	0	0	0	0	0	0.0972328	0	0	0	0.0972328	0	0	0	0	0	1	0	0	0	0	0	0	0	0	54	0	0	0	54	0	0	0	0	0	1	0	0	0	0	0	0	0	0	85.8683	0	0	0	85.8683	0	0	0	0	0	1	0	0	0	0	0	0	0	0	293	0	0	0	293	0	0	0	0	0	1	0	0	0	0	0	0	0	0	0	0	0	0	0	0	0	0	0	0	0	0	0	0	0	0	0	0	0	0	0	0	0	0	0	0	0	0	0	0	0	0	0
105	0	0	0	0	0	0	635	0	0	0	635	0	0	0	0	0	0.0788918	0	0	0	0.0788918	0	0	0	0	0	1	0	0	0	0	0	0	0	0	46	0	0	0	46	0	0	0	0	0	1	0	0	0	0	0	0	0	0	87.1518	0	0	0	87.1518	0	0	0	0	0	1	0	0	0	0	0	0	0	0	289	0	0	0	289	0	0	0	0	0	1	0	0	0	0	0	0	0	0	0	0	0	0	0	0	0	0	0	0	0	0	0	0	0	0	0	0	0	0	0	0	0	0	0	0	0	0	0	0	0	0	0
106	0	0	0	0	0	0	616	0	0	0	616	0	0	0	0	0	0.104448	0	0	0	0.104448	0	0	0	0	0	1	0	0	0	0	0	0	0	0	42	0	0	0	42	0	0	0	0	0	1	0	0	0	0	0	0	0	0	87.2173	0	0	0	87.2173	0	0	0	0	0	1	0	0	0	0	0	0	0	0	282	0	0	0	282	0	0	0	0	0	1	0	0	0	0	0	0	0	0	0	0	0	0	0	0	0	0	0	0	0	0	0	0	0	0	0	0	0	0	0	0	0	0	0	0	0	0	0	0	0	0	0
107	0	0	0	0	0	0	612	0	0	0	612	0	0	0	0	0	0.0846025	0	0	0	0.0846025	0	0	0	0	0	1	0	0	0	0	0	0	0	0	34	0	0	0	34	0	0	0	0	0	1	0	0	0	0	0	0	0	0	85.6012	0	0	0	85.6012	0	0	0	0	0	1	0	0	0	0	0	0	0	0	278	0	0	0	278	0	0	0	0	0	1	0	0	0	0	0	0	0	0	0	0	0	0	0	0	0	0	0	0	0	0	0	0	0	0	0	0	0	0	0	0	0	0	0	0	0	0	0	0	0	0	0
108	0	0	0	0	0	0	613	0	0	0	613	0	0	0	0	0	0.0773823	0	0	0	0.0773823	0	0	0	0	0	1	0	0	0	0	0	0	0	0	27	0	0	0	27	0	0	0	0	0	1	0	0	0	0	0	0	0	0	86.5586	0	0	0	86.5586	0	0	0	0	0	1	0	0	0	0	0	0	0	0	272	0	0	0	272	0	0	0	0	0	1	0	0	0	0	0	0	0	0	0	0	0	0	0	0	0	0	0	0	0	0	0	0	0	0	0	0	0	0	0	0	0	0	0	0	0	0	0	0	0	0	0
109	0	0	0	0	0	0	639	0	0	0	639	0	0	0	0	0	0.0546012	0	0	0	0.0546012	0	0	0	0	0	1	0	0	0	0	0	0	0	0	21	0	0	0	21	0	0	0	0	0	1	0	0	0	0	0	0	0	0	86.0927	0	0	0	86.0927	0	0	0	0	0	1	0	0	0	0	0	0	0	0	268	0	0	0	268	0	0	0	0	0	1	0	0	0	0	0	0	0	0	0	0	0	0	0	0	0	0	0	0	0	0	0	0	0	0	0	0	0	0	0	0	0	0	0	0	0	0	0	0	0	0	0
110	0	0	0	0	0	0	651	0	0	0	651	0	0	0	0	0	0.0337622	0	0	0	0.0337622	0	0	0	0	0	1	0	0	0	0	0	0	0	0	22	0	0	0	22	0	0	0	0	0	1	0	0	0	0	0	0	0	0	86.8519	0	0	0	86.8519	0	0	0	0	0	1	0	0	0	0	0	0	0	0	255	0	0	0	255	0	0	0	0	0	1	0	0	0	0	0	0	0	0	0	0	0	0	0	0	0	0	0	0	0	0	0	0	0	0	0	0	0	0	0	0	0	0	0	0	0	0	0	0	0	0	0
111	0	0	0	0	0	0	620	0	0	0	620	0	0	0	0	0	0.0426375	0	0	0	0.0426375	0	0	0	0	0	1	0	0	0	0	0	0	0	0	28	0	0	0	28	0	0	0	0	0	1	0	0	0	0	0	0	0	0	86.2804	0	0	0	86.2804	0	0	0	0	0	1	0	0	0	0	0	0	0	0	239	0	0	0	239	0	0	0	0	0	1	0	0	0	0	0	0	0	0	0	0	0	0	0	0	0	0	0	0	0	0	0	0	0	0	0	0	0	0	0	0	0	0	0	0	0	0	0	0	0	0	0
112	0	0	0	0	0	0	644	0	0	0	644	0	0	0	0	0	0.040145	0	0	0	0.040145	0	0	0	0	0	1	0	0	0	0	0	0	0	0	31	0	0	0	31	0	0	0	0	0	1	0	0	0	0	0	0	0	0	87.554	0	0	0	87.554	0	0	0	0	0	1	0	0	0	0	0	0	0	0	232	0	0	0	232	0	0	0	0	0	1	0	0	0	0	0	0	0	0	0	0	0	0	0	0	0	0	0	0	0	0	0	0	0	0	0	0	0	0	0	0	0	0	0	0	0	0	0	0	0	0	0
113	0	0	0	0	0	0	666	0	0	0	666	0	0	0	0	0	0.0576575	0	0	0	0.0576575	0	0	0	0	0	1	0	0	0	0	0	0	0	0	36	0	0	0	36	0	0	0	0	0	1	0	0	0	0	0	0	0	0	89.4849	0	0	0	89.4849	0	0	0	0	0	1	0	0	0	0	0	0	0	0	230	0	0	0	230	0	0	0	0	0	1	0	0	0	0	0	0	0	0	0	0	0	0	0	0	0	0	0	0	0	0	0	0	0	0	0	0	0	0	0	0	0	0	0	0	0	0	0	0	0	0	0
114	0	0	0	0	0	0	629	0	0	0	629	0	0	0	0	0	0.0686226	0	0	0	0.0686226	0	0	0	0	0	1	0	0	0	0	0	0	0	0	39	0	0	0	39	0	0	0	0	0	1	0	0	0	0	0	0	0	0	88.335	0	0	0	88.335	0	0	0	0	0	1	0	0	0	0	0	0	0	0	221	0	0	0	221	0	0	0	0	0	1	0	0	0	0	0	0	0	0	0	0	0	0	0	0	0	0	0	0	0	0	0	0	0	0	0	0	0	0	0	0	0	0	0	0	0	0	0	0	0	0	0
115	0	0	0	0	0	0	635	0	0	0	635	0	0	0	0	0	0.0794677	0	0	0	0.0794677	0	0	0	0	0	1	0	0	0	0	0	0	0	0	36	0	0	0	36	0	0	0	0	0	1	0	0	0	0	0	0	0	0	88.408	0	0	0	88.408	0	0	0	0	0	1	0	0	0	0	0	0	0	0	213	0	0	0	213	0	0	0	0	0	1	0	0	0	0	0	0	0	0	0	0	0	0	0	0	0	0	0	0	0	0	0	0	0	0	0	0	0	0	0	0	0	0	0	0	0	0	0	0	0	0	0
116	0	0	0	0	0	0	623	0	0	0	623	0	0	0	0	0	0.037549	0	0	0	0.037549	0	0	0	0	0	1	0	0	0	0	0	0	0	0	26	0	0	0	26	0	0	0	0	0	1	0	0	0	0	0	0	0	0	89.813	0	0	0	89.813	0	0	0	0	0	1	0	0	0	0	0	0	0	0	214	0	0	0	214	0	0	0	0	0	1	0	0	0	0	0	0	0	0	0	0	0	0	0	0	0	0	0	0	0	0	0	0	0	0	0	0	0	0	0	0	0	0	0	0	0	0	0	0	0	0	0
117	0	0	0	0	0	0	624	0	0	0	624	0	0	0	0	0	0.0471084	0	0	0	0.0471084	0	0	0	0	0	1	0	0	0	0	0	0	0	0	20	0	0	0	20	0	0	0	0	0	1	0	0	0	0	0	0	0	0	90.8037	0	0	0	90.8037	0	0	0	0	0	1	0	0	0	0	0	0	0	0	206	0	0	0	206	0	0	0	0	0	1	0	0	0	0	0	0	0	0	0	0	0	0	0	0	0	0	0	0	0	0	0	0	0	0	0	0	0	0	0	0	0	0	0	0	0	0	0	0	0	0	0
118	0	0	0	0	0	0	627	0	0	0	627	0	0	0	0	0	0.0517383	0	0	0	0.0517383	0	0	0	0	0	1	0	0	0	0	0	0	0	0	17	0	0	0	17	0	0	0	0	0	1	0	0	0	0	0	0	0	0	91.5529	0	0	0	91.5529	0	0	0	0	0	1	0	0	0	0	0	0	0	0	198	0	0	0	198	0	0	0	0	0	1	0	0	0	0	0	0	0	0	0	0	0	0	0	0	0	0	0	0	0	0	0	0	0	0	0	0	0	0	0	0	0	0	0	0	0	0	0	0	0	0	0
119	0	0	0	0	0	0	634	0	0	0	634	0	0	0	0	0	0.0359046	0	0	0	0.0359046	0	0	0	0	0	1	0	0	0	0	0	0	0	0	13	0	0	0	13	0	0	0	0	0	1	0	0	0	0	0	0	0	0	92.9432	0	0	0	92.9432	0	0	0	0	0	1	0	0	0	0	0	0	0	0	192	0	0	0	192	0	0	0	0	0	1	0	0	0	0	0	0	0	0	0	0	0	0	0	0	0	0	0	0	0	0	0	0	0	0	0	0	0	0	0	0	0	0	0	0	0	0	0	0	0	0	0
120	0	0	0	0	0	0	630	0	0	0	630	0	0	0	0	0	0.0409443	0	0	0	0.0409443	0	0	0	0	0	1	0	0	0	0	0	0	0	0	12	0	0	0	12	0	0	0	0	0	1	0	0	0	0	0	0	0	0	94.1382	0	0	0	94.1382	0	0	0	0	0	1	0	0	0	0	0	0	0	0	186	0	0	0	186	0	0	0	0	0	1	0	0	0	0	0	0	0	0	0	0	0	0	0	0	0	0	0	0	0	0	0	0	0	0	0	0	0	0	0	0	0	0	0	0	0	0	0	0	0	0	0
121	0	0	0	0	0	0	624	0	0	0	624	0	0	0	0	0	0.0313734	0	0	0	0.0313734	0	0	0	0	0	1	0	0	0	0	0	0	0	0	10	0	0	0	10	0	0	0	0	0	1	0	0	0	0	0	0	0	0	90.6096	0	0	0	90.6096	0	0	0	0	0	1	0	0	0	0	0	0	0	0	176	0	0	0	176	0	0	0	0	0	1	0	0	0	0	0	0	0	0	0	0	0	0	0	0	0	0	0	0	0	0	0	0	0	0	0	0	0	0	0	0	0	0	0	0	0	0	0	0	0	0	0
122	0	0	0	0	0	0	626	0	0	0	626	0	0	0	0	0	0.0203642	0	0	0	0.0203642	0	0	0	0	0	1	0	0	0	0	0	0	0	0	9	0	0	0	9	0	0	0	0	0	1	0	0	0	0	0	0	0	0	91.5702	0	0	0	91.5702	0	0	0	0	0	1	0	0	0	0	0	0	0	0	173	0	0	0	173	0	0	0	0	0	1	0	0	0	0	0	0	0	0	0	0	0	0	0	0	0	0	0	0	0	0	0	0	0	0	0	0	0	0	0	0	0	0	0	0	0	0	0	0	0	0	0
123	0	0	0	0	0	0	641	0	0	0	641	0	0	0	0	0	0.0195229	0	0	0	0.0195229	0	0	0	0	0	1	0	0	0	0	0	0	0	0	8	0	0	0	8	0	0	0	0	0	1	0	0	0	0	0	0	0	0	90.9948	0	0	0	90.9948	0	0	0	0	0	1	0	0	0	0	0	0	0	0	165	0	0	0	165	0	0	0	0	0	1	0	0	0	0	0	0	0	0	0	0	0	0	0	0	0	0	0	0	0	0	0	0	0	0	0	0	0	0	0	0	0	0	0	0	0	0	0	0	0	0	0
124	0	0	0	0	0	0	617	0	0	0	617	0	0	0	0	0	0.0171427	0	0	0	0.0171427	0	0	0	0	0	1	0	0	0	0	0	0	0	0	8	0	0	0	8	0	0	0	0	0	1	0	0	0	0	0	0	0	0	87.9944	0	0	0	87.9944	0	0	0	0	0	1	0	0	0	0	0	0	0	0	158	0	0	0	158	0	0	0	0	0	1	0	0	0	0	0	0	0	0	0	0	0	0	0	0	0	0	0	0	0	0	0	0	0	0	0	0	0	0	0	0	0	0	0	0	0	0	0	0	0	0	0
125	0	0	0	0	0	0	616	0	0	0	616	0	0	0	0	0	0.0240909	0	0	0	0.0240909	0	0	0	0	0	1	0	0	0	0	0	0	0	0	13	0	0	0	13	0	0	0	0	0	1	0	0	0	0	0	0	0	0	85.7326	0	0	0	85.7326	0	0	0	0	0	1	0	0	0	0	0	0	0	0	151	0	0	0	151	0	0	0	0	0	1	0	0	0	0	0	0	0	0	0	0	0	0	0	0	0	0	0	0	0	0	0	0	0	0	0	0	0	0	0	0	0	0	0	0	0	0	0	0	0	0	0
126	0	0	0	0	0	0	606	0	0	0	606	0	0	0	0	0	0.0158808	0	0	0	0.0158808	0	0	0	0	0	1	0	0	0	0	0	0	0	0	13	0	0	0	13	0	0	0	0	0	1	0	0	0	0	0	0	0	0	83.7754	0	0	0	83.7754	0	0	0	0	0	1	0	0	0	0	0	0	0	0	147	0	0	0	147	0	0	0	0	0	1	0	0	0	0	0	0	0	0	0	0	0	0	0	0	0	0	0	0	0	0	0	0	0	0	0	0	0	0	0	0	0	0	0	0	0	0	0	0	0	0	0
127	0	0	0	0	0	0	596	0	0	0	596	0	0	0	0	0	0.0345712	0	0	0	0.0345712	0	0	0	0	0	1	0	0	0	0	0	0	0	0	24	0	0	0	24	0	0	0	0	0	1	0	0	0	0	0	0	0	0	81.1533	0	0	0	81.1533	0	0	0	0	0	1	0	0	0	0	0	0	0	0	142	0	0	0	142	0	0	0	0	0	1	0	0	0	0	0	0	0	0	0	0	0	0	0	0	0	0	0	0	0	0	0	0	0	0	0	0	0	0	0	0	0	0	0	0	0	0	0	0	0	0	0
128	0	0	0	0	0	0	613	0	0	0	613	0	0	0	0	0	0.0255061	0	0	0	0.0255061	0	0	0	0	0	1	0	0	0	0	0	0	0	0	25	0	0	0	25	0	0	0	0	0	1	0	0	0	0	0	0	0	0	82.3691	0	0	0	82.3691	0	0	0	0	0	1	0	0	0	0	0	0	0	0	144	0	0	0	144	0	0	0	0	0	1	0	0	0	0	0	0	0	0	0	0	0	0	0	0	0	0	0	0	0	0	0	0	0	0	0	0	0	0	0	0	0	0	0	0	0	0	0	0	0	0	0
129	0	0	0	0	0	0	612	0	0	0	612	0	0	0	0	0	0.04016	0	0	0	0.04016	0	0	0	0	0	1	0	0	0	0	0	0	0	0	33	0	0	0	33	0	0	0	0	0	1	0	0	0	0	0	0	0	0	78.9646	0	0	0	78.9646	0	0	0	0	0	1	0	0	0	0	0	0	0	0	139	0	0	0	139	0	0	0	0	0	1	0	0	0	0	0	0	0	0	0	0	0	0	0	0	0	0	0	0	0	0	0	0	0	0	0	0	0	0	0	0	0	0	0	0	0	0	0	0	0	0	0
130	0	0	0	0	0	0	602	0	0	0	602	0	0	0	0	0	0.0557121	0	0	0	0.0557121	0	0	0	0	0	1	0	0	0	0	0	0	0	0	37	0	0	0	37	0	0	0	0	0	1	0	0	0	0	0	0	0	0	78.5572	0	0	0	78.5572	0	0	0	0	0	1	0	0	0	0	0	0	0	0	134	0	0	0	134	0	0	0	0	0	1	0	0	0	0	0	0	0	0	0	0	0	0	0	0	0	0	0	0	0	0	0	0	0	0	0	0	0	0	0	0	0	0	0	0	0	0	0	0	0	0	0
131	0	0	0	0	0	0	642	0	0	0	642	0	0	0	0	0	0.0679577	0	0	0	0.0679577	0	0	0	0	0	1	0	0	0	0	0	0	0	0	42	0	0	0	42	0	0	0	0	0	1	0	0	0	0	0	0	0	0	81.525	0	0	0	81.525	0	0	0	0	0	1	0	0	0	0	0	0	0	0	140	0	0	0	140	0	0	0	0	0	1	0	0	0	0	0	0	0	0	0	0	0	0	0	0	0	0	0	0	0	0	0	0	0	0	0	0	0	0	0	0	0	0	0	0	0	0	0	0	0	0	0
132	0	0	0	0	0	0	617	0	0	0	617	0	0	0	0	0	0.0856956	0	0	0	0.0856956	0	0	0	0	0	1	0	0	0	0	0	0	0	0	52	0	0	0	52	0	0	0	0	0	1	0	0	0	0	0	0	0	0	79.594	0	0	0	79.594	0	0	0	0	0	1	0	0	0	0	0	0	0	0	139	0	0	0	139	0	0	0	0	0	1	0	0	0	0	0	0	0	0	0	0	0	0	0	0	0	0	0	0	0	0	0	0	0	0	0	0	0	0	0	0	0	0	0	0	0	0	0	0	0	0	0
133	0	0	0	0	0	0	618	0	0	0	618	0	0	0	0	0	0.0760419	0	0	0	0.0760419	0	0	0	0	0	1	0	0	0	0	0	0	0	0	55	0	0	0	55	0	0	0	0	0	1	0	0	0	0	0	0	0	0	80.2909	0	0	0	80.2909	0	0	0	0	0	1	0	0	0	0	0	0	0	0	143	0	0	0	143	0	0	0	0	0	1	0	0	0	0	0	0	0	0	0	0	0	0	0	0	0	0	0	0	0	0	0	0	0	0	0	0	0	0	0	0	0	0	0	0	0	0	0	0	0	0	0
134	0	0	0	0	0	0	632	0	0	0	632	0	0	0	0	0	0.0987196	0	0	0	0.0987196	0	0	0	0	0	1	0	0	0	0	0	0	0	0	55	0	0	0	55	0	0	0	0	0	1	0	0	0	0	0	0	0	0	82.5648	0	0	0	82.5648	0	0	0	0	0	1	0	0	0	0	0	0	0	0	147	0	0	0	147	0	0	0	0	0	1	0	0	0	0	0	0	0	0	0	0	0	0	0	0	0	0	0	0	0	0	0	0	0	0	0	0	0	0	0	0	0	0	0	0	0	0	0	0	0	0	0
135	0	0	0	0	0	0	623	0	0	0	623	0	0	0	0	0	0.100098	0	0	0	0.100098	0	0	0	0	0	1	0	0	0	0	0	0	0	0	51	0	0	0	51	0	0	0	0	0	1	0	0	0	0	0	0	0	0	83.9193	0	0	0	83.9193	0	0	0	0	0	1	0	0	0	0	0	0	0	0	153	0	0	0	153	0	0	0	0	0	1	0	0	0	0	0	0	0	0	0	0	0	0	0	0	0	0	0	0	0	0	0	0	0	0	0	0	0	0	0	0	0	0	0	0	0	0	0	0	0	0	0
136	0	0	0	0	0	0	619	0	0	0	619	0	0	0	0	0	0.114722	0	0	0	0.114722	0	0	0	0	0	1	0	0	0	0	0	0	0	0	46	0	0	0	46	0	0	0	0	0	1	0	0	0	0	0	0	0	0	80.0265	0	0	0	80.0265	0	0	0	0	0	1	0	0	0	0	0	0	0	0	155	0	0	0	155	0	0	0	0	0	1	0	0	0	0	0	0	0	0	0	0	0	0	0	0	0	0	0	0	0	0	0	0	0	0	0	0	0	0	0	0	0	0	0	0	0	0	0	0	0	0	0
137	0	0	0	0	0	0	622	0	0	0	622	0	0	0	0	0	0.0789314	0	0	0	0.0789314	0	0	0	0	0	1	0	0	0	0	0	0	0	0	44	0	0	0	44	0	0	0	0	0	1	0	0	0	0	0	0	0	0	81.6887	0	0	0	81.6887	0	0	0	0	0	1	0	0	0	0	0	0	0	0	162	0	0	0	162	0	0	0	0	0	1	0	0	0	0	0	0	0	0	0	0	0	0	0	0	0	0	0	0	0	0	0	0	0	0	0	0	0	0	0	0	0	0	0	0	0	0	0	0	0	0	0
138	0	0	0	0	0	0	645	0	0	0	645	0	0	0	0	0	0.0656537	0	0	0	0.0656537	0	0	0	0	0	1	0	0	0	0	0	0	0	0	43	0	0	0	43	0	0	0	0	0	1	0	0	0	0	0	0	0	0	82.6782	0	0	0	82.6782	0	0	0	0	0	1	0	0	0	0	0	0	0	0	165	0	0	0	165	0	0	0	0	0	1	0	0	0	0	0	0	0	0	0	0	0	0	0	0	0	0	0	0	0	0	0	0	0	0	0	0	0	0	0	0	0	0	0	0	0	0	0	0	0	0	0
139	0	0	0	0	0	0	607	0	0	0	607	0	0	0	0	0	0.0866017	0	0	0	0.0866017	0	0	0	0	0	1	0	0	0	0	0	0	0	0	44	0	0	0	44	0	0	0	0	0	1	0	0	0	0	0	0	0	0	77.4408	0	0	0	77.4408	0	0	0	0	0	1	0	0	0	0	0	0	0	0	160	0	0	0	160	0	0	0	0	0	1	0	0	0	0	0	0	0	0	0	0	0	0	0	0	0	0	0	0	0	0	0	0	0	0	0	0	0	0	0	0	0	0	0	0	0	0	0	0	0	0	0
140	0	0	0	0	0	0	612	0	0	0	612	0	0	0	0	0	0.0833538	0	0	0	0.0833538	0	0	0	0	0	1	0	0	0	0	0	0	0	0	41	0	0	0	41	0	0	0	0	0	1	0	0	0	0	0	0	0	0	76.8235	0	0	0	76.8235	0	0	0	0	0	1	0	0	0	0	0	0	0	0	161	0	0	0	161	0	0	0	0	0	1	0	0	0	0	0	0	0	0	0	0	0	0	0	0	0	0	0	0	0	0	0	0	0	0	0	0	0	0	0	0	0	0	0	0	0	0	0	0	0	0	0
141	0	0	0	0	0	0	591	0	0	0	591	0	0	0	0	0	0.100797	0	0	0	0.100797	0	0	0	0	0	1	0	0	0	0	0	0	0	0	50	0	0	0	50	0	0	0	0	0	1	0	0	0	0	0	0	0	0	73.8996	0	0	0	73.8996	0	0	0	0	0	1	0	0	0	0	0	0	0	0	156	0	0	0	156	0	0	0	0	0	1	0	0	0	0	0	0	0	0	0	0	0	0	0	0	0	0	0	0	0	0	0	0	0	0	0	0	0	0	0	0	0	0	0	0	0	0	0	0	0	0	0
142	0	0	0	0	0	0	599	0	0	0	599	0	0	0	0	0	0.07947	0	0	0	0.07947	0	0	0	0	0	1	0	0	0	0	0	0	0	0	51	0	0	0	51	0	0	0	0	0	1	0	0	0	0	0	0	0	0	74.0482	0	0	0	74.0482	0	0	0	0	0	1	0	0	0	0	0	0	0	0	162	0	0	0	162	0	0	0	0	0	1	0	0	0	0	0	0	0	0	0	0	0	0	0	0	0	0	0	0	0	0	0	0	0	0	0	0	0	0	0	0	0	0	0	0	0	0	0	0	0	0	0
143	0	0	0	0	0	0	611	0	0	0	611	0	0	0	0	0	0.0747597	0	0	0	0.0747597	0	0	0	0	0	1	0	0	0	0	0	0	0	0	50	0	0	0	50	0	0	0	0	0	1	0	0	0	0	0	0	0	0	74.1498	0	0	0	74.1498	0	0	0	0	0	1	0	0	0	0	0	0	0	0	161	0	0	0	161	0	0	0	0	0	1	0	0	0	0	0	0	0	0	0	0	0	0	0	0	0	0	0	0	0	0	0	0	0	0	0	0	0	0	0	0	0	0	0	0	0	0	0	0	0	0	0
144	0	0	0	0	0	0	607	0	0	0	607	0	0	0	0	0	0.132357	0	0	0	0.132357	0	0	0	0	0	1	0	0	0	0	0	0	0	0	57	0	0	0	57	0	0	0	0	0	1	0	0	0	0	0	0	0	0	73.79	0	0	0	73.79	0	0	0	0	0	1	0	0	0	0	0	0	0	0	154	0	0	0	154	0	0	0	0	0	1	0	0	0	0	0	0	0	0	0	0	0	0	0	0	0	0	0	0	0	0	0	0	0	0	0	0	0	0	0	0	0	0	0	0	0	0	0	0	0	0	0
145	0	0	0	0	0	0	616	0	0	0	616	0	0	0	0	0	0.104951	0	0	0	0.104951	0	0	0	0	0	1	0	0	0	0	0	0	0	0	55	0	0	0	55	0	0	0	0	0	1	0	0	0	0	0	0	0	0	75.18	0	0	0	75.18	0	0	0	0	0	1	0	0	0	0	0	0	0	0	163	0	0	0	163	0	0	0	0	0	1	0	0	0	0	0	0	0	0	0	0	0	0	0	0	0	0	0	0	0	0	0	0	0	0	0	0	0	0	0	0	0	0	0	0	0	0	0	0	0	0	0
146	0	0	0	0	0	0	641	0	0	0	641	0	0	0	0	0	0.0845644	0	0	0	0.0845644	0	0	0	0	0	1	0	0	0	0	0	0	0	0	60	0	0	0	60	0	0	0	0	0	1	0	0	0	0	0	0	0	0	76.0233	0	0	0	76.0233	0	0	0	0	0	1	0	0	0	0	0	0	0	0	169	0	0	0	169	0	0	0	0	0	1	0	0	0	0	0	0	0	0	0	0	0	0	0	0	0	0	0	0	0	0	0	0	0	0	0	0	0	0	0	0	0	0	0	0	0	0	0	0	0	0	0
147	0	0	0	0	0	0	639	0	0	0	639	0	0	0	0	0	0.112494	0	0	0	0.112494	0	0	0	0	0	1	0	0	0	0	0	0	0	0	68	0	0	0	68	0	0	0	0	0	1	0	0	0	0	0	0	0	0	77.1419	0	0	0	77.1419	0	0	0	0	0	1	0	0	0	0	0	0	0	0	172	0	0	0	172	0	0	0	0	0	1	0	0	0	0	0	0	0	0	0	0	0	0	0	0	0	0	0	0	0	0	0	0	0	0	0	0	0	0	0	0	0	0	0	0	0	0	0	0	0	0	0
148	0	0	0	0	0	0	601	0	0	0	601	0	0	0	0	0	0.087212	0	0	0	0.087212	0	0	0	0	0	1	0	0	0	0	0	0	0	0	67	0	0	0	67	0	0	0	0	0	1	0	0	0	0	0	0	0	0	72.8128	0	0	0	72.8128	0	0	0	0	0	1	0	0	0	0	0	0	0	0	174	0	0	0	174	0	0	0	0	0	1	0	0	0	0	0	0	0	0	0	0	0	0	0	0	0	0	0	0	0	0	0	0	0	0	0	0	0	0	0	0	0	0	0	0	0	0	0	0	0	0	0
149	0	0	0	0	0	0	607	0	0	0	607	0	0	0	0	0	0.122185	0	0	0	0.122185	0	0	0	0	0	1	0	0	0	0	0	0	0	0	70	0	0	0	70	0	0	0	0	0	1	0	0	0	0	0	0	0	0	72.0518	0	0	0	72.0518	0	0	0	0	0	1	0	0	0	0	0	0	0	0	173	0	0	0	173	0	0	0	0	0	1	0	0	0	0	0	0	0	0	0	0	0	0	0	0	0	0	0	0	0	0	0	0	0	0	0	0	0	0	0	0	0	0	0	0	0	0	0	0	0	0	0
150	0	0	0	0	0	0	612	0	0	0	612	0	0	0	0	0	0.142265	0	0	0	0.142265	0	0	0	0	0	1	0	0	0	0	0	0	0	0	73	0	0	0	73	0	0	0	0	0	1	0	0	0	0	0	0	0	0	71.8532	0	0	0	71.8532	0	0	0	0	0	1	0	0	0	0	0	0	0	0	175	0	0	0	175	0	0	0	0	0	1	0	0	0	0	0	0	0	0	0	0	0	0	0	0	0	0	0	0	0	0	0	0	0	0	0	0	0	0	0	0	0	0	0	0	0	0	0	0	0	0	0
151	0	0	0	0	0	0	576	0	0	0	576	0	0	0	0	0	0.133077	0	0	0	0.133077	0	0	0	0	0	1	0	0	0	0	0	0	0	0	69	0	0	0	69	0	0	0	0	0	1	0	0	0	0	0	0	0	0	68.4021	0	0	0	68.4021	0	0	0	0	0	1	0	0	0	0	0	0	0	0	181	0	0	0	181	0	0	0	0	0	1	0	0	0	0	0	0	0	0	0	0	0	0	0	0	0	0	0	0	0	0	0	0	0	0	0	0	0	0	0	0	0	0	0	0	0	0	0	0	0	0	0
152	0	0	0	0	0	0	568	0	0	0	568	0	0	0	0	0	0.146496	0	0	0	0.146496	0	0	0	0	0	1	0	0	0	0	0	0	0	0	81	0	0	0	81	0	0	0	0	0	1	0	0	0	0	0	0	0	0	69.5725	0	0	0	69.5725	0	0	0	0	0	1	0	0	0	0	0	0	0	0	181	0	0	0	181	0	0	0	0	0	1	0	0	0	0	0	0	0	0	0	0	0	0	0	0	0	0	0	0	0	0	0	0	0	0	0	0	0	0	0	0	0	0	0	0	0	0	0	0	0	0	0
153	0	0	0	0	0	0	562	0	0	0	562	0	0	0	0	0	0.163081	0	0	0	0.163081	0	0	0	0	0	1	0	0	0	0	0	0	0	0	83	0	0	0	83	0	0	0	0	0	1	0	0	0	0	0	0	0	0	70.0585	0	0	0	70.0585	0	0	0	0	0	1	0	0	0	0	0	0	0	0	188	0	0	0	188	0	0	0	0	0	1	0	0	0	0	0	0	0	0	0	0	0	0	0	0	0	0	0	0	0	0	0	0	0	0	0	0	0	0	0	0	0	0	0	0	0	0	0	0	0	0	0
154	0	0	0	0	0	0	581	0	0	0	581	0	0	0	0	0	0.145608	0	0	0	0.145608	0	0	0	0	0	1	0	0	0	0	0	0	0	0	71	0	0	0	71	0	0	0	0	0	1	0	0	0	0	0	0	0	0	72.9285	0	0	0	72.9285	0	0	0	0	0	1	0	0	0	0	0	0	0	0	198	0	0	0	198	0	0	0	0	0	1	0	0	0	0	0	0	0	0	0	0	0	0	0	0	0	0	0	0	0	0	0	0	0	0	0	0	0	0	0	0	0	0	0	0	0	0	0	0	0	0	0
155	0	0	0	0	0	0	585	0	0	0	585	0	0	0	0	0	0.141558	0	0	0	0.141558	0	0	0	0	0	1	0	0	0	0	0	0	0	0	67	0	0	0	67	0	0	0	0	0	1	0	0	0	0	0	0	0	0	72.8639	0	0	0	72.8639	0	0	0	0	0	1	0	0	0	0	0	0	0	0	205	0	0	0	205	0	0	0	0	0	1	0	0	0	0	0	0	0	0	0	0	0	0	0	0	0	0	0	0	0	0	0	0	0	0	0	0	0	0	0	0	0	0	0	0	0	0	0	0	0	0	0
156	0	0	0	0	0	0	578	0	0	0	578	0	0	0	0	0	0.0949517	0	0	0	0.0949517	0	0	0	0	0	1	0	0	0	0	0	0	0	0	55	0	0	0	55	0	0	0	0	0	1	0	0	0	0	0	0	0	0	73.8893	0	0	0	73.8893	0	0	0	0	0	1	0	0	0	0	0	0	0	0	214	0	0	0	214	0	0	0	0	0	1	0	0	0	0	0	0	0	0	0	0	0	0	0	0	0	0	0	0	0	0	0	0	0	0	0	0	0	0	0	0	0	0	0	0	0	0	0	0	0	0	0
157	0	0	0	0	0	0	592	0	0	0	592	0	0	0	0	0	0.0983336	0	0	0	0.0983336	0	0	0	0	0	1	0	0	0	0	0	0	0	0	54	0	0	0	54	0	0	0	0	0	1	0	0	0	0	0	0	0	0	77.3552	0	0	0	77.3552	0	0	0	0	0	1	0	0	0	0	0	0	0	0	215	0	0	0	215	0	0	0	0	0	1	0	0	0	0	0	0	0	0	0	0	0	0	0	0	0	0	0	0	0	0	0	0	0	0	0	0	0	0	0	0	0	0	0	0	0	0	0	0	0	0	0
158	0	0	0	0	0	0	569	0	0	0	569	0	0	0	0	0	0.0964458	0	0	0	0.0964458	0	0	0	0	0	1	0	0	0	0	0	0	0	0	45	0	0	0	45	0	0	0	0	0	1	0	0	0	0	0	0	0	0	75.301	0	0	0	75.301	0	0	0	0	0	1	0	0	0	0	0	0	0	0	212	0	0	0	212	0	0	0	0	0	1	0	0	0	0	0	0	0	0	0	0	0	0	0	0	0	0	0	0	0	0	0	0	0	0	0	0	0	0	0	0	0	0	0	0	0	0	0	0	0	0	0
159	0	0	0	0	0	0	570	0	0	0	570	0	0	0	0	0	0.0746085	0	0	0	0.0746085	0	0	0	0	0	1	0	0	0	0	0	0	0	0	38	0	0	0	38	0	0	0	0	0	1	0	0	0	0	0	0	0	0	76.8725	0	0	0	76.8725	0	0	0	0	0	1	0	0	0	0	0	0	0	0	215	0	0	0	215	0	0	0	0	0	1	0	0	0	0	0	0	0	0	0	0	0	0	0	0	0	0	0	0	0	0	0	0	0	0	0	0	0	0	0	0	0	0	0	0	0	0	0	0	0	0	0
160	0	0	0	0	0	0	623	0	0	0	623	0	0	0	0	0	0.0603408	0	0	0	0.0603408	0	0	0	0	0	1	0	0	0	0	0	0	0	0	30	0	0	0	30	0	0	0	0	0	1	0	0	0	0	0	0	0	0	78.6415	0	0	0	78.6415	0	0	0	0	0	1	0	0	0	0	0	0	0	0	214	0	0	0	214	0	0	0	0	0	1	0	0	0	0	0	0	0	0	0	0	0	0	0	0	0	0	0	0	0	0	0	0	0	0	0	0	0	0	0	0	0	0	0	0	0	0	0	0	0	0	0
161	0	0	0	0	0	0	613	0	0	0	613	0	0	0	0	0	0.0563862	0	0	0	0.0563862	0	0	0	0	0	1	0	0	0	0	0	0	0	0	31	0	0	0	31	0	0	0	0	0	1	0	0	0	0	0	0	0	0	79.7706	0	0	0	79.7706	0	0	0	0	0	1	0	0	0	0	0	0	0	0	210	0	0	0	210	0	0	0	0	0	1	0	0	0	0	0	0	0	0	0	0	0	0	0	0	0	0	0	0	0	0	0	0	0	0	0	0	0	0	0	0	0	0	0	0	0	0	0	0	0	0	0
162	0	0	0	0	0	0	630	0	0	0	630	0	0	0	0	0	0.0597559	0	0	0	0.0597559	0	0	0	0	0	1	0	0	0	0	0	0	0	0	28	0	0	0	28	0	0	0	0	0	1	0	0	0	0	0	0	0	0	81.7945	0	0	0	81.7945	0	0	0	0	0	1	0	0	0	0	0	0	0	0	209	0	0	0	209	0	0	0	0	0	1	0	0	0	0	0	0	0	0	0	0	0	0	0	0	0	0	0	0	0	0	0	0	0	0	0	0	0	0	0	0	0	0	0	0	0	0	0	0	0	0	0
163	0	0	0	0	0	0	634	0	0	0	634	0	0	0	0	0	0.0736337	0	0	0	0.0736337	0	0	0	0	0	1	0	0	0	0	0	0	0	0	30	0	0	0	30	0	0	0	0	0	1	0	0	0	0	0	0	0	0	81.0633	0	0	0	81.0633	0	0	0	0	0	1	0	0	0	0	0	0	0	0	198	0	0	0	198	0	0	0	0	0	1	0	0	0	0	0	0	0	0	0	0	0	0	0	0	0	0	0	0	0	0	0	0	0	0	0	0	0	0	0	0	0	0	0	0	0	0	0	0	0	0	0
164	0	0	0	0	0	0	599	0	0	0	599	0	0	0	0	0	0.0534797	0	0	0	0.0534797	0	0	0	0	0	1	0	0	0	0	0	0	0	0	35	0	0	0	35	0	0	0	0	0	1	0	0	0	0	0	0	0	0	76.3746	0	0	0	76.3746	0	0	0	0	0	1	0	0	0	0	0	0	0	0	193	0	0	0	193	0	0	0	0	0	1	0	0	0	0	0	0	0	0	0	0	0	0	0	0	0	0	0	0	0	0	0	0	0	0	0	0	0	0	0	0	0	0	0	0	0	0	0	0	0	0	0
165	0	0	0	0	0	0	622	0	0	0	622	0	0	0	0	0	0.0500807	0	0	0	0.0500807	0	0	0	0	0	1	0	0	0	0	0	0	0	0	41	0	0	0	41	0	0	0	0	0	1	0	0	0	0	0	0	0	0	77.4957	0	0	0	77.4957	0	0	0	0	0	1	0	0	0	0	0	0	0	0	187	0	0	0	187	0	0	0	0	0	1	0	0	0	0	0	0	0	0	0	0	0	0	0	0	0	0	0	0	0	0	0	0	0	0	0	0	0	0	0	0	0	0	0	0	0	0	0	0	0	0	0
166	0	0	0	0	0	0	614	0	0	0	614	0	0	0	0	0	0.0650864	0	0	0	0.0650864	0	0	0	0	0	1	0	0	0	0	0	0	0	0	48	0	0	0	48	0	0	0	0	0	1	0	0	0	0	0	0	0	0	78.3096	0	0	0	78.3096	0	0	0	0	0	1	0	0	0	0	0	0	0	0	179	0	0	0	179	0	0	0	0	0	1	0	0	0	0	0	0	0	0	0	0	0	0	0	0	0	0	0	0	0	0	0	0	0	0	0	0	0	0	0	0	0	0	0	0	0	0	0	0	0	0	0
167	0	0	0	0	0	0	629	0	0	0	629	0	0	0	0	0	0.0680198	0	0	0	0.0680198	0	0	0	0	0	1	0	0	0	0	0	0	0	0	52	0	0	0	52	0	0	0	0	0	1	0	0	0	0	0	0	0	0	77.9994	0	0	0	77.9994	0	0	0	0	0	1	0	0	0	0	0	0	0	0	176	0	0	0	176	0	0	0	0	0	1	0	0	0	0	0	0	0	0	0	0	0	0	0	0	0	0	0	0	0	0	0	0	0	0	0	0	0	0	0	0	0	0	0	0	0	0	0	0	0	0	0
168	0	0	0	0	0	0	604	0	0	0	604	0	0	0	0	0	0.100753	0	0	0	0.100753	0	0	0	0	0	1	0	0	0	0	0	0	0	0	56	0	0	0	56	0	0	0	0	0	1	0	0	0	0	0	0	0	0	78.5279	0	0	0	78.5279	0	0	0	0	0	1	0	0	0	0	0	0	0	0	177	0	0	0	177	0	0	0	0	0	1	0	0	0	0	0	0	0	0	0	0	0	0	0	0	0	0	0	0	0	0	0	0	0	0	0	0	0	0	0	0	0	0	0	0	0	0	0	0	0	0	0
169	0	0	0	0	0	0	617	0	0	0	617	0	0	0	0	0	0.0969685	0	0	0	0.0969685	0	0	0	0	0	1	0	0	0	0	0	0	0	0	48	0	0	0	48	0	0	0	0	0	1	0	0	0	0	0	0	0	0	78.2528	0	0	0	78.2528	0	0	0	0	0	1	0	0	0	0	0	0	0	0	182	0	0	0	182	0	0	0	0	0	1	0	0	0	0	0	0	0	0	0	0	0	0	0	0	0	0	0	0	0	0	0	0	0	0	0	0	0	0	0	0	0	0	0	0	0	0	0	0	0	0	0
170	0	0	0	0	0	0	628	0	0	0	628	0	0	0	0	0	0.0736511	0	0	0	0.0736511	0	0	0	0	0	1	0	0	0	0	0	0	0	0	41	0	0	0	41	0	0	0	0	0	1	0	0	0	0	0	0	0	0	77.9837	0	0	0	77.9837	0	0	0	0	0	1	0	0	0	0	0	0	0	0	185	0	0	0	185	0	0	0	0	0	1	0	0	0	0	0	0	0	0	0	0	0	0	0	0	0	0	0	0	0	0	0	0	0	0	0	0	0	0	0	0	0	0	0	0	0	0	0	0	0	0	0
171	0	0	0	0	0	0	596	0	0	0	596	0	0	0	0	0	0.0830006	0	0	0	0.0830006	0	0	0	0	0	1	0	0	0	0	0	0	0	0	43	0	0	0	43	0	0	0	0	0	1	0	0	0	0	0	0	0	0	79.0435	0	0	0	79.0435	0	0	0	0	0	1	0	0	0	0	0	0	0	0	183	0	0	0	183	0	0	0	0	0	1	0	0	0	0	0	0	0	0	0	0	0	0	0	0	0	0	0	0	0	0	0	0	0	0	0	0	0	0	0	0	0	0	0	0	0	0	0	0	0	0	0
172	0	0	0	0	0	0	616	0	0	0	616	0	0	0	0	0	0.05767	0	0	0	0.05767	0	0	0	0	0	1	0	0	0	0	0	0	0	0	37	0	0	0	37	0	0	0	0	0	1	0	0	0	0	0	0	0	0	78.5416	0	0	0	78.5416	0	0	0	0	0	1	0	0	0	0	0	0	0	0	186	0	0	0	186	0	0	0	0	0	1	0	0	0	0	0	0	0	0	0	0	0	0	0	0	0	0	0	0	0	0	0	0	0	0	0	0	0	0	0	0	0	0	0	0	0	0	0	0	0	0	0
173	0	0	0	0	0	0	623	0	0	0	623	0	0	0	0	0	0.0600742	0	0	0	0.0600742	0	0	0	0	0	1	0	0	0	0	0	0	0	0	43	0	0	0	43	0	0	0	0	0	1	0	0	0	0	0	0	0	0	80.2943	0	0	0	80.2943	0	0	0	0	0	1	0	0	0	0	0	0	0	0	184	0	0	0	184	0	0	0	0	0	1	0	0	0	0	0	0	0	0	0	0	0	0	0	0	0	0	0	0	0	0	0	0	0	0	0	0	0	0	0	0	0	0	0	0	0	0	0	0	0	0	0
174	0	0	0	0	0	0	633	0	0	0	633	0	0	0	0	0	0.0904507	0	0	0	0.0904507	0	0	0	0	0	1	0	0	0	0	0	0	0	0	47	0	0	0	47	0	0	0	0	0	1	0	0	0	0	0	0	0	0	82.3095	0	0	0	82.3095	0	0	0	0	0	1	0	0	0	0	0	0	0	0	182	0	0	0	182	0	0	0	0	0	1	0	0	0	0	0	0	0	0	0	0	0	0	0	0	0	0	0	0	0	0	0	0	0	0	0	0	0	0	0	0	0	0	0	0	0	0	0	0	0	0	0
175	0	0	0	0	0	0	599	0	0	0	599	0	0	0	0	0	0.0894533	0	0	0	0.0894533	0	0	0	0	0	1	0	0	0	0	0	0	0	0	47	0	0	0	47	0	0	0	0	0	1	0	0	0	0	0	0	0	0	80.6005	0	0	0	80.6005	0	0	0	0	0	1	0	0	0	0	0	0	0	0	182	0	0	0	182	0	0	0	0	0	1	0	0	0	0	0	0	0	0	0	0	0	0	0	0	0	0	0	0	0	0	0	0	0	0	0	0	0	0	0	0	0	0	0	0	0	0	0	0	0	0	0
176	0	0	0	0	0	0	618	0	0	0	618	0	0	0	0	0	0.0997526	0	0	0	0.0997526	0	0	0	0	0	1	0	0	0	0	0	0	0	0	47	0	0	0	47	0	0	0	0	0	1	0	0	0	0	0	0	0	0	82.8323	0	0	0	82.8323	0	0	0	0	0	1	0	0	0	0	0	0	0	0	184	0	0	0	184	0	0	0	0	0	1	0	0	0	0	0	0	0	0	0	0	0	0	0	0	0	0	0	0	0	0	0	0	0	0	0	0	0	0	0	0	0	0	0	0	0	0	0	0	0	0	0
177	0	0	0	0	0	0	609	0	0	0	609	0	0	0	0	0	0.0655826	0	0	0	0.0655826	0	0	0	0	0	1	0	0	0	0	0	0	0	0	41	0	0	0	41	0	0	0	0	0	1	0	0	0	0	0	0	0	0	81.6117	0	0	0	81.6117	0	0	0	0	0	1	0	0	0	0	0	0	0	0	188	0	0	0	188	0	0	0	0	0	1	0	0	0	0	0	0	0	0	0	0	0	0	0	0	0	0	0	0	0	0	0	0	0	0	0	0	0	0	0	0	0	0	0	0	0	0	0	0	0	0	0
178	0	0	0	0	0	0	604	0	0	0	604	0	0	0	0	0	0.063004	0	0	0	0.063004	0	0	0	0	0	1	0	0	0	0	0	0	0	0	37	0	0	0	37	0	0	0	0	0	1	0	0	0	0	0	0	0	0	82.7208	0	0	0	82.7208	0	0	0	0	0	1	0	0	0	0	0	0	0	0	187	0	0	0	187	0	0	0	0	0	1	0	0	0	0	0	0	0	0	0	0	0	0	0	0	0	0	0	0	0	0	0	0	0	0	0	0	0	0	0	0	0	0	0	0	0	0	0	0	0	0	0
179	0	0	0	0	0	0	608	0	0	0	608	0	0	0	0	0	0.0741908	0	0	0	0.0741908	0	0	0	0	0	1	0	0	0	0	0	0	0	0	34	0	0	0	34	0	0	0	0	0	1	0	0	0	0	0	0	0	0	84.1365	0	0	0	84.1365	0	0	0	0	0	1	0	0	0	0	0	0	0	0	183	0	0	0	183	0	0	0	0	0	1	0	0	0	0	0	0	0	0	0	0	0	0	0	0	0	0	0	0	0	0	0	0	0	0	0	0	0	0	0	0	0	0	0	0	0	0	0	0	0	0	0
180	0	0	0	0	0	0	596	0	0	0	596	0	0	0	0	0	0.0559841	0	0	0	0.0559841	0	0	0	0	0	1	0	0	0	0	0	0	0	0	27	0	0	0	27	0	0	0	0	0	1	0	0	0	0	0	0	0	0	84.2575	0	0	0	84.2575	0	0	0	0	0	1	0	0	0	0	0	0	0	0	182	0	0	0	182	0	0	0	0	0	1	0	0	0	0	0	0	0	0	0	0	0	0	0	0	0	0	0	0	0	0	0	0	0	0	0	0	0	0	0	0	0	0	0	0	0	0	0	0	0	0	0
181	0	0	0	0	0	0	639	0	0	0	639	0	0	0	0	0	0.0655296	0	0	0	0.0655296	0	0	0	0	0	1	0	0	0	0	0	0	0	0	29	0	0	0	29	0	0	0	0	0	1	0	0	0	0	0	0	0	0	85.4575	0	0	0	85.4575	0	0	0	0	0	1	0	0	0	0	0	0	0	0	177	0	0	0	177	0	0	0	0	0	1	0	0	0	0	0	0	0	0	0	0	0	0	0	0	0	0	0	0	0	0	0	0	0	0	0	0	0	0	0	0	0	0	0	0	0	0	0	0	0	0	0
182	0	0	0	0	0	0	636	0	0	0	636	0	0	0	0	0	0.0494283	0	0	0	0.0494283	0	0	0	0	0	1	0	0	0	0	0	0	0	0	24	0	0	0	24	0	0	0	0	0	1	0	0	0	0	0	0	0	0	88.799	0	0	0	88.799	0	0	0	0	0	1	0	0	0	0	0	0	0	0	182	0	0	0	182	0	0	0	0	0	1	0	0	0	0	0	0	0	0	0	0	0	0	0	0	0	0	0	0	0	0	0	0	0	0	0	0	0	0	0	0	0	0	0	0	0	0	0	0	0	0	0
183	0	0	0	0	0	0	644	0	0	0	644	0	0	0	0	0	0.0472921	0	0	0	0.0472921	0	0	0	0	0	1	0	0	0	0	0	0	0	0	21	0	0	0	21	0	0	0	0	0	1	0	0	0	0	0	0	0	0	88.9769	0	0	0	88.9769	0	0	0	0	0	1	0	0	0	0	0	0	0	0	180	0	0	0	180	0	0	0	0	0	1	0	0	0	0	0	0	0	0	0	0	0	0	0	0	0	0	0	0	0	0	0	0	0	0	0	0	0	0	0	0	0	0	0	0	0	0	0	0	0	0	0
184	0	0	0	0	0	0	649	0	0	0	649	0	0	0	0	0	0.0497458	0	0	0	0.0497458	0	0	0	0	0	1	0	0	0	0	0	0	0	0	20	0	0	0	20	0	0	0	0	0	1	0	0	0	0	0	0	0	0	87.1982	0	0	0	87.1982	0	0	0	0	0	1	0	0	0	0	0	0	0	0	176	0	0	0	176	0	0	0	0	0	1	0	0	0	0	0	0	0	0	0	0	0	0	0	0	0	0	0	0	0	0	0	0	0	0	0	0	0	0	0	0	0	0	0	0	0	0	0	0	0	0	0
185	0	0	0	0	0	0	624	0	0	0	624	0	0	0	0	0	0.0383999	0	0	0	0.0383999	0	0	0	0	0	1	0	0	0	0	0	0	0	0	21	0	0	0	21	0	0	0	0	0	1	0	0	0	0	0	0	0	0	86.8295	0	0	0	86.8295	0	0	0	0	0	1	0	0	0	0	0	0	0	0	172	0	0	0	172	0	0	0	0	0	1	0	0	0	0	0	0	0	0	0	0	0	0	0	0	0	0	0	0	0	0	0	0	0	0	0	0	0	0	0	0	0	0	0	0	0	0	0	0	0	0	0
186	0	0	0	0	0	0	624	0	0	0	624	0	0	0	0	0	0.033026	0	0	0	0.033026	0	0	0	0	0	1	0	0	0	0	0	0	0	0	20	0	0	0	20	0	0	0	0	0	1	0	0	0	0	0	0	0	0	84.5007	0	0	0	84.5007	0	0	0	0	0	1	0	0	0	0	0	0	0	0	169	0	0	0	169	0	0	0	0	0	1	0	0	0	0	0	0	0	0	0	0	0	0	0	0	0	0	0	0	0	0	0	0	0	0	0	0	0	0	0	0	0	0	0	0	0	0	0	0	0	0	0
187	0	0	0	0	0	0	604	0	0	0	604	0	0	0	0	0	0.0416032	0	0	0	0.0416032	0	0	0	0	0	1	0	0	0	0	0	0	0	0	25	0	0	0	25	0	0	0	0	0	1	0	0	0	0	0	0	0	0	84.8343	0	0	0	84.8343	0	0	0	0	0	1	0	0	0	0	0	0	0	0	164	0	0	0	164	0	0	0	0	0	1	0	0	0	0	0	0	0	0	0	0	0	0	0	0	0	0	0	0	0	0	0	0	0	0	0	0	0	0	0	0	0	0	0	0	0	0	0	0	0	0	0
188	0	0	0	0	0	0	601	0	0	0	601	0	0	0	0	0	0.0632877	0	0	0	0.0632877	0	0	0	0	0	1	0	0	0	0	0	0	0	0	29	0	0	0	29	0	0	0	0	0	1	0	0	0	0	0	0	0	0	85.2751	0	0	0	85.2751	0	0	0	0	0	1	0	0	0	0	0	0	0	0	157	0	0	0	157	0	0	0	0	0	1	0	0	0	0	0	0	0	0	0	0	0	0	0	0	0	0	0	0	0	0	0	0	0	0	0	0	0	0	0	0	0	0	0	0	0	0	0	0	0	0	0
189	0	0	0	0	0	0	615	0	0	0	615	0	0	0	0	0	0.0576947	0	0	0	0.0576947	0	0	0	0	0	1	0	0	0	0	0	0	0	0	27	0	0	0	27	0	0	0	0	0	1	0	0	0	0	0	0	0	0	84.5156	0	0	0	84.5156	0	0	0	0	0	1	0	0	0	0	0	0	0	0	153	0	0	0	153	0	0	0	0	0	1	0	0	0	0	0	0	0	0	0	0	0	0	0	0	0	0	0	0	0	0	0	0	0	0	0	0	0	0	0	0	0	0	0	0	0	0	0	0	0	0	0
190	0	0	0	0	0	0	616	0	0	0	616	0	0	0	0	0	0.0546508	0	0	0	0.0546508	0	0	0	0	0	1	0	0	0	0	0	0	0	0	25	0	0	0	25	0	0	0	0	0	1	0	0	0	0	0	0	0	0	84.1272	0	0	0	84.1272	0	0	0	0	0	1	0	0	0	0	0	0	0	0	147	0	0	0	147	0	0	0	0	0	1	0	0	0	0	0	0	0	0	0	0	0	0	0	0	0	0	0	0	0	0	0	0	0	0	0	0	0	0	0	0	0	0	0	0	0	0	0	0	0	0	0
191	0	0	0	0	0	0	608	0	0	0	608	0	0	0	0	0	0.0599275	0	0	0	0.0599275	0	0	0	0	0	1	0	0	0	0	0	0	0	0	26	0	0	0	26	0	0	0	0	0	1	0	0	0	0	0	0	0	0	85.0748	0	0	0	85.0748	0	0	0	0	0	1	0	0	0	0	0	0	0	0	145	0	0	0	145	0	0	0	0	0	1	0	0	0	0	0	0	0	0	0	0	0	0	0	0	0	0	0	0	0	0	0	0	0	0	0	0	0	0	0	0	0	0	0	0	0	0	0	0	0	0	0
192	0	0	0	0	0	0	600	0	0	0	600	0	0	0	0	0	0.0438277	0	0	0	0.0438277	0	0	0	0	0	1	0	0	0	0	0	0	0	0	24	0	0	0	24	0	0	0	0	0	1	0	0	0	0	0	0	0	0	81.4397	0	0	0	81.4397	0	0	0	0	0	1	0	0	0	0	0	0	0	0	142	0	0	0	142	0	0	0	0	0	1	0	0	0	0	0	0	0	0	0	0	0	0	0	0	0	0	0	0	0	0	0	0	0	0	0	0	0	0	0	0	0	0	0	0	0	0	0	0	0	0	0
193	0	0	0	0	0	0	608	0	0	0	608	0	0	0	0	0	0.0452352	0	0	0	0.0452352	0	0	0	0	0	1	0	0	0	0	0	0	0	0	28	0	0	0	28	0	0	0	0	0	1	0	0	0	0	0	0	0	0	80.7724	0	0	0	80.7724	0	0	0	0	0	1	0	0	0	0	0	0	0	0	142	0	0	0	142	0	0	0	0	0	1	0	0	0	0	0	0	0	0	0	0	0	0	0	0	0	0	0	0	0	0	0	0	0	0	0	0	0	0	0	0	0	0	0	0	0	0	0	0	0	0	0
194	0	0	0	0	0	0	619	0	0	0	619	0	0	0	0	0	0.0437149	0	0	0	0.0437149	0	0	0	0	0	1	0	0	0	0	0	0	0	0	22	0	0	0	22	0	0	0	0	0	1	0	0	0	0	0	0	0	0	82.0576	0	0	0	82.0576	0	0	0	0	0	1	0	0	0	0	0	0	0	0	146	0	0	0	146	0	0	0	0	0	1	0	0	0	0	0	0	0	0	0	0	0	0	0	0	0	0	0	0	0	0	0	0	0	0	0	0	0	0	0	0	0	0	0	0	0	0	0	0	0	0	0
195	0	0	0	0	0	0	610	0	0	0	610	0	0	0	0	0	0.0336556	0	0	0	0.0336556	0	0	0	0	0	1	0	0	0	0	0	0	0	0	20	0	0	0	20	0	0	0	0	0	1	0	0	0	0	0	0	0	0	82.9274	0	0	0	82.9274	0	0	0	0	0	1	0	0	0	0	0	0	0	0	146	0	0	0	146	0	0	0	0	0	1	0	0	0	0	0	0	0	0	0	0	0	0	0	0	0	0	0	0	0	0	0	0	0	0	0	0	0	0	0	0	0	0	0	0	0	0	0	0	0	0	0
196	0	0	0	0	0	0	576	0	0	0	576	0	0	0	0	0	0.0501866	0	0	0	0.0501866	0	0	0	0	0	1	0	0	0	0	0	0	0	0	30	0	0	0	30	0	0	0	0	0	1	0	0	0	0	0	0	0	0	78.3141	0	0	0	78.3141	0	0	0	0	0	1	0	0	0	0	0	0	0	0	138	0	0	0	138	0	0	0	0	0	1	0	0	0	0	0	0	0	0	0	0	0	0	0	0	0	0	0	0	0	0	0	0	0	0	0	0	0	0	0	0	0	0	0	0	0	0	0	0	0	0	0
197	0	0	0	0	0	0	582	0	0	0	582	0	0	0	0	0	0.0445413	0	0	0	0.0445413	0	0	0	0	0	1	0	0	0	0	0	0	0	0	27	0	0	0	27	0	0	0	0	0	1	0	0	0	0	0	0	0	0	75.9859	0	0	0	75.9859	0	0	0	0	0	1	0	0	0	0	0	0	0	0	135	0	0	0	135	0	0	0	0	0	1	0	0	0	0	0	0	0	0	0	0	0	0	0	0	0	0	0	0	0	0	0	0	0	0	0	0	0	0	0	0	0	0	0	0	0	0	0	0	0	0	0
198	0	0	0	0	0	0	587	0	0	0	587	0	0	0	0	0	0.0502541	0	0	0	0.0502541	0	0	0	0	0	1	0	0	0	0	0	0	0	0	33	0	0	0	33	0	0	0	0	0	1	0	0	0	0	0	0	0	0	74.1901	0	0	0	74.1901	0	0	0	0	0	1	0	0	0	0	0	0	0	0	132	0	0	0	132	0	0	0	0	0	1	0	0	0	0	0	0	0	0	0	0	0	0	0	0	0	0	0	0	0	0	0	0	0	0	0	0	0	0	0	0	0	0	0	0	0	0	0	0	0	0	0
199	0	0	0	0	0	0	617	0	0	0	617	0	0	0	0	0	0.0758535	0	0	0	0.0758535	0	0	0	0	0	1	0	0	0	0	0	0	0	0	32	0	0	0	32	0	0	0	0	0	1	0	0	0	0	0	0	0	0	74.7225	0	0	0	74.7225	0	0	0	0	0	1	0	0	0	0	0	0	0	0	129	0	0	0	129	0	0	0	0	0	1	0	0	0	0	0	0	0	0	0	0	0	0	0	0	0	0	0	0	0	0	0	0	0	0	0	0	0	0	0	0	0	0	0	0	0	0	0	0	0	0	0
200	0	0	0	0	0	0	583	0	0	0	583	0	0	0	0	0	0.0423752	0	0	0	0.0423752	0	0	0	0	0	1	0	0	0	0	0	0	0	0	35	0	0	0	35	0	0	0	0	0	1	0	0	0	0	0	0	0	0	71.1108	0	0	0	71.1108	0	0	0	0	0	1	0	0	0	0	0	0	0	0	128	0	0	0	128	0	0	0	0	0	1	0	0	0	0	0	0	0	0	0	0	0	0	0	0	0	0	0	0	0	0	0	0	0	0	0	0	0	0	0	0	0	0	0	0	0	0	0	0	0	0	0
