Location: Fake forest
From parameter file: C:\Users\ben\Desktop\inputs\input_GMF_0-0-0-0-0-1-0-0-0.xml
Basal area is normalized to m^2/ha; density to #/ha.
Subplots:
0 = Whole plot
Step	Subplot	Sdl Abs Den: ACRU	Sdl Abs Den: ACSA	Sdl Abs Den: BEAL	Sdl Abs Den: FAGR	Sdl Abs Den: TSCA	Sdl Abs Den: FRAM	Sdl Abs Den: PIST	Sdl Abs Den: PRSE	Sdl Abs Den: QURU	Sdl Den Total:	Sapl Abs BA: ACRU	Sapl Abs BA: ACSA	Sapl Abs BA: BEAL	Sapl Abs BA: FAGR	Sapl Abs BA: TSCA	Sapl Abs BA: FRAM	Sapl Abs BA: PIST	Sapl Abs BA: PRSE	Sapl Abs BA: QURU	Sapl BA Total:	Sapl Rel BA: ACRU	Sapl Rel BA: ACSA	Sapl Rel BA: BEAL	Sapl Rel BA: FAGR	Sapl Rel BA: TSCA	Sapl Rel BA: FRAM	Sapl Rel BA: PIST	Sapl Rel BA: PRSE	Sapl Rel BA: QURU	Sapl Abs Den: ACRU	Sapl Abs Den: ACSA	Sapl Abs Den: BEAL	Sapl Abs Den: FAGR	Sapl Abs Den: TSCA	Sapl Abs Den: FRAM	Sapl Abs Den: PIST	Sapl Abs Den: PRSE	Sapl Abs Den: QURU	Sapl Den Total:	Sapl Rel Den: ACRU	Sapl Rel Den: ACSA	Sapl Rel Den: BEAL	Sapl Rel Den: FAGR	Sapl Rel Den: TSCA	Sapl Rel Den: FRAM	Sapl Rel Den: PIST	Sapl Rel Den: PRSE	Sapl Rel Den: QURU	Adult Abs BA: ACRU	Adult Abs BA: ACSA	Adult Abs BA: BEAL	Adult Abs BA: FAGR	Adult Abs BA: TSCA	Adult Abs BA: FRAM	Adult Abs BA: PIST	Adult Abs BA: PRSE	Adult Abs BA: QURU	Adult BA Total:	Adult Rel BA: ACRU	Adult Rel BA: ACSA	Adult Rel BA: BEAL	Adult Rel BA: FAGR	Adult Rel BA: TSCA	Adult Rel BA: FRAM	Adult Rel BA: PIST	Adult Rel BA: PRSE	Adult Rel BA: QURU	Adult Abs Den: ACRU	Adult Abs Den: ACSA	Adult Abs Den: BEAL	Adult Abs Den: FAGR	Adult Abs Den: TSCA	Adult Abs Den: FRAM	Adult Abs Den: PIST	Adult Abs Den: PRSE	Adult Abs Den: QURU	Adult Den Total:	Adult Rel Den: ACRU	Adult Rel Den: ACSA	Adult Rel Den: BEAL	Adult Rel Den: FAGR	Adult Rel Den: TSCA	Adult Rel Den: FRAM	Adult Rel Den: PIST	Adult Rel Den: PRSE	Adult Rel Den: QURU	Snag Abs BA: ACRU	Snag Abs BA: ACSA	Snag Abs BA: BEAL	Snag Abs BA: FAGR	Snag Abs BA: TSCA	Snag Abs BA: FRAM	Snag Abs BA: PIST	Snag Abs BA: PRSE	Snag Abs BA: QURU	Snag BA Total:	Snag Rel BA: ACRU	Snag Rel BA: ACSA	Snag Rel BA: BEAL	Snag Rel BA: FAGR	Snag Rel BA: TSCA	Snag Rel BA: FRAM	Snag Rel BA: PIST	Snag Rel BA: PRSE	Snag Rel BA: QURU	Snag Abs Den: ACRU	Snag Abs Den: ACSA	Snag Abs Den: BEAL	Snag Abs Den: FAGR	Snag Abs Den: TSCA	Snag Abs Den: FRAM	Snag Abs Den: PIST	Snag Abs Den: PRSE	Snag Abs Den: QURU	Snag Den Total:	Snag Rel Den: ACRU	Snag Rel Den: ACSA	Snag Rel Den: BEAL	Snag Rel Den: FAGR	Snag Rel Den: TSCA	Snag Rel Den: FRAM	Snag Rel Den: PIST	Snag Rel Den: PRSE	Snag Rel Den: QURU
0	0	0	0	0	0	0	0	0	0	0	0	0	0	0	0	0	0.000772287	0	0	0	0.000772287	0	0	0	0	0	1	0	0	0	0	0	0	0	0	25	0	0	0	25	0	0	0	0	0	1	0	0	0	0	0	0	0	0	0	0	0	0	0	0	0	0	0	0	0	0	0	0	0	0	0	0	0	0	0	0	0	0	0	0	0	0	0	0	0	0	0	0	0	0	0	0	0	0	0	0	0	0	0	0	0	0	0	0	0	0	0	0	0	0	0	0	0	0	0	0	0	0	0	0	0	0	0	0	0
1	0	0	0	0	0	0	0	0	0	0	0	0	0	0	0	0	0.00507924	0	0	0	0.00507924	0	0	0	0	0	1	0	0	0	0	0	0	0	0	25	0	0	0	25	0	0	0	0	0	1	0	0	0	0	0	0	0	0	0	0	0	0	0	0	0	0	0	0	0	0	0	0	0	0	0	0	0	0	0	0	0	0	0	0	0	0	0	0	0	0	0	0	0	0	0	0	0	0	0	0	0	0	0	0	0	0	0	0	0	0	0	0	0	0	0	0	0	0	0	0	0	0	0	0	0	0	0	0	0
2	0	0	0	0	0	0	0	0	0	0	0	0	0	0	0	0	0.0312504	0	0	0	0.0312504	0	0	0	0	0	1	0	0	0	0	0	0	0	0	24	0	0	0	24	0	0	0	0	0	1	0	0	0	0	0	0	0	0	0	0	0	0	0	0	0	0	0	0	0	0	0	0	0	0	0	0	0	0	0	0	0	0	0	0	0	0	0	0	0	0	0	0	0	0	0	0	0	0	0	0	0	0	0	0	0	0	0	0	0	0	0	0	0	0	0	0	0	0	0	0	0	0	0	0	0	0	0	0	0
3	0	0	0	0	0	0	3	0	0	0	3	0	0	0	0	0	0.0443647	0	0	0	0.0443647	0	0	0	0	0	1	0	0	0	0	0	0	0	0	12	0	0	0	12	0	0	0	0	0	1	0	0	0	0	0	0	0	0	0.161162	0	0	0	0.161162	0	0	0	0	0	1	0	0	0	0	0	0	0	0	12	0	0	0	12	0	0	0	0	0	1	0	0	0	0	0	0	0	0	0	0	0	0	0	0	0	0	0	0	0	0	0	0	0	0	0	0	0	0	0	0	0	0	0	0	0	0	0	0	0	0	0
4	0	0	0	0	0	0	6	0	0	0	6	0	0	0	0	0	0	0	0	0	0	0	0	0	0	0	0	0	0	0	0	0	0	0	0	0	0	0	0	0	0	0	0	0	0	0	0	0	0	0	0	0	0	0	0.829465	0	0	0	0.829465	0	0	0	0	0	1	0	0	0	0	0	0	0	0	23	0	0	0	23	0	0	0	0	0	1	0	0	0	0	0	0	0	0	0	0	0	0	0	0	0	0	0	0	0	0	0	0	0	0	0	0	0	0	0	0	0	0	0	0	0	0	0	0	0	0	0
5	0	0	0	0	0	0	12	0	0	0	12	0	0	0	0	0	0	0	0	0	0	0	0	0	0	0	0	0	0	0	0	0	0	0	0	0	0	0	0	0	0	0	0	0	0	0	0	0	0	0	0	0	0	0	1.38817	0	0	0	1.38817	0	0	0	0	0	1	0	0	0	0	0	0	0	0	21	0	0	0	21	0	0	0	0	0	1	0	0	0	0	0	0	0	0	0	0	0	0	0	0	0	0	0	0	0	0	0	0	0	0	0	0	0	0	0	0	0	0	0	0	0	0	0	0	0	0	0
6	0	0	0	0	0	0	17	0	0	0	17	0	0	0	0	0	0.000482901	0	0	0	0.000482901	0	0	0	0	0	1	0	0	0	0	0	0	0	0	1	0	0	0	1	0	0	0	0	0	1	0	0	0	0	0	0	0	0	1.75222	0	0	0	1.75222	0	0	0	0	0	1	0	0	0	0	0	0	0	0	19	0	0	0	19	0	0	0	0	0	1	0	0	0	0	0	0	0	0	0	0	0	0	0	0	0	0	0	0	0	0	0	0	0	0	0	0	0	0	0	0	0	0	0	0	0	0	0	0	0	0	0
7	0	0	0	0	0	0	25	0	0	0	25	0	0	0	0	0	0.00500746	0	0	0	0.00500746	0	0	0	0	0	1	0	0	0	0	0	0	0	0	5	0	0	0	5	0	0	0	0	0	1	0	0	0	0	0	0	0	0	2.22899	0	0	0	2.22899	0	0	0	0	0	1	0	0	0	0	0	0	0	0	19	0	0	0	19	0	0	0	0	0	1	0	0	0	0	0	0	0	0	0	0	0	0	0	0	0	0	0	0	0	0	0	0	0	0	0	0	0	0	0	0	0	0	0	0	0	0	0	0	0	0	0
8	0	0	0	0	0	0	32	0	0	0	32	0	0	0	0	0	0.0134929	0	0	0	0.0134929	0	0	0	0	0	1	0	0	0	0	0	0	0	0	7	0	0	0	7	0	0	0	0	0	1	0	0	0	0	0	0	0	0	2.56913	0	0	0	2.56913	0	0	0	0	0	1	0	0	0	0	0	0	0	0	19	0	0	0	19	0	0	0	0	0	1	0	0	0	0	0	0	0	0	0	0	0	0	0	0	0	0	0	0	0	0	0	0	0	0	0	0	0	0	0	0	0	0	0	0	0	0	0	0	0	0	0
9	0	0	0	0	0	0	39	0	0	0	39	0	0	0	0	0	0.0107819	0	0	0	0.0107819	0	0	0	0	0	1	0	0	0	0	0	0	0	0	7	0	0	0	7	0	0	0	0	0	1	0	0	0	0	0	0	0	0	3.11776	0	0	0	3.11776	0	0	0	0	0	1	0	0	0	0	0	0	0	0	23	0	0	0	23	0	0	0	0	0	1	0	0	0	0	0	0	0	0	0	0	0	0	0	0	0	0	0	0	0	0	0	0	0	0	0	0	0	0	0	0	0	0	0	0	0	0	0	0	0	0	0
10	0	0	0	0	0	0	43	0	0	0	43	0	0	0	0	0	0.0170559	0	0	0	0.0170559	0	0	0	0	0	1	0	0	0	0	0	0	0	0	15	0	0	0	15	0	0	0	0	0	1	0	0	0	0	0	0	0	0	3.66647	0	0	0	3.66647	0	0	0	0	0	1	0	0	0	0	0	0	0	0	24	0	0	0	24	0	0	0	0	0	1	0	0	0	0	0	0	0	0	0	0	0	0	0	0	0	0	0	0	0	0	0	0	0	0	0	0	0	0	0	0	0	0	0	0	0	0	0	0	0	0	0
11	0	0	0	0	0	0	53	0	0	0	53	0	0	0	0	0	0.0329746	0	0	0	0.0329746	0	0	0	0	0	1	0	0	0	0	0	0	0	0	19	0	0	0	19	0	0	0	0	0	1	0	0	0	0	0	0	0	0	4.32957	0	0	0	4.32957	0	0	0	0	0	1	0	0	0	0	0	0	0	0	27	0	0	0	27	0	0	0	0	0	1	0	0	0	0	0	0	0	0	0	0	0	0	0	0	0	0	0	0	0	0	0	0	0	0	0	0	0	0	0	0	0	0	0	0	0	0	0	0	0	0	0
12	0	0	0	0	0	0	58	0	0	0	58	0	0	0	0	0	0.0301381	0	0	0	0.0301381	0	0	0	0	0	1	0	0	0	0	0	0	0	0	18	0	0	0	18	0	0	0	0	0	1	0	0	0	0	0	0	0	0	5.1947	0	0	0	5.1947	0	0	0	0	0	1	0	0	0	0	0	0	0	0	37	0	0	0	37	0	0	0	0	0	1	0	0	0	0	0	0	0	0	0	0	0	0	0	0	0	0	0	0	0	0	0	0	0	0	0	0	0	0	0	0	0	0	0	0	0	0	0	0	0	0	0
13	0	0	0	0	0	0	65	0	0	0	65	0	0	0	0	0	0.0270209	0	0	0	0.0270209	0	0	0	0	0	1	0	0	0	0	0	0	0	0	22	0	0	0	22	0	0	0	0	0	1	0	0	0	0	0	0	0	0	6.08431	0	0	0	6.08431	0	0	0	0	0	1	0	0	0	0	0	0	0	0	45	0	0	0	45	0	0	0	0	0	1	0	0	0	0	0	0	0	0	0	0	0	0	0	0	0	0	0	0	0	0	0	0	0	0	0	0	0	0	0	0	0	0	0	0	0	0	0	0	0	0	0
14	0	0	0	0	0	0	87	0	0	0	87	0	0	0	0	0	0.0352125	0	0	0	0.0352125	0	0	0	0	0	1	0	0	0	0	0	0	0	0	23	0	0	0	23	0	0	0	0	0	1	0	0	0	0	0	0	0	0	7.29099	0	0	0	7.29099	0	0	0	0	0	1	0	0	0	0	0	0	0	0	51	0	0	0	51	0	0	0	0	0	1	0	0	0	0	0	0	0	0	0	0	0	0	0	0	0	0	0	0	0	0	0	0	0	0	0	0	0	0	0	0	0	0	0	0	0	0	0	0	0	0	0
15	0	0	0	0	0	0	104	0	0	0	104	0	0	0	0	0	0.0316582	0	0	0	0.0316582	0	0	0	0	0	1	0	0	0	0	0	0	0	0	24	0	0	0	24	0	0	0	0	0	1	0	0	0	0	0	0	0	0	7.94741	0	0	0	7.94741	0	0	0	0	0	1	0	0	0	0	0	0	0	0	57	0	0	0	57	0	0	0	0	0	1	0	0	0	0	0	0	0	0	0	0	0	0	0	0	0	0	0	0	0	0	0	0	0	0	0	0	0	0	0	0	0	0	0	0	0	0	0	0	0	0	0
16	0	0	0	0	0	0	113	0	0	0	113	0	0	0	0	0	0.0375055	0	0	0	0.0375055	0	0	0	0	0	1	0	0	0	0	0	0	0	0	31	0	0	0	31	0	0	0	0	0	1	0	0	0	0	0	0	0	0	9.07026	0	0	0	9.07026	0	0	0	0	0	1	0	0	0	0	0	0	0	0	63	0	0	0	63	0	0	0	0	0	1	0	0	0	0	0	0	0	0	0	0	0	0	0	0	0	0	0	0	0	0	0	0	0	0	0	0	0	0	0	0	0	0	0	0	0	0	0	0	0	0	0
17	0	0	0	0	0	0	122	0	0	0	122	0	0	0	0	0	0.0434047	0	0	0	0.0434047	0	0	0	0	0	1	0	0	0	0	0	0	0	0	40	0	0	0	40	0	0	0	0	0	1	0	0	0	0	0	0	0	0	10.5145	0	0	0	10.5145	0	0	0	0	0	1	0	0	0	0	0	0	0	0	74	0	0	0	74	0	0	0	0	0	1	0	0	0	0	0	0	0	0	0	0	0	0	0	0	0	0	0	0	0	0	0	0	0	0	0	0	0	0	0	0	0	0	0	0	0	0	0	0	0	0	0
18	0	0	0	0	0	0	131	0	0	0	131	0	0	0	0	0	0.0702946	0	0	0	0.0702946	0	0	0	0	0	1	0	0	0	0	0	0	0	0	51	0	0	0	51	0	0	0	0	0	1	0	0	0	0	0	0	0	0	11.6399	0	0	0	11.6399	0	0	0	0	0	1	0	0	0	0	0	0	0	0	81	0	0	0	81	0	0	0	0	0	1	0	0	0	0	0	0	0	0	0	0	0	0	0	0	0	0	0	0	0	0	0	0	0	0	0	0	0	0	0	0	0	0	0	0	0	0	0	0	0	0	0
19	0	0	0	0	0	0	154	0	0	0	154	0	0	0	0	0	0.0722775	0	0	0	0.0722775	0	0	0	0	0	1	0	0	0	0	0	0	0	0	55	0	0	0	55	0	0	0	0	0	1	0	0	0	0	0	0	0	0	13.7088	0	0	0	13.7088	0	0	0	0	0	1	0	0	0	0	0	0	0	0	101	0	0	0	101	0	0	0	0	0	1	0	0	0	0	0	0	0	0	0	0	0	0	0	0	0	0	0	0	0	0	0	0	0	0	0	0	0	0	0	0	0	0	0	0	0	0	0	0	0	0	0
20	0	0	0	0	0	0	175	0	0	0	175	0	0	0	0	0	0.106875	0	0	0	0.106875	0	0	0	0	0	1	0	0	0	0	0	0	0	0	61	0	0	0	61	0	0	0	0	0	1	0	0	0	0	0	0	0	0	16.2676	0	0	0	16.2676	0	0	0	0	0	1	0	0	0	0	0	0	0	0	117	0	0	0	117	0	0	0	0	0	1	0	0	0	0	0	0	0	0	0	0	0	0	0	0	0	0	0	0	0	0	0	0	0	0	0	0	0	0	0	0	0	0	0	0	0	0	0	0	0	0	0
21	0	0	0	0	0	0	194	0	0	0	194	0	0	0	0	0	0.0962654	0	0	0	0.0962654	0	0	0	0	0	1	0	0	0	0	0	0	0	0	68	0	0	0	68	0	0	0	0	0	1	0	0	0	0	0	0	0	0	19.004	0	0	0	19.004	0	0	0	0	0	1	0	0	0	0	0	0	0	0	138	0	0	0	138	0	0	0	0	0	1	0	0	0	0	0	0	0	0	0	0	0	0	0	0	0	0	0	0	0	0	0	0	0	0	0	0	0	0	0	0	0	0	0	0	0	0	0	0	0	0	0
22	0	0	0	0	0	0	243	0	0	0	243	0	0	0	0	0	0.112736	0	0	0	0.112736	0	0	0	0	0	1	0	0	0	0	0	0	0	0	69	0	0	0	69	0	0	0	0	0	1	0	0	0	0	0	0	0	0	21.4413	0	0	0	21.4413	0	0	0	0	0	1	0	0	0	0	0	0	0	0	150	0	0	0	150	0	0	0	0	0	1	0	0	0	0	0	0	0	0	0	0	0	0	0	0	0	0	0	0	0	0	0	0	0	0	0	0	0	0	0	0	0	0	0	0	0	0	0	0	0	0	0
23	0	0	0	0	0	0	264	0	0	0	264	0	0	0	0	0	0.121945	0	0	0	0.121945	0	0	0	0	0	1	0	0	0	0	0	0	0	0	79	0	0	0	79	0	0	0	0	0	1	0	0	0	0	0	0	0	0	23.9781	0	0	0	23.9781	0	0	0	0	0	1	0	0	0	0	0	0	0	0	161	0	0	0	161	0	0	0	0	0	1	0	0	0	0	0	0	0	0	0	0	0	0	0	0	0	0	0	0	0	0	0	0	0	0	0	0	0	0	0	0	0	0	0	0	0	0	0	0	0	0	0
24	0	0	0	0	0	0	303	0	0	0	303	0	0	0	0	0	0.117428	0	0	0	0.117428	0	0	0	0	0	1	0	0	0	0	0	0	0	0	95	0	0	0	95	0	0	0	0	0	1	0	0	0	0	0	0	0	0	27.8363	0	0	0	27.8363	0	0	0	0	0	1	0	0	0	0	0	0	0	0	174	0	0	0	174	0	0	0	0	0	1	0	0	0	0	0	0	0	0	0	0	0	0	0	0	0	0	0	0	0	0	0	0	0	0	0	0	0	0	0	0	0	0	0	0	0	0	0	0	0	0	0
25	0	0	0	0	0	0	332	0	0	0	332	0	0	0	0	0	0.174771	0	0	0	0.174771	0	0	0	0	0	1	0	0	0	0	0	0	0	0	113	0	0	0	113	0	0	0	0	0	1	0	0	0	0	0	0	0	0	31.341	0	0	0	31.341	0	0	0	0	0	1	0	0	0	0	0	0	0	0	182	0	0	0	182	0	0	0	0	0	1	0	0	0	0	0	0	0	0	0	0	0	0	0	0	0	0	0	0	0	0	0	0	0	0	0	0	0	0	0	0	0	0	0	0	0	0	0	0	0	0	0
26	0	0	0	0	0	0	353	0	0	0	353	0	0	0	0	0	0.205202	0	0	0	0.205202	0	0	0	0	0	1	0	0	0	0	0	0	0	0	127	0	0	0	127	0	0	0	0	0	1	0	0	0	0	0	0	0	0	33.1147	0	0	0	33.1147	0	0	0	0	0	1	0	0	0	0	0	0	0	0	195	0	0	0	195	0	0	0	0	0	1	0	0	0	0	0	0	0	0	0	0	0	0	0	0	0	0	0	0	0	0	0	0	0	0	0	0	0	0	0	0	0	0	0	0	0	0	0	0	0	0	0
27	0	0	0	0	0	0	400	0	0	0	400	0	0	0	0	0	0.208988	0	0	0	0.208988	0	0	0	0	0	1	0	0	0	0	0	0	0	0	130	0	0	0	130	0	0	0	0	0	1	0	0	0	0	0	0	0	0	36.4982	0	0	0	36.4982	0	0	0	0	0	1	0	0	0	0	0	0	0	0	218	0	0	0	218	0	0	0	0	0	1	0	0	0	0	0	0	0	0	0	0	0	0	0	0	0	0	0	0	0	0	0	0	0	0	0	0	0	0	0	0	0	0	0	0	0	0	0	0	0	0	0
28	0	0	0	0	0	0	417	0	0	0	417	0	0	0	0	0	0.227584	0	0	0	0.227584	0	0	0	0	0	1	0	0	0	0	0	0	0	0	146	0	0	0	146	0	0	0	0	0	1	0	0	0	0	0	0	0	0	39.7354	0	0	0	39.7354	0	0	0	0	0	1	0	0	0	0	0	0	0	0	234	0	0	0	234	0	0	0	0	0	1	0	0	0	0	0	0	0	0	0	0	0	0	0	0	0	0	0	0	0	0	0	0	0	0	0	0	0	0	0	0	0	0	0	0	0	0	0	0	0	0	0
29	0	0	0	0	0	0	416	0	0	0	416	0	0	0	0	0	0.224455	0	0	0	0.224455	0	0	0	0	0	1	0	0	0	0	0	0	0	0	148	0	0	0	148	0	0	0	0	0	1	0	0	0	0	0	0	0	0	43.3335	0	0	0	43.3335	0	0	0	0	0	1	0	0	0	0	0	0	0	0	254	0	0	0	254	0	0	0	0	0	1	0	0	0	0	0	0	0	0	0	0	0	0	0	0	0	0	0	0	0	0	0	0	0	0	0	0	0	0	0	0	0	0	0	0	0	0	0	0	0	0	0
30	0	0	0	0	0	0	437	0	0	0	437	0	0	0	0	0	0.248406	0	0	0	0.248406	0	0	0	0	0	1	0	0	0	0	0	0	0	0	162	0	0	0	162	0	0	0	0	0	1	0	0	0	0	0	0	0	0	47.3723	0	0	0	47.3723	0	0	0	0	0	1	0	0	0	0	0	0	0	0	266	0	0	0	266	0	0	0	0	0	1	0	0	0	0	0	0	0	0	0	0	0	0	0	0	0	0	0	0	0	0	0	0	0	0	0	0	0	0	0	0	0	0	0	0	0	0	0	0	0	0	0
31	0	0	0	0	0	0	455	0	0	0	455	0	0	0	0	0	0.264486	0	0	0	0.264486	0	0	0	0	0	1	0	0	0	0	0	0	0	0	159	0	0	0	159	0	0	0	0	0	1	0	0	0	0	0	0	0	0	51.2107	0	0	0	51.2107	0	0	0	0	0	1	0	0	0	0	0	0	0	0	283	0	0	0	283	0	0	0	0	0	1	0	0	0	0	0	0	0	0	0	0	0	0	0	0	0	0	0	0	0	0	0	0	0	0	0	0	0	0	0	0	0	0	0	0	0	0	0	0	0	0	0
32	0	0	0	0	0	0	470	0	0	0	470	0	0	0	0	0	0.330936	0	0	0	0.330936	0	0	0	0	0	1	0	0	0	0	0	0	0	0	153	0	0	0	153	0	0	0	0	0	1	0	0	0	0	0	0	0	0	55.0676	0	0	0	55.0676	0	0	0	0	0	1	0	0	0	0	0	0	0	0	295	0	0	0	295	0	0	0	0	0	1	0	0	0	0	0	0	0	0	0	0	0	0	0	0	0	0	0	0	0	0	0	0	0	0	0	0	0	0	0	0	0	0	0	0	0	0	0	0	0	0	0
33	0	0	0	0	0	0	477	0	0	0	477	0	0	0	0	0	0.320688	0	0	0	0.320688	0	0	0	0	0	1	0	0	0	0	0	0	0	0	145	0	0	0	145	0	0	0	0	0	1	0	0	0	0	0	0	0	0	58.1005	0	0	0	58.1005	0	0	0	0	0	1	0	0	0	0	0	0	0	0	305	0	0	0	305	0	0	0	0	0	1	0	0	0	0	0	0	0	0	0	0	0	0	0	0	0	0	0	0	0	0	0	0	0	0	0	0	0	0	0	0	0	0	0	0	0	0	0	0	0	0	0
34	0	0	0	0	0	0	474	0	0	0	474	0	0	0	0	0	0.283813	0	0	0	0.283813	0	0	0	0	0	1	0	0	0	0	0	0	0	0	128	0	0	0	128	0	0	0	0	0	1	0	0	0	0	0	0	0	0	60.2575	0	0	0	60.2575	0	0	0	0	0	1	0	0	0	0	0	0	0	0	321	0	0	0	321	0	0	0	0	0	1	0	0	0	0	0	0	0	0	0	0	0	0	0	0	0	0	0	0	0	0	0	0	0	0	0	0	0	0	0	0	0	0	0	0	0	0	0	0	0	0	0
35	0	0	0	0	0	0	502	0	0	0	502	0	0	0	0	0	0.223935	0	0	0	0.223935	0	0	0	0	0	1	0	0	0	0	0	0	0	0	101	0	0	0	101	0	0	0	0	0	1	0	0	0	0	0	0	0	0	64.1756	0	0	0	64.1756	0	0	0	0	0	1	0	0	0	0	0	0	0	0	333	0	0	0	333	0	0	0	0	0	1	0	0	0	0	0	0	0	0	0	0	0	0	0	0	0	0	0	0	0	0	0	0	0	0	0	0	0	0	0	0	0	0	0	0	0	0	0	0	0	0	0
36	0	0	0	0	0	0	535	0	0	0	535	0	0	0	0	0	0.258526	0	0	0	0.258526	0	0	0	0	0	1	0	0	0	0	0	0	0	0	92	0	0	0	92	0	0	0	0	0	1	0	0	0	0	0	0	0	0	67.9103	0	0	0	67.9103	0	0	0	0	0	1	0	0	0	0	0	0	0	0	332	0	0	0	332	0	0	0	0	0	1	0	0	0	0	0	0	0	0	0	0	0	0	0	0	0	0	0	0	0	0	0	0	0	0	0	0	0	0	0	0	0	0	0	0	0	0	0	0	0	0	0
37	0	0	0	0	0	0	506	0	0	0	506	0	0	0	0	0	0.24412	0	0	0	0.24412	0	0	0	0	0	1	0	0	0	0	0	0	0	0	75	0	0	0	75	0	0	0	0	0	1	0	0	0	0	0	0	0	0	69.9489	0	0	0	69.9489	0	0	0	0	0	1	0	0	0	0	0	0	0	0	334	0	0	0	334	0	0	0	0	0	1	0	0	0	0	0	0	0	0	0	0	0	0	0	0	0	0	0	0	0	0	0	0	0	0	0	0	0	0	0	0	0	0	0	0	0	0	0	0	0	0	0
38	0	0	0	0	0	0	532	0	0	0	532	0	0	0	0	0	0.133639	0	0	0	0.133639	0	0	0	0	0	1	0	0	0	0	0	0	0	0	50	0	0	0	50	0	0	0	0	0	1	0	0	0	0	0	0	0	0	73.8858	0	0	0	73.8858	0	0	0	0	0	1	0	0	0	0	0	0	0	0	346	0	0	0	346	0	0	0	0	0	1	0	0	0	0	0	0	0	0	0	0	0	0	0	0	0	0	0	0	0	0	0	0	0	0	0	0	0	0	0	0	0	0	0	0	0	0	0	0	0	0	0
39	0	0	0	0	0	0	558	0	0	0	558	0	0	0	0	0	0.107563	0	0	0	0.107563	0	0	0	0	0	1	0	0	0	0	0	0	0	0	44	0	0	0	44	0	0	0	0	0	1	0	0	0	0	0	0	0	0	77.204	0	0	0	77.204	0	0	0	0	0	1	0	0	0	0	0	0	0	0	344	0	0	0	344	0	0	0	0	0	1	0	0	0	0	0	0	0	0	0	0	0	0	0	0	0	0	0	0	0	0	0	0	0	0	0	0	0	0	0	0	0	0	0	0	0	0	0	0	0	0	0
40	0	0	0	0	0	0	565	0	0	0	565	0	0	0	0	0	0.120236	0	0	0	0.120236	0	0	0	0	0	1	0	0	0	0	0	0	0	0	42	0	0	0	42	0	0	0	0	0	1	0	0	0	0	0	0	0	0	80.1409	0	0	0	80.1409	0	0	0	0	0	1	0	0	0	0	0	0	0	0	335	0	0	0	335	0	0	0	0	0	1	0	0	0	0	0	0	0	0	0	0	0	0	0	0	0	0	0	0	0	0	0	0	0	0	0	0	0	0	0	0	0	0	0	0	0	0	0	0	0	0	0
41	0	0	0	0	0	0	589	0	0	0	589	0	0	0	0	0	0.0840917	0	0	0	0.0840917	0	0	0	0	0	1	0	0	0	0	0	0	0	0	33	0	0	0	33	0	0	0	0	0	1	0	0	0	0	0	0	0	0	82.1737	0	0	0	82.1737	0	0	0	0	0	1	0	0	0	0	0	0	0	0	326	0	0	0	326	0	0	0	0	0	1	0	0	0	0	0	0	0	0	0	0	0	0	0	0	0	0	0	0	0	0	0	0	0	0	0	0	0	0	0	0	0	0	0	0	0	0	0	0	0	0	0
42	0	0	0	0	0	0	579	0	0	0	579	0	0	0	0	0	0.0759723	0	0	0	0.0759723	0	0	0	0	0	1	0	0	0	0	0	0	0	0	31	0	0	0	31	0	0	0	0	0	1	0	0	0	0	0	0	0	0	84.9076	0	0	0	84.9076	0	0	0	0	0	1	0	0	0	0	0	0	0	0	314	0	0	0	314	0	0	0	0	0	1	0	0	0	0	0	0	0	0	0	0	0	0	0	0	0	0	0	0	0	0	0	0	0	0	0	0	0	0	0	0	0	0	0	0	0	0	0	0	0	0	0
43	0	0	0	0	0	0	600	0	0	0	600	0	0	0	0	0	0.0687449	0	0	0	0.0687449	0	0	0	0	0	1	0	0	0	0	0	0	0	0	26	0	0	0	26	0	0	0	0	0	1	0	0	0	0	0	0	0	0	86.7578	0	0	0	86.7578	0	0	0	0	0	1	0	0	0	0	0	0	0	0	299	0	0	0	299	0	0	0	0	0	1	0	0	0	0	0	0	0	0	0	0	0	0	0	0	0	0	0	0	0	0	0	0	0	0	0	0	0	0	0	0	0	0	0	0	0	0	0	0	0	0	0
44	0	0	0	0	0	0	610	0	0	0	610	0	0	0	0	0	0.065241	0	0	0	0.065241	0	0	0	0	0	1	0	0	0	0	0	0	0	0	26	0	0	0	26	0	0	0	0	0	1	0	0	0	0	0	0	0	0	89.0003	0	0	0	89.0003	0	0	0	0	0	1	0	0	0	0	0	0	0	0	292	0	0	0	292	0	0	0	0	0	1	0	0	0	0	0	0	0	0	0	0	0	0	0	0	0	0	0	0	0	0	0	0	0	0	0	0	0	0	0	0	0	0	0	0	0	0	0	0	0	0	0
45	0	0	0	0	0	0	603	0	0	0	603	0	0	0	0	0	0.0723412	0	0	0	0.0723412	0	0	0	0	0	1	0	0	0	0	0	0	0	0	26	0	0	0	26	0	0	0	0	0	1	0	0	0	0	0	0	0	0	89.3889	0	0	0	89.3889	0	0	0	0	0	1	0	0	0	0	0	0	0	0	282	0	0	0	282	0	0	0	0	0	1	0	0	0	0	0	0	0	0	0	0	0	0	0	0	0	0	0	0	0	0	0	0	0	0	0	0	0	0	0	0	0	0	0	0	0	0	0	0	0	0	0
46	0	0	0	0	0	0	587	0	0	0	587	0	0	0	0	0	0.0555528	0	0	0	0.0555528	0	0	0	0	0	1	0	0	0	0	0	0	0	0	20	0	0	0	20	0	0	0	0	0	1	0	0	0	0	0	0	0	0	88.8217	0	0	0	88.8217	0	0	0	0	0	1	0	0	0	0	0	0	0	0	266	0	0	0	266	0	0	0	0	0	1	0	0	0	0	0	0	0	0	0	0	0	0	0	0	0	0	0	0	0	0	0	0	0	0	0	0	0	0	0	0	0	0	0	0	0	0	0	0	0	0	0
47	0	0	0	0	0	0	604	0	0	0	604	0	0	0	0	0	0.0265817	0	0	0	0.0265817	0	0	0	0	0	1	0	0	0	0	0	0	0	0	12	0	0	0	12	0	0	0	0	0	1	0	0	0	0	0	0	0	0	91.3061	0	0	0	91.3061	0	0	0	0	0	1	0	0	0	0	0	0	0	0	264	0	0	0	264	0	0	0	0	0	1	0	0	0	0	0	0	0	0	0	0	0	0	0	0	0	0	0	0	0	0	0	0	0	0	0	0	0	0	0	0	0	0	0	0	0	0	0	0	0	0	0
48	0	0	0	0	0	0	632	0	0	0	632	0	0	0	0	0	0.0199009	0	0	0	0.0199009	0	0	0	0	0	1	0	0	0	0	0	0	0	0	10	0	0	0	10	0	0	0	0	0	1	0	0	0	0	0	0	0	0	94.7559	0	0	0	94.7559	0	0	0	0	0	1	0	0	0	0	0	0	0	0	262	0	0	0	262	0	0	0	0	0	1	0	0	0	0	0	0	0	0	0	0	0	0	0	0	0	0	0	0	0	0	0	0	0	0	0	0	0	0	0	0	0	0	0	0	0	0	0	0	0	0	0
49	0	0	0	0	0	0	622	0	0	0	622	0	0	0	0	0	0.014389	0	0	0	0.014389	0	0	0	0	0	1	0	0	0	0	0	0	0	0	8	0	0	0	8	0	0	0	0	0	1	0	0	0	0	0	0	0	0	94.9998	0	0	0	94.9998	0	0	0	0	0	1	0	0	0	0	0	0	0	0	250	0	0	0	250	0	0	0	0	0	1	0	0	0	0	0	0	0	0	0	0	0	0	0	0	0	0	0	0	0	0	0	0	0	0	0	0	0	0	0	0	0	0	0	0	0	0	0	0	0	0	0
50	0	0	0	0	0	0	622	0	0	0	622	0	0	0	0	0	0.0191926	0	0	0	0.0191926	0	0	0	0	0	1	0	0	0	0	0	0	0	0	8	0	0	0	8	0	0	0	0	0	1	0	0	0	0	0	0	0	0	96.2798	0	0	0	96.2798	0	0	0	0	0	1	0	0	0	0	0	0	0	0	240	0	0	0	240	0	0	0	0	0	1	0	0	0	0	0	0	0	0	0	0	0	0	0	0	0	0	0	0	0	0	0	0	0	0	0	0	0	0	0	0	0	0	0	0	0	0	0	0	0	0	0
51	0	0	0	0	0	0	634	0	0	0	634	0	0	0	0	0	0.0188742	0	0	0	0.0188742	0	0	0	0	0	1	0	0	0	0	0	0	0	0	8	0	0	0	8	0	0	0	0	0	1	0	0	0	0	0	0	0	0	96.8628	0	0	0	96.8628	0	0	0	0	0	1	0	0	0	0	0	0	0	0	233	0	0	0	233	0	0	0	0	0	1	0	0	0	0	0	0	0	0	0	0	0	0	0	0	0	0	0	0	0	0	0	0	0	0	0	0	0	0	0	0	0	0	0	0	0	0	0	0	0	0	0
52	0	0	0	0	0	0	622	0	0	0	622	0	0	0	0	0	0.0214257	0	0	0	0.0214257	0	0	0	0	0	1	0	0	0	0	0	0	0	0	7	0	0	0	7	0	0	0	0	0	1	0	0	0	0	0	0	0	0	94.7352	0	0	0	94.7352	0	0	0	0	0	1	0	0	0	0	0	0	0	0	218	0	0	0	218	0	0	0	0	0	1	0	0	0	0	0	0	0	0	0	0	0	0	0	0	0	0	0	0	0	0	0	0	0	0	0	0	0	0	0	0	0	0	0	0	0	0	0	0	0	0	0
53	0	0	0	0	0	0	642	0	0	0	642	0	0	0	0	0	0.0144431	0	0	0	0.0144431	0	0	0	0	0	1	0	0	0	0	0	0	0	0	5	0	0	0	5	0	0	0	0	0	1	0	0	0	0	0	0	0	0	96.5298	0	0	0	96.5298	0	0	0	0	0	1	0	0	0	0	0	0	0	0	211	0	0	0	211	0	0	0	0	0	1	0	0	0	0	0	0	0	0	0	0	0	0	0	0	0	0	0	0	0	0	0	0	0	0	0	0	0	0	0	0	0	0	0	0	0	0	0	0	0	0	0
54	0	0	0	0	0	0	635	0	0	0	635	0	0	0	0	0	0.0139703	0	0	0	0.0139703	0	0	0	0	0	1	0	0	0	0	0	0	0	0	4	0	0	0	4	0	0	0	0	0	1	0	0	0	0	0	0	0	0	97.3039	0	0	0	97.3039	0	0	0	0	0	1	0	0	0	0	0	0	0	0	206	0	0	0	206	0	0	0	0	0	1	0	0	0	0	0	0	0	0	0	0	0	0	0	0	0	0	0	0	0	0	0	0	0	0	0	0	0	0	0	0	0	0	0	0	0	0	0	0	0	0	0
55	0	0	0	0	0	0	649	0	0	0	649	0	0	0	0	0	0.0207695	0	0	0	0.0207695	0	0	0	0	0	1	0	0	0	0	0	0	0	0	4	0	0	0	4	0	0	0	0	0	1	0	0	0	0	0	0	0	0	97.2571	0	0	0	97.2571	0	0	0	0	0	1	0	0	0	0	0	0	0	0	198	0	0	0	198	0	0	0	0	0	1	0	0	0	0	0	0	0	0	0	0	0	0	0	0	0	0	0	0	0	0	0	0	0	0	0	0	0	0	0	0	0	0	0	0	0	0	0	0	0	0	0
56	0	0	0	0	0	0	638	0	0	0	638	0	0	0	0	0	0.0128535	0	0	0	0.0128535	0	0	0	0	0	1	0	0	0	0	0	0	0	0	3	0	0	0	3	0	0	0	0	0	1	0	0	0	0	0	0	0	0	96.3975	0	0	0	96.3975	0	0	0	0	0	1	0	0	0	0	0	0	0	0	189	0	0	0	189	0	0	0	0	0	1	0	0	0	0	0	0	0	0	0	0	0	0	0	0	0	0	0	0	0	0	0	0	0	0	0	0	0	0	0	0	0	0	0	0	0	0	0	0	0	0	0
57	0	0	0	0	0	0	644	0	0	0	644	0	0	0	0	0	0.00710499	0	0	0	0.00710499	0	0	0	0	0	1	0	0	0	0	0	0	0	0	2	0	0	0	2	0	0	0	0	0	1	0	0	0	0	0	0	0	0	98.6354	0	0	0	98.6354	0	0	0	0	0	1	0	0	0	0	0	0	0	0	185	0	0	0	185	0	0	0	0	0	1	0	0	0	0	0	0	0	0	0	0	0	0	0	0	0	0	0	0	0	0	0	0	0	0	0	0	0	0	0	0	0	0	0	0	0	0	0	0	0	0	0
58	0	0	0	0	0	0	638	0	0	0	638	0	0	0	0	0	0.00852411	0	0	0	0.00852411	0	0	0	0	0	1	0	0	0	0	0	0	0	0	2	0	0	0	2	0	0	0	0	0	1	0	0	0	0	0	0	0	0	98.0771	0	0	0	98.0771	0	0	0	0	0	1	0	0	0	0	0	0	0	0	174	0	0	0	174	0	0	0	0	0	1	0	0	0	0	0	0	0	0	0	0	0	0	0	0	0	0	0	0	0	0	0	0	0	0	0	0	0	0	0	0	0	0	0	0	0	0	0	0	0	0	0
59	0	0	0	0	0	0	650	0	0	0	650	0	0	0	0	0	0.00437092	0	0	0	0.00437092	0	0	0	0	0	1	0	0	0	0	0	0	0	0	1	0	0	0	1	0	0	0	0	0	1	0	0	0	0	0	0	0	0	96.735	0	0	0	96.735	0	0	0	0	0	1	0	0	0	0	0	0	0	0	164	0	0	0	164	0	0	0	0	0	1	0	0	0	0	0	0	0	0	0	0	0	0	0	0	0	0	0	0	0	0	0	0	0	0	0	0	0	0	0	0	0	0	0	0	0	0	0	0	0	0	0
60	0	0	0	0	0	0	635	0	0	0	635	0	0	0	0	0	0	0	0	0	0	0	0	0	0	0	0	0	0	0	0	0	0	0	0	0	0	0	0	0	0	0	0	0	0	0	0	0	0	0	0	0	0	0	96.4653	0	0	0	96.4653	0	0	0	0	0	1	0	0	0	0	0	0	0	0	158	0	0	0	158	0	0	0	0	0	1	0	0	0	0	0	0	0	0	0	0	0	0	0	0	0	0	0	0	0	0	0	0	0	0	0	0	0	0	0	0	0	0	0	0	0	0	0	0	0	0	0
61	0	0	0	0	0	0	633	0	0	0	633	0	0	0	0	0	0	0	0	0	0	0	0	0	0	0	0	0	0	0	0	0	0	0	0	0	0	0	0	0	0	0	0	0	0	0	0	0	0	0	0	0	0	0	94.3425	0	0	0	94.3425	0	0	0	0	0	1	0	0	0	0	0	0	0	0	152	0	0	0	152	0	0	0	0	0	1	0	0	0	0	0	0	0	0	0	0	0	0	0	0	0	0	0	0	0	0	0	0	0	0	0	0	0	0	0	0	0	0	0	0	0	0	0	0	0	0	0
62	0	0	0	0	0	0	654	0	0	0	654	0	0	0	0	0	0.000712249	0	0	0	0.000712249	0	0	0	0	0	1	0	0	0	0	0	0	0	0	5	0	0	0	5	0	0	0	0	0	1	0	0	0	0	0	0	0	0	94.6158	0	0	0	94.6158	0	0	0	0	0	1	0	0	0	0	0	0	0	0	149	0	0	0	149	0	0	0	0	0	1	0	0	0	0	0	0	0	0	0	0	0	0	0	0	0	0	0	0	0	0	0	0	0	0	0	0	0	0	0	0	0	0	0	0	0	0	0	0	0	0	0
63	0	0	0	0	0	0	648	0	0	0	648	0	0	0	0	0	0.00186044	0	0	0	0.00186044	0	0	0	0	0	1	0	0	0	0	0	0	0	0	5	0	0	0	5	0	0	0	0	0	1	0	0	0	0	0	0	0	0	92.8646	0	0	0	92.8646	0	0	0	0	0	1	0	0	0	0	0	0	0	0	142	0	0	0	142	0	0	0	0	0	1	0	0	0	0	0	0	0	0	0	0	0	0	0	0	0	0	0	0	0	0	0	0	0	0	0	0	0	0	0	0	0	0	0	0	0	0	0	0	0	0	0
64	0	0	0	0	0	0	637	0	0	0	637	0	0	0	0	0	0.00557071	0	0	0	0.00557071	0	0	0	0	0	1	0	0	0	0	0	0	0	0	7	0	0	0	7	0	0	0	0	0	1	0	0	0	0	0	0	0	0	92.5932	0	0	0	92.5932	0	0	0	0	0	1	0	0	0	0	0	0	0	0	136	0	0	0	136	0	0	0	0	0	1	0	0	0	0	0	0	0	0	0	0	0	0	0	0	0	0	0	0	0	0	0	0	0	0	0	0	0	0	0	0	0	0	0	0	0	0	0	0	0	0	0
65	0	0	0	0	0	0	622	0	0	0	622	0	0	0	0	0	0.0163805	0	0	0	0.0163805	0	0	0	0	0	1	0	0	0	0	0	0	0	0	10	0	0	0	10	0	0	0	0	0	1	0	0	0	0	0	0	0	0	90.6864	0	0	0	90.6864	0	0	0	0	0	1	0	0	0	0	0	0	0	0	129	0	0	0	129	0	0	0	0	0	1	0	0	0	0	0	0	0	0	0	0	0	0	0	0	0	0	0	0	0	0	0	0	0	0	0	0	0	0	0	0	0	0	0	0	0	0	0	0	0	0	0
66	0	0	0	0	0	0	590	0	0	0	590	0	0	0	0	0	0.0288333	0	0	0	0.0288333	0	0	0	0	0	1	0	0	0	0	0	0	0	0	14	0	0	0	14	0	0	0	0	0	1	0	0	0	0	0	0	0	0	88.0272	0	0	0	88.0272	0	0	0	0	0	1	0	0	0	0	0	0	0	0	121	0	0	0	121	0	0	0	0	0	1	0	0	0	0	0	0	0	0	0	0	0	0	0	0	0	0	0	0	0	0	0	0	0	0	0	0	0	0	0	0	0	0	0	0	0	0	0	0	0	0	0
67	0	0	0	0	0	0	602	0	0	0	602	0	0	0	0	0	0.00901733	0	0	0	0.00901733	0	0	0	0	0	1	0	0	0	0	0	0	0	0	8	0	0	0	8	0	0	0	0	0	1	0	0	0	0	0	0	0	0	85.85	0	0	0	85.85	0	0	0	0	0	1	0	0	0	0	0	0	0	0	118	0	0	0	118	0	0	0	0	0	1	0	0	0	0	0	0	0	0	0	0	0	0	0	0	0	0	0	0	0	0	0	0	0	0	0	0	0	0	0	0	0	0	0	0	0	0	0	0	0	0	0
68	0	0	0	0	0	0	621	0	0	0	621	0	0	0	0	0	0.0114691	0	0	0	0.0114691	0	0	0	0	0	1	0	0	0	0	0	0	0	0	12	0	0	0	12	0	0	0	0	0	1	0	0	0	0	0	0	0	0	87.2655	0	0	0	87.2655	0	0	0	0	0	1	0	0	0	0	0	0	0	0	119	0	0	0	119	0	0	0	0	0	1	0	0	0	0	0	0	0	0	0	0	0	0	0	0	0	0	0	0	0	0	0	0	0	0	0	0	0	0	0	0	0	0	0	0	0	0	0	0	0	0	0
69	0	0	0	0	0	0	623	0	0	0	623	0	0	0	0	0	0.0225981	0	0	0	0.0225981	0	0	0	0	0	1	0	0	0	0	0	0	0	0	13	0	0	0	13	0	0	0	0	0	1	0	0	0	0	0	0	0	0	87.7801	0	0	0	87.7801	0	0	0	0	0	1	0	0	0	0	0	0	0	0	116	0	0	0	116	0	0	0	0	0	1	0	0	0	0	0	0	0	0	0	0	0	0	0	0	0	0	0	0	0	0	0	0	0	0	0	0	0	0	0	0	0	0	0	0	0	0	0	0	0	0	0
70	0	0	0	0	0	0	632	0	0	0	632	0	0	0	0	0	0.011774	0	0	0	0.011774	0	0	0	0	0	1	0	0	0	0	0	0	0	0	12	0	0	0	12	0	0	0	0	0	1	0	0	0	0	0	0	0	0	87.9383	0	0	0	87.9383	0	0	0	0	0	1	0	0	0	0	0	0	0	0	114	0	0	0	114	0	0	0	0	0	1	0	0	0	0	0	0	0	0	0	0	0	0	0	0	0	0	0	0	0	0	0	0	0	0	0	0	0	0	0	0	0	0	0	0	0	0	0	0	0	0	0
71	0	0	0	0	0	0	642	0	0	0	642	0	0	0	0	0	0.0190228	0	0	0	0.0190228	0	0	0	0	0	1	0	0	0	0	0	0	0	0	13	0	0	0	13	0	0	0	0	0	1	0	0	0	0	0	0	0	0	86.5045	0	0	0	86.5045	0	0	0	0	0	1	0	0	0	0	0	0	0	0	111	0	0	0	111	0	0	0	0	0	1	0	0	0	0	0	0	0	0	0	0	0	0	0	0	0	0	0	0	0	0	0	0	0	0	0	0	0	0	0	0	0	0	0	0	0	0	0	0	0	0	0
72	0	0	0	0	0	0	651	0	0	0	651	0	0	0	0	0	0.0249577	0	0	0	0.0249577	0	0	0	0	0	1	0	0	0	0	0	0	0	0	13	0	0	0	13	0	0	0	0	0	1	0	0	0	0	0	0	0	0	86.6582	0	0	0	86.6582	0	0	0	0	0	1	0	0	0	0	0	0	0	0	110	0	0	0	110	0	0	0	0	0	1	0	0	0	0	0	0	0	0	0	0	0	0	0	0	0	0	0	0	0	0	0	0	0	0	0	0	0	0	0	0	0	0	0	0	0	0	0	0	0	0	0
73	0	0	0	0	0	0	629	0	0	0	629	0	0	0	0	0	0.0157012	0	0	0	0.0157012	0	0	0	0	0	1	0	0	0	0	0	0	0	0	11	0	0	0	11	0	0	0	0	0	1	0	0	0	0	0	0	0	0	84.6114	0	0	0	84.6114	0	0	0	0	0	1	0	0	0	0	0	0	0	0	109	0	0	0	109	0	0	0	0	0	1	0	0	0	0	0	0	0	0	0	0	0	0	0	0	0	0	0	0	0	0	0	0	0	0	0	0	0	0	0	0	0	0	0	0	0	0	0	0	0	0	0
74	0	0	0	0	0	0	629	0	0	0	629	0	0	0	0	0	0.0177072	0	0	0	0.0177072	0	0	0	0	0	1	0	0	0	0	0	0	0	0	17	0	0	0	17	0	0	0	0	0	1	0	0	0	0	0	0	0	0	84.0844	0	0	0	84.0844	0	0	0	0	0	1	0	0	0	0	0	0	0	0	106	0	0	0	106	0	0	0	0	0	1	0	0	0	0	0	0	0	0	0	0	0	0	0	0	0	0	0	0	0	0	0	0	0	0	0	0	0	0	0	0	0	0	0	0	0	0	0	0	0	0	0
75	0	0	0	0	0	0	655	0	0	0	655	0	0	0	0	0	0.0240426	0	0	0	0.0240426	0	0	0	0	0	1	0	0	0	0	0	0	0	0	21	0	0	0	21	0	0	0	0	0	1	0	0	0	0	0	0	0	0	84.6151	0	0	0	84.6151	0	0	0	0	0	1	0	0	0	0	0	0	0	0	105	0	0	0	105	0	0	0	0	0	1	0	0	0	0	0	0	0	0	0	0	0	0	0	0	0	0	0	0	0	0	0	0	0	0	0	0	0	0	0	0	0	0	0	0	0	0	0	0	0	0	0
76	0	0	0	0	0	0	652	0	0	0	652	0	0	0	0	0	0.0315211	0	0	0	0.0315211	0	0	0	0	0	1	0	0	0	0	0	0	0	0	21	0	0	0	21	0	0	0	0	0	1	0	0	0	0	0	0	0	0	84.1609	0	0	0	84.1609	0	0	0	0	0	1	0	0	0	0	0	0	0	0	104	0	0	0	104	0	0	0	0	0	1	0	0	0	0	0	0	0	0	0	0	0	0	0	0	0	0	0	0	0	0	0	0	0	0	0	0	0	0	0	0	0	0	0	0	0	0	0	0	0	0	0
77	0	0	0	0	0	0	648	0	0	0	648	0	0	0	0	0	0.0419307	0	0	0	0.0419307	0	0	0	0	0	1	0	0	0	0	0	0	0	0	27	0	0	0	27	0	0	0	0	0	1	0	0	0	0	0	0	0	0	83.4311	0	0	0	83.4311	0	0	0	0	0	1	0	0	0	0	0	0	0	0	104	0	0	0	104	0	0	0	0	0	1	0	0	0	0	0	0	0	0	0	0	0	0	0	0	0	0	0	0	0	0	0	0	0	0	0	0	0	0	0	0	0	0	0	0	0	0	0	0	0	0	0
78	0	0	0	0	0	0	653	0	0	0	653	0	0	0	0	0	0.0377311	0	0	0	0.0377311	0	0	0	0	0	1	0	0	0	0	0	0	0	0	33	0	0	0	33	0	0	0	0	0	1	0	0	0	0	0	0	0	0	82.3203	0	0	0	82.3203	0	0	0	0	0	1	0	0	0	0	0	0	0	0	103	0	0	0	103	0	0	0	0	0	1	0	0	0	0	0	0	0	0	0	0	0	0	0	0	0	0	0	0	0	0	0	0	0	0	0	0	0	0	0	0	0	0	0	0	0	0	0	0	0	0	0
79	0	0	0	0	0	0	643	0	0	0	643	0	0	0	0	0	0.0448837	0	0	0	0.0448837	0	0	0	0	0	1	0	0	0	0	0	0	0	0	36	0	0	0	36	0	0	0	0	0	1	0	0	0	0	0	0	0	0	81.2899	0	0	0	81.2899	0	0	0	0	0	1	0	0	0	0	0	0	0	0	104	0	0	0	104	0	0	0	0	0	1	0	0	0	0	0	0	0	0	0	0	0	0	0	0	0	0	0	0	0	0	0	0	0	0	0	0	0	0	0	0	0	0	0	0	0	0	0	0	0	0	0
80	0	0	0	0	0	0	645	0	0	0	645	0	0	0	0	0	0.0577027	0	0	0	0.0577027	0	0	0	0	0	1	0	0	0	0	0	0	0	0	43	0	0	0	43	0	0	0	0	0	1	0	0	0	0	0	0	0	0	81.4393	0	0	0	81.4393	0	0	0	0	0	1	0	0	0	0	0	0	0	0	106	0	0	0	106	0	0	0	0	0	1	0	0	0	0	0	0	0	0	0	0	0	0	0	0	0	0	0	0	0	0	0	0	0	0	0	0	0	0	0	0	0	0	0	0	0	0	0	0	0	0	0
81	0	0	0	0	0	0	623	0	0	0	623	0	0	0	0	0	0.0682357	0	0	0	0.0682357	0	0	0	0	0	1	0	0	0	0	0	0	0	0	42	0	0	0	42	0	0	0	0	0	1	0	0	0	0	0	0	0	0	78.103	0	0	0	78.103	0	0	0	0	0	1	0	0	0	0	0	0	0	0	103	0	0	0	103	0	0	0	0	0	1	0	0	0	0	0	0	0	0	0	0	0	0	0	0	0	0	0	0	0	0	0	0	0	0	0	0	0	0	0	0	0	0	0	0	0	0	0	0	0	0	0
82	0	0	0	0	0	0	615	0	0	0	615	0	0	0	0	0	0.0982803	0	0	0	0.0982803	0	0	0	0	0	1	0	0	0	0	0	0	0	0	51	0	0	0	51	0	0	0	0	0	1	0	0	0	0	0	0	0	0	78.332	0	0	0	78.332	0	0	0	0	0	1	0	0	0	0	0	0	0	0	107	0	0	0	107	0	0	0	0	0	1	0	0	0	0	0	0	0	0	0	0	0	0	0	0	0	0	0	0	0	0	0	0	0	0	0	0	0	0	0	0	0	0	0	0	0	0	0	0	0	0	0
83	0	0	0	0	0	0	645	0	0	0	645	0	0	0	0	0	0.0700774	0	0	0	0.0700774	0	0	0	0	0	1	0	0	0	0	0	0	0	0	41	0	0	0	41	0	0	0	0	0	1	0	0	0	0	0	0	0	0	79.5507	0	0	0	79.5507	0	0	0	0	0	1	0	0	0	0	0	0	0	0	117	0	0	0	117	0	0	0	0	0	1	0	0	0	0	0	0	0	0	0	0	0	0	0	0	0	0	0	0	0	0	0	0	0	0	0	0	0	0	0	0	0	0	0	0	0	0	0	0	0	0	0
84	0	0	0	0	0	0	623	0	0	0	623	0	0	0	0	0	0.0509607	0	0	0	0.0509607	0	0	0	0	0	1	0	0	0	0	0	0	0	0	44	0	0	0	44	0	0	0	0	0	1	0	0	0	0	0	0	0	0	75.8012	0	0	0	75.8012	0	0	0	0	0	1	0	0	0	0	0	0	0	0	118	0	0	0	118	0	0	0	0	0	1	0	0	0	0	0	0	0	0	0	0	0	0	0	0	0	0	0	0	0	0	0	0	0	0	0	0	0	0	0	0	0	0	0	0	0	0	0	0	0	0	0
85	0	0	0	0	0	0	553	0	0	0	553	0	0	0	0	0	0.0686356	0	0	0	0.0686356	0	0	0	0	0	1	0	0	0	0	0	0	0	0	51	0	0	0	51	0	0	0	0	0	1	0	0	0	0	0	0	0	0	66.4339	0	0	0	66.4339	0	0	0	0	0	1	0	0	0	0	0	0	0	0	110	0	0	0	110	0	0	0	0	0	1	0	0	0	0	0	0	0	0	0	0	0	0	0	0	0	0	0	0	0	0	0	0	0	0	0	0	0	0	0	0	0	0	0	0	0	0	0	0	0	0	0
86	0	0	0	0	0	0	591	0	0	0	591	0	0	0	0	0	0.0908521	0	0	0	0.0908521	0	0	0	0	0	1	0	0	0	0	0	0	0	0	60	0	0	0	60	0	0	0	0	0	1	0	0	0	0	0	0	0	0	67.7774	0	0	0	67.7774	0	0	0	0	0	1	0	0	0	0	0	0	0	0	115	0	0	0	115	0	0	0	0	0	1	0	0	0	0	0	0	0	0	0	0	0	0	0	0	0	0	0	0	0	0	0	0	0	0	0	0	0	0	0	0	0	0	0	0	0	0	0	0	0	0	0
87	0	0	0	0	0	0	604	0	0	0	604	0	0	0	0	0	0.102128	0	0	0	0.102128	0	0	0	0	0	1	0	0	0	0	0	0	0	0	69	0	0	0	69	0	0	0	0	0	1	0	0	0	0	0	0	0	0	66.3976	0	0	0	66.3976	0	0	0	0	0	1	0	0	0	0	0	0	0	0	124	0	0	0	124	0	0	0	0	0	1	0	0	0	0	0	0	0	0	0	0	0	0	0	0	0	0	0	0	0	0	0	0	0	0	0	0	0	0	0	0	0	0	0	0	0	0	0	0	0	0	0
88	0	0	0	0	0	0	611	0	0	0	611	0	0	0	0	0	0.110587	0	0	0	0.110587	0	0	0	0	0	1	0	0	0	0	0	0	0	0	75	0	0	0	75	0	0	0	0	0	1	0	0	0	0	0	0	0	0	62.7602	0	0	0	62.7602	0	0	0	0	0	1	0	0	0	0	0	0	0	0	129	0	0	0	129	0	0	0	0	0	1	0	0	0	0	0	0	0	0	0	0	0	0	0	0	0	0	0	0	0	0	0	0	0	0	0	0	0	0	0	0	0	0	0	0	0	0	0	0	0	0	0
89	0	0	0	0	0	0	599	0	0	0	599	0	0	0	0	0	0.111816	0	0	0	0.111816	0	0	0	0	0	1	0	0	0	0	0	0	0	0	103	0	0	0	103	0	0	0	0	0	1	0	0	0	0	0	0	0	0	62.0841	0	0	0	62.0841	0	0	0	0	0	1	0	0	0	0	0	0	0	0	140	0	0	0	140	0	0	0	0	0	1	0	0	0	0	0	0	0	0	0	0	0	0	0	0	0	0	0	0	0	0	0	0	0	0	0	0	0	0	0	0	0	0	0	0	0	0	0	0	0	0	0
90	0	0	0	0	0	0	617	0	0	0	617	0	0	0	0	0	0.146337	0	0	0	0.146337	0	0	0	0	0	1	0	0	0	0	0	0	0	0	131	0	0	0	131	0	0	0	0	0	1	0	0	0	0	0	0	0	0	64.7549	0	0	0	64.7549	0	0	0	0	0	1	0	0	0	0	0	0	0	0	151	0	0	0	151	0	0	0	0	0	1	0	0	0	0	0	0	0	0	0	0	0	0	0	0	0	0	0	0	0	0	0	0	0	0	0	0	0	0	0	0	0	0	0	0	0	0	0	0	0	0	0
91	0	0	0	0	0	0	586	0	0	0	586	0	0	0	0	0	0.219409	0	0	0	0.219409	0	0	0	0	0	1	0	0	0	0	0	0	0	0	161	0	0	0	161	0	0	0	0	0	1	0	0	0	0	0	0	0	0	65.6124	0	0	0	65.6124	0	0	0	0	0	1	0	0	0	0	0	0	0	0	162	0	0	0	162	0	0	0	0	0	1	0	0	0	0	0	0	0	0	0	0	0	0	0	0	0	0	0	0	0	0	0	0	0	0	0	0	0	0	0	0	0	0	0	0	0	0	0	0	0	0	0
92	0	0	0	0	0	0	598	0	0	0	598	0	0	0	0	0	0.28862	0	0	0	0.28862	0	0	0	0	0	1	0	0	0	0	0	0	0	0	149	0	0	0	149	0	0	0	0	0	1	0	0	0	0	0	0	0	0	66.1989	0	0	0	66.1989	0	0	0	0	0	1	0	0	0	0	0	0	0	0	182	0	0	0	182	0	0	0	0	0	1	0	0	0	0	0	0	0	0	0	0	0	0	0	0	0	0	0	0	0	0	0	0	0	0	0	0	0	0	0	0	0	0	0	0	0	0	0	0	0	0	0
93	0	0	0	0	0	0	593	0	0	0	593	0	0	0	0	0	0.220646	0	0	0	0.220646	0	0	0	0	0	1	0	0	0	0	0	0	0	0	126	0	0	0	126	0	0	0	0	0	1	0	0	0	0	0	0	0	0	67.6678	0	0	0	67.6678	0	0	0	0	0	1	0	0	0	0	0	0	0	0	212	0	0	0	212	0	0	0	0	0	1	0	0	0	0	0	0	0	0	0	0	0	0	0	0	0	0	0	0	0	0	0	0	0	0	0	0	0	0	0	0	0	0	0	0	0	0	0	0	0	0	0
94	0	0	0	0	0	0	604	0	0	0	604	0	0	0	0	0	0.236139	0	0	0	0.236139	0	0	0	0	0	1	0	0	0	0	0	0	0	0	119	0	0	0	119	0	0	0	0	0	1	0	0	0	0	0	0	0	0	69.1954	0	0	0	69.1954	0	0	0	0	0	1	0	0	0	0	0	0	0	0	233	0	0	0	233	0	0	0	0	0	1	0	0	0	0	0	0	0	0	0	0	0	0	0	0	0	0	0	0	0	0	0	0	0	0	0	0	0	0	0	0	0	0	0	0	0	0	0	0	0	0	0
95	0	0	0	0	0	0	631	0	0	0	631	0	0	0	0	0	0.237795	0	0	0	0.237795	0	0	0	0	0	1	0	0	0	0	0	0	0	0	106	0	0	0	106	0	0	0	0	0	1	0	0	0	0	0	0	0	0	73.3561	0	0	0	73.3561	0	0	0	0	0	1	0	0	0	0	0	0	0	0	250	0	0	0	250	0	0	0	0	0	1	0	0	0	0	0	0	0	0	0	0	0	0	0	0	0	0	0	0	0	0	0	0	0	0	0	0	0	0	0	0	0	0	0	0	0	0	0	0	0	0	0
96	0	0	0	0	0	0	570	0	0	0	570	0	0	0	0	0	0.16176	0	0	0	0.16176	0	0	0	0	0	1	0	0	0	0	0	0	0	0	95	0	0	0	95	0	0	0	0	0	1	0	0	0	0	0	0	0	0	70.8578	0	0	0	70.8578	0	0	0	0	0	1	0	0	0	0	0	0	0	0	263	0	0	0	263	0	0	0	0	0	1	0	0	0	0	0	0	0	0	0	0	0	0	0	0	0	0	0	0	0	0	0	0	0	0	0	0	0	0	0	0	0	0	0	0	0	0	0	0	0	0	0
97	0	0	0	0	0	0	599	0	0	0	599	0	0	0	0	0	0.156952	0	0	0	0.156952	0	0	0	0	0	1	0	0	0	0	0	0	0	0	94	0	0	0	94	0	0	0	0	0	1	0	0	0	0	0	0	0	0	73.1172	0	0	0	73.1172	0	0	0	0	0	1	0	0	0	0	0	0	0	0	263	0	0	0	263	0	0	0	0	0	1	0	0	0	0	0	0	0	0	0	0	0	0	0	0	0	0	0	0	0	0	0	0	0	0	0	0	0	0	0	0	0	0	0	0	0	0	0	0	0	0	0
98	0	0	0	0	0	0	609	0	0	0	609	0	0	0	0	0	0.14427	0	0	0	0.14427	0	0	0	0	0	1	0	0	0	0	0	0	0	0	90	0	0	0	90	0	0	0	0	0	1	0	0	0	0	0	0	0	0	74.3596	0	0	0	74.3596	0	0	0	0	0	1	0	0	0	0	0	0	0	0	269	0	0	0	269	0	0	0	0	0	1	0	0	0	0	0	0	0	0	0	0	0	0	0	0	0	0	0	0	0	0	0	0	0	0	0	0	0	0	0	0	0	0	0	0	0	0	0	0	0	0	0
99	0	0	0	0	0	0	630	0	0	0	630	0	0	0	0	0	0.157693	0	0	0	0.157693	0	0	0	0	0	1	0	0	0	0	0	0	0	0	81	0	0	0	81	0	0	0	0	0	1	0	0	0	0	0	0	0	0	78.3504	0	0	0	78.3504	0	0	0	0	0	1	0	0	0	0	0	0	0	0	267	0	0	0	267	0	0	0	0	0	1	0	0	0	0	0	0	0	0	0	0	0	0	0	0	0	0	0	0	0	0	0	0	0	0	0	0	0	0	0	0	0	0	0	0	0	0	0	0	0	0	0
100	0	0	0	0	0	0	629	0	0	0	629	0	0	0	0	0	0.168172	0	0	0	0.168172	0	0	0	0	0	1	0	0	0	0	0	0	0	0	85	0	0	0	85	0	0	0	0	0	1	0	0	0	0	0	0	0	0	81.3668	0	0	0	81.3668	0	0	0	0	0	1	0	0	0	0	0	0	0	0	270	0	0	0	270	0	0	0	0	0	1	0	0	0	0	0	0	0	0	0	0	0	0	0	0	0	0	0	0	0	0	0	0	0	0	0	0	0	0	0	0	0	0	0	0	0	0	0	0	0	0	0
101	0	0	0	0	0	0	632	0	0	0	632	0	0	0	0	0	0.153644	0	0	0	0.153644	0	0	0	0	0	1	0	0	0	0	0	0	0	0	82	0	0	0	82	0	0	0	0	0	1	0	0	0	0	0	0	0	0	84.1499	0	0	0	84.1499	0	0	0	0	0	1	0	0	0	0	0	0	0	0	270	0	0	0	270	0	0	0	0	0	1	0	0	0	0	0	0	0	0	0	0	0	0	0	0	0	0	0	0	0	0	0	0	0	0	0	0	0	0	0	0	0	0	0	0	0	0	0	0	0	0	0
102	0	0	0	0	0	0	628	0	0	0	628	0	0	0	0	0	0.151022	0	0	0	0.151022	0	0	0	0	0	1	0	0	0	0	0	0	0	0	80	0	0	0	80	0	0	0	0	0	1	0	0	0	0	0	0	0	0	83.9548	0	0	0	83.9548	0	0	0	0	0	1	0	0	0	0	0	0	0	0	269	0	0	0	269	0	0	0	0	0	1	0	0	0	0	0	0	0	0	0	0	0	0	0	0	0	0	0	0	0	0	0	0	0	0	0	0	0	0	0	0	0	0	0	0	0	0	0	0	0	0	0
103	0	0	0	0	0	0	620	0	0	0	620	0	0	0	0	0	0.152458	0	0	0	0.152458	0	0	0	0	0	1	0	0	0	0	0	0	0	0	71	0	0	0	71	0	0	0	0	0	1	0	0	0	0	0	0	0	0	85.5007	0	0	0	85.5007	0	0	0	0	0	1	0	0	0	0	0	0	0	0	267	0	0	0	267	0	0	0	0	0	1	0	0	0	0	0	0	0	0	0	0	0	0	0	0	0	0	0	0	0	0	0	0	0	0	0	0	0	0	0	0	0	0	0	0	0	0	0	0	0	0	0
104	0	0	0	0	0	0	613	0	0	0	613	0	0	0	0	0	0.179475	0	0	0	0.179475	0	0	0	0	0	1	0	0	0	0	0	0	0	0	64	0	0	0	64	0	0	0	0	0	1	0	0	0	0	0	0	0	0	86.7238	0	0	0	86.7238	0	0	0	0	0	1	0	0	0	0	0	0	0	0	264	0	0	0	264	0	0	0	0	0	1	0	0	0	0	0	0	0	0	0	0	0	0	0	0	0	0	0	0	0	0	0	0	0	0	0	0	0	0	0	0	0	0	0	0	0	0	0	0	0	0	0
105	0	0	0	0	0	0	623	0	0	0	623	0	0	0	0	0	0.128587	0	0	0	0.128587	0	0	0	0	0	1	0	0	0	0	0	0	0	0	49	0	0	0	49	0	0	0	0	0	1	0	0	0	0	0	0	0	0	90.0144	0	0	0	90.0144	0	0	0	0	0	1	0	0	0	0	0	0	0	0	272	0	0	0	272	0	0	0	0	0	1	0	0	0	0	0	0	0	0	0	0	0	0	0	0	0	0	0	0	0	0	0	0	0	0	0	0	0	0	0	0	0	0	0	0	0	0	0	0	0	0	0
106	0	0	0	0	0	0	625	0	0	0	625	0	0	0	0	0	0.11411	0	0	0	0.11411	0	0	0	0	0	1	0	0	0	0	0	0	0	0	41	0	0	0	41	0	0	0	0	0	1	0	0	0	0	0	0	0	0	88.8479	0	0	0	88.8479	0	0	0	0	0	1	0	0	0	0	0	0	0	0	262	0	0	0	262	0	0	0	0	0	1	0	0	0	0	0	0	0	0	0	0	0	0	0	0	0	0	0	0	0	0	0	0	0	0	0	0	0	0	0	0	0	0	0	0	0	0	0	0	0	0	0
107	0	0	0	0	0	0	638	0	0	0	638	0	0	0	0	0	0.100825	0	0	0	0.100825	0	0	0	0	0	1	0	0	0	0	0	0	0	0	33	0	0	0	33	0	0	0	0	0	1	0	0	0	0	0	0	0	0	91.5759	0	0	0	91.5759	0	0	0	0	0	1	0	0	0	0	0	0	0	0	260	0	0	0	260	0	0	0	0	0	1	0	0	0	0	0	0	0	0	0	0	0	0	0	0	0	0	0	0	0	0	0	0	0	0	0	0	0	0	0	0	0	0	0	0	0	0	0	0	0	0	0
108	0	0	0	0	0	0	642	0	0	0	642	0	0	0	0	0	0.0654896	0	0	0	0.0654896	0	0	0	0	0	1	0	0	0	0	0	0	0	0	22	0	0	0	22	0	0	0	0	0	1	0	0	0	0	0	0	0	0	91.5613	0	0	0	91.5613	0	0	0	0	0	1	0	0	0	0	0	0	0	0	259	0	0	0	259	0	0	0	0	0	1	0	0	0	0	0	0	0	0	0	0	0	0	0	0	0	0	0	0	0	0	0	0	0	0	0	0	0	0	0	0	0	0	0	0	0	0	0	0	0	0	0
109	0	0	0	0	0	0	621	0	0	0	621	0	0	0	0	0	0.0663465	0	0	0	0.0663465	0	0	0	0	0	1	0	0	0	0	0	0	0	0	19	0	0	0	19	0	0	0	0	0	1	0	0	0	0	0	0	0	0	93.8526	0	0	0	93.8526	0	0	0	0	0	1	0	0	0	0	0	0	0	0	250	0	0	0	250	0	0	0	0	0	1	0	0	0	0	0	0	0	0	0	0	0	0	0	0	0	0	0	0	0	0	0	0	0	0	0	0	0	0	0	0	0	0	0	0	0	0	0	0	0	0	0
110	0	0	0	0	0	0	665	0	0	0	665	0	0	0	0	0	0.0302155	0	0	0	0.0302155	0	0	0	0	0	1	0	0	0	0	0	0	0	0	13	0	0	0	13	0	0	0	0	0	1	0	0	0	0	0	0	0	0	95.7727	0	0	0	95.7727	0	0	0	0	0	1	0	0	0	0	0	0	0	0	250	0	0	0	250	0	0	0	0	0	1	0	0	0	0	0	0	0	0	0	0	0	0	0	0	0	0	0	0	0	0	0	0	0	0	0	0	0	0	0	0	0	0	0	0	0	0	0	0	0	0	0
111	0	0	0	0	0	0	655	0	0	0	655	0	0	0	0	0	0.0167513	0	0	0	0.0167513	0	0	0	0	0	1	0	0	0	0	0	0	0	0	12	0	0	0	12	0	0	0	0	0	1	0	0	0	0	0	0	0	0	97.1268	0	0	0	97.1268	0	0	0	0	0	1	0	0	0	0	0	0	0	0	246	0	0	0	246	0	0	0	0	0	1	0	0	0	0	0	0	0	0	0	0	0	0	0	0	0	0	0	0	0	0	0	0	0	0	0	0	0	0	0	0	0	0	0	0	0	0	0	0	0	0	0
112	0	0	0	0	0	0	649	0	0	0	649	0	0	0	0	0	0.0256608	0	0	0	0.0256608	0	0	0	0	0	1	0	0	0	0	0	0	0	0	13	0	0	0	13	0	0	0	0	0	1	0	0	0	0	0	0	0	0	95.4315	0	0	0	95.4315	0	0	0	0	0	1	0	0	0	0	0	0	0	0	234	0	0	0	234	0	0	0	0	0	1	0	0	0	0	0	0	0	0	0	0	0	0	0	0	0	0	0	0	0	0	0	0	0	0	0	0	0	0	0	0	0	0	0	0	0	0	0	0	0	0	0
113	0	0	0	0	0	0	625	0	0	0	625	0	0	0	0	0	0.0234919	0	0	0	0.0234919	0	0	0	0	0	1	0	0	0	0	0	0	0	0	11	0	0	0	11	0	0	0	0	0	1	0	0	0	0	0	0	0	0	92.9549	0	0	0	92.9549	0	0	0	0	0	1	0	0	0	0	0	0	0	0	220	0	0	0	220	0	0	0	0	0	1	0	0	0	0	0	0	0	0	0	0	0	0	0	0	0	0	0	0	0	0	0	0	0	0	0	0	0	0	0	0	0	0	0	0	0	0	0	0	0	0	0
114	0	0	0	0	0	0	634	0	0	0	634	0	0	0	0	0	0.0247889	0	0	0	0.0247889	0	0	0	0	0	1	0	0	0	0	0	0	0	0	10	0	0	0	10	0	0	0	0	0	1	0	0	0	0	0	0	0	0	94.8204	0	0	0	94.8204	0	0	0	0	0	1	0	0	0	0	0	0	0	0	214	0	0	0	214	0	0	0	0	0	1	0	0	0	0	0	0	0	0	0	0	0	0	0	0	0	0	0	0	0	0	0	0	0	0	0	0	0	0	0	0	0	0	0	0	0	0	0	0	0	0	0
115	0	0	0	0	0	0	630	0	0	0	630	0	0	0	0	0	0.0262736	0	0	0	0.0262736	0	0	0	0	0	1	0	0	0	0	0	0	0	0	9	0	0	0	9	0	0	0	0	0	1	0	0	0	0	0	0	0	0	95.2318	0	0	0	95.2318	0	0	0	0	0	1	0	0	0	0	0	0	0	0	206	0	0	0	206	0	0	0	0	0	1	0	0	0	0	0	0	0	0	0	0	0	0	0	0	0	0	0	0	0	0	0	0	0	0	0	0	0	0	0	0	0	0	0	0	0	0	0	0	0	0	0
116	0	0	0	0	0	0	603	0	0	0	603	0	0	0	0	0	0.0306087	0	0	0	0.0306087	0	0	0	0	0	1	0	0	0	0	0	0	0	0	8	0	0	0	8	0	0	0	0	0	1	0	0	0	0	0	0	0	0	90.6514	0	0	0	90.6514	0	0	0	0	0	1	0	0	0	0	0	0	0	0	193	0	0	0	193	0	0	0	0	0	1	0	0	0	0	0	0	0	0	0	0	0	0	0	0	0	0	0	0	0	0	0	0	0	0	0	0	0	0	0	0	0	0	0	0	0	0	0	0	0	0	0
117	0	0	0	0	0	0	622	0	0	0	622	0	0	0	0	0	0.0069041	0	0	0	0.0069041	0	0	0	0	0	1	0	0	0	0	0	0	0	0	5	0	0	0	5	0	0	0	0	0	1	0	0	0	0	0	0	0	0	90.2971	0	0	0	90.2971	0	0	0	0	0	1	0	0	0	0	0	0	0	0	185	0	0	0	185	0	0	0	0	0	1	0	0	0	0	0	0	0	0	0	0	0	0	0	0	0	0	0	0	0	0	0	0	0	0	0	0	0	0	0	0	0	0	0	0	0	0	0	0	0	0	0
118	0	0	0	0	0	0	613	0	0	0	613	0	0	0	0	0	0.0122532	0	0	0	0.0122532	0	0	0	0	0	1	0	0	0	0	0	0	0	0	6	0	0	0	6	0	0	0	0	0	1	0	0	0	0	0	0	0	0	88.2174	0	0	0	88.2174	0	0	0	0	0	1	0	0	0	0	0	0	0	0	175	0	0	0	175	0	0	0	0	0	1	0	0	0	0	0	0	0	0	0	0	0	0	0	0	0	0	0	0	0	0	0	0	0	0	0	0	0	0	0	0	0	0	0	0	0	0	0	0	0	0	0
119	0	0	0	0	0	0	589	0	0	0	589	0	0	0	0	0	0.00633382	0	0	0	0.00633382	0	0	0	0	0	1	0	0	0	0	0	0	0	0	4	0	0	0	4	0	0	0	0	0	1	0	0	0	0	0	0	0	0	86.219	0	0	0	86.219	0	0	0	0	0	1	0	0	0	0	0	0	0	0	166	0	0	0	166	0	0	0	0	0	1	0	0	0	0	0	0	0	0	0	0	0	0	0	0	0	0	0	0	0	0	0	0	0	0	0	0	0	0	0	0	0	0	0	0	0	0	0	0	0	0	0
120	0	0	0	0	0	0	562	0	0	0	562	0	0	0	0	0	0.00852687	0	0	0	0.00852687	0	0	0	0	0	1	0	0	0	0	0	0	0	0	5	0	0	0	5	0	0	0	0	0	1	0	0	0	0	0	0	0	0	85.1329	0	0	0	85.1329	0	0	0	0	0	1	0	0	0	0	0	0	0	0	156	0	0	0	156	0	0	0	0	0	1	0	0	0	0	0	0	0	0	0	0	0	0	0	0	0	0	0	0	0	0	0	0	0	0	0	0	0	0	0	0	0	0	0	0	0	0	0	0	0	0	0
121	0	0	0	0	0	0	585	0	0	0	585	0	0	0	0	0	0.00585602	0	0	0	0.00585602	0	0	0	0	0	1	0	0	0	0	0	0	0	0	5	0	0	0	5	0	0	0	0	0	1	0	0	0	0	0	0	0	0	86.1434	0	0	0	86.1434	0	0	0	0	0	1	0	0	0	0	0	0	0	0	152	0	0	0	152	0	0	0	0	0	1	0	0	0	0	0	0	0	0	0	0	0	0	0	0	0	0	0	0	0	0	0	0	0	0	0	0	0	0	0	0	0	0	0	0	0	0	0	0	0	0	0
122	0	0	0	0	0	0	562	0	0	0	562	0	0	0	0	0	0.0119788	0	0	0	0.0119788	0	0	0	0	0	1	0	0	0	0	0	0	0	0	7	0	0	0	7	0	0	0	0	0	1	0	0	0	0	0	0	0	0	80.6984	0	0	0	80.6984	0	0	0	0	0	1	0	0	0	0	0	0	0	0	137	0	0	0	137	0	0	0	0	0	1	0	0	0	0	0	0	0	0	0	0	0	0	0	0	0	0	0	0	0	0	0	0	0	0	0	0	0	0	0	0	0	0	0	0	0	0	0	0	0	0	0
123	0	0	0	0	0	0	579	0	0	0	579	0	0	0	0	0	0.0150822	0	0	0	0.0150822	0	0	0	0	0	1	0	0	0	0	0	0	0	0	7	0	0	0	7	0	0	0	0	0	1	0	0	0	0	0	0	0	0	82.2816	0	0	0	82.2816	0	0	0	0	0	1	0	0	0	0	0	0	0	0	135	0	0	0	135	0	0	0	0	0	1	0	0	0	0	0	0	0	0	0	0	0	0	0	0	0	0	0	0	0	0	0	0	0	0	0	0	0	0	0	0	0	0	0	0	0	0	0	0	0	0	0
124	0	0	0	0	0	0	569	0	0	0	569	0	0	0	0	0	0.00668353	0	0	0	0.00668353	0	0	0	0	0	1	0	0	0	0	0	0	0	0	6	0	0	0	6	0	0	0	0	0	1	0	0	0	0	0	0	0	0	81.4101	0	0	0	81.4101	0	0	0	0	0	1	0	0	0	0	0	0	0	0	130	0	0	0	130	0	0	0	0	0	1	0	0	0	0	0	0	0	0	0	0	0	0	0	0	0	0	0	0	0	0	0	0	0	0	0	0	0	0	0	0	0	0	0	0	0	0	0	0	0	0	0
125	0	0	0	0	0	0	596	0	0	0	596	0	0	0	0	0	0.0135175	0	0	0	0.0135175	0	0	0	0	0	1	0	0	0	0	0	0	0	0	7	0	0	0	7	0	0	0	0	0	1	0	0	0	0	0	0	0	0	78.9997	0	0	0	78.9997	0	0	0	0	0	1	0	0	0	0	0	0	0	0	120	0	0	0	120	0	0	0	0	0	1	0	0	0	0	0	0	0	0	0	0	0	0	0	0	0	0	0	0	0	0	0	0	0	0	0	0	0	0	0	0	0	0	0	0	0	0	0	0	0	0	0
126	0	0	0	0	0	0	556	0	0	0	556	0	0	0	0	0	0.0195231	0	0	0	0.0195231	0	0	0	0	0	1	0	0	0	0	0	0	0	0	8	0	0	0	8	0	0	0	0	0	1	0	0	0	0	0	0	0	0	71.0138	0	0	0	71.0138	0	0	0	0	0	1	0	0	0	0	0	0	0	0	112	0	0	0	112	0	0	0	0	0	1	0	0	0	0	0	0	0	0	0	0	0	0	0	0	0	0	0	0	0	0	0	0	0	0	0	0	0	0	0	0	0	0	0	0	0	0	0	0	0	0	0
127	0	0	0	0	0	0	563	0	0	0	563	0	0	0	0	0	0.0171398	0	0	0	0.0171398	0	0	0	0	0	1	0	0	0	0	0	0	0	0	10	0	0	0	10	0	0	0	0	0	1	0	0	0	0	0	0	0	0	68.9614	0	0	0	68.9614	0	0	0	0	0	1	0	0	0	0	0	0	0	0	106	0	0	0	106	0	0	0	0	0	1	0	0	0	0	0	0	0	0	0	0	0	0	0	0	0	0	0	0	0	0	0	0	0	0	0	0	0	0	0	0	0	0	0	0	0	0	0	0	0	0	0
128	0	0	0	0	0	0	600	0	0	0	600	0	0	0	0	0	0.0190078	0	0	0	0.0190078	0	0	0	0	0	1	0	0	0	0	0	0	0	0	18	0	0	0	18	0	0	0	0	0	1	0	0	0	0	0	0	0	0	68.9061	0	0	0	68.9061	0	0	0	0	0	1	0	0	0	0	0	0	0	0	104	0	0	0	104	0	0	0	0	0	1	0	0	0	0	0	0	0	0	0	0	0	0	0	0	0	0	0	0	0	0	0	0	0	0	0	0	0	0	0	0	0	0	0	0	0	0	0	0	0	0	0
129	0	0	0	0	0	0	575	0	0	0	575	0	0	0	0	0	0.0256072	0	0	0	0.0256072	0	0	0	0	0	1	0	0	0	0	0	0	0	0	52	0	0	0	52	0	0	0	0	0	1	0	0	0	0	0	0	0	0	68.6518	0	0	0	68.6518	0	0	0	0	0	1	0	0	0	0	0	0	0	0	102	0	0	0	102	0	0	0	0	0	1	0	0	0	0	0	0	0	0	0	0	0	0	0	0	0	0	0	0	0	0	0	0	0	0	0	0	0	0	0	0	0	0	0	0	0	0	0	0	0	0	0
130	0	0	0	0	0	0	580	0	0	0	580	0	0	0	0	0	0.0704068	0	0	0	0.0704068	0	0	0	0	0	1	0	0	0	0	0	0	0	0	82	0	0	0	82	0	0	0	0	0	1	0	0	0	0	0	0	0	0	68.5787	0	0	0	68.5787	0	0	0	0	0	1	0	0	0	0	0	0	0	0	102	0	0	0	102	0	0	0	0	0	1	0	0	0	0	0	0	0	0	0	0	0	0	0	0	0	0	0	0	0	0	0	0	0	0	0	0	0	0	0	0	0	0	0	0	0	0	0	0	0	0	0
131	0	0	0	0	0	0	583	0	0	0	583	0	0	0	0	0	0.16158	0	0	0	0.16158	0	0	0	0	0	1	0	0	0	0	0	0	0	0	103	0	0	0	103	0	0	0	0	0	1	0	0	0	0	0	0	0	0	68.5393	0	0	0	68.5393	0	0	0	0	0	1	0	0	0	0	0	0	0	0	104	0	0	0	104	0	0	0	0	0	1	0	0	0	0	0	0	0	0	0	0	0	0	0	0	0	0	0	0	0	0	0	0	0	0	0	0	0	0	0	0	0	0	0	0	0	0	0	0	0	0	0
132	0	0	0	0	0	0	584	0	0	0	584	0	0	0	0	0	0.149922	0	0	0	0.149922	0	0	0	0	0	1	0	0	0	0	0	0	0	0	91	0	0	0	91	0	0	0	0	0	1	0	0	0	0	0	0	0	0	68.6853	0	0	0	68.6853	0	0	0	0	0	1	0	0	0	0	0	0	0	0	127	0	0	0	127	0	0	0	0	0	1	0	0	0	0	0	0	0	0	0	0	0	0	0	0	0	0	0	0	0	0	0	0	0	0	0	0	0	0	0	0	0	0	0	0	0	0	0	0	0	0	0
133	0	0	0	0	0	0	559	0	0	0	559	0	0	0	0	0	0.159199	0	0	0	0.159199	0	0	0	0	0	1	0	0	0	0	0	0	0	0	86	0	0	0	86	0	0	0	0	0	1	0	0	0	0	0	0	0	0	70.2638	0	0	0	70.2638	0	0	0	0	0	1	0	0	0	0	0	0	0	0	142	0	0	0	142	0	0	0	0	0	1	0	0	0	0	0	0	0	0	0	0	0	0	0	0	0	0	0	0	0	0	0	0	0	0	0	0	0	0	0	0	0	0	0	0	0	0	0	0	0	0	0
134	0	0	0	0	0	0	552	0	0	0	552	0	0	0	0	0	0.134336	0	0	0	0.134336	0	0	0	0	0	1	0	0	0	0	0	0	0	0	84	0	0	0	84	0	0	0	0	0	1	0	0	0	0	0	0	0	0	71.6189	0	0	0	71.6189	0	0	0	0	0	1	0	0	0	0	0	0	0	0	161	0	0	0	161	0	0	0	0	0	1	0	0	0	0	0	0	0	0	0	0	0	0	0	0	0	0	0	0	0	0	0	0	0	0	0	0	0	0	0	0	0	0	0	0	0	0	0	0	0	0	0
135	0	0	0	0	0	0	530	0	0	0	530	0	0	0	0	0	0.145392	0	0	0	0.145392	0	0	0	0	0	1	0	0	0	0	0	0	0	0	73	0	0	0	73	0	0	0	0	0	1	0	0	0	0	0	0	0	0	68.9523	0	0	0	68.9523	0	0	0	0	0	1	0	0	0	0	0	0	0	0	165	0	0	0	165	0	0	0	0	0	1	0	0	0	0	0	0	0	0	0	0	0	0	0	0	0	0	0	0	0	0	0	0	0	0	0	0	0	0	0	0	0	0	0	0	0	0	0	0	0	0	0
136	0	0	0	0	0	0	551	0	0	0	551	0	0	0	0	0	0.131947	0	0	0	0.131947	0	0	0	0	0	1	0	0	0	0	0	0	0	0	69	0	0	0	69	0	0	0	0	0	1	0	0	0	0	0	0	0	0	69.3816	0	0	0	69.3816	0	0	0	0	0	1	0	0	0	0	0	0	0	0	171	0	0	0	171	0	0	0	0	0	1	0	0	0	0	0	0	0	0	0	0	0	0	0	0	0	0	0	0	0	0	0	0	0	0	0	0	0	0	0	0	0	0	0	0	0	0	0	0	0	0	0
137	0	0	0	0	0	0	557	0	0	0	557	0	0	0	0	0	0.106636	0	0	0	0.106636	0	0	0	0	0	1	0	0	0	0	0	0	0	0	56	0	0	0	56	0	0	0	0	0	1	0	0	0	0	0	0	0	0	70.5456	0	0	0	70.5456	0	0	0	0	0	1	0	0	0	0	0	0	0	0	179	0	0	0	179	0	0	0	0	0	1	0	0	0	0	0	0	0	0	0	0	0	0	0	0	0	0	0	0	0	0	0	0	0	0	0	0	0	0	0	0	0	0	0	0	0	0	0	0	0	0	0
138	0	0	0	0	0	0	544	0	0	0	544	0	0	0	0	0	0.106959	0	0	0	0.106959	0	0	0	0	0	1	0	0	0	0	0	0	0	0	63	0	0	0	63	0	0	0	0	0	1	0	0	0	0	0	0	0	0	72.7341	0	0	0	72.7341	0	0	0	0	0	1	0	0	0	0	0	0	0	0	181	0	0	0	181	0	0	0	0	0	1	0	0	0	0	0	0	0	0	0	0	0	0	0	0	0	0	0	0	0	0	0	0	0	0	0	0	0	0	0	0	0	0	0	0	0	0	0	0	0	0	0
139	0	0	0	0	0	0	574	0	0	0	574	0	0	0	0	0	0.116129	0	0	0	0.116129	0	0	0	0	0	1	0	0	0	0	0	0	0	0	58	0	0	0	58	0	0	0	0	0	1	0	0	0	0	0	0	0	0	74.2958	0	0	0	74.2958	0	0	0	0	0	1	0	0	0	0	0	0	0	0	182	0	0	0	182	0	0	0	0	0	1	0	0	0	0	0	0	0	0	0	0	0	0	0	0	0	0	0	0	0	0	0	0	0	0	0	0	0	0	0	0	0	0	0	0	0	0	0	0	0	0	0
140	0	0	0	0	0	0	563	0	0	0	563	0	0	0	0	0	0.110632	0	0	0	0.110632	0	0	0	0	0	1	0	0	0	0	0	0	0	0	47	0	0	0	47	0	0	0	0	0	1	0	0	0	0	0	0	0	0	73.1106	0	0	0	73.1106	0	0	0	0	0	1	0	0	0	0	0	0	0	0	177	0	0	0	177	0	0	0	0	0	1	0	0	0	0	0	0	0	0	0	0	0	0	0	0	0	0	0	0	0	0	0	0	0	0	0	0	0	0	0	0	0	0	0	0	0	0	0	0	0	0	0
141	0	0	0	0	0	0	550	0	0	0	550	0	0	0	0	0	0.119751	0	0	0	0.119751	0	0	0	0	0	1	0	0	0	0	0	0	0	0	42	0	0	0	42	0	0	0	0	0	1	0	0	0	0	0	0	0	0	71.395	0	0	0	71.395	0	0	0	0	0	1	0	0	0	0	0	0	0	0	174	0	0	0	174	0	0	0	0	0	1	0	0	0	0	0	0	0	0	0	0	0	0	0	0	0	0	0	0	0	0	0	0	0	0	0	0	0	0	0	0	0	0	0	0	0	0	0	0	0	0	0
142	0	0	0	0	0	0	555	0	0	0	555	0	0	0	0	0	0.0862106	0	0	0	0.0862106	0	0	0	0	0	1	0	0	0	0	0	0	0	0	32	0	0	0	32	0	0	0	0	0	1	0	0	0	0	0	0	0	0	72.856	0	0	0	72.856	0	0	0	0	0	1	0	0	0	0	0	0	0	0	182	0	0	0	182	0	0	0	0	0	1	0	0	0	0	0	0	0	0	0	0	0	0	0	0	0	0	0	0	0	0	0	0	0	0	0	0	0	0	0	0	0	0	0	0	0	0	0	0	0	0	0
143	0	0	0	0	0	0	572	0	0	0	572	0	0	0	0	0	0.0413315	0	0	0	0.0413315	0	0	0	0	0	1	0	0	0	0	0	0	0	0	31	0	0	0	31	0	0	0	0	0	1	0	0	0	0	0	0	0	0	74.2332	0	0	0	74.2332	0	0	0	0	0	1	0	0	0	0	0	0	0	0	185	0	0	0	185	0	0	0	0	0	1	0	0	0	0	0	0	0	0	0	0	0	0	0	0	0	0	0	0	0	0	0	0	0	0	0	0	0	0	0	0	0	0	0	0	0	0	0	0	0	0	0
144	0	0	0	0	0	0	585	0	0	0	585	0	0	0	0	0	0.0423625	0	0	0	0.0423625	0	0	0	0	0	1	0	0	0	0	0	0	0	0	39	0	0	0	39	0	0	0	0	0	1	0	0	0	0	0	0	0	0	76.8639	0	0	0	76.8639	0	0	0	0	0	1	0	0	0	0	0	0	0	0	186	0	0	0	186	0	0	0	0	0	1	0	0	0	0	0	0	0	0	0	0	0	0	0	0	0	0	0	0	0	0	0	0	0	0	0	0	0	0	0	0	0	0	0	0	0	0	0	0	0	0	0
145	0	0	0	0	0	0	580	0	0	0	580	0	0	0	0	0	0.0562894	0	0	0	0.0562894	0	0	0	0	0	1	0	0	0	0	0	0	0	0	43	0	0	0	43	0	0	0	0	0	1	0	0	0	0	0	0	0	0	76.781	0	0	0	76.781	0	0	0	0	0	1	0	0	0	0	0	0	0	0	183	0	0	0	183	0	0	0	0	0	1	0	0	0	0	0	0	0	0	0	0	0	0	0	0	0	0	0	0	0	0	0	0	0	0	0	0	0	0	0	0	0	0	0	0	0	0	0	0	0	0	0
146	0	0	0	0	0	0	599	0	0	0	599	0	0	0	0	0	0.0781308	0	0	0	0.0781308	0	0	0	0	0	1	0	0	0	0	0	0	0	0	44	0	0	0	44	0	0	0	0	0	1	0	0	0	0	0	0	0	0	78.7101	0	0	0	78.7101	0	0	0	0	0	1	0	0	0	0	0	0	0	0	186	0	0	0	186	0	0	0	0	0	1	0	0	0	0	0	0	0	0	0	0	0	0	0	0	0	0	0	0	0	0	0	0	0	0	0	0	0	0	0	0	0	0	0	0	0	0	0	0	0	0	0
147	0	0	0	0	0	0	606	0	0	0	606	0	0	0	0	0	0.0772383	0	0	0	0.0772383	0	0	0	0	0	1	0	0	0	0	0	0	0	0	43	0	0	0	43	0	0	0	0	0	1	0	0	0	0	0	0	0	0	80.7476	0	0	0	80.7476	0	0	0	0	0	1	0	0	0	0	0	0	0	0	187	0	0	0	187	0	0	0	0	0	1	0	0	0	0	0	0	0	0	0	0	0	0	0	0	0	0	0	0	0	0	0	0	0	0	0	0	0	0	0	0	0	0	0	0	0	0	0	0	0	0	0
148	0	0	0	0	0	0	593	0	0	0	593	0	0	0	0	0	0.083684	0	0	0	0.083684	0	0	0	0	0	1	0	0	0	0	0	0	0	0	41	0	0	0	41	0	0	0	0	0	1	0	0	0	0	0	0	0	0	78.0758	0	0	0	78.0758	0	0	0	0	0	1	0	0	0	0	0	0	0	0	184	0	0	0	184	0	0	0	0	0	1	0	0	0	0	0	0	0	0	0	0	0	0	0	0	0	0	0	0	0	0	0	0	0	0	0	0	0	0	0	0	0	0	0	0	0	0	0	0	0	0	0
149	0	0	0	0	0	0	603	0	0	0	603	0	0	0	0	0	0.0466376	0	0	0	0.0466376	0	0	0	0	0	1	0	0	0	0	0	0	0	0	32	0	0	0	32	0	0	0	0	0	1	0	0	0	0	0	0	0	0	77.2246	0	0	0	77.2246	0	0	0	0	0	1	0	0	0	0	0	0	0	0	185	0	0	0	185	0	0	0	0	0	1	0	0	0	0	0	0	0	0	0	0	0	0	0	0	0	0	0	0	0	0	0	0	0	0	0	0	0	0	0	0	0	0	0	0	0	0	0	0	0	0	0
150	0	0	0	0	0	0	618	0	0	0	618	0	0	0	0	0	0.0629314	0	0	0	0.0629314	0	0	0	0	0	1	0	0	0	0	0	0	0	0	35	0	0	0	35	0	0	0	0	0	1	0	0	0	0	0	0	0	0	79.1123	0	0	0	79.1123	0	0	0	0	0	1	0	0	0	0	0	0	0	0	181	0	0	0	181	0	0	0	0	0	1	0	0	0	0	0	0	0	0	0	0	0	0	0	0	0	0	0	0	0	0	0	0	0	0	0	0	0	0	0	0	0	0	0	0	0	0	0	0	0	0	0
151	0	0	0	0	0	0	635	0	0	0	635	0	0	0	0	0	0.0497312	0	0	0	0.0497312	0	0	0	0	0	1	0	0	0	0	0	0	0	0	35	0	0	0	35	0	0	0	0	0	1	0	0	0	0	0	0	0	0	78.7943	0	0	0	78.7943	0	0	0	0	0	1	0	0	0	0	0	0	0	0	180	0	0	0	180	0	0	0	0	0	1	0	0	0	0	0	0	0	0	0	0	0	0	0	0	0	0	0	0	0	0	0	0	0	0	0	0	0	0	0	0	0	0	0	0	0	0	0	0	0	0	0
152	0	0	0	0	0	0	613	0	0	0	613	0	0	0	0	0	0.0505466	0	0	0	0.0505466	0	0	0	0	0	1	0	0	0	0	0	0	0	0	51	0	0	0	51	0	0	0	0	0	1	0	0	0	0	0	0	0	0	76.7182	0	0	0	76.7182	0	0	0	0	0	1	0	0	0	0	0	0	0	0	176	0	0	0	176	0	0	0	0	0	1	0	0	0	0	0	0	0	0	0	0	0	0	0	0	0	0	0	0	0	0	0	0	0	0	0	0	0	0	0	0	0	0	0	0	0	0	0	0	0	0	0
153	0	0	0	0	0	0	608	0	0	0	608	0	0	0	0	0	0.0815814	0	0	0	0.0815814	0	0	0	0	0	1	0	0	0	0	0	0	0	0	69	0	0	0	69	0	0	0	0	0	1	0	0	0	0	0	0	0	0	77.2877	0	0	0	77.2877	0	0	0	0	0	1	0	0	0	0	0	0	0	0	168	0	0	0	168	0	0	0	0	0	1	0	0	0	0	0	0	0	0	0	0	0	0	0	0	0	0	0	0	0	0	0	0	0	0	0	0	0	0	0	0	0	0	0	0	0	0	0	0	0	0	0
154	0	0	0	0	0	0	623	0	0	0	623	0	0	0	0	0	0.121886	0	0	0	0.121886	0	0	0	0	0	1	0	0	0	0	0	0	0	0	76	0	0	0	76	0	0	0	0	0	1	0	0	0	0	0	0	0	0	78.3796	0	0	0	78.3796	0	0	0	0	0	1	0	0	0	0	0	0	0	0	169	0	0	0	169	0	0	0	0	0	1	0	0	0	0	0	0	0	0	0	0	0	0	0	0	0	0	0	0	0	0	0	0	0	0	0	0	0	0	0	0	0	0	0	0	0	0	0	0	0	0	0
155	0	0	0	0	0	0	579	0	0	0	579	0	0	0	0	0	0.143696	0	0	0	0.143696	0	0	0	0	0	1	0	0	0	0	0	0	0	0	87	0	0	0	87	0	0	0	0	0	1	0	0	0	0	0	0	0	0	74.1837	0	0	0	74.1837	0	0	0	0	0	1	0	0	0	0	0	0	0	0	169	0	0	0	169	0	0	0	0	0	1	0	0	0	0	0	0	0	0	0	0	0	0	0	0	0	0	0	0	0	0	0	0	0	0	0	0	0	0	0	0	0	0	0	0	0	0	0	0	0	0	0
156	0	0	0	0	0	0	606	0	0	0	606	0	0	0	0	0	0.124819	0	0	0	0.124819	0	0	0	0	0	1	0	0	0	0	0	0	0	0	75	0	0	0	75	0	0	0	0	0	1	0	0	0	0	0	0	0	0	76.6453	0	0	0	76.6453	0	0	0	0	0	1	0	0	0	0	0	0	0	0	183	0	0	0	183	0	0	0	0	0	1	0	0	0	0	0	0	0	0	0	0	0	0	0	0	0	0	0	0	0	0	0	0	0	0	0	0	0	0	0	0	0	0	0	0	0	0	0	0	0	0	0
157	0	0	0	0	0	0	592	0	0	0	592	0	0	0	0	0	0.13266	0	0	0	0.13266	0	0	0	0	0	1	0	0	0	0	0	0	0	0	72	0	0	0	72	0	0	0	0	0	1	0	0	0	0	0	0	0	0	76.9985	0	0	0	76.9985	0	0	0	0	0	1	0	0	0	0	0	0	0	0	189	0	0	0	189	0	0	0	0	0	1	0	0	0	0	0	0	0	0	0	0	0	0	0	0	0	0	0	0	0	0	0	0	0	0	0	0	0	0	0	0	0	0	0	0	0	0	0	0	0	0	0
158	0	0	0	0	0	0	551	0	0	0	551	0	0	0	0	0	0.132771	0	0	0	0.132771	0	0	0	0	0	1	0	0	0	0	0	0	0	0	66	0	0	0	66	0	0	0	0	0	1	0	0	0	0	0	0	0	0	71.2414	0	0	0	71.2414	0	0	0	0	0	1	0	0	0	0	0	0	0	0	194	0	0	0	194	0	0	0	0	0	1	0	0	0	0	0	0	0	0	0	0	0	0	0	0	0	0	0	0	0	0	0	0	0	0	0	0	0	0	0	0	0	0	0	0	0	0	0	0	0	0	0
159	0	0	0	0	0	0	571	0	0	0	571	0	0	0	0	0	0.0936748	0	0	0	0.0936748	0	0	0	0	0	1	0	0	0	0	0	0	0	0	54	0	0	0	54	0	0	0	0	0	1	0	0	0	0	0	0	0	0	71.6869	0	0	0	71.6869	0	0	0	0	0	1	0	0	0	0	0	0	0	0	202	0	0	0	202	0	0	0	0	0	1	0	0	0	0	0	0	0	0	0	0	0	0	0	0	0	0	0	0	0	0	0	0	0	0	0	0	0	0	0	0	0	0	0	0	0	0	0	0	0	0	0
160	0	0	0	0	0	0	574	0	0	0	574	0	0	0	0	0	0.0987062	0	0	0	0.0987062	0	0	0	0	0	1	0	0	0	0	0	0	0	0	55	0	0	0	55	0	0	0	0	0	1	0	0	0	0	0	0	0	0	69.6534	0	0	0	69.6534	0	0	0	0	0	1	0	0	0	0	0	0	0	0	198	0	0	0	198	0	0	0	0	0	1	0	0	0	0	0	0	0	0	0	0	0	0	0	0	0	0	0	0	0	0	0	0	0	0	0	0	0	0	0	0	0	0	0	0	0	0	0	0	0	0	0
161	0	0	0	0	0	0	565	0	0	0	565	0	0	0	0	0	0.11088	0	0	0	0.11088	0	0	0	0	0	1	0	0	0	0	0	0	0	0	61	0	0	0	61	0	0	0	0	0	1	0	0	0	0	0	0	0	0	68.7818	0	0	0	68.7818	0	0	0	0	0	1	0	0	0	0	0	0	0	0	198	0	0	0	198	0	0	0	0	0	1	0	0	0	0	0	0	0	0	0	0	0	0	0	0	0	0	0	0	0	0	0	0	0	0	0	0	0	0	0	0	0	0	0	0	0	0	0	0	0	0	0
162	0	0	0	0	0	0	584	0	0	0	584	0	0	0	0	0	0.093124	0	0	0	0.093124	0	0	0	0	0	1	0	0	0	0	0	0	0	0	70	0	0	0	70	0	0	0	0	0	1	0	0	0	0	0	0	0	0	70.2985	0	0	0	70.2985	0	0	0	0	0	1	0	0	0	0	0	0	0	0	204	0	0	0	204	0	0	0	0	0	1	0	0	0	0	0	0	0	0	0	0	0	0	0	0	0	0	0	0	0	0	0	0	0	0	0	0	0	0	0	0	0	0	0	0	0	0	0	0	0	0	0
163	0	0	0	0	0	0	568	0	0	0	568	0	0	0	0	0	0.0936951	0	0	0	0.0936951	0	0	0	0	0	1	0	0	0	0	0	0	0	0	89	0	0	0	89	0	0	0	0	0	1	0	0	0	0	0	0	0	0	68.5714	0	0	0	68.5714	0	0	0	0	0	1	0	0	0	0	0	0	0	0	207	0	0	0	207	0	0	0	0	0	1	0	0	0	0	0	0	0	0	0	0	0	0	0	0	0	0	0	0	0	0	0	0	0	0	0	0	0	0	0	0	0	0	0	0	0	0	0	0	0	0	0
164	0	0	0	0	0	0	591	0	0	0	591	0	0	0	0	0	0.126278	0	0	0	0.126278	0	0	0	0	0	1	0	0	0	0	0	0	0	0	99	0	0	0	99	0	0	0	0	0	1	0	0	0	0	0	0	0	0	70.9887	0	0	0	70.9887	0	0	0	0	0	1	0	0	0	0	0	0	0	0	212	0	0	0	212	0	0	0	0	0	1	0	0	0	0	0	0	0	0	0	0	0	0	0	0	0	0	0	0	0	0	0	0	0	0	0	0	0	0	0	0	0	0	0	0	0	0	0	0	0	0	0
165	0	0	0	0	0	0	600	0	0	0	600	0	0	0	0	0	0.180751	0	0	0	0.180751	0	0	0	0	0	1	0	0	0	0	0	0	0	0	101	0	0	0	101	0	0	0	0	0	1	0	0	0	0	0	0	0	0	73.8182	0	0	0	73.8182	0	0	0	0	0	1	0	0	0	0	0	0	0	0	217	0	0	0	217	0	0	0	0	0	1	0	0	0	0	0	0	0	0	0	0	0	0	0	0	0	0	0	0	0	0	0	0	0	0	0	0	0	0	0	0	0	0	0	0	0	0	0	0	0	0	0
166	0	0	0	0	0	0	566	0	0	0	566	0	0	0	0	0	0.184203	0	0	0	0.184203	0	0	0	0	0	1	0	0	0	0	0	0	0	0	94	0	0	0	94	0	0	0	0	0	1	0	0	0	0	0	0	0	0	72.5414	0	0	0	72.5414	0	0	0	0	0	1	0	0	0	0	0	0	0	0	226	0	0	0	226	0	0	0	0	0	1	0	0	0	0	0	0	0	0	0	0	0	0	0	0	0	0	0	0	0	0	0	0	0	0	0	0	0	0	0	0	0	0	0	0	0	0	0	0	0	0	0
167	0	0	0	0	0	0	599	0	0	0	599	0	0	0	0	0	0.162604	0	0	0	0.162604	0	0	0	0	0	1	0	0	0	0	0	0	0	0	81	0	0	0	81	0	0	0	0	0	1	0	0	0	0	0	0	0	0	75.8864	0	0	0	75.8864	0	0	0	0	0	1	0	0	0	0	0	0	0	0	232	0	0	0	232	0	0	0	0	0	1	0	0	0	0	0	0	0	0	0	0	0	0	0	0	0	0	0	0	0	0	0	0	0	0	0	0	0	0	0	0	0	0	0	0	0	0	0	0	0	0	0
168	0	0	0	0	0	0	603	0	0	0	603	0	0	0	0	0	0.176906	0	0	0	0.176906	0	0	0	0	0	1	0	0	0	0	0	0	0	0	79	0	0	0	79	0	0	0	0	0	1	0	0	0	0	0	0	0	0	77.0394	0	0	0	77.0394	0	0	0	0	0	1	0	0	0	0	0	0	0	0	237	0	0	0	237	0	0	0	0	0	1	0	0	0	0	0	0	0	0	0	0	0	0	0	0	0	0	0	0	0	0	0	0	0	0	0	0	0	0	0	0	0	0	0	0	0	0	0	0	0	0	0
169	0	0	0	0	0	0	602	0	0	0	602	0	0	0	0	0	0.157792	0	0	0	0.157792	0	0	0	0	0	1	0	0	0	0	0	0	0	0	71	0	0	0	71	0	0	0	0	0	1	0	0	0	0	0	0	0	0	76.125	0	0	0	76.125	0	0	0	0	0	1	0	0	0	0	0	0	0	0	240	0	0	0	240	0	0	0	0	0	1	0	0	0	0	0	0	0	0	0	0	0	0	0	0	0	0	0	0	0	0	0	0	0	0	0	0	0	0	0	0	0	0	0	0	0	0	0	0	0	0	0
170	0	0	0	0	0	0	605	0	0	0	605	0	0	0	0	0	0.12601	0	0	0	0.12601	0	0	0	0	0	1	0	0	0	0	0	0	0	0	64	0	0	0	64	0	0	0	0	0	1	0	0	0	0	0	0	0	0	78.4878	0	0	0	78.4878	0	0	0	0	0	1	0	0	0	0	0	0	0	0	247	0	0	0	247	0	0	0	0	0	1	0	0	0	0	0	0	0	0	0	0	0	0	0	0	0	0	0	0	0	0	0	0	0	0	0	0	0	0	0	0	0	0	0	0	0	0	0	0	0	0	0
171	0	0	0	0	0	0	606	0	0	0	606	0	0	0	0	0	0.145515	0	0	0	0.145515	0	0	0	0	0	1	0	0	0	0	0	0	0	0	64	0	0	0	64	0	0	0	0	0	1	0	0	0	0	0	0	0	0	77.256	0	0	0	77.256	0	0	0	0	0	1	0	0	0	0	0	0	0	0	242	0	0	0	242	0	0	0	0	0	1	0	0	0	0	0	0	0	0	0	0	0	0	0	0	0	0	0	0	0	0	0	0	0	0	0	0	0	0	0	0	0	0	0	0	0	0	0	0	0	0	0
172	0	0	0	0	0	0	619	0	0	0	619	0	0	0	0	0	0.0899409	0	0	0	0.0899409	0	0	0	0	0	1	0	0	0	0	0	0	0	0	53	0	0	0	53	0	0	0	0	0	1	0	0	0	0	0	0	0	0	77.2965	0	0	0	77.2965	0	0	0	0	0	1	0	0	0	0	0	0	0	0	248	0	0	0	248	0	0	0	0	0	1	0	0	0	0	0	0	0	0	0	0	0	0	0	0	0	0	0	0	0	0	0	0	0	0	0	0	0	0	0	0	0	0	0	0	0	0	0	0	0	0	0
173	0	0	0	0	0	0	628	0	0	0	628	0	0	0	0	0	0.100664	0	0	0	0.100664	0	0	0	0	0	1	0	0	0	0	0	0	0	0	57	0	0	0	57	0	0	0	0	0	1	0	0	0	0	0	0	0	0	78.6789	0	0	0	78.6789	0	0	0	0	0	1	0	0	0	0	0	0	0	0	244	0	0	0	244	0	0	0	0	0	1	0	0	0	0	0	0	0	0	0	0	0	0	0	0	0	0	0	0	0	0	0	0	0	0	0	0	0	0	0	0	0	0	0	0	0	0	0	0	0	0	0
174	0	0	0	0	0	0	633	0	0	0	633	0	0	0	0	0	0.125748	0	0	0	0.125748	0	0	0	0	0	1	0	0	0	0	0	0	0	0	64	0	0	0	64	0	0	0	0	0	1	0	0	0	0	0	0	0	0	80.199	0	0	0	80.199	0	0	0	0	0	1	0	0	0	0	0	0	0	0	243	0	0	0	243	0	0	0	0	0	1	0	0	0	0	0	0	0	0	0	0	0	0	0	0	0	0	0	0	0	0	0	0	0	0	0	0	0	0	0	0	0	0	0	0	0	0	0	0	0	0	0
175	0	0	0	0	0	0	633	0	0	0	633	0	0	0	0	0	0.107732	0	0	0	0.107732	0	0	0	0	0	1	0	0	0	0	0	0	0	0	64	0	0	0	64	0	0	0	0	0	1	0	0	0	0	0	0	0	0	81.1826	0	0	0	81.1826	0	0	0	0	0	1	0	0	0	0	0	0	0	0	246	0	0	0	246	0	0	0	0	0	1	0	0	0	0	0	0	0	0	0	0	0	0	0	0	0	0	0	0	0	0	0	0	0	0	0	0	0	0	0	0	0	0	0	0	0	0	0	0	0	0	0
176	0	0	0	0	0	0	622	0	0	0	622	0	0	0	0	0	0.127178	0	0	0	0.127178	0	0	0	0	0	1	0	0	0	0	0	0	0	0	75	0	0	0	75	0	0	0	0	0	1	0	0	0	0	0	0	0	0	82.1464	0	0	0	82.1464	0	0	0	0	0	1	0	0	0	0	0	0	0	0	240	0	0	0	240	0	0	0	0	0	1	0	0	0	0	0	0	0	0	0	0	0	0	0	0	0	0	0	0	0	0	0	0	0	0	0	0	0	0	0	0	0	0	0	0	0	0	0	0	0	0	0
177	0	0	0	0	0	0	626	0	0	0	626	0	0	0	0	0	0.152286	0	0	0	0.152286	0	0	0	0	0	1	0	0	0	0	0	0	0	0	75	0	0	0	75	0	0	0	0	0	1	0	0	0	0	0	0	0	0	81.3445	0	0	0	81.3445	0	0	0	0	0	1	0	0	0	0	0	0	0	0	237	0	0	0	237	0	0	0	0	0	1	0	0	0	0	0	0	0	0	0	0	0	0	0	0	0	0	0	0	0	0	0	0	0	0	0	0	0	0	0	0	0	0	0	0	0	0	0	0	0	0	0
178	0	0	0	0	0	0	612	0	0	0	612	0	0	0	0	0	0.126796	0	0	0	0.126796	0	0	0	0	0	1	0	0	0	0	0	0	0	0	64	0	0	0	64	0	0	0	0	0	1	0	0	0	0	0	0	0	0	79.0978	0	0	0	79.0978	0	0	0	0	0	1	0	0	0	0	0	0	0	0	244	0	0	0	244	0	0	0	0	0	1	0	0	0	0	0	0	0	0	0	0	0	0	0	0	0	0	0	0	0	0	0	0	0	0	0	0	0	0	0	0	0	0	0	0	0	0	0	0	0	0	0
179	0	0	0	0	0	0	576	0	0	0	576	0	0	0	0	0	0.095766	0	0	0	0.095766	0	0	0	0	0	1	0	0	0	0	0	0	0	0	65	0	0	0	65	0	0	0	0	0	1	0	0	0	0	0	0	0	0	77.1768	0	0	0	77.1768	0	0	0	0	0	1	0	0	0	0	0	0	0	0	245	0	0	0	245	0	0	0	0	0	1	0	0	0	0	0	0	0	0	0	0	0	0	0	0	0	0	0	0	0	0	0	0	0	0	0	0	0	0	0	0	0	0	0	0	0	0	0	0	0	0	0
180	0	0	0	0	0	0	594	0	0	0	594	0	0	0	0	0	0.106176	0	0	0	0.106176	0	0	0	0	0	1	0	0	0	0	0	0	0	0	59	0	0	0	59	0	0	0	0	0	1	0	0	0	0	0	0	0	0	79.5279	0	0	0	79.5279	0	0	0	0	0	1	0	0	0	0	0	0	0	0	250	0	0	0	250	0	0	0	0	0	1	0	0	0	0	0	0	0	0	0	0	0	0	0	0	0	0	0	0	0	0	0	0	0	0	0	0	0	0	0	0	0	0	0	0	0	0	0	0	0	0	0
181	0	0	0	0	0	0	608	0	0	0	608	0	0	0	0	0	0.113366	0	0	0	0.113366	0	0	0	0	0	1	0	0	0	0	0	0	0	0	57	0	0	0	57	0	0	0	0	0	1	0	0	0	0	0	0	0	0	80.4117	0	0	0	80.4117	0	0	0	0	0	1	0	0	0	0	0	0	0	0	248	0	0	0	248	0	0	0	0	0	1	0	0	0	0	0	0	0	0	0	0	0	0	0	0	0	0	0	0	0	0	0	0	0	0	0	0	0	0	0	0	0	0	0	0	0	0	0	0	0	0	0
182	0	0	0	0	0	0	576	0	0	0	576	0	0	0	0	0	0.103964	0	0	0	0.103964	0	0	0	0	0	1	0	0	0	0	0	0	0	0	48	0	0	0	48	0	0	0	0	0	1	0	0	0	0	0	0	0	0	79.3494	0	0	0	79.3494	0	0	0	0	0	1	0	0	0	0	0	0	0	0	246	0	0	0	246	0	0	0	0	0	1	0	0	0	0	0	0	0	0	0	0	0	0	0	0	0	0	0	0	0	0	0	0	0	0	0	0	0	0	0	0	0	0	0	0	0	0	0	0	0	0	0
183	0	0	0	0	0	0	587	0	0	0	587	0	0	0	0	0	0.0765535	0	0	0	0.0765535	0	0	0	0	0	1	0	0	0	0	0	0	0	0	41	0	0	0	41	0	0	0	0	0	1	0	0	0	0	0	0	0	0	81.7375	0	0	0	81.7375	0	0	0	0	0	1	0	0	0	0	0	0	0	0	252	0	0	0	252	0	0	0	0	0	1	0	0	0	0	0	0	0	0	0	0	0	0	0	0	0	0	0	0	0	0	0	0	0	0	0	0	0	0	0	0	0	0	0	0	0	0	0	0	0	0	0
184	0	0	0	0	0	0	558	0	0	0	558	0	0	0	0	0	0.0871611	0	0	0	0.0871611	0	0	0	0	0	1	0	0	0	0	0	0	0	0	39	0	0	0	39	0	0	0	0	0	1	0	0	0	0	0	0	0	0	79.9669	0	0	0	79.9669	0	0	0	0	0	1	0	0	0	0	0	0	0	0	243	0	0	0	243	0	0	0	0	0	1	0	0	0	0	0	0	0	0	0	0	0	0	0	0	0	0	0	0	0	0	0	0	0	0	0	0	0	0	0	0	0	0	0	0	0	0	0	0	0	0	0
185	0	0	0	0	0	0	561	0	0	0	561	0	0	0	0	0	0.0790729	0	0	0	0.0790729	0	0	0	0	0	1	0	0	0	0	0	0	0	0	29	0	0	0	29	0	0	0	0	0	1	0	0	0	0	0	0	0	0	79.8541	0	0	0	79.8541	0	0	0	0	0	1	0	0	0	0	0	0	0	0	233	0	0	0	233	0	0	0	0	0	1	0	0	0	0	0	0	0	0	0	0	0	0	0	0	0	0	0	0	0	0	0	0	0	0	0	0	0	0	0	0	0	0	0	0	0	0	0	0	0	0	0
186	0	0	0	0	0	0	583	0	0	0	583	0	0	0	0	0	0.0804517	0	0	0	0.0804517	0	0	0	0	0	1	0	0	0	0	0	0	0	0	23	0	0	0	23	0	0	0	0	0	1	0	0	0	0	0	0	0	0	79.7222	0	0	0	79.7222	0	0	0	0	0	1	0	0	0	0	0	0	0	0	229	0	0	0	229	0	0	0	0	0	1	0	0	0	0	0	0	0	0	0	0	0	0	0	0	0	0	0	0	0	0	0	0	0	0	0	0	0	0	0	0	0	0	0	0	0	0	0	0	0	0	0
187	0	0	0	0	0	0	567	0	0	0	567	0	0	0	0	0	0.0344747	0	0	0	0.0344747	0	0	0	0	0	1	0	0	0	0	0	0	0	0	13	0	0	0	13	0	0	0	0	0	1	0	0	0	0	0	0	0	0	80.1514	0	0	0	80.1514	0	0	0	0	0	1	0	0	0	0	0	0	0	0	225	0	0	0	225	0	0	0	0	0	1	0	0	0	0	0	0	0	0	0	0	0	0	0	0	0	0	0	0	0	0	0	0	0	0	0	0	0	0	0	0	0	0	0	0	0	0	0	0	0	0	0
188	0	0	0	0	0	0	596	0	0	0	596	0	0	0	0	0	0.02652	0	0	0	0.02652	0	0	0	0	0	1	0	0	0	0	0	0	0	0	17	0	0	0	17	0	0	0	0	0	1	0	0	0	0	0	0	0	0	82.1817	0	0	0	82.1817	0	0	0	0	0	1	0	0	0	0	0	0	0	0	221	0	0	0	221	0	0	0	0	0	1	0	0	0	0	0	0	0	0	0	0	0	0	0	0	0	0	0	0	0	0	0	0	0	0	0	0	0	0	0	0	0	0	0	0	0	0	0	0	0	0	0
189	0	0	0	0	0	0	613	0	0	0	613	0	0	0	0	0	0.0357642	0	0	0	0.0357642	0	0	0	0	0	1	0	0	0	0	0	0	0	0	17	0	0	0	17	0	0	0	0	0	1	0	0	0	0	0	0	0	0	84.0901	0	0	0	84.0901	0	0	0	0	0	1	0	0	0	0	0	0	0	0	213	0	0	0	213	0	0	0	0	0	1	0	0	0	0	0	0	0	0	0	0	0	0	0	0	0	0	0	0	0	0	0	0	0	0	0	0	0	0	0	0	0	0	0	0	0	0	0	0	0	0	0
190	0	0	0	0	0	0	622	0	0	0	622	0	0	0	0	0	0.0292425	0	0	0	0.0292425	0	0	0	0	0	1	0	0	0	0	0	0	0	0	25	0	0	0	25	0	0	0	0	0	1	0	0	0	0	0	0	0	0	85.7356	0	0	0	85.7356	0	0	0	0	0	1	0	0	0	0	0	0	0	0	211	0	0	0	211	0	0	0	0	0	1	0	0	0	0	0	0	0	0	0	0	0	0	0	0	0	0	0	0	0	0	0	0	0	0	0	0	0	0	0	0	0	0	0	0	0	0	0	0	0	0	0
191	0	0	0	0	0	0	592	0	0	0	592	0	0	0	0	0	0.0546275	0	0	0	0.0546275	0	0	0	0	0	1	0	0	0	0	0	0	0	0	42	0	0	0	42	0	0	0	0	0	1	0	0	0	0	0	0	0	0	84.3826	0	0	0	84.3826	0	0	0	0	0	1	0	0	0	0	0	0	0	0	194	0	0	0	194	0	0	0	0	0	1	0	0	0	0	0	0	0	0	0	0	0	0	0	0	0	0	0	0	0	0	0	0	0	0	0	0	0	0	0	0	0	0	0	0	0	0	0	0	0	0	0
192	0	0	0	0	0	0	599	0	0	0	599	0	0	0	0	0	0.0520646	0	0	0	0.0520646	0	0	0	0	0	1	0	0	0	0	0	0	0	0	42	0	0	0	42	0	0	0	0	0	1	0	0	0	0	0	0	0	0	83.3629	0	0	0	83.3629	0	0	0	0	0	1	0	0	0	0	0	0	0	0	191	0	0	0	191	0	0	0	0	0	1	0	0	0	0	0	0	0	0	0	0	0	0	0	0	0	0	0	0	0	0	0	0	0	0	0	0	0	0	0	0	0	0	0	0	0	0	0	0	0	0	0
193	0	0	0	0	0	0	596	0	0	0	596	0	0	0	0	0	0.0909178	0	0	0	0.0909178	0	0	0	0	0	1	0	0	0	0	0	0	0	0	48	0	0	0	48	0	0	0	0	0	1	0	0	0	0	0	0	0	0	80.678	0	0	0	80.678	0	0	0	0	0	1	0	0	0	0	0	0	0	0	188	0	0	0	188	0	0	0	0	0	1	0	0	0	0	0	0	0	0	0	0	0	0	0	0	0	0	0	0	0	0	0	0	0	0	0	0	0	0	0	0	0	0	0	0	0	0	0	0	0	0	0
194	0	0	0	0	0	0	566	0	0	0	566	0	0	0	0	0	0.104155	0	0	0	0.104155	0	0	0	0	0	1	0	0	0	0	0	0	0	0	44	0	0	0	44	0	0	0	0	0	1	0	0	0	0	0	0	0	0	77.7952	0	0	0	77.7952	0	0	0	0	0	1	0	0	0	0	0	0	0	0	187	0	0	0	187	0	0	0	0	0	1	0	0	0	0	0	0	0	0	0	0	0	0	0	0	0	0	0	0	0	0	0	0	0	0	0	0	0	0	0	0	0	0	0	0	0	0	0	0	0	0	0
195	0	0	0	0	0	0	566	0	0	0	566	0	0	0	0	0	0.0884439	0	0	0	0.0884439	0	0	0	0	0	1	0	0	0	0	0	0	0	0	41	0	0	0	41	0	0	0	0	0	1	0	0	0	0	0	0	0	0	75.7691	0	0	0	75.7691	0	0	0	0	0	1	0	0	0	0	0	0	0	0	181	0	0	0	181	0	0	0	0	0	1	0	0	0	0	0	0	0	0	0	0	0	0	0	0	0	0	0	0	0	0	0	0	0	0	0	0	0	0	0	0	0	0	0	0	0	0	0	0	0	0	0
196	0	0	0	0	0	0	555	0	0	0	555	0	0	0	0	0	0.0734134	0	0	0	0.0734134	0	0	0	0	0	1	0	0	0	0	0	0	0	0	40	0	0	0	40	0	0	0	0	0	1	0	0	0	0	0	0	0	0	73.8687	0	0	0	73.8687	0	0	0	0	0	1	0	0	0	0	0	0	0	0	179	0	0	0	179	0	0	0	0	0	1	0	0	0	0	0	0	0	0	0	0	0	0	0	0	0	0	0	0	0	0	0	0	0	0	0	0	0	0	0	0	0	0	0	0	0	0	0	0	0	0	0
197	0	0	0	0	0	0	552	0	0	0	552	0	0	0	0	0	0.0613486	0	0	0	0.0613486	0	0	0	0	0	1	0	0	0	0	0	0	0	0	36	0	0	0	36	0	0	0	0	0	1	0	0	0	0	0	0	0	0	74.0666	0	0	0	74.0666	0	0	0	0	0	1	0	0	0	0	0	0	0	0	178	0	0	0	178	0	0	0	0	0	1	0	0	0	0	0	0	0	0	0	0	0	0	0	0	0	0	0	0	0	0	0	0	0	0	0	0	0	0	0	0	0	0	0	0	0	0	0	0	0	0	0
198	0	0	0	0	0	0	553	0	0	0	553	0	0	0	0	0	0.0594432	0	0	0	0.0594432	0	0	0	0	0	1	0	0	0	0	0	0	0	0	33	0	0	0	33	0	0	0	0	0	1	0	0	0	0	0	0	0	0	73.2961	0	0	0	73.2961	0	0	0	0	0	1	0	0	0	0	0	0	0	0	174	0	0	0	174	0	0	0	0	0	1	0	0	0	0	0	0	0	0	0	0	0	0	0	0	0	0	0	0	0	0	0	0	0	0	0	0	0	0	0	0	0	0	0	0	0	0	0	0	0	0	0
199	0	0	0	0	0	0	569	0	0	0	569	0	0	0	0	0	0.0704282	0	0	0	0.0704282	0	0	0	0	0	1	0	0	0	0	0	0	0	0	32	0	0	0	32	0	0	0	0	0	1	0	0	0	0	0	0	0	0	73.1887	0	0	0	73.1887	0	0	0	0	0	1	0	0	0	0	0	0	0	0	171	0	0	0	171	0	0	0	0	0	1	0	0	0	0	0	0	0	0	0	0	0	0	0	0	0	0	0	0	0	0	0	0	0	0	0	0	0	0	0	0	0	0	0	0	0	0	0	0	0	0	0
200	0	0	0	0	0	0	536	0	0	0	536	0	0	0	0	0	0.0514167	0	0	0	0.0514167	0	0	0	0	0	1	0	0	0	0	0	0	0	0	23	0	0	0	23	0	0	0	0	0	1	0	0	0	0	0	0	0	0	71.6974	0	0	0	71.6974	0	0	0	0	0	1	0	0	0	0	0	0	0	0	171	0	0	0	171	0	0	0	0	0	1	0	0	0	0	0	0	0	0	0	0	0	0	0	0	0	0	0	0	0	0	0	0	0	0	0	0	0	0	0	0	0	0	0	0	0	0	0	0	0	0	0
