Location: Fake forest
From parameter file: C:\Users\ben\Desktop\inputs\input_GMF_0-0-0-0-1-0-0-0-0.xml
Basal area is normalized to m^2/ha; density to #/ha.
Subplots:
0 = Whole plot
Step	Subplot	Sdl Abs Den: ACRU	Sdl Abs Den: ACSA	Sdl Abs Den: BEAL	Sdl Abs Den: FAGR	Sdl Abs Den: TSCA	Sdl Abs Den: FRAM	Sdl Abs Den: PIST	Sdl Abs Den: PRSE	Sdl Abs Den: QURU	Sdl Den Total:	Sapl Abs BA: ACRU	Sapl Abs BA: ACSA	Sapl Abs BA: BEAL	Sapl Abs BA: FAGR	Sapl Abs BA: TSCA	Sapl Abs BA: FRAM	Sapl Abs BA: PIST	Sapl Abs BA: PRSE	Sapl Abs BA: QURU	Sapl BA Total:	Sapl Rel BA: ACRU	Sapl Rel BA: ACSA	Sapl Rel BA: BEAL	Sapl Rel BA: FAGR	Sapl Rel BA: TSCA	Sapl Rel BA: FRAM	Sapl Rel BA: PIST	Sapl Rel BA: PRSE	Sapl Rel BA: QURU	Sapl Abs Den: ACRU	Sapl Abs Den: ACSA	Sapl Abs Den: BEAL	Sapl Abs Den: FAGR	Sapl Abs Den: TSCA	Sapl Abs Den: FRAM	Sapl Abs Den: PIST	Sapl Abs Den: PRSE	Sapl Abs Den: QURU	Sapl Den Total:	Sapl Rel Den: ACRU	Sapl Rel Den: ACSA	Sapl Rel Den: BEAL	Sapl Rel Den: FAGR	Sapl Rel Den: TSCA	Sapl Rel Den: FRAM	Sapl Rel Den: PIST	Sapl Rel Den: PRSE	Sapl Rel Den: QURU	Adult Abs BA: ACRU	Adult Abs BA: ACSA	Adult Abs BA: BEAL	Adult Abs BA: FAGR	Adult Abs BA: TSCA	Adult Abs BA: FRAM	Adult Abs BA: PIST	Adult Abs BA: PRSE	Adult Abs BA: QURU	Adult BA Total:	Adult Rel BA: ACRU	Adult Rel BA: ACSA	Adult Rel BA: BEAL	Adult Rel BA: FAGR	Adult Rel BA: TSCA	Adult Rel BA: FRAM	Adult Rel BA: PIST	Adult Rel BA: PRSE	Adult Rel BA: QURU	Adult Abs Den: ACRU	Adult Abs Den: ACSA	Adult Abs Den: BEAL	Adult Abs Den: FAGR	Adult Abs Den: TSCA	Adult Abs Den: FRAM	Adult Abs Den: PIST	Adult Abs Den: PRSE	Adult Abs Den: QURU	Adult Den Total:	Adult Rel Den: ACRU	Adult Rel Den: ACSA	Adult Rel Den: BEAL	Adult Rel Den: FAGR	Adult Rel Den: TSCA	Adult Rel Den: FRAM	Adult Rel Den: PIST	Adult Rel Den: PRSE	Adult Rel Den: QURU	Snag Abs BA: ACRU	Snag Abs BA: ACSA	Snag Abs BA: BEAL	Snag Abs BA: FAGR	Snag Abs BA: TSCA	Snag Abs BA: FRAM	Snag Abs BA: PIST	Snag Abs BA: PRSE	Snag Abs BA: QURU	Snag BA Total:	Snag Rel BA: ACRU	Snag Rel BA: ACSA	Snag Rel BA: BEAL	Snag Rel BA: FAGR	Snag Rel BA: TSCA	Snag Rel BA: FRAM	Snag Rel BA: PIST	Snag Rel BA: PRSE	Snag Rel BA: QURU	Snag Abs Den: ACRU	Snag Abs Den: ACSA	Snag Abs Den: BEAL	Snag Abs Den: FAGR	Snag Abs Den: TSCA	Snag Abs Den: FRAM	Snag Abs Den: PIST	Snag Abs Den: PRSE	Snag Abs Den: QURU	Snag Den Total:	Snag Rel Den: ACRU	Snag Rel Den: ACSA	Snag Rel Den: BEAL	Snag Rel Den: FAGR	Snag Rel Den: TSCA	Snag Rel Den: FRAM	Snag Rel Den: PIST	Snag Rel Den: PRSE	Snag Rel Den: QURU
0	0	0	0	0	0	0	0	0	0	0	0	0	0	0	0	0.000916564	0	0	0	0	0.000916564	0	0	0	0	1	0	0	0	0	0	0	0	0	25	0	0	0	0	25	0	0	0	0	1	0	0	0	0	0	0	0	0	0	0	0	0	0	0	0	0	0	0	0	0	0	0	0	0	0	0	0	0	0	0	0	0	0	0	0	0	0	0	0	0	0	0	0	0	0	0	0	0	0	0	0	0	0	0	0	0	0	0	0	0	0	0	0	0	0	0	0	0	0	0	0	0	0	0	0	0	0	0	0	0
1	0	0	0	0	0	0	0	0	0	0	0	0	0	0	0	0.00664843	0	0	0	0	0.00664843	0	0	0	0	1	0	0	0	0	0	0	0	0	25	0	0	0	0	25	0	0	0	0	1	0	0	0	0	0	0	0	0	0	0	0	0	0	0	0	0	0	0	0	0	0	0	0	0	0	0	0	0	0	0	0	0	0	0	0	0	0	0	0	0	0	0	0	0	0	0	0	0	0	0	0	0	0	0	0	0	0	0	0	0	0	0	0	0	0	0	0	0	0	0	0	0	0	0	0	0	0	0	0	0
2	0	0	0	0	0	0	0	0	0	0	0	0	0	0	0	0.0482141	0	0	0	0	0.0482141	0	0	0	0	1	0	0	0	0	0	0	0	0	25	0	0	0	0	25	0	0	0	0	1	0	0	0	0	0	0	0	0	0	0	0	0	0	0	0	0	0	0	0	0	0	0	0	0	0	0	0	0	0	0	0	0	0	0	0	0	0	0	0	0	0	0	0	0	0	0	0	0	0	0	0	0	0	0	0	0	0	0	0	0	0	0	0	0	0	0	0	0	0	0	0	0	0	0	0	0	0	0	0	0
3	0	0	0	0	0	4	0	0	0	0	4	0	0	0	0	0.0294832	0	0	0	0	0.0294832	0	0	0	0	1	0	0	0	0	0	0	0	0	8	0	0	0	0	8	0	0	0	0	1	0	0	0	0	0	0	0	0	0.310026	0	0	0	0	0.310026	0	0	0	0	1	0	0	0	0	0	0	0	0	16	0	0	0	0	16	0	0	0	0	1	0	0	0	0	0	0	0	0	0	0	0	0	0	0	0	0	0	0	0	0	0	0	0	0	0	0	0	0	0	0	0	0	0	0	0	0	0	0	0	0	0	0
4	0	0	0	0	0	10	0	0	0	0	10	0	0	0	0	0	0	0	0	0	0	0	0	0	0	0	0	0	0	0	0	0	0	0	0	0	0	0	0	0	0	0	0	0	0	0	0	0	0	0	0	0	0	0.9211	0	0	0	0	0.9211	0	0	0	0	1	0	0	0	0	0	0	0	0	22	0	0	0	0	22	0	0	0	0	1	0	0	0	0	0	0	0	0	0	0	0	0	0	0	0	0	0	0	0	0	0	0	0	0	0	0	0	0	0	0	0	0	0	0	0	0	0	0	0	0	0	0
5	0	0	0	0	0	16	0	0	0	0	16	0	0	0	0	0.00027254	0	0	0	0	0.00027254	0	0	0	0	1	0	0	0	0	0	0	0	0	3	0	0	0	0	3	0	0	0	0	1	0	0	0	0	0	0	0	0	1.40577	0	0	0	0	1.40577	0	0	0	0	1	0	0	0	0	0	0	0	0	20	0	0	0	0	20	0	0	0	0	1	0	0	0	0	0	0	0	0	0	0	0	0	0	0	0	0	0	0	0	0	0	0	0	0	0	0	0	0	0	0	0	0	0	0	0	0	0	0	0	0	0	0
6	0	0	0	0	0	21	0	0	0	0	21	0	0	0	0	0.00296245	0	0	0	0	0.00296245	0	0	0	0	1	0	0	0	0	0	0	0	0	9	0	0	0	0	9	0	0	0	0	1	0	0	0	0	0	0	0	0	1.91818	0	0	0	0	1.91818	0	0	0	0	1	0	0	0	0	0	0	0	0	20	0	0	0	0	20	0	0	0	0	1	0	0	0	0	0	0	0	0	0	0	0	0	0	0	0	0	0	0	0	0	0	0	0	0	0	0	0	0	0	0	0	0	0	0	0	0	0	0	0	0	0	0
7	0	0	0	0	0	31	0	0	0	0	31	0	0	0	0	0.0152313	0	0	0	0	0.0152313	0	0	0	0	1	0	0	0	0	0	0	0	0	9	0	0	0	0	9	0	0	0	0	1	0	0	0	0	0	0	0	0	2.18598	0	0	0	0	2.18598	0	0	0	0	1	0	0	0	0	0	0	0	0	18	0	0	0	0	18	0	0	0	0	1	0	0	0	0	0	0	0	0	0	0	0	0	0	0	0	0	0	0	0	0	0	0	0	0	0	0	0	0	0	0	0	0	0	0	0	0	0	0	0	0	0	0
8	0	0	0	0	0	36	0	0	0	0	36	0	0	0	0	0.014511	0	0	0	0	0.014511	0	0	0	0	1	0	0	0	0	0	0	0	0	14	0	0	0	0	14	0	0	0	0	1	0	0	0	0	0	0	0	0	2.70782	0	0	0	0	2.70782	0	0	0	0	1	0	0	0	0	0	0	0	0	21	0	0	0	0	21	0	0	0	0	1	0	0	0	0	0	0	0	0	0	0	0	0	0	0	0	0	0	0	0	0	0	0	0	0	0	0	0	0	0	0	0	0	0	0	0	0	0	0	0	0	0	0
9	0	0	0	0	0	48	0	0	0	0	48	0	0	0	0	0.0280516	0	0	0	0	0.0280516	0	0	0	0	1	0	0	0	0	0	0	0	0	20	0	0	0	0	20	0	0	0	0	1	0	0	0	0	0	0	0	0	3.30391	0	0	0	0	3.30391	0	0	0	0	1	0	0	0	0	0	0	0	0	23	0	0	0	0	23	0	0	0	0	1	0	0	0	0	0	0	0	0	0	0	0	0	0	0	0	0	0	0	0	0	0	0	0	0	0	0	0	0	0	0	0	0	0	0	0	0	0	0	0	0	0	0
10	0	0	0	0	0	60	0	0	0	0	60	0	0	0	0	0.0423843	0	0	0	0	0.0423843	0	0	0	0	1	0	0	0	0	0	0	0	0	23	0	0	0	0	23	0	0	0	0	1	0	0	0	0	0	0	0	0	3.86507	0	0	0	0	3.86507	0	0	0	0	1	0	0	0	0	0	0	0	0	27	0	0	0	0	27	0	0	0	0	1	0	0	0	0	0	0	0	0	0	0	0	0	0	0	0	0	0	0	0	0	0	0	0	0	0	0	0	0	0	0	0	0	0	0	0	0	0	0	0	0	0	0
11	0	0	0	0	0	79	0	0	0	0	79	0	0	0	0	0.0450405	0	0	0	0	0.0450405	0	0	0	0	1	0	0	0	0	0	0	0	0	24	0	0	0	0	24	0	0	0	0	1	0	0	0	0	0	0	0	0	4.49341	0	0	0	0	4.49341	0	0	0	0	1	0	0	0	0	0	0	0	0	33	0	0	0	0	33	0	0	0	0	1	0	0	0	0	0	0	0	0	0	0	0	0	0	0	0	0	0	0	0	0	0	0	0	0	0	0	0	0	0	0	0	0	0	0	0	0	0	0	0	0	0	0
12	0	0	0	0	0	92	0	0	0	0	92	0	0	0	0	0.0478638	0	0	0	0	0.0478638	0	0	0	0	1	0	0	0	0	0	0	0	0	32	0	0	0	0	32	0	0	0	0	1	0	0	0	0	0	0	0	0	5.27172	0	0	0	0	5.27172	0	0	0	0	1	0	0	0	0	0	0	0	0	38	0	0	0	0	38	0	0	0	0	1	0	0	0	0	0	0	0	0	0	0	0	0	0	0	0	0	0	0	0	0	0	0	0	0	0	0	0	0	0	0	0	0	0	0	0	0	0	0	0	0	0	0
13	0	0	0	0	0	110	0	0	0	0	110	0	0	0	0	0.0455493	0	0	0	0	0.0455493	0	0	0	0	1	0	0	0	0	0	0	0	0	39	0	0	0	0	39	0	0	0	0	1	0	0	0	0	0	0	0	0	6.10356	0	0	0	0	6.10356	0	0	0	0	1	0	0	0	0	0	0	0	0	44	0	0	0	0	44	0	0	0	0	1	0	0	0	0	0	0	0	0	0	0	0	0	0	0	0	0	0	0	0	0	0	0	0	0	0	0	0	0	0	0	0	0	0	0	0	0	0	0	0	0	0	0
14	0	0	0	0	0	130	0	0	0	0	130	0	0	0	0	0.0662724	0	0	0	0	0.0662724	0	0	0	0	1	0	0	0	0	0	0	0	0	52	0	0	0	0	52	0	0	0	0	1	0	0	0	0	0	0	0	0	7.29149	0	0	0	0	7.29149	0	0	0	0	1	0	0	0	0	0	0	0	0	48	0	0	0	0	48	0	0	0	0	1	0	0	0	0	0	0	0	0	0	0	0	0	0	0	0	0	0	0	0	0	0	0	0	0	0	0	0	0	0	0	0	0	0	0	0	0	0	0	0	0	0	0
15	0	0	0	0	0	147	0	0	0	0	147	0	0	0	0	0.0887475	0	0	0	0	0.0887475	0	0	0	0	1	0	0	0	0	0	0	0	0	59	0	0	0	0	59	0	0	0	0	1	0	0	0	0	0	0	0	0	7.9758	0	0	0	0	7.9758	0	0	0	0	1	0	0	0	0	0	0	0	0	53	0	0	0	0	53	0	0	0	0	1	0	0	0	0	0	0	0	0	0	0	0	0	0	0	0	0	0	0	0	0	0	0	0	0	0	0	0	0	0	0	0	0	0	0	0	0	0	0	0	0	0	0
16	0	0	0	0	0	173	0	0	0	0	173	0	0	0	0	0.0873127	0	0	0	0	0.0873127	0	0	0	0	1	0	0	0	0	0	0	0	0	62	0	0	0	0	62	0	0	0	0	1	0	0	0	0	0	0	0	0	8.20043	0	0	0	0	8.20043	0	0	0	0	1	0	0	0	0	0	0	0	0	59	0	0	0	0	59	0	0	0	0	1	0	0	0	0	0	0	0	0	0	0	0	0	0	0	0	0	0	0	0	0	0	0	0	0	0	0	0	0	0	0	0	0	0	0	0	0	0	0	0	0	0	0
17	0	0	0	0	0	183	0	0	0	0	183	0	0	0	0	0.109912	0	0	0	0	0.109912	0	0	0	0	1	0	0	0	0	0	0	0	0	75	0	0	0	0	75	0	0	0	0	1	0	0	0	0	0	0	0	0	9.5405	0	0	0	0	9.5405	0	0	0	0	1	0	0	0	0	0	0	0	0	65	0	0	0	0	65	0	0	0	0	1	0	0	0	0	0	0	0	0	0	0	0	0	0	0	0	0	0	0	0	0	0	0	0	0	0	0	0	0	0	0	0	0	0	0	0	0	0	0	0	0	0	0
18	0	0	0	0	0	216	0	0	0	0	216	0	0	0	0	0.123568	0	0	0	0	0.123568	0	0	0	0	1	0	0	0	0	0	0	0	0	81	0	0	0	0	81	0	0	0	0	1	0	0	0	0	0	0	0	0	10.4486	0	0	0	0	10.4486	0	0	0	0	1	0	0	0	0	0	0	0	0	70	0	0	0	0	70	0	0	0	0	1	0	0	0	0	0	0	0	0	0	0	0	0	0	0	0	0	0	0	0	0	0	0	0	0	0	0	0	0	0	0	0	0	0	0	0	0	0	0	0	0	0	0
19	0	0	0	0	0	247	0	0	0	0	247	0	0	0	0	0.121123	0	0	0	0	0.121123	0	0	0	0	1	0	0	0	0	0	0	0	0	77	0	0	0	0	77	0	0	0	0	1	0	0	0	0	0	0	0	0	11.3581	0	0	0	0	11.3581	0	0	0	0	1	0	0	0	0	0	0	0	0	77	0	0	0	0	77	0	0	0	0	1	0	0	0	0	0	0	0	0	0	0	0	0	0	0	0	0	0	0	0	0	0	0	0	0	0	0	0	0	0	0	0	0	0	0	0	0	0	0	0	0	0	0
20	0	0	0	0	0	279	0	0	0	0	279	0	0	0	0	0.130117	0	0	0	0	0.130117	0	0	0	0	1	0	0	0	0	0	0	0	0	82	0	0	0	0	82	0	0	0	0	1	0	0	0	0	0	0	0	0	13.1548	0	0	0	0	13.1548	0	0	0	0	1	0	0	0	0	0	0	0	0	89	0	0	0	0	89	0	0	0	0	1	0	0	0	0	0	0	0	0	0	0	0	0	0	0	0	0	0	0	0	0	0	0	0	0	0	0	0	0	0	0	0	0	0	0	0	0	0	0	0	0	0	0
21	0	0	0	0	0	317	0	0	0	0	317	0	0	0	0	0.129669	0	0	0	0	0.129669	0	0	0	0	1	0	0	0	0	0	0	0	0	84	0	0	0	0	84	0	0	0	0	1	0	0	0	0	0	0	0	0	14.9262	0	0	0	0	14.9262	0	0	0	0	1	0	0	0	0	0	0	0	0	97	0	0	0	0	97	0	0	0	0	1	0	0	0	0	0	0	0	0	0	0	0	0	0	0	0	0	0	0	0	0	0	0	0	0	0	0	0	0	0	0	0	0	0	0	0	0	0	0	0	0	0	0
22	0	0	0	0	0	358	0	0	0	0	358	0	0	0	0	0.120281	0	0	0	0	0.120281	0	0	0	0	1	0	0	0	0	0	0	0	0	80	0	0	0	0	80	0	0	0	0	1	0	0	0	0	0	0	0	0	16.561	0	0	0	0	16.561	0	0	0	0	1	0	0	0	0	0	0	0	0	104	0	0	0	0	104	0	0	0	0	1	0	0	0	0	0	0	0	0	0	0	0	0	0	0	0	0	0	0	0	0	0	0	0	0	0	0	0	0	0	0	0	0	0	0	0	0	0	0	0	0	0	0
23	0	0	0	0	0	355	0	0	0	0	355	0	0	0	0	0.111698	0	0	0	0	0.111698	0	0	0	0	1	0	0	0	0	0	0	0	0	81	0	0	0	0	81	0	0	0	0	1	0	0	0	0	0	0	0	0	16.6357	0	0	0	0	16.6357	0	0	0	0	1	0	0	0	0	0	0	0	0	105	0	0	0	0	105	0	0	0	0	1	0	0	0	0	0	0	0	0	0	0	0	0	0	0	0	0	0	0	0	0	0	0	0	0	0	0	0	0	0	0	0	0	0	0	0	0	0	0	0	0	0	0
24	0	0	0	0	0	380	0	0	0	0	380	0	0	0	0	0.110173	0	0	0	0	0.110173	0	0	0	0	1	0	0	0	0	0	0	0	0	92	0	0	0	0	92	0	0	0	0	1	0	0	0	0	0	0	0	0	17.9611	0	0	0	0	17.9611	0	0	0	0	1	0	0	0	0	0	0	0	0	105	0	0	0	0	105	0	0	0	0	1	0	0	0	0	0	0	0	0	0	0	0	0	0	0	0	0	0	0	0	0	0	0	0	0	0	0	0	0	0	0	0	0	0	0	0	0	0	0	0	0	0	0
25	0	0	0	0	0	423	0	0	0	0	423	0	0	0	0	0.125712	0	0	0	0	0.125712	0	0	0	0	1	0	0	0	0	0	0	0	0	93	0	0	0	0	93	0	0	0	0	1	0	0	0	0	0	0	0	0	19.3181	0	0	0	0	19.3181	0	0	0	0	1	0	0	0	0	0	0	0	0	106	0	0	0	0	106	0	0	0	0	1	0	0	0	0	0	0	0	0	0	0	0	0	0	0	0	0	0	0	0	0	0	0	0	0	0	0	0	0	0	0	0	0	0	0	0	0	0	0	0	0	0	0
26	0	0	0	0	0	449	0	0	0	0	449	0	0	0	0	0.139579	0	0	0	0	0.139579	0	0	0	0	1	0	0	0	0	0	0	0	0	101	0	0	0	0	101	0	0	0	0	1	0	0	0	0	0	0	0	0	20.5239	0	0	0	0	20.5239	0	0	0	0	1	0	0	0	0	0	0	0	0	105	0	0	0	0	105	0	0	0	0	1	0	0	0	0	0	0	0	0	0	0	0	0	0	0	0	0	0	0	0	0	0	0	0	0	0	0	0	0	0	0	0	0	0	0	0	0	0	0	0	0	0	0
27	0	0	0	0	0	455	0	0	0	0	455	0	0	0	0	0.131143	0	0	0	0	0.131143	0	0	0	0	1	0	0	0	0	0	0	0	0	104	0	0	0	0	104	0	0	0	0	1	0	0	0	0	0	0	0	0	20.3132	0	0	0	0	20.3132	0	0	0	0	1	0	0	0	0	0	0	0	0	104	0	0	0	0	104	0	0	0	0	1	0	0	0	0	0	0	0	0	0	0	0	0	0	0	0	0	0	0	0	0	0	0	0	0	0	0	0	0	0	0	0	0	0	0	0	0	0	0	0	0	0	0
28	0	0	0	0	0	471	0	0	0	0	471	0	0	0	0	0.162092	0	0	0	0	0.162092	0	0	0	0	1	0	0	0	0	0	0	0	0	107	0	0	0	0	107	0	0	0	0	1	0	0	0	0	0	0	0	0	21.4063	0	0	0	0	21.4063	0	0	0	0	1	0	0	0	0	0	0	0	0	101	0	0	0	0	101	0	0	0	0	1	0	0	0	0	0	0	0	0	0	0	0	0	0	0	0	0	0	0	0	0	0	0	0	0	0	0	0	0	0	0	0	0	0	0	0	0	0	0	0	0	0	0
29	0	0	0	0	0	484	0	0	0	0	484	0	0	0	0	0.158548	0	0	0	0	0.158548	0	0	0	0	1	0	0	0	0	0	0	0	0	104	0	0	0	0	104	0	0	0	0	1	0	0	0	0	0	0	0	0	21.7125	0	0	0	0	21.7125	0	0	0	0	1	0	0	0	0	0	0	0	0	107	0	0	0	0	107	0	0	0	0	1	0	0	0	0	0	0	0	0	0	0	0	0	0	0	0	0	0	0	0	0	0	0	0	0	0	0	0	0	0	0	0	0	0	0	0	0	0	0	0	0	0	0
30	0	0	0	0	0	511	0	0	0	0	511	0	0	0	0	0.158902	0	0	0	0	0.158902	0	0	0	0	1	0	0	0	0	0	0	0	0	108	0	0	0	0	108	0	0	0	0	1	0	0	0	0	0	0	0	0	22.0975	0	0	0	0	22.0975	0	0	0	0	1	0	0	0	0	0	0	0	0	106	0	0	0	0	106	0	0	0	0	1	0	0	0	0	0	0	0	0	0	0	0	0	0	0	0	0	0	0	0	0	0	0	0	0	0	0	0	0	0	0	0	0	0	0	0	0	0	0	0	0	0	0
31	0	0	0	0	0	535	0	0	0	0	535	0	0	0	0	0.17762	0	0	0	0	0.17762	0	0	0	0	1	0	0	0	0	0	0	0	0	107	0	0	0	0	107	0	0	0	0	1	0	0	0	0	0	0	0	0	22.5107	0	0	0	0	22.5107	0	0	0	0	1	0	0	0	0	0	0	0	0	106	0	0	0	0	106	0	0	0	0	1	0	0	0	0	0	0	0	0	0	0	0	0	0	0	0	0	0	0	0	0	0	0	0	0	0	0	0	0	0	0	0	0	0	0	0	0	0	0	0	0	0	0
32	0	0	0	0	0	582	0	0	0	0	582	0	0	0	0	0.186148	0	0	0	0	0.186148	0	0	0	0	1	0	0	0	0	0	0	0	0	104	0	0	0	0	104	0	0	0	0	1	0	0	0	0	0	0	0	0	23.0405	0	0	0	0	23.0405	0	0	0	0	1	0	0	0	0	0	0	0	0	108	0	0	0	0	108	0	0	0	0	1	0	0	0	0	0	0	0	0	0	0	0	0	0	0	0	0	0	0	0	0	0	0	0	0	0	0	0	0	0	0	0	0	0	0	0	0	0	0	0	0	0	0
33	0	0	0	0	0	584	0	0	0	0	584	0	0	0	0	0.169448	0	0	0	0	0.169448	0	0	0	0	1	0	0	0	0	0	0	0	0	108	0	0	0	0	108	0	0	0	0	1	0	0	0	0	0	0	0	0	23.0842	0	0	0	0	23.0842	0	0	0	0	1	0	0	0	0	0	0	0	0	112	0	0	0	0	112	0	0	0	0	1	0	0	0	0	0	0	0	0	0	0	0	0	0	0	0	0	0	0	0	0	0	0	0	0	0	0	0	0	0	0	0	0	0	0	0	0	0	0	0	0	0	0
34	0	0	0	0	0	593	0	0	0	0	593	0	0	0	0	0.15285	0	0	0	0	0.15285	0	0	0	0	1	0	0	0	0	0	0	0	0	103	0	0	0	0	103	0	0	0	0	1	0	0	0	0	0	0	0	0	24.1367	0	0	0	0	24.1367	0	0	0	0	1	0	0	0	0	0	0	0	0	114	0	0	0	0	114	0	0	0	0	1	0	0	0	0	0	0	0	0	0	0	0	0	0	0	0	0	0	0	0	0	0	0	0	0	0	0	0	0	0	0	0	0	0	0	0	0	0	0	0	0	0	0
35	0	0	0	0	0	605	0	0	0	0	605	0	0	0	0	0.146917	0	0	0	0	0.146917	0	0	0	0	1	0	0	0	0	0	0	0	0	111	0	0	0	0	111	0	0	0	0	1	0	0	0	0	0	0	0	0	25.238	0	0	0	0	25.238	0	0	0	0	1	0	0	0	0	0	0	0	0	115	0	0	0	0	115	0	0	0	0	1	0	0	0	0	0	0	0	0	0	0	0	0	0	0	0	0	0	0	0	0	0	0	0	0	0	0	0	0	0	0	0	0	0	0	0	0	0	0	0	0	0	0
36	0	0	0	0	0	603	0	0	0	0	603	0	0	0	0	0.158631	0	0	0	0	0.158631	0	0	0	0	1	0	0	0	0	0	0	0	0	117	0	0	0	0	117	0	0	0	0	1	0	0	0	0	0	0	0	0	24.6597	0	0	0	0	24.6597	0	0	0	0	1	0	0	0	0	0	0	0	0	109	0	0	0	0	109	0	0	0	0	1	0	0	0	0	0	0	0	0	0	0	0	0	0	0	0	0	0	0	0	0	0	0	0	0	0	0	0	0	0	0	0	0	0	0	0	0	0	0	0	0	0	0
37	0	0	0	0	0	611	0	0	0	0	611	0	0	0	0	0.20477	0	0	0	0	0.20477	0	0	0	0	1	0	0	0	0	0	0	0	0	124	0	0	0	0	124	0	0	0	0	1	0	0	0	0	0	0	0	0	25.2278	0	0	0	0	25.2278	0	0	0	0	1	0	0	0	0	0	0	0	0	108	0	0	0	0	108	0	0	0	0	1	0	0	0	0	0	0	0	0	0	0	0	0	0	0	0	0	0	0	0	0	0	0	0	0	0	0	0	0	0	0	0	0	0	0	0	0	0	0	0	0	0	0
38	0	0	0	0	0	610	0	0	0	0	610	0	0	0	0	0.212583	0	0	0	0	0.212583	0	0	0	0	1	0	0	0	0	0	0	0	0	138	0	0	0	0	138	0	0	0	0	1	0	0	0	0	0	0	0	0	26.2856	0	0	0	0	26.2856	0	0	0	0	1	0	0	0	0	0	0	0	0	113	0	0	0	0	113	0	0	0	0	1	0	0	0	0	0	0	0	0	0	0	0	0	0	0	0	0	0	0	0	0	0	0	0	0	0	0	0	0	0	0	0	0	0	0	0	0	0	0	0	0	0	0
39	0	0	0	0	0	628	0	0	0	0	628	0	0	0	0	0.224718	0	0	0	0	0.224718	0	0	0	0	1	0	0	0	0	0	0	0	0	146	0	0	0	0	146	0	0	0	0	1	0	0	0	0	0	0	0	0	27.2049	0	0	0	0	27.2049	0	0	0	0	1	0	0	0	0	0	0	0	0	115	0	0	0	0	115	0	0	0	0	1	0	0	0	0	0	0	0	0	0	0	0	0	0	0	0	0	0	0	0	0	0	0	0	0	0	0	0	0	0	0	0	0	0	0	0	0	0	0	0	0	0	0
40	0	0	0	0	0	613	0	0	0	0	613	0	0	0	0	0.207876	0	0	0	0	0.207876	0	0	0	0	1	0	0	0	0	0	0	0	0	148	0	0	0	0	148	0	0	0	0	1	0	0	0	0	0	0	0	0	27.3955	0	0	0	0	27.3955	0	0	0	0	1	0	0	0	0	0	0	0	0	120	0	0	0	0	120	0	0	0	0	1	0	0	0	0	0	0	0	0	0	0	0	0	0	0	0	0	0	0	0	0	0	0	0	0	0	0	0	0	0	0	0	0	0	0	0	0	0	0	0	0	0	0
41	0	0	0	0	0	624	0	0	0	0	624	0	0	0	0	0.186717	0	0	0	0	0.186717	0	0	0	0	1	0	0	0	0	0	0	0	0	143	0	0	0	0	143	0	0	0	0	1	0	0	0	0	0	0	0	0	27.8663	0	0	0	0	27.8663	0	0	0	0	1	0	0	0	0	0	0	0	0	131	0	0	0	0	131	0	0	0	0	1	0	0	0	0	0	0	0	0	0	0	0	0	0	0	0	0	0	0	0	0	0	0	0	0	0	0	0	0	0	0	0	0	0	0	0	0	0	0	0	0	0	0
42	0	0	0	0	0	628	0	0	0	0	628	0	0	0	0	0.177229	0	0	0	0	0.177229	0	0	0	0	1	0	0	0	0	0	0	0	0	134	0	0	0	0	134	0	0	0	0	1	0	0	0	0	0	0	0	0	29.7386	0	0	0	0	29.7386	0	0	0	0	1	0	0	0	0	0	0	0	0	140	0	0	0	0	140	0	0	0	0	1	0	0	0	0	0	0	0	0	0	0	0	0	0	0	0	0	0	0	0	0	0	0	0	0	0	0	0	0	0	0	0	0	0	0	0	0	0	0	0	0	0	0
43	0	0	0	0	0	634	0	0	0	0	634	0	0	0	0	0.160037	0	0	0	0	0.160037	0	0	0	0	1	0	0	0	0	0	0	0	0	118	0	0	0	0	118	0	0	0	0	1	0	0	0	0	0	0	0	0	31.0024	0	0	0	0	31.0024	0	0	0	0	1	0	0	0	0	0	0	0	0	138	0	0	0	0	138	0	0	0	0	1	0	0	0	0	0	0	0	0	0	0	0	0	0	0	0	0	0	0	0	0	0	0	0	0	0	0	0	0	0	0	0	0	0	0	0	0	0	0	0	0	0	0
44	0	0	0	0	0	624	0	0	0	0	624	0	0	0	0	0.151013	0	0	0	0	0.151013	0	0	0	0	1	0	0	0	0	0	0	0	0	111	0	0	0	0	111	0	0	0	0	1	0	0	0	0	0	0	0	0	31.0295	0	0	0	0	31.0295	0	0	0	0	1	0	0	0	0	0	0	0	0	132	0	0	0	0	132	0	0	0	0	1	0	0	0	0	0	0	0	0	0	0	0	0	0	0	0	0	0	0	0	0	0	0	0	0	0	0	0	0	0	0	0	0	0	0	0	0	0	0	0	0	0	0
45	0	0	0	0	0	617	0	0	0	0	617	0	0	0	0	0.139078	0	0	0	0	0.139078	0	0	0	0	1	0	0	0	0	0	0	0	0	110	0	0	0	0	110	0	0	0	0	1	0	0	0	0	0	0	0	0	29.2877	0	0	0	0	29.2877	0	0	0	0	1	0	0	0	0	0	0	0	0	128	0	0	0	0	128	0	0	0	0	1	0	0	0	0	0	0	0	0	0	0	0	0	0	0	0	0	0	0	0	0	0	0	0	0	0	0	0	0	0	0	0	0	0	0	0	0	0	0	0	0	0	0
46	0	0	0	0	0	650	0	0	0	0	650	0	0	0	0	0.16283	0	0	0	0	0.16283	0	0	0	0	1	0	0	0	0	0	0	0	0	118	0	0	0	0	118	0	0	0	0	1	0	0	0	0	0	0	0	0	30.726	0	0	0	0	30.726	0	0	0	0	1	0	0	0	0	0	0	0	0	128	0	0	0	0	128	0	0	0	0	1	0	0	0	0	0	0	0	0	0	0	0	0	0	0	0	0	0	0	0	0	0	0	0	0	0	0	0	0	0	0	0	0	0	0	0	0	0	0	0	0	0	0
47	0	0	0	0	0	665	0	0	0	0	665	0	0	0	0	0.202523	0	0	0	0	0.202523	0	0	0	0	1	0	0	0	0	0	0	0	0	118	0	0	0	0	118	0	0	0	0	1	0	0	0	0	0	0	0	0	32.033	0	0	0	0	32.033	0	0	0	0	1	0	0	0	0	0	0	0	0	132	0	0	0	0	132	0	0	0	0	1	0	0	0	0	0	0	0	0	0	0	0	0	0	0	0	0	0	0	0	0	0	0	0	0	0	0	0	0	0	0	0	0	0	0	0	0	0	0	0	0	0	0
48	0	0	0	0	0	681	0	0	0	0	681	0	0	0	0	0.161537	0	0	0	0	0.161537	0	0	0	0	1	0	0	0	0	0	0	0	0	99	0	0	0	0	99	0	0	0	0	1	0	0	0	0	0	0	0	0	32.2564	0	0	0	0	32.2564	0	0	0	0	1	0	0	0	0	0	0	0	0	134	0	0	0	0	134	0	0	0	0	1	0	0	0	0	0	0	0	0	0	0	0	0	0	0	0	0	0	0	0	0	0	0	0	0	0	0	0	0	0	0	0	0	0	0	0	0	0	0	0	0	0	0
49	0	0	0	0	0	718	0	0	0	0	718	0	0	0	0	0.141715	0	0	0	0	0.141715	0	0	0	0	1	0	0	0	0	0	0	0	0	89	0	0	0	0	89	0	0	0	0	1	0	0	0	0	0	0	0	0	33.1499	0	0	0	0	33.1499	0	0	0	0	1	0	0	0	0	0	0	0	0	134	0	0	0	0	134	0	0	0	0	1	0	0	0	0	0	0	0	0	0	0	0	0	0	0	0	0	0	0	0	0	0	0	0	0	0	0	0	0	0	0	0	0	0	0	0	0	0	0	0	0	0	0
50	0	0	0	0	0	735	0	0	0	0	735	0	0	0	0	0.13446	0	0	0	0	0.13446	0	0	0	0	1	0	0	0	0	0	0	0	0	97	0	0	0	0	97	0	0	0	0	1	0	0	0	0	0	0	0	0	34.5719	0	0	0	0	34.5719	0	0	0	0	1	0	0	0	0	0	0	0	0	133	0	0	0	0	133	0	0	0	0	1	0	0	0	0	0	0	0	0	0	0	0	0	0	0	0	0	0	0	0	0	0	0	0	0	0	0	0	0	0	0	0	0	0	0	0	0	0	0	0	0	0	0
51	0	0	0	0	0	766	0	0	0	0	766	0	0	0	0	0.144087	0	0	0	0	0.144087	0	0	0	0	1	0	0	0	0	0	0	0	0	98	0	0	0	0	98	0	0	0	0	1	0	0	0	0	0	0	0	0	35.612	0	0	0	0	35.612	0	0	0	0	1	0	0	0	0	0	0	0	0	131	0	0	0	0	131	0	0	0	0	1	0	0	0	0	0	0	0	0	0	0	0	0	0	0	0	0	0	0	0	0	0	0	0	0	0	0	0	0	0	0	0	0	0	0	0	0	0	0	0	0	0	0
52	0	0	0	0	0	756	0	0	0	0	756	0	0	0	0	0.149676	0	0	0	0	0.149676	0	0	0	0	1	0	0	0	0	0	0	0	0	92	0	0	0	0	92	0	0	0	0	1	0	0	0	0	0	0	0	0	35.2033	0	0	0	0	35.2033	0	0	0	0	1	0	0	0	0	0	0	0	0	126	0	0	0	0	126	0	0	0	0	1	0	0	0	0	0	0	0	0	0	0	0	0	0	0	0	0	0	0	0	0	0	0	0	0	0	0	0	0	0	0	0	0	0	0	0	0	0	0	0	0	0	0
53	0	0	0	0	0	744	0	0	0	0	744	0	0	0	0	0.142937	0	0	0	0	0.142937	0	0	0	0	1	0	0	0	0	0	0	0	0	96	0	0	0	0	96	0	0	0	0	1	0	0	0	0	0	0	0	0	35.3001	0	0	0	0	35.3001	0	0	0	0	1	0	0	0	0	0	0	0	0	126	0	0	0	0	126	0	0	0	0	1	0	0	0	0	0	0	0	0	0	0	0	0	0	0	0	0	0	0	0	0	0	0	0	0	0	0	0	0	0	0	0	0	0	0	0	0	0	0	0	0	0	0
54	0	0	0	0	0	761	0	0	0	0	761	0	0	0	0	0.145735	0	0	0	0	0.145735	0	0	0	0	1	0	0	0	0	0	0	0	0	95	0	0	0	0	95	0	0	0	0	1	0	0	0	0	0	0	0	0	35.8397	0	0	0	0	35.8397	0	0	0	0	1	0	0	0	0	0	0	0	0	123	0	0	0	0	123	0	0	0	0	1	0	0	0	0	0	0	0	0	0	0	0	0	0	0	0	0	0	0	0	0	0	0	0	0	0	0	0	0	0	0	0	0	0	0	0	0	0	0	0	0	0	0
55	0	0	0	0	0	778	0	0	0	0	778	0	0	0	0	0.151266	0	0	0	0	0.151266	0	0	0	0	1	0	0	0	0	0	0	0	0	96	0	0	0	0	96	0	0	0	0	1	0	0	0	0	0	0	0	0	36.9795	0	0	0	0	36.9795	0	0	0	0	1	0	0	0	0	0	0	0	0	121	0	0	0	0	121	0	0	0	0	1	0	0	0	0	0	0	0	0	0	0	0	0	0	0	0	0	0	0	0	0	0	0	0	0	0	0	0	0	0	0	0	0	0	0	0	0	0	0	0	0	0	0
56	0	0	0	0	0	790	0	0	0	0	790	0	0	0	0	0.148763	0	0	0	0	0.148763	0	0	0	0	1	0	0	0	0	0	0	0	0	88	0	0	0	0	88	0	0	0	0	1	0	0	0	0	0	0	0	0	36.7467	0	0	0	0	36.7467	0	0	0	0	1	0	0	0	0	0	0	0	0	118	0	0	0	0	118	0	0	0	0	1	0	0	0	0	0	0	0	0	0	0	0	0	0	0	0	0	0	0	0	0	0	0	0	0	0	0	0	0	0	0	0	0	0	0	0	0	0	0	0	0	0	0
57	0	0	0	0	0	830	0	0	0	0	830	0	0	0	0	0.144132	0	0	0	0	0.144132	0	0	0	0	1	0	0	0	0	0	0	0	0	87	0	0	0	0	87	0	0	0	0	1	0	0	0	0	0	0	0	0	35.9727	0	0	0	0	35.9727	0	0	0	0	1	0	0	0	0	0	0	0	0	116	0	0	0	0	116	0	0	0	0	1	0	0	0	0	0	0	0	0	0	0	0	0	0	0	0	0	0	0	0	0	0	0	0	0	0	0	0	0	0	0	0	0	0	0	0	0	0	0	0	0	0	0
58	0	0	0	0	0	834	0	0	0	0	834	0	0	0	0	0.131356	0	0	0	0	0.131356	0	0	0	0	1	0	0	0	0	0	0	0	0	94	0	0	0	0	94	0	0	0	0	1	0	0	0	0	0	0	0	0	34.1919	0	0	0	0	34.1919	0	0	0	0	1	0	0	0	0	0	0	0	0	115	0	0	0	0	115	0	0	0	0	1	0	0	0	0	0	0	0	0	0	0	0	0	0	0	0	0	0	0	0	0	0	0	0	0	0	0	0	0	0	0	0	0	0	0	0	0	0	0	0	0	0	0
59	0	0	0	0	0	829	0	0	0	0	829	0	0	0	0	0.144746	0	0	0	0	0.144746	0	0	0	0	1	0	0	0	0	0	0	0	0	104	0	0	0	0	104	0	0	0	0	1	0	0	0	0	0	0	0	0	33.4614	0	0	0	0	33.4614	0	0	0	0	1	0	0	0	0	0	0	0	0	113	0	0	0	0	113	0	0	0	0	1	0	0	0	0	0	0	0	0	0	0	0	0	0	0	0	0	0	0	0	0	0	0	0	0	0	0	0	0	0	0	0	0	0	0	0	0	0	0	0	0	0	0
60	0	0	0	0	0	803	0	0	0	0	803	0	0	0	0	0.133523	0	0	0	0	0.133523	0	0	0	0	1	0	0	0	0	0	0	0	0	128	0	0	0	0	128	0	0	0	0	1	0	0	0	0	0	0	0	0	33.0613	0	0	0	0	33.0613	0	0	0	0	1	0	0	0	0	0	0	0	0	117	0	0	0	0	117	0	0	0	0	1	0	0	0	0	0	0	0	0	0	0	0	0	0	0	0	0	0	0	0	0	0	0	0	0	0	0	0	0	0	0	0	0	0	0	0	0	0	0	0	0	0	0
61	0	0	0	0	0	833	0	0	0	0	833	0	0	0	0	0.225991	0	0	0	0	0.225991	0	0	0	0	1	0	0	0	0	0	0	0	0	148	0	0	0	0	148	0	0	0	0	1	0	0	0	0	0	0	0	0	34.8925	0	0	0	0	34.8925	0	0	0	0	1	0	0	0	0	0	0	0	0	117	0	0	0	0	117	0	0	0	0	1	0	0	0	0	0	0	0	0	0	0	0	0	0	0	0	0	0	0	0	0	0	0	0	0	0	0	0	0	0	0	0	0	0	0	0	0	0	0	0	0	0	0
62	0	0	0	0	0	840	0	0	0	0	840	0	0	0	0	0.22703	0	0	0	0	0.22703	0	0	0	0	1	0	0	0	0	0	0	0	0	137	0	0	0	0	137	0	0	0	0	1	0	0	0	0	0	0	0	0	37.0971	0	0	0	0	37.0971	0	0	0	0	1	0	0	0	0	0	0	0	0	135	0	0	0	0	135	0	0	0	0	1	0	0	0	0	0	0	0	0	0	0	0	0	0	0	0	0	0	0	0	0	0	0	0	0	0	0	0	0	0	0	0	0	0	0	0	0	0	0	0	0	0	0
63	0	0	0	0	0	804	0	0	0	0	804	0	0	0	0	0.232448	0	0	0	0	0.232448	0	0	0	0	1	0	0	0	0	0	0	0	0	134	0	0	0	0	134	0	0	0	0	1	0	0	0	0	0	0	0	0	35.4565	0	0	0	0	35.4565	0	0	0	0	1	0	0	0	0	0	0	0	0	133	0	0	0	0	133	0	0	0	0	1	0	0	0	0	0	0	0	0	0	0	0	0	0	0	0	0	0	0	0	0	0	0	0	0	0	0	0	0	0	0	0	0	0	0	0	0	0	0	0	0	0	0
64	0	0	0	0	0	782	0	0	0	0	782	0	0	0	0	0.216173	0	0	0	0	0.216173	0	0	0	0	1	0	0	0	0	0	0	0	0	125	0	0	0	0	125	0	0	0	0	1	0	0	0	0	0	0	0	0	33.6244	0	0	0	0	33.6244	0	0	0	0	1	0	0	0	0	0	0	0	0	130	0	0	0	0	130	0	0	0	0	1	0	0	0	0	0	0	0	0	0	0	0	0	0	0	0	0	0	0	0	0	0	0	0	0	0	0	0	0	0	0	0	0	0	0	0	0	0	0	0	0	0	0
65	0	0	0	0	0	812	0	0	0	0	812	0	0	0	0	0.218526	0	0	0	0	0.218526	0	0	0	0	1	0	0	0	0	0	0	0	0	119	0	0	0	0	119	0	0	0	0	1	0	0	0	0	0	0	0	0	34.742	0	0	0	0	34.742	0	0	0	0	1	0	0	0	0	0	0	0	0	135	0	0	0	0	135	0	0	0	0	1	0	0	0	0	0	0	0	0	0	0	0	0	0	0	0	0	0	0	0	0	0	0	0	0	0	0	0	0	0	0	0	0	0	0	0	0	0	0	0	0	0	0
66	0	0	0	0	0	833	0	0	0	0	833	0	0	0	0	0.199414	0	0	0	0	0.199414	0	0	0	0	1	0	0	0	0	0	0	0	0	118	0	0	0	0	118	0	0	0	0	1	0	0	0	0	0	0	0	0	34.9048	0	0	0	0	34.9048	0	0	0	0	1	0	0	0	0	0	0	0	0	137	0	0	0	0	137	0	0	0	0	1	0	0	0	0	0	0	0	0	0	0	0	0	0	0	0	0	0	0	0	0	0	0	0	0	0	0	0	0	0	0	0	0	0	0	0	0	0	0	0	0	0	0
67	0	0	0	0	0	823	0	0	0	0	823	0	0	0	0	0.213778	0	0	0	0	0.213778	0	0	0	0	1	0	0	0	0	0	0	0	0	107	0	0	0	0	107	0	0	0	0	1	0	0	0	0	0	0	0	0	33.6882	0	0	0	0	33.6882	0	0	0	0	1	0	0	0	0	0	0	0	0	129	0	0	0	0	129	0	0	0	0	1	0	0	0	0	0	0	0	0	0	0	0	0	0	0	0	0	0	0	0	0	0	0	0	0	0	0	0	0	0	0	0	0	0	0	0	0	0	0	0	0	0	0
68	0	0	0	0	0	834	0	0	0	0	834	0	0	0	0	0.142995	0	0	0	0	0.142995	0	0	0	0	1	0	0	0	0	0	0	0	0	96	0	0	0	0	96	0	0	0	0	1	0	0	0	0	0	0	0	0	35.181	0	0	0	0	35.181	0	0	0	0	1	0	0	0	0	0	0	0	0	136	0	0	0	0	136	0	0	0	0	1	0	0	0	0	0	0	0	0	0	0	0	0	0	0	0	0	0	0	0	0	0	0	0	0	0	0	0	0	0	0	0	0	0	0	0	0	0	0	0	0	0	0
69	0	0	0	0	0	834	0	0	0	0	834	0	0	0	0	0.153972	0	0	0	0	0.153972	0	0	0	0	1	0	0	0	0	0	0	0	0	109	0	0	0	0	109	0	0	0	0	1	0	0	0	0	0	0	0	0	34.8434	0	0	0	0	34.8434	0	0	0	0	1	0	0	0	0	0	0	0	0	130	0	0	0	0	130	0	0	0	0	1	0	0	0	0	0	0	0	0	0	0	0	0	0	0	0	0	0	0	0	0	0	0	0	0	0	0	0	0	0	0	0	0	0	0	0	0	0	0	0	0	0	0
70	0	0	0	0	0	859	0	0	0	0	859	0	0	0	0	0.15684	0	0	0	0	0.15684	0	0	0	0	1	0	0	0	0	0	0	0	0	114	0	0	0	0	114	0	0	0	0	1	0	0	0	0	0	0	0	0	34.9747	0	0	0	0	34.9747	0	0	0	0	1	0	0	0	0	0	0	0	0	130	0	0	0	0	130	0	0	0	0	1	0	0	0	0	0	0	0	0	0	0	0	0	0	0	0	0	0	0	0	0	0	0	0	0	0	0	0	0	0	0	0	0	0	0	0	0	0	0	0	0	0	0
71	0	0	0	0	0	854	0	0	0	0	854	0	0	0	0	0.159856	0	0	0	0	0.159856	0	0	0	0	1	0	0	0	0	0	0	0	0	118	0	0	0	0	118	0	0	0	0	1	0	0	0	0	0	0	0	0	35.5439	0	0	0	0	35.5439	0	0	0	0	1	0	0	0	0	0	0	0	0	138	0	0	0	0	138	0	0	0	0	1	0	0	0	0	0	0	0	0	0	0	0	0	0	0	0	0	0	0	0	0	0	0	0	0	0	0	0	0	0	0	0	0	0	0	0	0	0	0	0	0	0	0
72	0	0	0	0	0	853	0	0	0	0	853	0	0	0	0	0.192076	0	0	0	0	0.192076	0	0	0	0	1	0	0	0	0	0	0	0	0	128	0	0	0	0	128	0	0	0	0	1	0	0	0	0	0	0	0	0	36.4838	0	0	0	0	36.4838	0	0	0	0	1	0	0	0	0	0	0	0	0	139	0	0	0	0	139	0	0	0	0	1	0	0	0	0	0	0	0	0	0	0	0	0	0	0	0	0	0	0	0	0	0	0	0	0	0	0	0	0	0	0	0	0	0	0	0	0	0	0	0	0	0	0
73	0	0	0	0	0	880	0	0	0	0	880	0	0	0	0	0.202734	0	0	0	0	0.202734	0	0	0	0	1	0	0	0	0	0	0	0	0	125	0	0	0	0	125	0	0	0	0	1	0	0	0	0	0	0	0	0	37.9281	0	0	0	0	37.9281	0	0	0	0	1	0	0	0	0	0	0	0	0	139	0	0	0	0	139	0	0	0	0	1	0	0	0	0	0	0	0	0	0	0	0	0	0	0	0	0	0	0	0	0	0	0	0	0	0	0	0	0	0	0	0	0	0	0	0	0	0	0	0	0	0	0
74	0	0	0	0	0	932	0	0	0	0	932	0	0	0	0	0.204498	0	0	0	0	0.204498	0	0	0	0	1	0	0	0	0	0	0	0	0	123	0	0	0	0	123	0	0	0	0	1	0	0	0	0	0	0	0	0	38.5863	0	0	0	0	38.5863	0	0	0	0	1	0	0	0	0	0	0	0	0	141	0	0	0	0	141	0	0	0	0	1	0	0	0	0	0	0	0	0	0	0	0	0	0	0	0	0	0	0	0	0	0	0	0	0	0	0	0	0	0	0	0	0	0	0	0	0	0	0	0	0	0	0
75	0	0	0	0	0	935	0	0	0	0	935	0	0	0	0	0.183113	0	0	0	0	0.183113	0	0	0	0	1	0	0	0	0	0	0	0	0	133	0	0	0	0	133	0	0	0	0	1	0	0	0	0	0	0	0	0	38.1537	0	0	0	0	38.1537	0	0	0	0	1	0	0	0	0	0	0	0	0	139	0	0	0	0	139	0	0	0	0	1	0	0	0	0	0	0	0	0	0	0	0	0	0	0	0	0	0	0	0	0	0	0	0	0	0	0	0	0	0	0	0	0	0	0	0	0	0	0	0	0	0	0
76	0	0	0	0	0	975	0	0	0	0	975	0	0	0	0	0.175932	0	0	0	0	0.175932	0	0	0	0	1	0	0	0	0	0	0	0	0	131	0	0	0	0	131	0	0	0	0	1	0	0	0	0	0	0	0	0	39.4281	0	0	0	0	39.4281	0	0	0	0	1	0	0	0	0	0	0	0	0	139	0	0	0	0	139	0	0	0	0	1	0	0	0	0	0	0	0	0	0	0	0	0	0	0	0	0	0	0	0	0	0	0	0	0	0	0	0	0	0	0	0	0	0	0	0	0	0	0	0	0	0	0
77	0	0	0	0	0	996	0	0	0	0	996	0	0	0	0	0.158958	0	0	0	0	0.158958	0	0	0	0	1	0	0	0	0	0	0	0	0	126	0	0	0	0	126	0	0	0	0	1	0	0	0	0	0	0	0	0	40.9892	0	0	0	0	40.9892	0	0	0	0	1	0	0	0	0	0	0	0	0	141	0	0	0	0	141	0	0	0	0	1	0	0	0	0	0	0	0	0	0	0	0	0	0	0	0	0	0	0	0	0	0	0	0	0	0	0	0	0	0	0	0	0	0	0	0	0	0	0	0	0	0	0
78	0	0	0	0	0	979	0	0	0	0	979	0	0	0	0	0.160242	0	0	0	0	0.160242	0	0	0	0	1	0	0	0	0	0	0	0	0	114	0	0	0	0	114	0	0	0	0	1	0	0	0	0	0	0	0	0	40.6104	0	0	0	0	40.6104	0	0	0	0	1	0	0	0	0	0	0	0	0	136	0	0	0	0	136	0	0	0	0	1	0	0	0	0	0	0	0	0	0	0	0	0	0	0	0	0	0	0	0	0	0	0	0	0	0	0	0	0	0	0	0	0	0	0	0	0	0	0	0	0	0	0
79	0	0	0	0	0	986	0	0	0	0	986	0	0	0	0	0.159336	0	0	0	0	0.159336	0	0	0	0	1	0	0	0	0	0	0	0	0	111	0	0	0	0	111	0	0	0	0	1	0	0	0	0	0	0	0	0	41.2372	0	0	0	0	41.2372	0	0	0	0	1	0	0	0	0	0	0	0	0	133	0	0	0	0	133	0	0	0	0	1	0	0	0	0	0	0	0	0	0	0	0	0	0	0	0	0	0	0	0	0	0	0	0	0	0	0	0	0	0	0	0	0	0	0	0	0	0	0	0	0	0	0
80	0	0	0	0	0	993	0	0	0	0	993	0	0	0	0	0.146989	0	0	0	0	0.146989	0	0	0	0	1	0	0	0	0	0	0	0	0	99	0	0	0	0	99	0	0	0	0	1	0	0	0	0	0	0	0	0	41.4029	0	0	0	0	41.4029	0	0	0	0	1	0	0	0	0	0	0	0	0	131	0	0	0	0	131	0	0	0	0	1	0	0	0	0	0	0	0	0	0	0	0	0	0	0	0	0	0	0	0	0	0	0	0	0	0	0	0	0	0	0	0	0	0	0	0	0	0	0	0	0	0	0
81	0	0	0	0	0	1020	0	0	0	0	1020	0	0	0	0	0.150504	0	0	0	0	0.150504	0	0	0	0	1	0	0	0	0	0	0	0	0	98	0	0	0	0	98	0	0	0	0	1	0	0	0	0	0	0	0	0	41.5183	0	0	0	0	41.5183	0	0	0	0	1	0	0	0	0	0	0	0	0	131	0	0	0	0	131	0	0	0	0	1	0	0	0	0	0	0	0	0	0	0	0	0	0	0	0	0	0	0	0	0	0	0	0	0	0	0	0	0	0	0	0	0	0	0	0	0	0	0	0	0	0	0
82	0	0	0	0	0	1016	0	0	0	0	1016	0	0	0	0	0.134128	0	0	0	0	0.134128	0	0	0	0	1	0	0	0	0	0	0	0	0	99	0	0	0	0	99	0	0	0	0	1	0	0	0	0	0	0	0	0	40.594	0	0	0	0	40.594	0	0	0	0	1	0	0	0	0	0	0	0	0	125	0	0	0	0	125	0	0	0	0	1	0	0	0	0	0	0	0	0	0	0	0	0	0	0	0	0	0	0	0	0	0	0	0	0	0	0	0	0	0	0	0	0	0	0	0	0	0	0	0	0	0	0
83	0	0	0	0	0	1027	0	0	0	0	1027	0	0	0	0	0.145989	0	0	0	0	0.145989	0	0	0	0	1	0	0	0	0	0	0	0	0	116	0	0	0	0	116	0	0	0	0	1	0	0	0	0	0	0	0	0	42.3303	0	0	0	0	42.3303	0	0	0	0	1	0	0	0	0	0	0	0	0	127	0	0	0	0	127	0	0	0	0	1	0	0	0	0	0	0	0	0	0	0	0	0	0	0	0	0	0	0	0	0	0	0	0	0	0	0	0	0	0	0	0	0	0	0	0	0	0	0	0	0	0	0
84	0	0	0	0	0	1024	0	0	0	0	1024	0	0	0	0	0.165237	0	0	0	0	0.165237	0	0	0	0	1	0	0	0	0	0	0	0	0	124	0	0	0	0	124	0	0	0	0	1	0	0	0	0	0	0	0	0	42.6538	0	0	0	0	42.6538	0	0	0	0	1	0	0	0	0	0	0	0	0	122	0	0	0	0	122	0	0	0	0	1	0	0	0	0	0	0	0	0	0	0	0	0	0	0	0	0	0	0	0	0	0	0	0	0	0	0	0	0	0	0	0	0	0	0	0	0	0	0	0	0	0	0
85	0	0	0	0	0	1024	0	0	0	0	1024	0	0	0	0	0.191891	0	0	0	0	0.191891	0	0	0	0	1	0	0	0	0	0	0	0	0	134	0	0	0	0	134	0	0	0	0	1	0	0	0	0	0	0	0	0	43.0694	0	0	0	0	43.0694	0	0	0	0	1	0	0	0	0	0	0	0	0	126	0	0	0	0	126	0	0	0	0	1	0	0	0	0	0	0	0	0	0	0	0	0	0	0	0	0	0	0	0	0	0	0	0	0	0	0	0	0	0	0	0	0	0	0	0	0	0	0	0	0	0	0
86	0	0	0	0	0	1027	0	0	0	0	1027	0	0	0	0	0.180961	0	0	0	0	0.180961	0	0	0	0	1	0	0	0	0	0	0	0	0	134	0	0	0	0	134	0	0	0	0	1	0	0	0	0	0	0	0	0	44.7236	0	0	0	0	44.7236	0	0	0	0	1	0	0	0	0	0	0	0	0	133	0	0	0	0	133	0	0	0	0	1	0	0	0	0	0	0	0	0	0	0	0	0	0	0	0	0	0	0	0	0	0	0	0	0	0	0	0	0	0	0	0	0	0	0	0	0	0	0	0	0	0	0
87	0	0	0	0	0	1020	0	0	0	0	1020	0	0	0	0	0.165831	0	0	0	0	0.165831	0	0	0	0	1	0	0	0	0	0	0	0	0	122	0	0	0	0	122	0	0	0	0	1	0	0	0	0	0	0	0	0	44.3237	0	0	0	0	44.3237	0	0	0	0	1	0	0	0	0	0	0	0	0	133	0	0	0	0	133	0	0	0	0	1	0	0	0	0	0	0	0	0	0	0	0	0	0	0	0	0	0	0	0	0	0	0	0	0	0	0	0	0	0	0	0	0	0	0	0	0	0	0	0	0	0	0
88	0	0	0	0	0	1010	0	0	0	0	1010	0	0	0	0	0.154517	0	0	0	0	0.154517	0	0	0	0	1	0	0	0	0	0	0	0	0	127	0	0	0	0	127	0	0	0	0	1	0	0	0	0	0	0	0	0	44.9284	0	0	0	0	44.9284	0	0	0	0	1	0	0	0	0	0	0	0	0	129	0	0	0	0	129	0	0	0	0	1	0	0	0	0	0	0	0	0	0	0	0	0	0	0	0	0	0	0	0	0	0	0	0	0	0	0	0	0	0	0	0	0	0	0	0	0	0	0	0	0	0	0
89	0	0	0	0	0	992	0	0	0	0	992	0	0	0	0	0.160246	0	0	0	0	0.160246	0	0	0	0	1	0	0	0	0	0	0	0	0	118	0	0	0	0	118	0	0	0	0	1	0	0	0	0	0	0	0	0	45.8986	0	0	0	0	45.8986	0	0	0	0	1	0	0	0	0	0	0	0	0	125	0	0	0	0	125	0	0	0	0	1	0	0	0	0	0	0	0	0	0	0	0	0	0	0	0	0	0	0	0	0	0	0	0	0	0	0	0	0	0	0	0	0	0	0	0	0	0	0	0	0	0	0
90	0	0	0	0	0	962	0	0	0	0	962	0	0	0	0	0.135775	0	0	0	0	0.135775	0	0	0	0	1	0	0	0	0	0	0	0	0	116	0	0	0	0	116	0	0	0	0	1	0	0	0	0	0	0	0	0	42.9698	0	0	0	0	42.9698	0	0	0	0	1	0	0	0	0	0	0	0	0	124	0	0	0	0	124	0	0	0	0	1	0	0	0	0	0	0	0	0	0	0	0	0	0	0	0	0	0	0	0	0	0	0	0	0	0	0	0	0	0	0	0	0	0	0	0	0	0	0	0	0	0	0
91	0	0	0	0	0	985	0	0	0	0	985	0	0	0	0	0.136315	0	0	0	0	0.136315	0	0	0	0	1	0	0	0	0	0	0	0	0	117	0	0	0	0	117	0	0	0	0	1	0	0	0	0	0	0	0	0	44.5584	0	0	0	0	44.5584	0	0	0	0	1	0	0	0	0	0	0	0	0	123	0	0	0	0	123	0	0	0	0	1	0	0	0	0	0	0	0	0	0	0	0	0	0	0	0	0	0	0	0	0	0	0	0	0	0	0	0	0	0	0	0	0	0	0	0	0	0	0	0	0	0	0
92	0	0	0	0	0	1008	0	0	0	0	1008	0	0	0	0	0.125621	0	0	0	0	0.125621	0	0	0	0	1	0	0	0	0	0	0	0	0	115	0	0	0	0	115	0	0	0	0	1	0	0	0	0	0	0	0	0	44.5468	0	0	0	0	44.5468	0	0	0	0	1	0	0	0	0	0	0	0	0	121	0	0	0	0	121	0	0	0	0	1	0	0	0	0	0	0	0	0	0	0	0	0	0	0	0	0	0	0	0	0	0	0	0	0	0	0	0	0	0	0	0	0	0	0	0	0	0	0	0	0	0	0
93	0	0	0	0	0	1007	0	0	0	0	1007	0	0	0	0	0.131762	0	0	0	0	0.131762	0	0	0	0	1	0	0	0	0	0	0	0	0	111	0	0	0	0	111	0	0	0	0	1	0	0	0	0	0	0	0	0	41.1885	0	0	0	0	41.1885	0	0	0	0	1	0	0	0	0	0	0	0	0	120	0	0	0	0	120	0	0	0	0	1	0	0	0	0	0	0	0	0	0	0	0	0	0	0	0	0	0	0	0	0	0	0	0	0	0	0	0	0	0	0	0	0	0	0	0	0	0	0	0	0	0	0
94	0	0	0	0	0	1033	0	0	0	0	1033	0	0	0	0	0.145909	0	0	0	0	0.145909	0	0	0	0	1	0	0	0	0	0	0	0	0	117	0	0	0	0	117	0	0	0	0	1	0	0	0	0	0	0	0	0	42.3923	0	0	0	0	42.3923	0	0	0	0	1	0	0	0	0	0	0	0	0	123	0	0	0	0	123	0	0	0	0	1	0	0	0	0	0	0	0	0	0	0	0	0	0	0	0	0	0	0	0	0	0	0	0	0	0	0	0	0	0	0	0	0	0	0	0	0	0	0	0	0	0	0
95	0	0	0	0	0	1046	0	0	0	0	1046	0	0	0	0	0.144644	0	0	0	0	0.144644	0	0	0	0	1	0	0	0	0	0	0	0	0	114	0	0	0	0	114	0	0	0	0	1	0	0	0	0	0	0	0	0	42.0368	0	0	0	0	42.0368	0	0	0	0	1	0	0	0	0	0	0	0	0	123	0	0	0	0	123	0	0	0	0	1	0	0	0	0	0	0	0	0	0	0	0	0	0	0	0	0	0	0	0	0	0	0	0	0	0	0	0	0	0	0	0	0	0	0	0	0	0	0	0	0	0	0
96	0	0	0	0	0	1057	0	0	0	0	1057	0	0	0	0	0.1677	0	0	0	0	0.1677	0	0	0	0	1	0	0	0	0	0	0	0	0	137	0	0	0	0	137	0	0	0	0	1	0	0	0	0	0	0	0	0	42.473	0	0	0	0	42.473	0	0	0	0	1	0	0	0	0	0	0	0	0	128	0	0	0	0	128	0	0	0	0	1	0	0	0	0	0	0	0	0	0	0	0	0	0	0	0	0	0	0	0	0	0	0	0	0	0	0	0	0	0	0	0	0	0	0	0	0	0	0	0	0	0	0
97	0	0	0	0	0	1062	0	0	0	0	1062	0	0	0	0	0.181803	0	0	0	0	0.181803	0	0	0	0	1	0	0	0	0	0	0	0	0	141	0	0	0	0	141	0	0	0	0	1	0	0	0	0	0	0	0	0	41.222	0	0	0	0	41.222	0	0	0	0	1	0	0	0	0	0	0	0	0	125	0	0	0	0	125	0	0	0	0	1	0	0	0	0	0	0	0	0	0	0	0	0	0	0	0	0	0	0	0	0	0	0	0	0	0	0	0	0	0	0	0	0	0	0	0	0	0	0	0	0	0	0
98	0	0	0	0	0	1033	0	0	0	0	1033	0	0	0	0	0.206724	0	0	0	0	0.206724	0	0	0	0	1	0	0	0	0	0	0	0	0	171	0	0	0	0	171	0	0	0	0	1	0	0	0	0	0	0	0	0	41.4563	0	0	0	0	41.4563	0	0	0	0	1	0	0	0	0	0	0	0	0	124	0	0	0	0	124	0	0	0	0	1	0	0	0	0	0	0	0	0	0	0	0	0	0	0	0	0	0	0	0	0	0	0	0	0	0	0	0	0	0	0	0	0	0	0	0	0	0	0	0	0	0	0
99	0	0	0	0	0	1027	0	0	0	0	1027	0	0	0	0	0.162913	0	0	0	0	0.162913	0	0	0	0	1	0	0	0	0	0	0	0	0	173	0	0	0	0	173	0	0	0	0	1	0	0	0	0	0	0	0	0	39.9268	0	0	0	0	39.9268	0	0	0	0	1	0	0	0	0	0	0	0	0	125	0	0	0	0	125	0	0	0	0	1	0	0	0	0	0	0	0	0	0	0	0	0	0	0	0	0	0	0	0	0	0	0	0	0	0	0	0	0	0	0	0	0	0	0	0	0	0	0	0	0	0	0
100	0	0	0	0	0	1036	0	0	0	0	1036	0	0	0	0	0.184314	0	0	0	0	0.184314	0	0	0	0	1	0	0	0	0	0	0	0	0	191	0	0	0	0	191	0	0	0	0	1	0	0	0	0	0	0	0	0	38.7168	0	0	0	0	38.7168	0	0	0	0	1	0	0	0	0	0	0	0	0	121	0	0	0	0	121	0	0	0	0	1	0	0	0	0	0	0	0	0	0	0	0	0	0	0	0	0	0	0	0	0	0	0	0	0	0	0	0	0	0	0	0	0	0	0	0	0	0	0	0	0	0	0
101	0	0	0	0	0	1017	0	0	0	0	1017	0	0	0	0	0.218601	0	0	0	0	0.218601	0	0	0	0	1	0	0	0	0	0	0	0	0	192	0	0	0	0	192	0	0	0	0	1	0	0	0	0	0	0	0	0	38.3402	0	0	0	0	38.3402	0	0	0	0	1	0	0	0	0	0	0	0	0	117	0	0	0	0	117	0	0	0	0	1	0	0	0	0	0	0	0	0	0	0	0	0	0	0	0	0	0	0	0	0	0	0	0	0	0	0	0	0	0	0	0	0	0	0	0	0	0	0	0	0	0	0
102	0	0	0	0	0	1009	0	0	0	0	1009	0	0	0	0	0.256846	0	0	0	0	0.256846	0	0	0	0	1	0	0	0	0	0	0	0	0	198	0	0	0	0	198	0	0	0	0	1	0	0	0	0	0	0	0	0	37.8293	0	0	0	0	37.8293	0	0	0	0	1	0	0	0	0	0	0	0	0	118	0	0	0	0	118	0	0	0	0	1	0	0	0	0	0	0	0	0	0	0	0	0	0	0	0	0	0	0	0	0	0	0	0	0	0	0	0	0	0	0	0	0	0	0	0	0	0	0	0	0	0	0
103	0	0	0	0	0	955	0	0	0	0	955	0	0	0	0	0.301935	0	0	0	0	0.301935	0	0	0	0	1	0	0	0	0	0	0	0	0	210	0	0	0	0	210	0	0	0	0	1	0	0	0	0	0	0	0	0	36.1179	0	0	0	0	36.1179	0	0	0	0	1	0	0	0	0	0	0	0	0	120	0	0	0	0	120	0	0	0	0	1	0	0	0	0	0	0	0	0	0	0	0	0	0	0	0	0	0	0	0	0	0	0	0	0	0	0	0	0	0	0	0	0	0	0	0	0	0	0	0	0	0	0
104	0	0	0	0	0	924	0	0	0	0	924	0	0	0	0	0.310324	0	0	0	0	0.310324	0	0	0	0	1	0	0	0	0	0	0	0	0	229	0	0	0	0	229	0	0	0	0	1	0	0	0	0	0	0	0	0	35.7477	0	0	0	0	35.7477	0	0	0	0	1	0	0	0	0	0	0	0	0	123	0	0	0	0	123	0	0	0	0	1	0	0	0	0	0	0	0	0	0	0	0	0	0	0	0	0	0	0	0	0	0	0	0	0	0	0	0	0	0	0	0	0	0	0	0	0	0	0	0	0	0	0
105	0	0	0	0	0	933	0	0	0	0	933	0	0	0	0	0.379507	0	0	0	0	0.379507	0	0	0	0	1	0	0	0	0	0	0	0	0	240	0	0	0	0	240	0	0	0	0	1	0	0	0	0	0	0	0	0	36.569	0	0	0	0	36.569	0	0	0	0	1	0	0	0	0	0	0	0	0	126	0	0	0	0	126	0	0	0	0	1	0	0	0	0	0	0	0	0	0	0	0	0	0	0	0	0	0	0	0	0	0	0	0	0	0	0	0	0	0	0	0	0	0	0	0	0	0	0	0	0	0	0
106	0	0	0	0	0	931	0	0	0	0	931	0	0	0	0	0.398355	0	0	0	0	0.398355	0	0	0	0	1	0	0	0	0	0	0	0	0	225	0	0	0	0	225	0	0	0	0	1	0	0	0	0	0	0	0	0	36.418	0	0	0	0	36.418	0	0	0	0	1	0	0	0	0	0	0	0	0	143	0	0	0	0	143	0	0	0	0	1	0	0	0	0	0	0	0	0	0	0	0	0	0	0	0	0	0	0	0	0	0	0	0	0	0	0	0	0	0	0	0	0	0	0	0	0	0	0	0	0	0	0
107	0	0	0	0	0	928	0	0	0	0	928	0	0	0	0	0.297293	0	0	0	0	0.297293	0	0	0	0	1	0	0	0	0	0	0	0	0	218	0	0	0	0	218	0	0	0	0	1	0	0	0	0	0	0	0	0	38.0493	0	0	0	0	38.0493	0	0	0	0	1	0	0	0	0	0	0	0	0	160	0	0	0	0	160	0	0	0	0	1	0	0	0	0	0	0	0	0	0	0	0	0	0	0	0	0	0	0	0	0	0	0	0	0	0	0	0	0	0	0	0	0	0	0	0	0	0	0	0	0	0	0
108	0	0	0	0	0	907	0	0	0	0	907	0	0	0	0	0.331902	0	0	0	0	0.331902	0	0	0	0	1	0	0	0	0	0	0	0	0	257	0	0	0	0	257	0	0	0	0	1	0	0	0	0	0	0	0	0	39.0345	0	0	0	0	39.0345	0	0	0	0	1	0	0	0	0	0	0	0	0	155	0	0	0	0	155	0	0	0	0	1	0	0	0	0	0	0	0	0	0	0	0	0	0	0	0	0	0	0	0	0	0	0	0	0	0	0	0	0	0	0	0	0	0	0	0	0	0	0	0	0	0	0
109	0	0	0	0	0	951	0	0	0	0	951	0	0	0	0	0.303849	0	0	0	0	0.303849	0	0	0	0	1	0	0	0	0	0	0	0	0	227	0	0	0	0	227	0	0	0	0	1	0	0	0	0	0	0	0	0	39.9258	0	0	0	0	39.9258	0	0	0	0	1	0	0	0	0	0	0	0	0	164	0	0	0	0	164	0	0	0	0	1	0	0	0	0	0	0	0	0	0	0	0	0	0	0	0	0	0	0	0	0	0	0	0	0	0	0	0	0	0	0	0	0	0	0	0	0	0	0	0	0	0	0
110	0	0	0	0	0	985	0	0	0	0	985	0	0	0	0	0.333027	0	0	0	0	0.333027	0	0	0	0	1	0	0	0	0	0	0	0	0	217	0	0	0	0	217	0	0	0	0	1	0	0	0	0	0	0	0	0	41.626	0	0	0	0	41.626	0	0	0	0	1	0	0	0	0	0	0	0	0	168	0	0	0	0	168	0	0	0	0	1	0	0	0	0	0	0	0	0	0	0	0	0	0	0	0	0	0	0	0	0	0	0	0	0	0	0	0	0	0	0	0	0	0	0	0	0	0	0	0	0	0	0
111	0	0	0	0	0	979	0	0	0	0	979	0	0	0	0	0.318078	0	0	0	0	0.318078	0	0	0	0	1	0	0	0	0	0	0	0	0	200	0	0	0	0	200	0	0	0	0	1	0	0	0	0	0	0	0	0	38.8943	0	0	0	0	38.8943	0	0	0	0	1	0	0	0	0	0	0	0	0	171	0	0	0	0	171	0	0	0	0	1	0	0	0	0	0	0	0	0	0	0	0	0	0	0	0	0	0	0	0	0	0	0	0	0	0	0	0	0	0	0	0	0	0	0	0	0	0	0	0	0	0	0
112	0	0	0	0	0	989	0	0	0	0	989	0	0	0	0	0.260445	0	0	0	0	0.260445	0	0	0	0	1	0	0	0	0	0	0	0	0	173	0	0	0	0	173	0	0	0	0	1	0	0	0	0	0	0	0	0	37.1917	0	0	0	0	37.1917	0	0	0	0	1	0	0	0	0	0	0	0	0	175	0	0	0	0	175	0	0	0	0	1	0	0	0	0	0	0	0	0	0	0	0	0	0	0	0	0	0	0	0	0	0	0	0	0	0	0	0	0	0	0	0	0	0	0	0	0	0	0	0	0	0	0
113	0	0	0	0	0	990	0	0	0	0	990	0	0	0	0	0.27122	0	0	0	0	0.27122	0	0	0	0	1	0	0	0	0	0	0	0	0	173	0	0	0	0	173	0	0	0	0	1	0	0	0	0	0	0	0	0	37.1816	0	0	0	0	37.1816	0	0	0	0	1	0	0	0	0	0	0	0	0	174	0	0	0	0	174	0	0	0	0	1	0	0	0	0	0	0	0	0	0	0	0	0	0	0	0	0	0	0	0	0	0	0	0	0	0	0	0	0	0	0	0	0	0	0	0	0	0	0	0	0	0	0
114	0	0	0	0	0	1020	0	0	0	0	1020	0	0	0	0	0.23304	0	0	0	0	0.23304	0	0	0	0	1	0	0	0	0	0	0	0	0	183	0	0	0	0	183	0	0	0	0	1	0	0	0	0	0	0	0	0	38.8311	0	0	0	0	38.8311	0	0	0	0	1	0	0	0	0	0	0	0	0	178	0	0	0	0	178	0	0	0	0	1	0	0	0	0	0	0	0	0	0	0	0	0	0	0	0	0	0	0	0	0	0	0	0	0	0	0	0	0	0	0	0	0	0	0	0	0	0	0	0	0	0	0
115	0	0	0	0	0	979	0	0	0	0	979	0	0	0	0	0.227657	0	0	0	0	0.227657	0	0	0	0	1	0	0	0	0	0	0	0	0	205	0	0	0	0	205	0	0	0	0	1	0	0	0	0	0	0	0	0	41.1561	0	0	0	0	41.1561	0	0	0	0	1	0	0	0	0	0	0	0	0	183	0	0	0	0	183	0	0	0	0	1	0	0	0	0	0	0	0	0	0	0	0	0	0	0	0	0	0	0	0	0	0	0	0	0	0	0	0	0	0	0	0	0	0	0	0	0	0	0	0	0	0	0
116	0	0	0	0	0	983	0	0	0	0	983	0	0	0	0	0.252514	0	0	0	0	0.252514	0	0	0	0	1	0	0	0	0	0	0	0	0	196	0	0	0	0	196	0	0	0	0	1	0	0	0	0	0	0	0	0	42.7532	0	0	0	0	42.7532	0	0	0	0	1	0	0	0	0	0	0	0	0	179	0	0	0	0	179	0	0	0	0	1	0	0	0	0	0	0	0	0	0	0	0	0	0	0	0	0	0	0	0	0	0	0	0	0	0	0	0	0	0	0	0	0	0	0	0	0	0	0	0	0	0	0
117	0	0	0	0	0	980	0	0	0	0	980	0	0	0	0	0.261588	0	0	0	0	0.261588	0	0	0	0	1	0	0	0	0	0	0	0	0	181	0	0	0	0	181	0	0	0	0	1	0	0	0	0	0	0	0	0	43.4038	0	0	0	0	43.4038	0	0	0	0	1	0	0	0	0	0	0	0	0	176	0	0	0	0	176	0	0	0	0	1	0	0	0	0	0	0	0	0	0	0	0	0	0	0	0	0	0	0	0	0	0	0	0	0	0	0	0	0	0	0	0	0	0	0	0	0	0	0	0	0	0	0
118	0	0	0	0	0	978	0	0	0	0	978	0	0	0	0	0.216556	0	0	0	0	0.216556	0	0	0	0	1	0	0	0	0	0	0	0	0	173	0	0	0	0	173	0	0	0	0	1	0	0	0	0	0	0	0	0	44.5166	0	0	0	0	44.5166	0	0	0	0	1	0	0	0	0	0	0	0	0	184	0	0	0	0	184	0	0	0	0	1	0	0	0	0	0	0	0	0	0	0	0	0	0	0	0	0	0	0	0	0	0	0	0	0	0	0	0	0	0	0	0	0	0	0	0	0	0	0	0	0	0	0
119	0	0	0	0	0	952	0	0	0	0	952	0	0	0	0	0.216477	0	0	0	0	0.216477	0	0	0	0	1	0	0	0	0	0	0	0	0	178	0	0	0	0	178	0	0	0	0	1	0	0	0	0	0	0	0	0	44.8607	0	0	0	0	44.8607	0	0	0	0	1	0	0	0	0	0	0	0	0	178	0	0	0	0	178	0	0	0	0	1	0	0	0	0	0	0	0	0	0	0	0	0	0	0	0	0	0	0	0	0	0	0	0	0	0	0	0	0	0	0	0	0	0	0	0	0	0	0	0	0	0	0
120	0	0	0	0	0	948	0	0	0	0	948	0	0	0	0	0.203292	0	0	0	0	0.203292	0	0	0	0	1	0	0	0	0	0	0	0	0	166	0	0	0	0	166	0	0	0	0	1	0	0	0	0	0	0	0	0	44.6413	0	0	0	0	44.6413	0	0	0	0	1	0	0	0	0	0	0	0	0	174	0	0	0	0	174	0	0	0	0	1	0	0	0	0	0	0	0	0	0	0	0	0	0	0	0	0	0	0	0	0	0	0	0	0	0	0	0	0	0	0	0	0	0	0	0	0	0	0	0	0	0	0
121	0	0	0	0	0	935	0	0	0	0	935	0	0	0	0	0.185927	0	0	0	0	0.185927	0	0	0	0	1	0	0	0	0	0	0	0	0	155	0	0	0	0	155	0	0	0	0	1	0	0	0	0	0	0	0	0	43.9714	0	0	0	0	43.9714	0	0	0	0	1	0	0	0	0	0	0	0	0	167	0	0	0	0	167	0	0	0	0	1	0	0	0	0	0	0	0	0	0	0	0	0	0	0	0	0	0	0	0	0	0	0	0	0	0	0	0	0	0	0	0	0	0	0	0	0	0	0	0	0	0	0
122	0	0	0	0	0	970	0	0	0	0	970	0	0	0	0	0.222755	0	0	0	0	0.222755	0	0	0	0	1	0	0	0	0	0	0	0	0	151	0	0	0	0	151	0	0	0	0	1	0	0	0	0	0	0	0	0	44.9902	0	0	0	0	44.9902	0	0	0	0	1	0	0	0	0	0	0	0	0	163	0	0	0	0	163	0	0	0	0	1	0	0	0	0	0	0	0	0	0	0	0	0	0	0	0	0	0	0	0	0	0	0	0	0	0	0	0	0	0	0	0	0	0	0	0	0	0	0	0	0	0	0
123	0	0	0	0	0	951	0	0	0	0	951	0	0	0	0	0.227125	0	0	0	0	0.227125	0	0	0	0	1	0	0	0	0	0	0	0	0	141	0	0	0	0	141	0	0	0	0	1	0	0	0	0	0	0	0	0	46.406	0	0	0	0	46.406	0	0	0	0	1	0	0	0	0	0	0	0	0	171	0	0	0	0	171	0	0	0	0	1	0	0	0	0	0	0	0	0	0	0	0	0	0	0	0	0	0	0	0	0	0	0	0	0	0	0	0	0	0	0	0	0	0	0	0	0	0	0	0	0	0	0
124	0	0	0	0	0	932	0	0	0	0	932	0	0	0	0	0.226729	0	0	0	0	0.226729	0	0	0	0	1	0	0	0	0	0	0	0	0	129	0	0	0	0	129	0	0	0	0	1	0	0	0	0	0	0	0	0	44.9156	0	0	0	0	44.9156	0	0	0	0	1	0	0	0	0	0	0	0	0	163	0	0	0	0	163	0	0	0	0	1	0	0	0	0	0	0	0	0	0	0	0	0	0	0	0	0	0	0	0	0	0	0	0	0	0	0	0	0	0	0	0	0	0	0	0	0	0	0	0	0	0	0
125	0	0	0	0	0	930	0	0	0	0	930	0	0	0	0	0.170224	0	0	0	0	0.170224	0	0	0	0	1	0	0	0	0	0	0	0	0	111	0	0	0	0	111	0	0	0	0	1	0	0	0	0	0	0	0	0	46.3149	0	0	0	0	46.3149	0	0	0	0	1	0	0	0	0	0	0	0	0	166	0	0	0	0	166	0	0	0	0	1	0	0	0	0	0	0	0	0	0	0	0	0	0	0	0	0	0	0	0	0	0	0	0	0	0	0	0	0	0	0	0	0	0	0	0	0	0	0	0	0	0	0
126	0	0	0	0	0	929	0	0	0	0	929	0	0	0	0	0.160452	0	0	0	0	0.160452	0	0	0	0	1	0	0	0	0	0	0	0	0	106	0	0	0	0	106	0	0	0	0	1	0	0	0	0	0	0	0	0	45.3725	0	0	0	0	45.3725	0	0	0	0	1	0	0	0	0	0	0	0	0	156	0	0	0	0	156	0	0	0	0	1	0	0	0	0	0	0	0	0	0	0	0	0	0	0	0	0	0	0	0	0	0	0	0	0	0	0	0	0	0	0	0	0	0	0	0	0	0	0	0	0	0	0
127	0	0	0	0	0	945	0	0	0	0	945	0	0	0	0	0.14793	0	0	0	0	0.14793	0	0	0	0	1	0	0	0	0	0	0	0	0	101	0	0	0	0	101	0	0	0	0	1	0	0	0	0	0	0	0	0	47.0143	0	0	0	0	47.0143	0	0	0	0	1	0	0	0	0	0	0	0	0	154	0	0	0	0	154	0	0	0	0	1	0	0	0	0	0	0	0	0	0	0	0	0	0	0	0	0	0	0	0	0	0	0	0	0	0	0	0	0	0	0	0	0	0	0	0	0	0	0	0	0	0	0
128	0	0	0	0	0	951	0	0	0	0	951	0	0	0	0	0.152018	0	0	0	0	0.152018	0	0	0	0	1	0	0	0	0	0	0	0	0	101	0	0	0	0	101	0	0	0	0	1	0	0	0	0	0	0	0	0	47.0964	0	0	0	0	47.0964	0	0	0	0	1	0	0	0	0	0	0	0	0	148	0	0	0	0	148	0	0	0	0	1	0	0	0	0	0	0	0	0	0	0	0	0	0	0	0	0	0	0	0	0	0	0	0	0	0	0	0	0	0	0	0	0	0	0	0	0	0	0	0	0	0	0
129	0	0	0	0	0	956	0	0	0	0	956	0	0	0	0	0.158973	0	0	0	0	0.158973	0	0	0	0	1	0	0	0	0	0	0	0	0	96	0	0	0	0	96	0	0	0	0	1	0	0	0	0	0	0	0	0	46.8246	0	0	0	0	46.8246	0	0	0	0	1	0	0	0	0	0	0	0	0	145	0	0	0	0	145	0	0	0	0	1	0	0	0	0	0	0	0	0	0	0	0	0	0	0	0	0	0	0	0	0	0	0	0	0	0	0	0	0	0	0	0	0	0	0	0	0	0	0	0	0	0	0
130	0	0	0	0	0	941	0	0	0	0	941	0	0	0	0	0.135211	0	0	0	0	0.135211	0	0	0	0	1	0	0	0	0	0	0	0	0	97	0	0	0	0	97	0	0	0	0	1	0	0	0	0	0	0	0	0	47.866	0	0	0	0	47.866	0	0	0	0	1	0	0	0	0	0	0	0	0	146	0	0	0	0	146	0	0	0	0	1	0	0	0	0	0	0	0	0	0	0	0	0	0	0	0	0	0	0	0	0	0	0	0	0	0	0	0	0	0	0	0	0	0	0	0	0	0	0	0	0	0	0
131	0	0	0	0	0	912	0	0	0	0	912	0	0	0	0	0.123423	0	0	0	0	0.123423	0	0	0	0	1	0	0	0	0	0	0	0	0	93	0	0	0	0	93	0	0	0	0	1	0	0	0	0	0	0	0	0	49.3361	0	0	0	0	49.3361	0	0	0	0	1	0	0	0	0	0	0	0	0	149	0	0	0	0	149	0	0	0	0	1	0	0	0	0	0	0	0	0	0	0	0	0	0	0	0	0	0	0	0	0	0	0	0	0	0	0	0	0	0	0	0	0	0	0	0	0	0	0	0	0	0	0
132	0	0	0	0	0	874	0	0	0	0	874	0	0	0	0	0.145185	0	0	0	0	0.145185	0	0	0	0	1	0	0	0	0	0	0	0	0	98	0	0	0	0	98	0	0	0	0	1	0	0	0	0	0	0	0	0	46.7761	0	0	0	0	46.7761	0	0	0	0	1	0	0	0	0	0	0	0	0	147	0	0	0	0	147	0	0	0	0	1	0	0	0	0	0	0	0	0	0	0	0	0	0	0	0	0	0	0	0	0	0	0	0	0	0	0	0	0	0	0	0	0	0	0	0	0	0	0	0	0	0	0
133	0	0	0	0	0	879	0	0	0	0	879	0	0	0	0	0.152212	0	0	0	0	0.152212	0	0	0	0	1	0	0	0	0	0	0	0	0	95	0	0	0	0	95	0	0	0	0	1	0	0	0	0	0	0	0	0	46.558	0	0	0	0	46.558	0	0	0	0	1	0	0	0	0	0	0	0	0	148	0	0	0	0	148	0	0	0	0	1	0	0	0	0	0	0	0	0	0	0	0	0	0	0	0	0	0	0	0	0	0	0	0	0	0	0	0	0	0	0	0	0	0	0	0	0	0	0	0	0	0	0
134	0	0	0	0	0	883	0	0	0	0	883	0	0	0	0	0.126308	0	0	0	0	0.126308	0	0	0	0	1	0	0	0	0	0	0	0	0	80	0	0	0	0	80	0	0	0	0	1	0	0	0	0	0	0	0	0	45.8052	0	0	0	0	45.8052	0	0	0	0	1	0	0	0	0	0	0	0	0	151	0	0	0	0	151	0	0	0	0	1	0	0	0	0	0	0	0	0	0	0	0	0	0	0	0	0	0	0	0	0	0	0	0	0	0	0	0	0	0	0	0	0	0	0	0	0	0	0	0	0	0	0
135	0	0	0	0	0	858	0	0	0	0	858	0	0	0	0	0.140624	0	0	0	0	0.140624	0	0	0	0	1	0	0	0	0	0	0	0	0	82	0	0	0	0	82	0	0	0	0	1	0	0	0	0	0	0	0	0	44.6103	0	0	0	0	44.6103	0	0	0	0	1	0	0	0	0	0	0	0	0	143	0	0	0	0	143	0	0	0	0	1	0	0	0	0	0	0	0	0	0	0	0	0	0	0	0	0	0	0	0	0	0	0	0	0	0	0	0	0	0	0	0	0	0	0	0	0	0	0	0	0	0	0
136	0	0	0	0	0	841	0	0	0	0	841	0	0	0	0	0.12429	0	0	0	0	0.12429	0	0	0	0	1	0	0	0	0	0	0	0	0	90	0	0	0	0	90	0	0	0	0	1	0	0	0	0	0	0	0	0	42.9088	0	0	0	0	42.9088	0	0	0	0	1	0	0	0	0	0	0	0	0	142	0	0	0	0	142	0	0	0	0	1	0	0	0	0	0	0	0	0	0	0	0	0	0	0	0	0	0	0	0	0	0	0	0	0	0	0	0	0	0	0	0	0	0	0	0	0	0	0	0	0	0	0
137	0	0	0	0	0	812	0	0	0	0	812	0	0	0	0	0.132874	0	0	0	0	0.132874	0	0	0	0	1	0	0	0	0	0	0	0	0	119	0	0	0	0	119	0	0	0	0	1	0	0	0	0	0	0	0	0	44.2774	0	0	0	0	44.2774	0	0	0	0	1	0	0	0	0	0	0	0	0	139	0	0	0	0	139	0	0	0	0	1	0	0	0	0	0	0	0	0	0	0	0	0	0	0	0	0	0	0	0	0	0	0	0	0	0	0	0	0	0	0	0	0	0	0	0	0	0	0	0	0	0	0
138	0	0	0	0	0	820	0	0	0	0	820	0	0	0	0	0.181745	0	0	0	0	0.181745	0	0	0	0	1	0	0	0	0	0	0	0	0	136	0	0	0	0	136	0	0	0	0	1	0	0	0	0	0	0	0	0	45.1178	0	0	0	0	45.1178	0	0	0	0	1	0	0	0	0	0	0	0	0	133	0	0	0	0	133	0	0	0	0	1	0	0	0	0	0	0	0	0	0	0	0	0	0	0	0	0	0	0	0	0	0	0	0	0	0	0	0	0	0	0	0	0	0	0	0	0	0	0	0	0	0	0
139	0	0	0	0	0	817	0	0	0	0	817	0	0	0	0	0.20941	0	0	0	0	0.20941	0	0	0	0	1	0	0	0	0	0	0	0	0	131	0	0	0	0	131	0	0	0	0	1	0	0	0	0	0	0	0	0	45.6986	0	0	0	0	45.6986	0	0	0	0	1	0	0	0	0	0	0	0	0	137	0	0	0	0	137	0	0	0	0	1	0	0	0	0	0	0	0	0	0	0	0	0	0	0	0	0	0	0	0	0	0	0	0	0	0	0	0	0	0	0	0	0	0	0	0	0	0	0	0	0	0	0
140	0	0	0	0	0	828	0	0	0	0	828	0	0	0	0	0.251816	0	0	0	0	0.251816	0	0	0	0	1	0	0	0	0	0	0	0	0	112	0	0	0	0	112	0	0	0	0	1	0	0	0	0	0	0	0	0	43.4216	0	0	0	0	43.4216	0	0	0	0	1	0	0	0	0	0	0	0	0	143	0	0	0	0	143	0	0	0	0	1	0	0	0	0	0	0	0	0	0	0	0	0	0	0	0	0	0	0	0	0	0	0	0	0	0	0	0	0	0	0	0	0	0	0	0	0	0	0	0	0	0	0
141	0	0	0	0	0	848	0	0	0	0	848	0	0	0	0	0.172593	0	0	0	0	0.172593	0	0	0	0	1	0	0	0	0	0	0	0	0	91	0	0	0	0	91	0	0	0	0	1	0	0	0	0	0	0	0	0	42.893	0	0	0	0	42.893	0	0	0	0	1	0	0	0	0	0	0	0	0	155	0	0	0	0	155	0	0	0	0	1	0	0	0	0	0	0	0	0	0	0	0	0	0	0	0	0	0	0	0	0	0	0	0	0	0	0	0	0	0	0	0	0	0	0	0	0	0	0	0	0	0	0
142	0	0	0	0	0	864	0	0	0	0	864	0	0	0	0	0.147791	0	0	0	0	0.147791	0	0	0	0	1	0	0	0	0	0	0	0	0	89	0	0	0	0	89	0	0	0	0	1	0	0	0	0	0	0	0	0	43.0918	0	0	0	0	43.0918	0	0	0	0	1	0	0	0	0	0	0	0	0	148	0	0	0	0	148	0	0	0	0	1	0	0	0	0	0	0	0	0	0	0	0	0	0	0	0	0	0	0	0	0	0	0	0	0	0	0	0	0	0	0	0	0	0	0	0	0	0	0	0	0	0	0
143	0	0	0	0	0	883	0	0	0	0	883	0	0	0	0	0.125453	0	0	0	0	0.125453	0	0	0	0	1	0	0	0	0	0	0	0	0	92	0	0	0	0	92	0	0	0	0	1	0	0	0	0	0	0	0	0	43.5015	0	0	0	0	43.5015	0	0	0	0	1	0	0	0	0	0	0	0	0	145	0	0	0	0	145	0	0	0	0	1	0	0	0	0	0	0	0	0	0	0	0	0	0	0	0	0	0	0	0	0	0	0	0	0	0	0	0	0	0	0	0	0	0	0	0	0	0	0	0	0	0	0
144	0	0	0	0	0	927	0	0	0	0	927	0	0	0	0	0.130489	0	0	0	0	0.130489	0	0	0	0	1	0	0	0	0	0	0	0	0	78	0	0	0	0	78	0	0	0	0	1	0	0	0	0	0	0	0	0	44.6443	0	0	0	0	44.6443	0	0	0	0	1	0	0	0	0	0	0	0	0	145	0	0	0	0	145	0	0	0	0	1	0	0	0	0	0	0	0	0	0	0	0	0	0	0	0	0	0	0	0	0	0	0	0	0	0	0	0	0	0	0	0	0	0	0	0	0	0	0	0	0	0	0
145	0	0	0	0	0	911	0	0	0	0	911	0	0	0	0	0.130168	0	0	0	0	0.130168	0	0	0	0	1	0	0	0	0	0	0	0	0	67	0	0	0	0	67	0	0	0	0	1	0	0	0	0	0	0	0	0	43.4822	0	0	0	0	43.4822	0	0	0	0	1	0	0	0	0	0	0	0	0	135	0	0	0	0	135	0	0	0	0	1	0	0	0	0	0	0	0	0	0	0	0	0	0	0	0	0	0	0	0	0	0	0	0	0	0	0	0	0	0	0	0	0	0	0	0	0	0	0	0	0	0	0
146	0	0	0	0	0	948	0	0	0	0	948	0	0	0	0	0.132545	0	0	0	0	0.132545	0	0	0	0	1	0	0	0	0	0	0	0	0	57	0	0	0	0	57	0	0	0	0	1	0	0	0	0	0	0	0	0	43.7737	0	0	0	0	43.7737	0	0	0	0	1	0	0	0	0	0	0	0	0	134	0	0	0	0	134	0	0	0	0	1	0	0	0	0	0	0	0	0	0	0	0	0	0	0	0	0	0	0	0	0	0	0	0	0	0	0	0	0	0	0	0	0	0	0	0	0	0	0	0	0	0	0
147	0	0	0	0	0	959	0	0	0	0	959	0	0	0	0	0.113832	0	0	0	0	0.113832	0	0	0	0	1	0	0	0	0	0	0	0	0	56	0	0	0	0	56	0	0	0	0	1	0	0	0	0	0	0	0	0	43.9291	0	0	0	0	43.9291	0	0	0	0	1	0	0	0	0	0	0	0	0	132	0	0	0	0	132	0	0	0	0	1	0	0	0	0	0	0	0	0	0	0	0	0	0	0	0	0	0	0	0	0	0	0	0	0	0	0	0	0	0	0	0	0	0	0	0	0	0	0	0	0	0	0
148	0	0	0	0	0	964	0	0	0	0	964	0	0	0	0	0.10249	0	0	0	0	0.10249	0	0	0	0	1	0	0	0	0	0	0	0	0	57	0	0	0	0	57	0	0	0	0	1	0	0	0	0	0	0	0	0	40.9585	0	0	0	0	40.9585	0	0	0	0	1	0	0	0	0	0	0	0	0	122	0	0	0	0	122	0	0	0	0	1	0	0	0	0	0	0	0	0	0	0	0	0	0	0	0	0	0	0	0	0	0	0	0	0	0	0	0	0	0	0	0	0	0	0	0	0	0	0	0	0	0	0
149	0	0	0	0	0	967	0	0	0	0	967	0	0	0	0	0.101932	0	0	0	0	0.101932	0	0	0	0	1	0	0	0	0	0	0	0	0	87	0	0	0	0	87	0	0	0	0	1	0	0	0	0	0	0	0	0	42.11	0	0	0	0	42.11	0	0	0	0	1	0	0	0	0	0	0	0	0	121	0	0	0	0	121	0	0	0	0	1	0	0	0	0	0	0	0	0	0	0	0	0	0	0	0	0	0	0	0	0	0	0	0	0	0	0	0	0	0	0	0	0	0	0	0	0	0	0	0	0	0	0
150	0	0	0	0	0	960	0	0	0	0	960	0	0	0	0	0.119385	0	0	0	0	0.119385	0	0	0	0	1	0	0	0	0	0	0	0	0	132	0	0	0	0	132	0	0	0	0	1	0	0	0	0	0	0	0	0	41.0289	0	0	0	0	41.0289	0	0	0	0	1	0	0	0	0	0	0	0	0	116	0	0	0	0	116	0	0	0	0	1	0	0	0	0	0	0	0	0	0	0	0	0	0	0	0	0	0	0	0	0	0	0	0	0	0	0	0	0	0	0	0	0	0	0	0	0	0	0	0	0	0	0
151	0	0	0	0	0	971	0	0	0	0	971	0	0	0	0	0.193724	0	0	0	0	0.193724	0	0	0	0	1	0	0	0	0	0	0	0	0	148	0	0	0	0	148	0	0	0	0	1	0	0	0	0	0	0	0	0	40.4862	0	0	0	0	40.4862	0	0	0	0	1	0	0	0	0	0	0	0	0	121	0	0	0	0	121	0	0	0	0	1	0	0	0	0	0	0	0	0	0	0	0	0	0	0	0	0	0	0	0	0	0	0	0	0	0	0	0	0	0	0	0	0	0	0	0	0	0	0	0	0	0	0
152	0	0	0	0	0	1001	0	0	0	0	1001	0	0	0	0	0.252082	0	0	0	0	0.252082	0	0	0	0	1	0	0	0	0	0	0	0	0	157	0	0	0	0	157	0	0	0	0	1	0	0	0	0	0	0	0	0	41.4339	0	0	0	0	41.4339	0	0	0	0	1	0	0	0	0	0	0	0	0	135	0	0	0	0	135	0	0	0	0	1	0	0	0	0	0	0	0	0	0	0	0	0	0	0	0	0	0	0	0	0	0	0	0	0	0	0	0	0	0	0	0	0	0	0	0	0	0	0	0	0	0	0
153	0	0	0	0	0	1012	0	0	0	0	1012	0	0	0	0	0.249849	0	0	0	0	0.249849	0	0	0	0	1	0	0	0	0	0	0	0	0	151	0	0	0	0	151	0	0	0	0	1	0	0	0	0	0	0	0	0	42.4619	0	0	0	0	42.4619	0	0	0	0	1	0	0	0	0	0	0	0	0	157	0	0	0	0	157	0	0	0	0	1	0	0	0	0	0	0	0	0	0	0	0	0	0	0	0	0	0	0	0	0	0	0	0	0	0	0	0	0	0	0	0	0	0	0	0	0	0	0	0	0	0	0
154	0	0	0	0	0	1047	0	0	0	0	1047	0	0	0	0	0.24986	0	0	0	0	0.24986	0	0	0	0	1	0	0	0	0	0	0	0	0	136	0	0	0	0	136	0	0	0	0	1	0	0	0	0	0	0	0	0	44.6648	0	0	0	0	44.6648	0	0	0	0	1	0	0	0	0	0	0	0	0	173	0	0	0	0	173	0	0	0	0	1	0	0	0	0	0	0	0	0	0	0	0	0	0	0	0	0	0	0	0	0	0	0	0	0	0	0	0	0	0	0	0	0	0	0	0	0	0	0	0	0	0	0
155	0	0	0	0	0	1071	0	0	0	0	1071	0	0	0	0	0.194054	0	0	0	0	0.194054	0	0	0	0	1	0	0	0	0	0	0	0	0	121	0	0	0	0	121	0	0	0	0	1	0	0	0	0	0	0	0	0	47.0823	0	0	0	0	47.0823	0	0	0	0	1	0	0	0	0	0	0	0	0	179	0	0	0	0	179	0	0	0	0	1	0	0	0	0	0	0	0	0	0	0	0	0	0	0	0	0	0	0	0	0	0	0	0	0	0	0	0	0	0	0	0	0	0	0	0	0	0	0	0	0	0	0
156	0	0	0	0	0	1057	0	0	0	0	1057	0	0	0	0	0.187146	0	0	0	0	0.187146	0	0	0	0	1	0	0	0	0	0	0	0	0	107	0	0	0	0	107	0	0	0	0	1	0	0	0	0	0	0	0	0	46.3988	0	0	0	0	46.3988	0	0	0	0	1	0	0	0	0	0	0	0	0	169	0	0	0	0	169	0	0	0	0	1	0	0	0	0	0	0	0	0	0	0	0	0	0	0	0	0	0	0	0	0	0	0	0	0	0	0	0	0	0	0	0	0	0	0	0	0	0	0	0	0	0	0
157	0	0	0	0	0	1129	0	0	0	0	1129	0	0	0	0	0.129876	0	0	0	0	0.129876	0	0	0	0	1	0	0	0	0	0	0	0	0	88	0	0	0	0	88	0	0	0	0	1	0	0	0	0	0	0	0	0	45.0656	0	0	0	0	45.0656	0	0	0	0	1	0	0	0	0	0	0	0	0	169	0	0	0	0	169	0	0	0	0	1	0	0	0	0	0	0	0	0	0	0	0	0	0	0	0	0	0	0	0	0	0	0	0	0	0	0	0	0	0	0	0	0	0	0	0	0	0	0	0	0	0	0
158	0	0	0	0	0	1135	0	0	0	0	1135	0	0	0	0	0.128666	0	0	0	0	0.128666	0	0	0	0	1	0	0	0	0	0	0	0	0	82	0	0	0	0	82	0	0	0	0	1	0	0	0	0	0	0	0	0	43.3908	0	0	0	0	43.3908	0	0	0	0	1	0	0	0	0	0	0	0	0	161	0	0	0	0	161	0	0	0	0	1	0	0	0	0	0	0	0	0	0	0	0	0	0	0	0	0	0	0	0	0	0	0	0	0	0	0	0	0	0	0	0	0	0	0	0	0	0	0	0	0	0	0
159	0	0	0	0	0	1119	0	0	0	0	1119	0	0	0	0	0.114992	0	0	0	0	0.114992	0	0	0	0	1	0	0	0	0	0	0	0	0	72	0	0	0	0	72	0	0	0	0	1	0	0	0	0	0	0	0	0	43.0212	0	0	0	0	43.0212	0	0	0	0	1	0	0	0	0	0	0	0	0	160	0	0	0	0	160	0	0	0	0	1	0	0	0	0	0	0	0	0	0	0	0	0	0	0	0	0	0	0	0	0	0	0	0	0	0	0	0	0	0	0	0	0	0	0	0	0	0	0	0	0	0	0
160	0	0	0	0	0	1115	0	0	0	0	1115	0	0	0	0	0.0992681	0	0	0	0	0.0992681	0	0	0	0	1	0	0	0	0	0	0	0	0	74	0	0	0	0	74	0	0	0	0	1	0	0	0	0	0	0	0	0	43.2749	0	0	0	0	43.2749	0	0	0	0	1	0	0	0	0	0	0	0	0	156	0	0	0	0	156	0	0	0	0	1	0	0	0	0	0	0	0	0	0	0	0	0	0	0	0	0	0	0	0	0	0	0	0	0	0	0	0	0	0	0	0	0	0	0	0	0	0	0	0	0	0	0
161	0	0	0	0	0	1124	0	0	0	0	1124	0	0	0	0	0.100355	0	0	0	0	0.100355	0	0	0	0	1	0	0	0	0	0	0	0	0	85	0	0	0	0	85	0	0	0	0	1	0	0	0	0	0	0	0	0	42.7524	0	0	0	0	42.7524	0	0	0	0	1	0	0	0	0	0	0	0	0	146	0	0	0	0	146	0	0	0	0	1	0	0	0	0	0	0	0	0	0	0	0	0	0	0	0	0	0	0	0	0	0	0	0	0	0	0	0	0	0	0	0	0	0	0	0	0	0	0	0	0	0	0
162	0	0	0	0	0	1073	0	0	0	0	1073	0	0	0	0	0.128197	0	0	0	0	0.128197	0	0	0	0	1	0	0	0	0	0	0	0	0	126	0	0	0	0	126	0	0	0	0	1	0	0	0	0	0	0	0	0	42.734	0	0	0	0	42.734	0	0	0	0	1	0	0	0	0	0	0	0	0	138	0	0	0	0	138	0	0	0	0	1	0	0	0	0	0	0	0	0	0	0	0	0	0	0	0	0	0	0	0	0	0	0	0	0	0	0	0	0	0	0	0	0	0	0	0	0	0	0	0	0	0	0
163	0	0	0	0	0	1073	0	0	0	0	1073	0	0	0	0	0.149867	0	0	0	0	0.149867	0	0	0	0	1	0	0	0	0	0	0	0	0	150	0	0	0	0	150	0	0	0	0	1	0	0	0	0	0	0	0	0	42.1334	0	0	0	0	42.1334	0	0	0	0	1	0	0	0	0	0	0	0	0	136	0	0	0	0	136	0	0	0	0	1	0	0	0	0	0	0	0	0	0	0	0	0	0	0	0	0	0	0	0	0	0	0	0	0	0	0	0	0	0	0	0	0	0	0	0	0	0	0	0	0	0	0
164	0	0	0	0	0	1081	0	0	0	0	1081	0	0	0	0	0.135541	0	0	0	0	0.135541	0	0	0	0	1	0	0	0	0	0	0	0	0	145	0	0	0	0	145	0	0	0	0	1	0	0	0	0	0	0	0	0	40.1823	0	0	0	0	40.1823	0	0	0	0	1	0	0	0	0	0	0	0	0	137	0	0	0	0	137	0	0	0	0	1	0	0	0	0	0	0	0	0	0	0	0	0	0	0	0	0	0	0	0	0	0	0	0	0	0	0	0	0	0	0	0	0	0	0	0	0	0	0	0	0	0	0
165	0	0	0	0	0	1071	0	0	0	0	1071	0	0	0	0	0.224248	0	0	0	0	0.224248	0	0	0	0	1	0	0	0	0	0	0	0	0	185	0	0	0	0	185	0	0	0	0	1	0	0	0	0	0	0	0	0	40.6883	0	0	0	0	40.6883	0	0	0	0	1	0	0	0	0	0	0	0	0	144	0	0	0	0	144	0	0	0	0	1	0	0	0	0	0	0	0	0	0	0	0	0	0	0	0	0	0	0	0	0	0	0	0	0	0	0	0	0	0	0	0	0	0	0	0	0	0	0	0	0	0	0
166	0	0	0	0	0	1057	0	0	0	0	1057	0	0	0	0	0.219099	0	0	0	0	0.219099	0	0	0	0	1	0	0	0	0	0	0	0	0	198	0	0	0	0	198	0	0	0	0	1	0	0	0	0	0	0	0	0	42.167	0	0	0	0	42.167	0	0	0	0	1	0	0	0	0	0	0	0	0	162	0	0	0	0	162	0	0	0	0	1	0	0	0	0	0	0	0	0	0	0	0	0	0	0	0	0	0	0	0	0	0	0	0	0	0	0	0	0	0	0	0	0	0	0	0	0	0	0	0	0	0	0
167	0	0	0	0	0	1049	0	0	0	0	1049	0	0	0	0	0.280414	0	0	0	0	0.280414	0	0	0	0	1	0	0	0	0	0	0	0	0	210	0	0	0	0	210	0	0	0	0	1	0	0	0	0	0	0	0	0	42.7633	0	0	0	0	42.7633	0	0	0	0	1	0	0	0	0	0	0	0	0	158	0	0	0	0	158	0	0	0	0	1	0	0	0	0	0	0	0	0	0	0	0	0	0	0	0	0	0	0	0	0	0	0	0	0	0	0	0	0	0	0	0	0	0	0	0	0	0	0	0	0	0	0
168	0	0	0	0	0	1071	0	0	0	0	1071	0	0	0	0	0.269718	0	0	0	0	0.269718	0	0	0	0	1	0	0	0	0	0	0	0	0	191	0	0	0	0	191	0	0	0	0	1	0	0	0	0	0	0	0	0	43.0808	0	0	0	0	43.0808	0	0	0	0	1	0	0	0	0	0	0	0	0	167	0	0	0	0	167	0	0	0	0	1	0	0	0	0	0	0	0	0	0	0	0	0	0	0	0	0	0	0	0	0	0	0	0	0	0	0	0	0	0	0	0	0	0	0	0	0	0	0	0	0	0	0
169	0	0	0	0	0	1093	0	0	0	0	1093	0	0	0	0	0.278262	0	0	0	0	0.278262	0	0	0	0	1	0	0	0	0	0	0	0	0	176	0	0	0	0	176	0	0	0	0	1	0	0	0	0	0	0	0	0	44.9257	0	0	0	0	44.9257	0	0	0	0	1	0	0	0	0	0	0	0	0	170	0	0	0	0	170	0	0	0	0	1	0	0	0	0	0	0	0	0	0	0	0	0	0	0	0	0	0	0	0	0	0	0	0	0	0	0	0	0	0	0	0	0	0	0	0	0	0	0	0	0	0	0
170	0	0	0	0	0	1079	0	0	0	0	1079	0	0	0	0	0.246367	0	0	0	0	0.246367	0	0	0	0	1	0	0	0	0	0	0	0	0	155	0	0	0	0	155	0	0	0	0	1	0	0	0	0	0	0	0	0	45.4932	0	0	0	0	45.4932	0	0	0	0	1	0	0	0	0	0	0	0	0	176	0	0	0	0	176	0	0	0	0	1	0	0	0	0	0	0	0	0	0	0	0	0	0	0	0	0	0	0	0	0	0	0	0	0	0	0	0	0	0	0	0	0	0	0	0	0	0	0	0	0	0	0
171	0	0	0	0	0	1100	0	0	0	0	1100	0	0	0	0	0.188692	0	0	0	0	0.188692	0	0	0	0	1	0	0	0	0	0	0	0	0	132	0	0	0	0	132	0	0	0	0	1	0	0	0	0	0	0	0	0	47.3219	0	0	0	0	47.3219	0	0	0	0	1	0	0	0	0	0	0	0	0	176	0	0	0	0	176	0	0	0	0	1	0	0	0	0	0	0	0	0	0	0	0	0	0	0	0	0	0	0	0	0	0	0	0	0	0	0	0	0	0	0	0	0	0	0	0	0	0	0	0	0	0	0
172	0	0	0	0	0	1089	0	0	0	0	1089	0	0	0	0	0.18319	0	0	0	0	0.18319	0	0	0	0	1	0	0	0	0	0	0	0	0	125	0	0	0	0	125	0	0	0	0	1	0	0	0	0	0	0	0	0	47.6823	0	0	0	0	47.6823	0	0	0	0	1	0	0	0	0	0	0	0	0	168	0	0	0	0	168	0	0	0	0	1	0	0	0	0	0	0	0	0	0	0	0	0	0	0	0	0	0	0	0	0	0	0	0	0	0	0	0	0	0	0	0	0	0	0	0	0	0	0	0	0	0	0
173	0	0	0	0	0	1111	0	0	0	0	1111	0	0	0	0	0.165524	0	0	0	0	0.165524	0	0	0	0	1	0	0	0	0	0	0	0	0	115	0	0	0	0	115	0	0	0	0	1	0	0	0	0	0	0	0	0	48.966	0	0	0	0	48.966	0	0	0	0	1	0	0	0	0	0	0	0	0	167	0	0	0	0	167	0	0	0	0	1	0	0	0	0	0	0	0	0	0	0	0	0	0	0	0	0	0	0	0	0	0	0	0	0	0	0	0	0	0	0	0	0	0	0	0	0	0	0	0	0	0	0
174	0	0	0	0	0	1087	0	0	0	0	1087	0	0	0	0	0.145584	0	0	0	0	0.145584	0	0	0	0	1	0	0	0	0	0	0	0	0	99	0	0	0	0	99	0	0	0	0	1	0	0	0	0	0	0	0	0	46.6366	0	0	0	0	46.6366	0	0	0	0	1	0	0	0	0	0	0	0	0	160	0	0	0	0	160	0	0	0	0	1	0	0	0	0	0	0	0	0	0	0	0	0	0	0	0	0	0	0	0	0	0	0	0	0	0	0	0	0	0	0	0	0	0	0	0	0	0	0	0	0	0	0
175	0	0	0	0	0	1091	0	0	0	0	1091	0	0	0	0	0.128498	0	0	0	0	0.128498	0	0	0	0	1	0	0	0	0	0	0	0	0	91	0	0	0	0	91	0	0	0	0	1	0	0	0	0	0	0	0	0	48.3682	0	0	0	0	48.3682	0	0	0	0	1	0	0	0	0	0	0	0	0	158	0	0	0	0	158	0	0	0	0	1	0	0	0	0	0	0	0	0	0	0	0	0	0	0	0	0	0	0	0	0	0	0	0	0	0	0	0	0	0	0	0	0	0	0	0	0	0	0	0	0	0	0
176	0	0	0	0	0	1113	0	0	0	0	1113	0	0	0	0	0.135767	0	0	0	0	0.135767	0	0	0	0	1	0	0	0	0	0	0	0	0	89	0	0	0	0	89	0	0	0	0	1	0	0	0	0	0	0	0	0	48.2292	0	0	0	0	48.2292	0	0	0	0	1	0	0	0	0	0	0	0	0	156	0	0	0	0	156	0	0	0	0	1	0	0	0	0	0	0	0	0	0	0	0	0	0	0	0	0	0	0	0	0	0	0	0	0	0	0	0	0	0	0	0	0	0	0	0	0	0	0	0	0	0	0
177	0	0	0	0	0	1123	0	0	0	0	1123	0	0	0	0	0.131084	0	0	0	0	0.131084	0	0	0	0	1	0	0	0	0	0	0	0	0	89	0	0	0	0	89	0	0	0	0	1	0	0	0	0	0	0	0	0	49.4248	0	0	0	0	49.4248	0	0	0	0	1	0	0	0	0	0	0	0	0	156	0	0	0	0	156	0	0	0	0	1	0	0	0	0	0	0	0	0	0	0	0	0	0	0	0	0	0	0	0	0	0	0	0	0	0	0	0	0	0	0	0	0	0	0	0	0	0	0	0	0	0	0
178	0	0	0	0	0	1125	0	0	0	0	1125	0	0	0	0	0.131437	0	0	0	0	0.131437	0	0	0	0	1	0	0	0	0	0	0	0	0	84	0	0	0	0	84	0	0	0	0	1	0	0	0	0	0	0	0	0	49.6641	0	0	0	0	49.6641	0	0	0	0	1	0	0	0	0	0	0	0	0	149	0	0	0	0	149	0	0	0	0	1	0	0	0	0	0	0	0	0	0	0	0	0	0	0	0	0	0	0	0	0	0	0	0	0	0	0	0	0	0	0	0	0	0	0	0	0	0	0	0	0	0	0
179	0	0	0	0	0	1117	0	0	0	0	1117	0	0	0	0	0.130044	0	0	0	0	0.130044	0	0	0	0	1	0	0	0	0	0	0	0	0	86	0	0	0	0	86	0	0	0	0	1	0	0	0	0	0	0	0	0	49.9612	0	0	0	0	49.9612	0	0	0	0	1	0	0	0	0	0	0	0	0	146	0	0	0	0	146	0	0	0	0	1	0	0	0	0	0	0	0	0	0	0	0	0	0	0	0	0	0	0	0	0	0	0	0	0	0	0	0	0	0	0	0	0	0	0	0	0	0	0	0	0	0	0
180	0	0	0	0	0	1102	0	0	0	0	1102	0	0	0	0	0.119263	0	0	0	0	0.119263	0	0	0	0	1	0	0	0	0	0	0	0	0	85	0	0	0	0	85	0	0	0	0	1	0	0	0	0	0	0	0	0	51.8589	0	0	0	0	51.8589	0	0	0	0	1	0	0	0	0	0	0	0	0	144	0	0	0	0	144	0	0	0	0	1	0	0	0	0	0	0	0	0	0	0	0	0	0	0	0	0	0	0	0	0	0	0	0	0	0	0	0	0	0	0	0	0	0	0	0	0	0	0	0	0	0	0
181	0	0	0	0	0	1107	0	0	0	0	1107	0	0	0	0	0.11743	0	0	0	0	0.11743	0	0	0	0	1	0	0	0	0	0	0	0	0	82	0	0	0	0	82	0	0	0	0	1	0	0	0	0	0	0	0	0	52.9431	0	0	0	0	52.9431	0	0	0	0	1	0	0	0	0	0	0	0	0	137	0	0	0	0	137	0	0	0	0	1	0	0	0	0	0	0	0	0	0	0	0	0	0	0	0	0	0	0	0	0	0	0	0	0	0	0	0	0	0	0	0	0	0	0	0	0	0	0	0	0	0	0
182	0	0	0	0	0	1069	0	0	0	0	1069	0	0	0	0	0.128258	0	0	0	0	0.128258	0	0	0	0	1	0	0	0	0	0	0	0	0	86	0	0	0	0	86	0	0	0	0	1	0	0	0	0	0	0	0	0	51.0836	0	0	0	0	51.0836	0	0	0	0	1	0	0	0	0	0	0	0	0	133	0	0	0	0	133	0	0	0	0	1	0	0	0	0	0	0	0	0	0	0	0	0	0	0	0	0	0	0	0	0	0	0	0	0	0	0	0	0	0	0	0	0	0	0	0	0	0	0	0	0	0	0
183	0	0	0	0	0	1066	0	0	0	0	1066	0	0	0	0	0.123712	0	0	0	0	0.123712	0	0	0	0	1	0	0	0	0	0	0	0	0	86	0	0	0	0	86	0	0	0	0	1	0	0	0	0	0	0	0	0	51.7239	0	0	0	0	51.7239	0	0	0	0	1	0	0	0	0	0	0	0	0	131	0	0	0	0	131	0	0	0	0	1	0	0	0	0	0	0	0	0	0	0	0	0	0	0	0	0	0	0	0	0	0	0	0	0	0	0	0	0	0	0	0	0	0	0	0	0	0	0	0	0	0	0
184	0	0	0	0	0	1056	0	0	0	0	1056	0	0	0	0	0.0814161	0	0	0	0	0.0814161	0	0	0	0	1	0	0	0	0	0	0	0	0	74	0	0	0	0	74	0	0	0	0	1	0	0	0	0	0	0	0	0	51.6556	0	0	0	0	51.6556	0	0	0	0	1	0	0	0	0	0	0	0	0	130	0	0	0	0	130	0	0	0	0	1	0	0	0	0	0	0	0	0	0	0	0	0	0	0	0	0	0	0	0	0	0	0	0	0	0	0	0	0	0	0	0	0	0	0	0	0	0	0	0	0	0	0
185	0	0	0	0	0	1047	0	0	0	0	1047	0	0	0	0	0.0796713	0	0	0	0	0.0796713	0	0	0	0	1	0	0	0	0	0	0	0	0	71	0	0	0	0	71	0	0	0	0	1	0	0	0	0	0	0	0	0	52.1825	0	0	0	0	52.1825	0	0	0	0	1	0	0	0	0	0	0	0	0	125	0	0	0	0	125	0	0	0	0	1	0	0	0	0	0	0	0	0	0	0	0	0	0	0	0	0	0	0	0	0	0	0	0	0	0	0	0	0	0	0	0	0	0	0	0	0	0	0	0	0	0	0
186	0	0	0	0	0	1069	0	0	0	0	1069	0	0	0	0	0.071828	0	0	0	0	0.071828	0	0	0	0	1	0	0	0	0	0	0	0	0	63	0	0	0	0	63	0	0	0	0	1	0	0	0	0	0	0	0	0	53.5487	0	0	0	0	53.5487	0	0	0	0	1	0	0	0	0	0	0	0	0	122	0	0	0	0	122	0	0	0	0	1	0	0	0	0	0	0	0	0	0	0	0	0	0	0	0	0	0	0	0	0	0	0	0	0	0	0	0	0	0	0	0	0	0	0	0	0	0	0	0	0	0	0
187	0	0	0	0	0	1060	0	0	0	0	1060	0	0	0	0	0.0650621	0	0	0	0	0.0650621	0	0	0	0	1	0	0	0	0	0	0	0	0	55	0	0	0	0	55	0	0	0	0	1	0	0	0	0	0	0	0	0	53.4173	0	0	0	0	53.4173	0	0	0	0	1	0	0	0	0	0	0	0	0	113	0	0	0	0	113	0	0	0	0	1	0	0	0	0	0	0	0	0	0	0	0	0	0	0	0	0	0	0	0	0	0	0	0	0	0	0	0	0	0	0	0	0	0	0	0	0	0	0	0	0	0	0
188	0	0	0	0	0	1036	0	0	0	0	1036	0	0	0	0	0.0586999	0	0	0	0	0.0586999	0	0	0	0	1	0	0	0	0	0	0	0	0	56	0	0	0	0	56	0	0	0	0	1	0	0	0	0	0	0	0	0	50.698	0	0	0	0	50.698	0	0	0	0	1	0	0	0	0	0	0	0	0	105	0	0	0	0	105	0	0	0	0	1	0	0	0	0	0	0	0	0	0	0	0	0	0	0	0	0	0	0	0	0	0	0	0	0	0	0	0	0	0	0	0	0	0	0	0	0	0	0	0	0	0	0
189	0	0	0	0	0	1091	0	0	0	0	1091	0	0	0	0	0.0588398	0	0	0	0	0.0588398	0	0	0	0	1	0	0	0	0	0	0	0	0	52	0	0	0	0	52	0	0	0	0	1	0	0	0	0	0	0	0	0	51.3728	0	0	0	0	51.3728	0	0	0	0	1	0	0	0	0	0	0	0	0	100	0	0	0	0	100	0	0	0	0	1	0	0	0	0	0	0	0	0	0	0	0	0	0	0	0	0	0	0	0	0	0	0	0	0	0	0	0	0	0	0	0	0	0	0	0	0	0	0	0	0	0	0
190	0	0	0	0	0	1099	0	0	0	0	1099	0	0	0	0	0.0608982	0	0	0	0	0.0608982	0	0	0	0	1	0	0	0	0	0	0	0	0	50	0	0	0	0	50	0	0	0	0	1	0	0	0	0	0	0	0	0	50.5039	0	0	0	0	50.5039	0	0	0	0	1	0	0	0	0	0	0	0	0	97	0	0	0	0	97	0	0	0	0	1	0	0	0	0	0	0	0	0	0	0	0	0	0	0	0	0	0	0	0	0	0	0	0	0	0	0	0	0	0	0	0	0	0	0	0	0	0	0	0	0	0	0
191	0	0	0	0	0	1110	0	0	0	0	1110	0	0	0	0	0.0688934	0	0	0	0	0.0688934	0	0	0	0	1	0	0	0	0	0	0	0	0	58	0	0	0	0	58	0	0	0	0	1	0	0	0	0	0	0	0	0	46.0179	0	0	0	0	46.0179	0	0	0	0	1	0	0	0	0	0	0	0	0	89	0	0	0	0	89	0	0	0	0	1	0	0	0	0	0	0	0	0	0	0	0	0	0	0	0	0	0	0	0	0	0	0	0	0	0	0	0	0	0	0	0	0	0	0	0	0	0	0	0	0	0	0
192	0	0	0	0	0	1113	0	0	0	0	1113	0	0	0	0	0.0879783	0	0	0	0	0.0879783	0	0	0	0	1	0	0	0	0	0	0	0	0	74	0	0	0	0	74	0	0	0	0	1	0	0	0	0	0	0	0	0	45.3437	0	0	0	0	45.3437	0	0	0	0	1	0	0	0	0	0	0	0	0	89	0	0	0	0	89	0	0	0	0	1	0	0	0	0	0	0	0	0	0	0	0	0	0	0	0	0	0	0	0	0	0	0	0	0	0	0	0	0	0	0	0	0	0	0	0	0	0	0	0	0	0	0
193	0	0	0	0	0	1111	0	0	0	0	1111	0	0	0	0	0.1041	0	0	0	0	0.1041	0	0	0	0	1	0	0	0	0	0	0	0	0	113	0	0	0	0	113	0	0	0	0	1	0	0	0	0	0	0	0	0	43.6097	0	0	0	0	43.6097	0	0	0	0	1	0	0	0	0	0	0	0	0	93	0	0	0	0	93	0	0	0	0	1	0	0	0	0	0	0	0	0	0	0	0	0	0	0	0	0	0	0	0	0	0	0	0	0	0	0	0	0	0	0	0	0	0	0	0	0	0	0	0	0	0	0
194	0	0	0	0	0	1127	0	0	0	0	1127	0	0	0	0	0.156554	0	0	0	0	0.156554	0	0	0	0	1	0	0	0	0	0	0	0	0	140	0	0	0	0	140	0	0	0	0	1	0	0	0	0	0	0	0	0	43.8141	0	0	0	0	43.8141	0	0	0	0	1	0	0	0	0	0	0	0	0	96	0	0	0	0	96	0	0	0	0	1	0	0	0	0	0	0	0	0	0	0	0	0	0	0	0	0	0	0	0	0	0	0	0	0	0	0	0	0	0	0	0	0	0	0	0	0	0	0	0	0	0	0
195	0	0	0	0	0	1141	0	0	0	0	1141	0	0	0	0	0.165132	0	0	0	0	0.165132	0	0	0	0	1	0	0	0	0	0	0	0	0	145	0	0	0	0	145	0	0	0	0	1	0	0	0	0	0	0	0	0	43.8846	0	0	0	0	43.8846	0	0	0	0	1	0	0	0	0	0	0	0	0	101	0	0	0	0	101	0	0	0	0	1	0	0	0	0	0	0	0	0	0	0	0	0	0	0	0	0	0	0	0	0	0	0	0	0	0	0	0	0	0	0	0	0	0	0	0	0	0	0	0	0	0	0
196	0	0	0	0	0	1138	0	0	0	0	1138	0	0	0	0	0.244288	0	0	0	0	0.244288	0	0	0	0	1	0	0	0	0	0	0	0	0	167	0	0	0	0	167	0	0	0	0	1	0	0	0	0	0	0	0	0	43.8068	0	0	0	0	43.8068	0	0	0	0	1	0	0	0	0	0	0	0	0	101	0	0	0	0	101	0	0	0	0	1	0	0	0	0	0	0	0	0	0	0	0	0	0	0	0	0	0	0	0	0	0	0	0	0	0	0	0	0	0	0	0	0	0	0	0	0	0	0	0	0	0	0
197	0	0	0	0	0	1137	0	0	0	0	1137	0	0	0	0	0.208774	0	0	0	0	0.208774	0	0	0	0	1	0	0	0	0	0	0	0	0	151	0	0	0	0	151	0	0	0	0	1	0	0	0	0	0	0	0	0	43.6517	0	0	0	0	43.6517	0	0	0	0	1	0	0	0	0	0	0	0	0	114	0	0	0	0	114	0	0	0	0	1	0	0	0	0	0	0	0	0	0	0	0	0	0	0	0	0	0	0	0	0	0	0	0	0	0	0	0	0	0	0	0	0	0	0	0	0	0	0	0	0	0	0
198	0	0	0	0	0	1151	0	0	0	0	1151	0	0	0	0	0.219641	0	0	0	0	0.219641	0	0	0	0	1	0	0	0	0	0	0	0	0	162	0	0	0	0	162	0	0	0	0	1	0	0	0	0	0	0	0	0	45.3577	0	0	0	0	45.3577	0	0	0	0	1	0	0	0	0	0	0	0	0	119	0	0	0	0	119	0	0	0	0	1	0	0	0	0	0	0	0	0	0	0	0	0	0	0	0	0	0	0	0	0	0	0	0	0	0	0	0	0	0	0	0	0	0	0	0	0	0	0	0	0	0	0
199	0	0	0	0	0	1172	0	0	0	0	1172	0	0	0	0	0.193887	0	0	0	0	0.193887	0	0	0	0	1	0	0	0	0	0	0	0	0	161	0	0	0	0	161	0	0	0	0	1	0	0	0	0	0	0	0	0	47.2904	0	0	0	0	47.2904	0	0	0	0	1	0	0	0	0	0	0	0	0	122	0	0	0	0	122	0	0	0	0	1	0	0	0	0	0	0	0	0	0	0	0	0	0	0	0	0	0	0	0	0	0	0	0	0	0	0	0	0	0	0	0	0	0	0	0	0	0	0	0	0	0	0
200	0	0	0	0	0	1180	0	0	0	0	1180	0	0	0	0	0.203729	0	0	0	0	0.203729	0	0	0	0	1	0	0	0	0	0	0	0	0	158	0	0	0	0	158	0	0	0	0	1	0	0	0	0	0	0	0	0	48.2743	0	0	0	0	48.2743	0	0	0	0	1	0	0	0	0	0	0	0	0	125	0	0	0	0	125	0	0	0	0	1	0	0	0	0	0	0	0	0	0	0	0	0	0	0	0	0	0	0	0	0	0	0	0	0	0	0	0	0	0	0	0	0	0	0	0	0	0	0	0	0	0	0
