Location: Fake forest
From parameter file: C:\Users\ben\Desktop\inputs\input_GMF_0-0-0-0-0-0-0-0-1.xml
Basal area is normalized to m^2/ha; density to #/ha.
Subplots:
0 = Whole plot
Step	Subplot	Sdl Abs Den: ACRU	Sdl Abs Den: ACSA	Sdl Abs Den: BEAL	Sdl Abs Den: FAGR	Sdl Abs Den: TSCA	Sdl Abs Den: FRAM	Sdl Abs Den: PIST	Sdl Abs Den: PRSE	Sdl Abs Den: QURU	Sdl Den Total:	Sapl Abs BA: ACRU	Sapl Abs BA: ACSA	Sapl Abs BA: BEAL	Sapl Abs BA: FAGR	Sapl Abs BA: TSCA	Sapl Abs BA: FRAM	Sapl Abs BA: PIST	Sapl Abs BA: PRSE	Sapl Abs BA: QURU	Sapl BA Total:	Sapl Rel BA: ACRU	Sapl Rel BA: ACSA	Sapl Rel BA: BEAL	Sapl Rel BA: FAGR	Sapl Rel BA: TSCA	Sapl Rel BA: FRAM	Sapl Rel BA: PIST	Sapl Rel BA: PRSE	Sapl Rel BA: QURU	Sapl Abs Den: ACRU	Sapl Abs Den: ACSA	Sapl Abs Den: BEAL	Sapl Abs Den: FAGR	Sapl Abs Den: TSCA	Sapl Abs Den: FRAM	Sapl Abs Den: PIST	Sapl Abs Den: PRSE	Sapl Abs Den: QURU	Sapl Den Total:	Sapl Rel Den: ACRU	Sapl Rel Den: ACSA	Sapl Rel Den: BEAL	Sapl Rel Den: FAGR	Sapl Rel Den: TSCA	Sapl Rel Den: FRAM	Sapl Rel Den: PIST	Sapl Rel Den: PRSE	Sapl Rel Den: QURU	Adult Abs BA: ACRU	Adult Abs BA: ACSA	Adult Abs BA: BEAL	Adult Abs BA: FAGR	Adult Abs BA: TSCA	Adult Abs BA: FRAM	Adult Abs BA: PIST	Adult Abs BA: PRSE	Adult Abs BA: QURU	Adult BA Total:	Adult Rel BA: ACRU	Adult Rel BA: ACSA	Adult Rel BA: BEAL	Adult Rel BA: FAGR	Adult Rel BA: TSCA	Adult Rel BA: FRAM	Adult Rel BA: PIST	Adult Rel BA: PRSE	Adult Rel BA: QURU	Adult Abs Den: ACRU	Adult Abs Den: ACSA	Adult Abs Den: BEAL	Adult Abs Den: FAGR	Adult Abs Den: TSCA	Adult Abs Den: FRAM	Adult Abs Den: PIST	Adult Abs Den: PRSE	Adult Abs Den: QURU	Adult Den Total:	Adult Rel Den: ACRU	Adult Rel Den: ACSA	Adult Rel Den: BEAL	Adult Rel Den: FAGR	Adult Rel Den: TSCA	Adult Rel Den: FRAM	Adult Rel Den: PIST	Adult Rel Den: PRSE	Adult Rel Den: QURU	Snag Abs BA: ACRU	Snag Abs BA: ACSA	Snag Abs BA: BEAL	Snag Abs BA: FAGR	Snag Abs BA: TSCA	Snag Abs BA: FRAM	Snag Abs BA: PIST	Snag Abs BA: PRSE	Snag Abs BA: QURU	Snag BA Total:	Snag Rel BA: ACRU	Snag Rel BA: ACSA	Snag Rel BA: BEAL	Snag Rel BA: FAGR	Snag Rel BA: TSCA	Snag Rel BA: FRAM	Snag Rel BA: PIST	Snag Rel BA: PRSE	Snag Rel BA: QURU	Snag Abs Den: ACRU	Snag Abs Den: ACSA	Snag Abs Den: BEAL	Snag Abs Den: FAGR	Snag Abs Den: TSCA	Snag Abs Den: FRAM	Snag Abs Den: PIST	Snag Abs Den: PRSE	Snag Abs Den: QURU	Snag Den Total:	Snag Rel Den: ACRU	Snag Rel Den: ACSA	Snag Rel Den: BEAL	Snag Rel Den: FAGR	Snag Rel Den: TSCA	Snag Rel Den: FRAM	Snag Rel Den: PIST	Snag Rel Den: PRSE	Snag Rel Den: QURU
0	0	0	0	0	0	0	0	0	0	0	0	0	0	0	0	0	0	0	0	0.00101262	0.00101262	0	0	0	0	0	0	0	0	1	0	0	0	0	0	0	0	0	25	25	0	0	0	0	0	0	0	0	1	0	0	0	0	0	0	0	0	0	0	0	0	0	0	0	0	0	0	0	0	0	0	0	0	0	0	0	0	0	0	0	0	0	0	0	0	0	0	0	0	0	0	0	0	0	0	0	0	0	0	0	0	0	0	0	0	0	0	0	0	0	0	0	0	0	0	0	0	0	0	0	0	0	0	0	0
1	0	0	0	0	0	0	0	0	0	0	0	0	0	0	0	0	0	0	0	0.00827782	0.00827782	0	0	0	0	0	0	0	0	1	0	0	0	0	0	0	0	0	24	24	0	0	0	0	0	0	0	0	1	0	0	0	0	0	0	0	0	0	0	0	0	0	0	0	0	0	0	0	0	0	0	0	0	0	0	0	0	0	0	0	0	0	0	0	0	0	0	0	0	0	0	0	0	0	0	0	0	0	0	0	0	0	0	0	0	0	0	0	0	0	0	0	0	0	0	0	0	0	0	0	0	0	0	0	0
2	0	0	0	0	0	0	0	0	0	0	0	0	0	0	0	0	0	0	0	0.0696133	0.0696133	0	0	0	0	0	0	0	0	1	0	0	0	0	0	0	0	0	24	24	0	0	0	0	0	0	0	0	1	0	0	0	0	0	0	0	0	0	0	0	0	0	0	0	0	0	0	0	0	0	0	0	0	0	0	0	0	0	0	0	0	0	0	0	0	0	0	0	0	0	0	0	0	0	0	0	0	0	0	0	0	0	0	0	0	0	0	0	0	0	0	0	0	0	0	0	0	0	0	0	0	0	0	0	0
3	0	0	0	0	0	0	0	0	0	4	4	0	0	0	0	0	0	0	0	0.0287634	0.0287634	0	0	0	0	0	0	0	0	1	0	0	0	0	0	0	0	0	6	6	0	0	0	0	0	0	0	0	1	0	0	0	0	0	0	0	0	0.466758	0.466758	0	0	0	0	0	0	0	0	1	0	0	0	0	0	0	0	0	15	15	0	0	0	0	0	0	0	0	1	0	0	0	0	0	0	0	0	0	0	0	0	0	0	0	0	0	0	0	0	0	0	0	0	0	0	0	0	0	0	0	0	0	0	0	0	0	0
4	0	0	0	0	0	0	0	0	0	10	10	0	0	0	0	0	0	0	0	0	0	0	0	0	0	0	0	0	0	0	0	0	0	0	0	0	0	0	0	0	0	0	0	0	0	0	0	0	0	0	0	0	0	0	0	0	0	1.09497	1.09497	0	0	0	0	0	0	0	0	1	0	0	0	0	0	0	0	0	20	20	0	0	0	0	0	0	0	0	1	0	0	0	0	0	0	0	0	0	0	0	0	0	0	0	0	0	0	0	0	0	0	0	0	0	0	0	0	0	0	0	0	0	0	0	0	0	0
5	0	0	0	0	0	0	0	0	0	19	19	0	0	0	0	0	0	0	0	0.000357587	0.000357587	0	0	0	0	0	0	0	0	1	0	0	0	0	0	0	0	0	3	3	0	0	0	0	0	0	0	0	1	0	0	0	0	0	0	0	0	1.6216	1.6216	0	0	0	0	0	0	0	0	1	0	0	0	0	0	0	0	0	20	20	0	0	0	0	0	0	0	0	1	0	0	0	0	0	0	0	0	0	0	0	0	0	0	0	0	0	0	0	0	0	0	0	0	0	0	0	0	0	0	0	0	0	0	0	0	0	0
6	0	0	0	0	0	0	0	0	0	24	24	0	0	0	0	0	0	0	0	0.00360559	0.00360559	0	0	0	0	0	0	0	0	1	0	0	0	0	0	0	0	0	9	9	0	0	0	0	0	0	0	0	1	0	0	0	0	0	0	0	0	1.69402	1.69402	0	0	0	0	0	0	0	0	1	0	0	0	0	0	0	0	0	16	16	0	0	0	0	0	0	0	0	1	0	0	0	0	0	0	0	0	0	0	0	0	0	0	0	0	0	0	0	0	0	0	0	0	0	0	0	0	0	0	0	0	0	0	0	0	0	0
7	0	0	0	0	0	0	0	0	0	24	24	0	0	0	0	0	0	0	0	0.0141794	0.0141794	0	0	0	0	0	0	0	0	1	0	0	0	0	0	0	0	0	17	17	0	0	0	0	0	0	0	0	1	0	0	0	0	0	0	0	0	2.1087	2.1087	0	0	0	0	0	0	0	0	1	0	0	0	0	0	0	0	0	18	18	0	0	0	0	0	0	0	0	1	0	0	0	0	0	0	0	0	0	0	0	0	0	0	0	0	0	0	0	0	0	0	0	0	0	0	0	0	0	0	0	0	0	0	0	0	0	0
8	0	0	0	0	0	0	0	0	0	26	26	0	0	0	0	0	0	0	0	0.0249837	0.0249837	0	0	0	0	0	0	0	0	1	0	0	0	0	0	0	0	0	25	25	0	0	0	0	0	0	0	0	1	0	0	0	0	0	0	0	0	2.36049	2.36049	0	0	0	0	0	0	0	0	1	0	0	0	0	0	0	0	0	20	20	0	0	0	0	0	0	0	0	1	0	0	0	0	0	0	0	0	0	0	0	0	0	0	0	0	0	0	0	0	0	0	0	0	0	0	0	0	0	0	0	0	0	0	0	0	0	0
9	0	0	0	0	0	0	0	0	0	31	31	0	0	0	0	0	0	0	0	0.0456182	0.0456182	0	0	0	0	0	0	0	0	1	0	0	0	0	0	0	0	0	27	27	0	0	0	0	0	0	0	0	1	0	0	0	0	0	0	0	0	2.80475	2.80475	0	0	0	0	0	0	0	0	1	0	0	0	0	0	0	0	0	25	25	0	0	0	0	0	0	0	0	1	0	0	0	0	0	0	0	0	0	0	0	0	0	0	0	0	0	0	0	0	0	0	0	0	0	0	0	0	0	0	0	0	0	0	0	0	0	0
10	0	0	0	0	0	0	0	0	0	40	40	0	0	0	0	0	0	0	0	0.0514539	0.0514539	0	0	0	0	0	0	0	0	1	0	0	0	0	0	0	0	0	27	27	0	0	0	0	0	0	0	0	1	0	0	0	0	0	0	0	0	3.70345	3.70345	0	0	0	0	0	0	0	0	1	0	0	0	0	0	0	0	0	33	33	0	0	0	0	0	0	0	0	1	0	0	0	0	0	0	0	0	0	0	0	0	0	0	0	0	0	0	0	0	0	0	0	0	0	0	0	0	0	0	0	0	0	0	0	0	0	0
11	0	0	0	0	0	0	0	0	0	46	46	0	0	0	0	0	0	0	0	0.0587488	0.0587488	0	0	0	0	0	0	0	0	1	0	0	0	0	0	0	0	0	35	35	0	0	0	0	0	0	0	0	1	0	0	0	0	0	0	0	0	4.80212	4.80212	0	0	0	0	0	0	0	0	1	0	0	0	0	0	0	0	0	40	40	0	0	0	0	0	0	0	0	1	0	0	0	0	0	0	0	0	0	0	0	0	0	0	0	0	0	0	0	0	0	0	0	0	0	0	0	0	0	0	0	0	0	0	0	0	0	0
12	0	0	0	0	0	0	0	0	0	61	61	0	0	0	0	0	0	0	0	0.0792537	0.0792537	0	0	0	0	0	0	0	0	1	0	0	0	0	0	0	0	0	43	43	0	0	0	0	0	0	0	0	1	0	0	0	0	0	0	0	0	5.67636	5.67636	0	0	0	0	0	0	0	0	1	0	0	0	0	0	0	0	0	45	45	0	0	0	0	0	0	0	0	1	0	0	0	0	0	0	0	0	0	0	0	0	0	0	0	0	0	0	0	0	0	0	0	0	0	0	0	0	0	0	0	0	0	0	0	0	0	0
13	0	0	0	0	0	0	0	0	0	81	81	0	0	0	0	0	0	0	0	0.10531	0.10531	0	0	0	0	0	0	0	0	1	0	0	0	0	0	0	0	0	50	50	0	0	0	0	0	0	0	0	1	0	0	0	0	0	0	0	0	6.91547	6.91547	0	0	0	0	0	0	0	0	1	0	0	0	0	0	0	0	0	54	54	0	0	0	0	0	0	0	0	1	0	0	0	0	0	0	0	0	0	0	0	0	0	0	0	0	0	0	0	0	0	0	0	0	0	0	0	0	0	0	0	0	0	0	0	0	0	0
14	0	0	0	0	0	0	0	0	0	96	96	0	0	0	0	0	0	0	0	0.0916984	0.0916984	0	0	0	0	0	0	0	0	1	0	0	0	0	0	0	0	0	57	57	0	0	0	0	0	0	0	0	1	0	0	0	0	0	0	0	0	8.1123	8.1123	0	0	0	0	0	0	0	0	1	0	0	0	0	0	0	0	0	63	63	0	0	0	0	0	0	0	0	1	0	0	0	0	0	0	0	0	0	0	0	0	0	0	0	0	0	0	0	0	0	0	0	0	0	0	0	0	0	0	0	0	0	0	0	0	0	0
15	0	0	0	0	0	0	0	0	0	108	108	0	0	0	0	0	0	0	0	0.131844	0.131844	0	0	0	0	0	0	0	0	1	0	0	0	0	0	0	0	0	75	75	0	0	0	0	0	0	0	0	1	0	0	0	0	0	0	0	0	9.67388	9.67388	0	0	0	0	0	0	0	0	1	0	0	0	0	0	0	0	0	75	75	0	0	0	0	0	0	0	0	1	0	0	0	0	0	0	0	0	0	0	0	0	0	0	0	0	0	0	0	0	0	0	0	0	0	0	0	0	0	0	0	0	0	0	0	0	0	0
16	0	0	0	0	0	0	0	0	0	148	148	0	0	0	0	0	0	0	0	0.140315	0.140315	0	0	0	0	0	0	0	0	1	0	0	0	0	0	0	0	0	76	76	0	0	0	0	0	0	0	0	1	0	0	0	0	0	0	0	0	11.6923	11.6923	0	0	0	0	0	0	0	0	1	0	0	0	0	0	0	0	0	94	94	0	0	0	0	0	0	0	0	1	0	0	0	0	0	0	0	0	0	0	0	0	0	0	0	0	0	0	0	0	0	0	0	0	0	0	0	0	0	0	0	0	0	0	0	0	0	0
17	0	0	0	0	0	0	0	0	0	189	189	0	0	0	0	0	0	0	0	0.162502	0.162502	0	0	0	0	0	0	0	0	1	0	0	0	0	0	0	0	0	83	83	0	0	0	0	0	0	0	0	1	0	0	0	0	0	0	0	0	13.8938	13.8938	0	0	0	0	0	0	0	0	1	0	0	0	0	0	0	0	0	111	111	0	0	0	0	0	0	0	0	1	0	0	0	0	0	0	0	0	0	0	0	0	0	0	0	0	0	0	0	0	0	0	0	0	0	0	0	0	0	0	0	0	0	0	0	0	0	0
18	0	0	0	0	0	0	0	0	0	232	232	0	0	0	0	0	0	0	0	0.137821	0.137821	0	0	0	0	0	0	0	0	1	0	0	0	0	0	0	0	0	89	89	0	0	0	0	0	0	0	0	1	0	0	0	0	0	0	0	0	16.6877	16.6877	0	0	0	0	0	0	0	0	1	0	0	0	0	0	0	0	0	140	140	0	0	0	0	0	0	0	0	1	0	0	0	0	0	0	0	0	0	0	0	0	0	0	0	0	0	0	0	0	0	0	0	0	0	0	0	0	0	0	0	0	0	0	0	0	0	0
19	0	0	0	0	0	0	0	0	0	262	262	0	0	0	0	0	0	0	0	0.185557	0.185557	0	0	0	0	0	0	0	0	1	0	0	0	0	0	0	0	0	117	117	0	0	0	0	0	0	0	0	1	0	0	0	0	0	0	0	0	19.3095	19.3095	0	0	0	0	0	0	0	0	1	0	0	0	0	0	0	0	0	161	161	0	0	0	0	0	0	0	0	1	0	0	0	0	0	0	0	0	0	0	0	0	0	0	0	0	0	0	0	0	0	0	0	0	0	0	0	0	0	0	0	0	0	0	0	0	0	0
20	0	0	0	0	0	0	0	0	0	309	309	0	0	0	0	0	0	0	0	0.214251	0.214251	0	0	0	0	0	0	0	0	1	0	0	0	0	0	0	0	0	138	138	0	0	0	0	0	0	0	0	1	0	0	0	0	0	0	0	0	22.3738	22.3738	0	0	0	0	0	0	0	0	1	0	0	0	0	0	0	0	0	189	189	0	0	0	0	0	0	0	0	1	0	0	0	0	0	0	0	0	0	0	0	0	0	0	0	0	0	0	0	0	0	0	0	0	0	0	0	0	0	0	0	0	0	0	0	0	0	0
21	0	0	0	0	0	0	0	0	0	364	364	0	0	0	0	0	0	0	0	0.255589	0.255589	0	0	0	0	0	0	0	0	1	0	0	0	0	0	0	0	0	163	163	0	0	0	0	0	0	0	0	1	0	0	0	0	0	0	0	0	26.4109	26.4109	0	0	0	0	0	0	0	0	1	0	0	0	0	0	0	0	0	224	224	0	0	0	0	0	0	0	0	1	0	0	0	0	0	0	0	0	0	0	0	0	0	0	0	0	0	0	0	0	0	0	0	0	0	0	0	0	0	0	0	0	0	0	0	0	0	0
22	0	0	0	0	0	0	0	0	0	420	420	0	0	0	0	0	0	0	0	0.299541	0.299541	0	0	0	0	0	0	0	0	1	0	0	0	0	0	0	0	0	191	191	0	0	0	0	0	0	0	0	1	0	0	0	0	0	0	0	0	30.695	30.695	0	0	0	0	0	0	0	0	1	0	0	0	0	0	0	0	0	257	257	0	0	0	0	0	0	0	0	1	0	0	0	0	0	0	0	0	0	0	0	0	0	0	0	0	0	0	0	0	0	0	0	0	0	0	0	0	0	0	0	0	0	0	0	0	0	0
23	0	0	0	0	0	0	0	0	0	474	474	0	0	0	0	0	0	0	0	0.324099	0.324099	0	0	0	0	0	0	0	0	1	0	0	0	0	0	0	0	0	223	223	0	0	0	0	0	0	0	0	1	0	0	0	0	0	0	0	0	32.6524	32.6524	0	0	0	0	0	0	0	0	1	0	0	0	0	0	0	0	0	282	282	0	0	0	0	0	0	0	0	1	0	0	0	0	0	0	0	0	0	0	0	0	0	0	0	0	0	0	0	0	0	0	0	0	0	0	0	0	0	0	0	0	0	0	0	0	0	0
24	0	0	0	0	0	0	0	0	0	520	520	0	0	0	0	0	0	0	0	0.403442	0.403442	0	0	0	0	0	0	0	0	1	0	0	0	0	0	0	0	0	256	256	0	0	0	0	0	0	0	0	1	0	0	0	0	0	0	0	0	35.9571	35.9571	0	0	0	0	0	0	0	0	1	0	0	0	0	0	0	0	0	300	300	0	0	0	0	0	0	0	0	1	0	0	0	0	0	0	0	0	0	0	0	0	0	0	0	0	0	0	0	0	0	0	0	0	0	0	0	0	0	0	0	0	0	0	0	0	0	0
25	0	0	0	0	0	0	0	0	0	543	543	0	0	0	0	0	0	0	0	0.484947	0.484947	0	0	0	0	0	0	0	0	1	0	0	0	0	0	0	0	0	302	302	0	0	0	0	0	0	0	0	1	0	0	0	0	0	0	0	0	40.0932	40.0932	0	0	0	0	0	0	0	0	1	0	0	0	0	0	0	0	0	328	328	0	0	0	0	0	0	0	0	1	0	0	0	0	0	0	0	0	0	0	0	0	0	0	0	0	0	0	0	0	0	0	0	0	0	0	0	0	0	0	0	0	0	0	0	0	0	0
26	0	0	0	0	0	0	0	0	0	602	602	0	0	0	0	0	0	0	0	0.5406	0.5406	0	0	0	0	0	0	0	0	1	0	0	0	0	0	0	0	0	326	326	0	0	0	0	0	0	0	0	1	0	0	0	0	0	0	0	0	45.2107	45.2107	0	0	0	0	0	0	0	0	1	0	0	0	0	0	0	0	0	363	363	0	0	0	0	0	0	0	0	1	0	0	0	0	0	0	0	0	0	0	0	0	0	0	0	0	0	0	0	0	0	0	0	0	0	0	0	0	0	0	0	0	0	0	0	0	0	0
27	0	0	0	0	0	0	0	0	0	636	636	0	0	0	0	0	0	0	0	0.672886	0.672886	0	0	0	0	0	0	0	0	1	0	0	0	0	0	0	0	0	357	357	0	0	0	0	0	0	0	0	1	0	0	0	0	0	0	0	0	49.1538	49.1538	0	0	0	0	0	0	0	0	1	0	0	0	0	0	0	0	0	385	385	0	0	0	0	0	0	0	0	1	0	0	0	0	0	0	0	0	0	0	0	0	0	0	0	0	0	0	0	0	0	0	0	0	0	0	0	0	0	0	0	0	0	0	0	0	0	0
28	0	0	0	0	0	0	0	0	0	687	687	0	0	0	0	0	0	0	0	0.681292	0.681292	0	0	0	0	0	0	0	0	1	0	0	0	0	0	0	0	0	377	377	0	0	0	0	0	0	0	0	1	0	0	0	0	0	0	0	0	54.6611	54.6611	0	0	0	0	0	0	0	0	1	0	0	0	0	0	0	0	0	429	429	0	0	0	0	0	0	0	0	1	0	0	0	0	0	0	0	0	0	0	0	0	0	0	0	0	0	0	0	0	0	0	0	0	0	0	0	0	0	0	0	0	0	0	0	0	0	0
29	0	0	0	0	0	0	0	0	0	721	721	0	0	0	0	0	0	0	0	0.737089	0.737089	0	0	0	0	0	0	0	0	1	0	0	0	0	0	0	0	0	400	400	0	0	0	0	0	0	0	0	1	0	0	0	0	0	0	0	0	58.3141	58.3141	0	0	0	0	0	0	0	0	1	0	0	0	0	0	0	0	0	454	454	0	0	0	0	0	0	0	0	1	0	0	0	0	0	0	0	0	0	0	0	0	0	0	0	0	0	0	0	0	0	0	0	0	0	0	0	0	0	0	0	0	0	0	0	0	0	0
30	0	0	0	0	0	0	0	0	0	746	746	0	0	0	0	0	0	0	0	0.83863	0.83863	0	0	0	0	0	0	0	0	1	0	0	0	0	0	0	0	0	425	425	0	0	0	0	0	0	0	0	1	0	0	0	0	0	0	0	0	62.0695	62.0695	0	0	0	0	0	0	0	0	1	0	0	0	0	0	0	0	0	474	474	0	0	0	0	0	0	0	0	1	0	0	0	0	0	0	0	0	0	0	0	0	0	0	0	0	0	0	0	0	0	0	0	0	0	0	0	0	0	0	0	0	0	0	0	0	0	0
31	0	0	0	0	0	0	0	0	0	731	731	0	0	0	0	0	0	0	0	0.871926	0.871926	0	0	0	0	0	0	0	0	1	0	0	0	0	0	0	0	0	439	439	0	0	0	0	0	0	0	0	1	0	0	0	0	0	0	0	0	66.557	66.557	0	0	0	0	0	0	0	0	1	0	0	0	0	0	0	0	0	492	492	0	0	0	0	0	0	0	0	1	0	0	0	0	0	0	0	0	0	0	0	0	0	0	0	0	0	0	0	0	0	0	0	0	0	0	0	0	0	0	0	0	0	0	0	0	0	0
32	0	0	0	0	0	0	0	0	0	751	751	0	0	0	0	0	0	0	0	0.857628	0.857628	0	0	0	0	0	0	0	0	1	0	0	0	0	0	0	0	0	451	451	0	0	0	0	0	0	0	0	1	0	0	0	0	0	0	0	0	70.4899	70.4899	0	0	0	0	0	0	0	0	1	0	0	0	0	0	0	0	0	511	511	0	0	0	0	0	0	0	0	1	0	0	0	0	0	0	0	0	0	0	0	0	0	0	0	0	0	0	0	0	0	0	0	0	0	0	0	0	0	0	0	0	0	0	0	0	0	0
33	0	0	0	0	0	0	0	0	0	745	745	0	0	0	0	0	0	0	0	0.98294	0.98294	0	0	0	0	0	0	0	0	1	0	0	0	0	0	0	0	0	451	451	0	0	0	0	0	0	0	0	1	0	0	0	0	0	0	0	0	72.5457	72.5457	0	0	0	0	0	0	0	0	1	0	0	0	0	0	0	0	0	511	511	0	0	0	0	0	0	0	0	1	0	0	0	0	0	0	0	0	0	0	0	0	0	0	0	0	0	0	0	0	0	0	0	0	0	0	0	0	0	0	0	0	0	0	0	0	0	0
34	0	0	0	0	0	0	0	0	0	761	761	0	0	0	0	0	0	0	0	0.941445	0.941445	0	0	0	0	0	0	0	0	1	0	0	0	0	0	0	0	0	442	442	0	0	0	0	0	0	0	0	1	0	0	0	0	0	0	0	0	76.7754	76.7754	0	0	0	0	0	0	0	0	1	0	0	0	0	0	0	0	0	534	534	0	0	0	0	0	0	0	0	1	0	0	0	0	0	0	0	0	0	0	0	0	0	0	0	0	0	0	0	0	0	0	0	0	0	0	0	0	0	0	0	0	0	0	0	0	0	0
35	0	0	0	0	0	0	0	0	0	768	768	0	0	0	0	0	0	0	0	0.911414	0.911414	0	0	0	0	0	0	0	0	1	0	0	0	0	0	0	0	0	415	415	0	0	0	0	0	0	0	0	1	0	0	0	0	0	0	0	0	80.0971	80.0971	0	0	0	0	0	0	0	0	1	0	0	0	0	0	0	0	0	545	545	0	0	0	0	0	0	0	0	1	0	0	0	0	0	0	0	0	0	0	0	0	0	0	0	0	0	0	0	0	0	0	0	0	0	0	0	0	0	0	0	0	0	0	0	0	0	0
36	0	0	0	0	0	0	0	0	0	760	760	0	0	0	0	0	0	0	0	0.903533	0.903533	0	0	0	0	0	0	0	0	1	0	0	0	0	0	0	0	0	401	401	0	0	0	0	0	0	0	0	1	0	0	0	0	0	0	0	0	81.8471	81.8471	0	0	0	0	0	0	0	0	1	0	0	0	0	0	0	0	0	547	547	0	0	0	0	0	0	0	0	1	0	0	0	0	0	0	0	0	0	0	0	0	0	0	0	0	0	0	0	0	0	0	0	0	0	0	0	0	0	0	0	0	0	0	0	0	0	0
37	0	0	0	0	0	0	0	0	0	723	723	0	0	0	0	0	0	0	0	0.891946	0.891946	0	0	0	0	0	0	0	0	1	0	0	0	0	0	0	0	0	383	383	0	0	0	0	0	0	0	0	1	0	0	0	0	0	0	0	0	82.4732	82.4732	0	0	0	0	0	0	0	0	1	0	0	0	0	0	0	0	0	538	538	0	0	0	0	0	0	0	0	1	0	0	0	0	0	0	0	0	0	0	0	0	0	0	0	0	0	0	0	0	0	0	0	0	0	0	0	0	0	0	0	0	0	0	0	0	0	0
38	0	0	0	0	0	0	0	0	0	716	716	0	0	0	0	0	0	0	0	0.8169	0.8169	0	0	0	0	0	0	0	0	1	0	0	0	0	0	0	0	0	352	352	0	0	0	0	0	0	0	0	1	0	0	0	0	0	0	0	0	82.6293	82.6293	0	0	0	0	0	0	0	0	1	0	0	0	0	0	0	0	0	528	528	0	0	0	0	0	0	0	0	1	0	0	0	0	0	0	0	0	0	0	0	0	0	0	0	0	0	0	0	0	0	0	0	0	0	0	0	0	0	0	0	0	0	0	0	0	0	0
39	0	0	0	0	0	0	0	0	0	710	710	0	0	0	0	0	0	0	0	0.783924	0.783924	0	0	0	0	0	0	0	0	1	0	0	0	0	0	0	0	0	323	323	0	0	0	0	0	0	0	0	1	0	0	0	0	0	0	0	0	82.3399	82.3399	0	0	0	0	0	0	0	0	1	0	0	0	0	0	0	0	0	524	524	0	0	0	0	0	0	0	0	1	0	0	0	0	0	0	0	0	0	0	0	0	0	0	0	0	0	0	0	0	0	0	0	0	0	0	0	0	0	0	0	0	0	0	0	0	0	0
40	0	0	0	0	0	0	0	0	0	696	696	0	0	0	0	0	0	0	0	0.752868	0.752868	0	0	0	0	0	0	0	0	1	0	0	0	0	0	0	0	0	305	305	0	0	0	0	0	0	0	0	1	0	0	0	0	0	0	0	0	83.004	83.004	0	0	0	0	0	0	0	0	1	0	0	0	0	0	0	0	0	519	519	0	0	0	0	0	0	0	0	1	0	0	0	0	0	0	0	0	0	0	0	0	0	0	0	0	0	0	0	0	0	0	0	0	0	0	0	0	0	0	0	0	0	0	0	0	0	0
41	0	0	0	0	0	0	0	0	0	681	681	0	0	0	0	0	0	0	0	0.705799	0.705799	0	0	0	0	0	0	0	0	1	0	0	0	0	0	0	0	0	286	286	0	0	0	0	0	0	0	0	1	0	0	0	0	0	0	0	0	85.4667	85.4667	0	0	0	0	0	0	0	0	1	0	0	0	0	0	0	0	0	518	518	0	0	0	0	0	0	0	0	1	0	0	0	0	0	0	0	0	0	0	0	0	0	0	0	0	0	0	0	0	0	0	0	0	0	0	0	0	0	0	0	0	0	0	0	0	0	0
42	0	0	0	0	0	0	0	0	0	684	684	0	0	0	0	0	0	0	0	0.612533	0.612533	0	0	0	0	0	0	0	0	1	0	0	0	0	0	0	0	0	256	256	0	0	0	0	0	0	0	0	1	0	0	0	0	0	0	0	0	85.7291	85.7291	0	0	0	0	0	0	0	0	1	0	0	0	0	0	0	0	0	514	514	0	0	0	0	0	0	0	0	1	0	0	0	0	0	0	0	0	0	0	0	0	0	0	0	0	0	0	0	0	0	0	0	0	0	0	0	0	0	0	0	0	0	0	0	0	0	0
43	0	0	0	0	0	0	0	0	0	718	718	0	0	0	0	0	0	0	0	0.60758	0.60758	0	0	0	0	0	0	0	0	1	0	0	0	0	0	0	0	0	249	249	0	0	0	0	0	0	0	0	1	0	0	0	0	0	0	0	0	85.3957	85.3957	0	0	0	0	0	0	0	0	1	0	0	0	0	0	0	0	0	498	498	0	0	0	0	0	0	0	0	1	0	0	0	0	0	0	0	0	0	0	0	0	0	0	0	0	0	0	0	0	0	0	0	0	0	0	0	0	0	0	0	0	0	0	0	0	0	0
44	0	0	0	0	0	0	0	0	0	706	706	0	0	0	0	0	0	0	0	0.654145	0.654145	0	0	0	0	0	0	0	0	1	0	0	0	0	0	0	0	0	243	243	0	0	0	0	0	0	0	0	1	0	0	0	0	0	0	0	0	88.1078	88.1078	0	0	0	0	0	0	0	0	1	0	0	0	0	0	0	0	0	486	486	0	0	0	0	0	0	0	0	1	0	0	0	0	0	0	0	0	0	0	0	0	0	0	0	0	0	0	0	0	0	0	0	0	0	0	0	0	0	0	0	0	0	0	0	0	0	0
45	0	0	0	0	0	0	0	0	0	714	714	0	0	0	0	0	0	0	0	0.598407	0.598407	0	0	0	0	0	0	0	0	1	0	0	0	0	0	0	0	0	226	226	0	0	0	0	0	0	0	0	1	0	0	0	0	0	0	0	0	91.3966	91.3966	0	0	0	0	0	0	0	0	1	0	0	0	0	0	0	0	0	480	480	0	0	0	0	0	0	0	0	1	0	0	0	0	0	0	0	0	0	0	0	0	0	0	0	0	0	0	0	0	0	0	0	0	0	0	0	0	0	0	0	0	0	0	0	0	0	0
46	0	0	0	0	0	0	0	0	0	693	693	0	0	0	0	0	0	0	0	0.583723	0.583723	0	0	0	0	0	0	0	0	1	0	0	0	0	0	0	0	0	218	218	0	0	0	0	0	0	0	0	1	0	0	0	0	0	0	0	0	91.4902	91.4902	0	0	0	0	0	0	0	0	1	0	0	0	0	0	0	0	0	474	474	0	0	0	0	0	0	0	0	1	0	0	0	0	0	0	0	0	0	0	0	0	0	0	0	0	0	0	0	0	0	0	0	0	0	0	0	0	0	0	0	0	0	0	0	0	0	0
47	0	0	0	0	0	0	0	0	0	727	727	0	0	0	0	0	0	0	0	0.555832	0.555832	0	0	0	0	0	0	0	0	1	0	0	0	0	0	0	0	0	210	210	0	0	0	0	0	0	0	0	1	0	0	0	0	0	0	0	0	96.119	96.119	0	0	0	0	0	0	0	0	1	0	0	0	0	0	0	0	0	465	465	0	0	0	0	0	0	0	0	1	0	0	0	0	0	0	0	0	0	0	0	0	0	0	0	0	0	0	0	0	0	0	0	0	0	0	0	0	0	0	0	0	0	0	0	0	0	0
48	0	0	0	0	0	0	0	0	0	758	758	0	0	0	0	0	0	0	0	0.513027	0.513027	0	0	0	0	0	0	0	0	1	0	0	0	0	0	0	0	0	194	194	0	0	0	0	0	0	0	0	1	0	0	0	0	0	0	0	0	96.4035	96.4035	0	0	0	0	0	0	0	0	1	0	0	0	0	0	0	0	0	455	455	0	0	0	0	0	0	0	0	1	0	0	0	0	0	0	0	0	0	0	0	0	0	0	0	0	0	0	0	0	0	0	0	0	0	0	0	0	0	0	0	0	0	0	0	0	0	0
49	0	0	0	0	0	0	0	0	0	736	736	0	0	0	0	0	0	0	0	0.46561	0.46561	0	0	0	0	0	0	0	0	1	0	0	0	0	0	0	0	0	183	183	0	0	0	0	0	0	0	0	1	0	0	0	0	0	0	0	0	96.9595	96.9595	0	0	0	0	0	0	0	0	1	0	0	0	0	0	0	0	0	446	446	0	0	0	0	0	0	0	0	1	0	0	0	0	0	0	0	0	0	0	0	0	0	0	0	0	0	0	0	0	0	0	0	0	0	0	0	0	0	0	0	0	0	0	0	0	0	0
50	0	0	0	0	0	0	0	0	0	743	743	0	0	0	0	0	0	0	0	0.436764	0.436764	0	0	0	0	0	0	0	0	1	0	0	0	0	0	0	0	0	169	169	0	0	0	0	0	0	0	0	1	0	0	0	0	0	0	0	0	98.9608	98.9608	0	0	0	0	0	0	0	0	1	0	0	0	0	0	0	0	0	441	441	0	0	0	0	0	0	0	0	1	0	0	0	0	0	0	0	0	0	0	0	0	0	0	0	0	0	0	0	0	0	0	0	0	0	0	0	0	0	0	0	0	0	0	0	0	0	0
51	0	0	0	0	0	0	0	0	0	738	738	0	0	0	0	0	0	0	0	0.371633	0.371633	0	0	0	0	0	0	0	0	1	0	0	0	0	0	0	0	0	151	151	0	0	0	0	0	0	0	0	1	0	0	0	0	0	0	0	0	100.889	100.889	0	0	0	0	0	0	0	0	1	0	0	0	0	0	0	0	0	431	431	0	0	0	0	0	0	0	0	1	0	0	0	0	0	0	0	0	0	0	0	0	0	0	0	0	0	0	0	0	0	0	0	0	0	0	0	0	0	0	0	0	0	0	0	0	0	0
52	0	0	0	0	0	0	0	0	0	728	728	0	0	0	0	0	0	0	0	0.369781	0.369781	0	0	0	0	0	0	0	0	1	0	0	0	0	0	0	0	0	149	149	0	0	0	0	0	0	0	0	1	0	0	0	0	0	0	0	0	102.222	102.222	0	0	0	0	0	0	0	0	1	0	0	0	0	0	0	0	0	418	418	0	0	0	0	0	0	0	0	1	0	0	0	0	0	0	0	0	0	0	0	0	0	0	0	0	0	0	0	0	0	0	0	0	0	0	0	0	0	0	0	0	0	0	0	0	0	0
53	0	0	0	0	0	0	0	0	0	721	721	0	0	0	0	0	0	0	0	0.347017	0.347017	0	0	0	0	0	0	0	0	1	0	0	0	0	0	0	0	0	138	138	0	0	0	0	0	0	0	0	1	0	0	0	0	0	0	0	0	100.468	100.468	0	0	0	0	0	0	0	0	1	0	0	0	0	0	0	0	0	407	407	0	0	0	0	0	0	0	0	1	0	0	0	0	0	0	0	0	0	0	0	0	0	0	0	0	0	0	0	0	0	0	0	0	0	0	0	0	0	0	0	0	0	0	0	0	0	0
54	0	0	0	0	0	0	0	0	0	754	754	0	0	0	0	0	0	0	0	0.352482	0.352482	0	0	0	0	0	0	0	0	1	0	0	0	0	0	0	0	0	131	131	0	0	0	0	0	0	0	0	1	0	0	0	0	0	0	0	0	102.205	102.205	0	0	0	0	0	0	0	0	1	0	0	0	0	0	0	0	0	391	391	0	0	0	0	0	0	0	0	1	0	0	0	0	0	0	0	0	0	0	0	0	0	0	0	0	0	0	0	0	0	0	0	0	0	0	0	0	0	0	0	0	0	0	0	0	0	0
55	0	0	0	0	0	0	0	0	0	754	754	0	0	0	0	0	0	0	0	0.324168	0.324168	0	0	0	0	0	0	0	0	1	0	0	0	0	0	0	0	0	123	123	0	0	0	0	0	0	0	0	1	0	0	0	0	0	0	0	0	103.598	103.598	0	0	0	0	0	0	0	0	1	0	0	0	0	0	0	0	0	378	378	0	0	0	0	0	0	0	0	1	0	0	0	0	0	0	0	0	0	0	0	0	0	0	0	0	0	0	0	0	0	0	0	0	0	0	0	0	0	0	0	0	0	0	0	0	0	0
56	0	0	0	0	0	0	0	0	0	759	759	0	0	0	0	0	0	0	0	0.322706	0.322706	0	0	0	0	0	0	0	0	1	0	0	0	0	0	0	0	0	114	114	0	0	0	0	0	0	0	0	1	0	0	0	0	0	0	0	0	105.051	105.051	0	0	0	0	0	0	0	0	1	0	0	0	0	0	0	0	0	377	377	0	0	0	0	0	0	0	0	1	0	0	0	0	0	0	0	0	0	0	0	0	0	0	0	0	0	0	0	0	0	0	0	0	0	0	0	0	0	0	0	0	0	0	0	0	0	0
57	0	0	0	0	0	0	0	0	0	760	760	0	0	0	0	0	0	0	0	0.336363	0.336363	0	0	0	0	0	0	0	0	1	0	0	0	0	0	0	0	0	113	113	0	0	0	0	0	0	0	0	1	0	0	0	0	0	0	0	0	104.422	104.422	0	0	0	0	0	0	0	0	1	0	0	0	0	0	0	0	0	364	364	0	0	0	0	0	0	0	0	1	0	0	0	0	0	0	0	0	0	0	0	0	0	0	0	0	0	0	0	0	0	0	0	0	0	0	0	0	0	0	0	0	0	0	0	0	0	0
58	0	0	0	0	0	0	0	0	0	768	768	0	0	0	0	0	0	0	0	0.32278	0.32278	0	0	0	0	0	0	0	0	1	0	0	0	0	0	0	0	0	105	105	0	0	0	0	0	0	0	0	1	0	0	0	0	0	0	0	0	104.244	104.244	0	0	0	0	0	0	0	0	1	0	0	0	0	0	0	0	0	361	361	0	0	0	0	0	0	0	0	1	0	0	0	0	0	0	0	0	0	0	0	0	0	0	0	0	0	0	0	0	0	0	0	0	0	0	0	0	0	0	0	0	0	0	0	0	0	0
59	0	0	0	0	0	0	0	0	0	758	758	0	0	0	0	0	0	0	0	0.31389	0.31389	0	0	0	0	0	0	0	0	1	0	0	0	0	0	0	0	0	103	103	0	0	0	0	0	0	0	0	1	0	0	0	0	0	0	0	0	101.185	101.185	0	0	0	0	0	0	0	0	1	0	0	0	0	0	0	0	0	349	349	0	0	0	0	0	0	0	0	1	0	0	0	0	0	0	0	0	0	0	0	0	0	0	0	0	0	0	0	0	0	0	0	0	0	0	0	0	0	0	0	0	0	0	0	0	0	0
60	0	0	0	0	0	0	0	0	0	778	778	0	0	0	0	0	0	0	0	0.291598	0.291598	0	0	0	0	0	0	0	0	1	0	0	0	0	0	0	0	0	110	110	0	0	0	0	0	0	0	0	1	0	0	0	0	0	0	0	0	102.952	102.952	0	0	0	0	0	0	0	0	1	0	0	0	0	0	0	0	0	345	345	0	0	0	0	0	0	0	0	1	0	0	0	0	0	0	0	0	0	0	0	0	0	0	0	0	0	0	0	0	0	0	0	0	0	0	0	0	0	0	0	0	0	0	0	0	0	0
61	0	0	0	0	0	0	0	0	0	779	779	0	0	0	0	0	0	0	0	0.282642	0.282642	0	0	0	0	0	0	0	0	1	0	0	0	0	0	0	0	0	105	105	0	0	0	0	0	0	0	0	1	0	0	0	0	0	0	0	0	101.984	101.984	0	0	0	0	0	0	0	0	1	0	0	0	0	0	0	0	0	333	333	0	0	0	0	0	0	0	0	1	0	0	0	0	0	0	0	0	0	0	0	0	0	0	0	0	0	0	0	0	0	0	0	0	0	0	0	0	0	0	0	0	0	0	0	0	0	0
62	0	0	0	0	0	0	0	0	0	802	802	0	0	0	0	0	0	0	0	0.281602	0.281602	0	0	0	0	0	0	0	0	1	0	0	0	0	0	0	0	0	105	105	0	0	0	0	0	0	0	0	1	0	0	0	0	0	0	0	0	102.582	102.582	0	0	0	0	0	0	0	0	1	0	0	0	0	0	0	0	0	325	325	0	0	0	0	0	0	0	0	1	0	0	0	0	0	0	0	0	0	0	0	0	0	0	0	0	0	0	0	0	0	0	0	0	0	0	0	0	0	0	0	0	0	0	0	0	0	0
63	0	0	0	0	0	0	0	0	0	792	792	0	0	0	0	0	0	0	0	0.304974	0.304974	0	0	0	0	0	0	0	0	1	0	0	0	0	0	0	0	0	116	116	0	0	0	0	0	0	0	0	1	0	0	0	0	0	0	0	0	104.102	104.102	0	0	0	0	0	0	0	0	1	0	0	0	0	0	0	0	0	314	314	0	0	0	0	0	0	0	0	1	0	0	0	0	0	0	0	0	0	0	0	0	0	0	0	0	0	0	0	0	0	0	0	0	0	0	0	0	0	0	0	0	0	0	0	0	0	0
64	0	0	0	0	0	0	0	0	0	783	783	0	0	0	0	0	0	0	0	0.264379	0.264379	0	0	0	0	0	0	0	0	1	0	0	0	0	0	0	0	0	109	109	0	0	0	0	0	0	0	0	1	0	0	0	0	0	0	0	0	104.104	104.104	0	0	0	0	0	0	0	0	1	0	0	0	0	0	0	0	0	312	312	0	0	0	0	0	0	0	0	1	0	0	0	0	0	0	0	0	0	0	0	0	0	0	0	0	0	0	0	0	0	0	0	0	0	0	0	0	0	0	0	0	0	0	0	0	0	0
65	0	0	0	0	0	0	0	0	0	758	758	0	0	0	0	0	0	0	0	0.261503	0.261503	0	0	0	0	0	0	0	0	1	0	0	0	0	0	0	0	0	112	112	0	0	0	0	0	0	0	0	1	0	0	0	0	0	0	0	0	102.987	102.987	0	0	0	0	0	0	0	0	1	0	0	0	0	0	0	0	0	302	302	0	0	0	0	0	0	0	0	1	0	0	0	0	0	0	0	0	0	0	0	0	0	0	0	0	0	0	0	0	0	0	0	0	0	0	0	0	0	0	0	0	0	0	0	0	0	0
66	0	0	0	0	0	0	0	0	0	761	761	0	0	0	0	0	0	0	0	0.256489	0.256489	0	0	0	0	0	0	0	0	1	0	0	0	0	0	0	0	0	122	122	0	0	0	0	0	0	0	0	1	0	0	0	0	0	0	0	0	100.735	100.735	0	0	0	0	0	0	0	0	1	0	0	0	0	0	0	0	0	295	295	0	0	0	0	0	0	0	0	1	0	0	0	0	0	0	0	0	0	0	0	0	0	0	0	0	0	0	0	0	0	0	0	0	0	0	0	0	0	0	0	0	0	0	0	0	0	0
67	0	0	0	0	0	0	0	0	0	783	783	0	0	0	0	0	0	0	0	0.251347	0.251347	0	0	0	0	0	0	0	0	1	0	0	0	0	0	0	0	0	116	116	0	0	0	0	0	0	0	0	1	0	0	0	0	0	0	0	0	99.3305	99.3305	0	0	0	0	0	0	0	0	1	0	0	0	0	0	0	0	0	281	281	0	0	0	0	0	0	0	0	1	0	0	0	0	0	0	0	0	0	0	0	0	0	0	0	0	0	0	0	0	0	0	0	0	0	0	0	0	0	0	0	0	0	0	0	0	0	0
68	0	0	0	0	0	0	0	0	0	811	811	0	0	0	0	0	0	0	0	0.245239	0.245239	0	0	0	0	0	0	0	0	1	0	0	0	0	0	0	0	0	112	112	0	0	0	0	0	0	0	0	1	0	0	0	0	0	0	0	0	99.6482	99.6482	0	0	0	0	0	0	0	0	1	0	0	0	0	0	0	0	0	271	271	0	0	0	0	0	0	0	0	1	0	0	0	0	0	0	0	0	0	0	0	0	0	0	0	0	0	0	0	0	0	0	0	0	0	0	0	0	0	0	0	0	0	0	0	0	0	0
69	0	0	0	0	0	0	0	0	0	830	830	0	0	0	0	0	0	0	0	0.273046	0.273046	0	0	0	0	0	0	0	0	1	0	0	0	0	0	0	0	0	116	116	0	0	0	0	0	0	0	0	1	0	0	0	0	0	0	0	0	98.0509	98.0509	0	0	0	0	0	0	0	0	1	0	0	0	0	0	0	0	0	262	262	0	0	0	0	0	0	0	0	1	0	0	0	0	0	0	0	0	0	0	0	0	0	0	0	0	0	0	0	0	0	0	0	0	0	0	0	0	0	0	0	0	0	0	0	0	0	0
70	0	0	0	0	0	0	0	0	0	830	830	0	0	0	0	0	0	0	0	0.295183	0.295183	0	0	0	0	0	0	0	0	1	0	0	0	0	0	0	0	0	129	129	0	0	0	0	0	0	0	0	1	0	0	0	0	0	0	0	0	98.7334	98.7334	0	0	0	0	0	0	0	0	1	0	0	0	0	0	0	0	0	257	257	0	0	0	0	0	0	0	0	1	0	0	0	0	0	0	0	0	0	0	0	0	0	0	0	0	0	0	0	0	0	0	0	0	0	0	0	0	0	0	0	0	0	0	0	0	0	0
71	0	0	0	0	0	0	0	0	0	817	817	0	0	0	0	0	0	0	0	0.318119	0.318119	0	0	0	0	0	0	0	0	1	0	0	0	0	0	0	0	0	134	134	0	0	0	0	0	0	0	0	1	0	0	0	0	0	0	0	0	100.098	100.098	0	0	0	0	0	0	0	0	1	0	0	0	0	0	0	0	0	250	250	0	0	0	0	0	0	0	0	1	0	0	0	0	0	0	0	0	0	0	0	0	0	0	0	0	0	0	0	0	0	0	0	0	0	0	0	0	0	0	0	0	0	0	0	0	0	0
72	0	0	0	0	0	0	0	0	0	839	839	0	0	0	0	0	0	0	0	0.300243	0.300243	0	0	0	0	0	0	0	0	1	0	0	0	0	0	0	0	0	133	133	0	0	0	0	0	0	0	0	1	0	0	0	0	0	0	0	0	98.5181	98.5181	0	0	0	0	0	0	0	0	1	0	0	0	0	0	0	0	0	244	244	0	0	0	0	0	0	0	0	1	0	0	0	0	0	0	0	0	0	0	0	0	0	0	0	0	0	0	0	0	0	0	0	0	0	0	0	0	0	0	0	0	0	0	0	0	0	0
73	0	0	0	0	0	0	0	0	0	839	839	0	0	0	0	0	0	0	0	0.287683	0.287683	0	0	0	0	0	0	0	0	1	0	0	0	0	0	0	0	0	147	147	0	0	0	0	0	0	0	0	1	0	0	0	0	0	0	0	0	95.4579	95.4579	0	0	0	0	0	0	0	0	1	0	0	0	0	0	0	0	0	242	242	0	0	0	0	0	0	0	0	1	0	0	0	0	0	0	0	0	0	0	0	0	0	0	0	0	0	0	0	0	0	0	0	0	0	0	0	0	0	0	0	0	0	0	0	0	0	0
74	0	0	0	0	0	0	0	0	0	828	828	0	0	0	0	0	0	0	0	0.314695	0.314695	0	0	0	0	0	0	0	0	1	0	0	0	0	0	0	0	0	156	156	0	0	0	0	0	0	0	0	1	0	0	0	0	0	0	0	0	91.8347	91.8347	0	0	0	0	0	0	0	0	1	0	0	0	0	0	0	0	0	231	231	0	0	0	0	0	0	0	0	1	0	0	0	0	0	0	0	0	0	0	0	0	0	0	0	0	0	0	0	0	0	0	0	0	0	0	0	0	0	0	0	0	0	0	0	0	0	0
75	0	0	0	0	0	0	0	0	0	818	818	0	0	0	0	0	0	0	0	0.333849	0.333849	0	0	0	0	0	0	0	0	1	0	0	0	0	0	0	0	0	157	157	0	0	0	0	0	0	0	0	1	0	0	0	0	0	0	0	0	88.4474	88.4474	0	0	0	0	0	0	0	0	1	0	0	0	0	0	0	0	0	225	225	0	0	0	0	0	0	0	0	1	0	0	0	0	0	0	0	0	0	0	0	0	0	0	0	0	0	0	0	0	0	0	0	0	0	0	0	0	0	0	0	0	0	0	0	0	0	0
76	0	0	0	0	0	0	0	0	0	837	837	0	0	0	0	0	0	0	0	0.351825	0.351825	0	0	0	0	0	0	0	0	1	0	0	0	0	0	0	0	0	167	167	0	0	0	0	0	0	0	0	1	0	0	0	0	0	0	0	0	89.3527	89.3527	0	0	0	0	0	0	0	0	1	0	0	0	0	0	0	0	0	229	229	0	0	0	0	0	0	0	0	1	0	0	0	0	0	0	0	0	0	0	0	0	0	0	0	0	0	0	0	0	0	0	0	0	0	0	0	0	0	0	0	0	0	0	0	0	0	0
77	0	0	0	0	0	0	0	0	0	833	833	0	0	0	0	0	0	0	0	0.405667	0.405667	0	0	0	0	0	0	0	0	1	0	0	0	0	0	0	0	0	191	191	0	0	0	0	0	0	0	0	1	0	0	0	0	0	0	0	0	87.1255	87.1255	0	0	0	0	0	0	0	0	1	0	0	0	0	0	0	0	0	221	221	0	0	0	0	0	0	0	0	1	0	0	0	0	0	0	0	0	0	0	0	0	0	0	0	0	0	0	0	0	0	0	0	0	0	0	0	0	0	0	0	0	0	0	0	0	0	0
78	0	0	0	0	0	0	0	0	0	815	815	0	0	0	0	0	0	0	0	0.400868	0.400868	0	0	0	0	0	0	0	0	1	0	0	0	0	0	0	0	0	189	189	0	0	0	0	0	0	0	0	1	0	0	0	0	0	0	0	0	84.1121	84.1121	0	0	0	0	0	0	0	0	1	0	0	0	0	0	0	0	0	226	226	0	0	0	0	0	0	0	0	1	0	0	0	0	0	0	0	0	0	0	0	0	0	0	0	0	0	0	0	0	0	0	0	0	0	0	0	0	0	0	0	0	0	0	0	0	0	0
79	0	0	0	0	0	0	0	0	0	839	839	0	0	0	0	0	0	0	0	0.428058	0.428058	0	0	0	0	0	0	0	0	1	0	0	0	0	0	0	0	0	203	203	0	0	0	0	0	0	0	0	1	0	0	0	0	0	0	0	0	82.5244	82.5244	0	0	0	0	0	0	0	0	1	0	0	0	0	0	0	0	0	236	236	0	0	0	0	0	0	0	0	1	0	0	0	0	0	0	0	0	0	0	0	0	0	0	0	0	0	0	0	0	0	0	0	0	0	0	0	0	0	0	0	0	0	0	0	0	0	0
80	0	0	0	0	0	0	0	0	0	850	850	0	0	0	0	0	0	0	0	0.497009	0.497009	0	0	0	0	0	0	0	0	1	0	0	0	0	0	0	0	0	220	220	0	0	0	0	0	0	0	0	1	0	0	0	0	0	0	0	0	79.7747	79.7747	0	0	0	0	0	0	0	0	1	0	0	0	0	0	0	0	0	238	238	0	0	0	0	0	0	0	0	1	0	0	0	0	0	0	0	0	0	0	0	0	0	0	0	0	0	0	0	0	0	0	0	0	0	0	0	0	0	0	0	0	0	0	0	0	0	0
81	0	0	0	0	0	0	0	0	0	876	876	0	0	0	0	0	0	0	0	0.490549	0.490549	0	0	0	0	0	0	0	0	1	0	0	0	0	0	0	0	0	225	225	0	0	0	0	0	0	0	0	1	0	0	0	0	0	0	0	0	80.6522	80.6522	0	0	0	0	0	0	0	0	1	0	0	0	0	0	0	0	0	252	252	0	0	0	0	0	0	0	0	1	0	0	0	0	0	0	0	0	0	0	0	0	0	0	0	0	0	0	0	0	0	0	0	0	0	0	0	0	0	0	0	0	0	0	0	0	0	0
82	0	0	0	0	0	0	0	0	0	914	914	0	0	0	0	0	0	0	0	0.526911	0.526911	0	0	0	0	0	0	0	0	1	0	0	0	0	0	0	0	0	249	249	0	0	0	0	0	0	0	0	1	0	0	0	0	0	0	0	0	81.921	81.921	0	0	0	0	0	0	0	0	1	0	0	0	0	0	0	0	0	263	263	0	0	0	0	0	0	0	0	1	0	0	0	0	0	0	0	0	0	0	0	0	0	0	0	0	0	0	0	0	0	0	0	0	0	0	0	0	0	0	0	0	0	0	0	0	0	0
83	0	0	0	0	0	0	0	0	0	938	938	0	0	0	0	0	0	0	0	0.513413	0.513413	0	0	0	0	0	0	0	0	1	0	0	0	0	0	0	0	0	271	271	0	0	0	0	0	0	0	0	1	0	0	0	0	0	0	0	0	81.5466	81.5466	0	0	0	0	0	0	0	0	1	0	0	0	0	0	0	0	0	270	270	0	0	0	0	0	0	0	0	1	0	0	0	0	0	0	0	0	0	0	0	0	0	0	0	0	0	0	0	0	0	0	0	0	0	0	0	0	0	0	0	0	0	0	0	0	0	0
84	0	0	0	0	0	0	0	0	0	1006	1006	0	0	0	0	0	0	0	0	0.565243	0.565243	0	0	0	0	0	0	0	0	1	0	0	0	0	0	0	0	0	316	316	0	0	0	0	0	0	0	0	1	0	0	0	0	0	0	0	0	84.3127	84.3127	0	0	0	0	0	0	0	0	1	0	0	0	0	0	0	0	0	286	286	0	0	0	0	0	0	0	0	1	0	0	0	0	0	0	0	0	0	0	0	0	0	0	0	0	0	0	0	0	0	0	0	0	0	0	0	0	0	0	0	0	0	0	0	0	0	0
85	0	0	0	0	0	0	0	0	0	1003	1003	0	0	0	0	0	0	0	0	0.663532	0.663532	0	0	0	0	0	0	0	0	1	0	0	0	0	0	0	0	0	355	355	0	0	0	0	0	0	0	0	1	0	0	0	0	0	0	0	0	82.9509	82.9509	0	0	0	0	0	0	0	0	1	0	0	0	0	0	0	0	0	292	292	0	0	0	0	0	0	0	0	1	0	0	0	0	0	0	0	0	0	0	0	0	0	0	0	0	0	0	0	0	0	0	0	0	0	0	0	0	0	0	0	0	0	0	0	0	0	0
86	0	0	0	0	0	0	0	0	0	943	943	0	0	0	0	0	0	0	0	0.671837	0.671837	0	0	0	0	0	0	0	0	1	0	0	0	0	0	0	0	0	389	389	0	0	0	0	0	0	0	0	1	0	0	0	0	0	0	0	0	78.2435	78.2435	0	0	0	0	0	0	0	0	1	0	0	0	0	0	0	0	0	313	313	0	0	0	0	0	0	0	0	1	0	0	0	0	0	0	0	0	0	0	0	0	0	0	0	0	0	0	0	0	0	0	0	0	0	0	0	0	0	0	0	0	0	0	0	0	0	0
87	0	0	0	0	0	0	0	0	0	943	943	0	0	0	0	0	0	0	0	0.759479	0.759479	0	0	0	0	0	0	0	0	1	0	0	0	0	0	0	0	0	413	413	0	0	0	0	0	0	0	0	1	0	0	0	0	0	0	0	0	80.0527	80.0527	0	0	0	0	0	0	0	0	1	0	0	0	0	0	0	0	0	334	334	0	0	0	0	0	0	0	0	1	0	0	0	0	0	0	0	0	0	0	0	0	0	0	0	0	0	0	0	0	0	0	0	0	0	0	0	0	0	0	0	0	0	0	0	0	0	0
88	0	0	0	0	0	0	0	0	0	939	939	0	0	0	0	0	0	0	0	0.818204	0.818204	0	0	0	0	0	0	0	0	1	0	0	0	0	0	0	0	0	417	417	0	0	0	0	0	0	0	0	1	0	0	0	0	0	0	0	0	83.7519	83.7519	0	0	0	0	0	0	0	0	1	0	0	0	0	0	0	0	0	366	366	0	0	0	0	0	0	0	0	1	0	0	0	0	0	0	0	0	0	0	0	0	0	0	0	0	0	0	0	0	0	0	0	0	0	0	0	0	0	0	0	0	0	0	0	0	0	0
89	0	0	0	0	0	0	0	0	0	927	927	0	0	0	0	0	0	0	0	0.887841	0.887841	0	0	0	0	0	0	0	0	1	0	0	0	0	0	0	0	0	421	421	0	0	0	0	0	0	0	0	1	0	0	0	0	0	0	0	0	86.8853	86.8853	0	0	0	0	0	0	0	0	1	0	0	0	0	0	0	0	0	391	391	0	0	0	0	0	0	0	0	1	0	0	0	0	0	0	0	0	0	0	0	0	0	0	0	0	0	0	0	0	0	0	0	0	0	0	0	0	0	0	0	0	0	0	0	0	0	0
90	0	0	0	0	0	0	0	0	0	857	857	0	0	0	0	0	0	0	0	0.820521	0.820521	0	0	0	0	0	0	0	0	1	0	0	0	0	0	0	0	0	420	420	0	0	0	0	0	0	0	0	1	0	0	0	0	0	0	0	0	88.5192	88.5192	0	0	0	0	0	0	0	0	1	0	0	0	0	0	0	0	0	412	412	0	0	0	0	0	0	0	0	1	0	0	0	0	0	0	0	0	0	0	0	0	0	0	0	0	0	0	0	0	0	0	0	0	0	0	0	0	0	0	0	0	0	0	0	0	0	0
91	0	0	0	0	0	0	0	0	0	800	800	0	0	0	0	0	0	0	0	0.76915	0.76915	0	0	0	0	0	0	0	0	1	0	0	0	0	0	0	0	0	399	399	0	0	0	0	0	0	0	0	1	0	0	0	0	0	0	0	0	91.6196	91.6196	0	0	0	0	0	0	0	0	1	0	0	0	0	0	0	0	0	433	433	0	0	0	0	0	0	0	0	1	0	0	0	0	0	0	0	0	0	0	0	0	0	0	0	0	0	0	0	0	0	0	0	0	0	0	0	0	0	0	0	0	0	0	0	0	0	0
92	0	0	0	0	0	0	0	0	0	789	789	0	0	0	0	0	0	0	0	0.765146	0.765146	0	0	0	0	0	0	0	0	1	0	0	0	0	0	0	0	0	380	380	0	0	0	0	0	0	0	0	1	0	0	0	0	0	0	0	0	95.6091	95.6091	0	0	0	0	0	0	0	0	1	0	0	0	0	0	0	0	0	429	429	0	0	0	0	0	0	0	0	1	0	0	0	0	0	0	0	0	0	0	0	0	0	0	0	0	0	0	0	0	0	0	0	0	0	0	0	0	0	0	0	0	0	0	0	0	0	0
93	0	0	0	0	0	0	0	0	0	726	726	0	0	0	0	0	0	0	0	0.75412	0.75412	0	0	0	0	0	0	0	0	1	0	0	0	0	0	0	0	0	354	354	0	0	0	0	0	0	0	0	1	0	0	0	0	0	0	0	0	91.2785	91.2785	0	0	0	0	0	0	0	0	1	0	0	0	0	0	0	0	0	414	414	0	0	0	0	0	0	0	0	1	0	0	0	0	0	0	0	0	0	0	0	0	0	0	0	0	0	0	0	0	0	0	0	0	0	0	0	0	0	0	0	0	0	0	0	0	0	0
94	0	0	0	0	0	0	0	0	0	752	752	0	0	0	0	0	0	0	0	0.844137	0.844137	0	0	0	0	0	0	0	0	1	0	0	0	0	0	0	0	0	324	324	0	0	0	0	0	0	0	0	1	0	0	0	0	0	0	0	0	91.546	91.546	0	0	0	0	0	0	0	0	1	0	0	0	0	0	0	0	0	398	398	0	0	0	0	0	0	0	0	1	0	0	0	0	0	0	0	0	0	0	0	0	0	0	0	0	0	0	0	0	0	0	0	0	0	0	0	0	0	0	0	0	0	0	0	0	0	0
95	0	0	0	0	0	0	0	0	0	735	735	0	0	0	0	0	0	0	0	0.776944	0.776944	0	0	0	0	0	0	0	0	1	0	0	0	0	0	0	0	0	281	281	0	0	0	0	0	0	0	0	1	0	0	0	0	0	0	0	0	93.265	93.265	0	0	0	0	0	0	0	0	1	0	0	0	0	0	0	0	0	407	407	0	0	0	0	0	0	0	0	1	0	0	0	0	0	0	0	0	0	0	0	0	0	0	0	0	0	0	0	0	0	0	0	0	0	0	0	0	0	0	0	0	0	0	0	0	0	0
96	0	0	0	0	0	0	0	0	0	779	779	0	0	0	0	0	0	0	0	0.765053	0.765053	0	0	0	0	0	0	0	0	1	0	0	0	0	0	0	0	0	259	259	0	0	0	0	0	0	0	0	1	0	0	0	0	0	0	0	0	97.2858	97.2858	0	0	0	0	0	0	0	0	1	0	0	0	0	0	0	0	0	409	409	0	0	0	0	0	0	0	0	1	0	0	0	0	0	0	0	0	0	0	0	0	0	0	0	0	0	0	0	0	0	0	0	0	0	0	0	0	0	0	0	0	0	0	0	0	0	0
97	0	0	0	0	0	0	0	0	0	739	739	0	0	0	0	0	0	0	0	0.744384	0.744384	0	0	0	0	0	0	0	0	1	0	0	0	0	0	0	0	0	240	240	0	0	0	0	0	0	0	0	1	0	0	0	0	0	0	0	0	96.3439	96.3439	0	0	0	0	0	0	0	0	1	0	0	0	0	0	0	0	0	401	401	0	0	0	0	0	0	0	0	1	0	0	0	0	0	0	0	0	0	0	0	0	0	0	0	0	0	0	0	0	0	0	0	0	0	0	0	0	0	0	0	0	0	0	0	0	0	0
98	0	0	0	0	0	0	0	0	0	698	698	0	0	0	0	0	0	0	0	0.685196	0.685196	0	0	0	0	0	0	0	0	1	0	0	0	0	0	0	0	0	221	221	0	0	0	0	0	0	0	0	1	0	0	0	0	0	0	0	0	93.2214	93.2214	0	0	0	0	0	0	0	0	1	0	0	0	0	0	0	0	0	396	396	0	0	0	0	0	0	0	0	1	0	0	0	0	0	0	0	0	0	0	0	0	0	0	0	0	0	0	0	0	0	0	0	0	0	0	0	0	0	0	0	0	0	0	0	0	0	0
99	0	0	0	0	0	0	0	0	0	738	738	0	0	0	0	0	0	0	0	0.659929	0.659929	0	0	0	0	0	0	0	0	1	0	0	0	0	0	0	0	0	203	203	0	0	0	0	0	0	0	0	1	0	0	0	0	0	0	0	0	95.7928	95.7928	0	0	0	0	0	0	0	0	1	0	0	0	0	0	0	0	0	392	392	0	0	0	0	0	0	0	0	1	0	0	0	0	0	0	0	0	0	0	0	0	0	0	0	0	0	0	0	0	0	0	0	0	0	0	0	0	0	0	0	0	0	0	0	0	0	0
100	0	0	0	0	0	0	0	0	0	766	766	0	0	0	0	0	0	0	0	0.572206	0.572206	0	0	0	0	0	0	0	0	1	0	0	0	0	0	0	0	0	180	180	0	0	0	0	0	0	0	0	1	0	0	0	0	0	0	0	0	99.7745	99.7745	0	0	0	0	0	0	0	0	1	0	0	0	0	0	0	0	0	404	404	0	0	0	0	0	0	0	0	1	0	0	0	0	0	0	0	0	0	0	0	0	0	0	0	0	0	0	0	0	0	0	0	0	0	0	0	0	0	0	0	0	0	0	0	0	0	0
101	0	0	0	0	0	0	0	0	0	749	749	0	0	0	0	0	0	0	0	0.539122	0.539122	0	0	0	0	0	0	0	0	1	0	0	0	0	0	0	0	0	169	169	0	0	0	0	0	0	0	0	1	0	0	0	0	0	0	0	0	99.0722	99.0722	0	0	0	0	0	0	0	0	1	0	0	0	0	0	0	0	0	398	398	0	0	0	0	0	0	0	0	1	0	0	0	0	0	0	0	0	0	0	0	0	0	0	0	0	0	0	0	0	0	0	0	0	0	0	0	0	0	0	0	0	0	0	0	0	0	0
102	0	0	0	0	0	0	0	0	0	762	762	0	0	0	0	0	0	0	0	0.473854	0.473854	0	0	0	0	0	0	0	0	1	0	0	0	0	0	0	0	0	149	149	0	0	0	0	0	0	0	0	1	0	0	0	0	0	0	0	0	100.866	100.866	0	0	0	0	0	0	0	0	1	0	0	0	0	0	0	0	0	400	400	0	0	0	0	0	0	0	0	1	0	0	0	0	0	0	0	0	0	0	0	0	0	0	0	0	0	0	0	0	0	0	0	0	0	0	0	0	0	0	0	0	0	0	0	0	0	0
103	0	0	0	0	0	0	0	0	0	784	784	0	0	0	0	0	0	0	0	0.410676	0.410676	0	0	0	0	0	0	0	0	1	0	0	0	0	0	0	0	0	136	136	0	0	0	0	0	0	0	0	1	0	0	0	0	0	0	0	0	103.403	103.403	0	0	0	0	0	0	0	0	1	0	0	0	0	0	0	0	0	385	385	0	0	0	0	0	0	0	0	1	0	0	0	0	0	0	0	0	0	0	0	0	0	0	0	0	0	0	0	0	0	0	0	0	0	0	0	0	0	0	0	0	0	0	0	0	0	0
104	0	0	0	0	0	0	0	0	0	767	767	0	0	0	0	0	0	0	0	0.438126	0.438126	0	0	0	0	0	0	0	0	1	0	0	0	0	0	0	0	0	136	136	0	0	0	0	0	0	0	0	1	0	0	0	0	0	0	0	0	104.544	104.544	0	0	0	0	0	0	0	0	1	0	0	0	0	0	0	0	0	367	367	0	0	0	0	0	0	0	0	1	0	0	0	0	0	0	0	0	0	0	0	0	0	0	0	0	0	0	0	0	0	0	0	0	0	0	0	0	0	0	0	0	0	0	0	0	0	0
105	0	0	0	0	0	0	0	0	0	751	751	0	0	0	0	0	0	0	0	0.412448	0.412448	0	0	0	0	0	0	0	0	1	0	0	0	0	0	0	0	0	130	130	0	0	0	0	0	0	0	0	1	0	0	0	0	0	0	0	0	102.198	102.198	0	0	0	0	0	0	0	0	1	0	0	0	0	0	0	0	0	354	354	0	0	0	0	0	0	0	0	1	0	0	0	0	0	0	0	0	0	0	0	0	0	0	0	0	0	0	0	0	0	0	0	0	0	0	0	0	0	0	0	0	0	0	0	0	0	0
106	0	0	0	0	0	0	0	0	0	761	761	0	0	0	0	0	0	0	0	0.351663	0.351663	0	0	0	0	0	0	0	0	1	0	0	0	0	0	0	0	0	117	117	0	0	0	0	0	0	0	0	1	0	0	0	0	0	0	0	0	104.29	104.29	0	0	0	0	0	0	0	0	1	0	0	0	0	0	0	0	0	355	355	0	0	0	0	0	0	0	0	1	0	0	0	0	0	0	0	0	0	0	0	0	0	0	0	0	0	0	0	0	0	0	0	0	0	0	0	0	0	0	0	0	0	0	0	0	0	0
107	0	0	0	0	0	0	0	0	0	740	740	0	0	0	0	0	0	0	0	0.331464	0.331464	0	0	0	0	0	0	0	0	1	0	0	0	0	0	0	0	0	107	107	0	0	0	0	0	0	0	0	1	0	0	0	0	0	0	0	0	104.215	104.215	0	0	0	0	0	0	0	0	1	0	0	0	0	0	0	0	0	345	345	0	0	0	0	0	0	0	0	1	0	0	0	0	0	0	0	0	0	0	0	0	0	0	0	0	0	0	0	0	0	0	0	0	0	0	0	0	0	0	0	0	0	0	0	0	0	0
108	0	0	0	0	0	0	0	0	0	736	736	0	0	0	0	0	0	0	0	0.31777	0.31777	0	0	0	0	0	0	0	0	1	0	0	0	0	0	0	0	0	102	102	0	0	0	0	0	0	0	0	1	0	0	0	0	0	0	0	0	102.083	102.083	0	0	0	0	0	0	0	0	1	0	0	0	0	0	0	0	0	333	333	0	0	0	0	0	0	0	0	1	0	0	0	0	0	0	0	0	0	0	0	0	0	0	0	0	0	0	0	0	0	0	0	0	0	0	0	0	0	0	0	0	0	0	0	0	0	0
109	0	0	0	0	0	0	0	0	0	741	741	0	0	0	0	0	0	0	0	0.267681	0.267681	0	0	0	0	0	0	0	0	1	0	0	0	0	0	0	0	0	86	86	0	0	0	0	0	0	0	0	1	0	0	0	0	0	0	0	0	101.634	101.634	0	0	0	0	0	0	0	0	1	0	0	0	0	0	0	0	0	326	326	0	0	0	0	0	0	0	0	1	0	0	0	0	0	0	0	0	0	0	0	0	0	0	0	0	0	0	0	0	0	0	0	0	0	0	0	0	0	0	0	0	0	0	0	0	0	0
110	0	0	0	0	0	0	0	0	0	747	747	0	0	0	0	0	0	0	0	0.251638	0.251638	0	0	0	0	0	0	0	0	1	0	0	0	0	0	0	0	0	80	80	0	0	0	0	0	0	0	0	1	0	0	0	0	0	0	0	0	100.729	100.729	0	0	0	0	0	0	0	0	1	0	0	0	0	0	0	0	0	311	311	0	0	0	0	0	0	0	0	1	0	0	0	0	0	0	0	0	0	0	0	0	0	0	0	0	0	0	0	0	0	0	0	0	0	0	0	0	0	0	0	0	0	0	0	0	0	0
111	0	0	0	0	0	0	0	0	0	733	733	0	0	0	0	0	0	0	0	0.234472	0.234472	0	0	0	0	0	0	0	0	1	0	0	0	0	0	0	0	0	74	74	0	0	0	0	0	0	0	0	1	0	0	0	0	0	0	0	0	98.9298	98.9298	0	0	0	0	0	0	0	0	1	0	0	0	0	0	0	0	0	300	300	0	0	0	0	0	0	0	0	1	0	0	0	0	0	0	0	0	0	0	0	0	0	0	0	0	0	0	0	0	0	0	0	0	0	0	0	0	0	0	0	0	0	0	0	0	0	0
112	0	0	0	0	0	0	0	0	0	759	759	0	0	0	0	0	0	0	0	0.213426	0.213426	0	0	0	0	0	0	0	0	1	0	0	0	0	0	0	0	0	74	74	0	0	0	0	0	0	0	0	1	0	0	0	0	0	0	0	0	101.189	101.189	0	0	0	0	0	0	0	0	1	0	0	0	0	0	0	0	0	293	293	0	0	0	0	0	0	0	0	1	0	0	0	0	0	0	0	0	0	0	0	0	0	0	0	0	0	0	0	0	0	0	0	0	0	0	0	0	0	0	0	0	0	0	0	0	0	0
113	0	0	0	0	0	0	0	0	0	753	753	0	0	0	0	0	0	0	0	0.160752	0.160752	0	0	0	0	0	0	0	0	1	0	0	0	0	0	0	0	0	69	69	0	0	0	0	0	0	0	0	1	0	0	0	0	0	0	0	0	98.1792	98.1792	0	0	0	0	0	0	0	0	1	0	0	0	0	0	0	0	0	284	284	0	0	0	0	0	0	0	0	1	0	0	0	0	0	0	0	0	0	0	0	0	0	0	0	0	0	0	0	0	0	0	0	0	0	0	0	0	0	0	0	0	0	0	0	0	0	0
114	0	0	0	0	0	0	0	0	0	759	759	0	0	0	0	0	0	0	0	0.160512	0.160512	0	0	0	0	0	0	0	0	1	0	0	0	0	0	0	0	0	69	69	0	0	0	0	0	0	0	0	1	0	0	0	0	0	0	0	0	95.25	95.25	0	0	0	0	0	0	0	0	1	0	0	0	0	0	0	0	0	273	273	0	0	0	0	0	0	0	0	1	0	0	0	0	0	0	0	0	0	0	0	0	0	0	0	0	0	0	0	0	0	0	0	0	0	0	0	0	0	0	0	0	0	0	0	0	0	0
115	0	0	0	0	0	0	0	0	0	758	758	0	0	0	0	0	0	0	0	0.17565	0.17565	0	0	0	0	0	0	0	0	1	0	0	0	0	0	0	0	0	70	70	0	0	0	0	0	0	0	0	1	0	0	0	0	0	0	0	0	95.7467	95.7467	0	0	0	0	0	0	0	0	1	0	0	0	0	0	0	0	0	266	266	0	0	0	0	0	0	0	0	1	0	0	0	0	0	0	0	0	0	0	0	0	0	0	0	0	0	0	0	0	0	0	0	0	0	0	0	0	0	0	0	0	0	0	0	0	0	0
116	0	0	0	0	0	0	0	0	0	747	747	0	0	0	0	0	0	0	0	0.18676	0.18676	0	0	0	0	0	0	0	0	1	0	0	0	0	0	0	0	0	76	76	0	0	0	0	0	0	0	0	1	0	0	0	0	0	0	0	0	95.0971	95.0971	0	0	0	0	0	0	0	0	1	0	0	0	0	0	0	0	0	253	253	0	0	0	0	0	0	0	0	1	0	0	0	0	0	0	0	0	0	0	0	0	0	0	0	0	0	0	0	0	0	0	0	0	0	0	0	0	0	0	0	0	0	0	0	0	0	0
117	0	0	0	0	0	0	0	0	0	722	722	0	0	0	0	0	0	0	0	0.167857	0.167857	0	0	0	0	0	0	0	0	1	0	0	0	0	0	0	0	0	80	80	0	0	0	0	0	0	0	0	1	0	0	0	0	0	0	0	0	90.0352	90.0352	0	0	0	0	0	0	0	0	1	0	0	0	0	0	0	0	0	244	244	0	0	0	0	0	0	0	0	1	0	0	0	0	0	0	0	0	0	0	0	0	0	0	0	0	0	0	0	0	0	0	0	0	0	0	0	0	0	0	0	0	0	0	0	0	0	0
118	0	0	0	0	0	0	0	0	0	770	770	0	0	0	0	0	0	0	0	0.19476	0.19476	0	0	0	0	0	0	0	0	1	0	0	0	0	0	0	0	0	89	89	0	0	0	0	0	0	0	0	1	0	0	0	0	0	0	0	0	90.1702	90.1702	0	0	0	0	0	0	0	0	1	0	0	0	0	0	0	0	0	236	236	0	0	0	0	0	0	0	0	1	0	0	0	0	0	0	0	0	0	0	0	0	0	0	0	0	0	0	0	0	0	0	0	0	0	0	0	0	0	0	0	0	0	0	0	0	0	0
119	0	0	0	0	0	0	0	0	0	745	745	0	0	0	0	0	0	0	0	0.199908	0.199908	0	0	0	0	0	0	0	0	1	0	0	0	0	0	0	0	0	93	93	0	0	0	0	0	0	0	0	1	0	0	0	0	0	0	0	0	82.7301	82.7301	0	0	0	0	0	0	0	0	1	0	0	0	0	0	0	0	0	224	224	0	0	0	0	0	0	0	0	1	0	0	0	0	0	0	0	0	0	0	0	0	0	0	0	0	0	0	0	0	0	0	0	0	0	0	0	0	0	0	0	0	0	0	0	0	0	0
120	0	0	0	0	0	0	0	0	0	720	720	0	0	0	0	0	0	0	0	0.241225	0.241225	0	0	0	0	0	0	0	0	1	0	0	0	0	0	0	0	0	107	107	0	0	0	0	0	0	0	0	1	0	0	0	0	0	0	0	0	81.4458	81.4458	0	0	0	0	0	0	0	0	1	0	0	0	0	0	0	0	0	214	214	0	0	0	0	0	0	0	0	1	0	0	0	0	0	0	0	0	0	0	0	0	0	0	0	0	0	0	0	0	0	0	0	0	0	0	0	0	0	0	0	0	0	0	0	0	0	0
121	0	0	0	0	0	0	0	0	0	760	760	0	0	0	0	0	0	0	0	0.262961	0.262961	0	0	0	0	0	0	0	0	1	0	0	0	0	0	0	0	0	113	113	0	0	0	0	0	0	0	0	1	0	0	0	0	0	0	0	0	79.587	79.587	0	0	0	0	0	0	0	0	1	0	0	0	0	0	0	0	0	209	209	0	0	0	0	0	0	0	0	1	0	0	0	0	0	0	0	0	0	0	0	0	0	0	0	0	0	0	0	0	0	0	0	0	0	0	0	0	0	0	0	0	0	0	0	0	0	0
122	0	0	0	0	0	0	0	0	0	767	767	0	0	0	0	0	0	0	0	0.242875	0.242875	0	0	0	0	0	0	0	0	1	0	0	0	0	0	0	0	0	123	123	0	0	0	0	0	0	0	0	1	0	0	0	0	0	0	0	0	82.1528	82.1528	0	0	0	0	0	0	0	0	1	0	0	0	0	0	0	0	0	219	219	0	0	0	0	0	0	0	0	1	0	0	0	0	0	0	0	0	0	0	0	0	0	0	0	0	0	0	0	0	0	0	0	0	0	0	0	0	0	0	0	0	0	0	0	0	0	0
123	0	0	0	0	0	0	0	0	0	801	801	0	0	0	0	0	0	0	0	0.275971	0.275971	0	0	0	0	0	0	0	0	1	0	0	0	0	0	0	0	0	136	136	0	0	0	0	0	0	0	0	1	0	0	0	0	0	0	0	0	83.4394	83.4394	0	0	0	0	0	0	0	0	1	0	0	0	0	0	0	0	0	218	218	0	0	0	0	0	0	0	0	1	0	0	0	0	0	0	0	0	0	0	0	0	0	0	0	0	0	0	0	0	0	0	0	0	0	0	0	0	0	0	0	0	0	0	0	0	0	0
124	0	0	0	0	0	0	0	0	0	808	808	0	0	0	0	0	0	0	0	0.261649	0.261649	0	0	0	0	0	0	0	0	1	0	0	0	0	0	0	0	0	154	154	0	0	0	0	0	0	0	0	1	0	0	0	0	0	0	0	0	83.5217	83.5217	0	0	0	0	0	0	0	0	1	0	0	0	0	0	0	0	0	219	219	0	0	0	0	0	0	0	0	1	0	0	0	0	0	0	0	0	0	0	0	0	0	0	0	0	0	0	0	0	0	0	0	0	0	0	0	0	0	0	0	0	0	0	0	0	0	0
125	0	0	0	0	0	0	0	0	0	817	817	0	0	0	0	0	0	0	0	0.311198	0.311198	0	0	0	0	0	0	0	0	1	0	0	0	0	0	0	0	0	175	175	0	0	0	0	0	0	0	0	1	0	0	0	0	0	0	0	0	83.8351	83.8351	0	0	0	0	0	0	0	0	1	0	0	0	0	0	0	0	0	216	216	0	0	0	0	0	0	0	0	1	0	0	0	0	0	0	0	0	0	0	0	0	0	0	0	0	0	0	0	0	0	0	0	0	0	0	0	0	0	0	0	0	0	0	0	0	0	0
126	0	0	0	0	0	0	0	0	0	791	791	0	0	0	0	0	0	0	0	0.319613	0.319613	0	0	0	0	0	0	0	0	1	0	0	0	0	0	0	0	0	186	186	0	0	0	0	0	0	0	0	1	0	0	0	0	0	0	0	0	75.3253	75.3253	0	0	0	0	0	0	0	0	1	0	0	0	0	0	0	0	0	210	210	0	0	0	0	0	0	0	0	1	0	0	0	0	0	0	0	0	0	0	0	0	0	0	0	0	0	0	0	0	0	0	0	0	0	0	0	0	0	0	0	0	0	0	0	0	0	0
127	0	0	0	0	0	0	0	0	0	834	834	0	0	0	0	0	0	0	0	0.405163	0.405163	0	0	0	0	0	0	0	0	1	0	0	0	0	0	0	0	0	209	209	0	0	0	0	0	0	0	0	1	0	0	0	0	0	0	0	0	73.6773	73.6773	0	0	0	0	0	0	0	0	1	0	0	0	0	0	0	0	0	208	208	0	0	0	0	0	0	0	0	1	0	0	0	0	0	0	0	0	0	0	0	0	0	0	0	0	0	0	0	0	0	0	0	0	0	0	0	0	0	0	0	0	0	0	0	0	0	0
128	0	0	0	0	0	0	0	0	0	871	871	0	0	0	0	0	0	0	0	0.38713	0.38713	0	0	0	0	0	0	0	0	1	0	0	0	0	0	0	0	0	226	226	0	0	0	0	0	0	0	0	1	0	0	0	0	0	0	0	0	76.0907	76.0907	0	0	0	0	0	0	0	0	1	0	0	0	0	0	0	0	0	227	227	0	0	0	0	0	0	0	0	1	0	0	0	0	0	0	0	0	0	0	0	0	0	0	0	0	0	0	0	0	0	0	0	0	0	0	0	0	0	0	0	0	0	0	0	0	0	0
129	0	0	0	0	0	0	0	0	0	890	890	0	0	0	0	0	0	0	0	0.456837	0.456837	0	0	0	0	0	0	0	0	1	0	0	0	0	0	0	0	0	256	256	0	0	0	0	0	0	0	0	1	0	0	0	0	0	0	0	0	76.4375	76.4375	0	0	0	0	0	0	0	0	1	0	0	0	0	0	0	0	0	230	230	0	0	0	0	0	0	0	0	1	0	0	0	0	0	0	0	0	0	0	0	0	0	0	0	0	0	0	0	0	0	0	0	0	0	0	0	0	0	0	0	0	0	0	0	0	0	0
130	0	0	0	0	0	0	0	0	0	848	848	0	0	0	0	0	0	0	0	0.54478	0.54478	0	0	0	0	0	0	0	0	1	0	0	0	0	0	0	0	0	301	301	0	0	0	0	0	0	0	0	1	0	0	0	0	0	0	0	0	71.8089	71.8089	0	0	0	0	0	0	0	0	1	0	0	0	0	0	0	0	0	236	236	0	0	0	0	0	0	0	0	1	0	0	0	0	0	0	0	0	0	0	0	0	0	0	0	0	0	0	0	0	0	0	0	0	0	0	0	0	0	0	0	0	0	0	0	0	0	0
131	0	0	0	0	0	0	0	0	0	860	860	0	0	0	0	0	0	0	0	0.625676	0.625676	0	0	0	0	0	0	0	0	1	0	0	0	0	0	0	0	0	334	334	0	0	0	0	0	0	0	0	1	0	0	0	0	0	0	0	0	72.5189	72.5189	0	0	0	0	0	0	0	0	1	0	0	0	0	0	0	0	0	260	260	0	0	0	0	0	0	0	0	1	0	0	0	0	0	0	0	0	0	0	0	0	0	0	0	0	0	0	0	0	0	0	0	0	0	0	0	0	0	0	0	0	0	0	0	0	0	0
132	0	0	0	0	0	0	0	0	0	865	865	0	0	0	0	0	0	0	0	0.567998	0.567998	0	0	0	0	0	0	0	0	1	0	0	0	0	0	0	0	0	345	345	0	0	0	0	0	0	0	0	1	0	0	0	0	0	0	0	0	72.1123	72.1123	0	0	0	0	0	0	0	0	1	0	0	0	0	0	0	0	0	293	293	0	0	0	0	0	0	0	0	1	0	0	0	0	0	0	0	0	0	0	0	0	0	0	0	0	0	0	0	0	0	0	0	0	0	0	0	0	0	0	0	0	0	0	0	0	0	0
133	0	0	0	0	0	0	0	0	0	850	850	0	0	0	0	0	0	0	0	0.611367	0.611367	0	0	0	0	0	0	0	0	1	0	0	0	0	0	0	0	0	357	357	0	0	0	0	0	0	0	0	1	0	0	0	0	0	0	0	0	70.1967	70.1967	0	0	0	0	0	0	0	0	1	0	0	0	0	0	0	0	0	313	313	0	0	0	0	0	0	0	0	1	0	0	0	0	0	0	0	0	0	0	0	0	0	0	0	0	0	0	0	0	0	0	0	0	0	0	0	0	0	0	0	0	0	0	0	0	0	0
134	0	0	0	0	0	0	0	0	0	840	840	0	0	0	0	0	0	0	0	0.67577	0.67577	0	0	0	0	0	0	0	0	1	0	0	0	0	0	0	0	0	372	372	0	0	0	0	0	0	0	0	1	0	0	0	0	0	0	0	0	72.2578	72.2578	0	0	0	0	0	0	0	0	1	0	0	0	0	0	0	0	0	336	336	0	0	0	0	0	0	0	0	1	0	0	0	0	0	0	0	0	0	0	0	0	0	0	0	0	0	0	0	0	0	0	0	0	0	0	0	0	0	0	0	0	0	0	0	0	0	0
135	0	0	0	0	0	0	0	0	0	850	850	0	0	0	0	0	0	0	0	0.710606	0.710606	0	0	0	0	0	0	0	0	1	0	0	0	0	0	0	0	0	372	372	0	0	0	0	0	0	0	0	1	0	0	0	0	0	0	0	0	74.4139	74.4139	0	0	0	0	0	0	0	0	1	0	0	0	0	0	0	0	0	361	361	0	0	0	0	0	0	0	0	1	0	0	0	0	0	0	0	0	0	0	0	0	0	0	0	0	0	0	0	0	0	0	0	0	0	0	0	0	0	0	0	0	0	0	0	0	0	0
136	0	0	0	0	0	0	0	0	0	833	833	0	0	0	0	0	0	0	0	0.707428	0.707428	0	0	0	0	0	0	0	0	1	0	0	0	0	0	0	0	0	384	384	0	0	0	0	0	0	0	0	1	0	0	0	0	0	0	0	0	77.2476	77.2476	0	0	0	0	0	0	0	0	1	0	0	0	0	0	0	0	0	387	387	0	0	0	0	0	0	0	0	1	0	0	0	0	0	0	0	0	0	0	0	0	0	0	0	0	0	0	0	0	0	0	0	0	0	0	0	0	0	0	0	0	0	0	0	0	0	0
137	0	0	0	0	0	0	0	0	0	781	781	0	0	0	0	0	0	0	0	0.79358	0.79358	0	0	0	0	0	0	0	0	1	0	0	0	0	0	0	0	0	401	401	0	0	0	0	0	0	0	0	1	0	0	0	0	0	0	0	0	80.1591	80.1591	0	0	0	0	0	0	0	0	1	0	0	0	0	0	0	0	0	394	394	0	0	0	0	0	0	0	0	1	0	0	0	0	0	0	0	0	0	0	0	0	0	0	0	0	0	0	0	0	0	0	0	0	0	0	0	0	0	0	0	0	0	0	0	0	0	0
138	0	0	0	0	0	0	0	0	0	762	762	0	0	0	0	0	0	0	0	0.839103	0.839103	0	0	0	0	0	0	0	0	1	0	0	0	0	0	0	0	0	389	389	0	0	0	0	0	0	0	0	1	0	0	0	0	0	0	0	0	81.0257	81.0257	0	0	0	0	0	0	0	0	1	0	0	0	0	0	0	0	0	413	413	0	0	0	0	0	0	0	0	1	0	0	0	0	0	0	0	0	0	0	0	0	0	0	0	0	0	0	0	0	0	0	0	0	0	0	0	0	0	0	0	0	0	0	0	0	0	0
139	0	0	0	0	0	0	0	0	0	733	733	0	0	0	0	0	0	0	0	0.832953	0.832953	0	0	0	0	0	0	0	0	1	0	0	0	0	0	0	0	0	365	365	0	0	0	0	0	0	0	0	1	0	0	0	0	0	0	0	0	82.2637	82.2637	0	0	0	0	0	0	0	0	1	0	0	0	0	0	0	0	0	426	426	0	0	0	0	0	0	0	0	1	0	0	0	0	0	0	0	0	0	0	0	0	0	0	0	0	0	0	0	0	0	0	0	0	0	0	0	0	0	0	0	0	0	0	0	0	0	0
140	0	0	0	0	0	0	0	0	0	758	758	0	0	0	0	0	0	0	0	0.80764	0.80764	0	0	0	0	0	0	0	0	1	0	0	0	0	0	0	0	0	338	338	0	0	0	0	0	0	0	0	1	0	0	0	0	0	0	0	0	85.2417	85.2417	0	0	0	0	0	0	0	0	1	0	0	0	0	0	0	0	0	446	446	0	0	0	0	0	0	0	0	1	0	0	0	0	0	0	0	0	0	0	0	0	0	0	0	0	0	0	0	0	0	0	0	0	0	0	0	0	0	0	0	0	0	0	0	0	0	0
141	0	0	0	0	0	0	0	0	0	726	726	0	0	0	0	0	0	0	0	0.765603	0.765603	0	0	0	0	0	0	0	0	1	0	0	0	0	0	0	0	0	309	309	0	0	0	0	0	0	0	0	1	0	0	0	0	0	0	0	0	88.0797	88.0797	0	0	0	0	0	0	0	0	1	0	0	0	0	0	0	0	0	454	454	0	0	0	0	0	0	0	0	1	0	0	0	0	0	0	0	0	0	0	0	0	0	0	0	0	0	0	0	0	0	0	0	0	0	0	0	0	0	0	0	0	0	0	0	0	0	0
142	0	0	0	0	0	0	0	0	0	729	729	0	0	0	0	0	0	0	0	0.73915	0.73915	0	0	0	0	0	0	0	0	1	0	0	0	0	0	0	0	0	276	276	0	0	0	0	0	0	0	0	1	0	0	0	0	0	0	0	0	92.9257	92.9257	0	0	0	0	0	0	0	0	1	0	0	0	0	0	0	0	0	455	455	0	0	0	0	0	0	0	0	1	0	0	0	0	0	0	0	0	0	0	0	0	0	0	0	0	0	0	0	0	0	0	0	0	0	0	0	0	0	0	0	0	0	0	0	0	0	0
143	0	0	0	0	0	0	0	0	0	732	732	0	0	0	0	0	0	0	0	0.645607	0.645607	0	0	0	0	0	0	0	0	1	0	0	0	0	0	0	0	0	238	238	0	0	0	0	0	0	0	0	1	0	0	0	0	0	0	0	0	94.1087	94.1087	0	0	0	0	0	0	0	0	1	0	0	0	0	0	0	0	0	459	459	0	0	0	0	0	0	0	0	1	0	0	0	0	0	0	0	0	0	0	0	0	0	0	0	0	0	0	0	0	0	0	0	0	0	0	0	0	0	0	0	0	0	0	0	0	0	0
144	0	0	0	0	0	0	0	0	0	713	713	0	0	0	0	0	0	0	0	0.65604	0.65604	0	0	0	0	0	0	0	0	1	0	0	0	0	0	0	0	0	215	215	0	0	0	0	0	0	0	0	1	0	0	0	0	0	0	0	0	97.6042	97.6042	0	0	0	0	0	0	0	0	1	0	0	0	0	0	0	0	0	446	446	0	0	0	0	0	0	0	0	1	0	0	0	0	0	0	0	0	0	0	0	0	0	0	0	0	0	0	0	0	0	0	0	0	0	0	0	0	0	0	0	0	0	0	0	0	0	0
145	0	0	0	0	0	0	0	0	0	709	709	0	0	0	0	0	0	0	0	0.539721	0.539721	0	0	0	0	0	0	0	0	1	0	0	0	0	0	0	0	0	180	180	0	0	0	0	0	0	0	0	1	0	0	0	0	0	0	0	0	98.0136	98.0136	0	0	0	0	0	0	0	0	1	0	0	0	0	0	0	0	0	443	443	0	0	0	0	0	0	0	0	1	0	0	0	0	0	0	0	0	0	0	0	0	0	0	0	0	0	0	0	0	0	0	0	0	0	0	0	0	0	0	0	0	0	0	0	0	0	0
146	0	0	0	0	0	0	0	0	0	694	694	0	0	0	0	0	0	0	0	0.467196	0.467196	0	0	0	0	0	0	0	0	1	0	0	0	0	0	0	0	0	151	151	0	0	0	0	0	0	0	0	1	0	0	0	0	0	0	0	0	97.8216	97.8216	0	0	0	0	0	0	0	0	1	0	0	0	0	0	0	0	0	428	428	0	0	0	0	0	0	0	0	1	0	0	0	0	0	0	0	0	0	0	0	0	0	0	0	0	0	0	0	0	0	0	0	0	0	0	0	0	0	0	0	0	0	0	0	0	0	0
147	0	0	0	0	0	0	0	0	0	660	660	0	0	0	0	0	0	0	0	0.383464	0.383464	0	0	0	0	0	0	0	0	1	0	0	0	0	0	0	0	0	125	125	0	0	0	0	0	0	0	0	1	0	0	0	0	0	0	0	0	92.8566	92.8566	0	0	0	0	0	0	0	0	1	0	0	0	0	0	0	0	0	423	423	0	0	0	0	0	0	0	0	1	0	0	0	0	0	0	0	0	0	0	0	0	0	0	0	0	0	0	0	0	0	0	0	0	0	0	0	0	0	0	0	0	0	0	0	0	0	0
148	0	0	0	0	0	0	0	0	0	675	675	0	0	0	0	0	0	0	0	0.333223	0.333223	0	0	0	0	0	0	0	0	1	0	0	0	0	0	0	0	0	109	109	0	0	0	0	0	0	0	0	1	0	0	0	0	0	0	0	0	91.542	91.542	0	0	0	0	0	0	0	0	1	0	0	0	0	0	0	0	0	411	411	0	0	0	0	0	0	0	0	1	0	0	0	0	0	0	0	0	0	0	0	0	0	0	0	0	0	0	0	0	0	0	0	0	0	0	0	0	0	0	0	0	0	0	0	0	0	0
149	0	0	0	0	0	0	0	0	0	693	693	0	0	0	0	0	0	0	0	0.342442	0.342442	0	0	0	0	0	0	0	0	1	0	0	0	0	0	0	0	0	103	103	0	0	0	0	0	0	0	0	1	0	0	0	0	0	0	0	0	93.3734	93.3734	0	0	0	0	0	0	0	0	1	0	0	0	0	0	0	0	0	397	397	0	0	0	0	0	0	0	0	1	0	0	0	0	0	0	0	0	0	0	0	0	0	0	0	0	0	0	0	0	0	0	0	0	0	0	0	0	0	0	0	0	0	0	0	0	0	0
150	0	0	0	0	0	0	0	0	0	669	669	0	0	0	0	0	0	0	0	0.317402	0.317402	0	0	0	0	0	0	0	0	1	0	0	0	0	0	0	0	0	93	93	0	0	0	0	0	0	0	0	1	0	0	0	0	0	0	0	0	93.1135	93.1135	0	0	0	0	0	0	0	0	1	0	0	0	0	0	0	0	0	382	382	0	0	0	0	0	0	0	0	1	0	0	0	0	0	0	0	0	0	0	0	0	0	0	0	0	0	0	0	0	0	0	0	0	0	0	0	0	0	0	0	0	0	0	0	0	0	0
151	0	0	0	0	0	0	0	0	0	650	650	0	0	0	0	0	0	0	0	0.287456	0.287456	0	0	0	0	0	0	0	0	1	0	0	0	0	0	0	0	0	82	82	0	0	0	0	0	0	0	0	1	0	0	0	0	0	0	0	0	91.3933	91.3933	0	0	0	0	0	0	0	0	1	0	0	0	0	0	0	0	0	367	367	0	0	0	0	0	0	0	0	1	0	0	0	0	0	0	0	0	0	0	0	0	0	0	0	0	0	0	0	0	0	0	0	0	0	0	0	0	0	0	0	0	0	0	0	0	0	0
152	0	0	0	0	0	0	0	0	0	658	658	0	0	0	0	0	0	0	0	0.277208	0.277208	0	0	0	0	0	0	0	0	1	0	0	0	0	0	0	0	0	76	76	0	0	0	0	0	0	0	0	1	0	0	0	0	0	0	0	0	92.0056	92.0056	0	0	0	0	0	0	0	0	1	0	0	0	0	0	0	0	0	356	356	0	0	0	0	0	0	0	0	1	0	0	0	0	0	0	0	0	0	0	0	0	0	0	0	0	0	0	0	0	0	0	0	0	0	0	0	0	0	0	0	0	0	0	0	0	0	0
153	0	0	0	0	0	0	0	0	0	653	653	0	0	0	0	0	0	0	0	0.263711	0.263711	0	0	0	0	0	0	0	0	1	0	0	0	0	0	0	0	0	70	70	0	0	0	0	0	0	0	0	1	0	0	0	0	0	0	0	0	90.9072	90.9072	0	0	0	0	0	0	0	0	1	0	0	0	0	0	0	0	0	344	344	0	0	0	0	0	0	0	0	1	0	0	0	0	0	0	0	0	0	0	0	0	0	0	0	0	0	0	0	0	0	0	0	0	0	0	0	0	0	0	0	0	0	0	0	0	0	0
154	0	0	0	0	0	0	0	0	0	683	683	0	0	0	0	0	0	0	0	0.193057	0.193057	0	0	0	0	0	0	0	0	1	0	0	0	0	0	0	0	0	55	55	0	0	0	0	0	0	0	0	1	0	0	0	0	0	0	0	0	94.4428	94.4428	0	0	0	0	0	0	0	0	1	0	0	0	0	0	0	0	0	343	343	0	0	0	0	0	0	0	0	1	0	0	0	0	0	0	0	0	0	0	0	0	0	0	0	0	0	0	0	0	0	0	0	0	0	0	0	0	0	0	0	0	0	0	0	0	0	0
155	0	0	0	0	0	0	0	0	0	682	682	0	0	0	0	0	0	0	0	0.17559	0.17559	0	0	0	0	0	0	0	0	1	0	0	0	0	0	0	0	0	51	51	0	0	0	0	0	0	0	0	1	0	0	0	0	0	0	0	0	96.896	96.896	0	0	0	0	0	0	0	0	1	0	0	0	0	0	0	0	0	335	335	0	0	0	0	0	0	0	0	1	0	0	0	0	0	0	0	0	0	0	0	0	0	0	0	0	0	0	0	0	0	0	0	0	0	0	0	0	0	0	0	0	0	0	0	0	0	0
156	0	0	0	0	0	0	0	0	0	679	679	0	0	0	0	0	0	0	0	0.15357	0.15357	0	0	0	0	0	0	0	0	1	0	0	0	0	0	0	0	0	46	46	0	0	0	0	0	0	0	0	1	0	0	0	0	0	0	0	0	97.8204	97.8204	0	0	0	0	0	0	0	0	1	0	0	0	0	0	0	0	0	326	326	0	0	0	0	0	0	0	0	1	0	0	0	0	0	0	0	0	0	0	0	0	0	0	0	0	0	0	0	0	0	0	0	0	0	0	0	0	0	0	0	0	0	0	0	0	0	0
157	0	0	0	0	0	0	0	0	0	672	672	0	0	0	0	0	0	0	0	0.133549	0.133549	0	0	0	0	0	0	0	0	1	0	0	0	0	0	0	0	0	40	40	0	0	0	0	0	0	0	0	1	0	0	0	0	0	0	0	0	96.9918	96.9918	0	0	0	0	0	0	0	0	1	0	0	0	0	0	0	0	0	308	308	0	0	0	0	0	0	0	0	1	0	0	0	0	0	0	0	0	0	0	0	0	0	0	0	0	0	0	0	0	0	0	0	0	0	0	0	0	0	0	0	0	0	0	0	0	0	0
158	0	0	0	0	0	0	0	0	0	643	643	0	0	0	0	0	0	0	0	0.130647	0.130647	0	0	0	0	0	0	0	0	1	0	0	0	0	0	0	0	0	40	40	0	0	0	0	0	0	0	0	1	0	0	0	0	0	0	0	0	95.1178	95.1178	0	0	0	0	0	0	0	0	1	0	0	0	0	0	0	0	0	293	293	0	0	0	0	0	0	0	0	1	0	0	0	0	0	0	0	0	0	0	0	0	0	0	0	0	0	0	0	0	0	0	0	0	0	0	0	0	0	0	0	0	0	0	0	0	0	0
159	0	0	0	0	0	0	0	0	0	659	659	0	0	0	0	0	0	0	0	0.111461	0.111461	0	0	0	0	0	0	0	0	1	0	0	0	0	0	0	0	0	32	32	0	0	0	0	0	0	0	0	1	0	0	0	0	0	0	0	0	92.8936	92.8936	0	0	0	0	0	0	0	0	1	0	0	0	0	0	0	0	0	277	277	0	0	0	0	0	0	0	0	1	0	0	0	0	0	0	0	0	0	0	0	0	0	0	0	0	0	0	0	0	0	0	0	0	0	0	0	0	0	0	0	0	0	0	0	0	0	0
160	0	0	0	0	0	0	0	0	0	671	671	0	0	0	0	0	0	0	0	0.108823	0.108823	0	0	0	0	0	0	0	0	1	0	0	0	0	0	0	0	0	29	29	0	0	0	0	0	0	0	0	1	0	0	0	0	0	0	0	0	94.7751	94.7751	0	0	0	0	0	0	0	0	1	0	0	0	0	0	0	0	0	267	267	0	0	0	0	0	0	0	0	1	0	0	0	0	0	0	0	0	0	0	0	0	0	0	0	0	0	0	0	0	0	0	0	0	0	0	0	0	0	0	0	0	0	0	0	0	0	0
161	0	0	0	0	0	0	0	0	0	663	663	0	0	0	0	0	0	0	0	0.102784	0.102784	0	0	0	0	0	0	0	0	1	0	0	0	0	0	0	0	0	26	26	0	0	0	0	0	0	0	0	1	0	0	0	0	0	0	0	0	91.6603	91.6603	0	0	0	0	0	0	0	0	1	0	0	0	0	0	0	0	0	251	251	0	0	0	0	0	0	0	0	1	0	0	0	0	0	0	0	0	0	0	0	0	0	0	0	0	0	0	0	0	0	0	0	0	0	0	0	0	0	0	0	0	0	0	0	0	0	0
162	0	0	0	0	0	0	0	0	0	681	681	0	0	0	0	0	0	0	0	0.0718896	0.0718896	0	0	0	0	0	0	0	0	1	0	0	0	0	0	0	0	0	21	21	0	0	0	0	0	0	0	0	1	0	0	0	0	0	0	0	0	92.7993	92.7993	0	0	0	0	0	0	0	0	1	0	0	0	0	0	0	0	0	247	247	0	0	0	0	0	0	0	0	1	0	0	0	0	0	0	0	0	0	0	0	0	0	0	0	0	0	0	0	0	0	0	0	0	0	0	0	0	0	0	0	0	0	0	0	0	0	0
163	0	0	0	0	0	0	0	0	0	690	690	0	0	0	0	0	0	0	0	0.0745473	0.0745473	0	0	0	0	0	0	0	0	1	0	0	0	0	0	0	0	0	19	19	0	0	0	0	0	0	0	0	1	0	0	0	0	0	0	0	0	95.8941	95.8941	0	0	0	0	0	0	0	0	1	0	0	0	0	0	0	0	0	240	240	0	0	0	0	0	0	0	0	1	0	0	0	0	0	0	0	0	0	0	0	0	0	0	0	0	0	0	0	0	0	0	0	0	0	0	0	0	0	0	0	0	0	0	0	0	0	0
164	0	0	0	0	0	0	0	0	0	702	702	0	0	0	0	0	0	0	0	0.0551107	0.0551107	0	0	0	0	0	0	0	0	1	0	0	0	0	0	0	0	0	14	14	0	0	0	0	0	0	0	0	1	0	0	0	0	0	0	0	0	98.9767	98.9767	0	0	0	0	0	0	0	0	1	0	0	0	0	0	0	0	0	237	237	0	0	0	0	0	0	0	0	1	0	0	0	0	0	0	0	0	0	0	0	0	0	0	0	0	0	0	0	0	0	0	0	0	0	0	0	0	0	0	0	0	0	0	0	0	0	0
165	0	0	0	0	0	0	0	0	0	692	692	0	0	0	0	0	0	0	0	0.0328072	0.0328072	0	0	0	0	0	0	0	0	1	0	0	0	0	0	0	0	0	12	12	0	0	0	0	0	0	0	0	1	0	0	0	0	0	0	0	0	96.8752	96.8752	0	0	0	0	0	0	0	0	1	0	0	0	0	0	0	0	0	229	229	0	0	0	0	0	0	0	0	1	0	0	0	0	0	0	0	0	0	0	0	0	0	0	0	0	0	0	0	0	0	0	0	0	0	0	0	0	0	0	0	0	0	0	0	0	0	0
166	0	0	0	0	0	0	0	0	0	688	688	0	0	0	0	0	0	0	0	0.0271874	0.0271874	0	0	0	0	0	0	0	0	1	0	0	0	0	0	0	0	0	14	14	0	0	0	0	0	0	0	0	1	0	0	0	0	0	0	0	0	94.7497	94.7497	0	0	0	0	0	0	0	0	1	0	0	0	0	0	0	0	0	216	216	0	0	0	0	0	0	0	0	1	0	0	0	0	0	0	0	0	0	0	0	0	0	0	0	0	0	0	0	0	0	0	0	0	0	0	0	0	0	0	0	0	0	0	0	0	0	0
167	0	0	0	0	0	0	0	0	0	695	695	0	0	0	0	0	0	0	0	0.0350021	0.0350021	0	0	0	0	0	0	0	0	1	0	0	0	0	0	0	0	0	18	18	0	0	0	0	0	0	0	0	1	0	0	0	0	0	0	0	0	91.5117	91.5117	0	0	0	0	0	0	0	0	1	0	0	0	0	0	0	0	0	198	198	0	0	0	0	0	0	0	0	1	0	0	0	0	0	0	0	0	0	0	0	0	0	0	0	0	0	0	0	0	0	0	0	0	0	0	0	0	0	0	0	0	0	0	0	0	0	0
168	0	0	0	0	0	0	0	0	0	712	712	0	0	0	0	0	0	0	0	0.0397975	0.0397975	0	0	0	0	0	0	0	0	1	0	0	0	0	0	0	0	0	20	20	0	0	0	0	0	0	0	0	1	0	0	0	0	0	0	0	0	89.7493	89.7493	0	0	0	0	0	0	0	0	1	0	0	0	0	0	0	0	0	186	186	0	0	0	0	0	0	0	0	1	0	0	0	0	0	0	0	0	0	0	0	0	0	0	0	0	0	0	0	0	0	0	0	0	0	0	0	0	0	0	0	0	0	0	0	0	0	0
169	0	0	0	0	0	0	0	0	0	743	743	0	0	0	0	0	0	0	0	0.0293991	0.0293991	0	0	0	0	0	0	0	0	1	0	0	0	0	0	0	0	0	19	19	0	0	0	0	0	0	0	0	1	0	0	0	0	0	0	0	0	91.3319	91.3319	0	0	0	0	0	0	0	0	1	0	0	0	0	0	0	0	0	180	180	0	0	0	0	0	0	0	0	1	0	0	0	0	0	0	0	0	0	0	0	0	0	0	0	0	0	0	0	0	0	0	0	0	0	0	0	0	0	0	0	0	0	0	0	0	0	0
170	0	0	0	0	0	0	0	0	0	748	748	0	0	0	0	0	0	0	0	0.0310221	0.0310221	0	0	0	0	0	0	0	0	1	0	0	0	0	0	0	0	0	19	19	0	0	0	0	0	0	0	0	1	0	0	0	0	0	0	0	0	90.4002	90.4002	0	0	0	0	0	0	0	0	1	0	0	0	0	0	0	0	0	174	174	0	0	0	0	0	0	0	0	1	0	0	0	0	0	0	0	0	0	0	0	0	0	0	0	0	0	0	0	0	0	0	0	0	0	0	0	0	0	0	0	0	0	0	0	0	0	0
171	0	0	0	0	0	0	0	0	0	749	749	0	0	0	0	0	0	0	0	0.0444172	0.0444172	0	0	0	0	0	0	0	0	1	0	0	0	0	0	0	0	0	20	20	0	0	0	0	0	0	0	0	1	0	0	0	0	0	0	0	0	88.7877	88.7877	0	0	0	0	0	0	0	0	1	0	0	0	0	0	0	0	0	163	163	0	0	0	0	0	0	0	0	1	0	0	0	0	0	0	0	0	0	0	0	0	0	0	0	0	0	0	0	0	0	0	0	0	0	0	0	0	0	0	0	0	0	0	0	0	0	0
172	0	0	0	0	0	0	0	0	0	759	759	0	0	0	0	0	0	0	0	0.032793	0.032793	0	0	0	0	0	0	0	0	1	0	0	0	0	0	0	0	0	26	26	0	0	0	0	0	0	0	0	1	0	0	0	0	0	0	0	0	87.8599	87.8599	0	0	0	0	0	0	0	0	1	0	0	0	0	0	0	0	0	160	160	0	0	0	0	0	0	0	0	1	0	0	0	0	0	0	0	0	0	0	0	0	0	0	0	0	0	0	0	0	0	0	0	0	0	0	0	0	0	0	0	0	0	0	0	0	0	0
173	0	0	0	0	0	0	0	0	0	782	782	0	0	0	0	0	0	0	0	0.0357561	0.0357561	0	0	0	0	0	0	0	0	1	0	0	0	0	0	0	0	0	28	28	0	0	0	0	0	0	0	0	1	0	0	0	0	0	0	0	0	88.6121	88.6121	0	0	0	0	0	0	0	0	1	0	0	0	0	0	0	0	0	156	156	0	0	0	0	0	0	0	0	1	0	0	0	0	0	0	0	0	0	0	0	0	0	0	0	0	0	0	0	0	0	0	0	0	0	0	0	0	0	0	0	0	0	0	0	0	0	0
174	0	0	0	0	0	0	0	0	0	791	791	0	0	0	0	0	0	0	0	0.0413058	0.0413058	0	0	0	0	0	0	0	0	1	0	0	0	0	0	0	0	0	36	36	0	0	0	0	0	0	0	0	1	0	0	0	0	0	0	0	0	87.6865	87.6865	0	0	0	0	0	0	0	0	1	0	0	0	0	0	0	0	0	151	151	0	0	0	0	0	0	0	0	1	0	0	0	0	0	0	0	0	0	0	0	0	0	0	0	0	0	0	0	0	0	0	0	0	0	0	0	0	0	0	0	0	0	0	0	0	0	0
175	0	0	0	0	0	0	0	0	0	806	806	0	0	0	0	0	0	0	0	0.0549703	0.0549703	0	0	0	0	0	0	0	0	1	0	0	0	0	0	0	0	0	55	55	0	0	0	0	0	0	0	0	1	0	0	0	0	0	0	0	0	86.9701	86.9701	0	0	0	0	0	0	0	0	1	0	0	0	0	0	0	0	0	146	146	0	0	0	0	0	0	0	0	1	0	0	0	0	0	0	0	0	0	0	0	0	0	0	0	0	0	0	0	0	0	0	0	0	0	0	0	0	0	0	0	0	0	0	0	0	0	0
176	0	0	0	0	0	0	0	0	0	829	829	0	0	0	0	0	0	0	0	0.0831594	0.0831594	0	0	0	0	0	0	0	0	1	0	0	0	0	0	0	0	0	75	75	0	0	0	0	0	0	0	0	1	0	0	0	0	0	0	0	0	87.7884	87.7884	0	0	0	0	0	0	0	0	1	0	0	0	0	0	0	0	0	145	145	0	0	0	0	0	0	0	0	1	0	0	0	0	0	0	0	0	0	0	0	0	0	0	0	0	0	0	0	0	0	0	0	0	0	0	0	0	0	0	0	0	0	0	0	0	0	0
177	0	0	0	0	0	0	0	0	0	833	833	0	0	0	0	0	0	0	0	0.0925752	0.0925752	0	0	0	0	0	0	0	0	1	0	0	0	0	0	0	0	0	91	91	0	0	0	0	0	0	0	0	1	0	0	0	0	0	0	0	0	85.0458	85.0458	0	0	0	0	0	0	0	0	1	0	0	0	0	0	0	0	0	140	140	0	0	0	0	0	0	0	0	1	0	0	0	0	0	0	0	0	0	0	0	0	0	0	0	0	0	0	0	0	0	0	0	0	0	0	0	0	0	0	0	0	0	0	0	0	0	0
178	0	0	0	0	0	0	0	0	0	852	852	0	0	0	0	0	0	0	0	0.110934	0.110934	0	0	0	0	0	0	0	0	1	0	0	0	0	0	0	0	0	99	99	0	0	0	0	0	0	0	0	1	0	0	0	0	0	0	0	0	81.1904	81.1904	0	0	0	0	0	0	0	0	1	0	0	0	0	0	0	0	0	139	139	0	0	0	0	0	0	0	0	1	0	0	0	0	0	0	0	0	0	0	0	0	0	0	0	0	0	0	0	0	0	0	0	0	0	0	0	0	0	0	0	0	0	0	0	0	0	0
179	0	0	0	0	0	0	0	0	0	880	880	0	0	0	0	0	0	0	0	0.144406	0.144406	0	0	0	0	0	0	0	0	1	0	0	0	0	0	0	0	0	121	121	0	0	0	0	0	0	0	0	1	0	0	0	0	0	0	0	0	80.7746	80.7746	0	0	0	0	0	0	0	0	1	0	0	0	0	0	0	0	0	142	142	0	0	0	0	0	0	0	0	1	0	0	0	0	0	0	0	0	0	0	0	0	0	0	0	0	0	0	0	0	0	0	0	0	0	0	0	0	0	0	0	0	0	0	0	0	0	0
180	0	0	0	0	0	0	0	0	0	896	896	0	0	0	0	0	0	0	0	0.225841	0.225841	0	0	0	0	0	0	0	0	1	0	0	0	0	0	0	0	0	147	147	0	0	0	0	0	0	0	0	1	0	0	0	0	0	0	0	0	79.5657	79.5657	0	0	0	0	0	0	0	0	1	0	0	0	0	0	0	0	0	143	143	0	0	0	0	0	0	0	0	1	0	0	0	0	0	0	0	0	0	0	0	0	0	0	0	0	0	0	0	0	0	0	0	0	0	0	0	0	0	0	0	0	0	0	0	0	0	0
181	0	0	0	0	0	0	0	0	0	924	924	0	0	0	0	0	0	0	0	0.201226	0.201226	0	0	0	0	0	0	0	0	1	0	0	0	0	0	0	0	0	180	180	0	0	0	0	0	0	0	0	1	0	0	0	0	0	0	0	0	77.8911	77.8911	0	0	0	0	0	0	0	0	1	0	0	0	0	0	0	0	0	159	159	0	0	0	0	0	0	0	0	1	0	0	0	0	0	0	0	0	0	0	0	0	0	0	0	0	0	0	0	0	0	0	0	0	0	0	0	0	0	0	0	0	0	0	0	0	0	0
182	0	0	0	0	0	0	0	0	0	1002	1002	0	0	0	0	0	0	0	0	0.244778	0.244778	0	0	0	0	0	0	0	0	1	0	0	0	0	0	0	0	0	208	208	0	0	0	0	0	0	0	0	1	0	0	0	0	0	0	0	0	80.4289	80.4289	0	0	0	0	0	0	0	0	1	0	0	0	0	0	0	0	0	176	176	0	0	0	0	0	0	0	0	1	0	0	0	0	0	0	0	0	0	0	0	0	0	0	0	0	0	0	0	0	0	0	0	0	0	0	0	0	0	0	0	0	0	0	0	0	0	0
183	0	0	0	0	0	0	0	0	0	948	948	0	0	0	0	0	0	0	0	0.295525	0.295525	0	0	0	0	0	0	0	0	1	0	0	0	0	0	0	0	0	242	242	0	0	0	0	0	0	0	0	1	0	0	0	0	0	0	0	0	76.4702	76.4702	0	0	0	0	0	0	0	0	1	0	0	0	0	0	0	0	0	186	186	0	0	0	0	0	0	0	0	1	0	0	0	0	0	0	0	0	0	0	0	0	0	0	0	0	0	0	0	0	0	0	0	0	0	0	0	0	0	0	0	0	0	0	0	0	0	0
184	0	0	0	0	0	0	0	0	0	959	959	0	0	0	0	0	0	0	0	0.413281	0.413281	0	0	0	0	0	0	0	0	1	0	0	0	0	0	0	0	0	291	291	0	0	0	0	0	0	0	0	1	0	0	0	0	0	0	0	0	74.181	74.181	0	0	0	0	0	0	0	0	1	0	0	0	0	0	0	0	0	203	203	0	0	0	0	0	0	0	0	1	0	0	0	0	0	0	0	0	0	0	0	0	0	0	0	0	0	0	0	0	0	0	0	0	0	0	0	0	0	0	0	0	0	0	0	0	0	0
185	0	0	0	0	0	0	0	0	0	932	932	0	0	0	0	0	0	0	0	0.502116	0.502116	0	0	0	0	0	0	0	0	1	0	0	0	0	0	0	0	0	346	346	0	0	0	0	0	0	0	0	1	0	0	0	0	0	0	0	0	73.6563	73.6563	0	0	0	0	0	0	0	0	1	0	0	0	0	0	0	0	0	231	231	0	0	0	0	0	0	0	0	1	0	0	0	0	0	0	0	0	0	0	0	0	0	0	0	0	0	0	0	0	0	0	0	0	0	0	0	0	0	0	0	0	0	0	0	0	0	0
186	0	0	0	0	0	0	0	0	0	977	977	0	0	0	0	0	0	0	0	0.603329	0.603329	0	0	0	0	0	0	0	0	1	0	0	0	0	0	0	0	0	383	383	0	0	0	0	0	0	0	0	1	0	0	0	0	0	0	0	0	76.241	76.241	0	0	0	0	0	0	0	0	1	0	0	0	0	0	0	0	0	268	268	0	0	0	0	0	0	0	0	1	0	0	0	0	0	0	0	0	0	0	0	0	0	0	0	0	0	0	0	0	0	0	0	0	0	0	0	0	0	0	0	0	0	0	0	0	0	0
187	0	0	0	0	0	0	0	0	0	965	965	0	0	0	0	0	0	0	0	0.602656	0.602656	0	0	0	0	0	0	0	0	1	0	0	0	0	0	0	0	0	409	409	0	0	0	0	0	0	0	0	1	0	0	0	0	0	0	0	0	80.4477	80.4477	0	0	0	0	0	0	0	0	1	0	0	0	0	0	0	0	0	316	316	0	0	0	0	0	0	0	0	1	0	0	0	0	0	0	0	0	0	0	0	0	0	0	0	0	0	0	0	0	0	0	0	0	0	0	0	0	0	0	0	0	0	0	0	0	0	0
188	0	0	0	0	0	0	0	0	0	947	947	0	0	0	0	0	0	0	0	0.679615	0.679615	0	0	0	0	0	0	0	0	1	0	0	0	0	0	0	0	0	414	414	0	0	0	0	0	0	0	0	1	0	0	0	0	0	0	0	0	83.211	83.211	0	0	0	0	0	0	0	0	1	0	0	0	0	0	0	0	0	351	351	0	0	0	0	0	0	0	0	1	0	0	0	0	0	0	0	0	0	0	0	0	0	0	0	0	0	0	0	0	0	0	0	0	0	0	0	0	0	0	0	0	0	0	0	0	0	0
189	0	0	0	0	0	0	0	0	0	888	888	0	0	0	0	0	0	0	0	0.6633	0.6633	0	0	0	0	0	0	0	0	1	0	0	0	0	0	0	0	0	397	397	0	0	0	0	0	0	0	0	1	0	0	0	0	0	0	0	0	85.1998	85.1998	0	0	0	0	0	0	0	0	1	0	0	0	0	0	0	0	0	390	390	0	0	0	0	0	0	0	0	1	0	0	0	0	0	0	0	0	0	0	0	0	0	0	0	0	0	0	0	0	0	0	0	0	0	0	0	0	0	0	0	0	0	0	0	0	0	0
190	0	0	0	0	0	0	0	0	0	878	878	0	0	0	0	0	0	0	0	0.687225	0.687225	0	0	0	0	0	0	0	0	1	0	0	0	0	0	0	0	0	394	394	0	0	0	0	0	0	0	0	1	0	0	0	0	0	0	0	0	89.7823	89.7823	0	0	0	0	0	0	0	0	1	0	0	0	0	0	0	0	0	407	407	0	0	0	0	0	0	0	0	1	0	0	0	0	0	0	0	0	0	0	0	0	0	0	0	0	0	0	0	0	0	0	0	0	0	0	0	0	0	0	0	0	0	0	0	0	0	0
191	0	0	0	0	0	0	0	0	0	829	829	0	0	0	0	0	0	0	0	0.652382	0.652382	0	0	0	0	0	0	0	0	1	0	0	0	0	0	0	0	0	365	365	0	0	0	0	0	0	0	0	1	0	0	0	0	0	0	0	0	92.7179	92.7179	0	0	0	0	0	0	0	0	1	0	0	0	0	0	0	0	0	428	428	0	0	0	0	0	0	0	0	1	0	0	0	0	0	0	0	0	0	0	0	0	0	0	0	0	0	0	0	0	0	0	0	0	0	0	0	0	0	0	0	0	0	0	0	0	0	0
192	0	0	0	0	0	0	0	0	0	827	827	0	0	0	0	0	0	0	0	0.691549	0.691549	0	0	0	0	0	0	0	0	1	0	0	0	0	0	0	0	0	344	344	0	0	0	0	0	0	0	0	1	0	0	0	0	0	0	0	0	97.1514	97.1514	0	0	0	0	0	0	0	0	1	0	0	0	0	0	0	0	0	429	429	0	0	0	0	0	0	0	0	1	0	0	0	0	0	0	0	0	0	0	0	0	0	0	0	0	0	0	0	0	0	0	0	0	0	0	0	0	0	0	0	0	0	0	0	0	0	0
193	0	0	0	0	0	0	0	0	0	791	791	0	0	0	0	0	0	0	0	0.63523	0.63523	0	0	0	0	0	0	0	0	1	0	0	0	0	0	0	0	0	311	311	0	0	0	0	0	0	0	0	1	0	0	0	0	0	0	0	0	100.457	100.457	0	0	0	0	0	0	0	0	1	0	0	0	0	0	0	0	0	435	435	0	0	0	0	0	0	0	0	1	0	0	0	0	0	0	0	0	0	0	0	0	0	0	0	0	0	0	0	0	0	0	0	0	0	0	0	0	0	0	0	0	0	0	0	0	0	0
194	0	0	0	0	0	0	0	0	0	762	762	0	0	0	0	0	0	0	0	0.646097	0.646097	0	0	0	0	0	0	0	0	1	0	0	0	0	0	0	0	0	287	287	0	0	0	0	0	0	0	0	1	0	0	0	0	0	0	0	0	99.6966	99.6966	0	0	0	0	0	0	0	0	1	0	0	0	0	0	0	0	0	417	417	0	0	0	0	0	0	0	0	1	0	0	0	0	0	0	0	0	0	0	0	0	0	0	0	0	0	0	0	0	0	0	0	0	0	0	0	0	0	0	0	0	0	0	0	0	0	0
195	0	0	0	0	0	0	0	0	0	790	790	0	0	0	0	0	0	0	0	0.615906	0.615906	0	0	0	0	0	0	0	0	1	0	0	0	0	0	0	0	0	261	261	0	0	0	0	0	0	0	0	1	0	0	0	0	0	0	0	0	102.57	102.57	0	0	0	0	0	0	0	0	1	0	0	0	0	0	0	0	0	418	418	0	0	0	0	0	0	0	0	1	0	0	0	0	0	0	0	0	0	0	0	0	0	0	0	0	0	0	0	0	0	0	0	0	0	0	0	0	0	0	0	0	0	0	0	0	0	0
196	0	0	0	0	0	0	0	0	0	793	793	0	0	0	0	0	0	0	0	0.575113	0.575113	0	0	0	0	0	0	0	0	1	0	0	0	0	0	0	0	0	241	241	0	0	0	0	0	0	0	0	1	0	0	0	0	0	0	0	0	106.231	106.231	0	0	0	0	0	0	0	0	1	0	0	0	0	0	0	0	0	419	419	0	0	0	0	0	0	0	0	1	0	0	0	0	0	0	0	0	0	0	0	0	0	0	0	0	0	0	0	0	0	0	0	0	0	0	0	0	0	0	0	0	0	0	0	0	0	0
197	0	0	0	0	0	0	0	0	0	781	781	0	0	0	0	0	0	0	0	0.575279	0.575279	0	0	0	0	0	0	0	0	1	0	0	0	0	0	0	0	0	215	215	0	0	0	0	0	0	0	0	1	0	0	0	0	0	0	0	0	107.517	107.517	0	0	0	0	0	0	0	0	1	0	0	0	0	0	0	0	0	414	414	0	0	0	0	0	0	0	0	1	0	0	0	0	0	0	0	0	0	0	0	0	0	0	0	0	0	0	0	0	0	0	0	0	0	0	0	0	0	0	0	0	0	0	0	0	0	0
198	0	0	0	0	0	0	0	0	0	772	772	0	0	0	0	0	0	0	0	0.568026	0.568026	0	0	0	0	0	0	0	0	1	0	0	0	0	0	0	0	0	200	200	0	0	0	0	0	0	0	0	1	0	0	0	0	0	0	0	0	108.877	108.877	0	0	0	0	0	0	0	0	1	0	0	0	0	0	0	0	0	412	412	0	0	0	0	0	0	0	0	1	0	0	0	0	0	0	0	0	0	0	0	0	0	0	0	0	0	0	0	0	0	0	0	0	0	0	0	0	0	0	0	0	0	0	0	0	0	0
199	0	0	0	0	0	0	0	0	0	749	749	0	0	0	0	0	0	0	0	0.495606	0.495606	0	0	0	0	0	0	0	0	1	0	0	0	0	0	0	0	0	177	177	0	0	0	0	0	0	0	0	1	0	0	0	0	0	0	0	0	107.053	107.053	0	0	0	0	0	0	0	0	1	0	0	0	0	0	0	0	0	405	405	0	0	0	0	0	0	0	0	1	0	0	0	0	0	0	0	0	0	0	0	0	0	0	0	0	0	0	0	0	0	0	0	0	0	0	0	0	0	0	0	0	0	0	0	0	0	0
200	0	0	0	0	0	0	0	0	0	729	729	0	0	0	0	0	0	0	0	0.453676	0.453676	0	0	0	0	0	0	0	0	1	0	0	0	0	0	0	0	0	155	155	0	0	0	0	0	0	0	0	1	0	0	0	0	0	0	0	0	105.879	105.879	0	0	0	0	0	0	0	0	1	0	0	0	0	0	0	0	0	393	393	0	0	0	0	0	0	0	0	1	0	0	0	0	0	0	0	0	0	0	0	0	0	0	0	0	0	0	0	0	0	0	0	0	0	0	0	0	0	0	0	0	0	0	0	0	0	0
