Location: Fake forest
From parameter file: C:\Users\ben\Desktop\inputs\input_GMF_0-0-1-0-0-0-0-0-0.xml
Basal area is normalized to m^2/ha; density to #/ha.
Subplots:
0 = Whole plot
Step	Subplot	Sdl Abs Den: ACRU	Sdl Abs Den: ACSA	Sdl Abs Den: BEAL	Sdl Abs Den: FAGR	Sdl Abs Den: TSCA	Sdl Abs Den: FRAM	Sdl Abs Den: PIST	Sdl Abs Den: PRSE	Sdl Abs Den: QURU	Sdl Den Total:	Sapl Abs BA: ACRU	Sapl Abs BA: ACSA	Sapl Abs BA: BEAL	Sapl Abs BA: FAGR	Sapl Abs BA: TSCA	Sapl Abs BA: FRAM	Sapl Abs BA: PIST	Sapl Abs BA: PRSE	Sapl Abs BA: QURU	Sapl BA Total:	Sapl Rel BA: ACRU	Sapl Rel BA: ACSA	Sapl Rel BA: BEAL	Sapl Rel BA: FAGR	Sapl Rel BA: TSCA	Sapl Rel BA: FRAM	Sapl Rel BA: PIST	Sapl Rel BA: PRSE	Sapl Rel BA: QURU	Sapl Abs Den: ACRU	Sapl Abs Den: ACSA	Sapl Abs Den: BEAL	Sapl Abs Den: FAGR	Sapl Abs Den: TSCA	Sapl Abs Den: FRAM	Sapl Abs Den: PIST	Sapl Abs Den: PRSE	Sapl Abs Den: QURU	Sapl Den Total:	Sapl Rel Den: ACRU	Sapl Rel Den: ACSA	Sapl Rel Den: BEAL	Sapl Rel Den: FAGR	Sapl Rel Den: TSCA	Sapl Rel Den: FRAM	Sapl Rel Den: PIST	Sapl Rel Den: PRSE	Sapl Rel Den: QURU	Adult Abs BA: ACRU	Adult Abs BA: ACSA	Adult Abs BA: BEAL	Adult Abs BA: FAGR	Adult Abs BA: TSCA	Adult Abs BA: FRAM	Adult Abs BA: PIST	Adult Abs BA: PRSE	Adult Abs BA: QURU	Adult BA Total:	Adult Rel BA: ACRU	Adult Rel BA: ACSA	Adult Rel BA: BEAL	Adult Rel BA: FAGR	Adult Rel BA: TSCA	Adult Rel BA: FRAM	Adult Rel BA: PIST	Adult Rel BA: PRSE	Adult Rel BA: QURU	Adult Abs Den: ACRU	Adult Abs Den: ACSA	Adult Abs Den: BEAL	Adult Abs Den: FAGR	Adult Abs Den: TSCA	Adult Abs Den: FRAM	Adult Abs Den: PIST	Adult Abs Den: PRSE	Adult Abs Den: QURU	Adult Den Total:	Adult Rel Den: ACRU	Adult Rel Den: ACSA	Adult Rel Den: BEAL	Adult Rel Den: FAGR	Adult Rel Den: TSCA	Adult Rel Den: FRAM	Adult Rel Den: PIST	Adult Rel Den: PRSE	Adult Rel Den: QURU	Snag Abs BA: ACRU	Snag Abs BA: ACSA	Snag Abs BA: BEAL	Snag Abs BA: FAGR	Snag Abs BA: TSCA	Snag Abs BA: FRAM	Snag Abs BA: PIST	Snag Abs BA: PRSE	Snag Abs BA: QURU	Snag BA Total:	Snag Rel BA: ACRU	Snag Rel BA: ACSA	Snag Rel BA: BEAL	Snag Rel BA: FAGR	Snag Rel BA: TSCA	Snag Rel BA: FRAM	Snag Rel BA: PIST	Snag Rel BA: PRSE	Snag Rel BA: QURU	Snag Abs Den: ACRU	Snag Abs Den: ACSA	Snag Abs Den: BEAL	Snag Abs Den: FAGR	Snag Abs Den: TSCA	Snag Abs Den: FRAM	Snag Abs Den: PIST	Snag Abs Den: PRSE	Snag Abs Den: QURU	Snag Den Total:	Snag Rel Den: ACRU	Snag Rel Den: ACSA	Snag Rel Den: BEAL	Snag Rel Den: FAGR	Snag Rel Den: TSCA	Snag Rel Den: FRAM	Snag Rel Den: PIST	Snag Rel Den: PRSE	Snag Rel Den: QURU
0	0	0	0	0	0	0	0	0	0	0	0	0	0	0.000728596	0	0	0	0	0	0	0.000728596	0	0	1	0	0	0	0	0	0	0	0	25	0	0	0	0	0	0	25	0	0	1	0	0	0	0	0	0	0	0	0	0	0	0	0	0	0	0	0	0	0	0	0	0	0	0	0	0	0	0	0	0	0	0	0	0	0	0	0	0	0	0	0	0	0	0	0	0	0	0	0	0	0	0	0	0	0	0	0	0	0	0	0	0	0	0	0	0	0	0	0	0	0	0	0	0	0	0	0	0	0	0	0	0
1	0	0	0	0	0	0	0	0	0	0	0	0	0	0.00303543	0	0	0	0	0	0	0.00303543	0	0	1	0	0	0	0	0	0	0	0	19	0	0	0	0	0	0	19	0	0	1	0	0	0	0	0	0	0	0	0	0	0	0	0	0	0	0	0	0	0	0	0	0	0	0	0	0	0	0	0	0	0	0	0	0	0	0	0	0	0	0	0	0	0	0	0	0	0	0	0	0	0	0	0	0	0	0	0	0	0	0	0	0	0	0	0	0	0	0	0	0	0	0	0	0	0	0	0	0	0	0	0	0
2	0	0	0	0	0	0	0	0	0	0	0	0	0	0.0135619	0	0	0	0	0	0	0.0135619	0	0	1	0	0	0	0	0	0	0	0	18	0	0	0	0	0	0	18	0	0	1	0	0	0	0	0	0	0	0	0	0	0	0	0	0	0	0	0	0	0	0	0	0	0	0	0	0	0	0	0	0	0	0	0	0	0	0	0	0	0	0	0	0	0	0	0	0	0	0	0	0	0	0	0	0	0	0	0	0	0	0	0	0	0	0	0	0	0	0	0	0	0	0	0	0	0	0	0	0	0	0	0	0
3	0	0	0	0	0	0	0	0	0	0	0	0	0	0.063493	0	0	0	0	0	0	0.063493	0	0	1	0	0	0	0	0	0	0	0	18	0	0	0	0	0	0	18	0	0	1	0	0	0	0	0	0	0	0	0	0	0	0	0	0	0	0	0	0	0	0	0	0	0	0	0	0	0	0	0	0	0	0	0	0	0	0	0	0	0	0	0	0	0	0	0	0	0	0	0	0	0	0	0	0	0	0	0	0	0	0	0	0	0	0	0	0	0	0	0	0	0	0	0	0	0	0	0	0	0	0	0	0
4	0	0	0	2	0	0	0	0	0	0	2	0	0	0.0175081	0	0	0	0	0	0	0.0175081	0	0	1	0	0	0	0	0	0	0	0	4	0	0	0	0	0	0	4	0	0	1	0	0	0	0	0	0	0	0	0.246742	0	0	0	0	0	0	0.246742	0	0	1	0	0	0	0	0	0	0	0	13	0	0	0	0	0	0	13	0	0	1	0	0	0	0	0	0	0	0	0	0	0	0	0	0	0	0	0	0	0	0	0	0	0	0	0	0	0	0	0	0	0	0	0	0	0	0	0	0	0	0	0	0	0	0
5	0	0	0	7	0	0	0	0	0	0	7	0	0	0	0	0	0	0	0	0	0	0	0	0	0	0	0	0	0	0	0	0	0	0	0	0	0	0	0	0	0	0	0	0	0	0	0	0	0	0	0	0.736027	0	0	0	0	0	0	0.736027	0	0	1	0	0	0	0	0	0	0	0	17	0	0	0	0	0	0	17	0	0	1	0	0	0	0	0	0	0	0	0	0	0	0	0	0	0	0	0	0	0	0	0	0	0	0	0	0	0	0	0	0	0	0	0	0	0	0	0	0	0	0	0	0	0	0
6	0	0	0	9	0	0	0	0	0	0	9	0	0	0	0	0	0	0	0	0	0	0	0	0	0	0	0	0	0	0	0	0	0	0	0	0	0	0	0	0	0	0	0	0	0	0	0	0	0	0	0	1.20901	0	0	0	0	0	0	1.20901	0	0	1	0	0	0	0	0	0	0	0	17	0	0	0	0	0	0	17	0	0	1	0	0	0	0	0	0	0	0	0	0	0	0	0	0	0	0	0	0	0	0	0	0	0	0	0	0	0	0	0	0	0	0	0	0	0	0	0	0	0	0	0	0	0	0
7	0	0	0	16	0	0	0	0	0	0	16	0	0	0.000181395	0	0	0	0	0	0	0.000181395	0	0	1	0	0	0	0	0	0	0	0	1	0	0	0	0	0	0	1	0	0	1	0	0	0	0	0	0	0	0	1.64385	0	0	0	0	0	0	1.64385	0	0	1	0	0	0	0	0	0	0	0	17	0	0	0	0	0	0	17	0	0	1	0	0	0	0	0	0	0	0	0	0	0	0	0	0	0	0	0	0	0	0	0	0	0	0	0	0	0	0	0	0	0	0	0	0	0	0	0	0	0	0	0	0	0	0
8	0	0	0	22	0	0	0	0	0	0	22	0	0	0.000849401	0	0	0	0	0	0	0.000849401	0	0	1	0	0	0	0	0	0	0	0	1	0	0	0	0	0	0	1	0	0	1	0	0	0	0	0	0	0	0	1.95286	0	0	0	0	0	0	1.95286	0	0	1	0	0	0	0	0	0	0	0	16	0	0	0	0	0	0	16	0	0	1	0	0	0	0	0	0	0	0	0	0	0	0	0	0	0	0	0	0	0	0	0	0	0	0	0	0	0	0	0	0	0	0	0	0	0	0	0	0	0	0	0	0	0	0
9	0	0	0	27	0	0	0	0	0	0	27	0	0	0.00451806	0	0	0	0	0	0	0.00451806	0	0	1	0	0	0	0	0	0	0	0	4	0	0	0	0	0	0	4	0	0	1	0	0	0	0	0	0	0	0	2.34822	0	0	0	0	0	0	2.34822	0	0	1	0	0	0	0	0	0	0	0	16	0	0	0	0	0	0	16	0	0	1	0	0	0	0	0	0	0	0	0	0	0	0	0	0	0	0	0	0	0	0	0	0	0	0	0	0	0	0	0	0	0	0	0	0	0	0	0	0	0	0	0	0	0	0
10	0	0	0	31	0	0	0	0	0	0	31	0	0	0.00241152	0	0	0	0	0	0	0.00241152	0	0	1	0	0	0	0	0	0	0	0	6	0	0	0	0	0	0	6	0	0	1	0	0	0	0	0	0	0	0	2.75907	0	0	0	0	0	0	2.75907	0	0	1	0	0	0	0	0	0	0	0	17	0	0	0	0	0	0	17	0	0	1	0	0	0	0	0	0	0	0	0	0	0	0	0	0	0	0	0	0	0	0	0	0	0	0	0	0	0	0	0	0	0	0	0	0	0	0	0	0	0	0	0	0	0	0
11	0	0	0	36	0	0	0	0	0	0	36	0	0	0.0119827	0	0	0	0	0	0	0.0119827	0	0	1	0	0	0	0	0	0	0	0	10	0	0	0	0	0	0	10	0	0	1	0	0	0	0	0	0	0	0	2.7883	0	0	0	0	0	0	2.7883	0	0	1	0	0	0	0	0	0	0	0	15	0	0	0	0	0	0	15	0	0	1	0	0	0	0	0	0	0	0	0	0	0	0	0	0	0	0	0	0	0	0	0	0	0	0	0	0	0	0	0	0	0	0	0	0	0	0	0	0	0	0	0	0	0	0
12	0	0	0	37	0	0	0	0	0	0	37	0	0	0.0205324	0	0	0	0	0	0	0.0205324	0	0	1	0	0	0	0	0	0	0	0	17	0	0	0	0	0	0	17	0	0	1	0	0	0	0	0	0	0	0	3.19156	0	0	0	0	0	0	3.19156	0	0	1	0	0	0	0	0	0	0	0	17	0	0	0	0	0	0	17	0	0	1	0	0	0	0	0	0	0	0	0	0	0	0	0	0	0	0	0	0	0	0	0	0	0	0	0	0	0	0	0	0	0	0	0	0	0	0	0	0	0	0	0	0	0	0
13	0	0	0	40	0	0	0	0	0	0	40	0	0	0.0239908	0	0	0	0	0	0	0.0239908	0	0	1	0	0	0	0	0	0	0	0	19	0	0	0	0	0	0	19	0	0	1	0	0	0	0	0	0	0	0	3.46842	0	0	0	0	0	0	3.46842	0	0	1	0	0	0	0	0	0	0	0	20	0	0	0	0	0	0	20	0	0	1	0	0	0	0	0	0	0	0	0	0	0	0	0	0	0	0	0	0	0	0	0	0	0	0	0	0	0	0	0	0	0	0	0	0	0	0	0	0	0	0	0	0	0	0
14	0	0	0	53	0	0	0	0	0	0	53	0	0	0.035774	0	0	0	0	0	0	0.035774	0	0	1	0	0	0	0	0	0	0	0	15	0	0	0	0	0	0	15	0	0	1	0	0	0	0	0	0	0	0	4.0557	0	0	0	0	0	0	4.0557	0	0	1	0	0	0	0	0	0	0	0	24	0	0	0	0	0	0	24	0	0	1	0	0	0	0	0	0	0	0	0	0	0	0	0	0	0	0	0	0	0	0	0	0	0	0	0	0	0	0	0	0	0	0	0	0	0	0	0	0	0	0	0	0	0	0
15	0	0	0	53	0	0	0	0	0	0	53	0	0	0.0224962	0	0	0	0	0	0	0.0224962	0	0	1	0	0	0	0	0	0	0	0	15	0	0	0	0	0	0	15	0	0	1	0	0	0	0	0	0	0	0	4.21139	0	0	0	0	0	0	4.21139	0	0	1	0	0	0	0	0	0	0	0	29	0	0	0	0	0	0	29	0	0	1	0	0	0	0	0	0	0	0	0	0	0	0	0	0	0	0	0	0	0	0	0	0	0	0	0	0	0	0	0	0	0	0	0	0	0	0	0	0	0	0	0	0	0	0
16	0	0	0	56	0	0	0	0	0	0	56	0	0	0.0162455	0	0	0	0	0	0	0.0162455	0	0	1	0	0	0	0	0	0	0	0	22	0	0	0	0	0	0	22	0	0	1	0	0	0	0	0	0	0	0	4.84064	0	0	0	0	0	0	4.84064	0	0	1	0	0	0	0	0	0	0	0	32	0	0	0	0	0	0	32	0	0	1	0	0	0	0	0	0	0	0	0	0	0	0	0	0	0	0	0	0	0	0	0	0	0	0	0	0	0	0	0	0	0	0	0	0	0	0	0	0	0	0	0	0	0	0
17	0	0	0	62	0	0	0	0	0	0	62	0	0	0.0416104	0	0	0	0	0	0	0.0416104	0	0	1	0	0	0	0	0	0	0	0	27	0	0	0	0	0	0	27	0	0	1	0	0	0	0	0	0	0	0	5.55208	0	0	0	0	0	0	5.55208	0	0	1	0	0	0	0	0	0	0	0	33	0	0	0	0	0	0	33	0	0	1	0	0	0	0	0	0	0	0	0	0	0	0	0	0	0	0	0	0	0	0	0	0	0	0	0	0	0	0	0	0	0	0	0	0	0	0	0	0	0	0	0	0	0	0
18	0	0	0	66	0	0	0	0	0	0	66	0	0	0.0505443	0	0	0	0	0	0	0.0505443	0	0	1	0	0	0	0	0	0	0	0	28	0	0	0	0	0	0	28	0	0	1	0	0	0	0	0	0	0	0	6.3623	0	0	0	0	0	0	6.3623	0	0	1	0	0	0	0	0	0	0	0	39	0	0	0	0	0	0	39	0	0	1	0	0	0	0	0	0	0	0	0	0	0	0	0	0	0	0	0	0	0	0	0	0	0	0	0	0	0	0	0	0	0	0	0	0	0	0	0	0	0	0	0	0	0	0
19	0	0	0	81	0	0	0	0	0	0	81	0	0	0.0381404	0	0	0	0	0	0	0.0381404	0	0	1	0	0	0	0	0	0	0	0	23	0	0	0	0	0	0	23	0	0	1	0	0	0	0	0	0	0	0	7.54955	0	0	0	0	0	0	7.54955	0	0	1	0	0	0	0	0	0	0	0	49	0	0	0	0	0	0	49	0	0	1	0	0	0	0	0	0	0	0	0	0	0	0	0	0	0	0	0	0	0	0	0	0	0	0	0	0	0	0	0	0	0	0	0	0	0	0	0	0	0	0	0	0	0	0
20	0	0	0	97	0	0	0	0	0	0	97	0	0	0.0300188	0	0	0	0	0	0	0.0300188	0	0	1	0	0	0	0	0	0	0	0	25	0	0	0	0	0	0	25	0	0	1	0	0	0	0	0	0	0	0	8.50543	0	0	0	0	0	0	8.50543	0	0	1	0	0	0	0	0	0	0	0	55	0	0	0	0	0	0	55	0	0	1	0	0	0	0	0	0	0	0	0	0	0	0	0	0	0	0	0	0	0	0	0	0	0	0	0	0	0	0	0	0	0	0	0	0	0	0	0	0	0	0	0	0	0	0
21	0	0	0	107	0	0	0	0	0	0	107	0	0	0.0331438	0	0	0	0	0	0	0.0331438	0	0	1	0	0	0	0	0	0	0	0	29	0	0	0	0	0	0	29	0	0	1	0	0	0	0	0	0	0	0	9.54007	0	0	0	0	0	0	9.54007	0	0	1	0	0	0	0	0	0	0	0	58	0	0	0	0	0	0	58	0	0	1	0	0	0	0	0	0	0	0	0	0	0	0	0	0	0	0	0	0	0	0	0	0	0	0	0	0	0	0	0	0	0	0	0	0	0	0	0	0	0	0	0	0	0	0
22	0	0	0	113	0	0	0	0	0	0	113	0	0	0.0537322	0	0	0	0	0	0	0.0537322	0	0	1	0	0	0	0	0	0	0	0	39	0	0	0	0	0	0	39	0	0	1	0	0	0	0	0	0	0	0	10.4878	0	0	0	0	0	0	10.4878	0	0	1	0	0	0	0	0	0	0	0	62	0	0	0	0	0	0	62	0	0	1	0	0	0	0	0	0	0	0	0	0	0	0	0	0	0	0	0	0	0	0	0	0	0	0	0	0	0	0	0	0	0	0	0	0	0	0	0	0	0	0	0	0	0	0
23	0	0	0	116	0	0	0	0	0	0	116	0	0	0.0510196	0	0	0	0	0	0	0.0510196	0	0	1	0	0	0	0	0	0	0	0	47	0	0	0	0	0	0	47	0	0	1	0	0	0	0	0	0	0	0	11.2663	0	0	0	0	0	0	11.2663	0	0	1	0	0	0	0	0	0	0	0	69	0	0	0	0	0	0	69	0	0	1	0	0	0	0	0	0	0	0	0	0	0	0	0	0	0	0	0	0	0	0	0	0	0	0	0	0	0	0	0	0	0	0	0	0	0	0	0	0	0	0	0	0	0	0
24	0	0	0	135	0	0	0	0	0	0	135	0	0	0.0673195	0	0	0	0	0	0	0.0673195	0	0	1	0	0	0	0	0	0	0	0	53	0	0	0	0	0	0	53	0	0	1	0	0	0	0	0	0	0	0	13.201	0	0	0	0	0	0	13.201	0	0	1	0	0	0	0	0	0	0	0	79	0	0	0	0	0	0	79	0	0	1	0	0	0	0	0	0	0	0	0	0	0	0	0	0	0	0	0	0	0	0	0	0	0	0	0	0	0	0	0	0	0	0	0	0	0	0	0	0	0	0	0	0	0	0
25	0	0	0	155	0	0	0	0	0	0	155	0	0	0.0862236	0	0	0	0	0	0	0.0862236	0	0	1	0	0	0	0	0	0	0	0	50	0	0	0	0	0	0	50	0	0	1	0	0	0	0	0	0	0	0	15.0064	0	0	0	0	0	0	15.0064	0	0	1	0	0	0	0	0	0	0	0	89	0	0	0	0	0	0	89	0	0	1	0	0	0	0	0	0	0	0	0	0	0	0	0	0	0	0	0	0	0	0	0	0	0	0	0	0	0	0	0	0	0	0	0	0	0	0	0	0	0	0	0	0	0	0
26	0	0	0	167	0	0	0	0	0	0	167	0	0	0.0667147	0	0	0	0	0	0	0.0667147	0	0	1	0	0	0	0	0	0	0	0	48	0	0	0	0	0	0	48	0	0	1	0	0	0	0	0	0	0	0	15.7599	0	0	0	0	0	0	15.7599	0	0	1	0	0	0	0	0	0	0	0	99	0	0	0	0	0	0	99	0	0	1	0	0	0	0	0	0	0	0	0	0	0	0	0	0	0	0	0	0	0	0	0	0	0	0	0	0	0	0	0	0	0	0	0	0	0	0	0	0	0	0	0	0	0	0
27	0	0	0	186	0	0	0	0	0	0	186	0	0	0.0468549	0	0	0	0	0	0	0.0468549	0	0	1	0	0	0	0	0	0	0	0	52	0	0	0	0	0	0	52	0	0	1	0	0	0	0	0	0	0	0	17.0722	0	0	0	0	0	0	17.0722	0	0	1	0	0	0	0	0	0	0	0	110	0	0	0	0	0	0	110	0	0	1	0	0	0	0	0	0	0	0	0	0	0	0	0	0	0	0	0	0	0	0	0	0	0	0	0	0	0	0	0	0	0	0	0	0	0	0	0	0	0	0	0	0	0	0
28	0	0	0	204	0	0	0	0	0	0	204	0	0	0.0753292	0	0	0	0	0	0	0.0753292	0	0	1	0	0	0	0	0	0	0	0	68	0	0	0	0	0	0	68	0	0	1	0	0	0	0	0	0	0	0	19.7354	0	0	0	0	0	0	19.7354	0	0	1	0	0	0	0	0	0	0	0	116	0	0	0	0	0	0	116	0	0	1	0	0	0	0	0	0	0	0	0	0	0	0	0	0	0	0	0	0	0	0	0	0	0	0	0	0	0	0	0	0	0	0	0	0	0	0	0	0	0	0	0	0	0	0
29	0	0	0	235	0	0	0	0	0	0	235	0	0	0.104798	0	0	0	0	0	0	0.104798	0	0	1	0	0	0	0	0	0	0	0	74	0	0	0	0	0	0	74	0	0	1	0	0	0	0	0	0	0	0	21.8193	0	0	0	0	0	0	21.8193	0	0	1	0	0	0	0	0	0	0	0	126	0	0	0	0	0	0	126	0	0	1	0	0	0	0	0	0	0	0	0	0	0	0	0	0	0	0	0	0	0	0	0	0	0	0	0	0	0	0	0	0	0	0	0	0	0	0	0	0	0	0	0	0	0	0
30	0	0	0	249	0	0	0	0	0	0	249	0	0	0.102239	0	0	0	0	0	0	0.102239	0	0	1	0	0	0	0	0	0	0	0	76	0	0	0	0	0	0	76	0	0	1	0	0	0	0	0	0	0	0	23.5455	0	0	0	0	0	0	23.5455	0	0	1	0	0	0	0	0	0	0	0	138	0	0	0	0	0	0	138	0	0	1	0	0	0	0	0	0	0	0	0	0	0	0	0	0	0	0	0	0	0	0	0	0	0	0	0	0	0	0	0	0	0	0	0	0	0	0	0	0	0	0	0	0	0	0
31	0	0	0	288	0	0	0	0	0	0	288	0	0	0.113734	0	0	0	0	0	0	0.113734	0	0	1	0	0	0	0	0	0	0	0	89	0	0	0	0	0	0	89	0	0	1	0	0	0	0	0	0	0	0	26.4448	0	0	0	0	0	0	26.4448	0	0	1	0	0	0	0	0	0	0	0	153	0	0	0	0	0	0	153	0	0	1	0	0	0	0	0	0	0	0	0	0	0	0	0	0	0	0	0	0	0	0	0	0	0	0	0	0	0	0	0	0	0	0	0	0	0	0	0	0	0	0	0	0	0	0
32	0	0	0	311	0	0	0	0	0	0	311	0	0	0.133023	0	0	0	0	0	0	0.133023	0	0	1	0	0	0	0	0	0	0	0	96	0	0	0	0	0	0	96	0	0	1	0	0	0	0	0	0	0	0	29.8551	0	0	0	0	0	0	29.8551	0	0	1	0	0	0	0	0	0	0	0	168	0	0	0	0	0	0	168	0	0	1	0	0	0	0	0	0	0	0	0	0	0	0	0	0	0	0	0	0	0	0	0	0	0	0	0	0	0	0	0	0	0	0	0	0	0	0	0	0	0	0	0	0	0	0
33	0	0	0	347	0	0	0	0	0	0	347	0	0	0.13401	0	0	0	0	0	0	0.13401	0	0	1	0	0	0	0	0	0	0	0	109	0	0	0	0	0	0	109	0	0	1	0	0	0	0	0	0	0	0	33.2819	0	0	0	0	0	0	33.2819	0	0	1	0	0	0	0	0	0	0	0	184	0	0	0	0	0	0	184	0	0	1	0	0	0	0	0	0	0	0	0	0	0	0	0	0	0	0	0	0	0	0	0	0	0	0	0	0	0	0	0	0	0	0	0	0	0	0	0	0	0	0	0	0	0	0
34	0	0	0	376	0	0	0	0	0	0	376	0	0	0.171653	0	0	0	0	0	0	0.171653	0	0	1	0	0	0	0	0	0	0	0	111	0	0	0	0	0	0	111	0	0	1	0	0	0	0	0	0	0	0	36.9419	0	0	0	0	0	0	36.9419	0	0	1	0	0	0	0	0	0	0	0	198	0	0	0	0	0	0	198	0	0	1	0	0	0	0	0	0	0	0	0	0	0	0	0	0	0	0	0	0	0	0	0	0	0	0	0	0	0	0	0	0	0	0	0	0	0	0	0	0	0	0	0	0	0	0
35	0	0	0	415	0	0	0	0	0	0	415	0	0	0.173898	0	0	0	0	0	0	0.173898	0	0	1	0	0	0	0	0	0	0	0	114	0	0	0	0	0	0	114	0	0	1	0	0	0	0	0	0	0	0	41.0051	0	0	0	0	0	0	41.0051	0	0	1	0	0	0	0	0	0	0	0	217	0	0	0	0	0	0	217	0	0	1	0	0	0	0	0	0	0	0	0	0	0	0	0	0	0	0	0	0	0	0	0	0	0	0	0	0	0	0	0	0	0	0	0	0	0	0	0	0	0	0	0	0	0	0
36	0	0	0	436	0	0	0	0	0	0	436	0	0	0.16071	0	0	0	0	0	0	0.16071	0	0	1	0	0	0	0	0	0	0	0	109	0	0	0	0	0	0	109	0	0	1	0	0	0	0	0	0	0	0	44.4154	0	0	0	0	0	0	44.4154	0	0	1	0	0	0	0	0	0	0	0	234	0	0	0	0	0	0	234	0	0	1	0	0	0	0	0	0	0	0	0	0	0	0	0	0	0	0	0	0	0	0	0	0	0	0	0	0	0	0	0	0	0	0	0	0	0	0	0	0	0	0	0	0	0	0
37	0	0	0	477	0	0	0	0	0	0	477	0	0	0.199372	0	0	0	0	0	0	0.199372	0	0	1	0	0	0	0	0	0	0	0	115	0	0	0	0	0	0	115	0	0	1	0	0	0	0	0	0	0	0	46.881	0	0	0	0	0	0	46.881	0	0	1	0	0	0	0	0	0	0	0	242	0	0	0	0	0	0	242	0	0	1	0	0	0	0	0	0	0	0	0	0	0	0	0	0	0	0	0	0	0	0	0	0	0	0	0	0	0	0	0	0	0	0	0	0	0	0	0	0	0	0	0	0	0	0
38	0	0	0	492	0	0	0	0	0	0	492	0	0	0.134428	0	0	0	0	0	0	0.134428	0	0	1	0	0	0	0	0	0	0	0	100	0	0	0	0	0	0	100	0	0	1	0	0	0	0	0	0	0	0	48.3392	0	0	0	0	0	0	48.3392	0	0	1	0	0	0	0	0	0	0	0	255	0	0	0	0	0	0	255	0	0	1	0	0	0	0	0	0	0	0	0	0	0	0	0	0	0	0	0	0	0	0	0	0	0	0	0	0	0	0	0	0	0	0	0	0	0	0	0	0	0	0	0	0	0	0
39	0	0	0	495	0	0	0	0	0	0	495	0	0	0.213419	0	0	0	0	0	0	0.213419	0	0	1	0	0	0	0	0	0	0	0	114	0	0	0	0	0	0	114	0	0	1	0	0	0	0	0	0	0	0	51.1981	0	0	0	0	0	0	51.1981	0	0	1	0	0	0	0	0	0	0	0	256	0	0	0	0	0	0	256	0	0	1	0	0	0	0	0	0	0	0	0	0	0	0	0	0	0	0	0	0	0	0	0	0	0	0	0	0	0	0	0	0	0	0	0	0	0	0	0	0	0	0	0	0	0	0
40	0	0	0	527	0	0	0	0	0	0	527	0	0	0.207965	0	0	0	0	0	0	0.207965	0	0	1	0	0	0	0	0	0	0	0	112	0	0	0	0	0	0	112	0	0	1	0	0	0	0	0	0	0	0	53.3997	0	0	0	0	0	0	53.3997	0	0	1	0	0	0	0	0	0	0	0	263	0	0	0	0	0	0	263	0	0	1	0	0	0	0	0	0	0	0	0	0	0	0	0	0	0	0	0	0	0	0	0	0	0	0	0	0	0	0	0	0	0	0	0	0	0	0	0	0	0	0	0	0	0	0
41	0	0	0	519	0	0	0	0	0	0	519	0	0	0.1634	0	0	0	0	0	0	0.1634	0	0	1	0	0	0	0	0	0	0	0	111	0	0	0	0	0	0	111	0	0	1	0	0	0	0	0	0	0	0	56.1217	0	0	0	0	0	0	56.1217	0	0	1	0	0	0	0	0	0	0	0	271	0	0	0	0	0	0	271	0	0	1	0	0	0	0	0	0	0	0	0	0	0	0	0	0	0	0	0	0	0	0	0	0	0	0	0	0	0	0	0	0	0	0	0	0	0	0	0	0	0	0	0	0	0	0
42	0	0	0	569	0	0	0	0	0	0	569	0	0	0.150132	0	0	0	0	0	0	0.150132	0	0	1	0	0	0	0	0	0	0	0	100	0	0	0	0	0	0	100	0	0	1	0	0	0	0	0	0	0	0	60.8336	0	0	0	0	0	0	60.8336	0	0	1	0	0	0	0	0	0	0	0	279	0	0	0	0	0	0	279	0	0	1	0	0	0	0	0	0	0	0	0	0	0	0	0	0	0	0	0	0	0	0	0	0	0	0	0	0	0	0	0	0	0	0	0	0	0	0	0	0	0	0	0	0	0	0
43	0	0	0	603	0	0	0	0	0	0	603	0	0	0.161846	0	0	0	0	0	0	0.161846	0	0	1	0	0	0	0	0	0	0	0	102	0	0	0	0	0	0	102	0	0	1	0	0	0	0	0	0	0	0	64.5804	0	0	0	0	0	0	64.5804	0	0	1	0	0	0	0	0	0	0	0	281	0	0	0	0	0	0	281	0	0	1	0	0	0	0	0	0	0	0	0	0	0	0	0	0	0	0	0	0	0	0	0	0	0	0	0	0	0	0	0	0	0	0	0	0	0	0	0	0	0	0	0	0	0	0
44	0	0	0	630	0	0	0	0	0	0	630	0	0	0.181062	0	0	0	0	0	0	0.181062	0	0	1	0	0	0	0	0	0	0	0	97	0	0	0	0	0	0	97	0	0	1	0	0	0	0	0	0	0	0	65.6685	0	0	0	0	0	0	65.6685	0	0	1	0	0	0	0	0	0	0	0	274	0	0	0	0	0	0	274	0	0	1	0	0	0	0	0	0	0	0	0	0	0	0	0	0	0	0	0	0	0	0	0	0	0	0	0	0	0	0	0	0	0	0	0	0	0	0	0	0	0	0	0	0	0	0
45	0	0	0	637	0	0	0	0	0	0	637	0	0	0.181607	0	0	0	0	0	0	0.181607	0	0	1	0	0	0	0	0	0	0	0	89	0	0	0	0	0	0	89	0	0	1	0	0	0	0	0	0	0	0	68.4268	0	0	0	0	0	0	68.4268	0	0	1	0	0	0	0	0	0	0	0	277	0	0	0	0	0	0	277	0	0	1	0	0	0	0	0	0	0	0	0	0	0	0	0	0	0	0	0	0	0	0	0	0	0	0	0	0	0	0	0	0	0	0	0	0	0	0	0	0	0	0	0	0	0	0
46	0	0	0	661	0	0	0	0	0	0	661	0	0	0.179235	0	0	0	0	0	0	0.179235	0	0	1	0	0	0	0	0	0	0	0	78	0	0	0	0	0	0	78	0	0	1	0	0	0	0	0	0	0	0	72.9928	0	0	0	0	0	0	72.9928	0	0	1	0	0	0	0	0	0	0	0	283	0	0	0	0	0	0	283	0	0	1	0	0	0	0	0	0	0	0	0	0	0	0	0	0	0	0	0	0	0	0	0	0	0	0	0	0	0	0	0	0	0	0	0	0	0	0	0	0	0	0	0	0	0	0
47	0	0	0	665	0	0	0	0	0	0	665	0	0	0.182898	0	0	0	0	0	0	0.182898	0	0	1	0	0	0	0	0	0	0	0	69	0	0	0	0	0	0	69	0	0	1	0	0	0	0	0	0	0	0	73.9034	0	0	0	0	0	0	73.9034	0	0	1	0	0	0	0	0	0	0	0	276	0	0	0	0	0	0	276	0	0	1	0	0	0	0	0	0	0	0	0	0	0	0	0	0	0	0	0	0	0	0	0	0	0	0	0	0	0	0	0	0	0	0	0	0	0	0	0	0	0	0	0	0	0	0
48	0	0	0	676	0	0	0	0	0	0	676	0	0	0.120216	0	0	0	0	0	0	0.120216	0	0	1	0	0	0	0	0	0	0	0	53	0	0	0	0	0	0	53	0	0	1	0	0	0	0	0	0	0	0	76.8952	0	0	0	0	0	0	76.8952	0	0	1	0	0	0	0	0	0	0	0	277	0	0	0	0	0	0	277	0	0	1	0	0	0	0	0	0	0	0	0	0	0	0	0	0	0	0	0	0	0	0	0	0	0	0	0	0	0	0	0	0	0	0	0	0	0	0	0	0	0	0	0	0	0	0
49	0	0	0	697	0	0	0	0	0	0	697	0	0	0.0951857	0	0	0	0	0	0	0.0951857	0	0	1	0	0	0	0	0	0	0	0	45	0	0	0	0	0	0	45	0	0	1	0	0	0	0	0	0	0	0	80.0713	0	0	0	0	0	0	80.0713	0	0	1	0	0	0	0	0	0	0	0	277	0	0	0	0	0	0	277	0	0	1	0	0	0	0	0	0	0	0	0	0	0	0	0	0	0	0	0	0	0	0	0	0	0	0	0	0	0	0	0	0	0	0	0	0	0	0	0	0	0	0	0	0	0	0
50	0	0	0	715	0	0	0	0	0	0	715	0	0	0.0911712	0	0	0	0	0	0	0.0911712	0	0	1	0	0	0	0	0	0	0	0	42	0	0	0	0	0	0	42	0	0	1	0	0	0	0	0	0	0	0	80.3543	0	0	0	0	0	0	80.3543	0	0	1	0	0	0	0	0	0	0	0	259	0	0	0	0	0	0	259	0	0	1	0	0	0	0	0	0	0	0	0	0	0	0	0	0	0	0	0	0	0	0	0	0	0	0	0	0	0	0	0	0	0	0	0	0	0	0	0	0	0	0	0	0	0	0
51	0	0	0	696	0	0	0	0	0	0	696	0	0	0.100555	0	0	0	0	0	0	0.100555	0	0	1	0	0	0	0	0	0	0	0	44	0	0	0	0	0	0	44	0	0	1	0	0	0	0	0	0	0	0	80.5059	0	0	0	0	0	0	80.5059	0	0	1	0	0	0	0	0	0	0	0	250	0	0	0	0	0	0	250	0	0	1	0	0	0	0	0	0	0	0	0	0	0	0	0	0	0	0	0	0	0	0	0	0	0	0	0	0	0	0	0	0	0	0	0	0	0	0	0	0	0	0	0	0	0	0
52	0	0	0	713	0	0	0	0	0	0	713	0	0	0.0772359	0	0	0	0	0	0	0.0772359	0	0	1	0	0	0	0	0	0	0	0	38	0	0	0	0	0	0	38	0	0	1	0	0	0	0	0	0	0	0	82.0885	0	0	0	0	0	0	82.0885	0	0	1	0	0	0	0	0	0	0	0	246	0	0	0	0	0	0	246	0	0	1	0	0	0	0	0	0	0	0	0	0	0	0	0	0	0	0	0	0	0	0	0	0	0	0	0	0	0	0	0	0	0	0	0	0	0	0	0	0	0	0	0	0	0	0
53	0	0	0	714	0	0	0	0	0	0	714	0	0	0.104215	0	0	0	0	0	0	0.104215	0	0	1	0	0	0	0	0	0	0	0	43	0	0	0	0	0	0	43	0	0	1	0	0	0	0	0	0	0	0	83.6465	0	0	0	0	0	0	83.6465	0	0	1	0	0	0	0	0	0	0	0	240	0	0	0	0	0	0	240	0	0	1	0	0	0	0	0	0	0	0	0	0	0	0	0	0	0	0	0	0	0	0	0	0	0	0	0	0	0	0	0	0	0	0	0	0	0	0	0	0	0	0	0	0	0	0
54	0	0	0	732	0	0	0	0	0	0	732	0	0	0.0772827	0	0	0	0	0	0	0.0772827	0	0	1	0	0	0	0	0	0	0	0	37	0	0	0	0	0	0	37	0	0	1	0	0	0	0	0	0	0	0	85.3254	0	0	0	0	0	0	85.3254	0	0	1	0	0	0	0	0	0	0	0	237	0	0	0	0	0	0	237	0	0	1	0	0	0	0	0	0	0	0	0	0	0	0	0	0	0	0	0	0	0	0	0	0	0	0	0	0	0	0	0	0	0	0	0	0	0	0	0	0	0	0	0	0	0	0
55	0	0	0	743	0	0	0	0	0	0	743	0	0	0.0603435	0	0	0	0	0	0	0.0603435	0	0	1	0	0	0	0	0	0	0	0	35	0	0	0	0	0	0	35	0	0	1	0	0	0	0	0	0	0	0	85.4159	0	0	0	0	0	0	85.4159	0	0	1	0	0	0	0	0	0	0	0	233	0	0	0	0	0	0	233	0	0	1	0	0	0	0	0	0	0	0	0	0	0	0	0	0	0	0	0	0	0	0	0	0	0	0	0	0	0	0	0	0	0	0	0	0	0	0	0	0	0	0	0	0	0	0
56	0	0	0	764	0	0	0	0	0	0	764	0	0	0.067342	0	0	0	0	0	0	0.067342	0	0	1	0	0	0	0	0	0	0	0	29	0	0	0	0	0	0	29	0	0	1	0	0	0	0	0	0	0	0	88.4515	0	0	0	0	0	0	88.4515	0	0	1	0	0	0	0	0	0	0	0	232	0	0	0	0	0	0	232	0	0	1	0	0	0	0	0	0	0	0	0	0	0	0	0	0	0	0	0	0	0	0	0	0	0	0	0	0	0	0	0	0	0	0	0	0	0	0	0	0	0	0	0	0	0	0
57	0	0	0	775	0	0	0	0	0	0	775	0	0	0.0655628	0	0	0	0	0	0	0.0655628	0	0	1	0	0	0	0	0	0	0	0	29	0	0	0	0	0	0	29	0	0	1	0	0	0	0	0	0	0	0	89.6914	0	0	0	0	0	0	89.6914	0	0	1	0	0	0	0	0	0	0	0	229	0	0	0	0	0	0	229	0	0	1	0	0	0	0	0	0	0	0	0	0	0	0	0	0	0	0	0	0	0	0	0	0	0	0	0	0	0	0	0	0	0	0	0	0	0	0	0	0	0	0	0	0	0	0
58	0	0	0	761	0	0	0	0	0	0	761	0	0	0.0652063	0	0	0	0	0	0	0.0652063	0	0	1	0	0	0	0	0	0	0	0	25	0	0	0	0	0	0	25	0	0	1	0	0	0	0	0	0	0	0	89.4975	0	0	0	0	0	0	89.4975	0	0	1	0	0	0	0	0	0	0	0	219	0	0	0	0	0	0	219	0	0	1	0	0	0	0	0	0	0	0	0	0	0	0	0	0	0	0	0	0	0	0	0	0	0	0	0	0	0	0	0	0	0	0	0	0	0	0	0	0	0	0	0	0	0	0
59	0	0	0	779	0	0	0	0	0	0	779	0	0	0.061584	0	0	0	0	0	0	0.061584	0	0	1	0	0	0	0	0	0	0	0	23	0	0	0	0	0	0	23	0	0	1	0	0	0	0	0	0	0	0	91.2915	0	0	0	0	0	0	91.2915	0	0	1	0	0	0	0	0	0	0	0	215	0	0	0	0	0	0	215	0	0	1	0	0	0	0	0	0	0	0	0	0	0	0	0	0	0	0	0	0	0	0	0	0	0	0	0	0	0	0	0	0	0	0	0	0	0	0	0	0	0	0	0	0	0	0
60	0	0	0	755	0	0	0	0	0	0	755	0	0	0.0222491	0	0	0	0	0	0	0.0222491	0	0	1	0	0	0	0	0	0	0	0	13	0	0	0	0	0	0	13	0	0	1	0	0	0	0	0	0	0	0	89.3951	0	0	0	0	0	0	89.3951	0	0	1	0	0	0	0	0	0	0	0	208	0	0	0	0	0	0	208	0	0	1	0	0	0	0	0	0	0	0	0	0	0	0	0	0	0	0	0	0	0	0	0	0	0	0	0	0	0	0	0	0	0	0	0	0	0	0	0	0	0	0	0	0	0	0
61	0	0	0	781	0	0	0	0	0	0	781	0	0	0.029813	0	0	0	0	0	0	0.029813	0	0	1	0	0	0	0	0	0	0	0	16	0	0	0	0	0	0	16	0	0	1	0	0	0	0	0	0	0	0	89.5885	0	0	0	0	0	0	89.5885	0	0	1	0	0	0	0	0	0	0	0	199	0	0	0	0	0	0	199	0	0	1	0	0	0	0	0	0	0	0	0	0	0	0	0	0	0	0	0	0	0	0	0	0	0	0	0	0	0	0	0	0	0	0	0	0	0	0	0	0	0	0	0	0	0	0
62	0	0	0	782	0	0	0	0	0	0	782	0	0	0.0366885	0	0	0	0	0	0	0.0366885	0	0	1	0	0	0	0	0	0	0	0	19	0	0	0	0	0	0	19	0	0	1	0	0	0	0	0	0	0	0	89.9921	0	0	0	0	0	0	89.9921	0	0	1	0	0	0	0	0	0	0	0	195	0	0	0	0	0	0	195	0	0	1	0	0	0	0	0	0	0	0	0	0	0	0	0	0	0	0	0	0	0	0	0	0	0	0	0	0	0	0	0	0	0	0	0	0	0	0	0	0	0	0	0	0	0	0
63	0	0	0	785	0	0	0	0	0	0	785	0	0	0.0249127	0	0	0	0	0	0	0.0249127	0	0	1	0	0	0	0	0	0	0	0	29	0	0	0	0	0	0	29	0	0	1	0	0	0	0	0	0	0	0	90.8214	0	0	0	0	0	0	90.8214	0	0	1	0	0	0	0	0	0	0	0	190	0	0	0	0	0	0	190	0	0	1	0	0	0	0	0	0	0	0	0	0	0	0	0	0	0	0	0	0	0	0	0	0	0	0	0	0	0	0	0	0	0	0	0	0	0	0	0	0	0	0	0	0	0	0
64	0	0	0	817	0	0	0	0	0	0	817	0	0	0.0273274	0	0	0	0	0	0	0.0273274	0	0	1	0	0	0	0	0	0	0	0	35	0	0	0	0	0	0	35	0	0	1	0	0	0	0	0	0	0	0	91.4517	0	0	0	0	0	0	91.4517	0	0	1	0	0	0	0	0	0	0	0	185	0	0	0	0	0	0	185	0	0	1	0	0	0	0	0	0	0	0	0	0	0	0	0	0	0	0	0	0	0	0	0	0	0	0	0	0	0	0	0	0	0	0	0	0	0	0	0	0	0	0	0	0	0	0
65	0	0	0	816	0	0	0	0	0	0	816	0	0	0.0641428	0	0	0	0	0	0	0.0641428	0	0	1	0	0	0	0	0	0	0	0	52	0	0	0	0	0	0	52	0	0	1	0	0	0	0	0	0	0	0	93.0562	0	0	0	0	0	0	93.0562	0	0	1	0	0	0	0	0	0	0	0	182	0	0	0	0	0	0	182	0	0	1	0	0	0	0	0	0	0	0	0	0	0	0	0	0	0	0	0	0	0	0	0	0	0	0	0	0	0	0	0	0	0	0	0	0	0	0	0	0	0	0	0	0	0	0
66	0	0	0	836	0	0	0	0	0	0	836	0	0	0.112624	0	0	0	0	0	0	0.112624	0	0	1	0	0	0	0	0	0	0	0	55	0	0	0	0	0	0	55	0	0	1	0	0	0	0	0	0	0	0	92.5314	0	0	0	0	0	0	92.5314	0	0	1	0	0	0	0	0	0	0	0	178	0	0	0	0	0	0	178	0	0	1	0	0	0	0	0	0	0	0	0	0	0	0	0	0	0	0	0	0	0	0	0	0	0	0	0	0	0	0	0	0	0	0	0	0	0	0	0	0	0	0	0	0	0	0
67	0	0	0	882	0	0	0	0	0	0	882	0	0	0.0548462	0	0	0	0	0	0	0.0548462	0	0	1	0	0	0	0	0	0	0	0	46	0	0	0	0	0	0	46	0	0	1	0	0	0	0	0	0	0	0	96.2631	0	0	0	0	0	0	96.2631	0	0	1	0	0	0	0	0	0	0	0	191	0	0	0	0	0	0	191	0	0	1	0	0	0	0	0	0	0	0	0	0	0	0	0	0	0	0	0	0	0	0	0	0	0	0	0	0	0	0	0	0	0	0	0	0	0	0	0	0	0	0	0	0	0	0
68	0	0	0	883	0	0	0	0	0	0	883	0	0	0.0778464	0	0	0	0	0	0	0.0778464	0	0	1	0	0	0	0	0	0	0	0	49	0	0	0	0	0	0	49	0	0	1	0	0	0	0	0	0	0	0	97.7132	0	0	0	0	0	0	97.7132	0	0	1	0	0	0	0	0	0	0	0	190	0	0	0	0	0	0	190	0	0	1	0	0	0	0	0	0	0	0	0	0	0	0	0	0	0	0	0	0	0	0	0	0	0	0	0	0	0	0	0	0	0	0	0	0	0	0	0	0	0	0	0	0	0	0
69	0	0	0	857	0	0	0	0	0	0	857	0	0	0.0855941	0	0	0	0	0	0	0.0855941	0	0	1	0	0	0	0	0	0	0	0	49	0	0	0	0	0	0	49	0	0	1	0	0	0	0	0	0	0	0	98.4923	0	0	0	0	0	0	98.4923	0	0	1	0	0	0	0	0	0	0	0	193	0	0	0	0	0	0	193	0	0	1	0	0	0	0	0	0	0	0	0	0	0	0	0	0	0	0	0	0	0	0	0	0	0	0	0	0	0	0	0	0	0	0	0	0	0	0	0	0	0	0	0	0	0	0
70	0	0	0	846	0	0	0	0	0	0	846	0	0	0.0815058	0	0	0	0	0	0	0.0815058	0	0	1	0	0	0	0	0	0	0	0	50	0	0	0	0	0	0	50	0	0	1	0	0	0	0	0	0	0	0	94.9601	0	0	0	0	0	0	94.9601	0	0	1	0	0	0	0	0	0	0	0	189	0	0	0	0	0	0	189	0	0	1	0	0	0	0	0	0	0	0	0	0	0	0	0	0	0	0	0	0	0	0	0	0	0	0	0	0	0	0	0	0	0	0	0	0	0	0	0	0	0	0	0	0	0	0
71	0	0	0	874	0	0	0	0	0	0	874	0	0	0.0798594	0	0	0	0	0	0	0.0798594	0	0	1	0	0	0	0	0	0	0	0	50	0	0	0	0	0	0	50	0	0	1	0	0	0	0	0	0	0	0	93.7172	0	0	0	0	0	0	93.7172	0	0	1	0	0	0	0	0	0	0	0	186	0	0	0	0	0	0	186	0	0	1	0	0	0	0	0	0	0	0	0	0	0	0	0	0	0	0	0	0	0	0	0	0	0	0	0	0	0	0	0	0	0	0	0	0	0	0	0	0	0	0	0	0	0	0
72	0	0	0	886	0	0	0	0	0	0	886	0	0	0.0705379	0	0	0	0	0	0	0.0705379	0	0	1	0	0	0	0	0	0	0	0	47	0	0	0	0	0	0	47	0	0	1	0	0	0	0	0	0	0	0	96.5664	0	0	0	0	0	0	96.5664	0	0	1	0	0	0	0	0	0	0	0	188	0	0	0	0	0	0	188	0	0	1	0	0	0	0	0	0	0	0	0	0	0	0	0	0	0	0	0	0	0	0	0	0	0	0	0	0	0	0	0	0	0	0	0	0	0	0	0	0	0	0	0	0	0	0
73	0	0	0	870	0	0	0	0	0	0	870	0	0	0.0815993	0	0	0	0	0	0	0.0815993	0	0	1	0	0	0	0	0	0	0	0	52	0	0	0	0	0	0	52	0	0	1	0	0	0	0	0	0	0	0	94.2002	0	0	0	0	0	0	94.2002	0	0	1	0	0	0	0	0	0	0	0	184	0	0	0	0	0	0	184	0	0	1	0	0	0	0	0	0	0	0	0	0	0	0	0	0	0	0	0	0	0	0	0	0	0	0	0	0	0	0	0	0	0	0	0	0	0	0	0	0	0	0	0	0	0	0
74	0	0	0	857	0	0	0	0	0	0	857	0	0	0.0779535	0	0	0	0	0	0	0.0779535	0	0	1	0	0	0	0	0	0	0	0	54	0	0	0	0	0	0	54	0	0	1	0	0	0	0	0	0	0	0	93.2912	0	0	0	0	0	0	93.2912	0	0	1	0	0	0	0	0	0	0	0	186	0	0	0	0	0	0	186	0	0	1	0	0	0	0	0	0	0	0	0	0	0	0	0	0	0	0	0	0	0	0	0	0	0	0	0	0	0	0	0	0	0	0	0	0	0	0	0	0	0	0	0	0	0	0
75	0	0	0	843	0	0	0	0	0	0	843	0	0	0.0791442	0	0	0	0	0	0	0.0791442	0	0	1	0	0	0	0	0	0	0	0	51	0	0	0	0	0	0	51	0	0	1	0	0	0	0	0	0	0	0	92.8219	0	0	0	0	0	0	92.8219	0	0	1	0	0	0	0	0	0	0	0	185	0	0	0	0	0	0	185	0	0	1	0	0	0	0	0	0	0	0	0	0	0	0	0	0	0	0	0	0	0	0	0	0	0	0	0	0	0	0	0	0	0	0	0	0	0	0	0	0	0	0	0	0	0	0
76	0	0	0	861	0	0	0	0	0	0	861	0	0	0.0926784	0	0	0	0	0	0	0.0926784	0	0	1	0	0	0	0	0	0	0	0	59	0	0	0	0	0	0	59	0	0	1	0	0	0	0	0	0	0	0	91.7777	0	0	0	0	0	0	91.7777	0	0	1	0	0	0	0	0	0	0	0	182	0	0	0	0	0	0	182	0	0	1	0	0	0	0	0	0	0	0	0	0	0	0	0	0	0	0	0	0	0	0	0	0	0	0	0	0	0	0	0	0	0	0	0	0	0	0	0	0	0	0	0	0	0	0
77	0	0	0	829	0	0	0	0	0	0	829	0	0	0.120498	0	0	0	0	0	0	0.120498	0	0	1	0	0	0	0	0	0	0	0	64	0	0	0	0	0	0	64	0	0	1	0	0	0	0	0	0	0	0	89.808	0	0	0	0	0	0	89.808	0	0	1	0	0	0	0	0	0	0	0	179	0	0	0	0	0	0	179	0	0	1	0	0	0	0	0	0	0	0	0	0	0	0	0	0	0	0	0	0	0	0	0	0	0	0	0	0	0	0	0	0	0	0	0	0	0	0	0	0	0	0	0	0	0	0
78	0	0	0	779	0	0	0	0	0	0	779	0	0	0.0925929	0	0	0	0	0	0	0.0925929	0	0	1	0	0	0	0	0	0	0	0	66	0	0	0	0	0	0	66	0	0	1	0	0	0	0	0	0	0	0	87.905	0	0	0	0	0	0	87.905	0	0	1	0	0	0	0	0	0	0	0	183	0	0	0	0	0	0	183	0	0	1	0	0	0	0	0	0	0	0	0	0	0	0	0	0	0	0	0	0	0	0	0	0	0	0	0	0	0	0	0	0	0	0	0	0	0	0	0	0	0	0	0	0	0	0
79	0	0	0	799	0	0	0	0	0	0	799	0	0	0.122247	0	0	0	0	0	0	0.122247	0	0	1	0	0	0	0	0	0	0	0	67	0	0	0	0	0	0	67	0	0	1	0	0	0	0	0	0	0	0	84.7017	0	0	0	0	0	0	84.7017	0	0	1	0	0	0	0	0	0	0	0	179	0	0	0	0	0	0	179	0	0	1	0	0	0	0	0	0	0	0	0	0	0	0	0	0	0	0	0	0	0	0	0	0	0	0	0	0	0	0	0	0	0	0	0	0	0	0	0	0	0	0	0	0	0	0
80	0	0	0	818	0	0	0	0	0	0	818	0	0	0.141185	0	0	0	0	0	0	0.141185	0	0	1	0	0	0	0	0	0	0	0	78	0	0	0	0	0	0	78	0	0	1	0	0	0	0	0	0	0	0	85.6285	0	0	0	0	0	0	85.6285	0	0	1	0	0	0	0	0	0	0	0	185	0	0	0	0	0	0	185	0	0	1	0	0	0	0	0	0	0	0	0	0	0	0	0	0	0	0	0	0	0	0	0	0	0	0	0	0	0	0	0	0	0	0	0	0	0	0	0	0	0	0	0	0	0	0
81	0	0	0	845	0	0	0	0	0	0	845	0	0	0.107506	0	0	0	0	0	0	0.107506	0	0	1	0	0	0	0	0	0	0	0	73	0	0	0	0	0	0	73	0	0	1	0	0	0	0	0	0	0	0	86.1707	0	0	0	0	0	0	86.1707	0	0	1	0	0	0	0	0	0	0	0	198	0	0	0	0	0	0	198	0	0	1	0	0	0	0	0	0	0	0	0	0	0	0	0	0	0	0	0	0	0	0	0	0	0	0	0	0	0	0	0	0	0	0	0	0	0	0	0	0	0	0	0	0	0	0
82	0	0	0	855	0	0	0	0	0	0	855	0	0	0.106384	0	0	0	0	0	0	0.106384	0	0	1	0	0	0	0	0	0	0	0	82	0	0	0	0	0	0	82	0	0	1	0	0	0	0	0	0	0	0	87.1799	0	0	0	0	0	0	87.1799	0	0	1	0	0	0	0	0	0	0	0	198	0	0	0	0	0	0	198	0	0	1	0	0	0	0	0	0	0	0	0	0	0	0	0	0	0	0	0	0	0	0	0	0	0	0	0	0	0	0	0	0	0	0	0	0	0	0	0	0	0	0	0	0	0	0
83	0	0	0	868	0	0	0	0	0	0	868	0	0	0.139772	0	0	0	0	0	0	0.139772	0	0	1	0	0	0	0	0	0	0	0	99	0	0	0	0	0	0	99	0	0	1	0	0	0	0	0	0	0	0	89.22	0	0	0	0	0	0	89.22	0	0	1	0	0	0	0	0	0	0	0	210	0	0	0	0	0	0	210	0	0	1	0	0	0	0	0	0	0	0	0	0	0	0	0	0	0	0	0	0	0	0	0	0	0	0	0	0	0	0	0	0	0	0	0	0	0	0	0	0	0	0	0	0	0	0
84	0	0	0	852	0	0	0	0	0	0	852	0	0	0.150362	0	0	0	0	0	0	0.150362	0	0	1	0	0	0	0	0	0	0	0	102	0	0	0	0	0	0	102	0	0	1	0	0	0	0	0	0	0	0	85.2074	0	0	0	0	0	0	85.2074	0	0	1	0	0	0	0	0	0	0	0	210	0	0	0	0	0	0	210	0	0	1	0	0	0	0	0	0	0	0	0	0	0	0	0	0	0	0	0	0	0	0	0	0	0	0	0	0	0	0	0	0	0	0	0	0	0	0	0	0	0	0	0	0	0	0
85	0	0	0	884	0	0	0	0	0	0	884	0	0	0.174658	0	0	0	0	0	0	0.174658	0	0	1	0	0	0	0	0	0	0	0	106	0	0	0	0	0	0	106	0	0	1	0	0	0	0	0	0	0	0	88.5037	0	0	0	0	0	0	88.5037	0	0	1	0	0	0	0	0	0	0	0	220	0	0	0	0	0	0	220	0	0	1	0	0	0	0	0	0	0	0	0	0	0	0	0	0	0	0	0	0	0	0	0	0	0	0	0	0	0	0	0	0	0	0	0	0	0	0	0	0	0	0	0	0	0	0
86	0	0	0	862	0	0	0	0	0	0	862	0	0	0.200548	0	0	0	0	0	0	0.200548	0	0	1	0	0	0	0	0	0	0	0	110	0	0	0	0	0	0	110	0	0	1	0	0	0	0	0	0	0	0	89.0111	0	0	0	0	0	0	89.0111	0	0	1	0	0	0	0	0	0	0	0	229	0	0	0	0	0	0	229	0	0	1	0	0	0	0	0	0	0	0	0	0	0	0	0	0	0	0	0	0	0	0	0	0	0	0	0	0	0	0	0	0	0	0	0	0	0	0	0	0	0	0	0	0	0	0
87	0	0	0	848	0	0	0	0	0	0	848	0	0	0.180659	0	0	0	0	0	0	0.180659	0	0	1	0	0	0	0	0	0	0	0	106	0	0	0	0	0	0	106	0	0	1	0	0	0	0	0	0	0	0	89.8582	0	0	0	0	0	0	89.8582	0	0	1	0	0	0	0	0	0	0	0	241	0	0	0	0	0	0	241	0	0	1	0	0	0	0	0	0	0	0	0	0	0	0	0	0	0	0	0	0	0	0	0	0	0	0	0	0	0	0	0	0	0	0	0	0	0	0	0	0	0	0	0	0	0	0
88	0	0	0	869	0	0	0	0	0	0	869	0	0	0.15636	0	0	0	0	0	0	0.15636	0	0	1	0	0	0	0	0	0	0	0	104	0	0	0	0	0	0	104	0	0	1	0	0	0	0	0	0	0	0	91.1551	0	0	0	0	0	0	91.1551	0	0	1	0	0	0	0	0	0	0	0	245	0	0	0	0	0	0	245	0	0	1	0	0	0	0	0	0	0	0	0	0	0	0	0	0	0	0	0	0	0	0	0	0	0	0	0	0	0	0	0	0	0	0	0	0	0	0	0	0	0	0	0	0	0	0
89	0	0	0	831	0	0	0	0	0	0	831	0	0	0.21314	0	0	0	0	0	0	0.21314	0	0	1	0	0	0	0	0	0	0	0	101	0	0	0	0	0	0	101	0	0	1	0	0	0	0	0	0	0	0	88.4541	0	0	0	0	0	0	88.4541	0	0	1	0	0	0	0	0	0	0	0	239	0	0	0	0	0	0	239	0	0	1	0	0	0	0	0	0	0	0	0	0	0	0	0	0	0	0	0	0	0	0	0	0	0	0	0	0	0	0	0	0	0	0	0	0	0	0	0	0	0	0	0	0	0	0
90	0	0	0	825	0	0	0	0	0	0	825	0	0	0.134553	0	0	0	0	0	0	0.134553	0	0	1	0	0	0	0	0	0	0	0	83	0	0	0	0	0	0	83	0	0	1	0	0	0	0	0	0	0	0	91.4683	0	0	0	0	0	0	91.4683	0	0	1	0	0	0	0	0	0	0	0	258	0	0	0	0	0	0	258	0	0	1	0	0	0	0	0	0	0	0	0	0	0	0	0	0	0	0	0	0	0	0	0	0	0	0	0	0	0	0	0	0	0	0	0	0	0	0	0	0	0	0	0	0	0	0
91	0	0	0	827	0	0	0	0	0	0	827	0	0	0.173752	0	0	0	0	0	0	0.173752	0	0	1	0	0	0	0	0	0	0	0	80	0	0	0	0	0	0	80	0	0	1	0	0	0	0	0	0	0	0	90.2515	0	0	0	0	0	0	90.2515	0	0	1	0	0	0	0	0	0	0	0	250	0	0	0	0	0	0	250	0	0	1	0	0	0	0	0	0	0	0	0	0	0	0	0	0	0	0	0	0	0	0	0	0	0	0	0	0	0	0	0	0	0	0	0	0	0	0	0	0	0	0	0	0	0	0
92	0	0	0	844	0	0	0	0	0	0	844	0	0	0.14959	0	0	0	0	0	0	0.14959	0	0	1	0	0	0	0	0	0	0	0	76	0	0	0	0	0	0	76	0	0	1	0	0	0	0	0	0	0	0	92.6553	0	0	0	0	0	0	92.6553	0	0	1	0	0	0	0	0	0	0	0	252	0	0	0	0	0	0	252	0	0	1	0	0	0	0	0	0	0	0	0	0	0	0	0	0	0	0	0	0	0	0	0	0	0	0	0	0	0	0	0	0	0	0	0	0	0	0	0	0	0	0	0	0	0	0
93	0	0	0	856	0	0	0	0	0	0	856	0	0	0.127499	0	0	0	0	0	0	0.127499	0	0	1	0	0	0	0	0	0	0	0	71	0	0	0	0	0	0	71	0	0	1	0	0	0	0	0	0	0	0	95.7378	0	0	0	0	0	0	95.7378	0	0	1	0	0	0	0	0	0	0	0	254	0	0	0	0	0	0	254	0	0	1	0	0	0	0	0	0	0	0	0	0	0	0	0	0	0	0	0	0	0	0	0	0	0	0	0	0	0	0	0	0	0	0	0	0	0	0	0	0	0	0	0	0	0	0
94	0	0	0	875	0	0	0	0	0	0	875	0	0	0.120925	0	0	0	0	0	0	0.120925	0	0	1	0	0	0	0	0	0	0	0	61	0	0	0	0	0	0	61	0	0	1	0	0	0	0	0	0	0	0	96.4148	0	0	0	0	0	0	96.4148	0	0	1	0	0	0	0	0	0	0	0	252	0	0	0	0	0	0	252	0	0	1	0	0	0	0	0	0	0	0	0	0	0	0	0	0	0	0	0	0	0	0	0	0	0	0	0	0	0	0	0	0	0	0	0	0	0	0	0	0	0	0	0	0	0	0
95	0	0	0	887	0	0	0	0	0	0	887	0	0	0.104333	0	0	0	0	0	0	0.104333	0	0	1	0	0	0	0	0	0	0	0	55	0	0	0	0	0	0	55	0	0	1	0	0	0	0	0	0	0	0	97.4799	0	0	0	0	0	0	97.4799	0	0	1	0	0	0	0	0	0	0	0	250	0	0	0	0	0	0	250	0	0	1	0	0	0	0	0	0	0	0	0	0	0	0	0	0	0	0	0	0	0	0	0	0	0	0	0	0	0	0	0	0	0	0	0	0	0	0	0	0	0	0	0	0	0	0
96	0	0	0	921	0	0	0	0	0	0	921	0	0	0.101952	0	0	0	0	0	0	0.101952	0	0	1	0	0	0	0	0	0	0	0	56	0	0	0	0	0	0	56	0	0	1	0	0	0	0	0	0	0	0	101.673	0	0	0	0	0	0	101.673	0	0	1	0	0	0	0	0	0	0	0	250	0	0	0	0	0	0	250	0	0	1	0	0	0	0	0	0	0	0	0	0	0	0	0	0	0	0	0	0	0	0	0	0	0	0	0	0	0	0	0	0	0	0	0	0	0	0	0	0	0	0	0	0	0	0
97	0	0	0	897	0	0	0	0	0	0	897	0	0	0.0986654	0	0	0	0	0	0	0.0986654	0	0	1	0	0	0	0	0	0	0	0	54	0	0	0	0	0	0	54	0	0	1	0	0	0	0	0	0	0	0	99.5477	0	0	0	0	0	0	99.5477	0	0	1	0	0	0	0	0	0	0	0	245	0	0	0	0	0	0	245	0	0	1	0	0	0	0	0	0	0	0	0	0	0	0	0	0	0	0	0	0	0	0	0	0	0	0	0	0	0	0	0	0	0	0	0	0	0	0	0	0	0	0	0	0	0	0
98	0	0	0	864	0	0	0	0	0	0	864	0	0	0.0728683	0	0	0	0	0	0	0.0728683	0	0	1	0	0	0	0	0	0	0	0	55	0	0	0	0	0	0	55	0	0	1	0	0	0	0	0	0	0	0	98.2659	0	0	0	0	0	0	98.2659	0	0	1	0	0	0	0	0	0	0	0	241	0	0	0	0	0	0	241	0	0	1	0	0	0	0	0	0	0	0	0	0	0	0	0	0	0	0	0	0	0	0	0	0	0	0	0	0	0	0	0	0	0	0	0	0	0	0	0	0	0	0	0	0	0	0
99	0	0	0	886	0	0	0	0	0	0	886	0	0	0.0883297	0	0	0	0	0	0	0.0883297	0	0	1	0	0	0	0	0	0	0	0	61	0	0	0	0	0	0	61	0	0	1	0	0	0	0	0	0	0	0	99.1945	0	0	0	0	0	0	99.1945	0	0	1	0	0	0	0	0	0	0	0	233	0	0	0	0	0	0	233	0	0	1	0	0	0	0	0	0	0	0	0	0	0	0	0	0	0	0	0	0	0	0	0	0	0	0	0	0	0	0	0	0	0	0	0	0	0	0	0	0	0	0	0	0	0	0
100	0	0	0	866	0	0	0	0	0	0	866	0	0	0.123983	0	0	0	0	0	0	0.123983	0	0	1	0	0	0	0	0	0	0	0	64	0	0	0	0	0	0	64	0	0	1	0	0	0	0	0	0	0	0	97.6226	0	0	0	0	0	0	97.6226	0	0	1	0	0	0	0	0	0	0	0	228	0	0	0	0	0	0	228	0	0	1	0	0	0	0	0	0	0	0	0	0	0	0	0	0	0	0	0	0	0	0	0	0	0	0	0	0	0	0	0	0	0	0	0	0	0	0	0	0	0	0	0	0	0	0
101	0	0	0	853	0	0	0	0	0	0	853	0	0	0.137838	0	0	0	0	0	0	0.137838	0	0	1	0	0	0	0	0	0	0	0	63	0	0	0	0	0	0	63	0	0	1	0	0	0	0	0	0	0	0	96.9007	0	0	0	0	0	0	96.9007	0	0	1	0	0	0	0	0	0	0	0	229	0	0	0	0	0	0	229	0	0	1	0	0	0	0	0	0	0	0	0	0	0	0	0	0	0	0	0	0	0	0	0	0	0	0	0	0	0	0	0	0	0	0	0	0	0	0	0	0	0	0	0	0	0	0
102	0	0	0	864	0	0	0	0	0	0	864	0	0	0.12293	0	0	0	0	0	0	0.12293	0	0	1	0	0	0	0	0	0	0	0	54	0	0	0	0	0	0	54	0	0	1	0	0	0	0	0	0	0	0	97.0468	0	0	0	0	0	0	97.0468	0	0	1	0	0	0	0	0	0	0	0	233	0	0	0	0	0	0	233	0	0	1	0	0	0	0	0	0	0	0	0	0	0	0	0	0	0	0	0	0	0	0	0	0	0	0	0	0	0	0	0	0	0	0	0	0	0	0	0	0	0	0	0	0	0	0
103	0	0	0	889	0	0	0	0	0	0	889	0	0	0.0785214	0	0	0	0	0	0	0.0785214	0	0	1	0	0	0	0	0	0	0	0	48	0	0	0	0	0	0	48	0	0	1	0	0	0	0	0	0	0	0	100.088	0	0	0	0	0	0	100.088	0	0	1	0	0	0	0	0	0	0	0	240	0	0	0	0	0	0	240	0	0	1	0	0	0	0	0	0	0	0	0	0	0	0	0	0	0	0	0	0	0	0	0	0	0	0	0	0	0	0	0	0	0	0	0	0	0	0	0	0	0	0	0	0	0	0
104	0	0	0	896	0	0	0	0	0	0	896	0	0	0.0786746	0	0	0	0	0	0	0.0786746	0	0	1	0	0	0	0	0	0	0	0	46	0	0	0	0	0	0	46	0	0	1	0	0	0	0	0	0	0	0	102.061	0	0	0	0	0	0	102.061	0	0	1	0	0	0	0	0	0	0	0	240	0	0	0	0	0	0	240	0	0	1	0	0	0	0	0	0	0	0	0	0	0	0	0	0	0	0	0	0	0	0	0	0	0	0	0	0	0	0	0	0	0	0	0	0	0	0	0	0	0	0	0	0	0	0
105	0	0	0	848	0	0	0	0	0	0	848	0	0	0.0751045	0	0	0	0	0	0	0.0751045	0	0	1	0	0	0	0	0	0	0	0	42	0	0	0	0	0	0	42	0	0	1	0	0	0	0	0	0	0	0	97.5787	0	0	0	0	0	0	97.5787	0	0	1	0	0	0	0	0	0	0	0	235	0	0	0	0	0	0	235	0	0	1	0	0	0	0	0	0	0	0	0	0	0	0	0	0	0	0	0	0	0	0	0	0	0	0	0	0	0	0	0	0	0	0	0	0	0	0	0	0	0	0	0	0	0	0
106	0	0	0	901	0	0	0	0	0	0	901	0	0	0.0900181	0	0	0	0	0	0	0.0900181	0	0	1	0	0	0	0	0	0	0	0	36	0	0	0	0	0	0	36	0	0	1	0	0	0	0	0	0	0	0	101.552	0	0	0	0	0	0	101.552	0	0	1	0	0	0	0	0	0	0	0	237	0	0	0	0	0	0	237	0	0	1	0	0	0	0	0	0	0	0	0	0	0	0	0	0	0	0	0	0	0	0	0	0	0	0	0	0	0	0	0	0	0	0	0	0	0	0	0	0	0	0	0	0	0	0
107	0	0	0	873	0	0	0	0	0	0	873	0	0	0.0434642	0	0	0	0	0	0	0.0434642	0	0	1	0	0	0	0	0	0	0	0	30	0	0	0	0	0	0	30	0	0	1	0	0	0	0	0	0	0	0	98.2528	0	0	0	0	0	0	98.2528	0	0	1	0	0	0	0	0	0	0	0	234	0	0	0	0	0	0	234	0	0	1	0	0	0	0	0	0	0	0	0	0	0	0	0	0	0	0	0	0	0	0	0	0	0	0	0	0	0	0	0	0	0	0	0	0	0	0	0	0	0	0	0	0	0	0
108	0	0	0	866	0	0	0	0	0	0	866	0	0	0.0610184	0	0	0	0	0	0	0.0610184	0	0	1	0	0	0	0	0	0	0	0	33	0	0	0	0	0	0	33	0	0	1	0	0	0	0	0	0	0	0	97.2151	0	0	0	0	0	0	97.2151	0	0	1	0	0	0	0	0	0	0	0	223	0	0	0	0	0	0	223	0	0	1	0	0	0	0	0	0	0	0	0	0	0	0	0	0	0	0	0	0	0	0	0	0	0	0	0	0	0	0	0	0	0	0	0	0	0	0	0	0	0	0	0	0	0	0
109	0	0	0	854	0	0	0	0	0	0	854	0	0	0.0681879	0	0	0	0	0	0	0.0681879	0	0	1	0	0	0	0	0	0	0	0	33	0	0	0	0	0	0	33	0	0	1	0	0	0	0	0	0	0	0	97.0132	0	0	0	0	0	0	97.0132	0	0	1	0	0	0	0	0	0	0	0	216	0	0	0	0	0	0	216	0	0	1	0	0	0	0	0	0	0	0	0	0	0	0	0	0	0	0	0	0	0	0	0	0	0	0	0	0	0	0	0	0	0	0	0	0	0	0	0	0	0	0	0	0	0	0
110	0	0	0	862	0	0	0	0	0	0	862	0	0	0.0524783	0	0	0	0	0	0	0.0524783	0	0	1	0	0	0	0	0	0	0	0	32	0	0	0	0	0	0	32	0	0	1	0	0	0	0	0	0	0	0	97.3682	0	0	0	0	0	0	97.3682	0	0	1	0	0	0	0	0	0	0	0	211	0	0	0	0	0	0	211	0	0	1	0	0	0	0	0	0	0	0	0	0	0	0	0	0	0	0	0	0	0	0	0	0	0	0	0	0	0	0	0	0	0	0	0	0	0	0	0	0	0	0	0	0	0	0
111	0	0	0	858	0	0	0	0	0	0	858	0	0	0.06152	0	0	0	0	0	0	0.06152	0	0	1	0	0	0	0	0	0	0	0	30	0	0	0	0	0	0	30	0	0	1	0	0	0	0	0	0	0	0	97.2491	0	0	0	0	0	0	97.2491	0	0	1	0	0	0	0	0	0	0	0	203	0	0	0	0	0	0	203	0	0	1	0	0	0	0	0	0	0	0	0	0	0	0	0	0	0	0	0	0	0	0	0	0	0	0	0	0	0	0	0	0	0	0	0	0	0	0	0	0	0	0	0	0	0	0
112	0	0	0	839	0	0	0	0	0	0	839	0	0	0.0583525	0	0	0	0	0	0	0.0583525	0	0	1	0	0	0	0	0	0	0	0	25	0	0	0	0	0	0	25	0	0	1	0	0	0	0	0	0	0	0	94.2208	0	0	0	0	0	0	94.2208	0	0	1	0	0	0	0	0	0	0	0	195	0	0	0	0	0	0	195	0	0	1	0	0	0	0	0	0	0	0	0	0	0	0	0	0	0	0	0	0	0	0	0	0	0	0	0	0	0	0	0	0	0	0	0	0	0	0	0	0	0	0	0	0	0	0
113	0	0	0	860	0	0	0	0	0	0	860	0	0	0.0522781	0	0	0	0	0	0	0.0522781	0	0	1	0	0	0	0	0	0	0	0	21	0	0	0	0	0	0	21	0	0	1	0	0	0	0	0	0	0	0	93.8193	0	0	0	0	0	0	93.8193	0	0	1	0	0	0	0	0	0	0	0	191	0	0	0	0	0	0	191	0	0	1	0	0	0	0	0	0	0	0	0	0	0	0	0	0	0	0	0	0	0	0	0	0	0	0	0	0	0	0	0	0	0	0	0	0	0	0	0	0	0	0	0	0	0	0
114	0	0	0	877	0	0	0	0	0	0	877	0	0	0.0491182	0	0	0	0	0	0	0.0491182	0	0	1	0	0	0	0	0	0	0	0	21	0	0	0	0	0	0	21	0	0	1	0	0	0	0	0	0	0	0	95.0899	0	0	0	0	0	0	95.0899	0	0	1	0	0	0	0	0	0	0	0	187	0	0	0	0	0	0	187	0	0	1	0	0	0	0	0	0	0	0	0	0	0	0	0	0	0	0	0	0	0	0	0	0	0	0	0	0	0	0	0	0	0	0	0	0	0	0	0	0	0	0	0	0	0	0
115	0	0	0	860	0	0	0	0	0	0	860	0	0	0.0251451	0	0	0	0	0	0	0.0251451	0	0	1	0	0	0	0	0	0	0	0	20	0	0	0	0	0	0	20	0	0	1	0	0	0	0	0	0	0	0	97.5513	0	0	0	0	0	0	97.5513	0	0	1	0	0	0	0	0	0	0	0	186	0	0	0	0	0	0	186	0	0	1	0	0	0	0	0	0	0	0	0	0	0	0	0	0	0	0	0	0	0	0	0	0	0	0	0	0	0	0	0	0	0	0	0	0	0	0	0	0	0	0	0	0	0	0
116	0	0	0	863	0	0	0	0	0	0	863	0	0	0.0239941	0	0	0	0	0	0	0.0239941	0	0	1	0	0	0	0	0	0	0	0	34	0	0	0	0	0	0	34	0	0	1	0	0	0	0	0	0	0	0	95.4171	0	0	0	0	0	0	95.4171	0	0	1	0	0	0	0	0	0	0	0	178	0	0	0	0	0	0	178	0	0	1	0	0	0	0	0	0	0	0	0	0	0	0	0	0	0	0	0	0	0	0	0	0	0	0	0	0	0	0	0	0	0	0	0	0	0	0	0	0	0	0	0	0	0	0
117	0	0	0	863	0	0	0	0	0	0	863	0	0	0.0460128	0	0	0	0	0	0	0.0460128	0	0	1	0	0	0	0	0	0	0	0	39	0	0	0	0	0	0	39	0	0	1	0	0	0	0	0	0	0	0	94.9056	0	0	0	0	0	0	94.9056	0	0	1	0	0	0	0	0	0	0	0	171	0	0	0	0	0	0	171	0	0	1	0	0	0	0	0	0	0	0	0	0	0	0	0	0	0	0	0	0	0	0	0	0	0	0	0	0	0	0	0	0	0	0	0	0	0	0	0	0	0	0	0	0	0	0
118	0	0	0	854	0	0	0	0	0	0	854	0	0	0.0610776	0	0	0	0	0	0	0.0610776	0	0	1	0	0	0	0	0	0	0	0	40	0	0	0	0	0	0	40	0	0	1	0	0	0	0	0	0	0	0	90.7734	0	0	0	0	0	0	90.7734	0	0	1	0	0	0	0	0	0	0	0	169	0	0	0	0	0	0	169	0	0	1	0	0	0	0	0	0	0	0	0	0	0	0	0	0	0	0	0	0	0	0	0	0	0	0	0	0	0	0	0	0	0	0	0	0	0	0	0	0	0	0	0	0	0	0
119	0	0	0	861	0	0	0	0	0	0	861	0	0	0.0791041	0	0	0	0	0	0	0.0791041	0	0	1	0	0	0	0	0	0	0	0	45	0	0	0	0	0	0	45	0	0	1	0	0	0	0	0	0	0	0	91.894	0	0	0	0	0	0	91.894	0	0	1	0	0	0	0	0	0	0	0	172	0	0	0	0	0	0	172	0	0	1	0	0	0	0	0	0	0	0	0	0	0	0	0	0	0	0	0	0	0	0	0	0	0	0	0	0	0	0	0	0	0	0	0	0	0	0	0	0	0	0	0	0	0	0
120	0	0	0	860	0	0	0	0	0	0	860	0	0	0.0604917	0	0	0	0	0	0	0.0604917	0	0	1	0	0	0	0	0	0	0	0	49	0	0	0	0	0	0	49	0	0	1	0	0	0	0	0	0	0	0	90.4303	0	0	0	0	0	0	90.4303	0	0	1	0	0	0	0	0	0	0	0	176	0	0	0	0	0	0	176	0	0	1	0	0	0	0	0	0	0	0	0	0	0	0	0	0	0	0	0	0	0	0	0	0	0	0	0	0	0	0	0	0	0	0	0	0	0	0	0	0	0	0	0	0	0	0
121	0	0	0	854	0	0	0	0	0	0	854	0	0	0.0773787	0	0	0	0	0	0	0.0773787	0	0	1	0	0	0	0	0	0	0	0	55	0	0	0	0	0	0	55	0	0	1	0	0	0	0	0	0	0	0	88.493	0	0	0	0	0	0	88.493	0	0	1	0	0	0	0	0	0	0	0	176	0	0	0	0	0	0	176	0	0	1	0	0	0	0	0	0	0	0	0	0	0	0	0	0	0	0	0	0	0	0	0	0	0	0	0	0	0	0	0	0	0	0	0	0	0	0	0	0	0	0	0	0	0	0
122	0	0	0	798	0	0	0	0	0	0	798	0	0	0.0869751	0	0	0	0	0	0	0.0869751	0	0	1	0	0	0	0	0	0	0	0	65	0	0	0	0	0	0	65	0	0	1	0	0	0	0	0	0	0	0	83.2427	0	0	0	0	0	0	83.2427	0	0	1	0	0	0	0	0	0	0	0	169	0	0	0	0	0	0	169	0	0	1	0	0	0	0	0	0	0	0	0	0	0	0	0	0	0	0	0	0	0	0	0	0	0	0	0	0	0	0	0	0	0	0	0	0	0	0	0	0	0	0	0	0	0	0
123	0	0	0	779	0	0	0	0	0	0	779	0	0	0.0850902	0	0	0	0	0	0	0.0850902	0	0	1	0	0	0	0	0	0	0	0	73	0	0	0	0	0	0	73	0	0	1	0	0	0	0	0	0	0	0	81.9798	0	0	0	0	0	0	81.9798	0	0	1	0	0	0	0	0	0	0	0	171	0	0	0	0	0	0	171	0	0	1	0	0	0	0	0	0	0	0	0	0	0	0	0	0	0	0	0	0	0	0	0	0	0	0	0	0	0	0	0	0	0	0	0	0	0	0	0	0	0	0	0	0	0	0
124	0	0	0	759	0	0	0	0	0	0	759	0	0	0.119391	0	0	0	0	0	0	0.119391	0	0	1	0	0	0	0	0	0	0	0	79	0	0	0	0	0	0	79	0	0	1	0	0	0	0	0	0	0	0	80.7063	0	0	0	0	0	0	80.7063	0	0	1	0	0	0	0	0	0	0	0	170	0	0	0	0	0	0	170	0	0	1	0	0	0	0	0	0	0	0	0	0	0	0	0	0	0	0	0	0	0	0	0	0	0	0	0	0	0	0	0	0	0	0	0	0	0	0	0	0	0	0	0	0	0	0
125	0	0	0	787	0	0	0	0	0	0	787	0	0	0.147539	0	0	0	0	0	0	0.147539	0	0	1	0	0	0	0	0	0	0	0	77	0	0	0	0	0	0	77	0	0	1	0	0	0	0	0	0	0	0	82.5919	0	0	0	0	0	0	82.5919	0	0	1	0	0	0	0	0	0	0	0	178	0	0	0	0	0	0	178	0	0	1	0	0	0	0	0	0	0	0	0	0	0	0	0	0	0	0	0	0	0	0	0	0	0	0	0	0	0	0	0	0	0	0	0	0	0	0	0	0	0	0	0	0	0	0
126	0	0	0	808	0	0	0	0	0	0	808	0	0	0.150151	0	0	0	0	0	0	0.150151	0	0	1	0	0	0	0	0	0	0	0	76	0	0	0	0	0	0	76	0	0	1	0	0	0	0	0	0	0	0	85.1002	0	0	0	0	0	0	85.1002	0	0	1	0	0	0	0	0	0	0	0	189	0	0	0	0	0	0	189	0	0	1	0	0	0	0	0	0	0	0	0	0	0	0	0	0	0	0	0	0	0	0	0	0	0	0	0	0	0	0	0	0	0	0	0	0	0	0	0	0	0	0	0	0	0	0
127	0	0	0	825	0	0	0	0	0	0	825	0	0	0.117478	0	0	0	0	0	0	0.117478	0	0	1	0	0	0	0	0	0	0	0	61	0	0	0	0	0	0	61	0	0	1	0	0	0	0	0	0	0	0	84.7313	0	0	0	0	0	0	84.7313	0	0	1	0	0	0	0	0	0	0	0	196	0	0	0	0	0	0	196	0	0	1	0	0	0	0	0	0	0	0	0	0	0	0	0	0	0	0	0	0	0	0	0	0	0	0	0	0	0	0	0	0	0	0	0	0	0	0	0	0	0	0	0	0	0	0
128	0	0	0	824	0	0	0	0	0	0	824	0	0	0.0939389	0	0	0	0	0	0	0.0939389	0	0	1	0	0	0	0	0	0	0	0	72	0	0	0	0	0	0	72	0	0	1	0	0	0	0	0	0	0	0	83.812	0	0	0	0	0	0	83.812	0	0	1	0	0	0	0	0	0	0	0	198	0	0	0	0	0	0	198	0	0	1	0	0	0	0	0	0	0	0	0	0	0	0	0	0	0	0	0	0	0	0	0	0	0	0	0	0	0	0	0	0	0	0	0	0	0	0	0	0	0	0	0	0	0	0
129	0	0	0	788	0	0	0	0	0	0	788	0	0	0.0920934	0	0	0	0	0	0	0.0920934	0	0	1	0	0	0	0	0	0	0	0	77	0	0	0	0	0	0	77	0	0	1	0	0	0	0	0	0	0	0	84.2534	0	0	0	0	0	0	84.2534	0	0	1	0	0	0	0	0	0	0	0	196	0	0	0	0	0	0	196	0	0	1	0	0	0	0	0	0	0	0	0	0	0	0	0	0	0	0	0	0	0	0	0	0	0	0	0	0	0	0	0	0	0	0	0	0	0	0	0	0	0	0	0	0	0	0
130	0	0	0	803	0	0	0	0	0	0	803	0	0	0.113067	0	0	0	0	0	0	0.113067	0	0	1	0	0	0	0	0	0	0	0	82	0	0	0	0	0	0	82	0	0	1	0	0	0	0	0	0	0	0	86.1819	0	0	0	0	0	0	86.1819	0	0	1	0	0	0	0	0	0	0	0	195	0	0	0	0	0	0	195	0	0	1	0	0	0	0	0	0	0	0	0	0	0	0	0	0	0	0	0	0	0	0	0	0	0	0	0	0	0	0	0	0	0	0	0	0	0	0	0	0	0	0	0	0	0	0
131	0	0	0	826	0	0	0	0	0	0	826	0	0	0.145695	0	0	0	0	0	0	0.145695	0	0	1	0	0	0	0	0	0	0	0	80	0	0	0	0	0	0	80	0	0	1	0	0	0	0	0	0	0	0	87.0153	0	0	0	0	0	0	87.0153	0	0	1	0	0	0	0	0	0	0	0	191	0	0	0	0	0	0	191	0	0	1	0	0	0	0	0	0	0	0	0	0	0	0	0	0	0	0	0	0	0	0	0	0	0	0	0	0	0	0	0	0	0	0	0	0	0	0	0	0	0	0	0	0	0	0
132	0	0	0	835	0	0	0	0	0	0	835	0	0	0.161739	0	0	0	0	0	0	0.161739	0	0	1	0	0	0	0	0	0	0	0	76	0	0	0	0	0	0	76	0	0	1	0	0	0	0	0	0	0	0	90.1473	0	0	0	0	0	0	90.1473	0	0	1	0	0	0	0	0	0	0	0	199	0	0	0	0	0	0	199	0	0	1	0	0	0	0	0	0	0	0	0	0	0	0	0	0	0	0	0	0	0	0	0	0	0	0	0	0	0	0	0	0	0	0	0	0	0	0	0	0	0	0	0	0	0	0
133	0	0	0	839	0	0	0	0	0	0	839	0	0	0.128334	0	0	0	0	0	0	0.128334	0	0	1	0	0	0	0	0	0	0	0	65	0	0	0	0	0	0	65	0	0	1	0	0	0	0	0	0	0	0	89.0949	0	0	0	0	0	0	89.0949	0	0	1	0	0	0	0	0	0	0	0	206	0	0	0	0	0	0	206	0	0	1	0	0	0	0	0	0	0	0	0	0	0	0	0	0	0	0	0	0	0	0	0	0	0	0	0	0	0	0	0	0	0	0	0	0	0	0	0	0	0	0	0	0	0	0
134	0	0	0	847	0	0	0	0	0	0	847	0	0	0.115331	0	0	0	0	0	0	0.115331	0	0	1	0	0	0	0	0	0	0	0	60	0	0	0	0	0	0	60	0	0	1	0	0	0	0	0	0	0	0	87.1452	0	0	0	0	0	0	87.1452	0	0	1	0	0	0	0	0	0	0	0	209	0	0	0	0	0	0	209	0	0	1	0	0	0	0	0	0	0	0	0	0	0	0	0	0	0	0	0	0	0	0	0	0	0	0	0	0	0	0	0	0	0	0	0	0	0	0	0	0	0	0	0	0	0	0
135	0	0	0	827	0	0	0	0	0	0	827	0	0	0.126293	0	0	0	0	0	0	0.126293	0	0	1	0	0	0	0	0	0	0	0	58	0	0	0	0	0	0	58	0	0	1	0	0	0	0	0	0	0	0	87.586	0	0	0	0	0	0	87.586	0	0	1	0	0	0	0	0	0	0	0	206	0	0	0	0	0	0	206	0	0	1	0	0	0	0	0	0	0	0	0	0	0	0	0	0	0	0	0	0	0	0	0	0	0	0	0	0	0	0	0	0	0	0	0	0	0	0	0	0	0	0	0	0	0	0
136	0	0	0	839	0	0	0	0	0	0	839	0	0	0.0810923	0	0	0	0	0	0	0.0810923	0	0	1	0	0	0	0	0	0	0	0	56	0	0	0	0	0	0	56	0	0	1	0	0	0	0	0	0	0	0	86.8235	0	0	0	0	0	0	86.8235	0	0	1	0	0	0	0	0	0	0	0	210	0	0	0	0	0	0	210	0	0	1	0	0	0	0	0	0	0	0	0	0	0	0	0	0	0	0	0	0	0	0	0	0	0	0	0	0	0	0	0	0	0	0	0	0	0	0	0	0	0	0	0	0	0	0
137	0	0	0	816	0	0	0	0	0	0	816	0	0	0.100283	0	0	0	0	0	0	0.100283	0	0	1	0	0	0	0	0	0	0	0	74	0	0	0	0	0	0	74	0	0	1	0	0	0	0	0	0	0	0	85.4701	0	0	0	0	0	0	85.4701	0	0	1	0	0	0	0	0	0	0	0	205	0	0	0	0	0	0	205	0	0	1	0	0	0	0	0	0	0	0	0	0	0	0	0	0	0	0	0	0	0	0	0	0	0	0	0	0	0	0	0	0	0	0	0	0	0	0	0	0	0	0	0	0	0	0
138	0	0	0	846	0	0	0	0	0	0	846	0	0	0.0990971	0	0	0	0	0	0	0.0990971	0	0	1	0	0	0	0	0	0	0	0	87	0	0	0	0	0	0	87	0	0	1	0	0	0	0	0	0	0	0	88.2493	0	0	0	0	0	0	88.2493	0	0	1	0	0	0	0	0	0	0	0	208	0	0	0	0	0	0	208	0	0	1	0	0	0	0	0	0	0	0	0	0	0	0	0	0	0	0	0	0	0	0	0	0	0	0	0	0	0	0	0	0	0	0	0	0	0	0	0	0	0	0	0	0	0	0
139	0	0	0	862	0	0	0	0	0	0	862	0	0	0.142148	0	0	0	0	0	0	0.142148	0	0	1	0	0	0	0	0	0	0	0	98	0	0	0	0	0	0	98	0	0	1	0	0	0	0	0	0	0	0	85.8273	0	0	0	0	0	0	85.8273	0	0	1	0	0	0	0	0	0	0	0	200	0	0	0	0	0	0	200	0	0	1	0	0	0	0	0	0	0	0	0	0	0	0	0	0	0	0	0	0	0	0	0	0	0	0	0	0	0	0	0	0	0	0	0	0	0	0	0	0	0	0	0	0	0	0
140	0	0	0	839	0	0	0	0	0	0	839	0	0	0.154342	0	0	0	0	0	0	0.154342	0	0	1	0	0	0	0	0	0	0	0	104	0	0	0	0	0	0	104	0	0	1	0	0	0	0	0	0	0	0	86.5634	0	0	0	0	0	0	86.5634	0	0	1	0	0	0	0	0	0	0	0	205	0	0	0	0	0	0	205	0	0	1	0	0	0	0	0	0	0	0	0	0	0	0	0	0	0	0	0	0	0	0	0	0	0	0	0	0	0	0	0	0	0	0	0	0	0	0	0	0	0	0	0	0	0	0
141	0	0	0	831	0	0	0	0	0	0	831	0	0	0.175545	0	0	0	0	0	0	0.175545	0	0	1	0	0	0	0	0	0	0	0	112	0	0	0	0	0	0	112	0	0	1	0	0	0	0	0	0	0	0	88.4846	0	0	0	0	0	0	88.4846	0	0	1	0	0	0	0	0	0	0	0	215	0	0	0	0	0	0	215	0	0	1	0	0	0	0	0	0	0	0	0	0	0	0	0	0	0	0	0	0	0	0	0	0	0	0	0	0	0	0	0	0	0	0	0	0	0	0	0	0	0	0	0	0	0	0
142	0	0	0	811	0	0	0	0	0	0	811	0	0	0.221079	0	0	0	0	0	0	0.221079	0	0	1	0	0	0	0	0	0	0	0	118	0	0	0	0	0	0	118	0	0	1	0	0	0	0	0	0	0	0	86.7531	0	0	0	0	0	0	86.7531	0	0	1	0	0	0	0	0	0	0	0	220	0	0	0	0	0	0	220	0	0	1	0	0	0	0	0	0	0	0	0	0	0	0	0	0	0	0	0	0	0	0	0	0	0	0	0	0	0	0	0	0	0	0	0	0	0	0	0	0	0	0	0	0	0	0
143	0	0	0	826	0	0	0	0	0	0	826	0	0	0.187866	0	0	0	0	0	0	0.187866	0	0	1	0	0	0	0	0	0	0	0	100	0	0	0	0	0	0	100	0	0	1	0	0	0	0	0	0	0	0	89.162	0	0	0	0	0	0	89.162	0	0	1	0	0	0	0	0	0	0	0	235	0	0	0	0	0	0	235	0	0	1	0	0	0	0	0	0	0	0	0	0	0	0	0	0	0	0	0	0	0	0	0	0	0	0	0	0	0	0	0	0	0	0	0	0	0	0	0	0	0	0	0	0	0	0
144	0	0	0	848	0	0	0	0	0	0	848	0	0	0.175883	0	0	0	0	0	0	0.175883	0	0	1	0	0	0	0	0	0	0	0	86	0	0	0	0	0	0	86	0	0	1	0	0	0	0	0	0	0	0	89.9883	0	0	0	0	0	0	89.9883	0	0	1	0	0	0	0	0	0	0	0	246	0	0	0	0	0	0	246	0	0	1	0	0	0	0	0	0	0	0	0	0	0	0	0	0	0	0	0	0	0	0	0	0	0	0	0	0	0	0	0	0	0	0	0	0	0	0	0	0	0	0	0	0	0	0
145	0	0	0	817	0	0	0	0	0	0	817	0	0	0.146555	0	0	0	0	0	0	0.146555	0	0	1	0	0	0	0	0	0	0	0	77	0	0	0	0	0	0	77	0	0	1	0	0	0	0	0	0	0	0	87.7327	0	0	0	0	0	0	87.7327	0	0	1	0	0	0	0	0	0	0	0	248	0	0	0	0	0	0	248	0	0	1	0	0	0	0	0	0	0	0	0	0	0	0	0	0	0	0	0	0	0	0	0	0	0	0	0	0	0	0	0	0	0	0	0	0	0	0	0	0	0	0	0	0	0	0
146	0	0	0	847	0	0	0	0	0	0	847	0	0	0.112091	0	0	0	0	0	0	0.112091	0	0	1	0	0	0	0	0	0	0	0	68	0	0	0	0	0	0	68	0	0	1	0	0	0	0	0	0	0	0	89.0808	0	0	0	0	0	0	89.0808	0	0	1	0	0	0	0	0	0	0	0	250	0	0	0	0	0	0	250	0	0	1	0	0	0	0	0	0	0	0	0	0	0	0	0	0	0	0	0	0	0	0	0	0	0	0	0	0	0	0	0	0	0	0	0	0	0	0	0	0	0	0	0	0	0	0
147	0	0	0	855	0	0	0	0	0	0	855	0	0	0.102612	0	0	0	0	0	0	0.102612	0	0	1	0	0	0	0	0	0	0	0	58	0	0	0	0	0	0	58	0	0	1	0	0	0	0	0	0	0	0	91.1661	0	0	0	0	0	0	91.1661	0	0	1	0	0	0	0	0	0	0	0	247	0	0	0	0	0	0	247	0	0	1	0	0	0	0	0	0	0	0	0	0	0	0	0	0	0	0	0	0	0	0	0	0	0	0	0	0	0	0	0	0	0	0	0	0	0	0	0	0	0	0	0	0	0	0
148	0	0	0	839	0	0	0	0	0	0	839	0	0	0.0889981	0	0	0	0	0	0	0.0889981	0	0	1	0	0	0	0	0	0	0	0	50	0	0	0	0	0	0	50	0	0	1	0	0	0	0	0	0	0	0	92.0148	0	0	0	0	0	0	92.0148	0	0	1	0	0	0	0	0	0	0	0	247	0	0	0	0	0	0	247	0	0	1	0	0	0	0	0	0	0	0	0	0	0	0	0	0	0	0	0	0	0	0	0	0	0	0	0	0	0	0	0	0	0	0	0	0	0	0	0	0	0	0	0	0	0	0
149	0	0	0	843	0	0	0	0	0	0	843	0	0	0.100753	0	0	0	0	0	0	0.100753	0	0	1	0	0	0	0	0	0	0	0	55	0	0	0	0	0	0	55	0	0	1	0	0	0	0	0	0	0	0	92.1582	0	0	0	0	0	0	92.1582	0	0	1	0	0	0	0	0	0	0	0	237	0	0	0	0	0	0	237	0	0	1	0	0	0	0	0	0	0	0	0	0	0	0	0	0	0	0	0	0	0	0	0	0	0	0	0	0	0	0	0	0	0	0	0	0	0	0	0	0	0	0	0	0	0	0
150	0	0	0	852	0	0	0	0	0	0	852	0	0	0.0892349	0	0	0	0	0	0	0.0892349	0	0	1	0	0	0	0	0	0	0	0	47	0	0	0	0	0	0	47	0	0	1	0	0	0	0	0	0	0	0	90.6907	0	0	0	0	0	0	90.6907	0	0	1	0	0	0	0	0	0	0	0	230	0	0	0	0	0	0	230	0	0	1	0	0	0	0	0	0	0	0	0	0	0	0	0	0	0	0	0	0	0	0	0	0	0	0	0	0	0	0	0	0	0	0	0	0	0	0	0	0	0	0	0	0	0	0
151	0	0	0	876	0	0	0	0	0	0	876	0	0	0.0685187	0	0	0	0	0	0	0.0685187	0	0	1	0	0	0	0	0	0	0	0	40	0	0	0	0	0	0	40	0	0	1	0	0	0	0	0	0	0	0	93.2387	0	0	0	0	0	0	93.2387	0	0	1	0	0	0	0	0	0	0	0	231	0	0	0	0	0	0	231	0	0	1	0	0	0	0	0	0	0	0	0	0	0	0	0	0	0	0	0	0	0	0	0	0	0	0	0	0	0	0	0	0	0	0	0	0	0	0	0	0	0	0	0	0	0	0
152	0	0	0	885	0	0	0	0	0	0	885	0	0	0.0895807	0	0	0	0	0	0	0.0895807	0	0	1	0	0	0	0	0	0	0	0	51	0	0	0	0	0	0	51	0	0	1	0	0	0	0	0	0	0	0	96.9763	0	0	0	0	0	0	96.9763	0	0	1	0	0	0	0	0	0	0	0	233	0	0	0	0	0	0	233	0	0	1	0	0	0	0	0	0	0	0	0	0	0	0	0	0	0	0	0	0	0	0	0	0	0	0	0	0	0	0	0	0	0	0	0	0	0	0	0	0	0	0	0	0	0	0
153	0	0	0	860	0	0	0	0	0	0	860	0	0	0.0869228	0	0	0	0	0	0	0.0869228	0	0	1	0	0	0	0	0	0	0	0	51	0	0	0	0	0	0	51	0	0	1	0	0	0	0	0	0	0	0	95.452	0	0	0	0	0	0	95.452	0	0	1	0	0	0	0	0	0	0	0	226	0	0	0	0	0	0	226	0	0	1	0	0	0	0	0	0	0	0	0	0	0	0	0	0	0	0	0	0	0	0	0	0	0	0	0	0	0	0	0	0	0	0	0	0	0	0	0	0	0	0	0	0	0	0
154	0	0	0	851	0	0	0	0	0	0	851	0	0	0.0885875	0	0	0	0	0	0	0.0885875	0	0	1	0	0	0	0	0	0	0	0	48	0	0	0	0	0	0	48	0	0	1	0	0	0	0	0	0	0	0	97.6377	0	0	0	0	0	0	97.6377	0	0	1	0	0	0	0	0	0	0	0	224	0	0	0	0	0	0	224	0	0	1	0	0	0	0	0	0	0	0	0	0	0	0	0	0	0	0	0	0	0	0	0	0	0	0	0	0	0	0	0	0	0	0	0	0	0	0	0	0	0	0	0	0	0	0
155	0	0	0	879	0	0	0	0	0	0	879	0	0	0.0832823	0	0	0	0	0	0	0.0832823	0	0	1	0	0	0	0	0	0	0	0	44	0	0	0	0	0	0	44	0	0	1	0	0	0	0	0	0	0	0	101.832	0	0	0	0	0	0	101.832	0	0	1	0	0	0	0	0	0	0	0	228	0	0	0	0	0	0	228	0	0	1	0	0	0	0	0	0	0	0	0	0	0	0	0	0	0	0	0	0	0	0	0	0	0	0	0	0	0	0	0	0	0	0	0	0	0	0	0	0	0	0	0	0	0	0
156	0	0	0	874	0	0	0	0	0	0	874	0	0	0.0753633	0	0	0	0	0	0	0.0753633	0	0	1	0	0	0	0	0	0	0	0	34	0	0	0	0	0	0	34	0	0	1	0	0	0	0	0	0	0	0	101.093	0	0	0	0	0	0	101.093	0	0	1	0	0	0	0	0	0	0	0	222	0	0	0	0	0	0	222	0	0	1	0	0	0	0	0	0	0	0	0	0	0	0	0	0	0	0	0	0	0	0	0	0	0	0	0	0	0	0	0	0	0	0	0	0	0	0	0	0	0	0	0	0	0	0
157	0	0	0	905	0	0	0	0	0	0	905	0	0	0.0541192	0	0	0	0	0	0	0.0541192	0	0	1	0	0	0	0	0	0	0	0	24	0	0	0	0	0	0	24	0	0	1	0	0	0	0	0	0	0	0	103.269	0	0	0	0	0	0	103.269	0	0	1	0	0	0	0	0	0	0	0	220	0	0	0	0	0	0	220	0	0	1	0	0	0	0	0	0	0	0	0	0	0	0	0	0	0	0	0	0	0	0	0	0	0	0	0	0	0	0	0	0	0	0	0	0	0	0	0	0	0	0	0	0	0	0
158	0	0	0	872	0	0	0	0	0	0	872	0	0	0.0398895	0	0	0	0	0	0	0.0398895	0	0	1	0	0	0	0	0	0	0	0	18	0	0	0	0	0	0	18	0	0	1	0	0	0	0	0	0	0	0	102.134	0	0	0	0	0	0	102.134	0	0	1	0	0	0	0	0	0	0	0	213	0	0	0	0	0	0	213	0	0	1	0	0	0	0	0	0	0	0	0	0	0	0	0	0	0	0	0	0	0	0	0	0	0	0	0	0	0	0	0	0	0	0	0	0	0	0	0	0	0	0	0	0	0	0
159	0	0	0	928	0	0	0	0	0	0	928	0	0	0.0468905	0	0	0	0	0	0	0.0468905	0	0	1	0	0	0	0	0	0	0	0	17	0	0	0	0	0	0	17	0	0	1	0	0	0	0	0	0	0	0	105.47	0	0	0	0	0	0	105.47	0	0	1	0	0	0	0	0	0	0	0	210	0	0	0	0	0	0	210	0	0	1	0	0	0	0	0	0	0	0	0	0	0	0	0	0	0	0	0	0	0	0	0	0	0	0	0	0	0	0	0	0	0	0	0	0	0	0	0	0	0	0	0	0	0	0
160	0	0	0	938	0	0	0	0	0	0	938	0	0	0.0409516	0	0	0	0	0	0	0.0409516	0	0	1	0	0	0	0	0	0	0	0	15	0	0	0	0	0	0	15	0	0	1	0	0	0	0	0	0	0	0	107.332	0	0	0	0	0	0	107.332	0	0	1	0	0	0	0	0	0	0	0	204	0	0	0	0	0	0	204	0	0	1	0	0	0	0	0	0	0	0	0	0	0	0	0	0	0	0	0	0	0	0	0	0	0	0	0	0	0	0	0	0	0	0	0	0	0	0	0	0	0	0	0	0	0	0
161	0	0	0	921	0	0	0	0	0	0	921	0	0	0.0385469	0	0	0	0	0	0	0.0385469	0	0	1	0	0	0	0	0	0	0	0	16	0	0	0	0	0	0	16	0	0	1	0	0	0	0	0	0	0	0	105.348	0	0	0	0	0	0	105.348	0	0	1	0	0	0	0	0	0	0	0	196	0	0	0	0	0	0	196	0	0	1	0	0	0	0	0	0	0	0	0	0	0	0	0	0	0	0	0	0	0	0	0	0	0	0	0	0	0	0	0	0	0	0	0	0	0	0	0	0	0	0	0	0	0	0
162	0	0	0	946	0	0	0	0	0	0	946	0	0	0.0325598	0	0	0	0	0	0	0.0325598	0	0	1	0	0	0	0	0	0	0	0	19	0	0	0	0	0	0	19	0	0	1	0	0	0	0	0	0	0	0	107.41	0	0	0	0	0	0	107.41	0	0	1	0	0	0	0	0	0	0	0	190	0	0	0	0	0	0	190	0	0	1	0	0	0	0	0	0	0	0	0	0	0	0	0	0	0	0	0	0	0	0	0	0	0	0	0	0	0	0	0	0	0	0	0	0	0	0	0	0	0	0	0	0	0	0
163	0	0	0	905	0	0	0	0	0	0	905	0	0	0.0202428	0	0	0	0	0	0	0.0202428	0	0	1	0	0	0	0	0	0	0	0	19	0	0	0	0	0	0	19	0	0	1	0	0	0	0	0	0	0	0	102.672	0	0	0	0	0	0	102.672	0	0	1	0	0	0	0	0	0	0	0	182	0	0	0	0	0	0	182	0	0	1	0	0	0	0	0	0	0	0	0	0	0	0	0	0	0	0	0	0	0	0	0	0	0	0	0	0	0	0	0	0	0	0	0	0	0	0	0	0	0	0	0	0	0	0
164	0	0	0	903	0	0	0	0	0	0	903	0	0	0.0307329	0	0	0	0	0	0	0.0307329	0	0	1	0	0	0	0	0	0	0	0	21	0	0	0	0	0	0	21	0	0	1	0	0	0	0	0	0	0	0	101.478	0	0	0	0	0	0	101.478	0	0	1	0	0	0	0	0	0	0	0	175	0	0	0	0	0	0	175	0	0	1	0	0	0	0	0	0	0	0	0	0	0	0	0	0	0	0	0	0	0	0	0	0	0	0	0	0	0	0	0	0	0	0	0	0	0	0	0	0	0	0	0	0	0	0
165	0	0	0	894	0	0	0	0	0	0	894	0	0	0.0288098	0	0	0	0	0	0	0.0288098	0	0	1	0	0	0	0	0	0	0	0	23	0	0	0	0	0	0	23	0	0	1	0	0	0	0	0	0	0	0	100.829	0	0	0	0	0	0	100.829	0	0	1	0	0	0	0	0	0	0	0	169	0	0	0	0	0	0	169	0	0	1	0	0	0	0	0	0	0	0	0	0	0	0	0	0	0	0	0	0	0	0	0	0	0	0	0	0	0	0	0	0	0	0	0	0	0	0	0	0	0	0	0	0	0	0
166	0	0	0	875	0	0	0	0	0	0	875	0	0	0.023887	0	0	0	0	0	0	0.023887	0	0	1	0	0	0	0	0	0	0	0	27	0	0	0	0	0	0	27	0	0	1	0	0	0	0	0	0	0	0	99.0591	0	0	0	0	0	0	99.0591	0	0	1	0	0	0	0	0	0	0	0	164	0	0	0	0	0	0	164	0	0	1	0	0	0	0	0	0	0	0	0	0	0	0	0	0	0	0	0	0	0	0	0	0	0	0	0	0	0	0	0	0	0	0	0	0	0	0	0	0	0	0	0	0	0	0
167	0	0	0	894	0	0	0	0	0	0	894	0	0	0.0422529	0	0	0	0	0	0	0.0422529	0	0	1	0	0	0	0	0	0	0	0	30	0	0	0	0	0	0	30	0	0	1	0	0	0	0	0	0	0	0	97.6398	0	0	0	0	0	0	97.6398	0	0	1	0	0	0	0	0	0	0	0	156	0	0	0	0	0	0	156	0	0	1	0	0	0	0	0	0	0	0	0	0	0	0	0	0	0	0	0	0	0	0	0	0	0	0	0	0	0	0	0	0	0	0	0	0	0	0	0	0	0	0	0	0	0	0
168	0	0	0	888	0	0	0	0	0	0	888	0	0	0.0576783	0	0	0	0	0	0	0.0576783	0	0	1	0	0	0	0	0	0	0	0	31	0	0	0	0	0	0	31	0	0	1	0	0	0	0	0	0	0	0	97.5181	0	0	0	0	0	0	97.5181	0	0	1	0	0	0	0	0	0	0	0	152	0	0	0	0	0	0	152	0	0	1	0	0	0	0	0	0	0	0	0	0	0	0	0	0	0	0	0	0	0	0	0	0	0	0	0	0	0	0	0	0	0	0	0	0	0	0	0	0	0	0	0	0	0	0
169	0	0	0	911	0	0	0	0	0	0	911	0	0	0.0548491	0	0	0	0	0	0	0.0548491	0	0	1	0	0	0	0	0	0	0	0	31	0	0	0	0	0	0	31	0	0	1	0	0	0	0	0	0	0	0	95.6589	0	0	0	0	0	0	95.6589	0	0	1	0	0	0	0	0	0	0	0	152	0	0	0	0	0	0	152	0	0	1	0	0	0	0	0	0	0	0	0	0	0	0	0	0	0	0	0	0	0	0	0	0	0	0	0	0	0	0	0	0	0	0	0	0	0	0	0	0	0	0	0	0	0	0
170	0	0	0	898	0	0	0	0	0	0	898	0	0	0.043737	0	0	0	0	0	0	0.043737	0	0	1	0	0	0	0	0	0	0	0	35	0	0	0	0	0	0	35	0	0	1	0	0	0	0	0	0	0	0	96.3671	0	0	0	0	0	0	96.3671	0	0	1	0	0	0	0	0	0	0	0	153	0	0	0	0	0	0	153	0	0	1	0	0	0	0	0	0	0	0	0	0	0	0	0	0	0	0	0	0	0	0	0	0	0	0	0	0	0	0	0	0	0	0	0	0	0	0	0	0	0	0	0	0	0	0
171	0	0	0	902	0	0	0	0	0	0	902	0	0	0.0544584	0	0	0	0	0	0	0.0544584	0	0	1	0	0	0	0	0	0	0	0	44	0	0	0	0	0	0	44	0	0	1	0	0	0	0	0	0	0	0	96.7429	0	0	0	0	0	0	96.7429	0	0	1	0	0	0	0	0	0	0	0	152	0	0	0	0	0	0	152	0	0	1	0	0	0	0	0	0	0	0	0	0	0	0	0	0	0	0	0	0	0	0	0	0	0	0	0	0	0	0	0	0	0	0	0	0	0	0	0	0	0	0	0	0	0	0
172	0	0	0	885	0	0	0	0	0	0	885	0	0	0.0573331	0	0	0	0	0	0	0.0573331	0	0	1	0	0	0	0	0	0	0	0	57	0	0	0	0	0	0	57	0	0	1	0	0	0	0	0	0	0	0	95.69	0	0	0	0	0	0	95.69	0	0	1	0	0	0	0	0	0	0	0	151	0	0	0	0	0	0	151	0	0	1	0	0	0	0	0	0	0	0	0	0	0	0	0	0	0	0	0	0	0	0	0	0	0	0	0	0	0	0	0	0	0	0	0	0	0	0	0	0	0	0	0	0	0	0
173	0	0	0	897	0	0	0	0	0	0	897	0	0	0.0790826	0	0	0	0	0	0	0.0790826	0	0	1	0	0	0	0	0	0	0	0	63	0	0	0	0	0	0	63	0	0	1	0	0	0	0	0	0	0	0	97.7204	0	0	0	0	0	0	97.7204	0	0	1	0	0	0	0	0	0	0	0	153	0	0	0	0	0	0	153	0	0	1	0	0	0	0	0	0	0	0	0	0	0	0	0	0	0	0	0	0	0	0	0	0	0	0	0	0	0	0	0	0	0	0	0	0	0	0	0	0	0	0	0	0	0	0
174	0	0	0	920	0	0	0	0	0	0	920	0	0	0.114383	0	0	0	0	0	0	0.114383	0	0	1	0	0	0	0	0	0	0	0	69	0	0	0	0	0	0	69	0	0	1	0	0	0	0	0	0	0	0	99.0867	0	0	0	0	0	0	99.0867	0	0	1	0	0	0	0	0	0	0	0	153	0	0	0	0	0	0	153	0	0	1	0	0	0	0	0	0	0	0	0	0	0	0	0	0	0	0	0	0	0	0	0	0	0	0	0	0	0	0	0	0	0	0	0	0	0	0	0	0	0	0	0	0	0	0
175	0	0	0	931	0	0	0	0	0	0	931	0	0	0.113385	0	0	0	0	0	0	0.113385	0	0	1	0	0	0	0	0	0	0	0	69	0	0	0	0	0	0	69	0	0	1	0	0	0	0	0	0	0	0	97.3087	0	0	0	0	0	0	97.3087	0	0	1	0	0	0	0	0	0	0	0	158	0	0	0	0	0	0	158	0	0	1	0	0	0	0	0	0	0	0	0	0	0	0	0	0	0	0	0	0	0	0	0	0	0	0	0	0	0	0	0	0	0	0	0	0	0	0	0	0	0	0	0	0	0	0
176	0	0	0	940	0	0	0	0	0	0	940	0	0	0.132682	0	0	0	0	0	0	0.132682	0	0	1	0	0	0	0	0	0	0	0	71	0	0	0	0	0	0	71	0	0	1	0	0	0	0	0	0	0	0	100.565	0	0	0	0	0	0	100.565	0	0	1	0	0	0	0	0	0	0	0	168	0	0	0	0	0	0	168	0	0	1	0	0	0	0	0	0	0	0	0	0	0	0	0	0	0	0	0	0	0	0	0	0	0	0	0	0	0	0	0	0	0	0	0	0	0	0	0	0	0	0	0	0	0	0
177	0	0	0	890	0	0	0	0	0	0	890	0	0	0.109537	0	0	0	0	0	0	0.109537	0	0	1	0	0	0	0	0	0	0	0	70	0	0	0	0	0	0	70	0	0	1	0	0	0	0	0	0	0	0	97.6208	0	0	0	0	0	0	97.6208	0	0	1	0	0	0	0	0	0	0	0	175	0	0	0	0	0	0	175	0	0	1	0	0	0	0	0	0	0	0	0	0	0	0	0	0	0	0	0	0	0	0	0	0	0	0	0	0	0	0	0	0	0	0	0	0	0	0	0	0	0	0	0	0	0	0
178	0	0	0	930	0	0	0	0	0	0	930	0	0	0.13116	0	0	0	0	0	0	0.13116	0	0	1	0	0	0	0	0	0	0	0	76	0	0	0	0	0	0	76	0	0	1	0	0	0	0	0	0	0	0	100.025	0	0	0	0	0	0	100.025	0	0	1	0	0	0	0	0	0	0	0	181	0	0	0	0	0	0	181	0	0	1	0	0	0	0	0	0	0	0	0	0	0	0	0	0	0	0	0	0	0	0	0	0	0	0	0	0	0	0	0	0	0	0	0	0	0	0	0	0	0	0	0	0	0	0
179	0	0	0	927	0	0	0	0	0	0	927	0	0	0.114389	0	0	0	0	0	0	0.114389	0	0	1	0	0	0	0	0	0	0	0	77	0	0	0	0	0	0	77	0	0	1	0	0	0	0	0	0	0	0	97.081	0	0	0	0	0	0	97.081	0	0	1	0	0	0	0	0	0	0	0	185	0	0	0	0	0	0	185	0	0	1	0	0	0	0	0	0	0	0	0	0	0	0	0	0	0	0	0	0	0	0	0	0	0	0	0	0	0	0	0	0	0	0	0	0	0	0	0	0	0	0	0	0	0	0
180	0	0	0	888	0	0	0	0	0	0	888	0	0	0.109221	0	0	0	0	0	0	0.109221	0	0	1	0	0	0	0	0	0	0	0	72	0	0	0	0	0	0	72	0	0	1	0	0	0	0	0	0	0	0	95.0102	0	0	0	0	0	0	95.0102	0	0	1	0	0	0	0	0	0	0	0	188	0	0	0	0	0	0	188	0	0	1	0	0	0	0	0	0	0	0	0	0	0	0	0	0	0	0	0	0	0	0	0	0	0	0	0	0	0	0	0	0	0	0	0	0	0	0	0	0	0	0	0	0	0	0
181	0	0	0	932	0	0	0	0	0	0	932	0	0	0.124592	0	0	0	0	0	0	0.124592	0	0	1	0	0	0	0	0	0	0	0	71	0	0	0	0	0	0	71	0	0	1	0	0	0	0	0	0	0	0	96.1657	0	0	0	0	0	0	96.1657	0	0	1	0	0	0	0	0	0	0	0	189	0	0	0	0	0	0	189	0	0	1	0	0	0	0	0	0	0	0	0	0	0	0	0	0	0	0	0	0	0	0	0	0	0	0	0	0	0	0	0	0	0	0	0	0	0	0	0	0	0	0	0	0	0	0
182	0	0	0	901	0	0	0	0	0	0	901	0	0	0.155674	0	0	0	0	0	0	0.155674	0	0	1	0	0	0	0	0	0	0	0	80	0	0	0	0	0	0	80	0	0	1	0	0	0	0	0	0	0	0	94.2315	0	0	0	0	0	0	94.2315	0	0	1	0	0	0	0	0	0	0	0	183	0	0	0	0	0	0	183	0	0	1	0	0	0	0	0	0	0	0	0	0	0	0	0	0	0	0	0	0	0	0	0	0	0	0	0	0	0	0	0	0	0	0	0	0	0	0	0	0	0	0	0	0	0	0
183	0	0	0	856	0	0	0	0	0	0	856	0	0	0.101401	0	0	0	0	0	0	0.101401	0	0	1	0	0	0	0	0	0	0	0	72	0	0	0	0	0	0	72	0	0	1	0	0	0	0	0	0	0	0	92.768	0	0	0	0	0	0	92.768	0	0	1	0	0	0	0	0	0	0	0	190	0	0	0	0	0	0	190	0	0	1	0	0	0	0	0	0	0	0	0	0	0	0	0	0	0	0	0	0	0	0	0	0	0	0	0	0	0	0	0	0	0	0	0	0	0	0	0	0	0	0	0	0	0	0
184	0	0	0	872	0	0	0	0	0	0	872	0	0	0.126246	0	0	0	0	0	0	0.126246	0	0	1	0	0	0	0	0	0	0	0	77	0	0	0	0	0	0	77	0	0	1	0	0	0	0	0	0	0	0	92.7947	0	0	0	0	0	0	92.7947	0	0	1	0	0	0	0	0	0	0	0	188	0	0	0	0	0	0	188	0	0	1	0	0	0	0	0	0	0	0	0	0	0	0	0	0	0	0	0	0	0	0	0	0	0	0	0	0	0	0	0	0	0	0	0	0	0	0	0	0	0	0	0	0	0	0
185	0	0	0	874	0	0	0	0	0	0	874	0	0	0.13726	0	0	0	0	0	0	0.13726	0	0	1	0	0	0	0	0	0	0	0	77	0	0	0	0	0	0	77	0	0	1	0	0	0	0	0	0	0	0	92.4856	0	0	0	0	0	0	92.4856	0	0	1	0	0	0	0	0	0	0	0	193	0	0	0	0	0	0	193	0	0	1	0	0	0	0	0	0	0	0	0	0	0	0	0	0	0	0	0	0	0	0	0	0	0	0	0	0	0	0	0	0	0	0	0	0	0	0	0	0	0	0	0	0	0	0
186	0	0	0	907	0	0	0	0	0	0	907	0	0	0.135568	0	0	0	0	0	0	0.135568	0	0	1	0	0	0	0	0	0	0	0	76	0	0	0	0	0	0	76	0	0	1	0	0	0	0	0	0	0	0	94.219	0	0	0	0	0	0	94.219	0	0	1	0	0	0	0	0	0	0	0	201	0	0	0	0	0	0	201	0	0	1	0	0	0	0	0	0	0	0	0	0	0	0	0	0	0	0	0	0	0	0	0	0	0	0	0	0	0	0	0	0	0	0	0	0	0	0	0	0	0	0	0	0	0	0
187	0	0	0	907	0	0	0	0	0	0	907	0	0	0.127528	0	0	0	0	0	0	0.127528	0	0	1	0	0	0	0	0	0	0	0	69	0	0	0	0	0	0	69	0	0	1	0	0	0	0	0	0	0	0	93.8487	0	0	0	0	0	0	93.8487	0	0	1	0	0	0	0	0	0	0	0	208	0	0	0	0	0	0	208	0	0	1	0	0	0	0	0	0	0	0	0	0	0	0	0	0	0	0	0	0	0	0	0	0	0	0	0	0	0	0	0	0	0	0	0	0	0	0	0	0	0	0	0	0	0	0
188	0	0	0	892	0	0	0	0	0	0	892	0	0	0.129943	0	0	0	0	0	0	0.129943	0	0	1	0	0	0	0	0	0	0	0	71	0	0	0	0	0	0	71	0	0	1	0	0	0	0	0	0	0	0	94.7379	0	0	0	0	0	0	94.7379	0	0	1	0	0	0	0	0	0	0	0	211	0	0	0	0	0	0	211	0	0	1	0	0	0	0	0	0	0	0	0	0	0	0	0	0	0	0	0	0	0	0	0	0	0	0	0	0	0	0	0	0	0	0	0	0	0	0	0	0	0	0	0	0	0	0
189	0	0	0	897	0	0	0	0	0	0	897	0	0	0.109725	0	0	0	0	0	0	0.109725	0	0	1	0	0	0	0	0	0	0	0	69	0	0	0	0	0	0	69	0	0	1	0	0	0	0	0	0	0	0	96.0242	0	0	0	0	0	0	96.0242	0	0	1	0	0	0	0	0	0	0	0	212	0	0	0	0	0	0	212	0	0	1	0	0	0	0	0	0	0	0	0	0	0	0	0	0	0	0	0	0	0	0	0	0	0	0	0	0	0	0	0	0	0	0	0	0	0	0	0	0	0	0	0	0	0	0
190	0	0	0	928	0	0	0	0	0	0	928	0	0	0.0816856	0	0	0	0	0	0	0.0816856	0	0	1	0	0	0	0	0	0	0	0	67	0	0	0	0	0	0	67	0	0	1	0	0	0	0	0	0	0	0	96.7249	0	0	0	0	0	0	96.7249	0	0	1	0	0	0	0	0	0	0	0	214	0	0	0	0	0	0	214	0	0	1	0	0	0	0	0	0	0	0	0	0	0	0	0	0	0	0	0	0	0	0	0	0	0	0	0	0	0	0	0	0	0	0	0	0	0	0	0	0	0	0	0	0	0	0
191	0	0	0	918	0	0	0	0	0	0	918	0	0	0.089264	0	0	0	0	0	0	0.089264	0	0	1	0	0	0	0	0	0	0	0	68	0	0	0	0	0	0	68	0	0	1	0	0	0	0	0	0	0	0	93.7505	0	0	0	0	0	0	93.7505	0	0	1	0	0	0	0	0	0	0	0	206	0	0	0	0	0	0	206	0	0	1	0	0	0	0	0	0	0	0	0	0	0	0	0	0	0	0	0	0	0	0	0	0	0	0	0	0	0	0	0	0	0	0	0	0	0	0	0	0	0	0	0	0	0	0
192	0	0	0	913	0	0	0	0	0	0	913	0	0	0.112419	0	0	0	0	0	0	0.112419	0	0	1	0	0	0	0	0	0	0	0	77	0	0	0	0	0	0	77	0	0	1	0	0	0	0	0	0	0	0	94.7061	0	0	0	0	0	0	94.7061	0	0	1	0	0	0	0	0	0	0	0	210	0	0	0	0	0	0	210	0	0	1	0	0	0	0	0	0	0	0	0	0	0	0	0	0	0	0	0	0	0	0	0	0	0	0	0	0	0	0	0	0	0	0	0	0	0	0	0	0	0	0	0	0	0	0
193	0	0	0	901	0	0	0	0	0	0	901	0	0	0.0984289	0	0	0	0	0	0	0.0984289	0	0	1	0	0	0	0	0	0	0	0	80	0	0	0	0	0	0	80	0	0	1	0	0	0	0	0	0	0	0	95.6361	0	0	0	0	0	0	95.6361	0	0	1	0	0	0	0	0	0	0	0	214	0	0	0	0	0	0	214	0	0	1	0	0	0	0	0	0	0	0	0	0	0	0	0	0	0	0	0	0	0	0	0	0	0	0	0	0	0	0	0	0	0	0	0	0	0	0	0	0	0	0	0	0	0	0
194	0	0	0	916	0	0	0	0	0	0	916	0	0	0.128371	0	0	0	0	0	0	0.128371	0	0	1	0	0	0	0	0	0	0	0	98	0	0	0	0	0	0	98	0	0	1	0	0	0	0	0	0	0	0	98.728	0	0	0	0	0	0	98.728	0	0	1	0	0	0	0	0	0	0	0	218	0	0	0	0	0	0	218	0	0	1	0	0	0	0	0	0	0	0	0	0	0	0	0	0	0	0	0	0	0	0	0	0	0	0	0	0	0	0	0	0	0	0	0	0	0	0	0	0	0	0	0	0	0	0
195	0	0	0	917	0	0	0	0	0	0	917	0	0	0.148552	0	0	0	0	0	0	0.148552	0	0	1	0	0	0	0	0	0	0	0	99	0	0	0	0	0	0	99	0	0	1	0	0	0	0	0	0	0	0	95.7994	0	0	0	0	0	0	95.7994	0	0	1	0	0	0	0	0	0	0	0	218	0	0	0	0	0	0	218	0	0	1	0	0	0	0	0	0	0	0	0	0	0	0	0	0	0	0	0	0	0	0	0	0	0	0	0	0	0	0	0	0	0	0	0	0	0	0	0	0	0	0	0	0	0	0
196	0	0	0	904	0	0	0	0	0	0	904	0	0	0.176737	0	0	0	0	0	0	0.176737	0	0	1	0	0	0	0	0	0	0	0	101	0	0	0	0	0	0	101	0	0	1	0	0	0	0	0	0	0	0	93.4546	0	0	0	0	0	0	93.4546	0	0	1	0	0	0	0	0	0	0	0	221	0	0	0	0	0	0	221	0	0	1	0	0	0	0	0	0	0	0	0	0	0	0	0	0	0	0	0	0	0	0	0	0	0	0	0	0	0	0	0	0	0	0	0	0	0	0	0	0	0	0	0	0	0	0
197	0	0	0	912	0	0	0	0	0	0	912	0	0	0.195172	0	0	0	0	0	0	0.195172	0	0	1	0	0	0	0	0	0	0	0	105	0	0	0	0	0	0	105	0	0	1	0	0	0	0	0	0	0	0	95.1489	0	0	0	0	0	0	95.1489	0	0	1	0	0	0	0	0	0	0	0	230	0	0	0	0	0	0	230	0	0	1	0	0	0	0	0	0	0	0	0	0	0	0	0	0	0	0	0	0	0	0	0	0	0	0	0	0	0	0	0	0	0	0	0	0	0	0	0	0	0	0	0	0	0	0
198	0	0	0	904	0	0	0	0	0	0	904	0	0	0.192285	0	0	0	0	0	0	0.192285	0	0	1	0	0	0	0	0	0	0	0	93	0	0	0	0	0	0	93	0	0	1	0	0	0	0	0	0	0	0	96.7284	0	0	0	0	0	0	96.7284	0	0	1	0	0	0	0	0	0	0	0	239	0	0	0	0	0	0	239	0	0	1	0	0	0	0	0	0	0	0	0	0	0	0	0	0	0	0	0	0	0	0	0	0	0	0	0	0	0	0	0	0	0	0	0	0	0	0	0	0	0	0	0	0	0	0
199	0	0	0	920	0	0	0	0	0	0	920	0	0	0.144532	0	0	0	0	0	0	0.144532	0	0	1	0	0	0	0	0	0	0	0	85	0	0	0	0	0	0	85	0	0	1	0	0	0	0	0	0	0	0	98.7648	0	0	0	0	0	0	98.7648	0	0	1	0	0	0	0	0	0	0	0	256	0	0	0	0	0	0	256	0	0	1	0	0	0	0	0	0	0	0	0	0	0	0	0	0	0	0	0	0	0	0	0	0	0	0	0	0	0	0	0	0	0	0	0	0	0	0	0	0	0	0	0	0	0	0
200	0	0	0	966	0	0	0	0	0	0	966	0	0	0.1518	0	0	0	0	0	0	0.1518	0	0	1	0	0	0	0	0	0	0	0	81	0	0	0	0	0	0	81	0	0	1	0	0	0	0	0	0	0	0	102.232	0	0	0	0	0	0	102.232	0	0	1	0	0	0	0	0	0	0	0	259	0	0	0	0	0	0	259	0	0	1	0	0	0	0	0	0	0	0	0	0	0	0	0	0	0	0	0	0	0	0	0	0	0	0	0	0	0	0	0	0	0	0	0	0	0	0	0	0	0	0	0	0	0	0
