Location: Fake forest
From parameter file: C:\Users\ben\Desktop\inputs\input_GMF_0-0-1-0-0-0-0-0-0.xml
Basal area is normalized to m^2/ha; density to #/ha.
Subplots:
0 = Whole plot
Step	Subplot	Sdl Abs Den: ACRU	Sdl Abs Den: ACSA	Sdl Abs Den: BEAL	Sdl Abs Den: FAGR	Sdl Abs Den: TSCA	Sdl Abs Den: FRAM	Sdl Abs Den: PIST	Sdl Abs Den: PRSE	Sdl Abs Den: QURU	Sdl Den Total:	Sapl Abs BA: ACRU	Sapl Abs BA: ACSA	Sapl Abs BA: BEAL	Sapl Abs BA: FAGR	Sapl Abs BA: TSCA	Sapl Abs BA: FRAM	Sapl Abs BA: PIST	Sapl Abs BA: PRSE	Sapl Abs BA: QURU	Sapl BA Total:	Sapl Rel BA: ACRU	Sapl Rel BA: ACSA	Sapl Rel BA: BEAL	Sapl Rel BA: FAGR	Sapl Rel BA: TSCA	Sapl Rel BA: FRAM	Sapl Rel BA: PIST	Sapl Rel BA: PRSE	Sapl Rel BA: QURU	Sapl Abs Den: ACRU	Sapl Abs Den: ACSA	Sapl Abs Den: BEAL	Sapl Abs Den: FAGR	Sapl Abs Den: TSCA	Sapl Abs Den: FRAM	Sapl Abs Den: PIST	Sapl Abs Den: PRSE	Sapl Abs Den: QURU	Sapl Den Total:	Sapl Rel Den: ACRU	Sapl Rel Den: ACSA	Sapl Rel Den: BEAL	Sapl Rel Den: FAGR	Sapl Rel Den: TSCA	Sapl Rel Den: FRAM	Sapl Rel Den: PIST	Sapl Rel Den: PRSE	Sapl Rel Den: QURU	Adult Abs BA: ACRU	Adult Abs BA: ACSA	Adult Abs BA: BEAL	Adult Abs BA: FAGR	Adult Abs BA: TSCA	Adult Abs BA: FRAM	Adult Abs BA: PIST	Adult Abs BA: PRSE	Adult Abs BA: QURU	Adult BA Total:	Adult Rel BA: ACRU	Adult Rel BA: ACSA	Adult Rel BA: BEAL	Adult Rel BA: FAGR	Adult Rel BA: TSCA	Adult Rel BA: FRAM	Adult Rel BA: PIST	Adult Rel BA: PRSE	Adult Rel BA: QURU	Adult Abs Den: ACRU	Adult Abs Den: ACSA	Adult Abs Den: BEAL	Adult Abs Den: FAGR	Adult Abs Den: TSCA	Adult Abs Den: FRAM	Adult Abs Den: PIST	Adult Abs Den: PRSE	Adult Abs Den: QURU	Adult Den Total:	Adult Rel Den: ACRU	Adult Rel Den: ACSA	Adult Rel Den: BEAL	Adult Rel Den: FAGR	Adult Rel Den: TSCA	Adult Rel Den: FRAM	Adult Rel Den: PIST	Adult Rel Den: PRSE	Adult Rel Den: QURU	Snag Abs BA: ACRU	Snag Abs BA: ACSA	Snag Abs BA: BEAL	Snag Abs BA: FAGR	Snag Abs BA: TSCA	Snag Abs BA: FRAM	Snag Abs BA: PIST	Snag Abs BA: PRSE	Snag Abs BA: QURU	Snag BA Total:	Snag Rel BA: ACRU	Snag Rel BA: ACSA	Snag Rel BA: BEAL	Snag Rel BA: FAGR	Snag Rel BA: TSCA	Snag Rel BA: FRAM	Snag Rel BA: PIST	Snag Rel BA: PRSE	Snag Rel BA: QURU	Snag Abs Den: ACRU	Snag Abs Den: ACSA	Snag Abs Den: BEAL	Snag Abs Den: FAGR	Snag Abs Den: TSCA	Snag Abs Den: FRAM	Snag Abs Den: PIST	Snag Abs Den: PRSE	Snag Abs Den: QURU	Snag Den Total:	Snag Rel Den: ACRU	Snag Rel Den: ACSA	Snag Rel Den: BEAL	Snag Rel Den: FAGR	Snag Rel Den: TSCA	Snag Rel Den: FRAM	Snag Rel Den: PIST	Snag Rel Den: PRSE	Snag Rel Den: QURU
0	0	0	0	0	0	0	0	0	0	0	0	0	0	0.000724013	0	0	0	0	0	0	0.000724013	0	0	1	0	0	0	0	0	0	0	0	25	0	0	0	0	0	0	25	0	0	1	0	0	0	0	0	0	0	0	0	0	0	0	0	0	0	0	0	0	0	0	0	0	0	0	0	0	0	0	0	0	0	0	0	0	0	0	0	0	0	0	0	0	0	0	0	0	0	0	0	0	0	0	0	0	0	0	0	0	0	0	0	0	0	0	0	0	0	0	0	0	0	0	0	0	0	0	0	0	0	0	0	0
1	0	0	0	0	0	0	0	0	0	0	0	0	0	0.00326243	0	0	0	0	0	0	0.00326243	0	0	1	0	0	0	0	0	0	0	0	22	0	0	0	0	0	0	22	0	0	1	0	0	0	0	0	0	0	0	0	0	0	0	0	0	0	0	0	0	0	0	0	0	0	0	0	0	0	0	0	0	0	0	0	0	0	0	0	0	0	0	0	0	0	0	0	0	0	0	0	0	0	0	0	0	0	0	0	0	0	0	0	0	0	0	0	0	0	0	0	0	0	0	0	0	0	0	0	0	0	0	0	0
2	0	0	0	0	0	0	0	0	0	0	0	0	0	0.0151484	0	0	0	0	0	0	0.0151484	0	0	1	0	0	0	0	0	0	0	0	21	0	0	0	0	0	0	21	0	0	1	0	0	0	0	0	0	0	0	0	0	0	0	0	0	0	0	0	0	0	0	0	0	0	0	0	0	0	0	0	0	0	0	0	0	0	0	0	0	0	0	0	0	0	0	0	0	0	0	0	0	0	0	0	0	0	0	0	0	0	0	0	0	0	0	0	0	0	0	0	0	0	0	0	0	0	0	0	0	0	0	0	0
3	0	0	0	0	0	0	0	0	0	0	0	0	0	0.0568069	0	0	0	0	0	0	0.0568069	0	0	1	0	0	0	0	0	0	0	0	18	0	0	0	0	0	0	18	0	0	1	0	0	0	0	0	0	0	0	0	0	0	0	0	0	0	0	0	0	0	0	0	0	0	0	0	0	0	0	0	0	0	0	0	0	0	0	0	0	0	0	0	0	0	0	0	0	0	0	0	0	0	0	0	0	0	0	0	0	0	0	0	0	0	0	0	0	0	0	0	0	0	0	0	0	0	0	0	0	0	0	0	0
4	0	0	0	2	0	0	0	0	0	0	2	0	0	0.0313091	0	0	0	0	0	0	0.0313091	0	0	1	0	0	0	0	0	0	0	0	5	0	0	0	0	0	0	5	0	0	1	0	0	0	0	0	0	0	0	0.227788	0	0	0	0	0	0	0.227788	0	0	1	0	0	0	0	0	0	0	0	12	0	0	0	0	0	0	12	0	0	1	0	0	0	0	0	0	0	0	0	0	0	0	0	0	0	0	0	0	0	0	0	0	0	0	0	0	0	0	0	0	0	0	0	0	0	0	0	0	0	0	0	0	0	0
5	0	0	0	5	0	0	0	0	0	0	5	0	0	0	0	0	0	0	0	0	0	0	0	0	0	0	0	0	0	0	0	0	0	0	0	0	0	0	0	0	0	0	0	0	0	0	0	0	0	0	0	0.755114	0	0	0	0	0	0	0.755114	0	0	1	0	0	0	0	0	0	0	0	17	0	0	0	0	0	0	17	0	0	1	0	0	0	0	0	0	0	0	0	0	0	0	0	0	0	0	0	0	0	0	0	0	0	0	0	0	0	0	0	0	0	0	0	0	0	0	0	0	0	0	0	0	0	0
6	0	0	0	8	0	0	0	0	0	0	8	0	0	0	0	0	0	0	0	0	0	0	0	0	0	0	0	0	0	0	0	0	0	0	0	0	0	0	0	0	0	0	0	0	0	0	0	0	0	0	0	1.14123	0	0	0	0	0	0	1.14123	0	0	1	0	0	0	0	0	0	0	0	16	0	0	0	0	0	0	16	0	0	1	0	0	0	0	0	0	0	0	0	0	0	0	0	0	0	0	0	0	0	0	0	0	0	0	0	0	0	0	0	0	0	0	0	0	0	0	0	0	0	0	0	0	0	0
7	0	0	0	13	0	0	0	0	0	0	13	0	0	0	0	0	0	0	0	0	0	0	0	0	0	0	0	0	0	0	0	0	0	0	0	0	0	0	0	0	0	0	0	0	0	0	0	0	0	0	0	1.45096	0	0	0	0	0	0	1.45096	0	0	1	0	0	0	0	0	0	0	0	15	0	0	0	0	0	0	15	0	0	1	0	0	0	0	0	0	0	0	0	0	0	0	0	0	0	0	0	0	0	0	0	0	0	0	0	0	0	0	0	0	0	0	0	0	0	0	0	0	0	0	0	0	0	0
8	0	0	0	21	0	0	0	0	0	0	21	0	0	0.000354739	0	0	0	0	0	0	0.000354739	0	0	1	0	0	0	0	0	0	0	0	2	0	0	0	0	0	0	2	0	0	1	0	0	0	0	0	0	0	0	1.82618	0	0	0	0	0	0	1.82618	0	0	1	0	0	0	0	0	0	0	0	15	0	0	0	0	0	0	15	0	0	1	0	0	0	0	0	0	0	0	0	0	0	0	0	0	0	0	0	0	0	0	0	0	0	0	0	0	0	0	0	0	0	0	0	0	0	0	0	0	0	0	0	0	0	0
9	0	0	0	17	0	0	0	0	0	0	17	0	0	0.00236411	0	0	0	0	0	0	0.00236411	0	0	1	0	0	0	0	0	0	0	0	6	0	0	0	0	0	0	6	0	0	1	0	0	0	0	0	0	0	0	1.88192	0	0	0	0	0	0	1.88192	0	0	1	0	0	0	0	0	0	0	0	13	0	0	0	0	0	0	13	0	0	1	0	0	0	0	0	0	0	0	0	0	0	0	0	0	0	0	0	0	0	0	0	0	0	0	0	0	0	0	0	0	0	0	0	0	0	0	0	0	0	0	0	0	0	0
10	0	0	0	23	0	0	0	0	0	0	23	0	0	0.0111421	0	0	0	0	0	0	0.0111421	0	0	1	0	0	0	0	0	0	0	0	7	0	0	0	0	0	0	7	0	0	1	0	0	0	0	0	0	0	0	2.20075	0	0	0	0	0	0	2.20075	0	0	1	0	0	0	0	0	0	0	0	13	0	0	0	0	0	0	13	0	0	1	0	0	0	0	0	0	0	0	0	0	0	0	0	0	0	0	0	0	0	0	0	0	0	0	0	0	0	0	0	0	0	0	0	0	0	0	0	0	0	0	0	0	0	0
11	0	0	0	26	0	0	0	0	0	0	26	0	0	0.0171272	0	0	0	0	0	0	0.0171272	0	0	1	0	0	0	0	0	0	0	0	8	0	0	0	0	0	0	8	0	0	1	0	0	0	0	0	0	0	0	2.5526	0	0	0	0	0	0	2.5526	0	0	1	0	0	0	0	0	0	0	0	15	0	0	0	0	0	0	15	0	0	1	0	0	0	0	0	0	0	0	0	0	0	0	0	0	0	0	0	0	0	0	0	0	0	0	0	0	0	0	0	0	0	0	0	0	0	0	0	0	0	0	0	0	0	0
12	0	0	0	34	0	0	0	0	0	0	34	0	0	0.00699662	0	0	0	0	0	0	0.00699662	0	0	1	0	0	0	0	0	0	0	0	7	0	0	0	0	0	0	7	0	0	1	0	0	0	0	0	0	0	0	2.98682	0	0	0	0	0	0	2.98682	0	0	1	0	0	0	0	0	0	0	0	18	0	0	0	0	0	0	18	0	0	1	0	0	0	0	0	0	0	0	0	0	0	0	0	0	0	0	0	0	0	0	0	0	0	0	0	0	0	0	0	0	0	0	0	0	0	0	0	0	0	0	0	0	0	0
13	0	0	0	40	0	0	0	0	0	0	40	0	0	0.014759	0	0	0	0	0	0	0.014759	0	0	1	0	0	0	0	0	0	0	0	10	0	0	0	0	0	0	10	0	0	1	0	0	0	0	0	0	0	0	3.39054	0	0	0	0	0	0	3.39054	0	0	1	0	0	0	0	0	0	0	0	18	0	0	0	0	0	0	18	0	0	1	0	0	0	0	0	0	0	0	0	0	0	0	0	0	0	0	0	0	0	0	0	0	0	0	0	0	0	0	0	0	0	0	0	0	0	0	0	0	0	0	0	0	0	0
14	0	0	0	46	0	0	0	0	0	0	46	0	0	0.0150724	0	0	0	0	0	0	0.0150724	0	0	1	0	0	0	0	0	0	0	0	10	0	0	0	0	0	0	10	0	0	1	0	0	0	0	0	0	0	0	3.81779	0	0	0	0	0	0	3.81779	0	0	1	0	0	0	0	0	0	0	0	20	0	0	0	0	0	0	20	0	0	1	0	0	0	0	0	0	0	0	0	0	0	0	0	0	0	0	0	0	0	0	0	0	0	0	0	0	0	0	0	0	0	0	0	0	0	0	0	0	0	0	0	0	0	0
15	0	0	0	49	0	0	0	0	0	0	49	0	0	0.01895	0	0	0	0	0	0	0.01895	0	0	1	0	0	0	0	0	0	0	0	18	0	0	0	0	0	0	18	0	0	1	0	0	0	0	0	0	0	0	3.91508	0	0	0	0	0	0	3.91508	0	0	1	0	0	0	0	0	0	0	0	19	0	0	0	0	0	0	19	0	0	1	0	0	0	0	0	0	0	0	0	0	0	0	0	0	0	0	0	0	0	0	0	0	0	0	0	0	0	0	0	0	0	0	0	0	0	0	0	0	0	0	0	0	0	0
16	0	0	0	52	0	0	0	0	0	0	52	0	0	0.0205795	0	0	0	0	0	0	0.0205795	0	0	1	0	0	0	0	0	0	0	0	19	0	0	0	0	0	0	19	0	0	1	0	0	0	0	0	0	0	0	4.45942	0	0	0	0	0	0	4.45942	0	0	1	0	0	0	0	0	0	0	0	23	0	0	0	0	0	0	23	0	0	1	0	0	0	0	0	0	0	0	0	0	0	0	0	0	0	0	0	0	0	0	0	0	0	0	0	0	0	0	0	0	0	0	0	0	0	0	0	0	0	0	0	0	0	0
17	0	0	0	55	0	0	0	0	0	0	55	0	0	0.0429026	0	0	0	0	0	0	0.0429026	0	0	1	0	0	0	0	0	0	0	0	27	0	0	0	0	0	0	27	0	0	1	0	0	0	0	0	0	0	0	5.10846	0	0	0	0	0	0	5.10846	0	0	1	0	0	0	0	0	0	0	0	26	0	0	0	0	0	0	26	0	0	1	0	0	0	0	0	0	0	0	0	0	0	0	0	0	0	0	0	0	0	0	0	0	0	0	0	0	0	0	0	0	0	0	0	0	0	0	0	0	0	0	0	0	0	0
18	0	0	0	60	0	0	0	0	0	0	60	0	0	0.0362021	0	0	0	0	0	0	0.0362021	0	0	1	0	0	0	0	0	0	0	0	26	0	0	0	0	0	0	26	0	0	1	0	0	0	0	0	0	0	0	5.27965	0	0	0	0	0	0	5.27965	0	0	1	0	0	0	0	0	0	0	0	32	0	0	0	0	0	0	32	0	0	1	0	0	0	0	0	0	0	0	0	0	0	0	0	0	0	0	0	0	0	0	0	0	0	0	0	0	0	0	0	0	0	0	0	0	0	0	0	0	0	0	0	0	0	0
19	0	0	0	63	0	0	0	0	0	0	63	0	0	0.0422463	0	0	0	0	0	0	0.0422463	0	0	1	0	0	0	0	0	0	0	0	25	0	0	0	0	0	0	25	0	0	1	0	0	0	0	0	0	0	0	5.39039	0	0	0	0	0	0	5.39039	0	0	1	0	0	0	0	0	0	0	0	35	0	0	0	0	0	0	35	0	0	1	0	0	0	0	0	0	0	0	0	0	0	0	0	0	0	0	0	0	0	0	0	0	0	0	0	0	0	0	0	0	0	0	0	0	0	0	0	0	0	0	0	0	0	0
20	0	0	0	75	0	0	0	0	0	0	75	0	0	0.0380659	0	0	0	0	0	0	0.0380659	0	0	1	0	0	0	0	0	0	0	0	26	0	0	0	0	0	0	26	0	0	1	0	0	0	0	0	0	0	0	6.41788	0	0	0	0	0	0	6.41788	0	0	1	0	0	0	0	0	0	0	0	43	0	0	0	0	0	0	43	0	0	1	0	0	0	0	0	0	0	0	0	0	0	0	0	0	0	0	0	0	0	0	0	0	0	0	0	0	0	0	0	0	0	0	0	0	0	0	0	0	0	0	0	0	0	0
21	0	0	0	76	0	0	0	0	0	0	76	0	0	0.0397035	0	0	0	0	0	0	0.0397035	0	0	1	0	0	0	0	0	0	0	0	29	0	0	0	0	0	0	29	0	0	1	0	0	0	0	0	0	0	0	7.432	0	0	0	0	0	0	7.432	0	0	1	0	0	0	0	0	0	0	0	49	0	0	0	0	0	0	49	0	0	1	0	0	0	0	0	0	0	0	0	0	0	0	0	0	0	0	0	0	0	0	0	0	0	0	0	0	0	0	0	0	0	0	0	0	0	0	0	0	0	0	0	0	0	0
22	0	0	0	86	0	0	0	0	0	0	86	0	0	0.0430583	0	0	0	0	0	0	0.0430583	0	0	1	0	0	0	0	0	0	0	0	28	0	0	0	0	0	0	28	0	0	1	0	0	0	0	0	0	0	0	8.56865	0	0	0	0	0	0	8.56865	0	0	1	0	0	0	0	0	0	0	0	55	0	0	0	0	0	0	55	0	0	1	0	0	0	0	0	0	0	0	0	0	0	0	0	0	0	0	0	0	0	0	0	0	0	0	0	0	0	0	0	0	0	0	0	0	0	0	0	0	0	0	0	0	0	0
23	0	0	0	98	0	0	0	0	0	0	98	0	0	0.0490332	0	0	0	0	0	0	0.0490332	0	0	1	0	0	0	0	0	0	0	0	35	0	0	0	0	0	0	35	0	0	1	0	0	0	0	0	0	0	0	9.08386	0	0	0	0	0	0	9.08386	0	0	1	0	0	0	0	0	0	0	0	60	0	0	0	0	0	0	60	0	0	1	0	0	0	0	0	0	0	0	0	0	0	0	0	0	0	0	0	0	0	0	0	0	0	0	0	0	0	0	0	0	0	0	0	0	0	0	0	0	0	0	0	0	0	0
24	0	0	0	117	0	0	0	0	0	0	117	0	0	0.035963	0	0	0	0	0	0	0.035963	0	0	1	0	0	0	0	0	0	0	0	32	0	0	0	0	0	0	32	0	0	1	0	0	0	0	0	0	0	0	10.018	0	0	0	0	0	0	10.018	0	0	1	0	0	0	0	0	0	0	0	69	0	0	0	0	0	0	69	0	0	1	0	0	0	0	0	0	0	0	0	0	0	0	0	0	0	0	0	0	0	0	0	0	0	0	0	0	0	0	0	0	0	0	0	0	0	0	0	0	0	0	0	0	0	0
25	0	0	0	130	0	0	0	0	0	0	130	0	0	0.0624125	0	0	0	0	0	0	0.0624125	0	0	1	0	0	0	0	0	0	0	0	36	0	0	0	0	0	0	36	0	0	1	0	0	0	0	0	0	0	0	11.4416	0	0	0	0	0	0	11.4416	0	0	1	0	0	0	0	0	0	0	0	72	0	0	0	0	0	0	72	0	0	1	0	0	0	0	0	0	0	0	0	0	0	0	0	0	0	0	0	0	0	0	0	0	0	0	0	0	0	0	0	0	0	0	0	0	0	0	0	0	0	0	0	0	0	0
26	0	0	0	138	0	0	0	0	0	0	138	0	0	0.0484644	0	0	0	0	0	0	0.0484644	0	0	1	0	0	0	0	0	0	0	0	42	0	0	0	0	0	0	42	0	0	1	0	0	0	0	0	0	0	0	12.7259	0	0	0	0	0	0	12.7259	0	0	1	0	0	0	0	0	0	0	0	84	0	0	0	0	0	0	84	0	0	1	0	0	0	0	0	0	0	0	0	0	0	0	0	0	0	0	0	0	0	0	0	0	0	0	0	0	0	0	0	0	0	0	0	0	0	0	0	0	0	0	0	0	0	0
27	0	0	0	164	0	0	0	0	0	0	164	0	0	0.0491497	0	0	0	0	0	0	0.0491497	0	0	1	0	0	0	0	0	0	0	0	48	0	0	0	0	0	0	48	0	0	1	0	0	0	0	0	0	0	0	14.7913	0	0	0	0	0	0	14.7913	0	0	1	0	0	0	0	0	0	0	0	90	0	0	0	0	0	0	90	0	0	1	0	0	0	0	0	0	0	0	0	0	0	0	0	0	0	0	0	0	0	0	0	0	0	0	0	0	0	0	0	0	0	0	0	0	0	0	0	0	0	0	0	0	0	0
28	0	0	0	189	0	0	0	0	0	0	189	0	0	0.0823063	0	0	0	0	0	0	0.0823063	0	0	1	0	0	0	0	0	0	0	0	58	0	0	0	0	0	0	58	0	0	1	0	0	0	0	0	0	0	0	16.6226	0	0	0	0	0	0	16.6226	0	0	1	0	0	0	0	0	0	0	0	98	0	0	0	0	0	0	98	0	0	1	0	0	0	0	0	0	0	0	0	0	0	0	0	0	0	0	0	0	0	0	0	0	0	0	0	0	0	0	0	0	0	0	0	0	0	0	0	0	0	0	0	0	0	0
29	0	0	0	208	0	0	0	0	0	0	208	0	0	0.0665797	0	0	0	0	0	0	0.0665797	0	0	1	0	0	0	0	0	0	0	0	53	0	0	0	0	0	0	53	0	0	1	0	0	0	0	0	0	0	0	18.7236	0	0	0	0	0	0	18.7236	0	0	1	0	0	0	0	0	0	0	0	113	0	0	0	0	0	0	113	0	0	1	0	0	0	0	0	0	0	0	0	0	0	0	0	0	0	0	0	0	0	0	0	0	0	0	0	0	0	0	0	0	0	0	0	0	0	0	0	0	0	0	0	0	0	0
30	0	0	0	228	0	0	0	0	0	0	228	0	0	0.0733106	0	0	0	0	0	0	0.0733106	0	0	1	0	0	0	0	0	0	0	0	69	0	0	0	0	0	0	69	0	0	1	0	0	0	0	0	0	0	0	19.6798	0	0	0	0	0	0	19.6798	0	0	1	0	0	0	0	0	0	0	0	119	0	0	0	0	0	0	119	0	0	1	0	0	0	0	0	0	0	0	0	0	0	0	0	0	0	0	0	0	0	0	0	0	0	0	0	0	0	0	0	0	0	0	0	0	0	0	0	0	0	0	0	0	0	0
31	0	0	0	230	0	0	0	0	0	0	230	0	0	0.0881177	0	0	0	0	0	0	0.0881177	0	0	1	0	0	0	0	0	0	0	0	85	0	0	0	0	0	0	85	0	0	1	0	0	0	0	0	0	0	0	21.5836	0	0	0	0	0	0	21.5836	0	0	1	0	0	0	0	0	0	0	0	127	0	0	0	0	0	0	127	0	0	1	0	0	0	0	0	0	0	0	0	0	0	0	0	0	0	0	0	0	0	0	0	0	0	0	0	0	0	0	0	0	0	0	0	0	0	0	0	0	0	0	0	0	0	0
32	0	0	0	236	0	0	0	0	0	0	236	0	0	0.143937	0	0	0	0	0	0	0.143937	0	0	1	0	0	0	0	0	0	0	0	101	0	0	0	0	0	0	101	0	0	1	0	0	0	0	0	0	0	0	24.4619	0	0	0	0	0	0	24.4619	0	0	1	0	0	0	0	0	0	0	0	138	0	0	0	0	0	0	138	0	0	1	0	0	0	0	0	0	0	0	0	0	0	0	0	0	0	0	0	0	0	0	0	0	0	0	0	0	0	0	0	0	0	0	0	0	0	0	0	0	0	0	0	0	0	0
33	0	0	0	273	0	0	0	0	0	0	273	0	0	0.135187	0	0	0	0	0	0	0.135187	0	0	1	0	0	0	0	0	0	0	0	100	0	0	0	0	0	0	100	0	0	1	0	0	0	0	0	0	0	0	26.7445	0	0	0	0	0	0	26.7445	0	0	1	0	0	0	0	0	0	0	0	156	0	0	0	0	0	0	156	0	0	1	0	0	0	0	0	0	0	0	0	0	0	0	0	0	0	0	0	0	0	0	0	0	0	0	0	0	0	0	0	0	0	0	0	0	0	0	0	0	0	0	0	0	0	0
34	0	0	0	303	0	0	0	0	0	0	303	0	0	0.195291	0	0	0	0	0	0	0.195291	0	0	1	0	0	0	0	0	0	0	0	109	0	0	0	0	0	0	109	0	0	1	0	0	0	0	0	0	0	0	29.1476	0	0	0	0	0	0	29.1476	0	0	1	0	0	0	0	0	0	0	0	161	0	0	0	0	0	0	161	0	0	1	0	0	0	0	0	0	0	0	0	0	0	0	0	0	0	0	0	0	0	0	0	0	0	0	0	0	0	0	0	0	0	0	0	0	0	0	0	0	0	0	0	0	0	0
35	0	0	0	326	0	0	0	0	0	0	326	0	0	0.163887	0	0	0	0	0	0	0.163887	0	0	1	0	0	0	0	0	0	0	0	102	0	0	0	0	0	0	102	0	0	1	0	0	0	0	0	0	0	0	31.904	0	0	0	0	0	0	31.904	0	0	1	0	0	0	0	0	0	0	0	187	0	0	0	0	0	0	187	0	0	1	0	0	0	0	0	0	0	0	0	0	0	0	0	0	0	0	0	0	0	0	0	0	0	0	0	0	0	0	0	0	0	0	0	0	0	0	0	0	0	0	0	0	0	0
36	0	0	0	365	0	0	0	0	0	0	365	0	0	0.127514	0	0	0	0	0	0	0.127514	0	0	1	0	0	0	0	0	0	0	0	88	0	0	0	0	0	0	88	0	0	1	0	0	0	0	0	0	0	0	35.1841	0	0	0	0	0	0	35.1841	0	0	1	0	0	0	0	0	0	0	0	206	0	0	0	0	0	0	206	0	0	1	0	0	0	0	0	0	0	0	0	0	0	0	0	0	0	0	0	0	0	0	0	0	0	0	0	0	0	0	0	0	0	0	0	0	0	0	0	0	0	0	0	0	0	0
37	0	0	0	397	0	0	0	0	0	0	397	0	0	0.15113	0	0	0	0	0	0	0.15113	0	0	1	0	0	0	0	0	0	0	0	104	0	0	0	0	0	0	104	0	0	1	0	0	0	0	0	0	0	0	39.0858	0	0	0	0	0	0	39.0858	0	0	1	0	0	0	0	0	0	0	0	219	0	0	0	0	0	0	219	0	0	1	0	0	0	0	0	0	0	0	0	0	0	0	0	0	0	0	0	0	0	0	0	0	0	0	0	0	0	0	0	0	0	0	0	0	0	0	0	0	0	0	0	0	0	0
38	0	0	0	417	0	0	0	0	0	0	417	0	0	0.147994	0	0	0	0	0	0	0.147994	0	0	1	0	0	0	0	0	0	0	0	101	0	0	0	0	0	0	101	0	0	1	0	0	0	0	0	0	0	0	41.1252	0	0	0	0	0	0	41.1252	0	0	1	0	0	0	0	0	0	0	0	224	0	0	0	0	0	0	224	0	0	1	0	0	0	0	0	0	0	0	0	0	0	0	0	0	0	0	0	0	0	0	0	0	0	0	0	0	0	0	0	0	0	0	0	0	0	0	0	0	0	0	0	0	0	0
39	0	0	0	451	0	0	0	0	0	0	451	0	0	0.175857	0	0	0	0	0	0	0.175857	0	0	1	0	0	0	0	0	0	0	0	107	0	0	0	0	0	0	107	0	0	1	0	0	0	0	0	0	0	0	44.0477	0	0	0	0	0	0	44.0477	0	0	1	0	0	0	0	0	0	0	0	229	0	0	0	0	0	0	229	0	0	1	0	0	0	0	0	0	0	0	0	0	0	0	0	0	0	0	0	0	0	0	0	0	0	0	0	0	0	0	0	0	0	0	0	0	0	0	0	0	0	0	0	0	0	0
40	0	0	0	478	0	0	0	0	0	0	478	0	0	0.171202	0	0	0	0	0	0	0.171202	0	0	1	0	0	0	0	0	0	0	0	107	0	0	0	0	0	0	107	0	0	1	0	0	0	0	0	0	0	0	46.7064	0	0	0	0	0	0	46.7064	0	0	1	0	0	0	0	0	0	0	0	236	0	0	0	0	0	0	236	0	0	1	0	0	0	0	0	0	0	0	0	0	0	0	0	0	0	0	0	0	0	0	0	0	0	0	0	0	0	0	0	0	0	0	0	0	0	0	0	0	0	0	0	0	0	0
41	0	0	0	471	0	0	0	0	0	0	471	0	0	0.165549	0	0	0	0	0	0	0.165549	0	0	1	0	0	0	0	0	0	0	0	112	0	0	0	0	0	0	112	0	0	1	0	0	0	0	0	0	0	0	49.5851	0	0	0	0	0	0	49.5851	0	0	1	0	0	0	0	0	0	0	0	248	0	0	0	0	0	0	248	0	0	1	0	0	0	0	0	0	0	0	0	0	0	0	0	0	0	0	0	0	0	0	0	0	0	0	0	0	0	0	0	0	0	0	0	0	0	0	0	0	0	0	0	0	0	0
42	0	0	0	494	0	0	0	0	0	0	494	0	0	0.173061	0	0	0	0	0	0	0.173061	0	0	1	0	0	0	0	0	0	0	0	105	0	0	0	0	0	0	105	0	0	1	0	0	0	0	0	0	0	0	52.4471	0	0	0	0	0	0	52.4471	0	0	1	0	0	0	0	0	0	0	0	250	0	0	0	0	0	0	250	0	0	1	0	0	0	0	0	0	0	0	0	0	0	0	0	0	0	0	0	0	0	0	0	0	0	0	0	0	0	0	0	0	0	0	0	0	0	0	0	0	0	0	0	0	0	0
43	0	0	0	529	0	0	0	0	0	0	529	0	0	0.173981	0	0	0	0	0	0	0.173981	0	0	1	0	0	0	0	0	0	0	0	100	0	0	0	0	0	0	100	0	0	1	0	0	0	0	0	0	0	0	54.6413	0	0	0	0	0	0	54.6413	0	0	1	0	0	0	0	0	0	0	0	252	0	0	0	0	0	0	252	0	0	1	0	0	0	0	0	0	0	0	0	0	0	0	0	0	0	0	0	0	0	0	0	0	0	0	0	0	0	0	0	0	0	0	0	0	0	0	0	0	0	0	0	0	0	0
44	0	0	0	540	0	0	0	0	0	0	540	0	0	0.192256	0	0	0	0	0	0	0.192256	0	0	1	0	0	0	0	0	0	0	0	93	0	0	0	0	0	0	93	0	0	1	0	0	0	0	0	0	0	0	56.8887	0	0	0	0	0	0	56.8887	0	0	1	0	0	0	0	0	0	0	0	251	0	0	0	0	0	0	251	0	0	1	0	0	0	0	0	0	0	0	0	0	0	0	0	0	0	0	0	0	0	0	0	0	0	0	0	0	0	0	0	0	0	0	0	0	0	0	0	0	0	0	0	0	0	0
45	0	0	0	566	0	0	0	0	0	0	566	0	0	0.186305	0	0	0	0	0	0	0.186305	0	0	1	0	0	0	0	0	0	0	0	87	0	0	0	0	0	0	87	0	0	1	0	0	0	0	0	0	0	0	60.156	0	0	0	0	0	0	60.156	0	0	1	0	0	0	0	0	0	0	0	255	0	0	0	0	0	0	255	0	0	1	0	0	0	0	0	0	0	0	0	0	0	0	0	0	0	0	0	0	0	0	0	0	0	0	0	0	0	0	0	0	0	0	0	0	0	0	0	0	0	0	0	0	0	0
46	0	0	0	594	0	0	0	0	0	0	594	0	0	0.165142	0	0	0	0	0	0	0.165142	0	0	1	0	0	0	0	0	0	0	0	81	0	0	0	0	0	0	81	0	0	1	0	0	0	0	0	0	0	0	63.1366	0	0	0	0	0	0	63.1366	0	0	1	0	0	0	0	0	0	0	0	256	0	0	0	0	0	0	256	0	0	1	0	0	0	0	0	0	0	0	0	0	0	0	0	0	0	0	0	0	0	0	0	0	0	0	0	0	0	0	0	0	0	0	0	0	0	0	0	0	0	0	0	0	0	0
47	0	0	0	606	0	0	0	0	0	0	606	0	0	0.139077	0	0	0	0	0	0	0.139077	0	0	1	0	0	0	0	0	0	0	0	81	0	0	0	0	0	0	81	0	0	1	0	0	0	0	0	0	0	0	66.2036	0	0	0	0	0	0	66.2036	0	0	1	0	0	0	0	0	0	0	0	258	0	0	0	0	0	0	258	0	0	1	0	0	0	0	0	0	0	0	0	0	0	0	0	0	0	0	0	0	0	0	0	0	0	0	0	0	0	0	0	0	0	0	0	0	0	0	0	0	0	0	0	0	0	0
48	0	0	0	622	0	0	0	0	0	0	622	0	0	0.148369	0	0	0	0	0	0	0.148369	0	0	1	0	0	0	0	0	0	0	0	84	0	0	0	0	0	0	84	0	0	1	0	0	0	0	0	0	0	0	69.4475	0	0	0	0	0	0	69.4475	0	0	1	0	0	0	0	0	0	0	0	257	0	0	0	0	0	0	257	0	0	1	0	0	0	0	0	0	0	0	0	0	0	0	0	0	0	0	0	0	0	0	0	0	0	0	0	0	0	0	0	0	0	0	0	0	0	0	0	0	0	0	0	0	0	0
49	0	0	0	635	0	0	0	0	0	0	635	0	0	0.160659	0	0	0	0	0	0	0.160659	0	0	1	0	0	0	0	0	0	0	0	83	0	0	0	0	0	0	83	0	0	1	0	0	0	0	0	0	0	0	70.5164	0	0	0	0	0	0	70.5164	0	0	1	0	0	0	0	0	0	0	0	248	0	0	0	0	0	0	248	0	0	1	0	0	0	0	0	0	0	0	0	0	0	0	0	0	0	0	0	0	0	0	0	0	0	0	0	0	0	0	0	0	0	0	0	0	0	0	0	0	0	0	0	0	0	0
50	0	0	0	654	0	0	0	0	0	0	654	0	0	0.150017	0	0	0	0	0	0	0.150017	0	0	1	0	0	0	0	0	0	0	0	77	0	0	0	0	0	0	77	0	0	1	0	0	0	0	0	0	0	0	71.7475	0	0	0	0	0	0	71.7475	0	0	1	0	0	0	0	0	0	0	0	246	0	0	0	0	0	0	246	0	0	1	0	0	0	0	0	0	0	0	0	0	0	0	0	0	0	0	0	0	0	0	0	0	0	0	0	0	0	0	0	0	0	0	0	0	0	0	0	0	0	0	0	0	0	0
51	0	0	0	655	0	0	0	0	0	0	655	0	0	0.145875	0	0	0	0	0	0	0.145875	0	0	1	0	0	0	0	0	0	0	0	68	0	0	0	0	0	0	68	0	0	1	0	0	0	0	0	0	0	0	72.6723	0	0	0	0	0	0	72.6723	0	0	1	0	0	0	0	0	0	0	0	242	0	0	0	0	0	0	242	0	0	1	0	0	0	0	0	0	0	0	0	0	0	0	0	0	0	0	0	0	0	0	0	0	0	0	0	0	0	0	0	0	0	0	0	0	0	0	0	0	0	0	0	0	0	0
52	0	0	0	640	0	0	0	0	0	0	640	0	0	0.121705	0	0	0	0	0	0	0.121705	0	0	1	0	0	0	0	0	0	0	0	67	0	0	0	0	0	0	67	0	0	1	0	0	0	0	0	0	0	0	72.9998	0	0	0	0	0	0	72.9998	0	0	1	0	0	0	0	0	0	0	0	236	0	0	0	0	0	0	236	0	0	1	0	0	0	0	0	0	0	0	0	0	0	0	0	0	0	0	0	0	0	0	0	0	0	0	0	0	0	0	0	0	0	0	0	0	0	0	0	0	0	0	0	0	0	0
53	0	0	0	652	0	0	0	0	0	0	652	0	0	0.141783	0	0	0	0	0	0	0.141783	0	0	1	0	0	0	0	0	0	0	0	73	0	0	0	0	0	0	73	0	0	1	0	0	0	0	0	0	0	0	74.3422	0	0	0	0	0	0	74.3422	0	0	1	0	0	0	0	0	0	0	0	228	0	0	0	0	0	0	228	0	0	1	0	0	0	0	0	0	0	0	0	0	0	0	0	0	0	0	0	0	0	0	0	0	0	0	0	0	0	0	0	0	0	0	0	0	0	0	0	0	0	0	0	0	0	0
54	0	0	0	644	0	0	0	0	0	0	644	0	0	0.141348	0	0	0	0	0	0	0.141348	0	0	1	0	0	0	0	0	0	0	0	76	0	0	0	0	0	0	76	0	0	1	0	0	0	0	0	0	0	0	76.5571	0	0	0	0	0	0	76.5571	0	0	1	0	0	0	0	0	0	0	0	225	0	0	0	0	0	0	225	0	0	1	0	0	0	0	0	0	0	0	0	0	0	0	0	0	0	0	0	0	0	0	0	0	0	0	0	0	0	0	0	0	0	0	0	0	0	0	0	0	0	0	0	0	0	0
55	0	0	0	704	0	0	0	0	0	0	704	0	0	0.14655	0	0	0	0	0	0	0.14655	0	0	1	0	0	0	0	0	0	0	0	76	0	0	0	0	0	0	76	0	0	1	0	0	0	0	0	0	0	0	78.6279	0	0	0	0	0	0	78.6279	0	0	1	0	0	0	0	0	0	0	0	223	0	0	0	0	0	0	223	0	0	1	0	0	0	0	0	0	0	0	0	0	0	0	0	0	0	0	0	0	0	0	0	0	0	0	0	0	0	0	0	0	0	0	0	0	0	0	0	0	0	0	0	0	0	0
56	0	0	0	687	0	0	0	0	0	0	687	0	0	0.178013	0	0	0	0	0	0	0.178013	0	0	1	0	0	0	0	0	0	0	0	79	0	0	0	0	0	0	79	0	0	1	0	0	0	0	0	0	0	0	78.3835	0	0	0	0	0	0	78.3835	0	0	1	0	0	0	0	0	0	0	0	214	0	0	0	0	0	0	214	0	0	1	0	0	0	0	0	0	0	0	0	0	0	0	0	0	0	0	0	0	0	0	0	0	0	0	0	0	0	0	0	0	0	0	0	0	0	0	0	0	0	0	0	0	0	0
57	0	0	0	692	0	0	0	0	0	0	692	0	0	0.154169	0	0	0	0	0	0	0.154169	0	0	1	0	0	0	0	0	0	0	0	68	0	0	0	0	0	0	68	0	0	1	0	0	0	0	0	0	0	0	78.9056	0	0	0	0	0	0	78.9056	0	0	1	0	0	0	0	0	0	0	0	210	0	0	0	0	0	0	210	0	0	1	0	0	0	0	0	0	0	0	0	0	0	0	0	0	0	0	0	0	0	0	0	0	0	0	0	0	0	0	0	0	0	0	0	0	0	0	0	0	0	0	0	0	0	0
58	0	0	0	712	0	0	0	0	0	0	712	0	0	0.145275	0	0	0	0	0	0	0.145275	0	0	1	0	0	0	0	0	0	0	0	60	0	0	0	0	0	0	60	0	0	1	0	0	0	0	0	0	0	0	81.0278	0	0	0	0	0	0	81.0278	0	0	1	0	0	0	0	0	0	0	0	211	0	0	0	0	0	0	211	0	0	1	0	0	0	0	0	0	0	0	0	0	0	0	0	0	0	0	0	0	0	0	0	0	0	0	0	0	0	0	0	0	0	0	0	0	0	0	0	0	0	0	0	0	0	0
59	0	0	0	691	0	0	0	0	0	0	691	0	0	0.147421	0	0	0	0	0	0	0.147421	0	0	1	0	0	0	0	0	0	0	0	64	0	0	0	0	0	0	64	0	0	1	0	0	0	0	0	0	0	0	75.2671	0	0	0	0	0	0	75.2671	0	0	1	0	0	0	0	0	0	0	0	194	0	0	0	0	0	0	194	0	0	1	0	0	0	0	0	0	0	0	0	0	0	0	0	0	0	0	0	0	0	0	0	0	0	0	0	0	0	0	0	0	0	0	0	0	0	0	0	0	0	0	0	0	0	0
60	0	0	0	688	0	0	0	0	0	0	688	0	0	0.153047	0	0	0	0	0	0	0.153047	0	0	1	0	0	0	0	0	0	0	0	65	0	0	0	0	0	0	65	0	0	1	0	0	0	0	0	0	0	0	75.2007	0	0	0	0	0	0	75.2007	0	0	1	0	0	0	0	0	0	0	0	186	0	0	0	0	0	0	186	0	0	1	0	0	0	0	0	0	0	0	0	0	0	0	0	0	0	0	0	0	0	0	0	0	0	0	0	0	0	0	0	0	0	0	0	0	0	0	0	0	0	0	0	0	0	0
61	0	0	0	693	0	0	0	0	0	0	693	0	0	0.155879	0	0	0	0	0	0	0.155879	0	0	1	0	0	0	0	0	0	0	0	61	0	0	0	0	0	0	61	0	0	1	0	0	0	0	0	0	0	0	75.1052	0	0	0	0	0	0	75.1052	0	0	1	0	0	0	0	0	0	0	0	182	0	0	0	0	0	0	182	0	0	1	0	0	0	0	0	0	0	0	0	0	0	0	0	0	0	0	0	0	0	0	0	0	0	0	0	0	0	0	0	0	0	0	0	0	0	0	0	0	0	0	0	0	0	0
62	0	0	0	694	0	0	0	0	0	0	694	0	0	0.155785	0	0	0	0	0	0	0.155785	0	0	1	0	0	0	0	0	0	0	0	67	0	0	0	0	0	0	67	0	0	1	0	0	0	0	0	0	0	0	75.2574	0	0	0	0	0	0	75.2574	0	0	1	0	0	0	0	0	0	0	0	182	0	0	0	0	0	0	182	0	0	1	0	0	0	0	0	0	0	0	0	0	0	0	0	0	0	0	0	0	0	0	0	0	0	0	0	0	0	0	0	0	0	0	0	0	0	0	0	0	0	0	0	0	0	0
63	0	0	0	661	0	0	0	0	0	0	661	0	0	0.112546	0	0	0	0	0	0	0.112546	0	0	1	0	0	0	0	0	0	0	0	62	0	0	0	0	0	0	62	0	0	1	0	0	0	0	0	0	0	0	73.9313	0	0	0	0	0	0	73.9313	0	0	1	0	0	0	0	0	0	0	0	181	0	0	0	0	0	0	181	0	0	1	0	0	0	0	0	0	0	0	0	0	0	0	0	0	0	0	0	0	0	0	0	0	0	0	0	0	0	0	0	0	0	0	0	0	0	0	0	0	0	0	0	0	0	0
64	0	0	0	697	0	0	0	0	0	0	697	0	0	0.0841054	0	0	0	0	0	0	0.0841054	0	0	1	0	0	0	0	0	0	0	0	69	0	0	0	0	0	0	69	0	0	1	0	0	0	0	0	0	0	0	74.7639	0	0	0	0	0	0	74.7639	0	0	1	0	0	0	0	0	0	0	0	183	0	0	0	0	0	0	183	0	0	1	0	0	0	0	0	0	0	0	0	0	0	0	0	0	0	0	0	0	0	0	0	0	0	0	0	0	0	0	0	0	0	0	0	0	0	0	0	0	0	0	0	0	0	0
65	0	0	0	726	0	0	0	0	0	0	726	0	0	0.103443	0	0	0	0	0	0	0.103443	0	0	1	0	0	0	0	0	0	0	0	69	0	0	0	0	0	0	69	0	0	1	0	0	0	0	0	0	0	0	74.892	0	0	0	0	0	0	74.892	0	0	1	0	0	0	0	0	0	0	0	179	0	0	0	0	0	0	179	0	0	1	0	0	0	0	0	0	0	0	0	0	0	0	0	0	0	0	0	0	0	0	0	0	0	0	0	0	0	0	0	0	0	0	0	0	0	0	0	0	0	0	0	0	0	0
66	0	0	0	729	0	0	0	0	0	0	729	0	0	0.102683	0	0	0	0	0	0	0.102683	0	0	1	0	0	0	0	0	0	0	0	78	0	0	0	0	0	0	78	0	0	1	0	0	0	0	0	0	0	0	77.2688	0	0	0	0	0	0	77.2688	0	0	1	0	0	0	0	0	0	0	0	180	0	0	0	0	0	0	180	0	0	1	0	0	0	0	0	0	0	0	0	0	0	0	0	0	0	0	0	0	0	0	0	0	0	0	0	0	0	0	0	0	0	0	0	0	0	0	0	0	0	0	0	0	0	0
67	0	0	0	747	0	0	0	0	0	0	747	0	0	0.118185	0	0	0	0	0	0	0.118185	0	0	1	0	0	0	0	0	0	0	0	79	0	0	0	0	0	0	79	0	0	1	0	0	0	0	0	0	0	0	78.574	0	0	0	0	0	0	78.574	0	0	1	0	0	0	0	0	0	0	0	176	0	0	0	0	0	0	176	0	0	1	0	0	0	0	0	0	0	0	0	0	0	0	0	0	0	0	0	0	0	0	0	0	0	0	0	0	0	0	0	0	0	0	0	0	0	0	0	0	0	0	0	0	0	0
68	0	0	0	742	0	0	0	0	0	0	742	0	0	0.167405	0	0	0	0	0	0	0.167405	0	0	1	0	0	0	0	0	0	0	0	90	0	0	0	0	0	0	90	0	0	1	0	0	0	0	0	0	0	0	79.5556	0	0	0	0	0	0	79.5556	0	0	1	0	0	0	0	0	0	0	0	173	0	0	0	0	0	0	173	0	0	1	0	0	0	0	0	0	0	0	0	0	0	0	0	0	0	0	0	0	0	0	0	0	0	0	0	0	0	0	0	0	0	0	0	0	0	0	0	0	0	0	0	0	0	0
69	0	0	0	756	0	0	0	0	0	0	756	0	0	0.172014	0	0	0	0	0	0	0.172014	0	0	1	0	0	0	0	0	0	0	0	90	0	0	0	0	0	0	90	0	0	1	0	0	0	0	0	0	0	0	79.4783	0	0	0	0	0	0	79.4783	0	0	1	0	0	0	0	0	0	0	0	176	0	0	0	0	0	0	176	0	0	1	0	0	0	0	0	0	0	0	0	0	0	0	0	0	0	0	0	0	0	0	0	0	0	0	0	0	0	0	0	0	0	0	0	0	0	0	0	0	0	0	0	0	0	0
70	0	0	0	758	0	0	0	0	0	0	758	0	0	0.150546	0	0	0	0	0	0	0.150546	0	0	1	0	0	0	0	0	0	0	0	80	0	0	0	0	0	0	80	0	0	1	0	0	0	0	0	0	0	0	77.7013	0	0	0	0	0	0	77.7013	0	0	1	0	0	0	0	0	0	0	0	182	0	0	0	0	0	0	182	0	0	1	0	0	0	0	0	0	0	0	0	0	0	0	0	0	0	0	0	0	0	0	0	0	0	0	0	0	0	0	0	0	0	0	0	0	0	0	0	0	0	0	0	0	0	0
71	0	0	0	761	0	0	0	0	0	0	761	0	0	0.146099	0	0	0	0	0	0	0.146099	0	0	1	0	0	0	0	0	0	0	0	83	0	0	0	0	0	0	83	0	0	1	0	0	0	0	0	0	0	0	77.894	0	0	0	0	0	0	77.894	0	0	1	0	0	0	0	0	0	0	0	185	0	0	0	0	0	0	185	0	0	1	0	0	0	0	0	0	0	0	0	0	0	0	0	0	0	0	0	0	0	0	0	0	0	0	0	0	0	0	0	0	0	0	0	0	0	0	0	0	0	0	0	0	0	0
72	0	0	0	719	0	0	0	0	0	0	719	0	0	0.148212	0	0	0	0	0	0	0.148212	0	0	1	0	0	0	0	0	0	0	0	85	0	0	0	0	0	0	85	0	0	1	0	0	0	0	0	0	0	0	75.9962	0	0	0	0	0	0	75.9962	0	0	1	0	0	0	0	0	0	0	0	184	0	0	0	0	0	0	184	0	0	1	0	0	0	0	0	0	0	0	0	0	0	0	0	0	0	0	0	0	0	0	0	0	0	0	0	0	0	0	0	0	0	0	0	0	0	0	0	0	0	0	0	0	0	0
73	0	0	0	712	0	0	0	0	0	0	712	0	0	0.143922	0	0	0	0	0	0	0.143922	0	0	1	0	0	0	0	0	0	0	0	81	0	0	0	0	0	0	81	0	0	1	0	0	0	0	0	0	0	0	74.8504	0	0	0	0	0	0	74.8504	0	0	1	0	0	0	0	0	0	0	0	183	0	0	0	0	0	0	183	0	0	1	0	0	0	0	0	0	0	0	0	0	0	0	0	0	0	0	0	0	0	0	0	0	0	0	0	0	0	0	0	0	0	0	0	0	0	0	0	0	0	0	0	0	0	0
74	0	0	0	723	0	0	0	0	0	0	723	0	0	0.13145	0	0	0	0	0	0	0.13145	0	0	1	0	0	0	0	0	0	0	0	76	0	0	0	0	0	0	76	0	0	1	0	0	0	0	0	0	0	0	76.0701	0	0	0	0	0	0	76.0701	0	0	1	0	0	0	0	0	0	0	0	186	0	0	0	0	0	0	186	0	0	1	0	0	0	0	0	0	0	0	0	0	0	0	0	0	0	0	0	0	0	0	0	0	0	0	0	0	0	0	0	0	0	0	0	0	0	0	0	0	0	0	0	0	0	0
75	0	0	0	758	0	0	0	0	0	0	758	0	0	0.146203	0	0	0	0	0	0	0.146203	0	0	1	0	0	0	0	0	0	0	0	71	0	0	0	0	0	0	71	0	0	1	0	0	0	0	0	0	0	0	78.7409	0	0	0	0	0	0	78.7409	0	0	1	0	0	0	0	0	0	0	0	189	0	0	0	0	0	0	189	0	0	1	0	0	0	0	0	0	0	0	0	0	0	0	0	0	0	0	0	0	0	0	0	0	0	0	0	0	0	0	0	0	0	0	0	0	0	0	0	0	0	0	0	0	0	0
76	0	0	0	764	0	0	0	0	0	0	764	0	0	0.139713	0	0	0	0	0	0	0.139713	0	0	1	0	0	0	0	0	0	0	0	74	0	0	0	0	0	0	74	0	0	1	0	0	0	0	0	0	0	0	79.4207	0	0	0	0	0	0	79.4207	0	0	1	0	0	0	0	0	0	0	0	186	0	0	0	0	0	0	186	0	0	1	0	0	0	0	0	0	0	0	0	0	0	0	0	0	0	0	0	0	0	0	0	0	0	0	0	0	0	0	0	0	0	0	0	0	0	0	0	0	0	0	0	0	0	0
77	0	0	0	809	0	0	0	0	0	0	809	0	0	0.102942	0	0	0	0	0	0	0.102942	0	0	1	0	0	0	0	0	0	0	0	71	0	0	0	0	0	0	71	0	0	1	0	0	0	0	0	0	0	0	80.4904	0	0	0	0	0	0	80.4904	0	0	1	0	0	0	0	0	0	0	0	186	0	0	0	0	0	0	186	0	0	1	0	0	0	0	0	0	0	0	0	0	0	0	0	0	0	0	0	0	0	0	0	0	0	0	0	0	0	0	0	0	0	0	0	0	0	0	0	0	0	0	0	0	0	0
78	0	0	0	779	0	0	0	0	0	0	779	0	0	0.0951699	0	0	0	0	0	0	0.0951699	0	0	1	0	0	0	0	0	0	0	0	76	0	0	0	0	0	0	76	0	0	1	0	0	0	0	0	0	0	0	80.5018	0	0	0	0	0	0	80.5018	0	0	1	0	0	0	0	0	0	0	0	183	0	0	0	0	0	0	183	0	0	1	0	0	0	0	0	0	0	0	0	0	0	0	0	0	0	0	0	0	0	0	0	0	0	0	0	0	0	0	0	0	0	0	0	0	0	0	0	0	0	0	0	0	0	0
79	0	0	0	792	0	0	0	0	0	0	792	0	0	0.128247	0	0	0	0	0	0	0.128247	0	0	1	0	0	0	0	0	0	0	0	86	0	0	0	0	0	0	86	0	0	1	0	0	0	0	0	0	0	0	81.3839	0	0	0	0	0	0	81.3839	0	0	1	0	0	0	0	0	0	0	0	181	0	0	0	0	0	0	181	0	0	1	0	0	0	0	0	0	0	0	0	0	0	0	0	0	0	0	0	0	0	0	0	0	0	0	0	0	0	0	0	0	0	0	0	0	0	0	0	0	0	0	0	0	0	0
80	0	0	0	782	0	0	0	0	0	0	782	0	0	0.140116	0	0	0	0	0	0	0.140116	0	0	1	0	0	0	0	0	0	0	0	93	0	0	0	0	0	0	93	0	0	1	0	0	0	0	0	0	0	0	81.6298	0	0	0	0	0	0	81.6298	0	0	1	0	0	0	0	0	0	0	0	178	0	0	0	0	0	0	178	0	0	1	0	0	0	0	0	0	0	0	0	0	0	0	0	0	0	0	0	0	0	0	0	0	0	0	0	0	0	0	0	0	0	0	0	0	0	0	0	0	0	0	0	0	0	0
81	0	0	0	770	0	0	0	0	0	0	770	0	0	0.148321	0	0	0	0	0	0	0.148321	0	0	1	0	0	0	0	0	0	0	0	98	0	0	0	0	0	0	98	0	0	1	0	0	0	0	0	0	0	0	80.3249	0	0	0	0	0	0	80.3249	0	0	1	0	0	0	0	0	0	0	0	180	0	0	0	0	0	0	180	0	0	1	0	0	0	0	0	0	0	0	0	0	0	0	0	0	0	0	0	0	0	0	0	0	0	0	0	0	0	0	0	0	0	0	0	0	0	0	0	0	0	0	0	0	0	0
82	0	0	0	771	0	0	0	0	0	0	771	0	0	0.161644	0	0	0	0	0	0	0.161644	0	0	1	0	0	0	0	0	0	0	0	91	0	0	0	0	0	0	91	0	0	1	0	0	0	0	0	0	0	0	77.8645	0	0	0	0	0	0	77.8645	0	0	1	0	0	0	0	0	0	0	0	181	0	0	0	0	0	0	181	0	0	1	0	0	0	0	0	0	0	0	0	0	0	0	0	0	0	0	0	0	0	0	0	0	0	0	0	0	0	0	0	0	0	0	0	0	0	0	0	0	0	0	0	0	0	0
83	0	0	0	797	0	0	0	0	0	0	797	0	0	0.192954	0	0	0	0	0	0	0.192954	0	0	1	0	0	0	0	0	0	0	0	93	0	0	0	0	0	0	93	0	0	1	0	0	0	0	0	0	0	0	80.2678	0	0	0	0	0	0	80.2678	0	0	1	0	0	0	0	0	0	0	0	190	0	0	0	0	0	0	190	0	0	1	0	0	0	0	0	0	0	0	0	0	0	0	0	0	0	0	0	0	0	0	0	0	0	0	0	0	0	0	0	0	0	0	0	0	0	0	0	0	0	0	0	0	0	0
84	0	0	0	752	0	0	0	0	0	0	752	0	0	0.159126	0	0	0	0	0	0	0.159126	0	0	1	0	0	0	0	0	0	0	0	95	0	0	0	0	0	0	95	0	0	1	0	0	0	0	0	0	0	0	79.4665	0	0	0	0	0	0	79.4665	0	0	1	0	0	0	0	0	0	0	0	198	0	0	0	0	0	0	198	0	0	1	0	0	0	0	0	0	0	0	0	0	0	0	0	0	0	0	0	0	0	0	0	0	0	0	0	0	0	0	0	0	0	0	0	0	0	0	0	0	0	0	0	0	0	0
85	0	0	0	774	0	0	0	0	0	0	774	0	0	0.181173	0	0	0	0	0	0	0.181173	0	0	1	0	0	0	0	0	0	0	0	101	0	0	0	0	0	0	101	0	0	1	0	0	0	0	0	0	0	0	81.6191	0	0	0	0	0	0	81.6191	0	0	1	0	0	0	0	0	0	0	0	203	0	0	0	0	0	0	203	0	0	1	0	0	0	0	0	0	0	0	0	0	0	0	0	0	0	0	0	0	0	0	0	0	0	0	0	0	0	0	0	0	0	0	0	0	0	0	0	0	0	0	0	0	0	0
86	0	0	0	802	0	0	0	0	0	0	802	0	0	0.194992	0	0	0	0	0	0	0.194992	0	0	1	0	0	0	0	0	0	0	0	106	0	0	0	0	0	0	106	0	0	1	0	0	0	0	0	0	0	0	83.7399	0	0	0	0	0	0	83.7399	0	0	1	0	0	0	0	0	0	0	0	205	0	0	0	0	0	0	205	0	0	1	0	0	0	0	0	0	0	0	0	0	0	0	0	0	0	0	0	0	0	0	0	0	0	0	0	0	0	0	0	0	0	0	0	0	0	0	0	0	0	0	0	0	0	0
87	0	0	0	765	0	0	0	0	0	0	765	0	0	0.159698	0	0	0	0	0	0	0.159698	0	0	1	0	0	0	0	0	0	0	0	96	0	0	0	0	0	0	96	0	0	1	0	0	0	0	0	0	0	0	84.8175	0	0	0	0	0	0	84.8175	0	0	1	0	0	0	0	0	0	0	0	212	0	0	0	0	0	0	212	0	0	1	0	0	0	0	0	0	0	0	0	0	0	0	0	0	0	0	0	0	0	0	0	0	0	0	0	0	0	0	0	0	0	0	0	0	0	0	0	0	0	0	0	0	0	0
88	0	0	0	752	0	0	0	0	0	0	752	0	0	0.213312	0	0	0	0	0	0	0.213312	0	0	1	0	0	0	0	0	0	0	0	92	0	0	0	0	0	0	92	0	0	1	0	0	0	0	0	0	0	0	82.8179	0	0	0	0	0	0	82.8179	0	0	1	0	0	0	0	0	0	0	0	203	0	0	0	0	0	0	203	0	0	1	0	0	0	0	0	0	0	0	0	0	0	0	0	0	0	0	0	0	0	0	0	0	0	0	0	0	0	0	0	0	0	0	0	0	0	0	0	0	0	0	0	0	0	0
89	0	0	0	754	0	0	0	0	0	0	754	0	0	0.177663	0	0	0	0	0	0	0.177663	0	0	1	0	0	0	0	0	0	0	0	75	0	0	0	0	0	0	75	0	0	1	0	0	0	0	0	0	0	0	82.6982	0	0	0	0	0	0	82.6982	0	0	1	0	0	0	0	0	0	0	0	215	0	0	0	0	0	0	215	0	0	1	0	0	0	0	0	0	0	0	0	0	0	0	0	0	0	0	0	0	0	0	0	0	0	0	0	0	0	0	0	0	0	0	0	0	0	0	0	0	0	0	0	0	0	0
90	0	0	0	732	0	0	0	0	0	0	732	0	0	0.1794	0	0	0	0	0	0	0.1794	0	0	1	0	0	0	0	0	0	0	0	63	0	0	0	0	0	0	63	0	0	1	0	0	0	0	0	0	0	0	83.1131	0	0	0	0	0	0	83.1131	0	0	1	0	0	0	0	0	0	0	0	217	0	0	0	0	0	0	217	0	0	1	0	0	0	0	0	0	0	0	0	0	0	0	0	0	0	0	0	0	0	0	0	0	0	0	0	0	0	0	0	0	0	0	0	0	0	0	0	0	0	0	0	0	0	0
91	0	0	0	771	0	0	0	0	0	0	771	0	0	0.135225	0	0	0	0	0	0	0.135225	0	0	1	0	0	0	0	0	0	0	0	52	0	0	0	0	0	0	52	0	0	1	0	0	0	0	0	0	0	0	82.6123	0	0	0	0	0	0	82.6123	0	0	1	0	0	0	0	0	0	0	0	215	0	0	0	0	0	0	215	0	0	1	0	0	0	0	0	0	0	0	0	0	0	0	0	0	0	0	0	0	0	0	0	0	0	0	0	0	0	0	0	0	0	0	0	0	0	0	0	0	0	0	0	0	0	0
92	0	0	0	772	0	0	0	0	0	0	772	0	0	0.0965784	0	0	0	0	0	0	0.0965784	0	0	1	0	0	0	0	0	0	0	0	47	0	0	0	0	0	0	47	0	0	1	0	0	0	0	0	0	0	0	82.7617	0	0	0	0	0	0	82.7617	0	0	1	0	0	0	0	0	0	0	0	216	0	0	0	0	0	0	216	0	0	1	0	0	0	0	0	0	0	0	0	0	0	0	0	0	0	0	0	0	0	0	0	0	0	0	0	0	0	0	0	0	0	0	0	0	0	0	0	0	0	0	0	0	0	0
93	0	0	0	755	0	0	0	0	0	0	755	0	0	0.101423	0	0	0	0	0	0	0.101423	0	0	1	0	0	0	0	0	0	0	0	50	0	0	0	0	0	0	50	0	0	1	0	0	0	0	0	0	0	0	81.2607	0	0	0	0	0	0	81.2607	0	0	1	0	0	0	0	0	0	0	0	211	0	0	0	0	0	0	211	0	0	1	0	0	0	0	0	0	0	0	0	0	0	0	0	0	0	0	0	0	0	0	0	0	0	0	0	0	0	0	0	0	0	0	0	0	0	0	0	0	0	0	0	0	0	0
94	0	0	0	765	0	0	0	0	0	0	765	0	0	0.0795356	0	0	0	0	0	0	0.0795356	0	0	1	0	0	0	0	0	0	0	0	52	0	0	0	0	0	0	52	0	0	1	0	0	0	0	0	0	0	0	82.0988	0	0	0	0	0	0	82.0988	0	0	1	0	0	0	0	0	0	0	0	210	0	0	0	0	0	0	210	0	0	1	0	0	0	0	0	0	0	0	0	0	0	0	0	0	0	0	0	0	0	0	0	0	0	0	0	0	0	0	0	0	0	0	0	0	0	0	0	0	0	0	0	0	0	0
95	0	0	0	782	0	0	0	0	0	0	782	0	0	0.122876	0	0	0	0	0	0	0.122876	0	0	1	0	0	0	0	0	0	0	0	61	0	0	0	0	0	0	61	0	0	1	0	0	0	0	0	0	0	0	84.9109	0	0	0	0	0	0	84.9109	0	0	1	0	0	0	0	0	0	0	0	203	0	0	0	0	0	0	203	0	0	1	0	0	0	0	0	0	0	0	0	0	0	0	0	0	0	0	0	0	0	0	0	0	0	0	0	0	0	0	0	0	0	0	0	0	0	0	0	0	0	0	0	0	0	0
96	0	0	0	786	0	0	0	0	0	0	786	0	0	0.102047	0	0	0	0	0	0	0.102047	0	0	1	0	0	0	0	0	0	0	0	60	0	0	0	0	0	0	60	0	0	1	0	0	0	0	0	0	0	0	85.5655	0	0	0	0	0	0	85.5655	0	0	1	0	0	0	0	0	0	0	0	197	0	0	0	0	0	0	197	0	0	1	0	0	0	0	0	0	0	0	0	0	0	0	0	0	0	0	0	0	0	0	0	0	0	0	0	0	0	0	0	0	0	0	0	0	0	0	0	0	0	0	0	0	0	0
97	0	0	0	802	0	0	0	0	0	0	802	0	0	0.10778	0	0	0	0	0	0	0.10778	0	0	1	0	0	0	0	0	0	0	0	66	0	0	0	0	0	0	66	0	0	1	0	0	0	0	0	0	0	0	85.8648	0	0	0	0	0	0	85.8648	0	0	1	0	0	0	0	0	0	0	0	194	0	0	0	0	0	0	194	0	0	1	0	0	0	0	0	0	0	0	0	0	0	0	0	0	0	0	0	0	0	0	0	0	0	0	0	0	0	0	0	0	0	0	0	0	0	0	0	0	0	0	0	0	0	0
98	0	0	0	778	0	0	0	0	0	0	778	0	0	0.123266	0	0	0	0	0	0	0.123266	0	0	1	0	0	0	0	0	0	0	0	65	0	0	0	0	0	0	65	0	0	1	0	0	0	0	0	0	0	0	82.6531	0	0	0	0	0	0	82.6531	0	0	1	0	0	0	0	0	0	0	0	185	0	0	0	0	0	0	185	0	0	1	0	0	0	0	0	0	0	0	0	0	0	0	0	0	0	0	0	0	0	0	0	0	0	0	0	0	0	0	0	0	0	0	0	0	0	0	0	0	0	0	0	0	0	0
99	0	0	0	774	0	0	0	0	0	0	774	0	0	0.124736	0	0	0	0	0	0	0.124736	0	0	1	0	0	0	0	0	0	0	0	66	0	0	0	0	0	0	66	0	0	1	0	0	0	0	0	0	0	0	84.8342	0	0	0	0	0	0	84.8342	0	0	1	0	0	0	0	0	0	0	0	190	0	0	0	0	0	0	190	0	0	1	0	0	0	0	0	0	0	0	0	0	0	0	0	0	0	0	0	0	0	0	0	0	0	0	0	0	0	0	0	0	0	0	0	0	0	0	0	0	0	0	0	0	0	0
100	0	0	0	777	0	0	0	0	0	0	777	0	0	0.138844	0	0	0	0	0	0	0.138844	0	0	1	0	0	0	0	0	0	0	0	70	0	0	0	0	0	0	70	0	0	1	0	0	0	0	0	0	0	0	84.5864	0	0	0	0	0	0	84.5864	0	0	1	0	0	0	0	0	0	0	0	189	0	0	0	0	0	0	189	0	0	1	0	0	0	0	0	0	0	0	0	0	0	0	0	0	0	0	0	0	0	0	0	0	0	0	0	0	0	0	0	0	0	0	0	0	0	0	0	0	0	0	0	0	0	0
101	0	0	0	764	0	0	0	0	0	0	764	0	0	0.144071	0	0	0	0	0	0	0.144071	0	0	1	0	0	0	0	0	0	0	0	71	0	0	0	0	0	0	71	0	0	1	0	0	0	0	0	0	0	0	85.7228	0	0	0	0	0	0	85.7228	0	0	1	0	0	0	0	0	0	0	0	189	0	0	0	0	0	0	189	0	0	1	0	0	0	0	0	0	0	0	0	0	0	0	0	0	0	0	0	0	0	0	0	0	0	0	0	0	0	0	0	0	0	0	0	0	0	0	0	0	0	0	0	0	0	0
102	0	0	0	768	0	0	0	0	0	0	768	0	0	0.128926	0	0	0	0	0	0	0.128926	0	0	1	0	0	0	0	0	0	0	0	64	0	0	0	0	0	0	64	0	0	1	0	0	0	0	0	0	0	0	83.5276	0	0	0	0	0	0	83.5276	0	0	1	0	0	0	0	0	0	0	0	185	0	0	0	0	0	0	185	0	0	1	0	0	0	0	0	0	0	0	0	0	0	0	0	0	0	0	0	0	0	0	0	0	0	0	0	0	0	0	0	0	0	0	0	0	0	0	0	0	0	0	0	0	0	0
103	0	0	0	773	0	0	0	0	0	0	773	0	0	0.125628	0	0	0	0	0	0	0.125628	0	0	1	0	0	0	0	0	0	0	0	66	0	0	0	0	0	0	66	0	0	1	0	0	0	0	0	0	0	0	83.7512	0	0	0	0	0	0	83.7512	0	0	1	0	0	0	0	0	0	0	0	185	0	0	0	0	0	0	185	0	0	1	0	0	0	0	0	0	0	0	0	0	0	0	0	0	0	0	0	0	0	0	0	0	0	0	0	0	0	0	0	0	0	0	0	0	0	0	0	0	0	0	0	0	0	0
104	0	0	0	773	0	0	0	0	0	0	773	0	0	0.110863	0	0	0	0	0	0	0.110863	0	0	1	0	0	0	0	0	0	0	0	57	0	0	0	0	0	0	57	0	0	1	0	0	0	0	0	0	0	0	84.5973	0	0	0	0	0	0	84.5973	0	0	1	0	0	0	0	0	0	0	0	187	0	0	0	0	0	0	187	0	0	1	0	0	0	0	0	0	0	0	0	0	0	0	0	0	0	0	0	0	0	0	0	0	0	0	0	0	0	0	0	0	0	0	0	0	0	0	0	0	0	0	0	0	0	0
105	0	0	0	771	0	0	0	0	0	0	771	0	0	0.0919849	0	0	0	0	0	0	0.0919849	0	0	1	0	0	0	0	0	0	0	0	53	0	0	0	0	0	0	53	0	0	1	0	0	0	0	0	0	0	0	83.6747	0	0	0	0	0	0	83.6747	0	0	1	0	0	0	0	0	0	0	0	184	0	0	0	0	0	0	184	0	0	1	0	0	0	0	0	0	0	0	0	0	0	0	0	0	0	0	0	0	0	0	0	0	0	0	0	0	0	0	0	0	0	0	0	0	0	0	0	0	0	0	0	0	0	0
106	0	0	0	757	0	0	0	0	0	0	757	0	0	0.109646	0	0	0	0	0	0	0.109646	0	0	1	0	0	0	0	0	0	0	0	59	0	0	0	0	0	0	59	0	0	1	0	0	0	0	0	0	0	0	81.7121	0	0	0	0	0	0	81.7121	0	0	1	0	0	0	0	0	0	0	0	179	0	0	0	0	0	0	179	0	0	1	0	0	0	0	0	0	0	0	0	0	0	0	0	0	0	0	0	0	0	0	0	0	0	0	0	0	0	0	0	0	0	0	0	0	0	0	0	0	0	0	0	0	0	0
107	0	0	0	787	0	0	0	0	0	0	787	0	0	0.120314	0	0	0	0	0	0	0.120314	0	0	1	0	0	0	0	0	0	0	0	62	0	0	0	0	0	0	62	0	0	1	0	0	0	0	0	0	0	0	80.6918	0	0	0	0	0	0	80.6918	0	0	1	0	0	0	0	0	0	0	0	172	0	0	0	0	0	0	172	0	0	1	0	0	0	0	0	0	0	0	0	0	0	0	0	0	0	0	0	0	0	0	0	0	0	0	0	0	0	0	0	0	0	0	0	0	0	0	0	0	0	0	0	0	0	0
108	0	0	0	778	0	0	0	0	0	0	778	0	0	0.0798829	0	0	0	0	0	0	0.0798829	0	0	1	0	0	0	0	0	0	0	0	65	0	0	0	0	0	0	65	0	0	1	0	0	0	0	0	0	0	0	81.7579	0	0	0	0	0	0	81.7579	0	0	1	0	0	0	0	0	0	0	0	178	0	0	0	0	0	0	178	0	0	1	0	0	0	0	0	0	0	0	0	0	0	0	0	0	0	0	0	0	0	0	0	0	0	0	0	0	0	0	0	0	0	0	0	0	0	0	0	0	0	0	0	0	0	0
109	0	0	0	763	0	0	0	0	0	0	763	0	0	0.101411	0	0	0	0	0	0	0.101411	0	0	1	0	0	0	0	0	0	0	0	71	0	0	0	0	0	0	71	0	0	1	0	0	0	0	0	0	0	0	80.3907	0	0	0	0	0	0	80.3907	0	0	1	0	0	0	0	0	0	0	0	177	0	0	0	0	0	0	177	0	0	1	0	0	0	0	0	0	0	0	0	0	0	0	0	0	0	0	0	0	0	0	0	0	0	0	0	0	0	0	0	0	0	0	0	0	0	0	0	0	0	0	0	0	0	0
110	0	0	0	767	0	0	0	0	0	0	767	0	0	0.130486	0	0	0	0	0	0	0.130486	0	0	1	0	0	0	0	0	0	0	0	76	0	0	0	0	0	0	76	0	0	1	0	0	0	0	0	0	0	0	79.0263	0	0	0	0	0	0	79.0263	0	0	1	0	0	0	0	0	0	0	0	172	0	0	0	0	0	0	172	0	0	1	0	0	0	0	0	0	0	0	0	0	0	0	0	0	0	0	0	0	0	0	0	0	0	0	0	0	0	0	0	0	0	0	0	0	0	0	0	0	0	0	0	0	0	0
111	0	0	0	791	0	0	0	0	0	0	791	0	0	0.119919	0	0	0	0	0	0	0.119919	0	0	1	0	0	0	0	0	0	0	0	73	0	0	0	0	0	0	73	0	0	1	0	0	0	0	0	0	0	0	79.5205	0	0	0	0	0	0	79.5205	0	0	1	0	0	0	0	0	0	0	0	175	0	0	0	0	0	0	175	0	0	1	0	0	0	0	0	0	0	0	0	0	0	0	0	0	0	0	0	0	0	0	0	0	0	0	0	0	0	0	0	0	0	0	0	0	0	0	0	0	0	0	0	0	0	0
112	0	0	0	791	0	0	0	0	0	0	791	0	0	0.124083	0	0	0	0	0	0	0.124083	0	0	1	0	0	0	0	0	0	0	0	83	0	0	0	0	0	0	83	0	0	1	0	0	0	0	0	0	0	0	79.7899	0	0	0	0	0	0	79.7899	0	0	1	0	0	0	0	0	0	0	0	175	0	0	0	0	0	0	175	0	0	1	0	0	0	0	0	0	0	0	0	0	0	0	0	0	0	0	0	0	0	0	0	0	0	0	0	0	0	0	0	0	0	0	0	0	0	0	0	0	0	0	0	0	0	0
113	0	0	0	776	0	0	0	0	0	0	776	0	0	0.127	0	0	0	0	0	0	0.127	0	0	1	0	0	0	0	0	0	0	0	91	0	0	0	0	0	0	91	0	0	1	0	0	0	0	0	0	0	0	81.3234	0	0	0	0	0	0	81.3234	0	0	1	0	0	0	0	0	0	0	0	178	0	0	0	0	0	0	178	0	0	1	0	0	0	0	0	0	0	0	0	0	0	0	0	0	0	0	0	0	0	0	0	0	0	0	0	0	0	0	0	0	0	0	0	0	0	0	0	0	0	0	0	0	0	0
114	0	0	0	789	0	0	0	0	0	0	789	0	0	0.156625	0	0	0	0	0	0	0.156625	0	0	1	0	0	0	0	0	0	0	0	100	0	0	0	0	0	0	100	0	0	1	0	0	0	0	0	0	0	0	80.909	0	0	0	0	0	0	80.909	0	0	1	0	0	0	0	0	0	0	0	180	0	0	0	0	0	0	180	0	0	1	0	0	0	0	0	0	0	0	0	0	0	0	0	0	0	0	0	0	0	0	0	0	0	0	0	0	0	0	0	0	0	0	0	0	0	0	0	0	0	0	0	0	0	0
115	0	0	0	766	0	0	0	0	0	0	766	0	0	0.17293	0	0	0	0	0	0	0.17293	0	0	1	0	0	0	0	0	0	0	0	101	0	0	0	0	0	0	101	0	0	1	0	0	0	0	0	0	0	0	75.7066	0	0	0	0	0	0	75.7066	0	0	1	0	0	0	0	0	0	0	0	179	0	0	0	0	0	0	179	0	0	1	0	0	0	0	0	0	0	0	0	0	0	0	0	0	0	0	0	0	0	0	0	0	0	0	0	0	0	0	0	0	0	0	0	0	0	0	0	0	0	0	0	0	0	0
116	0	0	0	778	0	0	0	0	0	0	778	0	0	0.177117	0	0	0	0	0	0	0.177117	0	0	1	0	0	0	0	0	0	0	0	99	0	0	0	0	0	0	99	0	0	1	0	0	0	0	0	0	0	0	77.8431	0	0	0	0	0	0	77.8431	0	0	1	0	0	0	0	0	0	0	0	186	0	0	0	0	0	0	186	0	0	1	0	0	0	0	0	0	0	0	0	0	0	0	0	0	0	0	0	0	0	0	0	0	0	0	0	0	0	0	0	0	0	0	0	0	0	0	0	0	0	0	0	0	0	0
117	0	0	0	766	0	0	0	0	0	0	766	0	0	0.151962	0	0	0	0	0	0	0.151962	0	0	1	0	0	0	0	0	0	0	0	101	0	0	0	0	0	0	101	0	0	1	0	0	0	0	0	0	0	0	79.5539	0	0	0	0	0	0	79.5539	0	0	1	0	0	0	0	0	0	0	0	189	0	0	0	0	0	0	189	0	0	1	0	0	0	0	0	0	0	0	0	0	0	0	0	0	0	0	0	0	0	0	0	0	0	0	0	0	0	0	0	0	0	0	0	0	0	0	0	0	0	0	0	0	0	0
118	0	0	0	770	0	0	0	0	0	0	770	0	0	0.182145	0	0	0	0	0	0	0.182145	0	0	1	0	0	0	0	0	0	0	0	109	0	0	0	0	0	0	109	0	0	1	0	0	0	0	0	0	0	0	81.8627	0	0	0	0	0	0	81.8627	0	0	1	0	0	0	0	0	0	0	0	188	0	0	0	0	0	0	188	0	0	1	0	0	0	0	0	0	0	0	0	0	0	0	0	0	0	0	0	0	0	0	0	0	0	0	0	0	0	0	0	0	0	0	0	0	0	0	0	0	0	0	0	0	0	0
119	0	0	0	753	0	0	0	0	0	0	753	0	0	0.180893	0	0	0	0	0	0	0.180893	0	0	1	0	0	0	0	0	0	0	0	99	0	0	0	0	0	0	99	0	0	1	0	0	0	0	0	0	0	0	79.9263	0	0	0	0	0	0	79.9263	0	0	1	0	0	0	0	0	0	0	0	187	0	0	0	0	0	0	187	0	0	1	0	0	0	0	0	0	0	0	0	0	0	0	0	0	0	0	0	0	0	0	0	0	0	0	0	0	0	0	0	0	0	0	0	0	0	0	0	0	0	0	0	0	0	0
120	0	0	0	763	0	0	0	0	0	0	763	0	0	0.140537	0	0	0	0	0	0	0.140537	0	0	1	0	0	0	0	0	0	0	0	98	0	0	0	0	0	0	98	0	0	1	0	0	0	0	0	0	0	0	78.1423	0	0	0	0	0	0	78.1423	0	0	1	0	0	0	0	0	0	0	0	191	0	0	0	0	0	0	191	0	0	1	0	0	0	0	0	0	0	0	0	0	0	0	0	0	0	0	0	0	0	0	0	0	0	0	0	0	0	0	0	0	0	0	0	0	0	0	0	0	0	0	0	0	0	0
121	0	0	0	780	0	0	0	0	0	0	780	0	0	0.181611	0	0	0	0	0	0	0.181611	0	0	1	0	0	0	0	0	0	0	0	91	0	0	0	0	0	0	91	0	0	1	0	0	0	0	0	0	0	0	77.6851	0	0	0	0	0	0	77.6851	0	0	1	0	0	0	0	0	0	0	0	191	0	0	0	0	0	0	191	0	0	1	0	0	0	0	0	0	0	0	0	0	0	0	0	0	0	0	0	0	0	0	0	0	0	0	0	0	0	0	0	0	0	0	0	0	0	0	0	0	0	0	0	0	0	0
122	0	0	0	776	0	0	0	0	0	0	776	0	0	0.171612	0	0	0	0	0	0	0.171612	0	0	1	0	0	0	0	0	0	0	0	89	0	0	0	0	0	0	89	0	0	1	0	0	0	0	0	0	0	0	76.6431	0	0	0	0	0	0	76.6431	0	0	1	0	0	0	0	0	0	0	0	192	0	0	0	0	0	0	192	0	0	1	0	0	0	0	0	0	0	0	0	0	0	0	0	0	0	0	0	0	0	0	0	0	0	0	0	0	0	0	0	0	0	0	0	0	0	0	0	0	0	0	0	0	0	0
123	0	0	0	780	0	0	0	0	0	0	780	0	0	0.114556	0	0	0	0	0	0	0.114556	0	0	1	0	0	0	0	0	0	0	0	97	0	0	0	0	0	0	97	0	0	1	0	0	0	0	0	0	0	0	79.0017	0	0	0	0	0	0	79.0017	0	0	1	0	0	0	0	0	0	0	0	200	0	0	0	0	0	0	200	0	0	1	0	0	0	0	0	0	0	0	0	0	0	0	0	0	0	0	0	0	0	0	0	0	0	0	0	0	0	0	0	0	0	0	0	0	0	0	0	0	0	0	0	0	0	0
124	0	0	0	767	0	0	0	0	0	0	767	0	0	0.161135	0	0	0	0	0	0	0.161135	0	0	1	0	0	0	0	0	0	0	0	112	0	0	0	0	0	0	112	0	0	1	0	0	0	0	0	0	0	0	77.3428	0	0	0	0	0	0	77.3428	0	0	1	0	0	0	0	0	0	0	0	195	0	0	0	0	0	0	195	0	0	1	0	0	0	0	0	0	0	0	0	0	0	0	0	0	0	0	0	0	0	0	0	0	0	0	0	0	0	0	0	0	0	0	0	0	0	0	0	0	0	0	0	0	0	0
125	0	0	0	767	0	0	0	0	0	0	767	0	0	0.160956	0	0	0	0	0	0	0.160956	0	0	1	0	0	0	0	0	0	0	0	113	0	0	0	0	0	0	113	0	0	1	0	0	0	0	0	0	0	0	79.1365	0	0	0	0	0	0	79.1365	0	0	1	0	0	0	0	0	0	0	0	199	0	0	0	0	0	0	199	0	0	1	0	0	0	0	0	0	0	0	0	0	0	0	0	0	0	0	0	0	0	0	0	0	0	0	0	0	0	0	0	0	0	0	0	0	0	0	0	0	0	0	0	0	0	0
126	0	0	0	772	0	0	0	0	0	0	772	0	0	0.192821	0	0	0	0	0	0	0.192821	0	0	1	0	0	0	0	0	0	0	0	112	0	0	0	0	0	0	112	0	0	1	0	0	0	0	0	0	0	0	78.4068	0	0	0	0	0	0	78.4068	0	0	1	0	0	0	0	0	0	0	0	208	0	0	0	0	0	0	208	0	0	1	0	0	0	0	0	0	0	0	0	0	0	0	0	0	0	0	0	0	0	0	0	0	0	0	0	0	0	0	0	0	0	0	0	0	0	0	0	0	0	0	0	0	0	0
127	0	0	0	777	0	0	0	0	0	0	777	0	0	0.178642	0	0	0	0	0	0	0.178642	0	0	1	0	0	0	0	0	0	0	0	105	0	0	0	0	0	0	105	0	0	1	0	0	0	0	0	0	0	0	80.5023	0	0	0	0	0	0	80.5023	0	0	1	0	0	0	0	0	0	0	0	214	0	0	0	0	0	0	214	0	0	1	0	0	0	0	0	0	0	0	0	0	0	0	0	0	0	0	0	0	0	0	0	0	0	0	0	0	0	0	0	0	0	0	0	0	0	0	0	0	0	0	0	0	0	0
128	0	0	0	793	0	0	0	0	0	0	793	0	0	0.178033	0	0	0	0	0	0	0.178033	0	0	1	0	0	0	0	0	0	0	0	98	0	0	0	0	0	0	98	0	0	1	0	0	0	0	0	0	0	0	83.1589	0	0	0	0	0	0	83.1589	0	0	1	0	0	0	0	0	0	0	0	220	0	0	0	0	0	0	220	0	0	1	0	0	0	0	0	0	0	0	0	0	0	0	0	0	0	0	0	0	0	0	0	0	0	0	0	0	0	0	0	0	0	0	0	0	0	0	0	0	0	0	0	0	0	0
129	0	0	0	771	0	0	0	0	0	0	771	0	0	0.162419	0	0	0	0	0	0	0.162419	0	0	1	0	0	0	0	0	0	0	0	90	0	0	0	0	0	0	90	0	0	1	0	0	0	0	0	0	0	0	83.9494	0	0	0	0	0	0	83.9494	0	0	1	0	0	0	0	0	0	0	0	226	0	0	0	0	0	0	226	0	0	1	0	0	0	0	0	0	0	0	0	0	0	0	0	0	0	0	0	0	0	0	0	0	0	0	0	0	0	0	0	0	0	0	0	0	0	0	0	0	0	0	0	0	0	0
130	0	0	0	791	0	0	0	0	0	0	791	0	0	0.161095	0	0	0	0	0	0	0.161095	0	0	1	0	0	0	0	0	0	0	0	87	0	0	0	0	0	0	87	0	0	1	0	0	0	0	0	0	0	0	84.9143	0	0	0	0	0	0	84.9143	0	0	1	0	0	0	0	0	0	0	0	227	0	0	0	0	0	0	227	0	0	1	0	0	0	0	0	0	0	0	0	0	0	0	0	0	0	0	0	0	0	0	0	0	0	0	0	0	0	0	0	0	0	0	0	0	0	0	0	0	0	0	0	0	0	0
131	0	0	0	796	0	0	0	0	0	0	796	0	0	0.179972	0	0	0	0	0	0	0.179972	0	0	1	0	0	0	0	0	0	0	0	80	0	0	0	0	0	0	80	0	0	1	0	0	0	0	0	0	0	0	88.0455	0	0	0	0	0	0	88.0455	0	0	1	0	0	0	0	0	0	0	0	228	0	0	0	0	0	0	228	0	0	1	0	0	0	0	0	0	0	0	0	0	0	0	0	0	0	0	0	0	0	0	0	0	0	0	0	0	0	0	0	0	0	0	0	0	0	0	0	0	0	0	0	0	0	0
132	0	0	0	781	0	0	0	0	0	0	781	0	0	0.149207	0	0	0	0	0	0	0.149207	0	0	1	0	0	0	0	0	0	0	0	70	0	0	0	0	0	0	70	0	0	1	0	0	0	0	0	0	0	0	88.2904	0	0	0	0	0	0	88.2904	0	0	1	0	0	0	0	0	0	0	0	223	0	0	0	0	0	0	223	0	0	1	0	0	0	0	0	0	0	0	0	0	0	0	0	0	0	0	0	0	0	0	0	0	0	0	0	0	0	0	0	0	0	0	0	0	0	0	0	0	0	0	0	0	0	0
133	0	0	0	798	0	0	0	0	0	0	798	0	0	0.130512	0	0	0	0	0	0	0.130512	0	0	1	0	0	0	0	0	0	0	0	61	0	0	0	0	0	0	61	0	0	1	0	0	0	0	0	0	0	0	88.4314	0	0	0	0	0	0	88.4314	0	0	1	0	0	0	0	0	0	0	0	222	0	0	0	0	0	0	222	0	0	1	0	0	0	0	0	0	0	0	0	0	0	0	0	0	0	0	0	0	0	0	0	0	0	0	0	0	0	0	0	0	0	0	0	0	0	0	0	0	0	0	0	0	0	0
134	0	0	0	806	0	0	0	0	0	0	806	0	0	0.130834	0	0	0	0	0	0	0.130834	0	0	1	0	0	0	0	0	0	0	0	57	0	0	0	0	0	0	57	0	0	1	0	0	0	0	0	0	0	0	90.0215	0	0	0	0	0	0	90.0215	0	0	1	0	0	0	0	0	0	0	0	219	0	0	0	0	0	0	219	0	0	1	0	0	0	0	0	0	0	0	0	0	0	0	0	0	0	0	0	0	0	0	0	0	0	0	0	0	0	0	0	0	0	0	0	0	0	0	0	0	0	0	0	0	0	0
135	0	0	0	797	0	0	0	0	0	0	797	0	0	0.0974879	0	0	0	0	0	0	0.0974879	0	0	1	0	0	0	0	0	0	0	0	48	0	0	0	0	0	0	48	0	0	1	0	0	0	0	0	0	0	0	89.9749	0	0	0	0	0	0	89.9749	0	0	1	0	0	0	0	0	0	0	0	217	0	0	0	0	0	0	217	0	0	1	0	0	0	0	0	0	0	0	0	0	0	0	0	0	0	0	0	0	0	0	0	0	0	0	0	0	0	0	0	0	0	0	0	0	0	0	0	0	0	0	0	0	0	0
136	0	0	0	791	0	0	0	0	0	0	791	0	0	0.0798888	0	0	0	0	0	0	0.0798888	0	0	1	0	0	0	0	0	0	0	0	42	0	0	0	0	0	0	42	0	0	1	0	0	0	0	0	0	0	0	88.1364	0	0	0	0	0	0	88.1364	0	0	1	0	0	0	0	0	0	0	0	215	0	0	0	0	0	0	215	0	0	1	0	0	0	0	0	0	0	0	0	0	0	0	0	0	0	0	0	0	0	0	0	0	0	0	0	0	0	0	0	0	0	0	0	0	0	0	0	0	0	0	0	0	0	0
137	0	0	0	798	0	0	0	0	0	0	798	0	0	0.110676	0	0	0	0	0	0	0.110676	0	0	1	0	0	0	0	0	0	0	0	44	0	0	0	0	0	0	44	0	0	1	0	0	0	0	0	0	0	0	87.8159	0	0	0	0	0	0	87.8159	0	0	1	0	0	0	0	0	0	0	0	207	0	0	0	0	0	0	207	0	0	1	0	0	0	0	0	0	0	0	0	0	0	0	0	0	0	0	0	0	0	0	0	0	0	0	0	0	0	0	0	0	0	0	0	0	0	0	0	0	0	0	0	0	0	0
138	0	0	0	803	0	0	0	0	0	0	803	0	0	0.0678424	0	0	0	0	0	0	0.0678424	0	0	1	0	0	0	0	0	0	0	0	41	0	0	0	0	0	0	41	0	0	1	0	0	0	0	0	0	0	0	87.3182	0	0	0	0	0	0	87.3182	0	0	1	0	0	0	0	0	0	0	0	206	0	0	0	0	0	0	206	0	0	1	0	0	0	0	0	0	0	0	0	0	0	0	0	0	0	0	0	0	0	0	0	0	0	0	0	0	0	0	0	0	0	0	0	0	0	0	0	0	0	0	0	0	0	0
139	0	0	0	781	0	0	0	0	0	0	781	0	0	0.0766339	0	0	0	0	0	0	0.0766339	0	0	1	0	0	0	0	0	0	0	0	49	0	0	0	0	0	0	49	0	0	1	0	0	0	0	0	0	0	0	86.0126	0	0	0	0	0	0	86.0126	0	0	1	0	0	0	0	0	0	0	0	200	0	0	0	0	0	0	200	0	0	1	0	0	0	0	0	0	0	0	0	0	0	0	0	0	0	0	0	0	0	0	0	0	0	0	0	0	0	0	0	0	0	0	0	0	0	0	0	0	0	0	0	0	0	0
140	0	0	0	772	0	0	0	0	0	0	772	0	0	0.0911015	0	0	0	0	0	0	0.0911015	0	0	1	0	0	0	0	0	0	0	0	59	0	0	0	0	0	0	59	0	0	1	0	0	0	0	0	0	0	0	86.0573	0	0	0	0	0	0	86.0573	0	0	1	0	0	0	0	0	0	0	0	195	0	0	0	0	0	0	195	0	0	1	0	0	0	0	0	0	0	0	0	0	0	0	0	0	0	0	0	0	0	0	0	0	0	0	0	0	0	0	0	0	0	0	0	0	0	0	0	0	0	0	0	0	0	0
141	0	0	0	784	0	0	0	0	0	0	784	0	0	0.101585	0	0	0	0	0	0	0.101585	0	0	1	0	0	0	0	0	0	0	0	61	0	0	0	0	0	0	61	0	0	1	0	0	0	0	0	0	0	0	88.2111	0	0	0	0	0	0	88.2111	0	0	1	0	0	0	0	0	0	0	0	189	0	0	0	0	0	0	189	0	0	1	0	0	0	0	0	0	0	0	0	0	0	0	0	0	0	0	0	0	0	0	0	0	0	0	0	0	0	0	0	0	0	0	0	0	0	0	0	0	0	0	0	0	0	0
142	0	0	0	758	0	0	0	0	0	0	758	0	0	0.129964	0	0	0	0	0	0	0.129964	0	0	1	0	0	0	0	0	0	0	0	62	0	0	0	0	0	0	62	0	0	1	0	0	0	0	0	0	0	0	86.1015	0	0	0	0	0	0	86.1015	0	0	1	0	0	0	0	0	0	0	0	185	0	0	0	0	0	0	185	0	0	1	0	0	0	0	0	0	0	0	0	0	0	0	0	0	0	0	0	0	0	0	0	0	0	0	0	0	0	0	0	0	0	0	0	0	0	0	0	0	0	0	0	0	0	0
143	0	0	0	784	0	0	0	0	0	0	784	0	0	0.142696	0	0	0	0	0	0	0.142696	0	0	1	0	0	0	0	0	0	0	0	61	0	0	0	0	0	0	61	0	0	1	0	0	0	0	0	0	0	0	87.7361	0	0	0	0	0	0	87.7361	0	0	1	0	0	0	0	0	0	0	0	189	0	0	0	0	0	0	189	0	0	1	0	0	0	0	0	0	0	0	0	0	0	0	0	0	0	0	0	0	0	0	0	0	0	0	0	0	0	0	0	0	0	0	0	0	0	0	0	0	0	0	0	0	0	0
144	0	0	0	827	0	0	0	0	0	0	827	0	0	0.112535	0	0	0	0	0	0	0.112535	0	0	1	0	0	0	0	0	0	0	0	57	0	0	0	0	0	0	57	0	0	1	0	0	0	0	0	0	0	0	88.9584	0	0	0	0	0	0	88.9584	0	0	1	0	0	0	0	0	0	0	0	198	0	0	0	0	0	0	198	0	0	1	0	0	0	0	0	0	0	0	0	0	0	0	0	0	0	0	0	0	0	0	0	0	0	0	0	0	0	0	0	0	0	0	0	0	0	0	0	0	0	0	0	0	0	0
145	0	0	0	821	0	0	0	0	0	0	821	0	0	0.125559	0	0	0	0	0	0	0.125559	0	0	1	0	0	0	0	0	0	0	0	61	0	0	0	0	0	0	61	0	0	1	0	0	0	0	0	0	0	0	89.9879	0	0	0	0	0	0	89.9879	0	0	1	0	0	0	0	0	0	0	0	196	0	0	0	0	0	0	196	0	0	1	0	0	0	0	0	0	0	0	0	0	0	0	0	0	0	0	0	0	0	0	0	0	0	0	0	0	0	0	0	0	0	0	0	0	0	0	0	0	0	0	0	0	0	0
146	0	0	0	822	0	0	0	0	0	0	822	0	0	0.0969475	0	0	0	0	0	0	0.0969475	0	0	1	0	0	0	0	0	0	0	0	56	0	0	0	0	0	0	56	0	0	1	0	0	0	0	0	0	0	0	89.5756	0	0	0	0	0	0	89.5756	0	0	1	0	0	0	0	0	0	0	0	199	0	0	0	0	0	0	199	0	0	1	0	0	0	0	0	0	0	0	0	0	0	0	0	0	0	0	0	0	0	0	0	0	0	0	0	0	0	0	0	0	0	0	0	0	0	0	0	0	0	0	0	0	0	0
147	0	0	0	814	0	0	0	0	0	0	814	0	0	0.103568	0	0	0	0	0	0	0.103568	0	0	1	0	0	0	0	0	0	0	0	63	0	0	0	0	0	0	63	0	0	1	0	0	0	0	0	0	0	0	87.6982	0	0	0	0	0	0	87.6982	0	0	1	0	0	0	0	0	0	0	0	189	0	0	0	0	0	0	189	0	0	1	0	0	0	0	0	0	0	0	0	0	0	0	0	0	0	0	0	0	0	0	0	0	0	0	0	0	0	0	0	0	0	0	0	0	0	0	0	0	0	0	0	0	0	0
148	0	0	0	826	0	0	0	0	0	0	826	0	0	0.114358	0	0	0	0	0	0	0.114358	0	0	1	0	0	0	0	0	0	0	0	70	0	0	0	0	0	0	70	0	0	1	0	0	0	0	0	0	0	0	86.8735	0	0	0	0	0	0	86.8735	0	0	1	0	0	0	0	0	0	0	0	186	0	0	0	0	0	0	186	0	0	1	0	0	0	0	0	0	0	0	0	0	0	0	0	0	0	0	0	0	0	0	0	0	0	0	0	0	0	0	0	0	0	0	0	0	0	0	0	0	0	0	0	0	0	0
149	0	0	0	824	0	0	0	0	0	0	824	0	0	0.120752	0	0	0	0	0	0	0.120752	0	0	1	0	0	0	0	0	0	0	0	81	0	0	0	0	0	0	81	0	0	1	0	0	0	0	0	0	0	0	87.1726	0	0	0	0	0	0	87.1726	0	0	1	0	0	0	0	0	0	0	0	185	0	0	0	0	0	0	185	0	0	1	0	0	0	0	0	0	0	0	0	0	0	0	0	0	0	0	0	0	0	0	0	0	0	0	0	0	0	0	0	0	0	0	0	0	0	0	0	0	0	0	0	0	0	0
150	0	0	0	805	0	0	0	0	0	0	805	0	0	0.154568	0	0	0	0	0	0	0.154568	0	0	1	0	0	0	0	0	0	0	0	95	0	0	0	0	0	0	95	0	0	1	0	0	0	0	0	0	0	0	88.15	0	0	0	0	0	0	88.15	0	0	1	0	0	0	0	0	0	0	0	182	0	0	0	0	0	0	182	0	0	1	0	0	0	0	0	0	0	0	0	0	0	0	0	0	0	0	0	0	0	0	0	0	0	0	0	0	0	0	0	0	0	0	0	0	0	0	0	0	0	0	0	0	0	0
151	0	0	0	787	0	0	0	0	0	0	787	0	0	0.16651	0	0	0	0	0	0	0.16651	0	0	1	0	0	0	0	0	0	0	0	91	0	0	0	0	0	0	91	0	0	1	0	0	0	0	0	0	0	0	83.4142	0	0	0	0	0	0	83.4142	0	0	1	0	0	0	0	0	0	0	0	182	0	0	0	0	0	0	182	0	0	1	0	0	0	0	0	0	0	0	0	0	0	0	0	0	0	0	0	0	0	0	0	0	0	0	0	0	0	0	0	0	0	0	0	0	0	0	0	0	0	0	0	0	0	0
152	0	0	0	768	0	0	0	0	0	0	768	0	0	0.174618	0	0	0	0	0	0	0.174618	0	0	1	0	0	0	0	0	0	0	0	89	0	0	0	0	0	0	89	0	0	1	0	0	0	0	0	0	0	0	79.4949	0	0	0	0	0	0	79.4949	0	0	1	0	0	0	0	0	0	0	0	179	0	0	0	0	0	0	179	0	0	1	0	0	0	0	0	0	0	0	0	0	0	0	0	0	0	0	0	0	0	0	0	0	0	0	0	0	0	0	0	0	0	0	0	0	0	0	0	0	0	0	0	0	0	0
153	0	0	0	780	0	0	0	0	0	0	780	0	0	0.173119	0	0	0	0	0	0	0.173119	0	0	1	0	0	0	0	0	0	0	0	92	0	0	0	0	0	0	92	0	0	1	0	0	0	0	0	0	0	0	79.4861	0	0	0	0	0	0	79.4861	0	0	1	0	0	0	0	0	0	0	0	191	0	0	0	0	0	0	191	0	0	1	0	0	0	0	0	0	0	0	0	0	0	0	0	0	0	0	0	0	0	0	0	0	0	0	0	0	0	0	0	0	0	0	0	0	0	0	0	0	0	0	0	0	0	0
154	0	0	0	789	0	0	0	0	0	0	789	0	0	0.170034	0	0	0	0	0	0	0.170034	0	0	1	0	0	0	0	0	0	0	0	94	0	0	0	0	0	0	94	0	0	1	0	0	0	0	0	0	0	0	80.1679	0	0	0	0	0	0	80.1679	0	0	1	0	0	0	0	0	0	0	0	194	0	0	0	0	0	0	194	0	0	1	0	0	0	0	0	0	0	0	0	0	0	0	0	0	0	0	0	0	0	0	0	0	0	0	0	0	0	0	0	0	0	0	0	0	0	0	0	0	0	0	0	0	0	0
155	0	0	0	777	0	0	0	0	0	0	777	0	0	0.128033	0	0	0	0	0	0	0.128033	0	0	1	0	0	0	0	0	0	0	0	89	0	0	0	0	0	0	89	0	0	1	0	0	0	0	0	0	0	0	79.7358	0	0	0	0	0	0	79.7358	0	0	1	0	0	0	0	0	0	0	0	197	0	0	0	0	0	0	197	0	0	1	0	0	0	0	0	0	0	0	0	0	0	0	0	0	0	0	0	0	0	0	0	0	0	0	0	0	0	0	0	0	0	0	0	0	0	0	0	0	0	0	0	0	0	0
156	0	0	0	757	0	0	0	0	0	0	757	0	0	0.159784	0	0	0	0	0	0	0.159784	0	0	1	0	0	0	0	0	0	0	0	112	0	0	0	0	0	0	112	0	0	1	0	0	0	0	0	0	0	0	78.6182	0	0	0	0	0	0	78.6182	0	0	1	0	0	0	0	0	0	0	0	200	0	0	0	0	0	0	200	0	0	1	0	0	0	0	0	0	0	0	0	0	0	0	0	0	0	0	0	0	0	0	0	0	0	0	0	0	0	0	0	0	0	0	0	0	0	0	0	0	0	0	0	0	0	0
157	0	0	0	756	0	0	0	0	0	0	756	0	0	0.186724	0	0	0	0	0	0	0.186724	0	0	1	0	0	0	0	0	0	0	0	119	0	0	0	0	0	0	119	0	0	1	0	0	0	0	0	0	0	0	78.8008	0	0	0	0	0	0	78.8008	0	0	1	0	0	0	0	0	0	0	0	202	0	0	0	0	0	0	202	0	0	1	0	0	0	0	0	0	0	0	0	0	0	0	0	0	0	0	0	0	0	0	0	0	0	0	0	0	0	0	0	0	0	0	0	0	0	0	0	0	0	0	0	0	0	0
158	0	0	0	742	0	0	0	0	0	0	742	0	0	0.193027	0	0	0	0	0	0	0.193027	0	0	1	0	0	0	0	0	0	0	0	118	0	0	0	0	0	0	118	0	0	1	0	0	0	0	0	0	0	0	80.6885	0	0	0	0	0	0	80.6885	0	0	1	0	0	0	0	0	0	0	0	208	0	0	0	0	0	0	208	0	0	1	0	0	0	0	0	0	0	0	0	0	0	0	0	0	0	0	0	0	0	0	0	0	0	0	0	0	0	0	0	0	0	0	0	0	0	0	0	0	0	0	0	0	0	0
159	0	0	0	746	0	0	0	0	0	0	746	0	0	0.229164	0	0	0	0	0	0	0.229164	0	0	1	0	0	0	0	0	0	0	0	118	0	0	0	0	0	0	118	0	0	1	0	0	0	0	0	0	0	0	81.6486	0	0	0	0	0	0	81.6486	0	0	1	0	0	0	0	0	0	0	0	210	0	0	0	0	0	0	210	0	0	1	0	0	0	0	0	0	0	0	0	0	0	0	0	0	0	0	0	0	0	0	0	0	0	0	0	0	0	0	0	0	0	0	0	0	0	0	0	0	0	0	0	0	0	0
160	0	0	0	738	0	0	0	0	0	0	738	0	0	0.226506	0	0	0	0	0	0	0.226506	0	0	1	0	0	0	0	0	0	0	0	109	0	0	0	0	0	0	109	0	0	1	0	0	0	0	0	0	0	0	83.2433	0	0	0	0	0	0	83.2433	0	0	1	0	0	0	0	0	0	0	0	220	0	0	0	0	0	0	220	0	0	1	0	0	0	0	0	0	0	0	0	0	0	0	0	0	0	0	0	0	0	0	0	0	0	0	0	0	0	0	0	0	0	0	0	0	0	0	0	0	0	0	0	0	0	0
161	0	0	0	758	0	0	0	0	0	0	758	0	0	0.213772	0	0	0	0	0	0	0.213772	0	0	1	0	0	0	0	0	0	0	0	98	0	0	0	0	0	0	98	0	0	1	0	0	0	0	0	0	0	0	84.0875	0	0	0	0	0	0	84.0875	0	0	1	0	0	0	0	0	0	0	0	224	0	0	0	0	0	0	224	0	0	1	0	0	0	0	0	0	0	0	0	0	0	0	0	0	0	0	0	0	0	0	0	0	0	0	0	0	0	0	0	0	0	0	0	0	0	0	0	0	0	0	0	0	0	0
162	0	0	0	773	0	0	0	0	0	0	773	0	0	0.179771	0	0	0	0	0	0	0.179771	0	0	1	0	0	0	0	0	0	0	0	88	0	0	0	0	0	0	88	0	0	1	0	0	0	0	0	0	0	0	84.6822	0	0	0	0	0	0	84.6822	0	0	1	0	0	0	0	0	0	0	0	230	0	0	0	0	0	0	230	0	0	1	0	0	0	0	0	0	0	0	0	0	0	0	0	0	0	0	0	0	0	0	0	0	0	0	0	0	0	0	0	0	0	0	0	0	0	0	0	0	0	0	0	0	0	0
163	0	0	0	815	0	0	0	0	0	0	815	0	0	0.140306	0	0	0	0	0	0	0.140306	0	0	1	0	0	0	0	0	0	0	0	73	0	0	0	0	0	0	73	0	0	1	0	0	0	0	0	0	0	0	86.2719	0	0	0	0	0	0	86.2719	0	0	1	0	0	0	0	0	0	0	0	238	0	0	0	0	0	0	238	0	0	1	0	0	0	0	0	0	0	0	0	0	0	0	0	0	0	0	0	0	0	0	0	0	0	0	0	0	0	0	0	0	0	0	0	0	0	0	0	0	0	0	0	0	0	0
164	0	0	0	817	0	0	0	0	0	0	817	0	0	0.157276	0	0	0	0	0	0	0.157276	0	0	1	0	0	0	0	0	0	0	0	75	0	0	0	0	0	0	75	0	0	1	0	0	0	0	0	0	0	0	86.5999	0	0	0	0	0	0	86.5999	0	0	1	0	0	0	0	0	0	0	0	228	0	0	0	0	0	0	228	0	0	1	0	0	0	0	0	0	0	0	0	0	0	0	0	0	0	0	0	0	0	0	0	0	0	0	0	0	0	0	0	0	0	0	0	0	0	0	0	0	0	0	0	0	0	0
165	0	0	0	841	0	0	0	0	0	0	841	0	0	0.160369	0	0	0	0	0	0	0.160369	0	0	1	0	0	0	0	0	0	0	0	74	0	0	0	0	0	0	74	0	0	1	0	0	0	0	0	0	0	0	88.0226	0	0	0	0	0	0	88.0226	0	0	1	0	0	0	0	0	0	0	0	227	0	0	0	0	0	0	227	0	0	1	0	0	0	0	0	0	0	0	0	0	0	0	0	0	0	0	0	0	0	0	0	0	0	0	0	0	0	0	0	0	0	0	0	0	0	0	0	0	0	0	0	0	0	0
166	0	0	0	811	0	0	0	0	0	0	811	0	0	0.145343	0	0	0	0	0	0	0.145343	0	0	1	0	0	0	0	0	0	0	0	81	0	0	0	0	0	0	81	0	0	1	0	0	0	0	0	0	0	0	86.3146	0	0	0	0	0	0	86.3146	0	0	1	0	0	0	0	0	0	0	0	230	0	0	0	0	0	0	230	0	0	1	0	0	0	0	0	0	0	0	0	0	0	0	0	0	0	0	0	0	0	0	0	0	0	0	0	0	0	0	0	0	0	0	0	0	0	0	0	0	0	0	0	0	0	0
167	0	0	0	819	0	0	0	0	0	0	819	0	0	0.130166	0	0	0	0	0	0	0.130166	0	0	1	0	0	0	0	0	0	0	0	83	0	0	0	0	0	0	83	0	0	1	0	0	0	0	0	0	0	0	88.6962	0	0	0	0	0	0	88.6962	0	0	1	0	0	0	0	0	0	0	0	230	0	0	0	0	0	0	230	0	0	1	0	0	0	0	0	0	0	0	0	0	0	0	0	0	0	0	0	0	0	0	0	0	0	0	0	0	0	0	0	0	0	0	0	0	0	0	0	0	0	0	0	0	0	0
168	0	0	0	813	0	0	0	0	0	0	813	0	0	0.0986164	0	0	0	0	0	0	0.0986164	0	0	1	0	0	0	0	0	0	0	0	76	0	0	0	0	0	0	76	0	0	1	0	0	0	0	0	0	0	0	90.2977	0	0	0	0	0	0	90.2977	0	0	1	0	0	0	0	0	0	0	0	228	0	0	0	0	0	0	228	0	0	1	0	0	0	0	0	0	0	0	0	0	0	0	0	0	0	0	0	0	0	0	0	0	0	0	0	0	0	0	0	0	0	0	0	0	0	0	0	0	0	0	0	0	0	0
169	0	0	0	816	0	0	0	0	0	0	816	0	0	0.128711	0	0	0	0	0	0	0.128711	0	0	1	0	0	0	0	0	0	0	0	76	0	0	0	0	0	0	76	0	0	1	0	0	0	0	0	0	0	0	88.0752	0	0	0	0	0	0	88.0752	0	0	1	0	0	0	0	0	0	0	0	218	0	0	0	0	0	0	218	0	0	1	0	0	0	0	0	0	0	0	0	0	0	0	0	0	0	0	0	0	0	0	0	0	0	0	0	0	0	0	0	0	0	0	0	0	0	0	0	0	0	0	0	0	0	0
170	0	0	0	813	0	0	0	0	0	0	813	0	0	0.136128	0	0	0	0	0	0	0.136128	0	0	1	0	0	0	0	0	0	0	0	78	0	0	0	0	0	0	78	0	0	1	0	0	0	0	0	0	0	0	88.3334	0	0	0	0	0	0	88.3334	0	0	1	0	0	0	0	0	0	0	0	223	0	0	0	0	0	0	223	0	0	1	0	0	0	0	0	0	0	0	0	0	0	0	0	0	0	0	0	0	0	0	0	0	0	0	0	0	0	0	0	0	0	0	0	0	0	0	0	0	0	0	0	0	0	0
171	0	0	0	835	0	0	0	0	0	0	835	0	0	0.116536	0	0	0	0	0	0	0.116536	0	0	1	0	0	0	0	0	0	0	0	68	0	0	0	0	0	0	68	0	0	1	0	0	0	0	0	0	0	0	91.1387	0	0	0	0	0	0	91.1387	0	0	1	0	0	0	0	0	0	0	0	220	0	0	0	0	0	0	220	0	0	1	0	0	0	0	0	0	0	0	0	0	0	0	0	0	0	0	0	0	0	0	0	0	0	0	0	0	0	0	0	0	0	0	0	0	0	0	0	0	0	0	0	0	0	0
172	0	0	0	840	0	0	0	0	0	0	840	0	0	0.112009	0	0	0	0	0	0	0.112009	0	0	1	0	0	0	0	0	0	0	0	65	0	0	0	0	0	0	65	0	0	1	0	0	0	0	0	0	0	0	91.3688	0	0	0	0	0	0	91.3688	0	0	1	0	0	0	0	0	0	0	0	218	0	0	0	0	0	0	218	0	0	1	0	0	0	0	0	0	0	0	0	0	0	0	0	0	0	0	0	0	0	0	0	0	0	0	0	0	0	0	0	0	0	0	0	0	0	0	0	0	0	0	0	0	0	0
173	0	0	0	841	0	0	0	0	0	0	841	0	0	0.131822	0	0	0	0	0	0	0.131822	0	0	1	0	0	0	0	0	0	0	0	69	0	0	0	0	0	0	69	0	0	1	0	0	0	0	0	0	0	0	91.1431	0	0	0	0	0	0	91.1431	0	0	1	0	0	0	0	0	0	0	0	212	0	0	0	0	0	0	212	0	0	1	0	0	0	0	0	0	0	0	0	0	0	0	0	0	0	0	0	0	0	0	0	0	0	0	0	0	0	0	0	0	0	0	0	0	0	0	0	0	0	0	0	0	0	0
174	0	0	0	846	0	0	0	0	0	0	846	0	0	0.107801	0	0	0	0	0	0	0.107801	0	0	1	0	0	0	0	0	0	0	0	72	0	0	0	0	0	0	72	0	0	1	0	0	0	0	0	0	0	0	92.1168	0	0	0	0	0	0	92.1168	0	0	1	0	0	0	0	0	0	0	0	212	0	0	0	0	0	0	212	0	0	1	0	0	0	0	0	0	0	0	0	0	0	0	0	0	0	0	0	0	0	0	0	0	0	0	0	0	0	0	0	0	0	0	0	0	0	0	0	0	0	0	0	0	0	0
175	0	0	0	836	0	0	0	0	0	0	836	0	0	0.11512	0	0	0	0	0	0	0.11512	0	0	1	0	0	0	0	0	0	0	0	73	0	0	0	0	0	0	73	0	0	1	0	0	0	0	0	0	0	0	91.5282	0	0	0	0	0	0	91.5282	0	0	1	0	0	0	0	0	0	0	0	206	0	0	0	0	0	0	206	0	0	1	0	0	0	0	0	0	0	0	0	0	0	0	0	0	0	0	0	0	0	0	0	0	0	0	0	0	0	0	0	0	0	0	0	0	0	0	0	0	0	0	0	0	0	0
176	0	0	0	859	0	0	0	0	0	0	859	0	0	0.137522	0	0	0	0	0	0	0.137522	0	0	1	0	0	0	0	0	0	0	0	70	0	0	0	0	0	0	70	0	0	1	0	0	0	0	0	0	0	0	94.2084	0	0	0	0	0	0	94.2084	0	0	1	0	0	0	0	0	0	0	0	208	0	0	0	0	0	0	208	0	0	1	0	0	0	0	0	0	0	0	0	0	0	0	0	0	0	0	0	0	0	0	0	0	0	0	0	0	0	0	0	0	0	0	0	0	0	0	0	0	0	0	0	0	0	0
177	0	0	0	864	0	0	0	0	0	0	864	0	0	0.113005	0	0	0	0	0	0	0.113005	0	0	1	0	0	0	0	0	0	0	0	61	0	0	0	0	0	0	61	0	0	1	0	0	0	0	0	0	0	0	95.2735	0	0	0	0	0	0	95.2735	0	0	1	0	0	0	0	0	0	0	0	210	0	0	0	0	0	0	210	0	0	1	0	0	0	0	0	0	0	0	0	0	0	0	0	0	0	0	0	0	0	0	0	0	0	0	0	0	0	0	0	0	0	0	0	0	0	0	0	0	0	0	0	0	0	0
178	0	0	0	852	0	0	0	0	0	0	852	0	0	0.126277	0	0	0	0	0	0	0.126277	0	0	1	0	0	0	0	0	0	0	0	62	0	0	0	0	0	0	62	0	0	1	0	0	0	0	0	0	0	0	94.7642	0	0	0	0	0	0	94.7642	0	0	1	0	0	0	0	0	0	0	0	209	0	0	0	0	0	0	209	0	0	1	0	0	0	0	0	0	0	0	0	0	0	0	0	0	0	0	0	0	0	0	0	0	0	0	0	0	0	0	0	0	0	0	0	0	0	0	0	0	0	0	0	0	0	0
179	0	0	0	832	0	0	0	0	0	0	832	0	0	0.113828	0	0	0	0	0	0	0.113828	0	0	1	0	0	0	0	0	0	0	0	58	0	0	0	0	0	0	58	0	0	1	0	0	0	0	0	0	0	0	92.3345	0	0	0	0	0	0	92.3345	0	0	1	0	0	0	0	0	0	0	0	206	0	0	0	0	0	0	206	0	0	1	0	0	0	0	0	0	0	0	0	0	0	0	0	0	0	0	0	0	0	0	0	0	0	0	0	0	0	0	0	0	0	0	0	0	0	0	0	0	0	0	0	0	0	0
180	0	0	0	837	0	0	0	0	0	0	837	0	0	0.141576	0	0	0	0	0	0	0.141576	0	0	1	0	0	0	0	0	0	0	0	58	0	0	0	0	0	0	58	0	0	1	0	0	0	0	0	0	0	0	95.167	0	0	0	0	0	0	95.167	0	0	1	0	0	0	0	0	0	0	0	206	0	0	0	0	0	0	206	0	0	1	0	0	0	0	0	0	0	0	0	0	0	0	0	0	0	0	0	0	0	0	0	0	0	0	0	0	0	0	0	0	0	0	0	0	0	0	0	0	0	0	0	0	0	0
181	0	0	0	876	0	0	0	0	0	0	876	0	0	0.109368	0	0	0	0	0	0	0.109368	0	0	1	0	0	0	0	0	0	0	0	56	0	0	0	0	0	0	56	0	0	1	0	0	0	0	0	0	0	0	97.6226	0	0	0	0	0	0	97.6226	0	0	1	0	0	0	0	0	0	0	0	206	0	0	0	0	0	0	206	0	0	1	0	0	0	0	0	0	0	0	0	0	0	0	0	0	0	0	0	0	0	0	0	0	0	0	0	0	0	0	0	0	0	0	0	0	0	0	0	0	0	0	0	0	0	0
182	0	0	0	843	0	0	0	0	0	0	843	0	0	0.0890757	0	0	0	0	0	0	0.0890757	0	0	1	0	0	0	0	0	0	0	0	54	0	0	0	0	0	0	54	0	0	1	0	0	0	0	0	0	0	0	95.0468	0	0	0	0	0	0	95.0468	0	0	1	0	0	0	0	0	0	0	0	202	0	0	0	0	0	0	202	0	0	1	0	0	0	0	0	0	0	0	0	0	0	0	0	0	0	0	0	0	0	0	0	0	0	0	0	0	0	0	0	0	0	0	0	0	0	0	0	0	0	0	0	0	0	0
183	0	0	0	833	0	0	0	0	0	0	833	0	0	0.100497	0	0	0	0	0	0	0.100497	0	0	1	0	0	0	0	0	0	0	0	58	0	0	0	0	0	0	58	0	0	1	0	0	0	0	0	0	0	0	96.0649	0	0	0	0	0	0	96.0649	0	0	1	0	0	0	0	0	0	0	0	199	0	0	0	0	0	0	199	0	0	1	0	0	0	0	0	0	0	0	0	0	0	0	0	0	0	0	0	0	0	0	0	0	0	0	0	0	0	0	0	0	0	0	0	0	0	0	0	0	0	0	0	0	0	0
184	0	0	0	838	0	0	0	0	0	0	838	0	0	0.112401	0	0	0	0	0	0	0.112401	0	0	1	0	0	0	0	0	0	0	0	52	0	0	0	0	0	0	52	0	0	1	0	0	0	0	0	0	0	0	94.6867	0	0	0	0	0	0	94.6867	0	0	1	0	0	0	0	0	0	0	0	192	0	0	0	0	0	0	192	0	0	1	0	0	0	0	0	0	0	0	0	0	0	0	0	0	0	0	0	0	0	0	0	0	0	0	0	0	0	0	0	0	0	0	0	0	0	0	0	0	0	0	0	0	0	0
185	0	0	0	848	0	0	0	0	0	0	848	0	0	0.0875415	0	0	0	0	0	0	0.0875415	0	0	1	0	0	0	0	0	0	0	0	45	0	0	0	0	0	0	45	0	0	1	0	0	0	0	0	0	0	0	96.0311	0	0	0	0	0	0	96.0311	0	0	1	0	0	0	0	0	0	0	0	195	0	0	0	0	0	0	195	0	0	1	0	0	0	0	0	0	0	0	0	0	0	0	0	0	0	0	0	0	0	0	0	0	0	0	0	0	0	0	0	0	0	0	0	0	0	0	0	0	0	0	0	0	0	0
186	0	0	0	837	0	0	0	0	0	0	837	0	0	0.0827433	0	0	0	0	0	0	0.0827433	0	0	1	0	0	0	0	0	0	0	0	37	0	0	0	0	0	0	37	0	0	1	0	0	0	0	0	0	0	0	95.4846	0	0	0	0	0	0	95.4846	0	0	1	0	0	0	0	0	0	0	0	189	0	0	0	0	0	0	189	0	0	1	0	0	0	0	0	0	0	0	0	0	0	0	0	0	0	0	0	0	0	0	0	0	0	0	0	0	0	0	0	0	0	0	0	0	0	0	0	0	0	0	0	0	0	0
187	0	0	0	830	0	0	0	0	0	0	830	0	0	0.0808341	0	0	0	0	0	0	0.0808341	0	0	1	0	0	0	0	0	0	0	0	34	0	0	0	0	0	0	34	0	0	1	0	0	0	0	0	0	0	0	95.9823	0	0	0	0	0	0	95.9823	0	0	1	0	0	0	0	0	0	0	0	183	0	0	0	0	0	0	183	0	0	1	0	0	0	0	0	0	0	0	0	0	0	0	0	0	0	0	0	0	0	0	0	0	0	0	0	0	0	0	0	0	0	0	0	0	0	0	0	0	0	0	0	0	0	0
188	0	0	0	849	0	0	0	0	0	0	849	0	0	0.0987637	0	0	0	0	0	0	0.0987637	0	0	1	0	0	0	0	0	0	0	0	37	0	0	0	0	0	0	37	0	0	1	0	0	0	0	0	0	0	0	94.8612	0	0	0	0	0	0	94.8612	0	0	1	0	0	0	0	0	0	0	0	177	0	0	0	0	0	0	177	0	0	1	0	0	0	0	0	0	0	0	0	0	0	0	0	0	0	0	0	0	0	0	0	0	0	0	0	0	0	0	0	0	0	0	0	0	0	0	0	0	0	0	0	0	0	0
189	0	0	0	886	0	0	0	0	0	0	886	0	0	0.0790811	0	0	0	0	0	0	0.0790811	0	0	1	0	0	0	0	0	0	0	0	38	0	0	0	0	0	0	38	0	0	1	0	0	0	0	0	0	0	0	94.6192	0	0	0	0	0	0	94.6192	0	0	1	0	0	0	0	0	0	0	0	176	0	0	0	0	0	0	176	0	0	1	0	0	0	0	0	0	0	0	0	0	0	0	0	0	0	0	0	0	0	0	0	0	0	0	0	0	0	0	0	0	0	0	0	0	0	0	0	0	0	0	0	0	0	0
190	0	0	0	851	0	0	0	0	0	0	851	0	0	0.0772793	0	0	0	0	0	0	0.0772793	0	0	1	0	0	0	0	0	0	0	0	44	0	0	0	0	0	0	44	0	0	1	0	0	0	0	0	0	0	0	90.4938	0	0	0	0	0	0	90.4938	0	0	1	0	0	0	0	0	0	0	0	169	0	0	0	0	0	0	169	0	0	1	0	0	0	0	0	0	0	0	0	0	0	0	0	0	0	0	0	0	0	0	0	0	0	0	0	0	0	0	0	0	0	0	0	0	0	0	0	0	0	0	0	0	0	0
191	0	0	0	855	0	0	0	0	0	0	855	0	0	0.0914685	0	0	0	0	0	0	0.0914685	0	0	1	0	0	0	0	0	0	0	0	53	0	0	0	0	0	0	53	0	0	1	0	0	0	0	0	0	0	0	88.1066	0	0	0	0	0	0	88.1066	0	0	1	0	0	0	0	0	0	0	0	163	0	0	0	0	0	0	163	0	0	1	0	0	0	0	0	0	0	0	0	0	0	0	0	0	0	0	0	0	0	0	0	0	0	0	0	0	0	0	0	0	0	0	0	0	0	0	0	0	0	0	0	0	0	0
192	0	0	0	844	0	0	0	0	0	0	844	0	0	0.0795664	0	0	0	0	0	0	0.0795664	0	0	1	0	0	0	0	0	0	0	0	55	0	0	0	0	0	0	55	0	0	1	0	0	0	0	0	0	0	0	88.8421	0	0	0	0	0	0	88.8421	0	0	1	0	0	0	0	0	0	0	0	166	0	0	0	0	0	0	166	0	0	1	0	0	0	0	0	0	0	0	0	0	0	0	0	0	0	0	0	0	0	0	0	0	0	0	0	0	0	0	0	0	0	0	0	0	0	0	0	0	0	0	0	0	0	0
193	0	0	0	819	0	0	0	0	0	0	819	0	0	0.0767736	0	0	0	0	0	0	0.0767736	0	0	1	0	0	0	0	0	0	0	0	58	0	0	0	0	0	0	58	0	0	1	0	0	0	0	0	0	0	0	86.7182	0	0	0	0	0	0	86.7182	0	0	1	0	0	0	0	0	0	0	0	164	0	0	0	0	0	0	164	0	0	1	0	0	0	0	0	0	0	0	0	0	0	0	0	0	0	0	0	0	0	0	0	0	0	0	0	0	0	0	0	0	0	0	0	0	0	0	0	0	0	0	0	0	0	0
194	0	0	0	833	0	0	0	0	0	0	833	0	0	0.125882	0	0	0	0	0	0	0.125882	0	0	1	0	0	0	0	0	0	0	0	72	0	0	0	0	0	0	72	0	0	1	0	0	0	0	0	0	0	0	87.986	0	0	0	0	0	0	87.986	0	0	1	0	0	0	0	0	0	0	0	161	0	0	0	0	0	0	161	0	0	1	0	0	0	0	0	0	0	0	0	0	0	0	0	0	0	0	0	0	0	0	0	0	0	0	0	0	0	0	0	0	0	0	0	0	0	0	0	0	0	0	0	0	0	0
195	0	0	0	827	0	0	0	0	0	0	827	0	0	0.131963	0	0	0	0	0	0	0.131963	0	0	1	0	0	0	0	0	0	0	0	74	0	0	0	0	0	0	74	0	0	1	0	0	0	0	0	0	0	0	86.9377	0	0	0	0	0	0	86.9377	0	0	1	0	0	0	0	0	0	0	0	160	0	0	0	0	0	0	160	0	0	1	0	0	0	0	0	0	0	0	0	0	0	0	0	0	0	0	0	0	0	0	0	0	0	0	0	0	0	0	0	0	0	0	0	0	0	0	0	0	0	0	0	0	0	0
196	0	0	0	822	0	0	0	0	0	0	822	0	0	0.119845	0	0	0	0	0	0	0.119845	0	0	1	0	0	0	0	0	0	0	0	73	0	0	0	0	0	0	73	0	0	1	0	0	0	0	0	0	0	0	85.7057	0	0	0	0	0	0	85.7057	0	0	1	0	0	0	0	0	0	0	0	167	0	0	0	0	0	0	167	0	0	1	0	0	0	0	0	0	0	0	0	0	0	0	0	0	0	0	0	0	0	0	0	0	0	0	0	0	0	0	0	0	0	0	0	0	0	0	0	0	0	0	0	0	0	0
197	0	0	0	827	0	0	0	0	0	0	827	0	0	0.125835	0	0	0	0	0	0	0.125835	0	0	1	0	0	0	0	0	0	0	0	77	0	0	0	0	0	0	77	0	0	1	0	0	0	0	0	0	0	0	83.7928	0	0	0	0	0	0	83.7928	0	0	1	0	0	0	0	0	0	0	0	168	0	0	0	0	0	0	168	0	0	1	0	0	0	0	0	0	0	0	0	0	0	0	0	0	0	0	0	0	0	0	0	0	0	0	0	0	0	0	0	0	0	0	0	0	0	0	0	0	0	0	0	0	0	0
198	0	0	0	801	0	0	0	0	0	0	801	0	0	0.118666	0	0	0	0	0	0	0.118666	0	0	1	0	0	0	0	0	0	0	0	85	0	0	0	0	0	0	85	0	0	1	0	0	0	0	0	0	0	0	82.8668	0	0	0	0	0	0	82.8668	0	0	1	0	0	0	0	0	0	0	0	169	0	0	0	0	0	0	169	0	0	1	0	0	0	0	0	0	0	0	0	0	0	0	0	0	0	0	0	0	0	0	0	0	0	0	0	0	0	0	0	0	0	0	0	0	0	0	0	0	0	0	0	0	0	0
199	0	0	0	806	0	0	0	0	0	0	806	0	0	0.144553	0	0	0	0	0	0	0.144553	0	0	1	0	0	0	0	0	0	0	0	97	0	0	0	0	0	0	97	0	0	1	0	0	0	0	0	0	0	0	83.0543	0	0	0	0	0	0	83.0543	0	0	1	0	0	0	0	0	0	0	0	169	0	0	0	0	0	0	169	0	0	1	0	0	0	0	0	0	0	0	0	0	0	0	0	0	0	0	0	0	0	0	0	0	0	0	0	0	0	0	0	0	0	0	0	0	0	0	0	0	0	0	0	0	0	0
200	0	0	0	812	0	0	0	0	0	0	812	0	0	0.20731	0	0	0	0	0	0	0.20731	0	0	1	0	0	0	0	0	0	0	0	106	0	0	0	0	0	0	106	0	0	1	0	0	0	0	0	0	0	0	85.4153	0	0	0	0	0	0	85.4153	0	0	1	0	0	0	0	0	0	0	0	171	0	0	0	0	0	0	171	0	0	1	0	0	0	0	0	0	0	0	0	0	0	0	0	0	0	0	0	0	0	0	0	0	0	0	0	0	0	0	0	0	0	0	0	0	0	0	0	0	0	0	0	0	0	0
