Location: Fake forest
From parameter file: C:\Users\ben\Desktop\inputs\input_GMF_1-0-0-0-0-0-0-0-0.xml
Basal area is normalized to m^2/ha; density to #/ha.
Subplots:
0 = Whole plot
Step	Subplot	Sdl Abs Den: ACRU	Sdl Abs Den: ACSA	Sdl Abs Den: BEAL	Sdl Abs Den: FAGR	Sdl Abs Den: TSCA	Sdl Abs Den: FRAM	Sdl Abs Den: PIST	Sdl Abs Den: PRSE	Sdl Abs Den: QURU	Sdl Den Total:	Sapl Abs BA: ACRU	Sapl Abs BA: ACSA	Sapl Abs BA: BEAL	Sapl Abs BA: FAGR	Sapl Abs BA: TSCA	Sapl Abs BA: FRAM	Sapl Abs BA: PIST	Sapl Abs BA: PRSE	Sapl Abs BA: QURU	Sapl BA Total:	Sapl Rel BA: ACRU	Sapl Rel BA: ACSA	Sapl Rel BA: BEAL	Sapl Rel BA: FAGR	Sapl Rel BA: TSCA	Sapl Rel BA: FRAM	Sapl Rel BA: PIST	Sapl Rel BA: PRSE	Sapl Rel BA: QURU	Sapl Abs Den: ACRU	Sapl Abs Den: ACSA	Sapl Abs Den: BEAL	Sapl Abs Den: FAGR	Sapl Abs Den: TSCA	Sapl Abs Den: FRAM	Sapl Abs Den: PIST	Sapl Abs Den: PRSE	Sapl Abs Den: QURU	Sapl Den Total:	Sapl Rel Den: ACRU	Sapl Rel Den: ACSA	Sapl Rel Den: BEAL	Sapl Rel Den: FAGR	Sapl Rel Den: TSCA	Sapl Rel Den: FRAM	Sapl Rel Den: PIST	Sapl Rel Den: PRSE	Sapl Rel Den: QURU	Adult Abs BA: ACRU	Adult Abs BA: ACSA	Adult Abs BA: BEAL	Adult Abs BA: FAGR	Adult Abs BA: TSCA	Adult Abs BA: FRAM	Adult Abs BA: PIST	Adult Abs BA: PRSE	Adult Abs BA: QURU	Adult BA Total:	Adult Rel BA: ACRU	Adult Rel BA: ACSA	Adult Rel BA: BEAL	Adult Rel BA: FAGR	Adult Rel BA: TSCA	Adult Rel BA: FRAM	Adult Rel BA: PIST	Adult Rel BA: PRSE	Adult Rel BA: QURU	Adult Abs Den: ACRU	Adult Abs Den: ACSA	Adult Abs Den: BEAL	Adult Abs Den: FAGR	Adult Abs Den: TSCA	Adult Abs Den: FRAM	Adult Abs Den: PIST	Adult Abs Den: PRSE	Adult Abs Den: QURU	Adult Den Total:	Adult Rel Den: ACRU	Adult Rel Den: ACSA	Adult Rel Den: BEAL	Adult Rel Den: FAGR	Adult Rel Den: TSCA	Adult Rel Den: FRAM	Adult Rel Den: PIST	Adult Rel Den: PRSE	Adult Rel Den: QURU	Snag Abs BA: ACRU	Snag Abs BA: ACSA	Snag Abs BA: BEAL	Snag Abs BA: FAGR	Snag Abs BA: TSCA	Snag Abs BA: FRAM	Snag Abs BA: PIST	Snag Abs BA: PRSE	Snag Abs BA: QURU	Snag BA Total:	Snag Rel BA: ACRU	Snag Rel BA: ACSA	Snag Rel BA: BEAL	Snag Rel BA: FAGR	Snag Rel BA: TSCA	Snag Rel BA: FRAM	Snag Rel BA: PIST	Snag Rel BA: PRSE	Snag Rel BA: QURU	Snag Abs Den: ACRU	Snag Abs Den: ACSA	Snag Abs Den: BEAL	Snag Abs Den: FAGR	Snag Abs Den: TSCA	Snag Abs Den: FRAM	Snag Abs Den: PIST	Snag Abs Den: PRSE	Snag Abs Den: QURU	Snag Den Total:	Snag Rel Den: ACRU	Snag Rel Den: ACSA	Snag Rel Den: BEAL	Snag Rel Den: FAGR	Snag Rel Den: TSCA	Snag Rel Den: FRAM	Snag Rel Den: PIST	Snag Rel Den: PRSE	Snag Rel Den: QURU
0	0	0	0	0	0	0	0	0	0	0	0	0.000731057	0	0	0	0	0	0	0	0	0.000731057	1	0	0	0	0	0	0	0	0	25	0	0	0	0	0	0	0	0	25	1	0	0	0	0	0	0	0	0	0	0	0	0	0	0	0	0	0	0	0	0	0	0	0	0	0	0	0	0	0	0	0	0	0	0	0	0	0	0	0	0	0	0	0	0	0	0	0	0	0	0	0	0	0	0	0	0	0	0	0	0	0	0	0	0	0	0	0	0	0	0	0	0	0	0	0	0	0	0	0	0	0	0	0	0
1	0	0	0	0	0	0	0	0	0	0	0	0.00307923	0	0	0	0	0	0	0	0	0.00307923	1	0	0	0	0	0	0	0	0	22	0	0	0	0	0	0	0	0	22	1	0	0	0	0	0	0	0	0	0	0	0	0	0	0	0	0	0	0	0	0	0	0	0	0	0	0	0	0	0	0	0	0	0	0	0	0	0	0	0	0	0	0	0	0	0	0	0	0	0	0	0	0	0	0	0	0	0	0	0	0	0	0	0	0	0	0	0	0	0	0	0	0	0	0	0	0	0	0	0	0	0	0	0	0
2	0	0	0	0	0	0	0	0	0	0	0	0.0123983	0	0	0	0	0	0	0	0	0.0123983	1	0	0	0	0	0	0	0	0	21	0	0	0	0	0	0	0	0	21	1	0	0	0	0	0	0	0	0	0	0	0	0	0	0	0	0	0	0	0	0	0	0	0	0	0	0	0	0	0	0	0	0	0	0	0	0	0	0	0	0	0	0	0	0	0	0	0	0	0	0	0	0	0	0	0	0	0	0	0	0	0	0	0	0	0	0	0	0	0	0	0	0	0	0	0	0	0	0	0	0	0	0	0	0
3	0	0	0	0	0	0	0	0	0	0	0	0.053422	0	0	0	0	0	0	0	0	0.053422	1	0	0	0	0	0	0	0	0	21	0	0	0	0	0	0	0	0	21	1	0	0	0	0	0	0	0	0	0	0	0	0	0	0	0	0	0	0	0	0	0	0	0	0	0	0	0	0	0	0	0	0	0	0	0	0	0	0	0	0	0	0	0	0	0	0	0	0	0	0	0	0	0	0	0	0	0	0	0	0	0	0	0	0	0	0	0	0	0	0	0	0	0	0	0	0	0	0	0	0	0	0	0	0
4	0	0	0	0	0	0	0	0	0	0	0	0.0378159	0	0	0	0	0	0	0	0	0.0378159	1	0	0	0	0	0	0	0	0	9	0	0	0	0	0	0	0	0	9	1	0	0	0	0	0	0	0	0	0.168904	0	0	0	0	0	0	0	0	0.168904	1	0	0	0	0	0	0	0	0	11	0	0	0	0	0	0	0	0	11	1	0	0	0	0	0	0	0	0	0	0	0	0	0	0	0	0	0	0	0	0	0	0	0	0	0	0	0	0	0	0	0	0	0	0	0	0	0	0	0	0	0	0	0	0	0	0
5	0	3	0	0	0	0	0	0	0	0	3	0.00703809	0	0	0	0	0	0	0	0	0.00703809	1	0	0	0	0	0	0	0	0	1	0	0	0	0	0	0	0	0	1	1	0	0	0	0	0	0	0	0	0.68061	0	0	0	0	0	0	0	0	0.68061	1	0	0	0	0	0	0	0	0	19	0	0	0	0	0	0	0	0	19	1	0	0	0	0	0	0	0	0	0	0	0	0	0	0	0	0	0	0	0	0	0	0	0	0	0	0	0	0	0	0	0	0	0	0	0	0	0	0	0	0	0	0	0	0	0	0
6	0	9	0	0	0	0	0	0	0	0	9	0	0	0	0	0	0	0	0	0	0	0	0	0	0	0	0	0	0	0	0	0	0	0	0	0	0	0	0	0	0	0	0	0	0	0	0	0	0	1.22161	0	0	0	0	0	0	0	0	1.22161	1	0	0	0	0	0	0	0	0	19	0	0	0	0	0	0	0	0	19	1	0	0	0	0	0	0	0	0	0	0	0	0	0	0	0	0	0	0	0	0	0	0	0	0	0	0	0	0	0	0	0	0	0	0	0	0	0	0	0	0	0	0	0	0	0	0
7	0	17	0	0	0	0	0	0	0	0	17	0	0	0	0	0	0	0	0	0	0	0	0	0	0	0	0	0	0	0	0	0	0	0	0	0	0	0	0	0	0	0	0	0	0	0	0	0	0	1.71207	0	0	0	0	0	0	0	0	1.71207	1	0	0	0	0	0	0	0	0	19	0	0	0	0	0	0	0	0	19	1	0	0	0	0	0	0	0	0	0	0	0	0	0	0	0	0	0	0	0	0	0	0	0	0	0	0	0	0	0	0	0	0	0	0	0	0	0	0	0	0	0	0	0	0	0	0
8	0	25	0	0	0	0	0	0	0	0	25	0.000137797	0	0	0	0	0	0	0	0	0.000137797	1	0	0	0	0	0	0	0	0	1	0	0	0	0	0	0	0	0	1	1	0	0	0	0	0	0	0	0	2.18957	0	0	0	0	0	0	0	0	2.18957	1	0	0	0	0	0	0	0	0	19	0	0	0	0	0	0	0	0	19	1	0	0	0	0	0	0	0	0	0	0	0	0	0	0	0	0	0	0	0	0	0	0	0	0	0	0	0	0	0	0	0	0	0	0	0	0	0	0	0	0	0	0	0	0	0	0
9	0	31	0	0	0	0	0	0	0	0	31	0.000992712	0	0	0	0	0	0	0	0	0.000992712	1	0	0	0	0	0	0	0	0	4	0	0	0	0	0	0	0	0	4	1	0	0	0	0	0	0	0	0	2.50481	0	0	0	0	0	0	0	0	2.50481	1	0	0	0	0	0	0	0	0	18	0	0	0	0	0	0	0	0	18	1	0	0	0	0	0	0	0	0	0	0	0	0	0	0	0	0	0	0	0	0	0	0	0	0	0	0	0	0	0	0	0	0	0	0	0	0	0	0	0	0	0	0	0	0	0	0
10	0	36	0	0	0	0	0	0	0	0	36	0.00488284	0	0	0	0	0	0	0	0	0.00488284	1	0	0	0	0	0	0	0	0	9	0	0	0	0	0	0	0	0	9	1	0	0	0	0	0	0	0	0	2.77352	0	0	0	0	0	0	0	0	2.77352	1	0	0	0	0	0	0	0	0	17	0	0	0	0	0	0	0	0	17	1	0	0	0	0	0	0	0	0	0	0	0	0	0	0	0	0	0	0	0	0	0	0	0	0	0	0	0	0	0	0	0	0	0	0	0	0	0	0	0	0	0	0	0	0	0	0
11	0	39	0	0	0	0	0	0	0	0	39	0.0110627	0	0	0	0	0	0	0	0	0.0110627	1	0	0	0	0	0	0	0	0	16	0	0	0	0	0	0	0	0	16	1	0	0	0	0	0	0	0	0	3.02528	0	0	0	0	0	0	0	0	3.02528	1	0	0	0	0	0	0	0	0	17	0	0	0	0	0	0	0	0	17	1	0	0	0	0	0	0	0	0	0	0	0	0	0	0	0	0	0	0	0	0	0	0	0	0	0	0	0	0	0	0	0	0	0	0	0	0	0	0	0	0	0	0	0	0	0	0
12	0	39	0	0	0	0	0	0	0	0	39	0.0176268	0	0	0	0	0	0	0	0	0.0176268	1	0	0	0	0	0	0	0	0	21	0	0	0	0	0	0	0	0	21	1	0	0	0	0	0	0	0	0	3.06365	0	0	0	0	0	0	0	0	3.06365	1	0	0	0	0	0	0	0	0	18	0	0	0	0	0	0	0	0	18	1	0	0	0	0	0	0	0	0	0	0	0	0	0	0	0	0	0	0	0	0	0	0	0	0	0	0	0	0	0	0	0	0	0	0	0	0	0	0	0	0	0	0	0	0	0	0
13	0	40	0	0	0	0	0	0	0	0	40	0.0220921	0	0	0	0	0	0	0	0	0.0220921	1	0	0	0	0	0	0	0	0	24	0	0	0	0	0	0	0	0	24	1	0	0	0	0	0	0	0	0	3.56531	0	0	0	0	0	0	0	0	3.56531	1	0	0	0	0	0	0	0	0	22	0	0	0	0	0	0	0	0	22	1	0	0	0	0	0	0	0	0	0	0	0	0	0	0	0	0	0	0	0	0	0	0	0	0	0	0	0	0	0	0	0	0	0	0	0	0	0	0	0	0	0	0	0	0	0	0
14	0	49	0	0	0	0	0	0	0	0	49	0.0229664	0	0	0	0	0	0	0	0	0.0229664	1	0	0	0	0	0	0	0	0	25	0	0	0	0	0	0	0	0	25	1	0	0	0	0	0	0	0	0	4.19815	0	0	0	0	0	0	0	0	4.19815	1	0	0	0	0	0	0	0	0	29	0	0	0	0	0	0	0	0	29	1	0	0	0	0	0	0	0	0	0	0	0	0	0	0	0	0	0	0	0	0	0	0	0	0	0	0	0	0	0	0	0	0	0	0	0	0	0	0	0	0	0	0	0	0	0	0
15	0	51	0	0	0	0	0	0	0	0	51	0.0260106	0	0	0	0	0	0	0	0	0.0260106	1	0	0	0	0	0	0	0	0	27	0	0	0	0	0	0	0	0	27	1	0	0	0	0	0	0	0	0	4.4654	0	0	0	0	0	0	0	0	4.4654	1	0	0	0	0	0	0	0	0	34	0	0	0	0	0	0	0	0	34	1	0	0	0	0	0	0	0	0	0	0	0	0	0	0	0	0	0	0	0	0	0	0	0	0	0	0	0	0	0	0	0	0	0	0	0	0	0	0	0	0	0	0	0	0	0	0
16	0	61	0	0	0	0	0	0	0	0	61	0.0402357	0	0	0	0	0	0	0	0	0.0402357	1	0	0	0	0	0	0	0	0	28	0	0	0	0	0	0	0	0	28	1	0	0	0	0	0	0	0	0	5.35815	0	0	0	0	0	0	0	0	5.35815	1	0	0	0	0	0	0	0	0	38	0	0	0	0	0	0	0	0	38	1	0	0	0	0	0	0	0	0	0	0	0	0	0	0	0	0	0	0	0	0	0	0	0	0	0	0	0	0	0	0	0	0	0	0	0	0	0	0	0	0	0	0	0	0	0	0
17	0	75	0	0	0	0	0	0	0	0	75	0.0293604	0	0	0	0	0	0	0	0	0.0293604	1	0	0	0	0	0	0	0	0	28	0	0	0	0	0	0	0	0	28	1	0	0	0	0	0	0	0	0	6.43923	0	0	0	0	0	0	0	0	6.43923	1	0	0	0	0	0	0	0	0	45	0	0	0	0	0	0	0	0	45	1	0	0	0	0	0	0	0	0	0	0	0	0	0	0	0	0	0	0	0	0	0	0	0	0	0	0	0	0	0	0	0	0	0	0	0	0	0	0	0	0	0	0	0	0	0	0
18	0	77	0	0	0	0	0	0	0	0	77	0.0446737	0	0	0	0	0	0	0	0	0.0446737	1	0	0	0	0	0	0	0	0	34	0	0	0	0	0	0	0	0	34	1	0	0	0	0	0	0	0	0	7.64493	0	0	0	0	0	0	0	0	7.64493	1	0	0	0	0	0	0	0	0	50	0	0	0	0	0	0	0	0	50	1	0	0	0	0	0	0	0	0	0	0	0	0	0	0	0	0	0	0	0	0	0	0	0	0	0	0	0	0	0	0	0	0	0	0	0	0	0	0	0	0	0	0	0	0	0	0
19	0	104	0	0	0	0	0	0	0	0	104	0.0274331	0	0	0	0	0	0	0	0	0.0274331	1	0	0	0	0	0	0	0	0	31	0	0	0	0	0	0	0	0	31	1	0	0	0	0	0	0	0	0	8.7956	0	0	0	0	0	0	0	0	8.7956	1	0	0	0	0	0	0	0	0	58	0	0	0	0	0	0	0	0	58	1	0	0	0	0	0	0	0	0	0	0	0	0	0	0	0	0	0	0	0	0	0	0	0	0	0	0	0	0	0	0	0	0	0	0	0	0	0	0	0	0	0	0	0	0	0	0
20	0	117	0	0	0	0	0	0	0	0	117	0.069741	0	0	0	0	0	0	0	0	0.069741	1	0	0	0	0	0	0	0	0	41	0	0	0	0	0	0	0	0	41	1	0	0	0	0	0	0	0	0	10.0466	0	0	0	0	0	0	0	0	10.0466	1	0	0	0	0	0	0	0	0	57	0	0	0	0	0	0	0	0	57	1	0	0	0	0	0	0	0	0	0	0	0	0	0	0	0	0	0	0	0	0	0	0	0	0	0	0	0	0	0	0	0	0	0	0	0	0	0	0	0	0	0	0	0	0	0	0
21	0	132	0	0	0	0	0	0	0	0	132	0.0663028	0	0	0	0	0	0	0	0	0.0663028	1	0	0	0	0	0	0	0	0	45	0	0	0	0	0	0	0	0	45	1	0	0	0	0	0	0	0	0	10.9913	0	0	0	0	0	0	0	0	10.9913	1	0	0	0	0	0	0	0	0	66	0	0	0	0	0	0	0	0	66	1	0	0	0	0	0	0	0	0	0	0	0	0	0	0	0	0	0	0	0	0	0	0	0	0	0	0	0	0	0	0	0	0	0	0	0	0	0	0	0	0	0	0	0	0	0	0
22	0	147	0	0	0	0	0	0	0	0	147	0.0811542	0	0	0	0	0	0	0	0	0.0811542	1	0	0	0	0	0	0	0	0	57	0	0	0	0	0	0	0	0	57	1	0	0	0	0	0	0	0	0	12.2103	0	0	0	0	0	0	0	0	12.2103	1	0	0	0	0	0	0	0	0	71	0	0	0	0	0	0	0	0	71	1	0	0	0	0	0	0	0	0	0	0	0	0	0	0	0	0	0	0	0	0	0	0	0	0	0	0	0	0	0	0	0	0	0	0	0	0	0	0	0	0	0	0	0	0	0	0
23	0	160	0	0	0	0	0	0	0	0	160	0.074615	0	0	0	0	0	0	0	0	0.074615	1	0	0	0	0	0	0	0	0	68	0	0	0	0	0	0	0	0	68	1	0	0	0	0	0	0	0	0	13.4789	0	0	0	0	0	0	0	0	13.4789	1	0	0	0	0	0	0	0	0	79	0	0	0	0	0	0	0	0	79	1	0	0	0	0	0	0	0	0	0	0	0	0	0	0	0	0	0	0	0	0	0	0	0	0	0	0	0	0	0	0	0	0	0	0	0	0	0	0	0	0	0	0	0	0	0	0
24	0	183	0	0	0	0	0	0	0	0	183	0.0981587	0	0	0	0	0	0	0	0	0.0981587	1	0	0	0	0	0	0	0	0	74	0	0	0	0	0	0	0	0	74	1	0	0	0	0	0	0	0	0	15.6239	0	0	0	0	0	0	0	0	15.6239	1	0	0	0	0	0	0	0	0	91	0	0	0	0	0	0	0	0	91	1	0	0	0	0	0	0	0	0	0	0	0	0	0	0	0	0	0	0	0	0	0	0	0	0	0	0	0	0	0	0	0	0	0	0	0	0	0	0	0	0	0	0	0	0	0	0
25	0	206	0	0	0	0	0	0	0	0	206	0.123002	0	0	0	0	0	0	0	0	0.123002	1	0	0	0	0	0	0	0	0	84	0	0	0	0	0	0	0	0	84	1	0	0	0	0	0	0	0	0	17.7648	0	0	0	0	0	0	0	0	17.7648	1	0	0	0	0	0	0	0	0	102	0	0	0	0	0	0	0	0	102	1	0	0	0	0	0	0	0	0	0	0	0	0	0	0	0	0	0	0	0	0	0	0	0	0	0	0	0	0	0	0	0	0	0	0	0	0	0	0	0	0	0	0	0	0	0	0
26	0	218	0	0	0	0	0	0	0	0	218	0.170749	0	0	0	0	0	0	0	0	0.170749	1	0	0	0	0	0	0	0	0	94	0	0	0	0	0	0	0	0	94	1	0	0	0	0	0	0	0	0	19.9675	0	0	0	0	0	0	0	0	19.9675	1	0	0	0	0	0	0	0	0	110	0	0	0	0	0	0	0	0	110	1	0	0	0	0	0	0	0	0	0	0	0	0	0	0	0	0	0	0	0	0	0	0	0	0	0	0	0	0	0	0	0	0	0	0	0	0	0	0	0	0	0	0	0	0	0	0
27	0	255	0	0	0	0	0	0	0	0	255	0.163477	0	0	0	0	0	0	0	0	0.163477	1	0	0	0	0	0	0	0	0	94	0	0	0	0	0	0	0	0	94	1	0	0	0	0	0	0	0	0	22.5761	0	0	0	0	0	0	0	0	22.5761	1	0	0	0	0	0	0	0	0	128	0	0	0	0	0	0	0	0	128	1	0	0	0	0	0	0	0	0	0	0	0	0	0	0	0	0	0	0	0	0	0	0	0	0	0	0	0	0	0	0	0	0	0	0	0	0	0	0	0	0	0	0	0	0	0	0
28	0	262	0	0	0	0	0	0	0	0	262	0.169549	0	0	0	0	0	0	0	0	0.169549	1	0	0	0	0	0	0	0	0	98	0	0	0	0	0	0	0	0	98	1	0	0	0	0	0	0	0	0	25.0979	0	0	0	0	0	0	0	0	25.0979	1	0	0	0	0	0	0	0	0	141	0	0	0	0	0	0	0	0	141	1	0	0	0	0	0	0	0	0	0	0	0	0	0	0	0	0	0	0	0	0	0	0	0	0	0	0	0	0	0	0	0	0	0	0	0	0	0	0	0	0	0	0	0	0	0	0
29	0	267	0	0	0	0	0	0	0	0	267	0.175517	0	0	0	0	0	0	0	0	0.175517	1	0	0	0	0	0	0	0	0	111	0	0	0	0	0	0	0	0	111	1	0	0	0	0	0	0	0	0	27.3051	0	0	0	0	0	0	0	0	27.3051	1	0	0	0	0	0	0	0	0	150	0	0	0	0	0	0	0	0	150	1	0	0	0	0	0	0	0	0	0	0	0	0	0	0	0	0	0	0	0	0	0	0	0	0	0	0	0	0	0	0	0	0	0	0	0	0	0	0	0	0	0	0	0	0	0	0
30	0	300	0	0	0	0	0	0	0	0	300	0.142784	0	0	0	0	0	0	0	0	0.142784	1	0	0	0	0	0	0	0	0	108	0	0	0	0	0	0	0	0	108	1	0	0	0	0	0	0	0	0	29.4717	0	0	0	0	0	0	0	0	29.4717	1	0	0	0	0	0	0	0	0	163	0	0	0	0	0	0	0	0	163	1	0	0	0	0	0	0	0	0	0	0	0	0	0	0	0	0	0	0	0	0	0	0	0	0	0	0	0	0	0	0	0	0	0	0	0	0	0	0	0	0	0	0	0	0	0	0
31	0	328	0	0	0	0	0	0	0	0	328	0.209903	0	0	0	0	0	0	0	0	0.209903	1	0	0	0	0	0	0	0	0	115	0	0	0	0	0	0	0	0	115	1	0	0	0	0	0	0	0	0	32.1044	0	0	0	0	0	0	0	0	32.1044	1	0	0	0	0	0	0	0	0	167	0	0	0	0	0	0	0	0	167	1	0	0	0	0	0	0	0	0	0	0	0	0	0	0	0	0	0	0	0	0	0	0	0	0	0	0	0	0	0	0	0	0	0	0	0	0	0	0	0	0	0	0	0	0	0	0
32	0	341	0	0	0	0	0	0	0	0	341	0.229867	0	0	0	0	0	0	0	0	0.229867	1	0	0	0	0	0	0	0	0	111	0	0	0	0	0	0	0	0	111	1	0	0	0	0	0	0	0	0	34.1502	0	0	0	0	0	0	0	0	34.1502	1	0	0	0	0	0	0	0	0	176	0	0	0	0	0	0	0	0	176	1	0	0	0	0	0	0	0	0	0	0	0	0	0	0	0	0	0	0	0	0	0	0	0	0	0	0	0	0	0	0	0	0	0	0	0	0	0	0	0	0	0	0	0	0	0	0
33	0	354	0	0	0	0	0	0	0	0	354	0.203594	0	0	0	0	0	0	0	0	0.203594	1	0	0	0	0	0	0	0	0	107	0	0	0	0	0	0	0	0	107	1	0	0	0	0	0	0	0	0	35.7172	0	0	0	0	0	0	0	0	35.7172	1	0	0	0	0	0	0	0	0	185	0	0	0	0	0	0	0	0	185	1	0	0	0	0	0	0	0	0	0	0	0	0	0	0	0	0	0	0	0	0	0	0	0	0	0	0	0	0	0	0	0	0	0	0	0	0	0	0	0	0	0	0	0	0	0	0
34	0	377	0	0	0	0	0	0	0	0	377	0.202502	0	0	0	0	0	0	0	0	0.202502	1	0	0	0	0	0	0	0	0	112	0	0	0	0	0	0	0	0	112	1	0	0	0	0	0	0	0	0	37.698	0	0	0	0	0	0	0	0	37.698	1	0	0	0	0	0	0	0	0	191	0	0	0	0	0	0	0	0	191	1	0	0	0	0	0	0	0	0	0	0	0	0	0	0	0	0	0	0	0	0	0	0	0	0	0	0	0	0	0	0	0	0	0	0	0	0	0	0	0	0	0	0	0	0	0	0
35	0	374	0	0	0	0	0	0	0	0	374	0.204108	0	0	0	0	0	0	0	0	0.204108	1	0	0	0	0	0	0	0	0	120	0	0	0	0	0	0	0	0	120	1	0	0	0	0	0	0	0	0	40.8378	0	0	0	0	0	0	0	0	40.8378	1	0	0	0	0	0	0	0	0	197	0	0	0	0	0	0	0	0	197	1	0	0	0	0	0	0	0	0	0	0	0	0	0	0	0	0	0	0	0	0	0	0	0	0	0	0	0	0	0	0	0	0	0	0	0	0	0	0	0	0	0	0	0	0	0	0
36	0	378	0	0	0	0	0	0	0	0	378	0.217394	0	0	0	0	0	0	0	0	0.217394	1	0	0	0	0	0	0	0	0	129	0	0	0	0	0	0	0	0	129	1	0	0	0	0	0	0	0	0	42.4635	0	0	0	0	0	0	0	0	42.4635	1	0	0	0	0	0	0	0	0	198	0	0	0	0	0	0	0	0	198	1	0	0	0	0	0	0	0	0	0	0	0	0	0	0	0	0	0	0	0	0	0	0	0	0	0	0	0	0	0	0	0	0	0	0	0	0	0	0	0	0	0	0	0	0	0	0
37	0	395	0	0	0	0	0	0	0	0	395	0.23267	0	0	0	0	0	0	0	0	0.23267	1	0	0	0	0	0	0	0	0	124	0	0	0	0	0	0	0	0	124	1	0	0	0	0	0	0	0	0	44.8546	0	0	0	0	0	0	0	0	44.8546	1	0	0	0	0	0	0	0	0	202	0	0	0	0	0	0	0	0	202	1	0	0	0	0	0	0	0	0	0	0	0	0	0	0	0	0	0	0	0	0	0	0	0	0	0	0	0	0	0	0	0	0	0	0	0	0	0	0	0	0	0	0	0	0	0	0
38	0	409	0	0	0	0	0	0	0	0	409	0.239007	0	0	0	0	0	0	0	0	0.239007	1	0	0	0	0	0	0	0	0	114	0	0	0	0	0	0	0	0	114	1	0	0	0	0	0	0	0	0	47.921	0	0	0	0	0	0	0	0	47.921	1	0	0	0	0	0	0	0	0	212	0	0	0	0	0	0	0	0	212	1	0	0	0	0	0	0	0	0	0	0	0	0	0	0	0	0	0	0	0	0	0	0	0	0	0	0	0	0	0	0	0	0	0	0	0	0	0	0	0	0	0	0	0	0	0	0
39	0	406	0	0	0	0	0	0	0	0	406	0.200616	0	0	0	0	0	0	0	0	0.200616	1	0	0	0	0	0	0	0	0	112	0	0	0	0	0	0	0	0	112	1	0	0	0	0	0	0	0	0	48.7504	0	0	0	0	0	0	0	0	48.7504	1	0	0	0	0	0	0	0	0	208	0	0	0	0	0	0	0	0	208	1	0	0	0	0	0	0	0	0	0	0	0	0	0	0	0	0	0	0	0	0	0	0	0	0	0	0	0	0	0	0	0	0	0	0	0	0	0	0	0	0	0	0	0	0	0	0
40	0	414	0	0	0	0	0	0	0	0	414	0.217113	0	0	0	0	0	0	0	0	0.217113	1	0	0	0	0	0	0	0	0	114	0	0	0	0	0	0	0	0	114	1	0	0	0	0	0	0	0	0	49.7384	0	0	0	0	0	0	0	0	49.7384	1	0	0	0	0	0	0	0	0	205	0	0	0	0	0	0	0	0	205	1	0	0	0	0	0	0	0	0	0	0	0	0	0	0	0	0	0	0	0	0	0	0	0	0	0	0	0	0	0	0	0	0	0	0	0	0	0	0	0	0	0	0	0	0	0	0
41	0	388	0	0	0	0	0	0	0	0	388	0.205198	0	0	0	0	0	0	0	0	0.205198	1	0	0	0	0	0	0	0	0	111	0	0	0	0	0	0	0	0	111	1	0	0	0	0	0	0	0	0	51.3248	0	0	0	0	0	0	0	0	51.3248	1	0	0	0	0	0	0	0	0	211	0	0	0	0	0	0	0	0	211	1	0	0	0	0	0	0	0	0	0	0	0	0	0	0	0	0	0	0	0	0	0	0	0	0	0	0	0	0	0	0	0	0	0	0	0	0	0	0	0	0	0	0	0	0	0	0
42	0	419	0	0	0	0	0	0	0	0	419	0.202974	0	0	0	0	0	0	0	0	0.202974	1	0	0	0	0	0	0	0	0	102	0	0	0	0	0	0	0	0	102	1	0	0	0	0	0	0	0	0	53.7989	0	0	0	0	0	0	0	0	53.7989	1	0	0	0	0	0	0	0	0	209	0	0	0	0	0	0	0	0	209	1	0	0	0	0	0	0	0	0	0	0	0	0	0	0	0	0	0	0	0	0	0	0	0	0	0	0	0	0	0	0	0	0	0	0	0	0	0	0	0	0	0	0	0	0	0	0
43	0	427	0	0	0	0	0	0	0	0	427	0.198079	0	0	0	0	0	0	0	0	0.198079	1	0	0	0	0	0	0	0	0	86	0	0	0	0	0	0	0	0	86	1	0	0	0	0	0	0	0	0	55.4942	0	0	0	0	0	0	0	0	55.4942	1	0	0	0	0	0	0	0	0	209	0	0	0	0	0	0	0	0	209	1	0	0	0	0	0	0	0	0	0	0	0	0	0	0	0	0	0	0	0	0	0	0	0	0	0	0	0	0	0	0	0	0	0	0	0	0	0	0	0	0	0	0	0	0	0	0
44	0	441	0	0	0	0	0	0	0	0	441	0.197709	0	0	0	0	0	0	0	0	0.197709	1	0	0	0	0	0	0	0	0	76	0	0	0	0	0	0	0	0	76	1	0	0	0	0	0	0	0	0	58.6158	0	0	0	0	0	0	0	0	58.6158	1	0	0	0	0	0	0	0	0	215	0	0	0	0	0	0	0	0	215	1	0	0	0	0	0	0	0	0	0	0	0	0	0	0	0	0	0	0	0	0	0	0	0	0	0	0	0	0	0	0	0	0	0	0	0	0	0	0	0	0	0	0	0	0	0	0
45	0	432	0	0	0	0	0	0	0	0	432	0.16614	0	0	0	0	0	0	0	0	0.16614	1	0	0	0	0	0	0	0	0	63	0	0	0	0	0	0	0	0	63	1	0	0	0	0	0	0	0	0	59.594	0	0	0	0	0	0	0	0	59.594	1	0	0	0	0	0	0	0	0	219	0	0	0	0	0	0	0	0	219	1	0	0	0	0	0	0	0	0	0	0	0	0	0	0	0	0	0	0	0	0	0	0	0	0	0	0	0	0	0	0	0	0	0	0	0	0	0	0	0	0	0	0	0	0	0	0
46	0	430	0	0	0	0	0	0	0	0	430	0.13371	0	0	0	0	0	0	0	0	0.13371	1	0	0	0	0	0	0	0	0	54	0	0	0	0	0	0	0	0	54	1	0	0	0	0	0	0	0	0	59.7767	0	0	0	0	0	0	0	0	59.7767	1	0	0	0	0	0	0	0	0	213	0	0	0	0	0	0	0	0	213	1	0	0	0	0	0	0	0	0	0	0	0	0	0	0	0	0	0	0	0	0	0	0	0	0	0	0	0	0	0	0	0	0	0	0	0	0	0	0	0	0	0	0	0	0	0	0
47	0	416	0	0	0	0	0	0	0	0	416	0.126651	0	0	0	0	0	0	0	0	0.126651	1	0	0	0	0	0	0	0	0	47	0	0	0	0	0	0	0	0	47	1	0	0	0	0	0	0	0	0	58.7959	0	0	0	0	0	0	0	0	58.7959	1	0	0	0	0	0	0	0	0	204	0	0	0	0	0	0	0	0	204	1	0	0	0	0	0	0	0	0	0	0	0	0	0	0	0	0	0	0	0	0	0	0	0	0	0	0	0	0	0	0	0	0	0	0	0	0	0	0	0	0	0	0	0	0	0	0
48	0	439	0	0	0	0	0	0	0	0	439	0.130041	0	0	0	0	0	0	0	0	0.130041	1	0	0	0	0	0	0	0	0	47	0	0	0	0	0	0	0	0	47	1	0	0	0	0	0	0	0	0	60.9135	0	0	0	0	0	0	0	0	60.9135	1	0	0	0	0	0	0	0	0	205	0	0	0	0	0	0	0	0	205	1	0	0	0	0	0	0	0	0	0	0	0	0	0	0	0	0	0	0	0	0	0	0	0	0	0	0	0	0	0	0	0	0	0	0	0	0	0	0	0	0	0	0	0	0	0	0
49	0	444	0	0	0	0	0	0	0	0	444	0.119753	0	0	0	0	0	0	0	0	0.119753	1	0	0	0	0	0	0	0	0	41	0	0	0	0	0	0	0	0	41	1	0	0	0	0	0	0	0	0	62.7711	0	0	0	0	0	0	0	0	62.7711	1	0	0	0	0	0	0	0	0	204	0	0	0	0	0	0	0	0	204	1	0	0	0	0	0	0	0	0	0	0	0	0	0	0	0	0	0	0	0	0	0	0	0	0	0	0	0	0	0	0	0	0	0	0	0	0	0	0	0	0	0	0	0	0	0	0
50	0	472	0	0	0	0	0	0	0	0	472	0.09705	0	0	0	0	0	0	0	0	0.09705	1	0	0	0	0	0	0	0	0	35	0	0	0	0	0	0	0	0	35	1	0	0	0	0	0	0	0	0	65.0337	0	0	0	0	0	0	0	0	65.0337	1	0	0	0	0	0	0	0	0	203	0	0	0	0	0	0	0	0	203	1	0	0	0	0	0	0	0	0	0	0	0	0	0	0	0	0	0	0	0	0	0	0	0	0	0	0	0	0	0	0	0	0	0	0	0	0	0	0	0	0	0	0	0	0	0	0
51	0	464	0	0	0	0	0	0	0	0	464	0.0905132	0	0	0	0	0	0	0	0	0.0905132	1	0	0	0	0	0	0	0	0	32	0	0	0	0	0	0	0	0	32	1	0	0	0	0	0	0	0	0	64.9483	0	0	0	0	0	0	0	0	64.9483	1	0	0	0	0	0	0	0	0	194	0	0	0	0	0	0	0	0	194	1	0	0	0	0	0	0	0	0	0	0	0	0	0	0	0	0	0	0	0	0	0	0	0	0	0	0	0	0	0	0	0	0	0	0	0	0	0	0	0	0	0	0	0	0	0	0
52	0	472	0	0	0	0	0	0	0	0	472	0.0958209	0	0	0	0	0	0	0	0	0.0958209	1	0	0	0	0	0	0	0	0	37	0	0	0	0	0	0	0	0	37	1	0	0	0	0	0	0	0	0	67.8908	0	0	0	0	0	0	0	0	67.8908	1	0	0	0	0	0	0	0	0	191	0	0	0	0	0	0	0	0	191	1	0	0	0	0	0	0	0	0	0	0	0	0	0	0	0	0	0	0	0	0	0	0	0	0	0	0	0	0	0	0	0	0	0	0	0	0	0	0	0	0	0	0	0	0	0	0
53	0	468	0	0	0	0	0	0	0	0	468	0.0555662	0	0	0	0	0	0	0	0	0.0555662	1	0	0	0	0	0	0	0	0	34	0	0	0	0	0	0	0	0	34	1	0	0	0	0	0	0	0	0	66.3646	0	0	0	0	0	0	0	0	66.3646	1	0	0	0	0	0	0	0	0	188	0	0	0	0	0	0	0	0	188	1	0	0	0	0	0	0	0	0	0	0	0	0	0	0	0	0	0	0	0	0	0	0	0	0	0	0	0	0	0	0	0	0	0	0	0	0	0	0	0	0	0	0	0	0	0	0
54	0	456	0	0	0	0	0	0	0	0	456	0.0512261	0	0	0	0	0	0	0	0	0.0512261	1	0	0	0	0	0	0	0	0	31	0	0	0	0	0	0	0	0	31	1	0	0	0	0	0	0	0	0	64.5591	0	0	0	0	0	0	0	0	64.5591	1	0	0	0	0	0	0	0	0	182	0	0	0	0	0	0	0	0	182	1	0	0	0	0	0	0	0	0	0	0	0	0	0	0	0	0	0	0	0	0	0	0	0	0	0	0	0	0	0	0	0	0	0	0	0	0	0	0	0	0	0	0	0	0	0	0
55	0	457	0	0	0	0	0	0	0	0	457	0.0561172	0	0	0	0	0	0	0	0	0.0561172	1	0	0	0	0	0	0	0	0	32	0	0	0	0	0	0	0	0	32	1	0	0	0	0	0	0	0	0	63.3366	0	0	0	0	0	0	0	0	63.3366	1	0	0	0	0	0	0	0	0	174	0	0	0	0	0	0	0	0	174	1	0	0	0	0	0	0	0	0	0	0	0	0	0	0	0	0	0	0	0	0	0	0	0	0	0	0	0	0	0	0	0	0	0	0	0	0	0	0	0	0	0	0	0	0	0	0
56	0	453	0	0	0	0	0	0	0	0	453	0.0724991	0	0	0	0	0	0	0	0	0.0724991	1	0	0	0	0	0	0	0	0	30	0	0	0	0	0	0	0	0	30	1	0	0	0	0	0	0	0	0	63.5035	0	0	0	0	0	0	0	0	63.5035	1	0	0	0	0	0	0	0	0	166	0	0	0	0	0	0	0	0	166	1	0	0	0	0	0	0	0	0	0	0	0	0	0	0	0	0	0	0	0	0	0	0	0	0	0	0	0	0	0	0	0	0	0	0	0	0	0	0	0	0	0	0	0	0	0	0
57	0	451	0	0	0	0	0	0	0	0	451	0.0646509	0	0	0	0	0	0	0	0	0.0646509	1	0	0	0	0	0	0	0	0	26	0	0	0	0	0	0	0	0	26	1	0	0	0	0	0	0	0	0	59.9471	0	0	0	0	0	0	0	0	59.9471	1	0	0	0	0	0	0	0	0	158	0	0	0	0	0	0	0	0	158	1	0	0	0	0	0	0	0	0	0	0	0	0	0	0	0	0	0	0	0	0	0	0	0	0	0	0	0	0	0	0	0	0	0	0	0	0	0	0	0	0	0	0	0	0	0	0
58	0	461	0	0	0	0	0	0	0	0	461	0.038038	0	0	0	0	0	0	0	0	0.038038	1	0	0	0	0	0	0	0	0	22	0	0	0	0	0	0	0	0	22	1	0	0	0	0	0	0	0	0	59.1155	0	0	0	0	0	0	0	0	59.1155	1	0	0	0	0	0	0	0	0	153	0	0	0	0	0	0	0	0	153	1	0	0	0	0	0	0	0	0	0	0	0	0	0	0	0	0	0	0	0	0	0	0	0	0	0	0	0	0	0	0	0	0	0	0	0	0	0	0	0	0	0	0	0	0	0	0
59	0	474	0	0	0	0	0	0	0	0	474	0.0335144	0	0	0	0	0	0	0	0	0.0335144	1	0	0	0	0	0	0	0	0	21	0	0	0	0	0	0	0	0	21	1	0	0	0	0	0	0	0	0	61.0223	0	0	0	0	0	0	0	0	61.0223	1	0	0	0	0	0	0	0	0	149	0	0	0	0	0	0	0	0	149	1	0	0	0	0	0	0	0	0	0	0	0	0	0	0	0	0	0	0	0	0	0	0	0	0	0	0	0	0	0	0	0	0	0	0	0	0	0	0	0	0	0	0	0	0	0	0
60	0	457	0	0	0	0	0	0	0	0	457	0.0308229	0	0	0	0	0	0	0	0	0.0308229	1	0	0	0	0	0	0	0	0	23	0	0	0	0	0	0	0	0	23	1	0	0	0	0	0	0	0	0	60.5249	0	0	0	0	0	0	0	0	60.5249	1	0	0	0	0	0	0	0	0	145	0	0	0	0	0	0	0	0	145	1	0	0	0	0	0	0	0	0	0	0	0	0	0	0	0	0	0	0	0	0	0	0	0	0	0	0	0	0	0	0	0	0	0	0	0	0	0	0	0	0	0	0	0	0	0	0
61	0	474	0	0	0	0	0	0	0	0	474	0.0374799	0	0	0	0	0	0	0	0	0.0374799	1	0	0	0	0	0	0	0	0	29	0	0	0	0	0	0	0	0	29	1	0	0	0	0	0	0	0	0	61.8475	0	0	0	0	0	0	0	0	61.8475	1	0	0	0	0	0	0	0	0	142	0	0	0	0	0	0	0	0	142	1	0	0	0	0	0	0	0	0	0	0	0	0	0	0	0	0	0	0	0	0	0	0	0	0	0	0	0	0	0	0	0	0	0	0	0	0	0	0	0	0	0	0	0	0	0	0
62	0	490	0	0	0	0	0	0	0	0	490	0.0486005	0	0	0	0	0	0	0	0	0.0486005	1	0	0	0	0	0	0	0	0	28	0	0	0	0	0	0	0	0	28	1	0	0	0	0	0	0	0	0	62.5952	0	0	0	0	0	0	0	0	62.5952	1	0	0	0	0	0	0	0	0	139	0	0	0	0	0	0	0	0	139	1	0	0	0	0	0	0	0	0	0	0	0	0	0	0	0	0	0	0	0	0	0	0	0	0	0	0	0	0	0	0	0	0	0	0	0	0	0	0	0	0	0	0	0	0	0	0
63	0	496	0	0	0	0	0	0	0	0	496	0.0528144	0	0	0	0	0	0	0	0	0.0528144	1	0	0	0	0	0	0	0	0	27	0	0	0	0	0	0	0	0	27	1	0	0	0	0	0	0	0	0	63.1607	0	0	0	0	0	0	0	0	63.1607	1	0	0	0	0	0	0	0	0	136	0	0	0	0	0	0	0	0	136	1	0	0	0	0	0	0	0	0	0	0	0	0	0	0	0	0	0	0	0	0	0	0	0	0	0	0	0	0	0	0	0	0	0	0	0	0	0	0	0	0	0	0	0	0	0	0
64	0	480	0	0	0	0	0	0	0	0	480	0.0538768	0	0	0	0	0	0	0	0	0.0538768	1	0	0	0	0	0	0	0	0	28	0	0	0	0	0	0	0	0	28	1	0	0	0	0	0	0	0	0	62.8364	0	0	0	0	0	0	0	0	62.8364	1	0	0	0	0	0	0	0	0	131	0	0	0	0	0	0	0	0	131	1	0	0	0	0	0	0	0	0	0	0	0	0	0	0	0	0	0	0	0	0	0	0	0	0	0	0	0	0	0	0	0	0	0	0	0	0	0	0	0	0	0	0	0	0	0	0
65	0	469	0	0	0	0	0	0	0	0	469	0.0680588	0	0	0	0	0	0	0	0	0.0680588	1	0	0	0	0	0	0	0	0	37	0	0	0	0	0	0	0	0	37	1	0	0	0	0	0	0	0	0	61.9019	0	0	0	0	0	0	0	0	61.9019	1	0	0	0	0	0	0	0	0	124	0	0	0	0	0	0	0	0	124	1	0	0	0	0	0	0	0	0	0	0	0	0	0	0	0	0	0	0	0	0	0	0	0	0	0	0	0	0	0	0	0	0	0	0	0	0	0	0	0	0	0	0	0	0	0	0
66	0	479	0	0	0	0	0	0	0	0	479	0.0489977	0	0	0	0	0	0	0	0	0.0489977	1	0	0	0	0	0	0	0	0	33	0	0	0	0	0	0	0	0	33	1	0	0	0	0	0	0	0	0	64.0057	0	0	0	0	0	0	0	0	64.0057	1	0	0	0	0	0	0	0	0	129	0	0	0	0	0	0	0	0	129	1	0	0	0	0	0	0	0	0	0	0	0	0	0	0	0	0	0	0	0	0	0	0	0	0	0	0	0	0	0	0	0	0	0	0	0	0	0	0	0	0	0	0	0	0	0	0
67	0	498	0	0	0	0	0	0	0	0	498	0.0484006	0	0	0	0	0	0	0	0	0.0484006	1	0	0	0	0	0	0	0	0	31	0	0	0	0	0	0	0	0	31	1	0	0	0	0	0	0	0	0	63.1586	0	0	0	0	0	0	0	0	63.1586	1	0	0	0	0	0	0	0	0	127	0	0	0	0	0	0	0	0	127	1	0	0	0	0	0	0	0	0	0	0	0	0	0	0	0	0	0	0	0	0	0	0	0	0	0	0	0	0	0	0	0	0	0	0	0	0	0	0	0	0	0	0	0	0	0	0
68	0	491	0	0	0	0	0	0	0	0	491	0.0554231	0	0	0	0	0	0	0	0	0.0554231	1	0	0	0	0	0	0	0	0	30	0	0	0	0	0	0	0	0	30	1	0	0	0	0	0	0	0	0	62.7601	0	0	0	0	0	0	0	0	62.7601	1	0	0	0	0	0	0	0	0	125	0	0	0	0	0	0	0	0	125	1	0	0	0	0	0	0	0	0	0	0	0	0	0	0	0	0	0	0	0	0	0	0	0	0	0	0	0	0	0	0	0	0	0	0	0	0	0	0	0	0	0	0	0	0	0	0
69	0	496	0	0	0	0	0	0	0	0	496	0.069082	0	0	0	0	0	0	0	0	0.069082	1	0	0	0	0	0	0	0	0	32	0	0	0	0	0	0	0	0	32	1	0	0	0	0	0	0	0	0	62.9598	0	0	0	0	0	0	0	0	62.9598	1	0	0	0	0	0	0	0	0	126	0	0	0	0	0	0	0	0	126	1	0	0	0	0	0	0	0	0	0	0	0	0	0	0	0	0	0	0	0	0	0	0	0	0	0	0	0	0	0	0	0	0	0	0	0	0	0	0	0	0	0	0	0	0	0	0
70	0	495	0	0	0	0	0	0	0	0	495	0.0617117	0	0	0	0	0	0	0	0	0.0617117	1	0	0	0	0	0	0	0	0	29	0	0	0	0	0	0	0	0	29	1	0	0	0	0	0	0	0	0	64.1121	0	0	0	0	0	0	0	0	64.1121	1	0	0	0	0	0	0	0	0	123	0	0	0	0	0	0	0	0	123	1	0	0	0	0	0	0	0	0	0	0	0	0	0	0	0	0	0	0	0	0	0	0	0	0	0	0	0	0	0	0	0	0	0	0	0	0	0	0	0	0	0	0	0	0	0	0
71	0	488	0	0	0	0	0	0	0	0	488	0.0543124	0	0	0	0	0	0	0	0	0.0543124	1	0	0	0	0	0	0	0	0	31	0	0	0	0	0	0	0	0	31	1	0	0	0	0	0	0	0	0	61.7485	0	0	0	0	0	0	0	0	61.7485	1	0	0	0	0	0	0	0	0	121	0	0	0	0	0	0	0	0	121	1	0	0	0	0	0	0	0	0	0	0	0	0	0	0	0	0	0	0	0	0	0	0	0	0	0	0	0	0	0	0	0	0	0	0	0	0	0	0	0	0	0	0	0	0	0	0
72	0	506	0	0	0	0	0	0	0	0	506	0.0434432	0	0	0	0	0	0	0	0	0.0434432	1	0	0	0	0	0	0	0	0	29	0	0	0	0	0	0	0	0	29	1	0	0	0	0	0	0	0	0	64.4483	0	0	0	0	0	0	0	0	64.4483	1	0	0	0	0	0	0	0	0	127	0	0	0	0	0	0	0	0	127	1	0	0	0	0	0	0	0	0	0	0	0	0	0	0	0	0	0	0	0	0	0	0	0	0	0	0	0	0	0	0	0	0	0	0	0	0	0	0	0	0	0	0	0	0	0	0
73	0	510	0	0	0	0	0	0	0	0	510	0.0481785	0	0	0	0	0	0	0	0	0.0481785	1	0	0	0	0	0	0	0	0	29	0	0	0	0	0	0	0	0	29	1	0	0	0	0	0	0	0	0	64.6261	0	0	0	0	0	0	0	0	64.6261	1	0	0	0	0	0	0	0	0	127	0	0	0	0	0	0	0	0	127	1	0	0	0	0	0	0	0	0	0	0	0	0	0	0	0	0	0	0	0	0	0	0	0	0	0	0	0	0	0	0	0	0	0	0	0	0	0	0	0	0	0	0	0	0	0	0
74	0	510	0	0	0	0	0	0	0	0	510	0.0611813	0	0	0	0	0	0	0	0	0.0611813	1	0	0	0	0	0	0	0	0	38	0	0	0	0	0	0	0	0	38	1	0	0	0	0	0	0	0	0	64.4452	0	0	0	0	0	0	0	0	64.4452	1	0	0	0	0	0	0	0	0	121	0	0	0	0	0	0	0	0	121	1	0	0	0	0	0	0	0	0	0	0	0	0	0	0	0	0	0	0	0	0	0	0	0	0	0	0	0	0	0	0	0	0	0	0	0	0	0	0	0	0	0	0	0	0	0	0
75	0	508	0	0	0	0	0	0	0	0	508	0.0560611	0	0	0	0	0	0	0	0	0.0560611	1	0	0	0	0	0	0	0	0	43	0	0	0	0	0	0	0	0	43	1	0	0	0	0	0	0	0	0	63.3796	0	0	0	0	0	0	0	0	63.3796	1	0	0	0	0	0	0	0	0	121	0	0	0	0	0	0	0	0	121	1	0	0	0	0	0	0	0	0	0	0	0	0	0	0	0	0	0	0	0	0	0	0	0	0	0	0	0	0	0	0	0	0	0	0	0	0	0	0	0	0	0	0	0	0	0	0
76	0	517	0	0	0	0	0	0	0	0	517	0.0663226	0	0	0	0	0	0	0	0	0.0663226	1	0	0	0	0	0	0	0	0	53	0	0	0	0	0	0	0	0	53	1	0	0	0	0	0	0	0	0	63.7019	0	0	0	0	0	0	0	0	63.7019	1	0	0	0	0	0	0	0	0	121	0	0	0	0	0	0	0	0	121	1	0	0	0	0	0	0	0	0	0	0	0	0	0	0	0	0	0	0	0	0	0	0	0	0	0	0	0	0	0	0	0	0	0	0	0	0	0	0	0	0	0	0	0	0	0	0
77	0	506	0	0	0	0	0	0	0	0	506	0.0856036	0	0	0	0	0	0	0	0	0.0856036	1	0	0	0	0	0	0	0	0	53	0	0	0	0	0	0	0	0	53	1	0	0	0	0	0	0	0	0	60.3124	0	0	0	0	0	0	0	0	60.3124	1	0	0	0	0	0	0	0	0	118	0	0	0	0	0	0	0	0	118	1	0	0	0	0	0	0	0	0	0	0	0	0	0	0	0	0	0	0	0	0	0	0	0	0	0	0	0	0	0	0	0	0	0	0	0	0	0	0	0	0	0	0	0	0	0	0
78	0	529	0	0	0	0	0	0	0	0	529	0.0818703	0	0	0	0	0	0	0	0	0.0818703	1	0	0	0	0	0	0	0	0	49	0	0	0	0	0	0	0	0	49	1	0	0	0	0	0	0	0	0	61.7388	0	0	0	0	0	0	0	0	61.7388	1	0	0	0	0	0	0	0	0	124	0	0	0	0	0	0	0	0	124	1	0	0	0	0	0	0	0	0	0	0	0	0	0	0	0	0	0	0	0	0	0	0	0	0	0	0	0	0	0	0	0	0	0	0	0	0	0	0	0	0	0	0	0	0	0	0
79	0	521	0	0	0	0	0	0	0	0	521	0.0918405	0	0	0	0	0	0	0	0	0.0918405	1	0	0	0	0	0	0	0	0	53	0	0	0	0	0	0	0	0	53	1	0	0	0	0	0	0	0	0	61.402	0	0	0	0	0	0	0	0	61.402	1	0	0	0	0	0	0	0	0	126	0	0	0	0	0	0	0	0	126	1	0	0	0	0	0	0	0	0	0	0	0	0	0	0	0	0	0	0	0	0	0	0	0	0	0	0	0	0	0	0	0	0	0	0	0	0	0	0	0	0	0	0	0	0	0	0
80	0	503	0	0	0	0	0	0	0	0	503	0.0838306	0	0	0	0	0	0	0	0	0.0838306	1	0	0	0	0	0	0	0	0	55	0	0	0	0	0	0	0	0	55	1	0	0	0	0	0	0	0	0	60.728	0	0	0	0	0	0	0	0	60.728	1	0	0	0	0	0	0	0	0	128	0	0	0	0	0	0	0	0	128	1	0	0	0	0	0	0	0	0	0	0	0	0	0	0	0	0	0	0	0	0	0	0	0	0	0	0	0	0	0	0	0	0	0	0	0	0	0	0	0	0	0	0	0	0	0	0
81	0	513	0	0	0	0	0	0	0	0	513	0.0932084	0	0	0	0	0	0	0	0	0.0932084	1	0	0	0	0	0	0	0	0	59	0	0	0	0	0	0	0	0	59	1	0	0	0	0	0	0	0	0	61.8408	0	0	0	0	0	0	0	0	61.8408	1	0	0	0	0	0	0	0	0	128	0	0	0	0	0	0	0	0	128	1	0	0	0	0	0	0	0	0	0	0	0	0	0	0	0	0	0	0	0	0	0	0	0	0	0	0	0	0	0	0	0	0	0	0	0	0	0	0	0	0	0	0	0	0	0	0
82	0	522	0	0	0	0	0	0	0	0	522	0.0969607	0	0	0	0	0	0	0	0	0.0969607	1	0	0	0	0	0	0	0	0	69	0	0	0	0	0	0	0	0	69	1	0	0	0	0	0	0	0	0	62.8171	0	0	0	0	0	0	0	0	62.8171	1	0	0	0	0	0	0	0	0	127	0	0	0	0	0	0	0	0	127	1	0	0	0	0	0	0	0	0	0	0	0	0	0	0	0	0	0	0	0	0	0	0	0	0	0	0	0	0	0	0	0	0	0	0	0	0	0	0	0	0	0	0	0	0	0	0
83	0	506	0	0	0	0	0	0	0	0	506	0.148535	0	0	0	0	0	0	0	0	0.148535	1	0	0	0	0	0	0	0	0	79	0	0	0	0	0	0	0	0	79	1	0	0	0	0	0	0	0	0	60.5228	0	0	0	0	0	0	0	0	60.5228	1	0	0	0	0	0	0	0	0	126	0	0	0	0	0	0	0	0	126	1	0	0	0	0	0	0	0	0	0	0	0	0	0	0	0	0	0	0	0	0	0	0	0	0	0	0	0	0	0	0	0	0	0	0	0	0	0	0	0	0	0	0	0	0	0	0
84	0	512	0	0	0	0	0	0	0	0	512	0.16415	0	0	0	0	0	0	0	0	0.16415	1	0	0	0	0	0	0	0	0	77	0	0	0	0	0	0	0	0	77	1	0	0	0	0	0	0	0	0	62.0213	0	0	0	0	0	0	0	0	62.0213	1	0	0	0	0	0	0	0	0	134	0	0	0	0	0	0	0	0	134	1	0	0	0	0	0	0	0	0	0	0	0	0	0	0	0	0	0	0	0	0	0	0	0	0	0	0	0	0	0	0	0	0	0	0	0	0	0	0	0	0	0	0	0	0	0	0
85	0	519	0	0	0	0	0	0	0	0	519	0.109625	0	0	0	0	0	0	0	0	0.109625	1	0	0	0	0	0	0	0	0	63	0	0	0	0	0	0	0	0	63	1	0	0	0	0	0	0	0	0	61.4775	0	0	0	0	0	0	0	0	61.4775	1	0	0	0	0	0	0	0	0	146	0	0	0	0	0	0	0	0	146	1	0	0	0	0	0	0	0	0	0	0	0	0	0	0	0	0	0	0	0	0	0	0	0	0	0	0	0	0	0	0	0	0	0	0	0	0	0	0	0	0	0	0	0	0	0	0
86	0	496	0	0	0	0	0	0	0	0	496	0.120984	0	0	0	0	0	0	0	0	0.120984	1	0	0	0	0	0	0	0	0	61	0	0	0	0	0	0	0	0	61	1	0	0	0	0	0	0	0	0	58.4837	0	0	0	0	0	0	0	0	58.4837	1	0	0	0	0	0	0	0	0	146	0	0	0	0	0	0	0	0	146	1	0	0	0	0	0	0	0	0	0	0	0	0	0	0	0	0	0	0	0	0	0	0	0	0	0	0	0	0	0	0	0	0	0	0	0	0	0	0	0	0	0	0	0	0	0	0
87	0	486	0	0	0	0	0	0	0	0	486	0.100478	0	0	0	0	0	0	0	0	0.100478	1	0	0	0	0	0	0	0	0	57	0	0	0	0	0	0	0	0	57	1	0	0	0	0	0	0	0	0	57.9297	0	0	0	0	0	0	0	0	57.9297	1	0	0	0	0	0	0	0	0	148	0	0	0	0	0	0	0	0	148	1	0	0	0	0	0	0	0	0	0	0	0	0	0	0	0	0	0	0	0	0	0	0	0	0	0	0	0	0	0	0	0	0	0	0	0	0	0	0	0	0	0	0	0	0	0	0
88	0	455	0	0	0	0	0	0	0	0	455	0.105331	0	0	0	0	0	0	0	0	0.105331	1	0	0	0	0	0	0	0	0	58	0	0	0	0	0	0	0	0	58	1	0	0	0	0	0	0	0	0	55.2191	0	0	0	0	0	0	0	0	55.2191	1	0	0	0	0	0	0	0	0	145	0	0	0	0	0	0	0	0	145	1	0	0	0	0	0	0	0	0	0	0	0	0	0	0	0	0	0	0	0	0	0	0	0	0	0	0	0	0	0	0	0	0	0	0	0	0	0	0	0	0	0	0	0	0	0	0
89	0	467	0	0	0	0	0	0	0	0	467	0.0906143	0	0	0	0	0	0	0	0	0.0906143	1	0	0	0	0	0	0	0	0	57	0	0	0	0	0	0	0	0	57	1	0	0	0	0	0	0	0	0	54.7909	0	0	0	0	0	0	0	0	54.7909	1	0	0	0	0	0	0	0	0	147	0	0	0	0	0	0	0	0	147	1	0	0	0	0	0	0	0	0	0	0	0	0	0	0	0	0	0	0	0	0	0	0	0	0	0	0	0	0	0	0	0	0	0	0	0	0	0	0	0	0	0	0	0	0	0	0
90	0	457	0	0	0	0	0	0	0	0	457	0.134417	0	0	0	0	0	0	0	0	0.134417	1	0	0	0	0	0	0	0	0	65	0	0	0	0	0	0	0	0	65	1	0	0	0	0	0	0	0	0	53.6384	0	0	0	0	0	0	0	0	53.6384	1	0	0	0	0	0	0	0	0	145	0	0	0	0	0	0	0	0	145	1	0	0	0	0	0	0	0	0	0	0	0	0	0	0	0	0	0	0	0	0	0	0	0	0	0	0	0	0	0	0	0	0	0	0	0	0	0	0	0	0	0	0	0	0	0	0
91	0	467	0	0	0	0	0	0	0	0	467	0.120527	0	0	0	0	0	0	0	0	0.120527	1	0	0	0	0	0	0	0	0	66	0	0	0	0	0	0	0	0	66	1	0	0	0	0	0	0	0	0	55.3026	0	0	0	0	0	0	0	0	55.3026	1	0	0	0	0	0	0	0	0	153	0	0	0	0	0	0	0	0	153	1	0	0	0	0	0	0	0	0	0	0	0	0	0	0	0	0	0	0	0	0	0	0	0	0	0	0	0	0	0	0	0	0	0	0	0	0	0	0	0	0	0	0	0	0	0	0
92	0	494	0	0	0	0	0	0	0	0	494	0.12707	0	0	0	0	0	0	0	0	0.12707	1	0	0	0	0	0	0	0	0	70	0	0	0	0	0	0	0	0	70	1	0	0	0	0	0	0	0	0	57.8505	0	0	0	0	0	0	0	0	57.8505	1	0	0	0	0	0	0	0	0	157	0	0	0	0	0	0	0	0	157	1	0	0	0	0	0	0	0	0	0	0	0	0	0	0	0	0	0	0	0	0	0	0	0	0	0	0	0	0	0	0	0	0	0	0	0	0	0	0	0	0	0	0	0	0	0	0
93	0	469	0	0	0	0	0	0	0	0	469	0.119843	0	0	0	0	0	0	0	0	0.119843	1	0	0	0	0	0	0	0	0	65	0	0	0	0	0	0	0	0	65	1	0	0	0	0	0	0	0	0	55.7826	0	0	0	0	0	0	0	0	55.7826	1	0	0	0	0	0	0	0	0	157	0	0	0	0	0	0	0	0	157	1	0	0	0	0	0	0	0	0	0	0	0	0	0	0	0	0	0	0	0	0	0	0	0	0	0	0	0	0	0	0	0	0	0	0	0	0	0	0	0	0	0	0	0	0	0	0
94	0	482	0	0	0	0	0	0	0	0	482	0.135314	0	0	0	0	0	0	0	0	0.135314	1	0	0	0	0	0	0	0	0	71	0	0	0	0	0	0	0	0	71	1	0	0	0	0	0	0	0	0	55.7203	0	0	0	0	0	0	0	0	55.7203	1	0	0	0	0	0	0	0	0	161	0	0	0	0	0	0	0	0	161	1	0	0	0	0	0	0	0	0	0	0	0	0	0	0	0	0	0	0	0	0	0	0	0	0	0	0	0	0	0	0	0	0	0	0	0	0	0	0	0	0	0	0	0	0	0	0
95	0	473	0	0	0	0	0	0	0	0	473	0.0952522	0	0	0	0	0	0	0	0	0.0952522	1	0	0	0	0	0	0	0	0	62	0	0	0	0	0	0	0	0	62	1	0	0	0	0	0	0	0	0	57.8885	0	0	0	0	0	0	0	0	57.8885	1	0	0	0	0	0	0	0	0	173	0	0	0	0	0	0	0	0	173	1	0	0	0	0	0	0	0	0	0	0	0	0	0	0	0	0	0	0	0	0	0	0	0	0	0	0	0	0	0	0	0	0	0	0	0	0	0	0	0	0	0	0	0	0	0	0
96	0	470	0	0	0	0	0	0	0	0	470	0.118169	0	0	0	0	0	0	0	0	0.118169	1	0	0	0	0	0	0	0	0	68	0	0	0	0	0	0	0	0	68	1	0	0	0	0	0	0	0	0	57.6009	0	0	0	0	0	0	0	0	57.6009	1	0	0	0	0	0	0	0	0	172	0	0	0	0	0	0	0	0	172	1	0	0	0	0	0	0	0	0	0	0	0	0	0	0	0	0	0	0	0	0	0	0	0	0	0	0	0	0	0	0	0	0	0	0	0	0	0	0	0	0	0	0	0	0	0	0
97	0	505	0	0	0	0	0	0	0	0	505	0.0858502	0	0	0	0	0	0	0	0	0.0858502	1	0	0	0	0	0	0	0	0	61	0	0	0	0	0	0	0	0	61	1	0	0	0	0	0	0	0	0	60.6825	0	0	0	0	0	0	0	0	60.6825	1	0	0	0	0	0	0	0	0	180	0	0	0	0	0	0	0	0	180	1	0	0	0	0	0	0	0	0	0	0	0	0	0	0	0	0	0	0	0	0	0	0	0	0	0	0	0	0	0	0	0	0	0	0	0	0	0	0	0	0	0	0	0	0	0	0
98	0	466	0	0	0	0	0	0	0	0	466	0.119306	0	0	0	0	0	0	0	0	0.119306	1	0	0	0	0	0	0	0	0	66	0	0	0	0	0	0	0	0	66	1	0	0	0	0	0	0	0	0	58.7596	0	0	0	0	0	0	0	0	58.7596	1	0	0	0	0	0	0	0	0	172	0	0	0	0	0	0	0	0	172	1	0	0	0	0	0	0	0	0	0	0	0	0	0	0	0	0	0	0	0	0	0	0	0	0	0	0	0	0	0	0	0	0	0	0	0	0	0	0	0	0	0	0	0	0	0	0
99	0	493	0	0	0	0	0	0	0	0	493	0.0856648	0	0	0	0	0	0	0	0	0.0856648	1	0	0	0	0	0	0	0	0	58	0	0	0	0	0	0	0	0	58	1	0	0	0	0	0	0	0	0	61.0044	0	0	0	0	0	0	0	0	61.0044	1	0	0	0	0	0	0	0	0	176	0	0	0	0	0	0	0	0	176	1	0	0	0	0	0	0	0	0	0	0	0	0	0	0	0	0	0	0	0	0	0	0	0	0	0	0	0	0	0	0	0	0	0	0	0	0	0	0	0	0	0	0	0	0	0	0
100	0	467	0	0	0	0	0	0	0	0	467	0.115456	0	0	0	0	0	0	0	0	0.115456	1	0	0	0	0	0	0	0	0	59	0	0	0	0	0	0	0	0	59	1	0	0	0	0	0	0	0	0	62.8782	0	0	0	0	0	0	0	0	62.8782	1	0	0	0	0	0	0	0	0	173	0	0	0	0	0	0	0	0	173	1	0	0	0	0	0	0	0	0	0	0	0	0	0	0	0	0	0	0	0	0	0	0	0	0	0	0	0	0	0	0	0	0	0	0	0	0	0	0	0	0	0	0	0	0	0	0
101	0	465	0	0	0	0	0	0	0	0	465	0.0937758	0	0	0	0	0	0	0	0	0.0937758	1	0	0	0	0	0	0	0	0	50	0	0	0	0	0	0	0	0	50	1	0	0	0	0	0	0	0	0	62.3047	0	0	0	0	0	0	0	0	62.3047	1	0	0	0	0	0	0	0	0	172	0	0	0	0	0	0	0	0	172	1	0	0	0	0	0	0	0	0	0	0	0	0	0	0	0	0	0	0	0	0	0	0	0	0	0	0	0	0	0	0	0	0	0	0	0	0	0	0	0	0	0	0	0	0	0	0
102	0	469	0	0	0	0	0	0	0	0	469	0.108488	0	0	0	0	0	0	0	0	0.108488	1	0	0	0	0	0	0	0	0	45	0	0	0	0	0	0	0	0	45	1	0	0	0	0	0	0	0	0	62.764	0	0	0	0	0	0	0	0	62.764	1	0	0	0	0	0	0	0	0	163	0	0	0	0	0	0	0	0	163	1	0	0	0	0	0	0	0	0	0	0	0	0	0	0	0	0	0	0	0	0	0	0	0	0	0	0	0	0	0	0	0	0	0	0	0	0	0	0	0	0	0	0	0	0	0	0
103	0	481	0	0	0	0	0	0	0	0	481	0.0660718	0	0	0	0	0	0	0	0	0.0660718	1	0	0	0	0	0	0	0	0	36	0	0	0	0	0	0	0	0	36	1	0	0	0	0	0	0	0	0	63.4643	0	0	0	0	0	0	0	0	63.4643	1	0	0	0	0	0	0	0	0	164	0	0	0	0	0	0	0	0	164	1	0	0	0	0	0	0	0	0	0	0	0	0	0	0	0	0	0	0	0	0	0	0	0	0	0	0	0	0	0	0	0	0	0	0	0	0	0	0	0	0	0	0	0	0	0	0
104	0	492	0	0	0	0	0	0	0	0	492	0.0843678	0	0	0	0	0	0	0	0	0.0843678	1	0	0	0	0	0	0	0	0	34	0	0	0	0	0	0	0	0	34	1	0	0	0	0	0	0	0	0	64.8565	0	0	0	0	0	0	0	0	64.8565	1	0	0	0	0	0	0	0	0	163	0	0	0	0	0	0	0	0	163	1	0	0	0	0	0	0	0	0	0	0	0	0	0	0	0	0	0	0	0	0	0	0	0	0	0	0	0	0	0	0	0	0	0	0	0	0	0	0	0	0	0	0	0	0	0	0
105	0	472	0	0	0	0	0	0	0	0	472	0.0753547	0	0	0	0	0	0	0	0	0.0753547	1	0	0	0	0	0	0	0	0	31	0	0	0	0	0	0	0	0	31	1	0	0	0	0	0	0	0	0	61.9341	0	0	0	0	0	0	0	0	61.9341	1	0	0	0	0	0	0	0	0	156	0	0	0	0	0	0	0	0	156	1	0	0	0	0	0	0	0	0	0	0	0	0	0	0	0	0	0	0	0	0	0	0	0	0	0	0	0	0	0	0	0	0	0	0	0	0	0	0	0	0	0	0	0	0	0	0
106	0	480	0	0	0	0	0	0	0	0	480	0.0655481	0	0	0	0	0	0	0	0	0.0655481	1	0	0	0	0	0	0	0	0	31	0	0	0	0	0	0	0	0	31	1	0	0	0	0	0	0	0	0	63.1244	0	0	0	0	0	0	0	0	63.1244	1	0	0	0	0	0	0	0	0	152	0	0	0	0	0	0	0	0	152	1	0	0	0	0	0	0	0	0	0	0	0	0	0	0	0	0	0	0	0	0	0	0	0	0	0	0	0	0	0	0	0	0	0	0	0	0	0	0	0	0	0	0	0	0	0	0
107	0	478	0	0	0	0	0	0	0	0	478	0.0625643	0	0	0	0	0	0	0	0	0.0625643	1	0	0	0	0	0	0	0	0	37	0	0	0	0	0	0	0	0	37	1	0	0	0	0	0	0	0	0	64.1364	0	0	0	0	0	0	0	0	64.1364	1	0	0	0	0	0	0	0	0	152	0	0	0	0	0	0	0	0	152	1	0	0	0	0	0	0	0	0	0	0	0	0	0	0	0	0	0	0	0	0	0	0	0	0	0	0	0	0	0	0	0	0	0	0	0	0	0	0	0	0	0	0	0	0	0	0
108	0	485	0	0	0	0	0	0	0	0	485	0.0688445	0	0	0	0	0	0	0	0	0.0688445	1	0	0	0	0	0	0	0	0	38	0	0	0	0	0	0	0	0	38	1	0	0	0	0	0	0	0	0	65.4171	0	0	0	0	0	0	0	0	65.4171	1	0	0	0	0	0	0	0	0	148	0	0	0	0	0	0	0	0	148	1	0	0	0	0	0	0	0	0	0	0	0	0	0	0	0	0	0	0	0	0	0	0	0	0	0	0	0	0	0	0	0	0	0	0	0	0	0	0	0	0	0	0	0	0	0	0
109	0	490	0	0	0	0	0	0	0	0	490	0.0705933	0	0	0	0	0	0	0	0	0.0705933	1	0	0	0	0	0	0	0	0	35	0	0	0	0	0	0	0	0	35	1	0	0	0	0	0	0	0	0	66.3207	0	0	0	0	0	0	0	0	66.3207	1	0	0	0	0	0	0	0	0	146	0	0	0	0	0	0	0	0	146	1	0	0	0	0	0	0	0	0	0	0	0	0	0	0	0	0	0	0	0	0	0	0	0	0	0	0	0	0	0	0	0	0	0	0	0	0	0	0	0	0	0	0	0	0	0	0
110	0	506	0	0	0	0	0	0	0	0	506	0.0692911	0	0	0	0	0	0	0	0	0.0692911	1	0	0	0	0	0	0	0	0	31	0	0	0	0	0	0	0	0	31	1	0	0	0	0	0	0	0	0	66.9925	0	0	0	0	0	0	0	0	66.9925	1	0	0	0	0	0	0	0	0	146	0	0	0	0	0	0	0	0	146	1	0	0	0	0	0	0	0	0	0	0	0	0	0	0	0	0	0	0	0	0	0	0	0	0	0	0	0	0	0	0	0	0	0	0	0	0	0	0	0	0	0	0	0	0	0	0
111	0	489	0	0	0	0	0	0	0	0	489	0.0585141	0	0	0	0	0	0	0	0	0.0585141	1	0	0	0	0	0	0	0	0	31	0	0	0	0	0	0	0	0	31	1	0	0	0	0	0	0	0	0	65.257	0	0	0	0	0	0	0	0	65.257	1	0	0	0	0	0	0	0	0	142	0	0	0	0	0	0	0	0	142	1	0	0	0	0	0	0	0	0	0	0	0	0	0	0	0	0	0	0	0	0	0	0	0	0	0	0	0	0	0	0	0	0	0	0	0	0	0	0	0	0	0	0	0	0	0	0
112	0	465	0	0	0	0	0	0	0	0	465	0.0404108	0	0	0	0	0	0	0	0	0.0404108	1	0	0	0	0	0	0	0	0	29	0	0	0	0	0	0	0	0	29	1	0	0	0	0	0	0	0	0	62.316	0	0	0	0	0	0	0	0	62.316	1	0	0	0	0	0	0	0	0	138	0	0	0	0	0	0	0	0	138	1	0	0	0	0	0	0	0	0	0	0	0	0	0	0	0	0	0	0	0	0	0	0	0	0	0	0	0	0	0	0	0	0	0	0	0	0	0	0	0	0	0	0	0	0	0	0
113	0	480	0	0	0	0	0	0	0	0	480	0.0394072	0	0	0	0	0	0	0	0	0.0394072	1	0	0	0	0	0	0	0	0	27	0	0	0	0	0	0	0	0	27	1	0	0	0	0	0	0	0	0	63.993	0	0	0	0	0	0	0	0	63.993	1	0	0	0	0	0	0	0	0	137	0	0	0	0	0	0	0	0	137	1	0	0	0	0	0	0	0	0	0	0	0	0	0	0	0	0	0	0	0	0	0	0	0	0	0	0	0	0	0	0	0	0	0	0	0	0	0	0	0	0	0	0	0	0	0	0
114	0	475	0	0	0	0	0	0	0	0	475	0.0502062	0	0	0	0	0	0	0	0	0.0502062	1	0	0	0	0	0	0	0	0	29	0	0	0	0	0	0	0	0	29	1	0	0	0	0	0	0	0	0	64.7125	0	0	0	0	0	0	0	0	64.7125	1	0	0	0	0	0	0	0	0	136	0	0	0	0	0	0	0	0	136	1	0	0	0	0	0	0	0	0	0	0	0	0	0	0	0	0	0	0	0	0	0	0	0	0	0	0	0	0	0	0	0	0	0	0	0	0	0	0	0	0	0	0	0	0	0	0
115	0	485	0	0	0	0	0	0	0	0	485	0.075966	0	0	0	0	0	0	0	0	0.075966	1	0	0	0	0	0	0	0	0	32	0	0	0	0	0	0	0	0	32	1	0	0	0	0	0	0	0	0	65.7042	0	0	0	0	0	0	0	0	65.7042	1	0	0	0	0	0	0	0	0	133	0	0	0	0	0	0	0	0	133	1	0	0	0	0	0	0	0	0	0	0	0	0	0	0	0	0	0	0	0	0	0	0	0	0	0	0	0	0	0	0	0	0	0	0	0	0	0	0	0	0	0	0	0	0	0	0
116	0	476	0	0	0	0	0	0	0	0	476	0.0430478	0	0	0	0	0	0	0	0	0.0430478	1	0	0	0	0	0	0	0	0	28	0	0	0	0	0	0	0	0	28	1	0	0	0	0	0	0	0	0	64.1214	0	0	0	0	0	0	0	0	64.1214	1	0	0	0	0	0	0	0	0	134	0	0	0	0	0	0	0	0	134	1	0	0	0	0	0	0	0	0	0	0	0	0	0	0	0	0	0	0	0	0	0	0	0	0	0	0	0	0	0	0	0	0	0	0	0	0	0	0	0	0	0	0	0	0	0	0
117	0	508	0	0	0	0	0	0	0	0	508	0.0543749	0	0	0	0	0	0	0	0	0.0543749	1	0	0	0	0	0	0	0	0	28	0	0	0	0	0	0	0	0	28	1	0	0	0	0	0	0	0	0	64.689	0	0	0	0	0	0	0	0	64.689	1	0	0	0	0	0	0	0	0	128	0	0	0	0	0	0	0	0	128	1	0	0	0	0	0	0	0	0	0	0	0	0	0	0	0	0	0	0	0	0	0	0	0	0	0	0	0	0	0	0	0	0	0	0	0	0	0	0	0	0	0	0	0	0	0	0
118	0	505	0	0	0	0	0	0	0	0	505	0.0509493	0	0	0	0	0	0	0	0	0.0509493	1	0	0	0	0	0	0	0	0	26	0	0	0	0	0	0	0	0	26	1	0	0	0	0	0	0	0	0	63.0672	0	0	0	0	0	0	0	0	63.0672	1	0	0	0	0	0	0	0	0	125	0	0	0	0	0	0	0	0	125	1	0	0	0	0	0	0	0	0	0	0	0	0	0	0	0	0	0	0	0	0	0	0	0	0	0	0	0	0	0	0	0	0	0	0	0	0	0	0	0	0	0	0	0	0	0	0
119	0	511	0	0	0	0	0	0	0	0	511	0.0568723	0	0	0	0	0	0	0	0	0.0568723	1	0	0	0	0	0	0	0	0	30	0	0	0	0	0	0	0	0	30	1	0	0	0	0	0	0	0	0	62.6352	0	0	0	0	0	0	0	0	62.6352	1	0	0	0	0	0	0	0	0	123	0	0	0	0	0	0	0	0	123	1	0	0	0	0	0	0	0	0	0	0	0	0	0	0	0	0	0	0	0	0	0	0	0	0	0	0	0	0	0	0	0	0	0	0	0	0	0	0	0	0	0	0	0	0	0	0
120	0	530	0	0	0	0	0	0	0	0	530	0.0631582	0	0	0	0	0	0	0	0	0.0631582	1	0	0	0	0	0	0	0	0	38	0	0	0	0	0	0	0	0	38	1	0	0	0	0	0	0	0	0	64.1051	0	0	0	0	0	0	0	0	64.1051	1	0	0	0	0	0	0	0	0	123	0	0	0	0	0	0	0	0	123	1	0	0	0	0	0	0	0	0	0	0	0	0	0	0	0	0	0	0	0	0	0	0	0	0	0	0	0	0	0	0	0	0	0	0	0	0	0	0	0	0	0	0	0	0	0	0
121	0	513	0	0	0	0	0	0	0	0	513	0.0563362	0	0	0	0	0	0	0	0	0.0563362	1	0	0	0	0	0	0	0	0	44	0	0	0	0	0	0	0	0	44	1	0	0	0	0	0	0	0	0	62.366	0	0	0	0	0	0	0	0	62.366	1	0	0	0	0	0	0	0	0	122	0	0	0	0	0	0	0	0	122	1	0	0	0	0	0	0	0	0	0	0	0	0	0	0	0	0	0	0	0	0	0	0	0	0	0	0	0	0	0	0	0	0	0	0	0	0	0	0	0	0	0	0	0	0	0	0
122	0	501	0	0	0	0	0	0	0	0	501	0.0632564	0	0	0	0	0	0	0	0	0.0632564	1	0	0	0	0	0	0	0	0	50	0	0	0	0	0	0	0	0	50	1	0	0	0	0	0	0	0	0	64.1347	0	0	0	0	0	0	0	0	64.1347	1	0	0	0	0	0	0	0	0	123	0	0	0	0	0	0	0	0	123	1	0	0	0	0	0	0	0	0	0	0	0	0	0	0	0	0	0	0	0	0	0	0	0	0	0	0	0	0	0	0	0	0	0	0	0	0	0	0	0	0	0	0	0	0	0	0
123	0	507	0	0	0	0	0	0	0	0	507	0.0969822	0	0	0	0	0	0	0	0	0.0969822	1	0	0	0	0	0	0	0	0	58	0	0	0	0	0	0	0	0	58	1	0	0	0	0	0	0	0	0	65.7397	0	0	0	0	0	0	0	0	65.7397	1	0	0	0	0	0	0	0	0	125	0	0	0	0	0	0	0	0	125	1	0	0	0	0	0	0	0	0	0	0	0	0	0	0	0	0	0	0	0	0	0	0	0	0	0	0	0	0	0	0	0	0	0	0	0	0	0	0	0	0	0	0	0	0	0	0
124	0	503	0	0	0	0	0	0	0	0	503	0.0903836	0	0	0	0	0	0	0	0	0.0903836	1	0	0	0	0	0	0	0	0	57	0	0	0	0	0	0	0	0	57	1	0	0	0	0	0	0	0	0	65.3685	0	0	0	0	0	0	0	0	65.3685	1	0	0	0	0	0	0	0	0	129	0	0	0	0	0	0	0	0	129	1	0	0	0	0	0	0	0	0	0	0	0	0	0	0	0	0	0	0	0	0	0	0	0	0	0	0	0	0	0	0	0	0	0	0	0	0	0	0	0	0	0	0	0	0	0	0
125	0	522	0	0	0	0	0	0	0	0	522	0.0996051	0	0	0	0	0	0	0	0	0.0996051	1	0	0	0	0	0	0	0	0	51	0	0	0	0	0	0	0	0	51	1	0	0	0	0	0	0	0	0	65.9008	0	0	0	0	0	0	0	0	65.9008	1	0	0	0	0	0	0	0	0	134	0	0	0	0	0	0	0	0	134	1	0	0	0	0	0	0	0	0	0	0	0	0	0	0	0	0	0	0	0	0	0	0	0	0	0	0	0	0	0	0	0	0	0	0	0	0	0	0	0	0	0	0	0	0	0	0
126	0	511	0	0	0	0	0	0	0	0	511	0.102518	0	0	0	0	0	0	0	0	0.102518	1	0	0	0	0	0	0	0	0	48	0	0	0	0	0	0	0	0	48	1	0	0	0	0	0	0	0	0	65.8614	0	0	0	0	0	0	0	0	65.8614	1	0	0	0	0	0	0	0	0	138	0	0	0	0	0	0	0	0	138	1	0	0	0	0	0	0	0	0	0	0	0	0	0	0	0	0	0	0	0	0	0	0	0	0	0	0	0	0	0	0	0	0	0	0	0	0	0	0	0	0	0	0	0	0	0	0
127	0	528	0	0	0	0	0	0	0	0	528	0.0874611	0	0	0	0	0	0	0	0	0.0874611	1	0	0	0	0	0	0	0	0	47	0	0	0	0	0	0	0	0	47	1	0	0	0	0	0	0	0	0	67.2132	0	0	0	0	0	0	0	0	67.2132	1	0	0	0	0	0	0	0	0	140	0	0	0	0	0	0	0	0	140	1	0	0	0	0	0	0	0	0	0	0	0	0	0	0	0	0	0	0	0	0	0	0	0	0	0	0	0	0	0	0	0	0	0	0	0	0	0	0	0	0	0	0	0	0	0	0
128	0	548	0	0	0	0	0	0	0	0	548	0.0605971	0	0	0	0	0	0	0	0	0.0605971	1	0	0	0	0	0	0	0	0	46	0	0	0	0	0	0	0	0	46	1	0	0	0	0	0	0	0	0	67.7608	0	0	0	0	0	0	0	0	67.7608	1	0	0	0	0	0	0	0	0	147	0	0	0	0	0	0	0	0	147	1	0	0	0	0	0	0	0	0	0	0	0	0	0	0	0	0	0	0	0	0	0	0	0	0	0	0	0	0	0	0	0	0	0	0	0	0	0	0	0	0	0	0	0	0	0	0
129	0	553	0	0	0	0	0	0	0	0	553	0.0794612	0	0	0	0	0	0	0	0	0.0794612	1	0	0	0	0	0	0	0	0	49	0	0	0	0	0	0	0	0	49	1	0	0	0	0	0	0	0	0	70.1818	0	0	0	0	0	0	0	0	70.1818	1	0	0	0	0	0	0	0	0	147	0	0	0	0	0	0	0	0	147	1	0	0	0	0	0	0	0	0	0	0	0	0	0	0	0	0	0	0	0	0	0	0	0	0	0	0	0	0	0	0	0	0	0	0	0	0	0	0	0	0	0	0	0	0	0	0
130	0	519	0	0	0	0	0	0	0	0	519	0.0710538	0	0	0	0	0	0	0	0	0.0710538	1	0	0	0	0	0	0	0	0	53	0	0	0	0	0	0	0	0	53	1	0	0	0	0	0	0	0	0	67.5361	0	0	0	0	0	0	0	0	67.5361	1	0	0	0	0	0	0	0	0	147	0	0	0	0	0	0	0	0	147	1	0	0	0	0	0	0	0	0	0	0	0	0	0	0	0	0	0	0	0	0	0	0	0	0	0	0	0	0	0	0	0	0	0	0	0	0	0	0	0	0	0	0	0	0	0	0
131	0	549	0	0	0	0	0	0	0	0	549	0.0833368	0	0	0	0	0	0	0	0	0.0833368	1	0	0	0	0	0	0	0	0	53	0	0	0	0	0	0	0	0	53	1	0	0	0	0	0	0	0	0	69.2473	0	0	0	0	0	0	0	0	69.2473	1	0	0	0	0	0	0	0	0	145	0	0	0	0	0	0	0	0	145	1	0	0	0	0	0	0	0	0	0	0	0	0	0	0	0	0	0	0	0	0	0	0	0	0	0	0	0	0	0	0	0	0	0	0	0	0	0	0	0	0	0	0	0	0	0	0
132	0	536	0	0	0	0	0	0	0	0	536	0.104245	0	0	0	0	0	0	0	0	0.104245	1	0	0	0	0	0	0	0	0	62	0	0	0	0	0	0	0	0	62	1	0	0	0	0	0	0	0	0	67.6759	0	0	0	0	0	0	0	0	67.6759	1	0	0	0	0	0	0	0	0	141	0	0	0	0	0	0	0	0	141	1	0	0	0	0	0	0	0	0	0	0	0	0	0	0	0	0	0	0	0	0	0	0	0	0	0	0	0	0	0	0	0	0	0	0	0	0	0	0	0	0	0	0	0	0	0	0
133	0	533	0	0	0	0	0	0	0	0	533	0.105735	0	0	0	0	0	0	0	0	0.105735	1	0	0	0	0	0	0	0	0	63	0	0	0	0	0	0	0	0	63	1	0	0	0	0	0	0	0	0	66.5699	0	0	0	0	0	0	0	0	66.5699	1	0	0	0	0	0	0	0	0	140	0	0	0	0	0	0	0	0	140	1	0	0	0	0	0	0	0	0	0	0	0	0	0	0	0	0	0	0	0	0	0	0	0	0	0	0	0	0	0	0	0	0	0	0	0	0	0	0	0	0	0	0	0	0	0	0
134	0	523	0	0	0	0	0	0	0	0	523	0.123947	0	0	0	0	0	0	0	0	0.123947	1	0	0	0	0	0	0	0	0	66	0	0	0	0	0	0	0	0	66	1	0	0	0	0	0	0	0	0	64.5041	0	0	0	0	0	0	0	0	64.5041	1	0	0	0	0	0	0	0	0	142	0	0	0	0	0	0	0	0	142	1	0	0	0	0	0	0	0	0	0	0	0	0	0	0	0	0	0	0	0	0	0	0	0	0	0	0	0	0	0	0	0	0	0	0	0	0	0	0	0	0	0	0	0	0	0	0
135	0	522	0	0	0	0	0	0	0	0	522	0.13536	0	0	0	0	0	0	0	0	0.13536	1	0	0	0	0	0	0	0	0	66	0	0	0	0	0	0	0	0	66	1	0	0	0	0	0	0	0	0	64.7587	0	0	0	0	0	0	0	0	64.7587	1	0	0	0	0	0	0	0	0	145	0	0	0	0	0	0	0	0	145	1	0	0	0	0	0	0	0	0	0	0	0	0	0	0	0	0	0	0	0	0	0	0	0	0	0	0	0	0	0	0	0	0	0	0	0	0	0	0	0	0	0	0	0	0	0	0
136	0	520	0	0	0	0	0	0	0	0	520	0.136122	0	0	0	0	0	0	0	0	0.136122	1	0	0	0	0	0	0	0	0	61	0	0	0	0	0	0	0	0	61	1	0	0	0	0	0	0	0	0	63.1318	0	0	0	0	0	0	0	0	63.1318	1	0	0	0	0	0	0	0	0	146	0	0	0	0	0	0	0	0	146	1	0	0	0	0	0	0	0	0	0	0	0	0	0	0	0	0	0	0	0	0	0	0	0	0	0	0	0	0	0	0	0	0	0	0	0	0	0	0	0	0	0	0	0	0	0	0
137	0	531	0	0	0	0	0	0	0	0	531	0.0909243	0	0	0	0	0	0	0	0	0.0909243	1	0	0	0	0	0	0	0	0	65	0	0	0	0	0	0	0	0	65	1	0	0	0	0	0	0	0	0	64.7637	0	0	0	0	0	0	0	0	64.7637	1	0	0	0	0	0	0	0	0	157	0	0	0	0	0	0	0	0	157	1	0	0	0	0	0	0	0	0	0	0	0	0	0	0	0	0	0	0	0	0	0	0	0	0	0	0	0	0	0	0	0	0	0	0	0	0	0	0	0	0	0	0	0	0	0	0
138	0	500	0	0	0	0	0	0	0	0	500	0.0911663	0	0	0	0	0	0	0	0	0.0911663	1	0	0	0	0	0	0	0	0	66	0	0	0	0	0	0	0	0	66	1	0	0	0	0	0	0	0	0	61.6312	0	0	0	0	0	0	0	0	61.6312	1	0	0	0	0	0	0	0	0	149	0	0	0	0	0	0	0	0	149	1	0	0	0	0	0	0	0	0	0	0	0	0	0	0	0	0	0	0	0	0	0	0	0	0	0	0	0	0	0	0	0	0	0	0	0	0	0	0	0	0	0	0	0	0	0	0
139	0	522	0	0	0	0	0	0	0	0	522	0.10025	0	0	0	0	0	0	0	0	0.10025	1	0	0	0	0	0	0	0	0	65	0	0	0	0	0	0	0	0	65	1	0	0	0	0	0	0	0	0	63.1274	0	0	0	0	0	0	0	0	63.1274	1	0	0	0	0	0	0	0	0	154	0	0	0	0	0	0	0	0	154	1	0	0	0	0	0	0	0	0	0	0	0	0	0	0	0	0	0	0	0	0	0	0	0	0	0	0	0	0	0	0	0	0	0	0	0	0	0	0	0	0	0	0	0	0	0	0
140	0	506	0	0	0	0	0	0	0	0	506	0.126933	0	0	0	0	0	0	0	0	0.126933	1	0	0	0	0	0	0	0	0	69	0	0	0	0	0	0	0	0	69	1	0	0	0	0	0	0	0	0	62.4023	0	0	0	0	0	0	0	0	62.4023	1	0	0	0	0	0	0	0	0	152	0	0	0	0	0	0	0	0	152	1	0	0	0	0	0	0	0	0	0	0	0	0	0	0	0	0	0	0	0	0	0	0	0	0	0	0	0	0	0	0	0	0	0	0	0	0	0	0	0	0	0	0	0	0	0	0
141	0	488	0	0	0	0	0	0	0	0	488	0.139497	0	0	0	0	0	0	0	0	0.139497	1	0	0	0	0	0	0	0	0	74	0	0	0	0	0	0	0	0	74	1	0	0	0	0	0	0	0	0	61.4978	0	0	0	0	0	0	0	0	61.4978	1	0	0	0	0	0	0	0	0	156	0	0	0	0	0	0	0	0	156	1	0	0	0	0	0	0	0	0	0	0	0	0	0	0	0	0	0	0	0	0	0	0	0	0	0	0	0	0	0	0	0	0	0	0	0	0	0	0	0	0	0	0	0	0	0	0
142	0	466	0	0	0	0	0	0	0	0	466	0.122984	0	0	0	0	0	0	0	0	0.122984	1	0	0	0	0	0	0	0	0	67	0	0	0	0	0	0	0	0	67	1	0	0	0	0	0	0	0	0	58.8308	0	0	0	0	0	0	0	0	58.8308	1	0	0	0	0	0	0	0	0	159	0	0	0	0	0	0	0	0	159	1	0	0	0	0	0	0	0	0	0	0	0	0	0	0	0	0	0	0	0	0	0	0	0	0	0	0	0	0	0	0	0	0	0	0	0	0	0	0	0	0	0	0	0	0	0	0
143	0	462	0	0	0	0	0	0	0	0	462	0.145372	0	0	0	0	0	0	0	0	0.145372	1	0	0	0	0	0	0	0	0	72	0	0	0	0	0	0	0	0	72	1	0	0	0	0	0	0	0	0	57.4612	0	0	0	0	0	0	0	0	57.4612	1	0	0	0	0	0	0	0	0	154	0	0	0	0	0	0	0	0	154	1	0	0	0	0	0	0	0	0	0	0	0	0	0	0	0	0	0	0	0	0	0	0	0	0	0	0	0	0	0	0	0	0	0	0	0	0	0	0	0	0	0	0	0	0	0	0
144	0	470	0	0	0	0	0	0	0	0	470	0.142549	0	0	0	0	0	0	0	0	0.142549	1	0	0	0	0	0	0	0	0	66	0	0	0	0	0	0	0	0	66	1	0	0	0	0	0	0	0	0	57.7128	0	0	0	0	0	0	0	0	57.7128	1	0	0	0	0	0	0	0	0	156	0	0	0	0	0	0	0	0	156	1	0	0	0	0	0	0	0	0	0	0	0	0	0	0	0	0	0	0	0	0	0	0	0	0	0	0	0	0	0	0	0	0	0	0	0	0	0	0	0	0	0	0	0	0	0	0
145	0	471	0	0	0	0	0	0	0	0	471	0.10611	0	0	0	0	0	0	0	0	0.10611	1	0	0	0	0	0	0	0	0	52	0	0	0	0	0	0	0	0	52	1	0	0	0	0	0	0	0	0	55.8269	0	0	0	0	0	0	0	0	55.8269	1	0	0	0	0	0	0	0	0	161	0	0	0	0	0	0	0	0	161	1	0	0	0	0	0	0	0	0	0	0	0	0	0	0	0	0	0	0	0	0	0	0	0	0	0	0	0	0	0	0	0	0	0	0	0	0	0	0	0	0	0	0	0	0	0	0
146	0	482	0	0	0	0	0	0	0	0	482	0.117794	0	0	0	0	0	0	0	0	0.117794	1	0	0	0	0	0	0	0	0	54	0	0	0	0	0	0	0	0	54	1	0	0	0	0	0	0	0	0	58.486	0	0	0	0	0	0	0	0	58.486	1	0	0	0	0	0	0	0	0	166	0	0	0	0	0	0	0	0	166	1	0	0	0	0	0	0	0	0	0	0	0	0	0	0	0	0	0	0	0	0	0	0	0	0	0	0	0	0	0	0	0	0	0	0	0	0	0	0	0	0	0	0	0	0	0	0
147	0	522	0	0	0	0	0	0	0	0	522	0.0857827	0	0	0	0	0	0	0	0	0.0857827	1	0	0	0	0	0	0	0	0	52	0	0	0	0	0	0	0	0	52	1	0	0	0	0	0	0	0	0	61.47	0	0	0	0	0	0	0	0	61.47	1	0	0	0	0	0	0	0	0	176	0	0	0	0	0	0	0	0	176	1	0	0	0	0	0	0	0	0	0	0	0	0	0	0	0	0	0	0	0	0	0	0	0	0	0	0	0	0	0	0	0	0	0	0	0	0	0	0	0	0	0	0	0	0	0	0
148	0	511	0	0	0	0	0	0	0	0	511	0.074306	0	0	0	0	0	0	0	0	0.074306	1	0	0	0	0	0	0	0	0	51	0	0	0	0	0	0	0	0	51	1	0	0	0	0	0	0	0	0	62.9107	0	0	0	0	0	0	0	0	62.9107	1	0	0	0	0	0	0	0	0	174	0	0	0	0	0	0	0	0	174	1	0	0	0	0	0	0	0	0	0	0	0	0	0	0	0	0	0	0	0	0	0	0	0	0	0	0	0	0	0	0	0	0	0	0	0	0	0	0	0	0	0	0	0	0	0	0
149	0	486	0	0	0	0	0	0	0	0	486	0.111871	0	0	0	0	0	0	0	0	0.111871	1	0	0	0	0	0	0	0	0	60	0	0	0	0	0	0	0	0	60	1	0	0	0	0	0	0	0	0	62.3311	0	0	0	0	0	0	0	0	62.3311	1	0	0	0	0	0	0	0	0	166	0	0	0	0	0	0	0	0	166	1	0	0	0	0	0	0	0	0	0	0	0	0	0	0	0	0	0	0	0	0	0	0	0	0	0	0	0	0	0	0	0	0	0	0	0	0	0	0	0	0	0	0	0	0	0	0
150	0	509	0	0	0	0	0	0	0	0	509	0.118701	0	0	0	0	0	0	0	0	0.118701	1	0	0	0	0	0	0	0	0	56	0	0	0	0	0	0	0	0	56	1	0	0	0	0	0	0	0	0	61.8725	0	0	0	0	0	0	0	0	61.8725	1	0	0	0	0	0	0	0	0	159	0	0	0	0	0	0	0	0	159	1	0	0	0	0	0	0	0	0	0	0	0	0	0	0	0	0	0	0	0	0	0	0	0	0	0	0	0	0	0	0	0	0	0	0	0	0	0	0	0	0	0	0	0	0	0	0
151	0	504	0	0	0	0	0	0	0	0	504	0.104401	0	0	0	0	0	0	0	0	0.104401	1	0	0	0	0	0	0	0	0	62	0	0	0	0	0	0	0	0	62	1	0	0	0	0	0	0	0	0	61.818	0	0	0	0	0	0	0	0	61.818	1	0	0	0	0	0	0	0	0	161	0	0	0	0	0	0	0	0	161	1	0	0	0	0	0	0	0	0	0	0	0	0	0	0	0	0	0	0	0	0	0	0	0	0	0	0	0	0	0	0	0	0	0	0	0	0	0	0	0	0	0	0	0	0	0	0
152	0	501	0	0	0	0	0	0	0	0	501	0.105324	0	0	0	0	0	0	0	0	0.105324	1	0	0	0	0	0	0	0	0	62	0	0	0	0	0	0	0	0	62	1	0	0	0	0	0	0	0	0	62.5324	0	0	0	0	0	0	0	0	62.5324	1	0	0	0	0	0	0	0	0	159	0	0	0	0	0	0	0	0	159	1	0	0	0	0	0	0	0	0	0	0	0	0	0	0	0	0	0	0	0	0	0	0	0	0	0	0	0	0	0	0	0	0	0	0	0	0	0	0	0	0	0	0	0	0	0	0
153	0	482	0	0	0	0	0	0	0	0	482	0.123955	0	0	0	0	0	0	0	0	0.123955	1	0	0	0	0	0	0	0	0	64	0	0	0	0	0	0	0	0	64	1	0	0	0	0	0	0	0	0	60.1461	0	0	0	0	0	0	0	0	60.1461	1	0	0	0	0	0	0	0	0	157	0	0	0	0	0	0	0	0	157	1	0	0	0	0	0	0	0	0	0	0	0	0	0	0	0	0	0	0	0	0	0	0	0	0	0	0	0	0	0	0	0	0	0	0	0	0	0	0	0	0	0	0	0	0	0	0
154	0	476	0	0	0	0	0	0	0	0	476	0.123527	0	0	0	0	0	0	0	0	0.123527	1	0	0	0	0	0	0	0	0	63	0	0	0	0	0	0	0	0	63	1	0	0	0	0	0	0	0	0	60.4041	0	0	0	0	0	0	0	0	60.4041	1	0	0	0	0	0	0	0	0	158	0	0	0	0	0	0	0	0	158	1	0	0	0	0	0	0	0	0	0	0	0	0	0	0	0	0	0	0	0	0	0	0	0	0	0	0	0	0	0	0	0	0	0	0	0	0	0	0	0	0	0	0	0	0	0	0
155	0	480	0	0	0	0	0	0	0	0	480	0.119395	0	0	0	0	0	0	0	0	0.119395	1	0	0	0	0	0	0	0	0	59	0	0	0	0	0	0	0	0	59	1	0	0	0	0	0	0	0	0	61.8747	0	0	0	0	0	0	0	0	61.8747	1	0	0	0	0	0	0	0	0	162	0	0	0	0	0	0	0	0	162	1	0	0	0	0	0	0	0	0	0	0	0	0	0	0	0	0	0	0	0	0	0	0	0	0	0	0	0	0	0	0	0	0	0	0	0	0	0	0	0	0	0	0	0	0	0	0
156	0	463	0	0	0	0	0	0	0	0	463	0.110483	0	0	0	0	0	0	0	0	0.110483	1	0	0	0	0	0	0	0	0	57	0	0	0	0	0	0	0	0	57	1	0	0	0	0	0	0	0	0	60.6448	0	0	0	0	0	0	0	0	60.6448	1	0	0	0	0	0	0	0	0	159	0	0	0	0	0	0	0	0	159	1	0	0	0	0	0	0	0	0	0	0	0	0	0	0	0	0	0	0	0	0	0	0	0	0	0	0	0	0	0	0	0	0	0	0	0	0	0	0	0	0	0	0	0	0	0	0
157	0	493	0	0	0	0	0	0	0	0	493	0.100272	0	0	0	0	0	0	0	0	0.100272	1	0	0	0	0	0	0	0	0	55	0	0	0	0	0	0	0	0	55	1	0	0	0	0	0	0	0	0	61.4264	0	0	0	0	0	0	0	0	61.4264	1	0	0	0	0	0	0	0	0	160	0	0	0	0	0	0	0	0	160	1	0	0	0	0	0	0	0	0	0	0	0	0	0	0	0	0	0	0	0	0	0	0	0	0	0	0	0	0	0	0	0	0	0	0	0	0	0	0	0	0	0	0	0	0	0	0
158	0	490	0	0	0	0	0	0	0	0	490	0.0948602	0	0	0	0	0	0	0	0	0.0948602	1	0	0	0	0	0	0	0	0	53	0	0	0	0	0	0	0	0	53	1	0	0	0	0	0	0	0	0	62.0678	0	0	0	0	0	0	0	0	62.0678	1	0	0	0	0	0	0	0	0	156	0	0	0	0	0	0	0	0	156	1	0	0	0	0	0	0	0	0	0	0	0	0	0	0	0	0	0	0	0	0	0	0	0	0	0	0	0	0	0	0	0	0	0	0	0	0	0	0	0	0	0	0	0	0	0	0
159	0	489	0	0	0	0	0	0	0	0	489	0.0831908	0	0	0	0	0	0	0	0	0.0831908	1	0	0	0	0	0	0	0	0	49	0	0	0	0	0	0	0	0	49	1	0	0	0	0	0	0	0	0	62.6004	0	0	0	0	0	0	0	0	62.6004	1	0	0	0	0	0	0	0	0	156	0	0	0	0	0	0	0	0	156	1	0	0	0	0	0	0	0	0	0	0	0	0	0	0	0	0	0	0	0	0	0	0	0	0	0	0	0	0	0	0	0	0	0	0	0	0	0	0	0	0	0	0	0	0	0	0
160	0	515	0	0	0	0	0	0	0	0	515	0.087254	0	0	0	0	0	0	0	0	0.087254	1	0	0	0	0	0	0	0	0	48	0	0	0	0	0	0	0	0	48	1	0	0	0	0	0	0	0	0	62.392	0	0	0	0	0	0	0	0	62.392	1	0	0	0	0	0	0	0	0	151	0	0	0	0	0	0	0	0	151	1	0	0	0	0	0	0	0	0	0	0	0	0	0	0	0	0	0	0	0	0	0	0	0	0	0	0	0	0	0	0	0	0	0	0	0	0	0	0	0	0	0	0	0	0	0	0
161	0	487	0	0	0	0	0	0	0	0	487	0.0888165	0	0	0	0	0	0	0	0	0.0888165	1	0	0	0	0	0	0	0	0	48	0	0	0	0	0	0	0	0	48	1	0	0	0	0	0	0	0	0	61.3973	0	0	0	0	0	0	0	0	61.3973	1	0	0	0	0	0	0	0	0	148	0	0	0	0	0	0	0	0	148	1	0	0	0	0	0	0	0	0	0	0	0	0	0	0	0	0	0	0	0	0	0	0	0	0	0	0	0	0	0	0	0	0	0	0	0	0	0	0	0	0	0	0	0	0	0	0
162	0	478	0	0	0	0	0	0	0	0	478	0.0938419	0	0	0	0	0	0	0	0	0.0938419	1	0	0	0	0	0	0	0	0	50	0	0	0	0	0	0	0	0	50	1	0	0	0	0	0	0	0	0	59.3149	0	0	0	0	0	0	0	0	59.3149	1	0	0	0	0	0	0	0	0	144	0	0	0	0	0	0	0	0	144	1	0	0	0	0	0	0	0	0	0	0	0	0	0	0	0	0	0	0	0	0	0	0	0	0	0	0	0	0	0	0	0	0	0	0	0	0	0	0	0	0	0	0	0	0	0	0
163	0	483	0	0	0	0	0	0	0	0	483	0.0829086	0	0	0	0	0	0	0	0	0.0829086	1	0	0	0	0	0	0	0	0	54	0	0	0	0	0	0	0	0	54	1	0	0	0	0	0	0	0	0	61.2175	0	0	0	0	0	0	0	0	61.2175	1	0	0	0	0	0	0	0	0	151	0	0	0	0	0	0	0	0	151	1	0	0	0	0	0	0	0	0	0	0	0	0	0	0	0	0	0	0	0	0	0	0	0	0	0	0	0	0	0	0	0	0	0	0	0	0	0	0	0	0	0	0	0	0	0	0
164	0	483	0	0	0	0	0	0	0	0	483	0.0976314	0	0	0	0	0	0	0	0	0.0976314	1	0	0	0	0	0	0	0	0	52	0	0	0	0	0	0	0	0	52	1	0	0	0	0	0	0	0	0	59.4447	0	0	0	0	0	0	0	0	59.4447	1	0	0	0	0	0	0	0	0	149	0	0	0	0	0	0	0	0	149	1	0	0	0	0	0	0	0	0	0	0	0	0	0	0	0	0	0	0	0	0	0	0	0	0	0	0	0	0	0	0	0	0	0	0	0	0	0	0	0	0	0	0	0	0	0	0
165	0	489	0	0	0	0	0	0	0	0	489	0.0964946	0	0	0	0	0	0	0	0	0.0964946	1	0	0	0	0	0	0	0	0	55	0	0	0	0	0	0	0	0	55	1	0	0	0	0	0	0	0	0	58.2565	0	0	0	0	0	0	0	0	58.2565	1	0	0	0	0	0	0	0	0	147	0	0	0	0	0	0	0	0	147	1	0	0	0	0	0	0	0	0	0	0	0	0	0	0	0	0	0	0	0	0	0	0	0	0	0	0	0	0	0	0	0	0	0	0	0	0	0	0	0	0	0	0	0	0	0	0
166	0	477	0	0	0	0	0	0	0	0	477	0.103896	0	0	0	0	0	0	0	0	0.103896	1	0	0	0	0	0	0	0	0	60	0	0	0	0	0	0	0	0	60	1	0	0	0	0	0	0	0	0	57.2935	0	0	0	0	0	0	0	0	57.2935	1	0	0	0	0	0	0	0	0	146	0	0	0	0	0	0	0	0	146	1	0	0	0	0	0	0	0	0	0	0	0	0	0	0	0	0	0	0	0	0	0	0	0	0	0	0	0	0	0	0	0	0	0	0	0	0	0	0	0	0	0	0	0	0	0	0
167	0	488	0	0	0	0	0	0	0	0	488	0.0980926	0	0	0	0	0	0	0	0	0.0980926	1	0	0	0	0	0	0	0	0	58	0	0	0	0	0	0	0	0	58	1	0	0	0	0	0	0	0	0	57.3507	0	0	0	0	0	0	0	0	57.3507	1	0	0	0	0	0	0	0	0	152	0	0	0	0	0	0	0	0	152	1	0	0	0	0	0	0	0	0	0	0	0	0	0	0	0	0	0	0	0	0	0	0	0	0	0	0	0	0	0	0	0	0	0	0	0	0	0	0	0	0	0	0	0	0	0	0
168	0	490	0	0	0	0	0	0	0	0	490	0.100051	0	0	0	0	0	0	0	0	0.100051	1	0	0	0	0	0	0	0	0	60	0	0	0	0	0	0	0	0	60	1	0	0	0	0	0	0	0	0	59.598	0	0	0	0	0	0	0	0	59.598	1	0	0	0	0	0	0	0	0	156	0	0	0	0	0	0	0	0	156	1	0	0	0	0	0	0	0	0	0	0	0	0	0	0	0	0	0	0	0	0	0	0	0	0	0	0	0	0	0	0	0	0	0	0	0	0	0	0	0	0	0	0	0	0	0	0
169	0	486	0	0	0	0	0	0	0	0	486	0.106816	0	0	0	0	0	0	0	0	0.106816	1	0	0	0	0	0	0	0	0	61	0	0	0	0	0	0	0	0	61	1	0	0	0	0	0	0	0	0	59.783	0	0	0	0	0	0	0	0	59.783	1	0	0	0	0	0	0	0	0	157	0	0	0	0	0	0	0	0	157	1	0	0	0	0	0	0	0	0	0	0	0	0	0	0	0	0	0	0	0	0	0	0	0	0	0	0	0	0	0	0	0	0	0	0	0	0	0	0	0	0	0	0	0	0	0	0
170	0	485	0	0	0	0	0	0	0	0	485	0.112608	0	0	0	0	0	0	0	0	0.112608	1	0	0	0	0	0	0	0	0	67	0	0	0	0	0	0	0	0	67	1	0	0	0	0	0	0	0	0	59.1981	0	0	0	0	0	0	0	0	59.1981	1	0	0	0	0	0	0	0	0	154	0	0	0	0	0	0	0	0	154	1	0	0	0	0	0	0	0	0	0	0	0	0	0	0	0	0	0	0	0	0	0	0	0	0	0	0	0	0	0	0	0	0	0	0	0	0	0	0	0	0	0	0	0	0	0	0
171	0	489	0	0	0	0	0	0	0	0	489	0.105008	0	0	0	0	0	0	0	0	0.105008	1	0	0	0	0	0	0	0	0	64	0	0	0	0	0	0	0	0	64	1	0	0	0	0	0	0	0	0	61.4192	0	0	0	0	0	0	0	0	61.4192	1	0	0	0	0	0	0	0	0	160	0	0	0	0	0	0	0	0	160	1	0	0	0	0	0	0	0	0	0	0	0	0	0	0	0	0	0	0	0	0	0	0	0	0	0	0	0	0	0	0	0	0	0	0	0	0	0	0	0	0	0	0	0	0	0	0
172	0	485	0	0	0	0	0	0	0	0	485	0.122346	0	0	0	0	0	0	0	0	0.122346	1	0	0	0	0	0	0	0	0	64	0	0	0	0	0	0	0	0	64	1	0	0	0	0	0	0	0	0	61.0217	0	0	0	0	0	0	0	0	61.0217	1	0	0	0	0	0	0	0	0	156	0	0	0	0	0	0	0	0	156	1	0	0	0	0	0	0	0	0	0	0	0	0	0	0	0	0	0	0	0	0	0	0	0	0	0	0	0	0	0	0	0	0	0	0	0	0	0	0	0	0	0	0	0	0	0	0
173	0	508	0	0	0	0	0	0	0	0	508	0.124163	0	0	0	0	0	0	0	0	0.124163	1	0	0	0	0	0	0	0	0	59	0	0	0	0	0	0	0	0	59	1	0	0	0	0	0	0	0	0	62.8904	0	0	0	0	0	0	0	0	62.8904	1	0	0	0	0	0	0	0	0	161	0	0	0	0	0	0	0	0	161	1	0	0	0	0	0	0	0	0	0	0	0	0	0	0	0	0	0	0	0	0	0	0	0	0	0	0	0	0	0	0	0	0	0	0	0	0	0	0	0	0	0	0	0	0	0	0
174	0	475	0	0	0	0	0	0	0	0	475	0.116032	0	0	0	0	0	0	0	0	0.116032	1	0	0	0	0	0	0	0	0	56	0	0	0	0	0	0	0	0	56	1	0	0	0	0	0	0	0	0	62.8745	0	0	0	0	0	0	0	0	62.8745	1	0	0	0	0	0	0	0	0	164	0	0	0	0	0	0	0	0	164	1	0	0	0	0	0	0	0	0	0	0	0	0	0	0	0	0	0	0	0	0	0	0	0	0	0	0	0	0	0	0	0	0	0	0	0	0	0	0	0	0	0	0	0	0	0	0
175	0	467	0	0	0	0	0	0	0	0	467	0.0816835	0	0	0	0	0	0	0	0	0.0816835	1	0	0	0	0	0	0	0	0	47	0	0	0	0	0	0	0	0	47	1	0	0	0	0	0	0	0	0	63.2413	0	0	0	0	0	0	0	0	63.2413	1	0	0	0	0	0	0	0	0	162	0	0	0	0	0	0	0	0	162	1	0	0	0	0	0	0	0	0	0	0	0	0	0	0	0	0	0	0	0	0	0	0	0	0	0	0	0	0	0	0	0	0	0	0	0	0	0	0	0	0	0	0	0	0	0	0
176	0	498	0	0	0	0	0	0	0	0	498	0.0743539	0	0	0	0	0	0	0	0	0.0743539	1	0	0	0	0	0	0	0	0	40	0	0	0	0	0	0	0	0	40	1	0	0	0	0	0	0	0	0	66.2438	0	0	0	0	0	0	0	0	66.2438	1	0	0	0	0	0	0	0	0	161	0	0	0	0	0	0	0	0	161	1	0	0	0	0	0	0	0	0	0	0	0	0	0	0	0	0	0	0	0	0	0	0	0	0	0	0	0	0	0	0	0	0	0	0	0	0	0	0	0	0	0	0	0	0	0	0
177	0	509	0	0	0	0	0	0	0	0	509	0.0893571	0	0	0	0	0	0	0	0	0.0893571	1	0	0	0	0	0	0	0	0	35	0	0	0	0	0	0	0	0	35	1	0	0	0	0	0	0	0	0	65.5084	0	0	0	0	0	0	0	0	65.5084	1	0	0	0	0	0	0	0	0	152	0	0	0	0	0	0	0	0	152	1	0	0	0	0	0	0	0	0	0	0	0	0	0	0	0	0	0	0	0	0	0	0	0	0	0	0	0	0	0	0	0	0	0	0	0	0	0	0	0	0	0	0	0	0	0	0
178	0	491	0	0	0	0	0	0	0	0	491	0.0797675	0	0	0	0	0	0	0	0	0.0797675	1	0	0	0	0	0	0	0	0	34	0	0	0	0	0	0	0	0	34	1	0	0	0	0	0	0	0	0	64.4422	0	0	0	0	0	0	0	0	64.4422	1	0	0	0	0	0	0	0	0	147	0	0	0	0	0	0	0	0	147	1	0	0	0	0	0	0	0	0	0	0	0	0	0	0	0	0	0	0	0	0	0	0	0	0	0	0	0	0	0	0	0	0	0	0	0	0	0	0	0	0	0	0	0	0	0	0
179	0	486	0	0	0	0	0	0	0	0	486	0.055291	0	0	0	0	0	0	0	0	0.055291	1	0	0	0	0	0	0	0	0	28	0	0	0	0	0	0	0	0	28	1	0	0	0	0	0	0	0	0	63.1642	0	0	0	0	0	0	0	0	63.1642	1	0	0	0	0	0	0	0	0	143	0	0	0	0	0	0	0	0	143	1	0	0	0	0	0	0	0	0	0	0	0	0	0	0	0	0	0	0	0	0	0	0	0	0	0	0	0	0	0	0	0	0	0	0	0	0	0	0	0	0	0	0	0	0	0	0
180	0	492	0	0	0	0	0	0	0	0	492	0.0462908	0	0	0	0	0	0	0	0	0.0462908	1	0	0	0	0	0	0	0	0	24	0	0	0	0	0	0	0	0	24	1	0	0	0	0	0	0	0	0	64.0567	0	0	0	0	0	0	0	0	64.0567	1	0	0	0	0	0	0	0	0	142	0	0	0	0	0	0	0	0	142	1	0	0	0	0	0	0	0	0	0	0	0	0	0	0	0	0	0	0	0	0	0	0	0	0	0	0	0	0	0	0	0	0	0	0	0	0	0	0	0	0	0	0	0	0	0	0
181	0	505	0	0	0	0	0	0	0	0	505	0.0484263	0	0	0	0	0	0	0	0	0.0484263	1	0	0	0	0	0	0	0	0	27	0	0	0	0	0	0	0	0	27	1	0	0	0	0	0	0	0	0	65.2787	0	0	0	0	0	0	0	0	65.2787	1	0	0	0	0	0	0	0	0	139	0	0	0	0	0	0	0	0	139	1	0	0	0	0	0	0	0	0	0	0	0	0	0	0	0	0	0	0	0	0	0	0	0	0	0	0	0	0	0	0	0	0	0	0	0	0	0	0	0	0	0	0	0	0	0	0
182	0	529	0	0	0	0	0	0	0	0	529	0.06356	0	0	0	0	0	0	0	0	0.06356	1	0	0	0	0	0	0	0	0	31	0	0	0	0	0	0	0	0	31	1	0	0	0	0	0	0	0	0	66.1606	0	0	0	0	0	0	0	0	66.1606	1	0	0	0	0	0	0	0	0	136	0	0	0	0	0	0	0	0	136	1	0	0	0	0	0	0	0	0	0	0	0	0	0	0	0	0	0	0	0	0	0	0	0	0	0	0	0	0	0	0	0	0	0	0	0	0	0	0	0	0	0	0	0	0	0	0
183	0	524	0	0	0	0	0	0	0	0	524	0.0533784	0	0	0	0	0	0	0	0	0.0533784	1	0	0	0	0	0	0	0	0	33	0	0	0	0	0	0	0	0	33	1	0	0	0	0	0	0	0	0	65.818	0	0	0	0	0	0	0	0	65.818	1	0	0	0	0	0	0	0	0	135	0	0	0	0	0	0	0	0	135	1	0	0	0	0	0	0	0	0	0	0	0	0	0	0	0	0	0	0	0	0	0	0	0	0	0	0	0	0	0	0	0	0	0	0	0	0	0	0	0	0	0	0	0	0	0	0
184	0	525	0	0	0	0	0	0	0	0	525	0.0490652	0	0	0	0	0	0	0	0	0.0490652	1	0	0	0	0	0	0	0	0	33	0	0	0	0	0	0	0	0	33	1	0	0	0	0	0	0	0	0	64.1898	0	0	0	0	0	0	0	0	64.1898	1	0	0	0	0	0	0	0	0	130	0	0	0	0	0	0	0	0	130	1	0	0	0	0	0	0	0	0	0	0	0	0	0	0	0	0	0	0	0	0	0	0	0	0	0	0	0	0	0	0	0	0	0	0	0	0	0	0	0	0	0	0	0	0	0	0
185	0	527	0	0	0	0	0	0	0	0	527	0.0652372	0	0	0	0	0	0	0	0	0.0652372	1	0	0	0	0	0	0	0	0	41	0	0	0	0	0	0	0	0	41	1	0	0	0	0	0	0	0	0	63.3107	0	0	0	0	0	0	0	0	63.3107	1	0	0	0	0	0	0	0	0	127	0	0	0	0	0	0	0	0	127	1	0	0	0	0	0	0	0	0	0	0	0	0	0	0	0	0	0	0	0	0	0	0	0	0	0	0	0	0	0	0	0	0	0	0	0	0	0	0	0	0	0	0	0	0	0	0
186	0	542	0	0	0	0	0	0	0	0	542	0.0633741	0	0	0	0	0	0	0	0	0.0633741	1	0	0	0	0	0	0	0	0	50	0	0	0	0	0	0	0	0	50	1	0	0	0	0	0	0	0	0	65.1411	0	0	0	0	0	0	0	0	65.1411	1	0	0	0	0	0	0	0	0	131	0	0	0	0	0	0	0	0	131	1	0	0	0	0	0	0	0	0	0	0	0	0	0	0	0	0	0	0	0	0	0	0	0	0	0	0	0	0	0	0	0	0	0	0	0	0	0	0	0	0	0	0	0	0	0	0
187	0	534	0	0	0	0	0	0	0	0	534	0.069699	0	0	0	0	0	0	0	0	0.069699	1	0	0	0	0	0	0	0	0	55	0	0	0	0	0	0	0	0	55	1	0	0	0	0	0	0	0	0	64.6395	0	0	0	0	0	0	0	0	64.6395	1	0	0	0	0	0	0	0	0	130	0	0	0	0	0	0	0	0	130	1	0	0	0	0	0	0	0	0	0	0	0	0	0	0	0	0	0	0	0	0	0	0	0	0	0	0	0	0	0	0	0	0	0	0	0	0	0	0	0	0	0	0	0	0	0	0
188	0	503	0	0	0	0	0	0	0	0	503	0.090452	0	0	0	0	0	0	0	0	0.090452	1	0	0	0	0	0	0	0	0	61	0	0	0	0	0	0	0	0	61	1	0	0	0	0	0	0	0	0	62.6204	0	0	0	0	0	0	0	0	62.6204	1	0	0	0	0	0	0	0	0	128	0	0	0	0	0	0	0	0	128	1	0	0	0	0	0	0	0	0	0	0	0	0	0	0	0	0	0	0	0	0	0	0	0	0	0	0	0	0	0	0	0	0	0	0	0	0	0	0	0	0	0	0	0	0	0	0
189	0	513	0	0	0	0	0	0	0	0	513	0.109588	0	0	0	0	0	0	0	0	0.109588	1	0	0	0	0	0	0	0	0	71	0	0	0	0	0	0	0	0	71	1	0	0	0	0	0	0	0	0	64.8167	0	0	0	0	0	0	0	0	64.8167	1	0	0	0	0	0	0	0	0	135	0	0	0	0	0	0	0	0	135	1	0	0	0	0	0	0	0	0	0	0	0	0	0	0	0	0	0	0	0	0	0	0	0	0	0	0	0	0	0	0	0	0	0	0	0	0	0	0	0	0	0	0	0	0	0	0
190	0	526	0	0	0	0	0	0	0	0	526	0.0912762	0	0	0	0	0	0	0	0	0.0912762	1	0	0	0	0	0	0	0	0	67	0	0	0	0	0	0	0	0	67	1	0	0	0	0	0	0	0	0	64.9519	0	0	0	0	0	0	0	0	64.9519	1	0	0	0	0	0	0	0	0	144	0	0	0	0	0	0	0	0	144	1	0	0	0	0	0	0	0	0	0	0	0	0	0	0	0	0	0	0	0	0	0	0	0	0	0	0	0	0	0	0	0	0	0	0	0	0	0	0	0	0	0	0	0	0	0	0
191	0	524	0	0	0	0	0	0	0	0	524	0.105255	0	0	0	0	0	0	0	0	0.105255	1	0	0	0	0	0	0	0	0	74	0	0	0	0	0	0	0	0	74	1	0	0	0	0	0	0	0	0	66.5603	0	0	0	0	0	0	0	0	66.5603	1	0	0	0	0	0	0	0	0	145	0	0	0	0	0	0	0	0	145	1	0	0	0	0	0	0	0	0	0	0	0	0	0	0	0	0	0	0	0	0	0	0	0	0	0	0	0	0	0	0	0	0	0	0	0	0	0	0	0	0	0	0	0	0	0	0
192	0	510	0	0	0	0	0	0	0	0	510	0.15541	0	0	0	0	0	0	0	0	0.15541	1	0	0	0	0	0	0	0	0	79	0	0	0	0	0	0	0	0	79	1	0	0	0	0	0	0	0	0	67.4628	0	0	0	0	0	0	0	0	67.4628	1	0	0	0	0	0	0	0	0	143	0	0	0	0	0	0	0	0	143	1	0	0	0	0	0	0	0	0	0	0	0	0	0	0	0	0	0	0	0	0	0	0	0	0	0	0	0	0	0	0	0	0	0	0	0	0	0	0	0	0	0	0	0	0	0	0
193	0	498	0	0	0	0	0	0	0	0	498	0.123296	0	0	0	0	0	0	0	0	0.123296	1	0	0	0	0	0	0	0	0	68	0	0	0	0	0	0	0	0	68	1	0	0	0	0	0	0	0	0	66.7436	0	0	0	0	0	0	0	0	66.7436	1	0	0	0	0	0	0	0	0	148	0	0	0	0	0	0	0	0	148	1	0	0	0	0	0	0	0	0	0	0	0	0	0	0	0	0	0	0	0	0	0	0	0	0	0	0	0	0	0	0	0	0	0	0	0	0	0	0	0	0	0	0	0	0	0	0
194	0	484	0	0	0	0	0	0	0	0	484	0.137278	0	0	0	0	0	0	0	0	0.137278	1	0	0	0	0	0	0	0	0	65	0	0	0	0	0	0	0	0	65	1	0	0	0	0	0	0	0	0	65.0736	0	0	0	0	0	0	0	0	65.0736	1	0	0	0	0	0	0	0	0	147	0	0	0	0	0	0	0	0	147	1	0	0	0	0	0	0	0	0	0	0	0	0	0	0	0	0	0	0	0	0	0	0	0	0	0	0	0	0	0	0	0	0	0	0	0	0	0	0	0	0	0	0	0	0	0	0
195	0	481	0	0	0	0	0	0	0	0	481	0.105702	0	0	0	0	0	0	0	0	0.105702	1	0	0	0	0	0	0	0	0	51	0	0	0	0	0	0	0	0	51	1	0	0	0	0	0	0	0	0	64.2217	0	0	0	0	0	0	0	0	64.2217	1	0	0	0	0	0	0	0	0	149	0	0	0	0	0	0	0	0	149	1	0	0	0	0	0	0	0	0	0	0	0	0	0	0	0	0	0	0	0	0	0	0	0	0	0	0	0	0	0	0	0	0	0	0	0	0	0	0	0	0	0	0	0	0	0	0
196	0	504	0	0	0	0	0	0	0	0	504	0.123342	0	0	0	0	0	0	0	0	0.123342	1	0	0	0	0	0	0	0	0	47	0	0	0	0	0	0	0	0	47	1	0	0	0	0	0	0	0	0	67.0764	0	0	0	0	0	0	0	0	67.0764	1	0	0	0	0	0	0	0	0	151	0	0	0	0	0	0	0	0	151	1	0	0	0	0	0	0	0	0	0	0	0	0	0	0	0	0	0	0	0	0	0	0	0	0	0	0	0	0	0	0	0	0	0	0	0	0	0	0	0	0	0	0	0	0	0	0
197	0	510	0	0	0	0	0	0	0	0	510	0.124113	0	0	0	0	0	0	0	0	0.124113	1	0	0	0	0	0	0	0	0	40	0	0	0	0	0	0	0	0	40	1	0	0	0	0	0	0	0	0	65.4156	0	0	0	0	0	0	0	0	65.4156	1	0	0	0	0	0	0	0	0	149	0	0	0	0	0	0	0	0	149	1	0	0	0	0	0	0	0	0	0	0	0	0	0	0	0	0	0	0	0	0	0	0	0	0	0	0	0	0	0	0	0	0	0	0	0	0	0	0	0	0	0	0	0	0	0	0
198	0	522	0	0	0	0	0	0	0	0	522	0.0833844	0	0	0	0	0	0	0	0	0.0833844	1	0	0	0	0	0	0	0	0	34	0	0	0	0	0	0	0	0	34	1	0	0	0	0	0	0	0	0	67.5018	0	0	0	0	0	0	0	0	67.5018	1	0	0	0	0	0	0	0	0	155	0	0	0	0	0	0	0	0	155	1	0	0	0	0	0	0	0	0	0	0	0	0	0	0	0	0	0	0	0	0	0	0	0	0	0	0	0	0	0	0	0	0	0	0	0	0	0	0	0	0	0	0	0	0	0	0
199	0	515	0	0	0	0	0	0	0	0	515	0.0625752	0	0	0	0	0	0	0	0	0.0625752	1	0	0	0	0	0	0	0	0	31	0	0	0	0	0	0	0	0	31	1	0	0	0	0	0	0	0	0	67.5211	0	0	0	0	0	0	0	0	67.5211	1	0	0	0	0	0	0	0	0	153	0	0	0	0	0	0	0	0	153	1	0	0	0	0	0	0	0	0	0	0	0	0	0	0	0	0	0	0	0	0	0	0	0	0	0	0	0	0	0	0	0	0	0	0	0	0	0	0	0	0	0	0	0	0	0	0
200	0	558	0	0	0	0	0	0	0	0	558	0.0697204	0	0	0	0	0	0	0	0	0.0697204	1	0	0	0	0	0	0	0	0	35	0	0	0	0	0	0	0	0	35	1	0	0	0	0	0	0	0	0	70.2256	0	0	0	0	0	0	0	0	70.2256	1	0	0	0	0	0	0	0	0	148	0	0	0	0	0	0	0	0	148	1	0	0	0	0	0	0	0	0	0	0	0	0	0	0	0	0	0	0	0	0	0	0	0	0	0	0	0	0	0	0	0	0	0	0	0	0	0	0	0	0	0	0	0	0	0	0
