Location: Fake forest
From parameter file: C:\Users\ben\Desktop\inputs\input_GMF_0-0-0-0-0-0-1-0-0.xml
Basal area is normalized to m^2/ha; density to #/ha.
Subplots:
0 = Whole plot
Step	Subplot	Sdl Abs Den: ACRU	Sdl Abs Den: ACSA	Sdl Abs Den: BEAL	Sdl Abs Den: FAGR	Sdl Abs Den: TSCA	Sdl Abs Den: FRAM	Sdl Abs Den: PIST	Sdl Abs Den: PRSE	Sdl Abs Den: QURU	Sdl Den Total:	Sapl Abs BA: ACRU	Sapl Abs BA: ACSA	Sapl Abs BA: BEAL	Sapl Abs BA: FAGR	Sapl Abs BA: TSCA	Sapl Abs BA: FRAM	Sapl Abs BA: PIST	Sapl Abs BA: PRSE	Sapl Abs BA: QURU	Sapl BA Total:	Sapl Rel BA: ACRU	Sapl Rel BA: ACSA	Sapl Rel BA: BEAL	Sapl Rel BA: FAGR	Sapl Rel BA: TSCA	Sapl Rel BA: FRAM	Sapl Rel BA: PIST	Sapl Rel BA: PRSE	Sapl Rel BA: QURU	Sapl Abs Den: ACRU	Sapl Abs Den: ACSA	Sapl Abs Den: BEAL	Sapl Abs Den: FAGR	Sapl Abs Den: TSCA	Sapl Abs Den: FRAM	Sapl Abs Den: PIST	Sapl Abs Den: PRSE	Sapl Abs Den: QURU	Sapl Den Total:	Sapl Rel Den: ACRU	Sapl Rel Den: ACSA	Sapl Rel Den: BEAL	Sapl Rel Den: FAGR	Sapl Rel Den: TSCA	Sapl Rel Den: FRAM	Sapl Rel Den: PIST	Sapl Rel Den: PRSE	Sapl Rel Den: QURU	Adult Abs BA: ACRU	Adult Abs BA: ACSA	Adult Abs BA: BEAL	Adult Abs BA: FAGR	Adult Abs BA: TSCA	Adult Abs BA: FRAM	Adult Abs BA: PIST	Adult Abs BA: PRSE	Adult Abs BA: QURU	Adult BA Total:	Adult Rel BA: ACRU	Adult Rel BA: ACSA	Adult Rel BA: BEAL	Adult Rel BA: FAGR	Adult Rel BA: TSCA	Adult Rel BA: FRAM	Adult Rel BA: PIST	Adult Rel BA: PRSE	Adult Rel BA: QURU	Adult Abs Den: ACRU	Adult Abs Den: ACSA	Adult Abs Den: BEAL	Adult Abs Den: FAGR	Adult Abs Den: TSCA	Adult Abs Den: FRAM	Adult Abs Den: PIST	Adult Abs Den: PRSE	Adult Abs Den: QURU	Adult Den Total:	Adult Rel Den: ACRU	Adult Rel Den: ACSA	Adult Rel Den: BEAL	Adult Rel Den: FAGR	Adult Rel Den: TSCA	Adult Rel Den: FRAM	Adult Rel Den: PIST	Adult Rel Den: PRSE	Adult Rel Den: QURU	Snag Abs BA: ACRU	Snag Abs BA: ACSA	Snag Abs BA: BEAL	Snag Abs BA: FAGR	Snag Abs BA: TSCA	Snag Abs BA: FRAM	Snag Abs BA: PIST	Snag Abs BA: PRSE	Snag Abs BA: QURU	Snag BA Total:	Snag Rel BA: ACRU	Snag Rel BA: ACSA	Snag Rel BA: BEAL	Snag Rel BA: FAGR	Snag Rel BA: TSCA	Snag Rel BA: FRAM	Snag Rel BA: PIST	Snag Rel BA: PRSE	Snag Rel BA: QURU	Snag Abs Den: ACRU	Snag Abs Den: ACSA	Snag Abs Den: BEAL	Snag Abs Den: FAGR	Snag Abs Den: TSCA	Snag Abs Den: FRAM	Snag Abs Den: PIST	Snag Abs Den: PRSE	Snag Abs Den: QURU	Snag Den Total:	Snag Rel Den: ACRU	Snag Rel Den: ACSA	Snag Rel Den: BEAL	Snag Rel Den: FAGR	Snag Rel Den: TSCA	Snag Rel Den: FRAM	Snag Rel Den: PIST	Snag Rel Den: PRSE	Snag Rel Den: QURU
0	0	0	0	0	0	0	0	0	0	0	0	0	0	0	0	0	0	0.00079524	0	0	0.00079524	0	0	0	0	0	0	1	0	0	0	0	0	0	0	0	25	0	0	25	0	0	0	0	0	0	1	0	0	0	0	0	0	0	0	0	0	0	0	0	0	0	0	0	0	0	0	0	0	0	0	0	0	0	0	0	0	0	0	0	0	0	0	0	0	0	0	0	0	0	0	0	0	0	0	0	0	0	0	0	0	0	0	0	0	0	0	0	0	0	0	0	0	0	0	0	0	0	0	0	0	0	0	0	0
1	0	0	0	0	0	0	0	0	0	0	0	0	0	0	0	0	0	0.00475143	0	0	0.00475143	0	0	0	0	0	0	1	0	0	0	0	0	0	0	0	23	0	0	23	0	0	0	0	0	0	1	0	0	0	0	0	0	0	0	0	0	0	0	0	0	0	0	0	0	0	0	0	0	0	0	0	0	0	0	0	0	0	0	0	0	0	0	0	0	0	0	0	0	0	0	0	0	0	0	0	0	0	0	0	0	0	0	0	0	0	0	0	0	0	0	0	0	0	0	0	0	0	0	0	0	0	0	0	0
2	0	0	0	0	0	0	0	0	0	0	0	0	0	0	0	0	0	0.0287947	0	0	0.0287947	0	0	0	0	0	0	1	0	0	0	0	0	0	0	0	22	0	0	22	0	0	0	0	0	0	1	0	0	0	0	0	0	0	0	0	0	0	0	0	0	0	0	0	0	0	0	0	0	0	0	0	0	0	0	0	0	0	0	0	0	0	0	0	0	0	0	0	0	0	0	0	0	0	0	0	0	0	0	0	0	0	0	0	0	0	0	0	0	0	0	0	0	0	0	0	0	0	0	0	0	0	0	0	0
3	0	0	0	0	0	0	0	1	0	0	1	0	0	0	0	0	0	0.0384751	0	0	0.0384751	0	0	0	0	0	0	1	0	0	0	0	0	0	0	0	12	0	0	12	0	0	0	0	0	0	1	0	0	0	0	0	0	0	0	0.14761	0	0	0.14761	0	0	0	0	0	0	1	0	0	0	0	0	0	0	0	10	0	0	10	0	0	0	0	0	0	1	0	0	0	0	0	0	0	0	0	0	0	0	0	0	0	0	0	0	0	0	0	0	0	0	0	0	0	0	0	0	0	0	0	0	0	0	0	0	0	0
4	0	0	0	0	0	0	0	2	0	0	2	0	0	0	0	0	0	0.0184291	0	0	0.0184291	0	0	0	0	0	0	1	0	0	0	0	0	0	0	0	3	0	0	3	0	0	0	0	0	0	1	0	0	0	0	0	0	0	0	0.711946	0	0	0.711946	0	0	0	0	0	0	1	0	0	0	0	0	0	0	0	19	0	0	19	0	0	0	0	0	0	1	0	0	0	0	0	0	0	0	0	0	0	0	0	0	0	0	0	0	0	0	0	0	0	0	0	0	0	0	0	0	0	0	0	0	0	0	0	0	0	0
5	0	0	0	0	0	0	0	12	0	0	12	0	0	0	0	0	0	0	0	0	0	0	0	0	0	0	0	0	0	0	0	0	0	0	0	0	0	0	0	0	0	0	0	0	0	0	0	0	0	0	0	0	0	0	0	1.33602	0	0	1.33602	0	0	0	0	0	0	1	0	0	0	0	0	0	0	0	21	0	0	21	0	0	0	0	0	0	1	0	0	0	0	0	0	0	0	0	0	0	0	0	0	0	0	0	0	0	0	0	0	0	0	0	0	0	0	0	0	0	0	0	0	0	0	0	0	0	0
6	0	0	0	0	0	0	0	22	0	0	22	0	0	0	0	0	0	0.000457603	0	0	0.000457603	0	0	0	0	0	0	1	0	0	0	0	0	0	0	0	1	0	0	1	0	0	0	0	0	0	1	0	0	0	0	0	0	0	0	1.67691	0	0	1.67691	0	0	0	0	0	0	1	0	0	0	0	0	0	0	0	19	0	0	19	0	0	0	0	0	0	1	0	0	0	0	0	0	0	0	0	0	0	0	0	0	0	0	0	0	0	0	0	0	0	0	0	0	0	0	0	0	0	0	0	0	0	0	0	0	0	0
7	0	0	0	0	0	0	0	36	0	0	36	0	0	0	0	0	0	0.00289492	0	0	0.00289492	0	0	0	0	0	0	1	0	0	0	0	0	0	0	0	1	0	0	1	0	0	0	0	0	0	1	0	0	0	0	0	0	0	0	2.03969	0	0	2.03969	0	0	0	0	0	0	1	0	0	0	0	0	0	0	0	18	0	0	18	0	0	0	0	0	0	1	0	0	0	0	0	0	0	0	0	0	0	0	0	0	0	0	0	0	0	0	0	0	0	0	0	0	0	0	0	0	0	0	0	0	0	0	0	0	0	0
8	0	0	0	0	0	0	0	35	0	0	35	0	0	0	0	0	0	0.00478158	0	0	0.00478158	0	0	0	0	0	0	1	0	0	0	0	0	0	0	0	11	0	0	11	0	0	0	0	0	0	1	0	0	0	0	0	0	0	0	2.21216	0	0	2.21216	0	0	0	0	0	0	1	0	0	0	0	0	0	0	0	17	0	0	17	0	0	0	0	0	0	1	0	0	0	0	0	0	0	0	0	0	0	0	0	0	0	0	0	0	0	0	0	0	0	0	0	0	0	0	0	0	0	0	0	0	0	0	0	0	0	0
9	0	0	0	0	0	0	0	38	0	0	38	0	0	0	0	0	0	0.0286516	0	0	0.0286516	0	0	0	0	0	0	1	0	0	0	0	0	0	0	0	19	0	0	19	0	0	0	0	0	0	1	0	0	0	0	0	0	0	0	2.28838	0	0	2.28838	0	0	0	0	0	0	1	0	0	0	0	0	0	0	0	15	0	0	15	0	0	0	0	0	0	1	0	0	0	0	0	0	0	0	0	0	0	0	0	0	0	0	0	0	0	0	0	0	0	0	0	0	0	0	0	0	0	0	0	0	0	0	0	0	0	0
10	0	0	0	0	0	0	0	40	0	0	40	0	0	0	0	0	0	0.0299467	0	0	0.0299467	0	0	0	0	0	0	1	0	0	0	0	0	0	0	0	20	0	0	20	0	0	0	0	0	0	1	0	0	0	0	0	0	0	0	2.80781	0	0	2.80781	0	0	0	0	0	0	1	0	0	0	0	0	0	0	0	24	0	0	24	0	0	0	0	0	0	1	0	0	0	0	0	0	0	0	0	0	0	0	0	0	0	0	0	0	0	0	0	0	0	0	0	0	0	0	0	0	0	0	0	0	0	0	0	0	0	0
11	0	0	0	0	0	0	0	48	0	0	48	0	0	0	0	0	0	0.0333974	0	0	0.0333974	0	0	0	0	0	0	1	0	0	0	0	0	0	0	0	21	0	0	21	0	0	0	0	0	0	1	0	0	0	0	0	0	0	0	3.60426	0	0	3.60426	0	0	0	0	0	0	1	0	0	0	0	0	0	0	0	32	0	0	32	0	0	0	0	0	0	1	0	0	0	0	0	0	0	0	0	0	0	0	0	0	0	0	0	0	0	0	0	0	0	0	0	0	0	0	0	0	0	0	0	0	0	0	0	0	0	0
12	0	0	0	0	0	0	0	56	0	0	56	0	0	0	0	0	0	0.0300183	0	0	0.0300183	0	0	0	0	0	0	1	0	0	0	0	0	0	0	0	21	0	0	21	0	0	0	0	0	0	1	0	0	0	0	0	0	0	0	4.03777	0	0	4.03777	0	0	0	0	0	0	1	0	0	0	0	0	0	0	0	38	0	0	38	0	0	0	0	0	0	1	0	0	0	0	0	0	0	0	0	0	0	0	0	0	0	0	0	0	0	0	0	0	0	0	0	0	0	0	0	0	0	0	0	0	0	0	0	0	0	0
13	0	0	0	0	0	0	0	76	0	0	76	0	0	0	0	0	0	0.0325809	0	0	0.0325809	0	0	0	0	0	0	1	0	0	0	0	0	0	0	0	22	0	0	22	0	0	0	0	0	0	1	0	0	0	0	0	0	0	0	4.99824	0	0	4.99824	0	0	0	0	0	0	1	0	0	0	0	0	0	0	0	44	0	0	44	0	0	0	0	0	0	1	0	0	0	0	0	0	0	0	0	0	0	0	0	0	0	0	0	0	0	0	0	0	0	0	0	0	0	0	0	0	0	0	0	0	0	0	0	0	0	0
14	0	0	0	0	0	0	0	93	0	0	93	0	0	0	0	0	0	0.0320237	0	0	0.0320237	0	0	0	0	0	0	1	0	0	0	0	0	0	0	0	28	0	0	28	0	0	0	0	0	0	1	0	0	0	0	0	0	0	0	6.26661	0	0	6.26661	0	0	0	0	0	0	1	0	0	0	0	0	0	0	0	54	0	0	54	0	0	0	0	0	0	1	0	0	0	0	0	0	0	0	0	0	0	0	0	0	0	0	0	0	0	0	0	0	0	0	0	0	0	0	0	0	0	0	0	0	0	0	0	0	0	0
15	0	0	0	0	0	0	0	112	0	0	112	0	0	0	0	0	0	0.0479768	0	0	0.0479768	0	0	0	0	0	0	1	0	0	0	0	0	0	0	0	35	0	0	35	0	0	0	0	0	0	1	0	0	0	0	0	0	0	0	7.57835	0	0	7.57835	0	0	0	0	0	0	1	0	0	0	0	0	0	0	0	61	0	0	61	0	0	0	0	0	0	1	0	0	0	0	0	0	0	0	0	0	0	0	0	0	0	0	0	0	0	0	0	0	0	0	0	0	0	0	0	0	0	0	0	0	0	0	0	0	0	0
16	0	0	0	0	0	0	0	128	0	0	128	0	0	0	0	0	0	0.0438613	0	0	0.0438613	0	0	0	0	0	0	1	0	0	0	0	0	0	0	0	44	0	0	44	0	0	0	0	0	0	1	0	0	0	0	0	0	0	0	8.87684	0	0	8.87684	0	0	0	0	0	0	1	0	0	0	0	0	0	0	0	74	0	0	74	0	0	0	0	0	0	1	0	0	0	0	0	0	0	0	0	0	0	0	0	0	0	0	0	0	0	0	0	0	0	0	0	0	0	0	0	0	0	0	0	0	0	0	0	0	0	0
17	0	0	0	0	0	0	0	152	0	0	152	0	0	0	0	0	0	0.0662785	0	0	0.0662785	0	0	0	0	0	0	1	0	0	0	0	0	0	0	0	55	0	0	55	0	0	0	0	0	0	1	0	0	0	0	0	0	0	0	10.6137	0	0	10.6137	0	0	0	0	0	0	1	0	0	0	0	0	0	0	0	87	0	0	87	0	0	0	0	0	0	1	0	0	0	0	0	0	0	0	0	0	0	0	0	0	0	0	0	0	0	0	0	0	0	0	0	0	0	0	0	0	0	0	0	0	0	0	0	0	0	0
18	0	0	0	0	0	0	0	176	0	0	176	0	0	0	0	0	0	0.0741319	0	0	0.0741319	0	0	0	0	0	0	1	0	0	0	0	0	0	0	0	65	0	0	65	0	0	0	0	0	0	1	0	0	0	0	0	0	0	0	12.5845	0	0	12.5845	0	0	0	0	0	0	1	0	0	0	0	0	0	0	0	101	0	0	101	0	0	0	0	0	0	1	0	0	0	0	0	0	0	0	0	0	0	0	0	0	0	0	0	0	0	0	0	0	0	0	0	0	0	0	0	0	0	0	0	0	0	0	0	0	0	0
19	0	0	0	0	0	0	0	203	0	0	203	0	0	0	0	0	0	0.131286	0	0	0.131286	0	0	0	0	0	0	1	0	0	0	0	0	0	0	0	85	0	0	85	0	0	0	0	0	0	1	0	0	0	0	0	0	0	0	15.0443	0	0	15.0443	0	0	0	0	0	0	1	0	0	0	0	0	0	0	0	116	0	0	116	0	0	0	0	0	0	1	0	0	0	0	0	0	0	0	0	0	0	0	0	0	0	0	0	0	0	0	0	0	0	0	0	0	0	0	0	0	0	0	0	0	0	0	0	0	0	0
20	0	0	0	0	0	0	0	231	0	0	231	0	0	0	0	0	0	0.166273	0	0	0.166273	0	0	0	0	0	0	1	0	0	0	0	0	0	0	0	103	0	0	103	0	0	0	0	0	0	1	0	0	0	0	0	0	0	0	16.4331	0	0	16.4331	0	0	0	0	0	0	1	0	0	0	0	0	0	0	0	126	0	0	126	0	0	0	0	0	0	1	0	0	0	0	0	0	0	0	0	0	0	0	0	0	0	0	0	0	0	0	0	0	0	0	0	0	0	0	0	0	0	0	0	0	0	0	0	0	0	0
21	0	0	0	0	0	0	0	268	0	0	268	0	0	0	0	0	0	0.162762	0	0	0.162762	0	0	0	0	0	0	1	0	0	0	0	0	0	0	0	119	0	0	119	0	0	0	0	0	0	1	0	0	0	0	0	0	0	0	18.8552	0	0	18.8552	0	0	0	0	0	0	1	0	0	0	0	0	0	0	0	144	0	0	144	0	0	0	0	0	0	1	0	0	0	0	0	0	0	0	0	0	0	0	0	0	0	0	0	0	0	0	0	0	0	0	0	0	0	0	0	0	0	0	0	0	0	0	0	0	0	0
22	0	0	0	0	0	0	0	310	0	0	310	0	0	0	0	0	0	0.193322	0	0	0.193322	0	0	0	0	0	0	1	0	0	0	0	0	0	0	0	134	0	0	134	0	0	0	0	0	0	1	0	0	0	0	0	0	0	0	21.1004	0	0	21.1004	0	0	0	0	0	0	1	0	0	0	0	0	0	0	0	163	0	0	163	0	0	0	0	0	0	1	0	0	0	0	0	0	0	0	0	0	0	0	0	0	0	0	0	0	0	0	0	0	0	0	0	0	0	0	0	0	0	0	0	0	0	0	0	0	0	0
23	0	0	0	0	0	0	0	363	0	0	363	0	0	0	0	0	0	0.235263	0	0	0.235263	0	0	0	0	0	0	1	0	0	0	0	0	0	0	0	158	0	0	158	0	0	0	0	0	0	1	0	0	0	0	0	0	0	0	24.3102	0	0	24.3102	0	0	0	0	0	0	1	0	0	0	0	0	0	0	0	184	0	0	184	0	0	0	0	0	0	1	0	0	0	0	0	0	0	0	0	0	0	0	0	0	0	0	0	0	0	0	0	0	0	0	0	0	0	0	0	0	0	0	0	0	0	0	0	0	0	0
24	0	0	0	0	0	0	0	406	0	0	406	0	0	0	0	0	0	0.30106	0	0	0.30106	0	0	0	0	0	0	1	0	0	0	0	0	0	0	0	181	0	0	181	0	0	0	0	0	0	1	0	0	0	0	0	0	0	0	27.9841	0	0	27.9841	0	0	0	0	0	0	1	0	0	0	0	0	0	0	0	209	0	0	209	0	0	0	0	0	0	1	0	0	0	0	0	0	0	0	0	0	0	0	0	0	0	0	0	0	0	0	0	0	0	0	0	0	0	0	0	0	0	0	0	0	0	0	0	0	0	0
25	0	0	0	0	0	0	0	467	0	0	467	0	0	0	0	0	0	0.329216	0	0	0.329216	0	0	0	0	0	0	1	0	0	0	0	0	0	0	0	211	0	0	211	0	0	0	0	0	0	1	0	0	0	0	0	0	0	0	32.9331	0	0	32.9331	0	0	0	0	0	0	1	0	0	0	0	0	0	0	0	249	0	0	249	0	0	0	0	0	0	1	0	0	0	0	0	0	0	0	0	0	0	0	0	0	0	0	0	0	0	0	0	0	0	0	0	0	0	0	0	0	0	0	0	0	0	0	0	0	0	0
26	0	0	0	0	0	0	0	560	0	0	560	0	0	0	0	0	0	0.305925	0	0	0.305925	0	0	0	0	0	0	1	0	0	0	0	0	0	0	0	219	0	0	219	0	0	0	0	0	0	1	0	0	0	0	0	0	0	0	38.2927	0	0	38.2927	0	0	0	0	0	0	1	0	0	0	0	0	0	0	0	285	0	0	285	0	0	0	0	0	0	1	0	0	0	0	0	0	0	0	0	0	0	0	0	0	0	0	0	0	0	0	0	0	0	0	0	0	0	0	0	0	0	0	0	0	0	0	0	0	0	0
27	0	0	0	0	0	0	0	669	0	0	669	0	0	0	0	0	0	0.367341	0	0	0.367341	0	0	0	0	0	0	1	0	0	0	0	0	0	0	0	238	0	0	238	0	0	0	0	0	0	1	0	0	0	0	0	0	0	0	43.9327	0	0	43.9327	0	0	0	0	0	0	1	0	0	0	0	0	0	0	0	316	0	0	316	0	0	0	0	0	0	1	0	0	0	0	0	0	0	0	0	0	0	0	0	0	0	0	0	0	0	0	0	0	0	0	0	0	0	0	0	0	0	0	0	0	0	0	0	0	0	0
28	0	0	0	0	0	0	0	756	0	0	756	0	0	0	0	0	0	0.360256	0	0	0.360256	0	0	0	0	0	0	1	0	0	0	0	0	0	0	0	271	0	0	271	0	0	0	0	0	0	1	0	0	0	0	0	0	0	0	49.9248	0	0	49.9248	0	0	0	0	0	0	1	0	0	0	0	0	0	0	0	345	0	0	345	0	0	0	0	0	0	1	0	0	0	0	0	0	0	0	0	0	0	0	0	0	0	0	0	0	0	0	0	0	0	0	0	0	0	0	0	0	0	0	0	0	0	0	0	0	0	0
29	0	0	0	0	0	0	0	829	0	0	829	0	0	0	0	0	0	0.478669	0	0	0.478669	0	0	0	0	0	0	1	0	0	0	0	0	0	0	0	293	0	0	293	0	0	0	0	0	0	1	0	0	0	0	0	0	0	0	54.9325	0	0	54.9325	0	0	0	0	0	0	1	0	0	0	0	0	0	0	0	357	0	0	357	0	0	0	0	0	0	1	0	0	0	0	0	0	0	0	0	0	0	0	0	0	0	0	0	0	0	0	0	0	0	0	0	0	0	0	0	0	0	0	0	0	0	0	0	0	0	0
30	0	0	0	0	0	0	0	900	0	0	900	0	0	0	0	0	0	0.423414	0	0	0.423414	0	0	0	0	0	0	1	0	0	0	0	0	0	0	0	309	0	0	309	0	0	0	0	0	0	1	0	0	0	0	0	0	0	0	59.7281	0	0	59.7281	0	0	0	0	0	0	1	0	0	0	0	0	0	0	0	380	0	0	380	0	0	0	0	0	0	1	0	0	0	0	0	0	0	0	0	0	0	0	0	0	0	0	0	0	0	0	0	0	0	0	0	0	0	0	0	0	0	0	0	0	0	0	0	0	0	0
31	0	0	0	0	0	0	0	1009	0	0	1009	0	0	0	0	0	0	0.52313	0	0	0.52313	0	0	0	0	0	0	1	0	0	0	0	0	0	0	0	341	0	0	341	0	0	0	0	0	0	1	0	0	0	0	0	0	0	0	64.9609	0	0	64.9609	0	0	0	0	0	0	1	0	0	0	0	0	0	0	0	396	0	0	396	0	0	0	0	0	0	1	0	0	0	0	0	0	0	0	0	0	0	0	0	0	0	0	0	0	0	0	0	0	0	0	0	0	0	0	0	0	0	0	0	0	0	0	0	0	0	0
32	0	0	0	0	0	0	0	1036	0	0	1036	0	0	0	0	0	0	0.56478	0	0	0.56478	0	0	0	0	0	0	1	0	0	0	0	0	0	0	0	349	0	0	349	0	0	0	0	0	0	1	0	0	0	0	0	0	0	0	67.5125	0	0	67.5125	0	0	0	0	0	0	1	0	0	0	0	0	0	0	0	406	0	0	406	0	0	0	0	0	0	1	0	0	0	0	0	0	0	0	0	0	0	0	0	0	0	0	0	0	0	0	0	0	0	0	0	0	0	0	0	0	0	0	0	0	0	0	0	0	0	0
33	0	0	0	0	0	0	0	1085	0	0	1085	0	0	0	0	0	0	0.577614	0	0	0.577614	0	0	0	0	0	0	1	0	0	0	0	0	0	0	0	340	0	0	340	0	0	0	0	0	0	1	0	0	0	0	0	0	0	0	69.6074	0	0	69.6074	0	0	0	0	0	0	1	0	0	0	0	0	0	0	0	425	0	0	425	0	0	0	0	0	0	1	0	0	0	0	0	0	0	0	0	0	0	0	0	0	0	0	0	0	0	0	0	0	0	0	0	0	0	0	0	0	0	0	0	0	0	0	0	0	0	0
34	0	0	0	0	0	0	0	1144	0	0	1144	0	0	0	0	0	0	0.561146	0	0	0.561146	0	0	0	0	0	0	1	0	0	0	0	0	0	0	0	315	0	0	315	0	0	0	0	0	0	1	0	0	0	0	0	0	0	0	71.8318	0	0	71.8318	0	0	0	0	0	0	1	0	0	0	0	0	0	0	0	439	0	0	439	0	0	0	0	0	0	1	0	0	0	0	0	0	0	0	0	0	0	0	0	0	0	0	0	0	0	0	0	0	0	0	0	0	0	0	0	0	0	0	0	0	0	0	0	0	0	0
35	0	0	0	0	0	0	0	1183	0	0	1183	0	0	0	0	0	0	0.580526	0	0	0.580526	0	0	0	0	0	0	1	0	0	0	0	0	0	0	0	325	0	0	325	0	0	0	0	0	0	1	0	0	0	0	0	0	0	0	75.7524	0	0	75.7524	0	0	0	0	0	0	1	0	0	0	0	0	0	0	0	448	0	0	448	0	0	0	0	0	0	1	0	0	0	0	0	0	0	0	0	0	0	0	0	0	0	0	0	0	0	0	0	0	0	0	0	0	0	0	0	0	0	0	0	0	0	0	0	0	0	0
36	0	0	0	0	0	0	0	1265	0	0	1265	0	0	0	0	0	0	0.603615	0	0	0.603615	0	0	0	0	0	0	1	0	0	0	0	0	0	0	0	317	0	0	317	0	0	0	0	0	0	1	0	0	0	0	0	0	0	0	80.2332	0	0	80.2332	0	0	0	0	0	0	1	0	0	0	0	0	0	0	0	449	0	0	449	0	0	0	0	0	0	1	0	0	0	0	0	0	0	0	0	0	0	0	0	0	0	0	0	0	0	0	0	0	0	0	0	0	0	0	0	0	0	0	0	0	0	0	0	0	0	0
37	0	0	0	0	0	0	0	1283	0	0	1283	0	0	0	0	0	0	0.547396	0	0	0.547396	0	0	0	0	0	0	1	0	0	0	0	0	0	0	0	295	0	0	295	0	0	0	0	0	0	1	0	0	0	0	0	0	0	0	82.9059	0	0	82.9059	0	0	0	0	0	0	1	0	0	0	0	0	0	0	0	451	0	0	451	0	0	0	0	0	0	1	0	0	0	0	0	0	0	0	0	0	0	0	0	0	0	0	0	0	0	0	0	0	0	0	0	0	0	0	0	0	0	0	0	0	0	0	0	0	0	0
38	0	0	0	0	0	0	0	1284	0	0	1284	0	0	0	0	0	0	0.481795	0	0	0.481795	0	0	0	0	0	0	1	0	0	0	0	0	0	0	0	263	0	0	263	0	0	0	0	0	0	1	0	0	0	0	0	0	0	0	86.1203	0	0	86.1203	0	0	0	0	0	0	1	0	0	0	0	0	0	0	0	440	0	0	440	0	0	0	0	0	0	1	0	0	0	0	0	0	0	0	0	0	0	0	0	0	0	0	0	0	0	0	0	0	0	0	0	0	0	0	0	0	0	0	0	0	0	0	0	0	0	0
39	0	0	0	0	0	0	0	1318	0	0	1318	0	0	0	0	0	0	0.448916	0	0	0.448916	0	0	0	0	0	0	1	0	0	0	0	0	0	0	0	240	0	0	240	0	0	0	0	0	0	1	0	0	0	0	0	0	0	0	90.057	0	0	90.057	0	0	0	0	0	0	1	0	0	0	0	0	0	0	0	445	0	0	445	0	0	0	0	0	0	1	0	0	0	0	0	0	0	0	0	0	0	0	0	0	0	0	0	0	0	0	0	0	0	0	0	0	0	0	0	0	0	0	0	0	0	0	0	0	0	0
40	0	0	0	0	0	0	0	1373	0	0	1373	0	0	0	0	0	0	0.37898	0	0	0.37898	0	0	0	0	0	0	1	0	0	0	0	0	0	0	0	226	0	0	226	0	0	0	0	0	0	1	0	0	0	0	0	0	0	0	92.6618	0	0	92.6618	0	0	0	0	0	0	1	0	0	0	0	0	0	0	0	443	0	0	443	0	0	0	0	0	0	1	0	0	0	0	0	0	0	0	0	0	0	0	0	0	0	0	0	0	0	0	0	0	0	0	0	0	0	0	0	0	0	0	0	0	0	0	0	0	0	0
41	0	0	0	0	0	0	0	1344	0	0	1344	0	0	0	0	0	0	0.412356	0	0	0.412356	0	0	0	0	0	0	1	0	0	0	0	0	0	0	0	217	0	0	217	0	0	0	0	0	0	1	0	0	0	0	0	0	0	0	93.8826	0	0	93.8826	0	0	0	0	0	0	1	0	0	0	0	0	0	0	0	430	0	0	430	0	0	0	0	0	0	1	0	0	0	0	0	0	0	0	0	0	0	0	0	0	0	0	0	0	0	0	0	0	0	0	0	0	0	0	0	0	0	0	0	0	0	0	0	0	0	0
42	0	0	0	0	0	0	0	1344	0	0	1344	0	0	0	0	0	0	0.373735	0	0	0.373735	0	0	0	0	0	0	1	0	0	0	0	0	0	0	0	192	0	0	192	0	0	0	0	0	0	1	0	0	0	0	0	0	0	0	95.6741	0	0	95.6741	0	0	0	0	0	0	1	0	0	0	0	0	0	0	0	424	0	0	424	0	0	0	0	0	0	1	0	0	0	0	0	0	0	0	0	0	0	0	0	0	0	0	0	0	0	0	0	0	0	0	0	0	0	0	0	0	0	0	0	0	0	0	0	0	0	0
43	0	0	0	0	0	0	0	1314	0	0	1314	0	0	0	0	0	0	0.349334	0	0	0.349334	0	0	0	0	0	0	1	0	0	0	0	0	0	0	0	177	0	0	177	0	0	0	0	0	0	1	0	0	0	0	0	0	0	0	96.0582	0	0	96.0582	0	0	0	0	0	0	1	0	0	0	0	0	0	0	0	412	0	0	412	0	0	0	0	0	0	1	0	0	0	0	0	0	0	0	0	0	0	0	0	0	0	0	0	0	0	0	0	0	0	0	0	0	0	0	0	0	0	0	0	0	0	0	0	0	0	0
44	0	0	0	0	0	0	0	1314	0	0	1314	0	0	0	0	0	0	0.321942	0	0	0.321942	0	0	0	0	0	0	1	0	0	0	0	0	0	0	0	157	0	0	157	0	0	0	0	0	0	1	0	0	0	0	0	0	0	0	97.0472	0	0	97.0472	0	0	0	0	0	0	1	0	0	0	0	0	0	0	0	402	0	0	402	0	0	0	0	0	0	1	0	0	0	0	0	0	0	0	0	0	0	0	0	0	0	0	0	0	0	0	0	0	0	0	0	0	0	0	0	0	0	0	0	0	0	0	0	0	0	0
45	0	0	0	0	0	0	0	1382	0	0	1382	0	0	0	0	0	0	0.320145	0	0	0.320145	0	0	0	0	0	0	1	0	0	0	0	0	0	0	0	142	0	0	142	0	0	0	0	0	0	1	0	0	0	0	0	0	0	0	96.1482	0	0	96.1482	0	0	0	0	0	0	1	0	0	0	0	0	0	0	0	389	0	0	389	0	0	0	0	0	0	1	0	0	0	0	0	0	0	0	0	0	0	0	0	0	0	0	0	0	0	0	0	0	0	0	0	0	0	0	0	0	0	0	0	0	0	0	0	0	0	0
46	0	0	0	0	0	0	0	1357	0	0	1357	0	0	0	0	0	0	0.307328	0	0	0.307328	0	0	0	0	0	0	1	0	0	0	0	0	0	0	0	126	0	0	126	0	0	0	0	0	0	1	0	0	0	0	0	0	0	0	97.6818	0	0	97.6818	0	0	0	0	0	0	1	0	0	0	0	0	0	0	0	386	0	0	386	0	0	0	0	0	0	1	0	0	0	0	0	0	0	0	0	0	0	0	0	0	0	0	0	0	0	0	0	0	0	0	0	0	0	0	0	0	0	0	0	0	0	0	0	0	0	0
47	0	0	0	0	0	0	0	1327	0	0	1327	0	0	0	0	0	0	0.295727	0	0	0.295727	0	0	0	0	0	0	1	0	0	0	0	0	0	0	0	117	0	0	117	0	0	0	0	0	0	1	0	0	0	0	0	0	0	0	95.9361	0	0	95.9361	0	0	0	0	0	0	1	0	0	0	0	0	0	0	0	366	0	0	366	0	0	0	0	0	0	1	0	0	0	0	0	0	0	0	0	0	0	0	0	0	0	0	0	0	0	0	0	0	0	0	0	0	0	0	0	0	0	0	0	0	0	0	0	0	0	0
48	0	0	0	0	0	0	0	1323	0	0	1323	0	0	0	0	0	0	0.273892	0	0	0.273892	0	0	0	0	0	0	1	0	0	0	0	0	0	0	0	106	0	0	106	0	0	0	0	0	0	1	0	0	0	0	0	0	0	0	96.6459	0	0	96.6459	0	0	0	0	0	0	1	0	0	0	0	0	0	0	0	354	0	0	354	0	0	0	0	0	0	1	0	0	0	0	0	0	0	0	0	0	0	0	0	0	0	0	0	0	0	0	0	0	0	0	0	0	0	0	0	0	0	0	0	0	0	0	0	0	0	0
49	0	0	0	0	0	0	0	1372	0	0	1372	0	0	0	0	0	0	0.219252	0	0	0.219252	0	0	0	0	0	0	1	0	0	0	0	0	0	0	0	87	0	0	87	0	0	0	0	0	0	1	0	0	0	0	0	0	0	0	98.5954	0	0	98.5954	0	0	0	0	0	0	1	0	0	0	0	0	0	0	0	349	0	0	349	0	0	0	0	0	0	1	0	0	0	0	0	0	0	0	0	0	0	0	0	0	0	0	0	0	0	0	0	0	0	0	0	0	0	0	0	0	0	0	0	0	0	0	0	0	0	0
50	0	0	0	0	0	0	0	1385	0	0	1385	0	0	0	0	0	0	0.175187	0	0	0.175187	0	0	0	0	0	0	1	0	0	0	0	0	0	0	0	75	0	0	75	0	0	0	0	0	0	1	0	0	0	0	0	0	0	0	98.688	0	0	98.688	0	0	0	0	0	0	1	0	0	0	0	0	0	0	0	335	0	0	335	0	0	0	0	0	0	1	0	0	0	0	0	0	0	0	0	0	0	0	0	0	0	0	0	0	0	0	0	0	0	0	0	0	0	0	0	0	0	0	0	0	0	0	0	0	0	0
51	0	0	0	0	0	0	0	1408	0	0	1408	0	0	0	0	0	0	0.184611	0	0	0.184611	0	0	0	0	0	0	1	0	0	0	0	0	0	0	0	63	0	0	63	0	0	0	0	0	0	1	0	0	0	0	0	0	0	0	100.773	0	0	100.773	0	0	0	0	0	0	1	0	0	0	0	0	0	0	0	326	0	0	326	0	0	0	0	0	0	1	0	0	0	0	0	0	0	0	0	0	0	0	0	0	0	0	0	0	0	0	0	0	0	0	0	0	0	0	0	0	0	0	0	0	0	0	0	0	0	0
52	0	0	0	0	0	0	0	1409	0	0	1409	0	0	0	0	0	0	0.144265	0	0	0.144265	0	0	0	0	0	0	1	0	0	0	0	0	0	0	0	51	0	0	51	0	0	0	0	0	0	1	0	0	0	0	0	0	0	0	103.349	0	0	103.349	0	0	0	0	0	0	1	0	0	0	0	0	0	0	0	318	0	0	318	0	0	0	0	0	0	1	0	0	0	0	0	0	0	0	0	0	0	0	0	0	0	0	0	0	0	0	0	0	0	0	0	0	0	0	0	0	0	0	0	0	0	0	0	0	0	0
53	0	0	0	0	0	0	0	1432	0	0	1432	0	0	0	0	0	0	0.12496	0	0	0.12496	0	0	0	0	0	0	1	0	0	0	0	0	0	0	0	42	0	0	42	0	0	0	0	0	0	1	0	0	0	0	0	0	0	0	103.435	0	0	103.435	0	0	0	0	0	0	1	0	0	0	0	0	0	0	0	303	0	0	303	0	0	0	0	0	0	1	0	0	0	0	0	0	0	0	0	0	0	0	0	0	0	0	0	0	0	0	0	0	0	0	0	0	0	0	0	0	0	0	0	0	0	0	0	0	0	0
54	0	0	0	0	0	0	0	1433	0	0	1433	0	0	0	0	0	0	0.101441	0	0	0.101441	0	0	0	0	0	0	1	0	0	0	0	0	0	0	0	39	0	0	39	0	0	0	0	0	0	1	0	0	0	0	0	0	0	0	101.198	0	0	101.198	0	0	0	0	0	0	1	0	0	0	0	0	0	0	0	285	0	0	285	0	0	0	0	0	0	1	0	0	0	0	0	0	0	0	0	0	0	0	0	0	0	0	0	0	0	0	0	0	0	0	0	0	0	0	0	0	0	0	0	0	0	0	0	0	0	0
55	0	0	0	0	0	0	0	1399	0	0	1399	0	0	0	0	0	0	0.102304	0	0	0.102304	0	0	0	0	0	0	1	0	0	0	0	0	0	0	0	35	0	0	35	0	0	0	0	0	0	1	0	0	0	0	0	0	0	0	100.986	0	0	100.986	0	0	0	0	0	0	1	0	0	0	0	0	0	0	0	272	0	0	272	0	0	0	0	0	0	1	0	0	0	0	0	0	0	0	0	0	0	0	0	0	0	0	0	0	0	0	0	0	0	0	0	0	0	0	0	0	0	0	0	0	0	0	0	0	0	0
56	0	0	0	0	0	0	0	1369	0	0	1369	0	0	0	0	0	0	0.0867359	0	0	0.0867359	0	0	0	0	0	0	1	0	0	0	0	0	0	0	0	28	0	0	28	0	0	0	0	0	0	1	0	0	0	0	0	0	0	0	95.7663	0	0	95.7663	0	0	0	0	0	0	1	0	0	0	0	0	0	0	0	254	0	0	254	0	0	0	0	0	0	1	0	0	0	0	0	0	0	0	0	0	0	0	0	0	0	0	0	0	0	0	0	0	0	0	0	0	0	0	0	0	0	0	0	0	0	0	0	0	0	0
57	0	0	0	0	0	0	0	1330	0	0	1330	0	0	0	0	0	0	0.073628	0	0	0.073628	0	0	0	0	0	0	1	0	0	0	0	0	0	0	0	23	0	0	23	0	0	0	0	0	0	1	0	0	0	0	0	0	0	0	95.2304	0	0	95.2304	0	0	0	0	0	0	1	0	0	0	0	0	0	0	0	248	0	0	248	0	0	0	0	0	0	1	0	0	0	0	0	0	0	0	0	0	0	0	0	0	0	0	0	0	0	0	0	0	0	0	0	0	0	0	0	0	0	0	0	0	0	0	0	0	0	0
58	0	0	0	0	0	0	0	1341	0	0	1341	0	0	0	0	0	0	0.0856059	0	0	0.0856059	0	0	0	0	0	0	1	0	0	0	0	0	0	0	0	22	0	0	22	0	0	0	0	0	0	1	0	0	0	0	0	0	0	0	93.6509	0	0	93.6509	0	0	0	0	0	0	1	0	0	0	0	0	0	0	0	237	0	0	237	0	0	0	0	0	0	1	0	0	0	0	0	0	0	0	0	0	0	0	0	0	0	0	0	0	0	0	0	0	0	0	0	0	0	0	0	0	0	0	0	0	0	0	0	0	0	0
59	0	0	0	0	0	0	0	1361	0	0	1361	0	0	0	0	0	0	0.0394618	0	0	0.0394618	0	0	0	0	0	0	1	0	0	0	0	0	0	0	0	15	0	0	15	0	0	0	0	0	0	1	0	0	0	0	0	0	0	0	94.4528	0	0	94.4528	0	0	0	0	0	0	1	0	0	0	0	0	0	0	0	233	0	0	233	0	0	0	0	0	0	1	0	0	0	0	0	0	0	0	0	0	0	0	0	0	0	0	0	0	0	0	0	0	0	0	0	0	0	0	0	0	0	0	0	0	0	0	0	0	0	0
60	0	0	0	0	0	0	0	1339	0	0	1339	0	0	0	0	0	0	0.0298311	0	0	0.0298311	0	0	0	0	0	0	1	0	0	0	0	0	0	0	0	11	0	0	11	0	0	0	0	0	0	1	0	0	0	0	0	0	0	0	93.5546	0	0	93.5546	0	0	0	0	0	0	1	0	0	0	0	0	0	0	0	225	0	0	225	0	0	0	0	0	0	1	0	0	0	0	0	0	0	0	0	0	0	0	0	0	0	0	0	0	0	0	0	0	0	0	0	0	0	0	0	0	0	0	0	0	0	0	0	0	0	0
61	0	0	0	0	0	0	0	1363	0	0	1363	0	0	0	0	0	0	0.0251737	0	0	0.0251737	0	0	0	0	0	0	1	0	0	0	0	0	0	0	0	10	0	0	10	0	0	0	0	0	0	1	0	0	0	0	0	0	0	0	95.0169	0	0	95.0169	0	0	0	0	0	0	1	0	0	0	0	0	0	0	0	216	0	0	216	0	0	0	0	0	0	1	0	0	0	0	0	0	0	0	0	0	0	0	0	0	0	0	0	0	0	0	0	0	0	0	0	0	0	0	0	0	0	0	0	0	0	0	0	0	0	0
62	0	0	0	0	0	0	0	1401	0	0	1401	0	0	0	0	0	0	0.0232977	0	0	0.0232977	0	0	0	0	0	0	1	0	0	0	0	0	0	0	0	10	0	0	10	0	0	0	0	0	0	1	0	0	0	0	0	0	0	0	96.6928	0	0	96.6928	0	0	0	0	0	0	1	0	0	0	0	0	0	0	0	210	0	0	210	0	0	0	0	0	0	1	0	0	0	0	0	0	0	0	0	0	0	0	0	0	0	0	0	0	0	0	0	0	0	0	0	0	0	0	0	0	0	0	0	0	0	0	0	0	0	0
63	0	0	0	0	0	0	0	1387	0	0	1387	0	0	0	0	0	0	0.0227263	0	0	0.0227263	0	0	0	0	0	0	1	0	0	0	0	0	0	0	0	14	0	0	14	0	0	0	0	0	0	1	0	0	0	0	0	0	0	0	96.4299	0	0	96.4299	0	0	0	0	0	0	1	0	0	0	0	0	0	0	0	199	0	0	199	0	0	0	0	0	0	1	0	0	0	0	0	0	0	0	0	0	0	0	0	0	0	0	0	0	0	0	0	0	0	0	0	0	0	0	0	0	0	0	0	0	0	0	0	0	0	0
64	0	0	0	0	0	0	0	1373	0	0	1373	0	0	0	0	0	0	0.0325173	0	0	0.0325173	0	0	0	0	0	0	1	0	0	0	0	0	0	0	0	18	0	0	18	0	0	0	0	0	0	1	0	0	0	0	0	0	0	0	95.3452	0	0	95.3452	0	0	0	0	0	0	1	0	0	0	0	0	0	0	0	190	0	0	190	0	0	0	0	0	0	1	0	0	0	0	0	0	0	0	0	0	0	0	0	0	0	0	0	0	0	0	0	0	0	0	0	0	0	0	0	0	0	0	0	0	0	0	0	0	0	0
65	0	0	0	0	0	0	0	1385	0	0	1385	0	0	0	0	0	0	0.021036	0	0	0.021036	0	0	0	0	0	0	1	0	0	0	0	0	0	0	0	20	0	0	20	0	0	0	0	0	0	1	0	0	0	0	0	0	0	0	95.401	0	0	95.401	0	0	0	0	0	0	1	0	0	0	0	0	0	0	0	182	0	0	182	0	0	0	0	0	0	1	0	0	0	0	0	0	0	0	0	0	0	0	0	0	0	0	0	0	0	0	0	0	0	0	0	0	0	0	0	0	0	0	0	0	0	0	0	0	0	0
66	0	0	0	0	0	0	0	1370	0	0	1370	0	0	0	0	0	0	0.0176423	0	0	0.0176423	0	0	0	0	0	0	1	0	0	0	0	0	0	0	0	27	0	0	27	0	0	0	0	0	0	1	0	0	0	0	0	0	0	0	93.8963	0	0	93.8963	0	0	0	0	0	0	1	0	0	0	0	0	0	0	0	174	0	0	174	0	0	0	0	0	0	1	0	0	0	0	0	0	0	0	0	0	0	0	0	0	0	0	0	0	0	0	0	0	0	0	0	0	0	0	0	0	0	0	0	0	0	0	0	0	0	0
67	0	0	0	0	0	0	0	1393	0	0	1393	0	0	0	0	0	0	0.0222048	0	0	0.0222048	0	0	0	0	0	0	1	0	0	0	0	0	0	0	0	27	0	0	27	0	0	0	0	0	0	1	0	0	0	0	0	0	0	0	94.2519	0	0	94.2519	0	0	0	0	0	0	1	0	0	0	0	0	0	0	0	171	0	0	171	0	0	0	0	0	0	1	0	0	0	0	0	0	0	0	0	0	0	0	0	0	0	0	0	0	0	0	0	0	0	0	0	0	0	0	0	0	0	0	0	0	0	0	0	0	0	0
68	0	0	0	0	0	0	0	1381	0	0	1381	0	0	0	0	0	0	0.0334195	0	0	0.0334195	0	0	0	0	0	0	1	0	0	0	0	0	0	0	0	34	0	0	34	0	0	0	0	0	0	1	0	0	0	0	0	0	0	0	91.1549	0	0	91.1549	0	0	0	0	0	0	1	0	0	0	0	0	0	0	0	162	0	0	162	0	0	0	0	0	0	1	0	0	0	0	0	0	0	0	0	0	0	0	0	0	0	0	0	0	0	0	0	0	0	0	0	0	0	0	0	0	0	0	0	0	0	0	0	0	0	0
69	0	0	0	0	0	0	0	1401	0	0	1401	0	0	0	0	0	0	0.0517659	0	0	0.0517659	0	0	0	0	0	0	1	0	0	0	0	0	0	0	0	42	0	0	42	0	0	0	0	0	0	1	0	0	0	0	0	0	0	0	91.099	0	0	91.099	0	0	0	0	0	0	1	0	0	0	0	0	0	0	0	155	0	0	155	0	0	0	0	0	0	1	0	0	0	0	0	0	0	0	0	0	0	0	0	0	0	0	0	0	0	0	0	0	0	0	0	0	0	0	0	0	0	0	0	0	0	0	0	0	0	0
70	0	0	0	0	0	0	0	1381	0	0	1381	0	0	0	0	0	0	0.0552127	0	0	0.0552127	0	0	0	0	0	0	1	0	0	0	0	0	0	0	0	45	0	0	45	0	0	0	0	0	0	1	0	0	0	0	0	0	0	0	89.366	0	0	89.366	0	0	0	0	0	0	1	0	0	0	0	0	0	0	0	151	0	0	151	0	0	0	0	0	0	1	0	0	0	0	0	0	0	0	0	0	0	0	0	0	0	0	0	0	0	0	0	0	0	0	0	0	0	0	0	0	0	0	0	0	0	0	0	0	0	0
71	0	0	0	0	0	0	0	1356	0	0	1356	0	0	0	0	0	0	0.0591001	0	0	0.0591001	0	0	0	0	0	0	1	0	0	0	0	0	0	0	0	47	0	0	47	0	0	0	0	0	0	1	0	0	0	0	0	0	0	0	89.9281	0	0	89.9281	0	0	0	0	0	0	1	0	0	0	0	0	0	0	0	148	0	0	148	0	0	0	0	0	0	1	0	0	0	0	0	0	0	0	0	0	0	0	0	0	0	0	0	0	0	0	0	0	0	0	0	0	0	0	0	0	0	0	0	0	0	0	0	0	0	0
72	0	0	0	0	0	0	0	1327	0	0	1327	0	0	0	0	0	0	0.0662599	0	0	0.0662599	0	0	0	0	0	0	1	0	0	0	0	0	0	0	0	46	0	0	46	0	0	0	0	0	0	1	0	0	0	0	0	0	0	0	89.146	0	0	89.146	0	0	0	0	0	0	1	0	0	0	0	0	0	0	0	145	0	0	145	0	0	0	0	0	0	1	0	0	0	0	0	0	0	0	0	0	0	0	0	0	0	0	0	0	0	0	0	0	0	0	0	0	0	0	0	0	0	0	0	0	0	0	0	0	0	0
73	0	0	0	0	0	0	0	1361	0	0	1361	0	0	0	0	0	0	0.0747513	0	0	0.0747513	0	0	0	0	0	0	1	0	0	0	0	0	0	0	0	44	0	0	44	0	0	0	0	0	0	1	0	0	0	0	0	0	0	0	87.0866	0	0	87.0866	0	0	0	0	0	0	1	0	0	0	0	0	0	0	0	143	0	0	143	0	0	0	0	0	0	1	0	0	0	0	0	0	0	0	0	0	0	0	0	0	0	0	0	0	0	0	0	0	0	0	0	0	0	0	0	0	0	0	0	0	0	0	0	0	0	0
74	0	0	0	0	0	0	0	1354	0	0	1354	0	0	0	0	0	0	0.0792048	0	0	0.0792048	0	0	0	0	0	0	1	0	0	0	0	0	0	0	0	54	0	0	54	0	0	0	0	0	0	1	0	0	0	0	0	0	0	0	85.2875	0	0	85.2875	0	0	0	0	0	0	1	0	0	0	0	0	0	0	0	142	0	0	142	0	0	0	0	0	0	1	0	0	0	0	0	0	0	0	0	0	0	0	0	0	0	0	0	0	0	0	0	0	0	0	0	0	0	0	0	0	0	0	0	0	0	0	0	0	0	0
75	0	0	0	0	0	0	0	1383	0	0	1383	0	0	0	0	0	0	0.0627882	0	0	0.0627882	0	0	0	0	0	0	1	0	0	0	0	0	0	0	0	65	0	0	65	0	0	0	0	0	0	1	0	0	0	0	0	0	0	0	85.6867	0	0	85.6867	0	0	0	0	0	0	1	0	0	0	0	0	0	0	0	146	0	0	146	0	0	0	0	0	0	1	0	0	0	0	0	0	0	0	0	0	0	0	0	0	0	0	0	0	0	0	0	0	0	0	0	0	0	0	0	0	0	0	0	0	0	0	0	0	0	0
76	0	0	0	0	0	0	0	1350	0	0	1350	0	0	0	0	0	0	0.0642283	0	0	0.0642283	0	0	0	0	0	0	1	0	0	0	0	0	0	0	0	81	0	0	81	0	0	0	0	0	0	1	0	0	0	0	0	0	0	0	83.9424	0	0	83.9424	0	0	0	0	0	0	1	0	0	0	0	0	0	0	0	144	0	0	144	0	0	0	0	0	0	1	0	0	0	0	0	0	0	0	0	0	0	0	0	0	0	0	0	0	0	0	0	0	0	0	0	0	0	0	0	0	0	0	0	0	0	0	0	0	0	0
77	0	0	0	0	0	0	0	1298	0	0	1298	0	0	0	0	0	0	0.0729316	0	0	0.0729316	0	0	0	0	0	0	1	0	0	0	0	0	0	0	0	112	0	0	112	0	0	0	0	0	0	1	0	0	0	0	0	0	0	0	78.5212	0	0	78.5212	0	0	0	0	0	0	1	0	0	0	0	0	0	0	0	141	0	0	141	0	0	0	0	0	0	1	0	0	0	0	0	0	0	0	0	0	0	0	0	0	0	0	0	0	0	0	0	0	0	0	0	0	0	0	0	0	0	0	0	0	0	0	0	0	0	0
78	0	0	0	0	0	0	0	1262	0	0	1262	0	0	0	0	0	0	0.144958	0	0	0.144958	0	0	0	0	0	0	1	0	0	0	0	0	0	0	0	148	0	0	148	0	0	0	0	0	0	1	0	0	0	0	0	0	0	0	77.9306	0	0	77.9306	0	0	0	0	0	0	1	0	0	0	0	0	0	0	0	135	0	0	135	0	0	0	0	0	0	1	0	0	0	0	0	0	0	0	0	0	0	0	0	0	0	0	0	0	0	0	0	0	0	0	0	0	0	0	0	0	0	0	0	0	0	0	0	0	0	0
79	0	0	0	0	0	0	0	1272	0	0	1272	0	0	0	0	0	0	0.2022	0	0	0.2022	0	0	0	0	0	0	1	0	0	0	0	0	0	0	0	160	0	0	160	0	0	0	0	0	0	1	0	0	0	0	0	0	0	0	77.4174	0	0	77.4174	0	0	0	0	0	0	1	0	0	0	0	0	0	0	0	141	0	0	141	0	0	0	0	0	0	1	0	0	0	0	0	0	0	0	0	0	0	0	0	0	0	0	0	0	0	0	0	0	0	0	0	0	0	0	0	0	0	0	0	0	0	0	0	0	0	0
80	0	0	0	0	0	0	0	1294	0	0	1294	0	0	0	0	0	0	0.273865	0	0	0.273865	0	0	0	0	0	0	1	0	0	0	0	0	0	0	0	180	0	0	180	0	0	0	0	0	0	1	0	0	0	0	0	0	0	0	77.5038	0	0	77.5038	0	0	0	0	0	0	1	0	0	0	0	0	0	0	0	155	0	0	155	0	0	0	0	0	0	1	0	0	0	0	0	0	0	0	0	0	0	0	0	0	0	0	0	0	0	0	0	0	0	0	0	0	0	0	0	0	0	0	0	0	0	0	0	0	0	0
81	0	0	0	0	0	0	0	1312	0	0	1312	0	0	0	0	0	0	0.289943	0	0	0.289943	0	0	0	0	0	0	1	0	0	0	0	0	0	0	0	186	0	0	186	0	0	0	0	0	0	1	0	0	0	0	0	0	0	0	79.0021	0	0	79.0021	0	0	0	0	0	0	1	0	0	0	0	0	0	0	0	176	0	0	176	0	0	0	0	0	0	1	0	0	0	0	0	0	0	0	0	0	0	0	0	0	0	0	0	0	0	0	0	0	0	0	0	0	0	0	0	0	0	0	0	0	0	0	0	0	0	0
82	0	0	0	0	0	0	0	1282	0	0	1282	0	0	0	0	0	0	0.258335	0	0	0.258335	0	0	0	0	0	0	1	0	0	0	0	0	0	0	0	190	0	0	190	0	0	0	0	0	0	1	0	0	0	0	0	0	0	0	78.5009	0	0	78.5009	0	0	0	0	0	0	1	0	0	0	0	0	0	0	0	191	0	0	191	0	0	0	0	0	0	1	0	0	0	0	0	0	0	0	0	0	0	0	0	0	0	0	0	0	0	0	0	0	0	0	0	0	0	0	0	0	0	0	0	0	0	0	0	0	0	0
83	0	0	0	0	0	0	0	1310	0	0	1310	0	0	0	0	0	0	0.286363	0	0	0.286363	0	0	0	0	0	0	1	0	0	0	0	0	0	0	0	195	0	0	195	0	0	0	0	0	0	1	0	0	0	0	0	0	0	0	80.5364	0	0	80.5364	0	0	0	0	0	0	1	0	0	0	0	0	0	0	0	200	0	0	200	0	0	0	0	0	0	1	0	0	0	0	0	0	0	0	0	0	0	0	0	0	0	0	0	0	0	0	0	0	0	0	0	0	0	0	0	0	0	0	0	0	0	0	0	0	0	0
84	0	0	0	0	0	0	0	1322	0	0	1322	0	0	0	0	0	0	0.298554	0	0	0.298554	0	0	0	0	0	0	1	0	0	0	0	0	0	0	0	181	0	0	181	0	0	0	0	0	0	1	0	0	0	0	0	0	0	0	80.2236	0	0	80.2236	0	0	0	0	0	0	1	0	0	0	0	0	0	0	0	205	0	0	205	0	0	0	0	0	0	1	0	0	0	0	0	0	0	0	0	0	0	0	0	0	0	0	0	0	0	0	0	0	0	0	0	0	0	0	0	0	0	0	0	0	0	0	0	0	0	0
85	0	0	0	0	0	0	0	1333	0	0	1333	0	0	0	0	0	0	0.261281	0	0	0.261281	0	0	0	0	0	0	1	0	0	0	0	0	0	0	0	170	0	0	170	0	0	0	0	0	0	1	0	0	0	0	0	0	0	0	80.5346	0	0	80.5346	0	0	0	0	0	0	1	0	0	0	0	0	0	0	0	215	0	0	215	0	0	0	0	0	0	1	0	0	0	0	0	0	0	0	0	0	0	0	0	0	0	0	0	0	0	0	0	0	0	0	0	0	0	0	0	0	0	0	0	0	0	0	0	0	0	0
86	0	0	0	0	0	0	0	1355	0	0	1355	0	0	0	0	0	0	0.282396	0	0	0.282396	0	0	0	0	0	0	1	0	0	0	0	0	0	0	0	178	0	0	178	0	0	0	0	0	0	1	0	0	0	0	0	0	0	0	82.8116	0	0	82.8116	0	0	0	0	0	0	1	0	0	0	0	0	0	0	0	219	0	0	219	0	0	0	0	0	0	1	0	0	0	0	0	0	0	0	0	0	0	0	0	0	0	0	0	0	0	0	0	0	0	0	0	0	0	0	0	0	0	0	0	0	0	0	0	0	0	0
87	0	0	0	0	0	0	0	1378	0	0	1378	0	0	0	0	0	0	0.28881	0	0	0.28881	0	0	0	0	0	0	1	0	0	0	0	0	0	0	0	191	0	0	191	0	0	0	0	0	0	1	0	0	0	0	0	0	0	0	84.535	0	0	84.535	0	0	0	0	0	0	1	0	0	0	0	0	0	0	0	230	0	0	230	0	0	0	0	0	0	1	0	0	0	0	0	0	0	0	0	0	0	0	0	0	0	0	0	0	0	0	0	0	0	0	0	0	0	0	0	0	0	0	0	0	0	0	0	0	0	0
88	0	0	0	0	0	0	0	1336	0	0	1336	0	0	0	0	0	0	0.280738	0	0	0.280738	0	0	0	0	0	0	1	0	0	0	0	0	0	0	0	184	0	0	184	0	0	0	0	0	0	1	0	0	0	0	0	0	0	0	79.3556	0	0	79.3556	0	0	0	0	0	0	1	0	0	0	0	0	0	0	0	228	0	0	228	0	0	0	0	0	0	1	0	0	0	0	0	0	0	0	0	0	0	0	0	0	0	0	0	0	0	0	0	0	0	0	0	0	0	0	0	0	0	0	0	0	0	0	0	0	0	0
89	0	0	0	0	0	0	0	1342	0	0	1342	0	0	0	0	0	0	0.294067	0	0	0.294067	0	0	0	0	0	0	1	0	0	0	0	0	0	0	0	185	0	0	185	0	0	0	0	0	0	1	0	0	0	0	0	0	0	0	81.7221	0	0	81.7221	0	0	0	0	0	0	1	0	0	0	0	0	0	0	0	234	0	0	234	0	0	0	0	0	0	1	0	0	0	0	0	0	0	0	0	0	0	0	0	0	0	0	0	0	0	0	0	0	0	0	0	0	0	0	0	0	0	0	0	0	0	0	0	0	0	0
90	0	0	0	0	0	0	0	1331	0	0	1331	0	0	0	0	0	0	0.274666	0	0	0.274666	0	0	0	0	0	0	1	0	0	0	0	0	0	0	0	185	0	0	185	0	0	0	0	0	0	1	0	0	0	0	0	0	0	0	84.5538	0	0	84.5538	0	0	0	0	0	0	1	0	0	0	0	0	0	0	0	242	0	0	242	0	0	0	0	0	0	1	0	0	0	0	0	0	0	0	0	0	0	0	0	0	0	0	0	0	0	0	0	0	0	0	0	0	0	0	0	0	0	0	0	0	0	0	0	0	0	0
91	0	0	0	0	0	0	0	1331	0	0	1331	0	0	0	0	0	0	0.298952	0	0	0.298952	0	0	0	0	0	0	1	0	0	0	0	0	0	0	0	204	0	0	204	0	0	0	0	0	0	1	0	0	0	0	0	0	0	0	83.9485	0	0	83.9485	0	0	0	0	0	0	1	0	0	0	0	0	0	0	0	241	0	0	241	0	0	0	0	0	0	1	0	0	0	0	0	0	0	0	0	0	0	0	0	0	0	0	0	0	0	0	0	0	0	0	0	0	0	0	0	0	0	0	0	0	0	0	0	0	0	0
92	0	0	0	0	0	0	0	1338	0	0	1338	0	0	0	0	0	0	0.275023	0	0	0.275023	0	0	0	0	0	0	1	0	0	0	0	0	0	0	0	195	0	0	195	0	0	0	0	0	0	1	0	0	0	0	0	0	0	0	81.8833	0	0	81.8833	0	0	0	0	0	0	1	0	0	0	0	0	0	0	0	247	0	0	247	0	0	0	0	0	0	1	0	0	0	0	0	0	0	0	0	0	0	0	0	0	0	0	0	0	0	0	0	0	0	0	0	0	0	0	0	0	0	0	0	0	0	0	0	0	0	0
93	0	0	0	0	0	0	0	1325	0	0	1325	0	0	0	0	0	0	0.27625	0	0	0.27625	0	0	0	0	0	0	1	0	0	0	0	0	0	0	0	191	0	0	191	0	0	0	0	0	0	1	0	0	0	0	0	0	0	0	83.4592	0	0	83.4592	0	0	0	0	0	0	1	0	0	0	0	0	0	0	0	252	0	0	252	0	0	0	0	0	0	1	0	0	0	0	0	0	0	0	0	0	0	0	0	0	0	0	0	0	0	0	0	0	0	0	0	0	0	0	0	0	0	0	0	0	0	0	0	0	0	0
94	0	0	0	0	0	0	0	1309	0	0	1309	0	0	0	0	0	0	0.294394	0	0	0.294394	0	0	0	0	0	0	1	0	0	0	0	0	0	0	0	185	0	0	185	0	0	0	0	0	0	1	0	0	0	0	0	0	0	0	82.857	0	0	82.857	0	0	0	0	0	0	1	0	0	0	0	0	0	0	0	250	0	0	250	0	0	0	0	0	0	1	0	0	0	0	0	0	0	0	0	0	0	0	0	0	0	0	0	0	0	0	0	0	0	0	0	0	0	0	0	0	0	0	0	0	0	0	0	0	0	0
95	0	0	0	0	0	0	0	1334	0	0	1334	0	0	0	0	0	0	0.330197	0	0	0.330197	0	0	0	0	0	0	1	0	0	0	0	0	0	0	0	186	0	0	186	0	0	0	0	0	0	1	0	0	0	0	0	0	0	0	85.1242	0	0	85.1242	0	0	0	0	0	0	1	0	0	0	0	0	0	0	0	258	0	0	258	0	0	0	0	0	0	1	0	0	0	0	0	0	0	0	0	0	0	0	0	0	0	0	0	0	0	0	0	0	0	0	0	0	0	0	0	0	0	0	0	0	0	0	0	0	0	0
96	0	0	0	0	0	0	0	1376	0	0	1376	0	0	0	0	0	0	0.280386	0	0	0.280386	0	0	0	0	0	0	1	0	0	0	0	0	0	0	0	170	0	0	170	0	0	0	0	0	0	1	0	0	0	0	0	0	0	0	84.5518	0	0	84.5518	0	0	0	0	0	0	1	0	0	0	0	0	0	0	0	267	0	0	267	0	0	0	0	0	0	1	0	0	0	0	0	0	0	0	0	0	0	0	0	0	0	0	0	0	0	0	0	0	0	0	0	0	0	0	0	0	0	0	0	0	0	0	0	0	0	0
97	0	0	0	0	0	0	0	1351	0	0	1351	0	0	0	0	0	0	0.260594	0	0	0.260594	0	0	0	0	0	0	1	0	0	0	0	0	0	0	0	175	0	0	175	0	0	0	0	0	0	1	0	0	0	0	0	0	0	0	84.3881	0	0	84.3881	0	0	0	0	0	0	1	0	0	0	0	0	0	0	0	270	0	0	270	0	0	0	0	0	0	1	0	0	0	0	0	0	0	0	0	0	0	0	0	0	0	0	0	0	0	0	0	0	0	0	0	0	0	0	0	0	0	0	0	0	0	0	0	0	0	0
98	0	0	0	0	0	0	0	1391	0	0	1391	0	0	0	0	0	0	0.268935	0	0	0.268935	0	0	0	0	0	0	1	0	0	0	0	0	0	0	0	187	0	0	187	0	0	0	0	0	0	1	0	0	0	0	0	0	0	0	87.1982	0	0	87.1982	0	0	0	0	0	0	1	0	0	0	0	0	0	0	0	270	0	0	270	0	0	0	0	0	0	1	0	0	0	0	0	0	0	0	0	0	0	0	0	0	0	0	0	0	0	0	0	0	0	0	0	0	0	0	0	0	0	0	0	0	0	0	0	0	0	0
99	0	0	0	0	0	0	0	1380	0	0	1380	0	0	0	0	0	0	0.277799	0	0	0.277799	0	0	0	0	0	0	1	0	0	0	0	0	0	0	0	190	0	0	190	0	0	0	0	0	0	1	0	0	0	0	0	0	0	0	85.7769	0	0	85.7769	0	0	0	0	0	0	1	0	0	0	0	0	0	0	0	263	0	0	263	0	0	0	0	0	0	1	0	0	0	0	0	0	0	0	0	0	0	0	0	0	0	0	0	0	0	0	0	0	0	0	0	0	0	0	0	0	0	0	0	0	0	0	0	0	0	0
100	0	0	0	0	0	0	0	1406	0	0	1406	0	0	0	0	0	0	0.32411	0	0	0.32411	0	0	0	0	0	0	1	0	0	0	0	0	0	0	0	206	0	0	206	0	0	0	0	0	0	1	0	0	0	0	0	0	0	0	88.2467	0	0	88.2467	0	0	0	0	0	0	1	0	0	0	0	0	0	0	0	266	0	0	266	0	0	0	0	0	0	1	0	0	0	0	0	0	0	0	0	0	0	0	0	0	0	0	0	0	0	0	0	0	0	0	0	0	0	0	0	0	0	0	0	0	0	0	0	0	0	0
101	0	0	0	0	0	0	0	1357	0	0	1357	0	0	0	0	0	0	0.313971	0	0	0.313971	0	0	0	0	0	0	1	0	0	0	0	0	0	0	0	206	0	0	206	0	0	0	0	0	0	1	0	0	0	0	0	0	0	0	85.2418	0	0	85.2418	0	0	0	0	0	0	1	0	0	0	0	0	0	0	0	270	0	0	270	0	0	0	0	0	0	1	0	0	0	0	0	0	0	0	0	0	0	0	0	0	0	0	0	0	0	0	0	0	0	0	0	0	0	0	0	0	0	0	0	0	0	0	0	0	0	0
102	0	0	0	0	0	0	0	1335	0	0	1335	0	0	0	0	0	0	0.351406	0	0	0.351406	0	0	0	0	0	0	1	0	0	0	0	0	0	0	0	219	0	0	219	0	0	0	0	0	0	1	0	0	0	0	0	0	0	0	84.5831	0	0	84.5831	0	0	0	0	0	0	1	0	0	0	0	0	0	0	0	270	0	0	270	0	0	0	0	0	0	1	0	0	0	0	0	0	0	0	0	0	0	0	0	0	0	0	0	0	0	0	0	0	0	0	0	0	0	0	0	0	0	0	0	0	0	0	0	0	0	0
103	0	0	0	0	0	0	0	1343	0	0	1343	0	0	0	0	0	0	0.339596	0	0	0.339596	0	0	0	0	0	0	1	0	0	0	0	0	0	0	0	213	0	0	213	0	0	0	0	0	0	1	0	0	0	0	0	0	0	0	84.7976	0	0	84.7976	0	0	0	0	0	0	1	0	0	0	0	0	0	0	0	279	0	0	279	0	0	0	0	0	0	1	0	0	0	0	0	0	0	0	0	0	0	0	0	0	0	0	0	0	0	0	0	0	0	0	0	0	0	0	0	0	0	0	0	0	0	0	0	0	0	0
104	0	0	0	0	0	0	0	1371	0	0	1371	0	0	0	0	0	0	0.338028	0	0	0.338028	0	0	0	0	0	0	1	0	0	0	0	0	0	0	0	198	0	0	198	0	0	0	0	0	0	1	0	0	0	0	0	0	0	0	88.3029	0	0	88.3029	0	0	0	0	0	0	1	0	0	0	0	0	0	0	0	291	0	0	291	0	0	0	0	0	0	1	0	0	0	0	0	0	0	0	0	0	0	0	0	0	0	0	0	0	0	0	0	0	0	0	0	0	0	0	0	0	0	0	0	0	0	0	0	0	0	0
105	0	0	0	0	0	0	0	1425	0	0	1425	0	0	0	0	0	0	0.310032	0	0	0.310032	0	0	0	0	0	0	1	0	0	0	0	0	0	0	0	187	0	0	187	0	0	0	0	0	0	1	0	0	0	0	0	0	0	0	88.8195	0	0	88.8195	0	0	0	0	0	0	1	0	0	0	0	0	0	0	0	298	0	0	298	0	0	0	0	0	0	1	0	0	0	0	0	0	0	0	0	0	0	0	0	0	0	0	0	0	0	0	0	0	0	0	0	0	0	0	0	0	0	0	0	0	0	0	0	0	0	0
106	0	0	0	0	0	0	0	1440	0	0	1440	0	0	0	0	0	0	0.32428	0	0	0.32428	0	0	0	0	0	0	1	0	0	0	0	0	0	0	0	171	0	0	171	0	0	0	0	0	0	1	0	0	0	0	0	0	0	0	90.1807	0	0	90.1807	0	0	0	0	0	0	1	0	0	0	0	0	0	0	0	298	0	0	298	0	0	0	0	0	0	1	0	0	0	0	0	0	0	0	0	0	0	0	0	0	0	0	0	0	0	0	0	0	0	0	0	0	0	0	0	0	0	0	0	0	0	0	0	0	0	0
107	0	0	0	0	0	0	0	1386	0	0	1386	0	0	0	0	0	0	0.279639	0	0	0.279639	0	0	0	0	0	0	1	0	0	0	0	0	0	0	0	147	0	0	147	0	0	0	0	0	0	1	0	0	0	0	0	0	0	0	89.3936	0	0	89.3936	0	0	0	0	0	0	1	0	0	0	0	0	0	0	0	299	0	0	299	0	0	0	0	0	0	1	0	0	0	0	0	0	0	0	0	0	0	0	0	0	0	0	0	0	0	0	0	0	0	0	0	0	0	0	0	0	0	0	0	0	0	0	0	0	0	0
108	0	0	0	0	0	0	0	1394	0	0	1394	0	0	0	0	0	0	0.244186	0	0	0.244186	0	0	0	0	0	0	1	0	0	0	0	0	0	0	0	137	0	0	137	0	0	0	0	0	0	1	0	0	0	0	0	0	0	0	93.1863	0	0	93.1863	0	0	0	0	0	0	1	0	0	0	0	0	0	0	0	303	0	0	303	0	0	0	0	0	0	1	0	0	0	0	0	0	0	0	0	0	0	0	0	0	0	0	0	0	0	0	0	0	0	0	0	0	0	0	0	0	0	0	0	0	0	0	0	0	0	0
109	0	0	0	0	0	0	0	1370	0	0	1370	0	0	0	0	0	0	0.250729	0	0	0.250729	0	0	0	0	0	0	1	0	0	0	0	0	0	0	0	131	0	0	131	0	0	0	0	0	0	1	0	0	0	0	0	0	0	0	91.0769	0	0	91.0769	0	0	0	0	0	0	1	0	0	0	0	0	0	0	0	292	0	0	292	0	0	0	0	0	0	1	0	0	0	0	0	0	0	0	0	0	0	0	0	0	0	0	0	0	0	0	0	0	0	0	0	0	0	0	0	0	0	0	0	0	0	0	0	0	0	0
110	0	0	0	0	0	0	0	1343	0	0	1343	0	0	0	0	0	0	0.217213	0	0	0.217213	0	0	0	0	0	0	1	0	0	0	0	0	0	0	0	116	0	0	116	0	0	0	0	0	0	1	0	0	0	0	0	0	0	0	90.4792	0	0	90.4792	0	0	0	0	0	0	1	0	0	0	0	0	0	0	0	288	0	0	288	0	0	0	0	0	0	1	0	0	0	0	0	0	0	0	0	0	0	0	0	0	0	0	0	0	0	0	0	0	0	0	0	0	0	0	0	0	0	0	0	0	0	0	0	0	0	0
111	0	0	0	0	0	0	0	1333	0	0	1333	0	0	0	0	0	0	0.232011	0	0	0.232011	0	0	0	0	0	0	1	0	0	0	0	0	0	0	0	111	0	0	111	0	0	0	0	0	0	1	0	0	0	0	0	0	0	0	90.5459	0	0	90.5459	0	0	0	0	0	0	1	0	0	0	0	0	0	0	0	278	0	0	278	0	0	0	0	0	0	1	0	0	0	0	0	0	0	0	0	0	0	0	0	0	0	0	0	0	0	0	0	0	0	0	0	0	0	0	0	0	0	0	0	0	0	0	0	0	0	0
112	0	0	0	0	0	0	0	1348	0	0	1348	0	0	0	0	0	0	0.206242	0	0	0.206242	0	0	0	0	0	0	1	0	0	0	0	0	0	0	0	97	0	0	97	0	0	0	0	0	0	1	0	0	0	0	0	0	0	0	89.6836	0	0	89.6836	0	0	0	0	0	0	1	0	0	0	0	0	0	0	0	268	0	0	268	0	0	0	0	0	0	1	0	0	0	0	0	0	0	0	0	0	0	0	0	0	0	0	0	0	0	0	0	0	0	0	0	0	0	0	0	0	0	0	0	0	0	0	0	0	0	0
113	0	0	0	0	0	0	0	1335	0	0	1335	0	0	0	0	0	0	0.206077	0	0	0.206077	0	0	0	0	0	0	1	0	0	0	0	0	0	0	0	90	0	0	90	0	0	0	0	0	0	1	0	0	0	0	0	0	0	0	85.6556	0	0	85.6556	0	0	0	0	0	0	1	0	0	0	0	0	0	0	0	260	0	0	260	0	0	0	0	0	0	1	0	0	0	0	0	0	0	0	0	0	0	0	0	0	0	0	0	0	0	0	0	0	0	0	0	0	0	0	0	0	0	0	0	0	0	0	0	0	0	0
114	0	0	0	0	0	0	0	1328	0	0	1328	0	0	0	0	0	0	0.154192	0	0	0.154192	0	0	0	0	0	0	1	0	0	0	0	0	0	0	0	82	0	0	82	0	0	0	0	0	0	1	0	0	0	0	0	0	0	0	87.3489	0	0	87.3489	0	0	0	0	0	0	1	0	0	0	0	0	0	0	0	264	0	0	264	0	0	0	0	0	0	1	0	0	0	0	0	0	0	0	0	0	0	0	0	0	0	0	0	0	0	0	0	0	0	0	0	0	0	0	0	0	0	0	0	0	0	0	0	0	0	0
115	0	0	0	0	0	0	0	1329	0	0	1329	0	0	0	0	0	0	0.154011	0	0	0.154011	0	0	0	0	0	0	1	0	0	0	0	0	0	0	0	76	0	0	76	0	0	0	0	0	0	1	0	0	0	0	0	0	0	0	90.0205	0	0	90.0205	0	0	0	0	0	0	1	0	0	0	0	0	0	0	0	261	0	0	261	0	0	0	0	0	0	1	0	0	0	0	0	0	0	0	0	0	0	0	0	0	0	0	0	0	0	0	0	0	0	0	0	0	0	0	0	0	0	0	0	0	0	0	0	0	0	0
116	0	0	0	0	0	0	0	1345	0	0	1345	0	0	0	0	0	0	0.123097	0	0	0.123097	0	0	0	0	0	0	1	0	0	0	0	0	0	0	0	64	0	0	64	0	0	0	0	0	0	1	0	0	0	0	0	0	0	0	91.6773	0	0	91.6773	0	0	0	0	0	0	1	0	0	0	0	0	0	0	0	259	0	0	259	0	0	0	0	0	0	1	0	0	0	0	0	0	0	0	0	0	0	0	0	0	0	0	0	0	0	0	0	0	0	0	0	0	0	0	0	0	0	0	0	0	0	0	0	0	0	0
117	0	0	0	0	0	0	0	1373	0	0	1373	0	0	0	0	0	0	0.117594	0	0	0.117594	0	0	0	0	0	0	1	0	0	0	0	0	0	0	0	58	0	0	58	0	0	0	0	0	0	1	0	0	0	0	0	0	0	0	91.0772	0	0	91.0772	0	0	0	0	0	0	1	0	0	0	0	0	0	0	0	249	0	0	249	0	0	0	0	0	0	1	0	0	0	0	0	0	0	0	0	0	0	0	0	0	0	0	0	0	0	0	0	0	0	0	0	0	0	0	0	0	0	0	0	0	0	0	0	0	0	0
118	0	0	0	0	0	0	0	1370	0	0	1370	0	0	0	0	0	0	0.130607	0	0	0.130607	0	0	0	0	0	0	1	0	0	0	0	0	0	0	0	58	0	0	58	0	0	0	0	0	0	1	0	0	0	0	0	0	0	0	90.2941	0	0	90.2941	0	0	0	0	0	0	1	0	0	0	0	0	0	0	0	242	0	0	242	0	0	0	0	0	0	1	0	0	0	0	0	0	0	0	0	0	0	0	0	0	0	0	0	0	0	0	0	0	0	0	0	0	0	0	0	0	0	0	0	0	0	0	0	0	0	0
119	0	0	0	0	0	0	0	1375	0	0	1375	0	0	0	0	0	0	0.112256	0	0	0.112256	0	0	0	0	0	0	1	0	0	0	0	0	0	0	0	59	0	0	59	0	0	0	0	0	0	1	0	0	0	0	0	0	0	0	92.5912	0	0	92.5912	0	0	0	0	0	0	1	0	0	0	0	0	0	0	0	243	0	0	243	0	0	0	0	0	0	1	0	0	0	0	0	0	0	0	0	0	0	0	0	0	0	0	0	0	0	0	0	0	0	0	0	0	0	0	0	0	0	0	0	0	0	0	0	0	0	0
120	0	0	0	0	0	0	0	1391	0	0	1391	0	0	0	0	0	0	0.0828021	0	0	0.0828021	0	0	0	0	0	0	1	0	0	0	0	0	0	0	0	57	0	0	57	0	0	0	0	0	0	1	0	0	0	0	0	0	0	0	93.7994	0	0	93.7994	0	0	0	0	0	0	1	0	0	0	0	0	0	0	0	241	0	0	241	0	0	0	0	0	0	1	0	0	0	0	0	0	0	0	0	0	0	0	0	0	0	0	0	0	0	0	0	0	0	0	0	0	0	0	0	0	0	0	0	0	0	0	0	0	0	0
121	0	0	0	0	0	0	0	1338	0	0	1338	0	0	0	0	0	0	0.0831629	0	0	0.0831629	0	0	0	0	0	0	1	0	0	0	0	0	0	0	0	64	0	0	64	0	0	0	0	0	0	1	0	0	0	0	0	0	0	0	93.137	0	0	93.137	0	0	0	0	0	0	1	0	0	0	0	0	0	0	0	233	0	0	233	0	0	0	0	0	0	1	0	0	0	0	0	0	0	0	0	0	0	0	0	0	0	0	0	0	0	0	0	0	0	0	0	0	0	0	0	0	0	0	0	0	0	0	0	0	0	0
122	0	0	0	0	0	0	0	1331	0	0	1331	0	0	0	0	0	0	0.0971952	0	0	0.0971952	0	0	0	0	0	0	1	0	0	0	0	0	0	0	0	66	0	0	66	0	0	0	0	0	0	1	0	0	0	0	0	0	0	0	91.7928	0	0	91.7928	0	0	0	0	0	0	1	0	0	0	0	0	0	0	0	223	0	0	223	0	0	0	0	0	0	1	0	0	0	0	0	0	0	0	0	0	0	0	0	0	0	0	0	0	0	0	0	0	0	0	0	0	0	0	0	0	0	0	0	0	0	0	0	0	0	0
123	0	0	0	0	0	0	0	1323	0	0	1323	0	0	0	0	0	0	0.0959366	0	0	0.0959366	0	0	0	0	0	0	1	0	0	0	0	0	0	0	0	58	0	0	58	0	0	0	0	0	0	1	0	0	0	0	0	0	0	0	88.1488	0	0	88.1488	0	0	0	0	0	0	1	0	0	0	0	0	0	0	0	212	0	0	212	0	0	0	0	0	0	1	0	0	0	0	0	0	0	0	0	0	0	0	0	0	0	0	0	0	0	0	0	0	0	0	0	0	0	0	0	0	0	0	0	0	0	0	0	0	0	0
124	0	0	0	0	0	0	0	1306	0	0	1306	0	0	0	0	0	0	0.0814394	0	0	0.0814394	0	0	0	0	0	0	1	0	0	0	0	0	0	0	0	57	0	0	57	0	0	0	0	0	0	1	0	0	0	0	0	0	0	0	86.7142	0	0	86.7142	0	0	0	0	0	0	1	0	0	0	0	0	0	0	0	209	0	0	209	0	0	0	0	0	0	1	0	0	0	0	0	0	0	0	0	0	0	0	0	0	0	0	0	0	0	0	0	0	0	0	0	0	0	0	0	0	0	0	0	0	0	0	0	0	0	0
125	0	0	0	0	0	0	0	1334	0	0	1334	0	0	0	0	0	0	0.0640347	0	0	0.0640347	0	0	0	0	0	0	1	0	0	0	0	0	0	0	0	53	0	0	53	0	0	0	0	0	0	1	0	0	0	0	0	0	0	0	87.3663	0	0	87.3663	0	0	0	0	0	0	1	0	0	0	0	0	0	0	0	206	0	0	206	0	0	0	0	0	0	1	0	0	0	0	0	0	0	0	0	0	0	0	0	0	0	0	0	0	0	0	0	0	0	0	0	0	0	0	0	0	0	0	0	0	0	0	0	0	0	0
126	0	0	0	0	0	0	0	1300	0	0	1300	0	0	0	0	0	0	0.0640561	0	0	0.0640561	0	0	0	0	0	0	1	0	0	0	0	0	0	0	0	54	0	0	54	0	0	0	0	0	0	1	0	0	0	0	0	0	0	0	84.9715	0	0	84.9715	0	0	0	0	0	0	1	0	0	0	0	0	0	0	0	199	0	0	199	0	0	0	0	0	0	1	0	0	0	0	0	0	0	0	0	0	0	0	0	0	0	0	0	0	0	0	0	0	0	0	0	0	0	0	0	0	0	0	0	0	0	0	0	0	0	0
127	0	0	0	0	0	0	0	1328	0	0	1328	0	0	0	0	0	0	0.0731438	0	0	0.0731438	0	0	0	0	0	0	1	0	0	0	0	0	0	0	0	51	0	0	51	0	0	0	0	0	0	1	0	0	0	0	0	0	0	0	85.6836	0	0	85.6836	0	0	0	0	0	0	1	0	0	0	0	0	0	0	0	197	0	0	197	0	0	0	0	0	0	1	0	0	0	0	0	0	0	0	0	0	0	0	0	0	0	0	0	0	0	0	0	0	0	0	0	0	0	0	0	0	0	0	0	0	0	0	0	0	0	0
128	0	0	0	0	0	0	0	1313	0	0	1313	0	0	0	0	0	0	0.0634823	0	0	0.0634823	0	0	0	0	0	0	1	0	0	0	0	0	0	0	0	55	0	0	55	0	0	0	0	0	0	1	0	0	0	0	0	0	0	0	86.1745	0	0	86.1745	0	0	0	0	0	0	1	0	0	0	0	0	0	0	0	190	0	0	190	0	0	0	0	0	0	1	0	0	0	0	0	0	0	0	0	0	0	0	0	0	0	0	0	0	0	0	0	0	0	0	0	0	0	0	0	0	0	0	0	0	0	0	0	0	0	0
129	0	0	0	0	0	0	0	1293	0	0	1293	0	0	0	0	0	0	0.0812162	0	0	0.0812162	0	0	0	0	0	0	1	0	0	0	0	0	0	0	0	69	0	0	69	0	0	0	0	0	0	1	0	0	0	0	0	0	0	0	82.318	0	0	82.318	0	0	0	0	0	0	1	0	0	0	0	0	0	0	0	177	0	0	177	0	0	0	0	0	0	1	0	0	0	0	0	0	0	0	0	0	0	0	0	0	0	0	0	0	0	0	0	0	0	0	0	0	0	0	0	0	0	0	0	0	0	0	0	0	0	0
130	0	0	0	0	0	0	0	1294	0	0	1294	0	0	0	0	0	0	0.0943876	0	0	0.0943876	0	0	0	0	0	0	1	0	0	0	0	0	0	0	0	86	0	0	86	0	0	0	0	0	0	1	0	0	0	0	0	0	0	0	82.4804	0	0	82.4804	0	0	0	0	0	0	1	0	0	0	0	0	0	0	0	170	0	0	170	0	0	0	0	0	0	1	0	0	0	0	0	0	0	0	0	0	0	0	0	0	0	0	0	0	0	0	0	0	0	0	0	0	0	0	0	0	0	0	0	0	0	0	0	0	0	0
131	0	0	0	0	0	0	0	1289	0	0	1289	0	0	0	0	0	0	0.117911	0	0	0.117911	0	0	0	0	0	0	1	0	0	0	0	0	0	0	0	115	0	0	115	0	0	0	0	0	0	1	0	0	0	0	0	0	0	0	78.1494	0	0	78.1494	0	0	0	0	0	0	1	0	0	0	0	0	0	0	0	166	0	0	166	0	0	0	0	0	0	1	0	0	0	0	0	0	0	0	0	0	0	0	0	0	0	0	0	0	0	0	0	0	0	0	0	0	0	0	0	0	0	0	0	0	0	0	0	0	0	0
132	0	0	0	0	0	0	0	1256	0	0	1256	0	0	0	0	0	0	0.134015	0	0	0.134015	0	0	0	0	0	0	1	0	0	0	0	0	0	0	0	138	0	0	138	0	0	0	0	0	0	1	0	0	0	0	0	0	0	0	74.3493	0	0	74.3493	0	0	0	0	0	0	1	0	0	0	0	0	0	0	0	167	0	0	167	0	0	0	0	0	0	1	0	0	0	0	0	0	0	0	0	0	0	0	0	0	0	0	0	0	0	0	0	0	0	0	0	0	0	0	0	0	0	0	0	0	0	0	0	0	0	0
133	0	0	0	0	0	0	0	1242	0	0	1242	0	0	0	0	0	0	0.159433	0	0	0.159433	0	0	0	0	0	0	1	0	0	0	0	0	0	0	0	138	0	0	138	0	0	0	0	0	0	1	0	0	0	0	0	0	0	0	69.7105	0	0	69.7105	0	0	0	0	0	0	1	0	0	0	0	0	0	0	0	166	0	0	166	0	0	0	0	0	0	1	0	0	0	0	0	0	0	0	0	0	0	0	0	0	0	0	0	0	0	0	0	0	0	0	0	0	0	0	0	0	0	0	0	0	0	0	0	0	0	0
134	0	0	0	0	0	0	0	1223	0	0	1223	0	0	0	0	0	0	0.221942	0	0	0.221942	0	0	0	0	0	0	1	0	0	0	0	0	0	0	0	159	0	0	159	0	0	0	0	0	0	1	0	0	0	0	0	0	0	0	71.2169	0	0	71.2169	0	0	0	0	0	0	1	0	0	0	0	0	0	0	0	169	0	0	169	0	0	0	0	0	0	1	0	0	0	0	0	0	0	0	0	0	0	0	0	0	0	0	0	0	0	0	0	0	0	0	0	0	0	0	0	0	0	0	0	0	0	0	0	0	0	0
135	0	0	0	0	0	0	0	1205	0	0	1205	0	0	0	0	0	0	0.246528	0	0	0.246528	0	0	0	0	0	0	1	0	0	0	0	0	0	0	0	171	0	0	171	0	0	0	0	0	0	1	0	0	0	0	0	0	0	0	69.8552	0	0	69.8552	0	0	0	0	0	0	1	0	0	0	0	0	0	0	0	175	0	0	175	0	0	0	0	0	0	1	0	0	0	0	0	0	0	0	0	0	0	0	0	0	0	0	0	0	0	0	0	0	0	0	0	0	0	0	0	0	0	0	0	0	0	0	0	0	0	0
136	0	0	0	0	0	0	0	1186	0	0	1186	0	0	0	0	0	0	0.236099	0	0	0.236099	0	0	0	0	0	0	1	0	0	0	0	0	0	0	0	184	0	0	184	0	0	0	0	0	0	1	0	0	0	0	0	0	0	0	67.8843	0	0	67.8843	0	0	0	0	0	0	1	0	0	0	0	0	0	0	0	180	0	0	180	0	0	0	0	0	0	1	0	0	0	0	0	0	0	0	0	0	0	0	0	0	0	0	0	0	0	0	0	0	0	0	0	0	0	0	0	0	0	0	0	0	0	0	0	0	0	0
137	0	0	0	0	0	0	0	1213	0	0	1213	0	0	0	0	0	0	0.287139	0	0	0.287139	0	0	0	0	0	0	1	0	0	0	0	0	0	0	0	206	0	0	206	0	0	0	0	0	0	1	0	0	0	0	0	0	0	0	68.8306	0	0	68.8306	0	0	0	0	0	0	1	0	0	0	0	0	0	0	0	182	0	0	182	0	0	0	0	0	0	1	0	0	0	0	0	0	0	0	0	0	0	0	0	0	0	0	0	0	0	0	0	0	0	0	0	0	0	0	0	0	0	0	0	0	0	0	0	0	0	0
138	0	0	0	0	0	0	0	1204	0	0	1204	0	0	0	0	0	0	0.317445	0	0	0.317445	0	0	0	0	0	0	1	0	0	0	0	0	0	0	0	234	0	0	234	0	0	0	0	0	0	1	0	0	0	0	0	0	0	0	66.6868	0	0	66.6868	0	0	0	0	0	0	1	0	0	0	0	0	0	0	0	194	0	0	194	0	0	0	0	0	0	1	0	0	0	0	0	0	0	0	0	0	0	0	0	0	0	0	0	0	0	0	0	0	0	0	0	0	0	0	0	0	0	0	0	0	0	0	0	0	0	0
139	0	0	0	0	0	0	0	1195	0	0	1195	0	0	0	0	0	0	0.334353	0	0	0.334353	0	0	0	0	0	0	1	0	0	0	0	0	0	0	0	257	0	0	257	0	0	0	0	0	0	1	0	0	0	0	0	0	0	0	66.2038	0	0	66.2038	0	0	0	0	0	0	1	0	0	0	0	0	0	0	0	211	0	0	211	0	0	0	0	0	0	1	0	0	0	0	0	0	0	0	0	0	0	0	0	0	0	0	0	0	0	0	0	0	0	0	0	0	0	0	0	0	0	0	0	0	0	0	0	0	0	0
140	0	0	0	0	0	0	0	1196	0	0	1196	0	0	0	0	0	0	0.359255	0	0	0.359255	0	0	0	0	0	0	1	0	0	0	0	0	0	0	0	257	0	0	257	0	0	0	0	0	0	1	0	0	0	0	0	0	0	0	68.3176	0	0	68.3176	0	0	0	0	0	0	1	0	0	0	0	0	0	0	0	225	0	0	225	0	0	0	0	0	0	1	0	0	0	0	0	0	0	0	0	0	0	0	0	0	0	0	0	0	0	0	0	0	0	0	0	0	0	0	0	0	0	0	0	0	0	0	0	0	0	0
141	0	0	0	0	0	0	0	1230	0	0	1230	0	0	0	0	0	0	0.413226	0	0	0.413226	0	0	0	0	0	0	1	0	0	0	0	0	0	0	0	274	0	0	274	0	0	0	0	0	0	1	0	0	0	0	0	0	0	0	70.5729	0	0	70.5729	0	0	0	0	0	0	1	0	0	0	0	0	0	0	0	240	0	0	240	0	0	0	0	0	0	1	0	0	0	0	0	0	0	0	0	0	0	0	0	0	0	0	0	0	0	0	0	0	0	0	0	0	0	0	0	0	0	0	0	0	0	0	0	0	0	0
142	0	0	0	0	0	0	0	1242	0	0	1242	0	0	0	0	0	0	0.426863	0	0	0.426863	0	0	0	0	0	0	1	0	0	0	0	0	0	0	0	278	0	0	278	0	0	0	0	0	0	1	0	0	0	0	0	0	0	0	74.177	0	0	74.177	0	0	0	0	0	0	1	0	0	0	0	0	0	0	0	256	0	0	256	0	0	0	0	0	0	1	0	0	0	0	0	0	0	0	0	0	0	0	0	0	0	0	0	0	0	0	0	0	0	0	0	0	0	0	0	0	0	0	0	0	0	0	0	0	0	0
143	0	0	0	0	0	0	0	1249	0	0	1249	0	0	0	0	0	0	0.439052	0	0	0.439052	0	0	0	0	0	0	1	0	0	0	0	0	0	0	0	282	0	0	282	0	0	0	0	0	0	1	0	0	0	0	0	0	0	0	76.08	0	0	76.08	0	0	0	0	0	0	1	0	0	0	0	0	0	0	0	271	0	0	271	0	0	0	0	0	0	1	0	0	0	0	0	0	0	0	0	0	0	0	0	0	0	0	0	0	0	0	0	0	0	0	0	0	0	0	0	0	0	0	0	0	0	0	0	0	0	0
144	0	0	0	0	0	0	0	1292	0	0	1292	0	0	0	0	0	0	0.448248	0	0	0.448248	0	0	0	0	0	0	1	0	0	0	0	0	0	0	0	281	0	0	281	0	0	0	0	0	0	1	0	0	0	0	0	0	0	0	77.7517	0	0	77.7517	0	0	0	0	0	0	1	0	0	0	0	0	0	0	0	287	0	0	287	0	0	0	0	0	0	1	0	0	0	0	0	0	0	0	0	0	0	0	0	0	0	0	0	0	0	0	0	0	0	0	0	0	0	0	0	0	0	0	0	0	0	0	0	0	0	0
145	0	0	0	0	0	0	0	1288	0	0	1288	0	0	0	0	0	0	0.40624	0	0	0.40624	0	0	0	0	0	0	1	0	0	0	0	0	0	0	0	269	0	0	269	0	0	0	0	0	0	1	0	0	0	0	0	0	0	0	77.4267	0	0	77.4267	0	0	0	0	0	0	1	0	0	0	0	0	0	0	0	300	0	0	300	0	0	0	0	0	0	1	0	0	0	0	0	0	0	0	0	0	0	0	0	0	0	0	0	0	0	0	0	0	0	0	0	0	0	0	0	0	0	0	0	0	0	0	0	0	0	0
146	0	0	0	0	0	0	0	1265	0	0	1265	0	0	0	0	0	0	0.387346	0	0	0.387346	0	0	0	0	0	0	1	0	0	0	0	0	0	0	0	277	0	0	277	0	0	0	0	0	0	1	0	0	0	0	0	0	0	0	79.2007	0	0	79.2007	0	0	0	0	0	0	1	0	0	0	0	0	0	0	0	313	0	0	313	0	0	0	0	0	0	1	0	0	0	0	0	0	0	0	0	0	0	0	0	0	0	0	0	0	0	0	0	0	0	0	0	0	0	0	0	0	0	0	0	0	0	0	0	0	0	0
147	0	0	0	0	0	0	0	1259	0	0	1259	0	0	0	0	0	0	0.425462	0	0	0.425462	0	0	0	0	0	0	1	0	0	0	0	0	0	0	0	276	0	0	276	0	0	0	0	0	0	1	0	0	0	0	0	0	0	0	80.0404	0	0	80.0404	0	0	0	0	0	0	1	0	0	0	0	0	0	0	0	312	0	0	312	0	0	0	0	0	0	1	0	0	0	0	0	0	0	0	0	0	0	0	0	0	0	0	0	0	0	0	0	0	0	0	0	0	0	0	0	0	0	0	0	0	0	0	0	0	0	0
148	0	0	0	0	0	0	0	1245	0	0	1245	0	0	0	0	0	0	0.436494	0	0	0.436494	0	0	0	0	0	0	1	0	0	0	0	0	0	0	0	261	0	0	261	0	0	0	0	0	0	1	0	0	0	0	0	0	0	0	79.228	0	0	79.228	0	0	0	0	0	0	1	0	0	0	0	0	0	0	0	319	0	0	319	0	0	0	0	0	0	1	0	0	0	0	0	0	0	0	0	0	0	0	0	0	0	0	0	0	0	0	0	0	0	0	0	0	0	0	0	0	0	0	0	0	0	0	0	0	0	0
149	0	0	0	0	0	0	0	1227	0	0	1227	0	0	0	0	0	0	0.380812	0	0	0.380812	0	0	0	0	0	0	1	0	0	0	0	0	0	0	0	222	0	0	222	0	0	0	0	0	0	1	0	0	0	0	0	0	0	0	77.9995	0	0	77.9995	0	0	0	0	0	0	1	0	0	0	0	0	0	0	0	330	0	0	330	0	0	0	0	0	0	1	0	0	0	0	0	0	0	0	0	0	0	0	0	0	0	0	0	0	0	0	0	0	0	0	0	0	0	0	0	0	0	0	0	0	0	0	0	0	0	0
150	0	0	0	0	0	0	0	1264	0	0	1264	0	0	0	0	0	0	0.384842	0	0	0.384842	0	0	0	0	0	0	1	0	0	0	0	0	0	0	0	207	0	0	207	0	0	0	0	0	0	1	0	0	0	0	0	0	0	0	83.7781	0	0	83.7781	0	0	0	0	0	0	1	0	0	0	0	0	0	0	0	342	0	0	342	0	0	0	0	0	0	1	0	0	0	0	0	0	0	0	0	0	0	0	0	0	0	0	0	0	0	0	0	0	0	0	0	0	0	0	0	0	0	0	0	0	0	0	0	0	0	0
151	0	0	0	0	0	0	0	1297	0	0	1297	0	0	0	0	0	0	0.41344	0	0	0.41344	0	0	0	0	0	0	1	0	0	0	0	0	0	0	0	197	0	0	197	0	0	0	0	0	0	1	0	0	0	0	0	0	0	0	87.4347	0	0	87.4347	0	0	0	0	0	0	1	0	0	0	0	0	0	0	0	342	0	0	342	0	0	0	0	0	0	1	0	0	0	0	0	0	0	0	0	0	0	0	0	0	0	0	0	0	0	0	0	0	0	0	0	0	0	0	0	0	0	0	0	0	0	0	0	0	0	0
152	0	0	0	0	0	0	0	1322	0	0	1322	0	0	0	0	0	0	0.387777	0	0	0.387777	0	0	0	0	0	0	1	0	0	0	0	0	0	0	0	175	0	0	175	0	0	0	0	0	0	1	0	0	0	0	0	0	0	0	91.2859	0	0	91.2859	0	0	0	0	0	0	1	0	0	0	0	0	0	0	0	342	0	0	342	0	0	0	0	0	0	1	0	0	0	0	0	0	0	0	0	0	0	0	0	0	0	0	0	0	0	0	0	0	0	0	0	0	0	0	0	0	0	0	0	0	0	0	0	0	0	0
153	0	0	0	0	0	0	0	1323	0	0	1323	0	0	0	0	0	0	0.334051	0	0	0.334051	0	0	0	0	0	0	1	0	0	0	0	0	0	0	0	153	0	0	153	0	0	0	0	0	0	1	0	0	0	0	0	0	0	0	93.209	0	0	93.209	0	0	0	0	0	0	1	0	0	0	0	0	0	0	0	334	0	0	334	0	0	0	0	0	0	1	0	0	0	0	0	0	0	0	0	0	0	0	0	0	0	0	0	0	0	0	0	0	0	0	0	0	0	0	0	0	0	0	0	0	0	0	0	0	0	0
154	0	0	0	0	0	0	0	1321	0	0	1321	0	0	0	0	0	0	0.331751	0	0	0.331751	0	0	0	0	0	0	1	0	0	0	0	0	0	0	0	135	0	0	135	0	0	0	0	0	0	1	0	0	0	0	0	0	0	0	95.9795	0	0	95.9795	0	0	0	0	0	0	1	0	0	0	0	0	0	0	0	321	0	0	321	0	0	0	0	0	0	1	0	0	0	0	0	0	0	0	0	0	0	0	0	0	0	0	0	0	0	0	0	0	0	0	0	0	0	0	0	0	0	0	0	0	0	0	0	0	0	0
155	0	0	0	0	0	0	0	1318	0	0	1318	0	0	0	0	0	0	0.289115	0	0	0.289115	0	0	0	0	0	0	1	0	0	0	0	0	0	0	0	112	0	0	112	0	0	0	0	0	0	1	0	0	0	0	0	0	0	0	94.6368	0	0	94.6368	0	0	0	0	0	0	1	0	0	0	0	0	0	0	0	316	0	0	316	0	0	0	0	0	0	1	0	0	0	0	0	0	0	0	0	0	0	0	0	0	0	0	0	0	0	0	0	0	0	0	0	0	0	0	0	0	0	0	0	0	0	0	0	0	0	0
156	0	0	0	0	0	0	0	1332	0	0	1332	0	0	0	0	0	0	0.255475	0	0	0.255475	0	0	0	0	0	0	1	0	0	0	0	0	0	0	0	91	0	0	91	0	0	0	0	0	0	1	0	0	0	0	0	0	0	0	97.3448	0	0	97.3448	0	0	0	0	0	0	1	0	0	0	0	0	0	0	0	314	0	0	314	0	0	0	0	0	0	1	0	0	0	0	0	0	0	0	0	0	0	0	0	0	0	0	0	0	0	0	0	0	0	0	0	0	0	0	0	0	0	0	0	0	0	0	0	0	0	0
157	0	0	0	0	0	0	0	1341	0	0	1341	0	0	0	0	0	0	0.187218	0	0	0.187218	0	0	0	0	0	0	1	0	0	0	0	0	0	0	0	72	0	0	72	0	0	0	0	0	0	1	0	0	0	0	0	0	0	0	97.663	0	0	97.663	0	0	0	0	0	0	1	0	0	0	0	0	0	0	0	310	0	0	310	0	0	0	0	0	0	1	0	0	0	0	0	0	0	0	0	0	0	0	0	0	0	0	0	0	0	0	0	0	0	0	0	0	0	0	0	0	0	0	0	0	0	0	0	0	0	0
158	0	0	0	0	0	0	0	1337	0	0	1337	0	0	0	0	0	0	0.154333	0	0	0.154333	0	0	0	0	0	0	1	0	0	0	0	0	0	0	0	59	0	0	59	0	0	0	0	0	0	1	0	0	0	0	0	0	0	0	100.324	0	0	100.324	0	0	0	0	0	0	1	0	0	0	0	0	0	0	0	304	0	0	304	0	0	0	0	0	0	1	0	0	0	0	0	0	0	0	0	0	0	0	0	0	0	0	0	0	0	0	0	0	0	0	0	0	0	0	0	0	0	0	0	0	0	0	0	0	0	0
159	0	0	0	0	0	0	0	1369	0	0	1369	0	0	0	0	0	0	0.11845	0	0	0.11845	0	0	0	0	0	0	1	0	0	0	0	0	0	0	0	45	0	0	45	0	0	0	0	0	0	1	0	0	0	0	0	0	0	0	99.3947	0	0	99.3947	0	0	0	0	0	0	1	0	0	0	0	0	0	0	0	297	0	0	297	0	0	0	0	0	0	1	0	0	0	0	0	0	0	0	0	0	0	0	0	0	0	0	0	0	0	0	0	0	0	0	0	0	0	0	0	0	0	0	0	0	0	0	0	0	0	0
160	0	0	0	0	0	0	0	1350	0	0	1350	0	0	0	0	0	0	0.106752	0	0	0.106752	0	0	0	0	0	0	1	0	0	0	0	0	0	0	0	35	0	0	35	0	0	0	0	0	0	1	0	0	0	0	0	0	0	0	98.1202	0	0	98.1202	0	0	0	0	0	0	1	0	0	0	0	0	0	0	0	284	0	0	284	0	0	0	0	0	0	1	0	0	0	0	0	0	0	0	0	0	0	0	0	0	0	0	0	0	0	0	0	0	0	0	0	0	0	0	0	0	0	0	0	0	0	0	0	0	0	0
161	0	0	0	0	0	0	0	1370	0	0	1370	0	0	0	0	0	0	0.129786	0	0	0.129786	0	0	0	0	0	0	1	0	0	0	0	0	0	0	0	31	0	0	31	0	0	0	0	0	0	1	0	0	0	0	0	0	0	0	99.3735	0	0	99.3735	0	0	0	0	0	0	1	0	0	0	0	0	0	0	0	279	0	0	279	0	0	0	0	0	0	1	0	0	0	0	0	0	0	0	0	0	0	0	0	0	0	0	0	0	0	0	0	0	0	0	0	0	0	0	0	0	0	0	0	0	0	0	0	0	0	0
162	0	0	0	0	0	0	0	1407	0	0	1407	0	0	0	0	0	0	0.0749976	0	0	0.0749976	0	0	0	0	0	0	1	0	0	0	0	0	0	0	0	19	0	0	19	0	0	0	0	0	0	1	0	0	0	0	0	0	0	0	99.0713	0	0	99.0713	0	0	0	0	0	0	1	0	0	0	0	0	0	0	0	275	0	0	275	0	0	0	0	0	0	1	0	0	0	0	0	0	0	0	0	0	0	0	0	0	0	0	0	0	0	0	0	0	0	0	0	0	0	0	0	0	0	0	0	0	0	0	0	0	0	0
163	0	0	0	0	0	0	0	1394	0	0	1394	0	0	0	0	0	0	0.0422532	0	0	0.0422532	0	0	0	0	0	0	1	0	0	0	0	0	0	0	0	12	0	0	12	0	0	0	0	0	0	1	0	0	0	0	0	0	0	0	99.5057	0	0	99.5057	0	0	0	0	0	0	1	0	0	0	0	0	0	0	0	271	0	0	271	0	0	0	0	0	0	1	0	0	0	0	0	0	0	0	0	0	0	0	0	0	0	0	0	0	0	0	0	0	0	0	0	0	0	0	0	0	0	0	0	0	0	0	0	0	0	0
164	0	0	0	0	0	0	0	1419	0	0	1419	0	0	0	0	0	0	0.0212926	0	0	0.0212926	0	0	0	0	0	0	1	0	0	0	0	0	0	0	0	8	0	0	8	0	0	0	0	0	0	1	0	0	0	0	0	0	0	0	98.7351	0	0	98.7351	0	0	0	0	0	0	1	0	0	0	0	0	0	0	0	259	0	0	259	0	0	0	0	0	0	1	0	0	0	0	0	0	0	0	0	0	0	0	0	0	0	0	0	0	0	0	0	0	0	0	0	0	0	0	0	0	0	0	0	0	0	0	0	0	0	0
165	0	0	0	0	0	0	0	1419	0	0	1419	0	0	0	0	0	0	0.0268681	0	0	0.0268681	0	0	0	0	0	0	1	0	0	0	0	0	0	0	0	9	0	0	9	0	0	0	0	0	0	1	0	0	0	0	0	0	0	0	100.008	0	0	100.008	0	0	0	0	0	0	1	0	0	0	0	0	0	0	0	247	0	0	247	0	0	0	0	0	0	1	0	0	0	0	0	0	0	0	0	0	0	0	0	0	0	0	0	0	0	0	0	0	0	0	0	0	0	0	0	0	0	0	0	0	0	0	0	0	0	0
166	0	0	0	0	0	0	0	1444	0	0	1444	0	0	0	0	0	0	0.0181019	0	0	0.0181019	0	0	0	0	0	0	1	0	0	0	0	0	0	0	0	8	0	0	8	0	0	0	0	0	0	1	0	0	0	0	0	0	0	0	98.3282	0	0	98.3282	0	0	0	0	0	0	1	0	0	0	0	0	0	0	0	231	0	0	231	0	0	0	0	0	0	1	0	0	0	0	0	0	0	0	0	0	0	0	0	0	0	0	0	0	0	0	0	0	0	0	0	0	0	0	0	0	0	0	0	0	0	0	0	0	0	0
167	0	0	0	0	0	0	0	1409	0	0	1409	0	0	0	0	0	0	0.0218389	0	0	0.0218389	0	0	0	0	0	0	1	0	0	0	0	0	0	0	0	9	0	0	9	0	0	0	0	0	0	1	0	0	0	0	0	0	0	0	97.1422	0	0	97.1422	0	0	0	0	0	0	1	0	0	0	0	0	0	0	0	219	0	0	219	0	0	0	0	0	0	1	0	0	0	0	0	0	0	0	0	0	0	0	0	0	0	0	0	0	0	0	0	0	0	0	0	0	0	0	0	0	0	0	0	0	0	0	0	0	0	0
168	0	0	0	0	0	0	0	1389	0	0	1389	0	0	0	0	0	0	0.0279886	0	0	0.0279886	0	0	0	0	0	0	1	0	0	0	0	0	0	0	0	11	0	0	11	0	0	0	0	0	0	1	0	0	0	0	0	0	0	0	95.9603	0	0	95.9603	0	0	0	0	0	0	1	0	0	0	0	0	0	0	0	204	0	0	204	0	0	0	0	0	0	1	0	0	0	0	0	0	0	0	0	0	0	0	0	0	0	0	0	0	0	0	0	0	0	0	0	0	0	0	0	0	0	0	0	0	0	0	0	0	0	0
169	0	0	0	0	0	0	0	1373	0	0	1373	0	0	0	0	0	0	0.0119035	0	0	0.0119035	0	0	0	0	0	0	1	0	0	0	0	0	0	0	0	12	0	0	12	0	0	0	0	0	0	1	0	0	0	0	0	0	0	0	90.6817	0	0	90.6817	0	0	0	0	0	0	1	0	0	0	0	0	0	0	0	191	0	0	191	0	0	0	0	0	0	1	0	0	0	0	0	0	0	0	0	0	0	0	0	0	0	0	0	0	0	0	0	0	0	0	0	0	0	0	0	0	0	0	0	0	0	0	0	0	0	0
170	0	0	0	0	0	0	0	1400	0	0	1400	0	0	0	0	0	0	0.011967	0	0	0.011967	0	0	0	0	0	0	1	0	0	0	0	0	0	0	0	20	0	0	20	0	0	0	0	0	0	1	0	0	0	0	0	0	0	0	91.2211	0	0	91.2211	0	0	0	0	0	0	1	0	0	0	0	0	0	0	0	186	0	0	186	0	0	0	0	0	0	1	0	0	0	0	0	0	0	0	0	0	0	0	0	0	0	0	0	0	0	0	0	0	0	0	0	0	0	0	0	0	0	0	0	0	0	0	0	0	0	0
171	0	0	0	0	0	0	0	1412	0	0	1412	0	0	0	0	0	0	0.0181021	0	0	0.0181021	0	0	0	0	0	0	1	0	0	0	0	0	0	0	0	23	0	0	23	0	0	0	0	0	0	1	0	0	0	0	0	0	0	0	91.1986	0	0	91.1986	0	0	0	0	0	0	1	0	0	0	0	0	0	0	0	176	0	0	176	0	0	0	0	0	0	1	0	0	0	0	0	0	0	0	0	0	0	0	0	0	0	0	0	0	0	0	0	0	0	0	0	0	0	0	0	0	0	0	0	0	0	0	0	0	0	0
172	0	0	0	0	0	0	0	1403	0	0	1403	0	0	0	0	0	0	0.020692	0	0	0.020692	0	0	0	0	0	0	1	0	0	0	0	0	0	0	0	24	0	0	24	0	0	0	0	0	0	1	0	0	0	0	0	0	0	0	88.3288	0	0	88.3288	0	0	0	0	0	0	1	0	0	0	0	0	0	0	0	161	0	0	161	0	0	0	0	0	0	1	0	0	0	0	0	0	0	0	0	0	0	0	0	0	0	0	0	0	0	0	0	0	0	0	0	0	0	0	0	0	0	0	0	0	0	0	0	0	0	0
173	0	0	0	0	0	0	0	1351	0	0	1351	0	0	0	0	0	0	0.0232219	0	0	0.0232219	0	0	0	0	0	0	1	0	0	0	0	0	0	0	0	21	0	0	21	0	0	0	0	0	0	1	0	0	0	0	0	0	0	0	86.0011	0	0	86.0011	0	0	0	0	0	0	1	0	0	0	0	0	0	0	0	154	0	0	154	0	0	0	0	0	0	1	0	0	0	0	0	0	0	0	0	0	0	0	0	0	0	0	0	0	0	0	0	0	0	0	0	0	0	0	0	0	0	0	0	0	0	0	0	0	0	0
174	0	0	0	0	0	0	0	1342	0	0	1342	0	0	0	0	0	0	0.0399778	0	0	0.0399778	0	0	0	0	0	0	1	0	0	0	0	0	0	0	0	26	0	0	26	0	0	0	0	0	0	1	0	0	0	0	0	0	0	0	85.4029	0	0	85.4029	0	0	0	0	0	0	1	0	0	0	0	0	0	0	0	148	0	0	148	0	0	0	0	0	0	1	0	0	0	0	0	0	0	0	0	0	0	0	0	0	0	0	0	0	0	0	0	0	0	0	0	0	0	0	0	0	0	0	0	0	0	0	0	0	0	0
175	0	0	0	0	0	0	0	1306	0	0	1306	0	0	0	0	0	0	0.0370762	0	0	0.0370762	0	0	0	0	0	0	1	0	0	0	0	0	0	0	0	34	0	0	34	0	0	0	0	0	0	1	0	0	0	0	0	0	0	0	83.5915	0	0	83.5915	0	0	0	0	0	0	1	0	0	0	0	0	0	0	0	144	0	0	144	0	0	0	0	0	0	1	0	0	0	0	0	0	0	0	0	0	0	0	0	0	0	0	0	0	0	0	0	0	0	0	0	0	0	0	0	0	0	0	0	0	0	0	0	0	0	0
176	0	0	0	0	0	0	0	1309	0	0	1309	0	0	0	0	0	0	0.0411543	0	0	0.0411543	0	0	0	0	0	0	1	0	0	0	0	0	0	0	0	57	0	0	57	0	0	0	0	0	0	1	0	0	0	0	0	0	0	0	83.3156	0	0	83.3156	0	0	0	0	0	0	1	0	0	0	0	0	0	0	0	142	0	0	142	0	0	0	0	0	0	1	0	0	0	0	0	0	0	0	0	0	0	0	0	0	0	0	0	0	0	0	0	0	0	0	0	0	0	0	0	0	0	0	0	0	0	0	0	0	0	0
177	0	0	0	0	0	0	0	1352	0	0	1352	0	0	0	0	0	0	0.0451109	0	0	0.0451109	0	0	0	0	0	0	1	0	0	0	0	0	0	0	0	66	0	0	66	0	0	0	0	0	0	1	0	0	0	0	0	0	0	0	84.2558	0	0	84.2558	0	0	0	0	0	0	1	0	0	0	0	0	0	0	0	140	0	0	140	0	0	0	0	0	0	1	0	0	0	0	0	0	0	0	0	0	0	0	0	0	0	0	0	0	0	0	0	0	0	0	0	0	0	0	0	0	0	0	0	0	0	0	0	0	0	0
178	0	0	0	0	0	0	0	1395	0	0	1395	0	0	0	0	0	0	0.0718714	0	0	0.0718714	0	0	0	0	0	0	1	0	0	0	0	0	0	0	0	81	0	0	81	0	0	0	0	0	0	1	0	0	0	0	0	0	0	0	86.3486	0	0	86.3486	0	0	0	0	0	0	1	0	0	0	0	0	0	0	0	138	0	0	138	0	0	0	0	0	0	1	0	0	0	0	0	0	0	0	0	0	0	0	0	0	0	0	0	0	0	0	0	0	0	0	0	0	0	0	0	0	0	0	0	0	0	0	0	0	0	0
179	0	0	0	0	0	0	0	1396	0	0	1396	0	0	0	0	0	0	0.0958593	0	0	0.0958593	0	0	0	0	0	0	1	0	0	0	0	0	0	0	0	108	0	0	108	0	0	0	0	0	0	1	0	0	0	0	0	0	0	0	85.4913	0	0	85.4913	0	0	0	0	0	0	1	0	0	0	0	0	0	0	0	136	0	0	136	0	0	0	0	0	0	1	0	0	0	0	0	0	0	0	0	0	0	0	0	0	0	0	0	0	0	0	0	0	0	0	0	0	0	0	0	0	0	0	0	0	0	0	0	0	0	0
180	0	0	0	0	0	0	0	1382	0	0	1382	0	0	0	0	0	0	0.153212	0	0	0.153212	0	0	0	0	0	0	1	0	0	0	0	0	0	0	0	124	0	0	124	0	0	0	0	0	0	1	0	0	0	0	0	0	0	0	84.8044	0	0	84.8044	0	0	0	0	0	0	1	0	0	0	0	0	0	0	0	138	0	0	138	0	0	0	0	0	0	1	0	0	0	0	0	0	0	0	0	0	0	0	0	0	0	0	0	0	0	0	0	0	0	0	0	0	0	0	0	0	0	0	0	0	0	0	0	0	0	0
181	0	0	0	0	0	0	0	1371	0	0	1371	0	0	0	0	0	0	0.151811	0	0	0.151811	0	0	0	0	0	0	1	0	0	0	0	0	0	0	0	136	0	0	136	0	0	0	0	0	0	1	0	0	0	0	0	0	0	0	83.1759	0	0	83.1759	0	0	0	0	0	0	1	0	0	0	0	0	0	0	0	146	0	0	146	0	0	0	0	0	0	1	0	0	0	0	0	0	0	0	0	0	0	0	0	0	0	0	0	0	0	0	0	0	0	0	0	0	0	0	0	0	0	0	0	0	0	0	0	0	0	0
182	0	0	0	0	0	0	0	1339	0	0	1339	0	0	0	0	0	0	0.158183	0	0	0.158183	0	0	0	0	0	0	1	0	0	0	0	0	0	0	0	144	0	0	144	0	0	0	0	0	0	1	0	0	0	0	0	0	0	0	81.8186	0	0	81.8186	0	0	0	0	0	0	1	0	0	0	0	0	0	0	0	151	0	0	151	0	0	0	0	0	0	1	0	0	0	0	0	0	0	0	0	0	0	0	0	0	0	0	0	0	0	0	0	0	0	0	0	0	0	0	0	0	0	0	0	0	0	0	0	0	0	0
183	0	0	0	0	0	0	0	1328	0	0	1328	0	0	0	0	0	0	0.198272	0	0	0.198272	0	0	0	0	0	0	1	0	0	0	0	0	0	0	0	150	0	0	150	0	0	0	0	0	0	1	0	0	0	0	0	0	0	0	78.333	0	0	78.333	0	0	0	0	0	0	1	0	0	0	0	0	0	0	0	153	0	0	153	0	0	0	0	0	0	1	0	0	0	0	0	0	0	0	0	0	0	0	0	0	0	0	0	0	0	0	0	0	0	0	0	0	0	0	0	0	0	0	0	0	0	0	0	0	0	0
184	0	0	0	0	0	0	0	1301	0	0	1301	0	0	0	0	0	0	0.197403	0	0	0.197403	0	0	0	0	0	0	1	0	0	0	0	0	0	0	0	142	0	0	142	0	0	0	0	0	0	1	0	0	0	0	0	0	0	0	79.9661	0	0	79.9661	0	0	0	0	0	0	1	0	0	0	0	0	0	0	0	167	0	0	167	0	0	0	0	0	0	1	0	0	0	0	0	0	0	0	0	0	0	0	0	0	0	0	0	0	0	0	0	0	0	0	0	0	0	0	0	0	0	0	0	0	0	0	0	0	0	0
185	0	0	0	0	0	0	0	1277	0	0	1277	0	0	0	0	0	0	0.175578	0	0	0.175578	0	0	0	0	0	0	1	0	0	0	0	0	0	0	0	141	0	0	141	0	0	0	0	0	0	1	0	0	0	0	0	0	0	0	76.6409	0	0	76.6409	0	0	0	0	0	0	1	0	0	0	0	0	0	0	0	167	0	0	167	0	0	0	0	0	0	1	0	0	0	0	0	0	0	0	0	0	0	0	0	0	0	0	0	0	0	0	0	0	0	0	0	0	0	0	0	0	0	0	0	0	0	0	0	0	0	0
186	0	0	0	0	0	0	0	1266	0	0	1266	0	0	0	0	0	0	0.195691	0	0	0.195691	0	0	0	0	0	0	1	0	0	0	0	0	0	0	0	143	0	0	143	0	0	0	0	0	0	1	0	0	0	0	0	0	0	0	77.5012	0	0	77.5012	0	0	0	0	0	0	1	0	0	0	0	0	0	0	0	172	0	0	172	0	0	0	0	0	0	1	0	0	0	0	0	0	0	0	0	0	0	0	0	0	0	0	0	0	0	0	0	0	0	0	0	0	0	0	0	0	0	0	0	0	0	0	0	0	0	0
187	0	0	0	0	0	0	0	1239	0	0	1239	0	0	0	0	0	0	0.215069	0	0	0.215069	0	0	0	0	0	0	1	0	0	0	0	0	0	0	0	153	0	0	153	0	0	0	0	0	0	1	0	0	0	0	0	0	0	0	77.6035	0	0	77.6035	0	0	0	0	0	0	1	0	0	0	0	0	0	0	0	178	0	0	178	0	0	0	0	0	0	1	0	0	0	0	0	0	0	0	0	0	0	0	0	0	0	0	0	0	0	0	0	0	0	0	0	0	0	0	0	0	0	0	0	0	0	0	0	0	0	0
188	0	0	0	0	0	0	0	1222	0	0	1222	0	0	0	0	0	0	0.222741	0	0	0.222741	0	0	0	0	0	0	1	0	0	0	0	0	0	0	0	150	0	0	150	0	0	0	0	0	0	1	0	0	0	0	0	0	0	0	77.2929	0	0	77.2929	0	0	0	0	0	0	1	0	0	0	0	0	0	0	0	177	0	0	177	0	0	0	0	0	0	1	0	0	0	0	0	0	0	0	0	0	0	0	0	0	0	0	0	0	0	0	0	0	0	0	0	0	0	0	0	0	0	0	0	0	0	0	0	0	0	0
189	0	0	0	0	0	0	0	1250	0	0	1250	0	0	0	0	0	0	0.231159	0	0	0.231159	0	0	0	0	0	0	1	0	0	0	0	0	0	0	0	146	0	0	146	0	0	0	0	0	0	1	0	0	0	0	0	0	0	0	78.7146	0	0	78.7146	0	0	0	0	0	0	1	0	0	0	0	0	0	0	0	181	0	0	181	0	0	0	0	0	0	1	0	0	0	0	0	0	0	0	0	0	0	0	0	0	0	0	0	0	0	0	0	0	0	0	0	0	0	0	0	0	0	0	0	0	0	0	0	0	0	0
190	0	0	0	0	0	0	0	1291	0	0	1291	0	0	0	0	0	0	0.231963	0	0	0.231963	0	0	0	0	0	0	1	0	0	0	0	0	0	0	0	136	0	0	136	0	0	0	0	0	0	1	0	0	0	0	0	0	0	0	78.1419	0	0	78.1419	0	0	0	0	0	0	1	0	0	0	0	0	0	0	0	186	0	0	186	0	0	0	0	0	0	1	0	0	0	0	0	0	0	0	0	0	0	0	0	0	0	0	0	0	0	0	0	0	0	0	0	0	0	0	0	0	0	0	0	0	0	0	0	0	0	0
191	0	0	0	0	0	0	0	1264	0	0	1264	0	0	0	0	0	0	0.222224	0	0	0.222224	0	0	0	0	0	0	1	0	0	0	0	0	0	0	0	131	0	0	131	0	0	0	0	0	0	1	0	0	0	0	0	0	0	0	76.8647	0	0	76.8647	0	0	0	0	0	0	1	0	0	0	0	0	0	0	0	192	0	0	192	0	0	0	0	0	0	1	0	0	0	0	0	0	0	0	0	0	0	0	0	0	0	0	0	0	0	0	0	0	0	0	0	0	0	0	0	0	0	0	0	0	0	0	0	0	0	0
192	0	0	0	0	0	0	0	1235	0	0	1235	0	0	0	0	0	0	0.219999	0	0	0.219999	0	0	0	0	0	0	1	0	0	0	0	0	0	0	0	138	0	0	138	0	0	0	0	0	0	1	0	0	0	0	0	0	0	0	76.6828	0	0	76.6828	0	0	0	0	0	0	1	0	0	0	0	0	0	0	0	195	0	0	195	0	0	0	0	0	0	1	0	0	0	0	0	0	0	0	0	0	0	0	0	0	0	0	0	0	0	0	0	0	0	0	0	0	0	0	0	0	0	0	0	0	0	0	0	0	0	0
193	0	0	0	0	0	0	0	1271	0	0	1271	0	0	0	0	0	0	0.205851	0	0	0.205851	0	0	0	0	0	0	1	0	0	0	0	0	0	0	0	127	0	0	127	0	0	0	0	0	0	1	0	0	0	0	0	0	0	0	77.9229	0	0	77.9229	0	0	0	0	0	0	1	0	0	0	0	0	0	0	0	201	0	0	201	0	0	0	0	0	0	1	0	0	0	0	0	0	0	0	0	0	0	0	0	0	0	0	0	0	0	0	0	0	0	0	0	0	0	0	0	0	0	0	0	0	0	0	0	0	0	0
194	0	0	0	0	0	0	0	1272	0	0	1272	0	0	0	0	0	0	0.226524	0	0	0.226524	0	0	0	0	0	0	1	0	0	0	0	0	0	0	0	128	0	0	128	0	0	0	0	0	0	1	0	0	0	0	0	0	0	0	76.7569	0	0	76.7569	0	0	0	0	0	0	1	0	0	0	0	0	0	0	0	201	0	0	201	0	0	0	0	0	0	1	0	0	0	0	0	0	0	0	0	0	0	0	0	0	0	0	0	0	0	0	0	0	0	0	0	0	0	0	0	0	0	0	0	0	0	0	0	0	0	0
195	0	0	0	0	0	0	0	1298	0	0	1298	0	0	0	0	0	0	0.223201	0	0	0.223201	0	0	0	0	0	0	1	0	0	0	0	0	0	0	0	149	0	0	149	0	0	0	0	0	0	1	0	0	0	0	0	0	0	0	79.5566	0	0	79.5566	0	0	0	0	0	0	1	0	0	0	0	0	0	0	0	211	0	0	211	0	0	0	0	0	0	1	0	0	0	0	0	0	0	0	0	0	0	0	0	0	0	0	0	0	0	0	0	0	0	0	0	0	0	0	0	0	0	0	0	0	0	0	0	0	0	0
196	0	0	0	0	0	0	0	1307	0	0	1307	0	0	0	0	0	0	0.238537	0	0	0.238537	0	0	0	0	0	0	1	0	0	0	0	0	0	0	0	156	0	0	156	0	0	0	0	0	0	1	0	0	0	0	0	0	0	0	80.5016	0	0	80.5016	0	0	0	0	0	0	1	0	0	0	0	0	0	0	0	215	0	0	215	0	0	0	0	0	0	1	0	0	0	0	0	0	0	0	0	0	0	0	0	0	0	0	0	0	0	0	0	0	0	0	0	0	0	0	0	0	0	0	0	0	0	0	0	0	0	0
197	0	0	0	0	0	0	0	1320	0	0	1320	0	0	0	0	0	0	0.248643	0	0	0.248643	0	0	0	0	0	0	1	0	0	0	0	0	0	0	0	156	0	0	156	0	0	0	0	0	0	1	0	0	0	0	0	0	0	0	81.9326	0	0	81.9326	0	0	0	0	0	0	1	0	0	0	0	0	0	0	0	224	0	0	224	0	0	0	0	0	0	1	0	0	0	0	0	0	0	0	0	0	0	0	0	0	0	0	0	0	0	0	0	0	0	0	0	0	0	0	0	0	0	0	0	0	0	0	0	0	0	0
198	0	0	0	0	0	0	0	1264	0	0	1264	0	0	0	0	0	0	0.241992	0	0	0.241992	0	0	0	0	0	0	1	0	0	0	0	0	0	0	0	189	0	0	189	0	0	0	0	0	0	1	0	0	0	0	0	0	0	0	83.1355	0	0	83.1355	0	0	0	0	0	0	1	0	0	0	0	0	0	0	0	232	0	0	232	0	0	0	0	0	0	1	0	0	0	0	0	0	0	0	0	0	0	0	0	0	0	0	0	0	0	0	0	0	0	0	0	0	0	0	0	0	0	0	0	0	0	0	0	0	0	0
199	0	0	0	0	0	0	0	1289	0	0	1289	0	0	0	0	0	0	0.25564	0	0	0.25564	0	0	0	0	0	0	1	0	0	0	0	0	0	0	0	194	0	0	194	0	0	0	0	0	0	1	0	0	0	0	0	0	0	0	85.3882	0	0	85.3882	0	0	0	0	0	0	1	0	0	0	0	0	0	0	0	236	0	0	236	0	0	0	0	0	0	1	0	0	0	0	0	0	0	0	0	0	0	0	0	0	0	0	0	0	0	0	0	0	0	0	0	0	0	0	0	0	0	0	0	0	0	0	0	0	0	0
200	0	0	0	0	0	0	0	1305	0	0	1305	0	0	0	0	0	0	0.225239	0	0	0.225239	0	0	0	0	0	0	1	0	0	0	0	0	0	0	0	182	0	0	182	0	0	0	0	0	0	1	0	0	0	0	0	0	0	0	86.6226	0	0	86.6226	0	0	0	0	0	0	1	0	0	0	0	0	0	0	0	236	0	0	236	0	0	0	0	0	0	1	0	0	0	0	0	0	0	0	0	0	0	0	0	0	0	0	0	0	0	0	0	0	0	0	0	0	0	0	0	0	0	0	0	0	0	0	0	0	0	0
