Location: Fake forest
From parameter file: C:\Users\ben\Desktop\inputs\input_GMF_0-0-0-1-0-0-0-0-0.xml
Basal area is normalized to m^2/ha; density to #/ha.
Subplots:
0 = Whole plot
Step	Subplot	Sdl Abs Den: ACRU	Sdl Abs Den: ACSA	Sdl Abs Den: BEAL	Sdl Abs Den: FAGR	Sdl Abs Den: TSCA	Sdl Abs Den: FRAM	Sdl Abs Den: PIST	Sdl Abs Den: PRSE	Sdl Abs Den: QURU	Sdl Den Total:	Sapl Abs BA: ACRU	Sapl Abs BA: ACSA	Sapl Abs BA: BEAL	Sapl Abs BA: FAGR	Sapl Abs BA: TSCA	Sapl Abs BA: FRAM	Sapl Abs BA: PIST	Sapl Abs BA: PRSE	Sapl Abs BA: QURU	Sapl BA Total:	Sapl Rel BA: ACRU	Sapl Rel BA: ACSA	Sapl Rel BA: BEAL	Sapl Rel BA: FAGR	Sapl Rel BA: TSCA	Sapl Rel BA: FRAM	Sapl Rel BA: PIST	Sapl Rel BA: PRSE	Sapl Rel BA: QURU	Sapl Abs Den: ACRU	Sapl Abs Den: ACSA	Sapl Abs Den: BEAL	Sapl Abs Den: FAGR	Sapl Abs Den: TSCA	Sapl Abs Den: FRAM	Sapl Abs Den: PIST	Sapl Abs Den: PRSE	Sapl Abs Den: QURU	Sapl Den Total:	Sapl Rel Den: ACRU	Sapl Rel Den: ACSA	Sapl Rel Den: BEAL	Sapl Rel Den: FAGR	Sapl Rel Den: TSCA	Sapl Rel Den: FRAM	Sapl Rel Den: PIST	Sapl Rel Den: PRSE	Sapl Rel Den: QURU	Adult Abs BA: ACRU	Adult Abs BA: ACSA	Adult Abs BA: BEAL	Adult Abs BA: FAGR	Adult Abs BA: TSCA	Adult Abs BA: FRAM	Adult Abs BA: PIST	Adult Abs BA: PRSE	Adult Abs BA: QURU	Adult BA Total:	Adult Rel BA: ACRU	Adult Rel BA: ACSA	Adult Rel BA: BEAL	Adult Rel BA: FAGR	Adult Rel BA: TSCA	Adult Rel BA: FRAM	Adult Rel BA: PIST	Adult Rel BA: PRSE	Adult Rel BA: QURU	Adult Abs Den: ACRU	Adult Abs Den: ACSA	Adult Abs Den: BEAL	Adult Abs Den: FAGR	Adult Abs Den: TSCA	Adult Abs Den: FRAM	Adult Abs Den: PIST	Adult Abs Den: PRSE	Adult Abs Den: QURU	Adult Den Total:	Adult Rel Den: ACRU	Adult Rel Den: ACSA	Adult Rel Den: BEAL	Adult Rel Den: FAGR	Adult Rel Den: TSCA	Adult Rel Den: FRAM	Adult Rel Den: PIST	Adult Rel Den: PRSE	Adult Rel Den: QURU	Snag Abs BA: ACRU	Snag Abs BA: ACSA	Snag Abs BA: BEAL	Snag Abs BA: FAGR	Snag Abs BA: TSCA	Snag Abs BA: FRAM	Snag Abs BA: PIST	Snag Abs BA: PRSE	Snag Abs BA: QURU	Snag BA Total:	Snag Rel BA: ACRU	Snag Rel BA: ACSA	Snag Rel BA: BEAL	Snag Rel BA: FAGR	Snag Rel BA: TSCA	Snag Rel BA: FRAM	Snag Rel BA: PIST	Snag Rel BA: PRSE	Snag Rel BA: QURU	Snag Abs Den: ACRU	Snag Abs Den: ACSA	Snag Abs Den: BEAL	Snag Abs Den: FAGR	Snag Abs Den: TSCA	Snag Abs Den: FRAM	Snag Abs Den: PIST	Snag Abs Den: PRSE	Snag Abs Den: QURU	Snag Den Total:	Snag Rel Den: ACRU	Snag Rel Den: ACSA	Snag Rel Den: BEAL	Snag Rel Den: FAGR	Snag Rel Den: TSCA	Snag Rel Den: FRAM	Snag Rel Den: PIST	Snag Rel Den: PRSE	Snag Rel Den: QURU
0	0	0	0	0	0	0	0	0	0	0	0	0	0	0	0.000715705	0	0	0	0	0	0.000715705	0	0	0	1	0	0	0	0	0	0	0	0	25	0	0	0	0	0	25	0	0	0	1	0	0	0	0	0	0	0	0	0	0	0	0	0	0	0	0	0	0	0	0	0	0	0	0	0	0	0	0	0	0	0	0	0	0	0	0	0	0	0	0	0	0	0	0	0	0	0	0	0	0	0	0	0	0	0	0	0	0	0	0	0	0	0	0	0	0	0	0	0	0	0	0	0	0	0	0	0	0	0	0	0
1	0	0	0	0	0	0	0	0	0	0	0	0	0	0	0.00242329	0	0	0	0	0	0.00242329	0	0	0	1	0	0	0	0	0	0	0	0	22	0	0	0	0	0	22	0	0	0	1	0	0	0	0	0	0	0	0	0	0	0	0	0	0	0	0	0	0	0	0	0	0	0	0	0	0	0	0	0	0	0	0	0	0	0	0	0	0	0	0	0	0	0	0	0	0	0	0	0	0	0	0	0	0	0	0	0	0	0	0	0	0	0	0	0	0	0	0	0	0	0	0	0	0	0	0	0	0	0	0	0
2	0	0	0	0	0	0	0	0	0	0	0	0	0	0	0.00901612	0	0	0	0	0	0.00901612	0	0	0	1	0	0	0	0	0	0	0	0	20	0	0	0	0	0	20	0	0	0	1	0	0	0	0	0	0	0	0	0	0	0	0	0	0	0	0	0	0	0	0	0	0	0	0	0	0	0	0	0	0	0	0	0	0	0	0	0	0	0	0	0	0	0	0	0	0	0	0	0	0	0	0	0	0	0	0	0	0	0	0	0	0	0	0	0	0	0	0	0	0	0	0	0	0	0	0	0	0	0	0	0
3	0	0	0	0	0	0	0	0	0	0	0	0	0	0	0.0361532	0	0	0	0	0	0.0361532	0	0	0	1	0	0	0	0	0	0	0	0	20	0	0	0	0	0	20	0	0	0	1	0	0	0	0	0	0	0	0	0	0	0	0	0	0	0	0	0	0	0	0	0	0	0	0	0	0	0	0	0	0	0	0	0	0	0	0	0	0	0	0	0	0	0	0	0	0	0	0	0	0	0	0	0	0	0	0	0	0	0	0	0	0	0	0	0	0	0	0	0	0	0	0	0	0	0	0	0	0	0	0	0
4	0	0	0	0	0	0	0	0	0	0	0	0	0	0	0.051807	0	0	0	0	0	0.051807	0	0	0	1	0	0	0	0	0	0	0	0	12	0	0	0	0	0	12	0	0	0	1	0	0	0	0	0	0	0	0	0.0744268	0	0	0	0	0	0.0744268	0	0	0	1	0	0	0	0	0	0	0	0	6	0	0	0	0	0	6	0	0	0	1	0	0	0	0	0	0	0	0	0	0	0	0	0	0	0	0	0	0	0	0	0	0	0	0	0	0	0	0	0	0	0	0	0	0	0	0	0	0	0	0	0	0	0
5	0	0	0	0	2	0	0	0	0	0	2	0	0	0	0.0120514	0	0	0	0	0	0.0120514	0	0	0	1	0	0	0	0	0	0	0	0	2	0	0	0	0	0	2	0	0	0	1	0	0	0	0	0	0	0	0	0.459891	0	0	0	0	0	0.459891	0	0	0	1	0	0	0	0	0	0	0	0	15	0	0	0	0	0	15	0	0	0	1	0	0	0	0	0	0	0	0	0	0	0	0	0	0	0	0	0	0	0	0	0	0	0	0	0	0	0	0	0	0	0	0	0	0	0	0	0	0	0	0	0	0	0
6	0	0	0	0	3	0	0	0	0	0	3	0	0	0	0	0	0	0	0	0	0	0	0	0	0	0	0	0	0	0	0	0	0	0	0	0	0	0	0	0	0	0	0	0	0	0	0	0	0	0	0	0	0.858119	0	0	0	0	0	0.858119	0	0	0	1	0	0	0	0	0	0	0	0	16	0	0	0	0	0	16	0	0	0	1	0	0	0	0	0	0	0	0	0	0	0	0	0	0	0	0	0	0	0	0	0	0	0	0	0	0	0	0	0	0	0	0	0	0	0	0	0	0	0	0	0	0	0
7	0	0	0	0	6	0	0	0	0	0	6	0	0	0	0	0	0	0	0	0	0	0	0	0	0	0	0	0	0	0	0	0	0	0	0	0	0	0	0	0	0	0	0	0	0	0	0	0	0	0	0	0	1.20665	0	0	0	0	0	1.20665	0	0	0	1	0	0	0	0	0	0	0	0	15	0	0	0	0	0	15	0	0	0	1	0	0	0	0	0	0	0	0	0	0	0	0	0	0	0	0	0	0	0	0	0	0	0	0	0	0	0	0	0	0	0	0	0	0	0	0	0	0	0	0	0	0	0
8	0	0	0	0	7	0	0	0	0	0	7	0	0	0	9.80537e-005	0	0	0	0	0	9.80537e-005	0	0	0	1	0	0	0	0	0	0	0	0	1	0	0	0	0	0	1	0	0	0	1	0	0	0	0	0	0	0	0	1.36631	0	0	0	0	0	1.36631	0	0	0	1	0	0	0	0	0	0	0	0	13	0	0	0	0	0	13	0	0	0	1	0	0	0	0	0	0	0	0	0	0	0	0	0	0	0	0	0	0	0	0	0	0	0	0	0	0	0	0	0	0	0	0	0	0	0	0	0	0	0	0	0	0	0
9	0	0	0	0	7	0	0	0	0	0	7	0	0	0	0.00046206	0	0	0	0	0	0.00046206	0	0	0	1	0	0	0	0	0	0	0	0	2	0	0	0	0	0	2	0	0	0	1	0	0	0	0	0	0	0	0	1.5634	0	0	0	0	0	1.5634	0	0	0	1	0	0	0	0	0	0	0	0	12	0	0	0	0	0	12	0	0	0	1	0	0	0	0	0	0	0	0	0	0	0	0	0	0	0	0	0	0	0	0	0	0	0	0	0	0	0	0	0	0	0	0	0	0	0	0	0	0	0	0	0	0	0
10	0	0	0	0	7	0	0	0	0	0	7	0	0	0	0.00179292	0	0	0	0	0	0.00179292	0	0	0	1	0	0	0	0	0	0	0	0	3	0	0	0	0	0	3	0	0	0	1	0	0	0	0	0	0	0	0	1.68587	0	0	0	0	0	1.68587	0	0	0	1	0	0	0	0	0	0	0	0	11	0	0	0	0	0	11	0	0	0	1	0	0	0	0	0	0	0	0	0	0	0	0	0	0	0	0	0	0	0	0	0	0	0	0	0	0	0	0	0	0	0	0	0	0	0	0	0	0	0	0	0	0	0
11	0	0	0	0	10	0	0	0	0	0	10	0	0	0	0.00686336	0	0	0	0	0	0.00686336	0	0	0	1	0	0	0	0	0	0	0	0	6	0	0	0	0	0	6	0	0	0	1	0	0	0	0	0	0	0	0	1.76163	0	0	0	0	0	1.76163	0	0	0	1	0	0	0	0	0	0	0	0	10	0	0	0	0	0	10	0	0	0	1	0	0	0	0	0	0	0	0	0	0	0	0	0	0	0	0	0	0	0	0	0	0	0	0	0	0	0	0	0	0	0	0	0	0	0	0	0	0	0	0	0	0	0
12	0	0	0	0	10	0	0	0	0	0	10	0	0	0	0.00928919	0	0	0	0	0	0.00928919	0	0	0	1	0	0	0	0	0	0	0	0	6	0	0	0	0	0	6	0	0	0	1	0	0	0	0	0	0	0	0	2.02289	0	0	0	0	0	2.02289	0	0	0	1	0	0	0	0	0	0	0	0	11	0	0	0	0	0	11	0	0	0	1	0	0	0	0	0	0	0	0	0	0	0	0	0	0	0	0	0	0	0	0	0	0	0	0	0	0	0	0	0	0	0	0	0	0	0	0	0	0	0	0	0	0	0
13	0	0	0	0	13	0	0	0	0	0	13	0	0	0	0.00824856	0	0	0	0	0	0.00824856	0	0	0	1	0	0	0	0	0	0	0	0	6	0	0	0	0	0	6	0	0	0	1	0	0	0	0	0	0	0	0	2.31546	0	0	0	0	0	2.31546	0	0	0	1	0	0	0	0	0	0	0	0	12	0	0	0	0	0	12	0	0	0	1	0	0	0	0	0	0	0	0	0	0	0	0	0	0	0	0	0	0	0	0	0	0	0	0	0	0	0	0	0	0	0	0	0	0	0	0	0	0	0	0	0	0	0
14	0	0	0	0	13	0	0	0	0	0	13	0	0	0	0.00723649	0	0	0	0	0	0.00723649	0	0	0	1	0	0	0	0	0	0	0	0	6	0	0	0	0	0	6	0	0	0	1	0	0	0	0	0	0	0	0	2.39969	0	0	0	0	0	2.39969	0	0	0	1	0	0	0	0	0	0	0	0	12	0	0	0	0	0	12	0	0	0	1	0	0	0	0	0	0	0	0	0	0	0	0	0	0	0	0	0	0	0	0	0	0	0	0	0	0	0	0	0	0	0	0	0	0	0	0	0	0	0	0	0	0	0
15	0	0	0	0	16	0	0	0	0	0	16	0	0	0	0.00540226	0	0	0	0	0	0.00540226	0	0	0	1	0	0	0	0	0	0	0	0	8	0	0	0	0	0	8	0	0	0	1	0	0	0	0	0	0	0	0	2.71769	0	0	0	0	0	2.71769	0	0	0	1	0	0	0	0	0	0	0	0	13	0	0	0	0	0	13	0	0	0	1	0	0	0	0	0	0	0	0	0	0	0	0	0	0	0	0	0	0	0	0	0	0	0	0	0	0	0	0	0	0	0	0	0	0	0	0	0	0	0	0	0	0	0
16	0	0	0	0	20	0	0	0	0	0	20	0	0	0	0.0178454	0	0	0	0	0	0.0178454	0	0	0	1	0	0	0	0	0	0	0	0	10	0	0	0	0	0	10	0	0	0	1	0	0	0	0	0	0	0	0	2.86618	0	0	0	0	0	2.86618	0	0	0	1	0	0	0	0	0	0	0	0	11	0	0	0	0	0	11	0	0	0	1	0	0	0	0	0	0	0	0	0	0	0	0	0	0	0	0	0	0	0	0	0	0	0	0	0	0	0	0	0	0	0	0	0	0	0	0	0	0	0	0	0	0	0
17	0	0	0	0	27	0	0	0	0	0	27	0	0	0	0.0244511	0	0	0	0	0	0.0244511	0	0	0	1	0	0	0	0	0	0	0	0	7	0	0	0	0	0	7	0	0	0	1	0	0	0	0	0	0	0	0	3.16567	0	0	0	0	0	3.16567	0	0	0	1	0	0	0	0	0	0	0	0	13	0	0	0	0	0	13	0	0	0	1	0	0	0	0	0	0	0	0	0	0	0	0	0	0	0	0	0	0	0	0	0	0	0	0	0	0	0	0	0	0	0	0	0	0	0	0	0	0	0	0	0	0	0
18	0	0	0	0	28	0	0	0	0	0	28	0	0	0	0.0136615	0	0	0	0	0	0.0136615	0	0	0	1	0	0	0	0	0	0	0	0	10	0	0	0	0	0	10	0	0	0	1	0	0	0	0	0	0	0	0	3.5699	0	0	0	0	0	3.5699	0	0	0	1	0	0	0	0	0	0	0	0	16	0	0	0	0	0	16	0	0	0	1	0	0	0	0	0	0	0	0	0	0	0	0	0	0	0	0	0	0	0	0	0	0	0	0	0	0	0	0	0	0	0	0	0	0	0	0	0	0	0	0	0	0	0
19	0	0	0	0	29	0	0	0	0	0	29	0	0	0	0.0220595	0	0	0	0	0	0.0220595	0	0	0	1	0	0	0	0	0	0	0	0	18	0	0	0	0	0	18	0	0	0	1	0	0	0	0	0	0	0	0	3.9455	0	0	0	0	0	3.9455	0	0	0	1	0	0	0	0	0	0	0	0	16	0	0	0	0	0	16	0	0	0	1	0	0	0	0	0	0	0	0	0	0	0	0	0	0	0	0	0	0	0	0	0	0	0	0	0	0	0	0	0	0	0	0	0	0	0	0	0	0	0	0	0	0	0
20	0	0	0	0	33	0	0	0	0	0	33	0	0	0	0.0129519	0	0	0	0	0	0.0129519	0	0	0	1	0	0	0	0	0	0	0	0	20	0	0	0	0	0	20	0	0	0	1	0	0	0	0	0	0	0	0	4.1614	0	0	0	0	0	4.1614	0	0	0	1	0	0	0	0	0	0	0	0	17	0	0	0	0	0	17	0	0	0	1	0	0	0	0	0	0	0	0	0	0	0	0	0	0	0	0	0	0	0	0	0	0	0	0	0	0	0	0	0	0	0	0	0	0	0	0	0	0	0	0	0	0	0
21	0	0	0	0	36	0	0	0	0	0	36	0	0	0	0.0416073	0	0	0	0	0	0.0416073	0	0	0	1	0	0	0	0	0	0	0	0	28	0	0	0	0	0	28	0	0	0	1	0	0	0	0	0	0	0	0	4.58051	0	0	0	0	0	4.58051	0	0	0	1	0	0	0	0	0	0	0	0	17	0	0	0	0	0	17	0	0	0	1	0	0	0	0	0	0	0	0	0	0	0	0	0	0	0	0	0	0	0	0	0	0	0	0	0	0	0	0	0	0	0	0	0	0	0	0	0	0	0	0	0	0	0
22	0	0	0	0	37	0	0	0	0	0	37	0	0	0	0.0731849	0	0	0	0	0	0.0731849	0	0	0	1	0	0	0	0	0	0	0	0	32	0	0	0	0	0	32	0	0	0	1	0	0	0	0	0	0	0	0	4.60477	0	0	0	0	0	4.60477	0	0	0	1	0	0	0	0	0	0	0	0	20	0	0	0	0	0	20	0	0	0	1	0	0	0	0	0	0	0	0	0	0	0	0	0	0	0	0	0	0	0	0	0	0	0	0	0	0	0	0	0	0	0	0	0	0	0	0	0	0	0	0	0	0	0
23	0	0	0	0	41	0	0	0	0	0	41	0	0	0	0.0395095	0	0	0	0	0	0.0395095	0	0	0	1	0	0	0	0	0	0	0	0	28	0	0	0	0	0	28	0	0	0	1	0	0	0	0	0	0	0	0	4.57578	0	0	0	0	0	4.57578	0	0	0	1	0	0	0	0	0	0	0	0	28	0	0	0	0	0	28	0	0	0	1	0	0	0	0	0	0	0	0	0	0	0	0	0	0	0	0	0	0	0	0	0	0	0	0	0	0	0	0	0	0	0	0	0	0	0	0	0	0	0	0	0	0	0
24	0	0	0	0	43	0	0	0	0	0	43	0	0	0	0.0445124	0	0	0	0	0	0.0445124	0	0	0	1	0	0	0	0	0	0	0	0	32	0	0	0	0	0	32	0	0	0	1	0	0	0	0	0	0	0	0	4.15227	0	0	0	0	0	4.15227	0	0	0	1	0	0	0	0	0	0	0	0	29	0	0	0	0	0	29	0	0	0	1	0	0	0	0	0	0	0	0	0	0	0	0	0	0	0	0	0	0	0	0	0	0	0	0	0	0	0	0	0	0	0	0	0	0	0	0	0	0	0	0	0	0	0
25	0	0	0	0	38	0	0	0	0	0	38	0	0	0	0.0628735	0	0	0	0	0	0.0628735	0	0	0	1	0	0	0	0	0	0	0	0	35	0	0	0	0	0	35	0	0	0	1	0	0	0	0	0	0	0	0	4.79118	0	0	0	0	0	4.79118	0	0	0	1	0	0	0	0	0	0	0	0	31	0	0	0	0	0	31	0	0	0	1	0	0	0	0	0	0	0	0	0	0	0	0	0	0	0	0	0	0	0	0	0	0	0	0	0	0	0	0	0	0	0	0	0	0	0	0	0	0	0	0	0	0	0
26	0	0	0	0	46	0	0	0	0	0	46	0	0	0	0.0611845	0	0	0	0	0	0.0611845	0	0	0	1	0	0	0	0	0	0	0	0	31	0	0	0	0	0	31	0	0	0	1	0	0	0	0	0	0	0	0	5.42658	0	0	0	0	0	5.42658	0	0	0	1	0	0	0	0	0	0	0	0	34	0	0	0	0	0	34	0	0	0	1	0	0	0	0	0	0	0	0	0	0	0	0	0	0	0	0	0	0	0	0	0	0	0	0	0	0	0	0	0	0	0	0	0	0	0	0	0	0	0	0	0	0	0
27	0	0	0	0	48	0	0	0	0	0	48	0	0	0	0.0437391	0	0	0	0	0	0.0437391	0	0	0	1	0	0	0	0	0	0	0	0	33	0	0	0	0	0	33	0	0	0	1	0	0	0	0	0	0	0	0	6.32766	0	0	0	0	0	6.32766	0	0	0	1	0	0	0	0	0	0	0	0	42	0	0	0	0	0	42	0	0	0	1	0	0	0	0	0	0	0	0	0	0	0	0	0	0	0	0	0	0	0	0	0	0	0	0	0	0	0	0	0	0	0	0	0	0	0	0	0	0	0	0	0	0	0
28	0	0	0	0	53	0	0	0	0	0	53	0	0	0	0.0563038	0	0	0	0	0	0.0563038	0	0	0	1	0	0	0	0	0	0	0	0	34	0	0	0	0	0	34	0	0	0	1	0	0	0	0	0	0	0	0	7.19504	0	0	0	0	0	7.19504	0	0	0	1	0	0	0	0	0	0	0	0	44	0	0	0	0	0	44	0	0	0	1	0	0	0	0	0	0	0	0	0	0	0	0	0	0	0	0	0	0	0	0	0	0	0	0	0	0	0	0	0	0	0	0	0	0	0	0	0	0	0	0	0	0	0
29	0	0	0	0	56	0	0	0	0	0	56	0	0	0	0.0344939	0	0	0	0	0	0.0344939	0	0	0	1	0	0	0	0	0	0	0	0	27	0	0	0	0	0	27	0	0	0	1	0	0	0	0	0	0	0	0	7.86785	0	0	0	0	0	7.86785	0	0	0	1	0	0	0	0	0	0	0	0	47	0	0	0	0	0	47	0	0	0	1	0	0	0	0	0	0	0	0	0	0	0	0	0	0	0	0	0	0	0	0	0	0	0	0	0	0	0	0	0	0	0	0	0	0	0	0	0	0	0	0	0	0	0
30	0	0	0	0	57	0	0	0	0	0	57	0	0	0	0.0415478	0	0	0	0	0	0.0415478	0	0	0	1	0	0	0	0	0	0	0	0	32	0	0	0	0	0	32	0	0	0	1	0	0	0	0	0	0	0	0	7.7214	0	0	0	0	0	7.7214	0	0	0	1	0	0	0	0	0	0	0	0	44	0	0	0	0	0	44	0	0	0	1	0	0	0	0	0	0	0	0	0	0	0	0	0	0	0	0	0	0	0	0	0	0	0	0	0	0	0	0	0	0	0	0	0	0	0	0	0	0	0	0	0	0	0
31	0	0	0	0	63	0	0	0	0	0	63	0	0	0	0.0441353	0	0	0	0	0	0.0441353	0	0	0	1	0	0	0	0	0	0	0	0	29	0	0	0	0	0	29	0	0	0	1	0	0	0	0	0	0	0	0	8.64513	0	0	0	0	0	8.64513	0	0	0	1	0	0	0	0	0	0	0	0	47	0	0	0	0	0	47	0	0	0	1	0	0	0	0	0	0	0	0	0	0	0	0	0	0	0	0	0	0	0	0	0	0	0	0	0	0	0	0	0	0	0	0	0	0	0	0	0	0	0	0	0	0	0
32	0	0	0	0	69	0	0	0	0	0	69	0	0	0	0.04082	0	0	0	0	0	0.04082	0	0	0	1	0	0	0	0	0	0	0	0	33	0	0	0	0	0	33	0	0	0	1	0	0	0	0	0	0	0	0	9.57382	0	0	0	0	0	9.57382	0	0	0	1	0	0	0	0	0	0	0	0	51	0	0	0	0	0	51	0	0	0	1	0	0	0	0	0	0	0	0	0	0	0	0	0	0	0	0	0	0	0	0	0	0	0	0	0	0	0	0	0	0	0	0	0	0	0	0	0	0	0	0	0	0	0
33	0	0	0	0	79	0	0	0	0	0	79	0	0	0	0.0534279	0	0	0	0	0	0.0534279	0	0	0	1	0	0	0	0	0	0	0	0	35	0	0	0	0	0	35	0	0	0	1	0	0	0	0	0	0	0	0	9.9761	0	0	0	0	0	9.9761	0	0	0	1	0	0	0	0	0	0	0	0	50	0	0	0	0	0	50	0	0	0	1	0	0	0	0	0	0	0	0	0	0	0	0	0	0	0	0	0	0	0	0	0	0	0	0	0	0	0	0	0	0	0	0	0	0	0	0	0	0	0	0	0	0	0
34	0	0	0	0	91	0	0	0	0	0	91	0	0	0	0.0597695	0	0	0	0	0	0.0597695	0	0	0	1	0	0	0	0	0	0	0	0	36	0	0	0	0	0	36	0	0	0	1	0	0	0	0	0	0	0	0	10.6461	0	0	0	0	0	10.6461	0	0	0	1	0	0	0	0	0	0	0	0	50	0	0	0	0	0	50	0	0	0	1	0	0	0	0	0	0	0	0	0	0	0	0	0	0	0	0	0	0	0	0	0	0	0	0	0	0	0	0	0	0	0	0	0	0	0	0	0	0	0	0	0	0	0
35	0	0	0	0	111	0	0	0	0	0	111	0	0	0	0.0516172	0	0	0	0	0	0.0516172	0	0	0	1	0	0	0	0	0	0	0	0	35	0	0	0	0	0	35	0	0	0	1	0	0	0	0	0	0	0	0	11.7472	0	0	0	0	0	11.7472	0	0	0	1	0	0	0	0	0	0	0	0	54	0	0	0	0	0	54	0	0	0	1	0	0	0	0	0	0	0	0	0	0	0	0	0	0	0	0	0	0	0	0	0	0	0	0	0	0	0	0	0	0	0	0	0	0	0	0	0	0	0	0	0	0	0
36	0	0	0	0	127	0	0	0	0	0	127	0	0	0	0.0635142	0	0	0	0	0	0.0635142	0	0	0	1	0	0	0	0	0	0	0	0	40	0	0	0	0	0	40	0	0	0	1	0	0	0	0	0	0	0	0	12.6246	0	0	0	0	0	12.6246	0	0	0	1	0	0	0	0	0	0	0	0	54	0	0	0	0	0	54	0	0	0	1	0	0	0	0	0	0	0	0	0	0	0	0	0	0	0	0	0	0	0	0	0	0	0	0	0	0	0	0	0	0	0	0	0	0	0	0	0	0	0	0	0	0	0
37	0	0	0	0	151	0	0	0	0	0	151	0	0	0	0.0776648	0	0	0	0	0	0.0776648	0	0	0	1	0	0	0	0	0	0	0	0	46	0	0	0	0	0	46	0	0	0	1	0	0	0	0	0	0	0	0	13.4963	0	0	0	0	0	13.4963	0	0	0	1	0	0	0	0	0	0	0	0	53	0	0	0	0	0	53	0	0	0	1	0	0	0	0	0	0	0	0	0	0	0	0	0	0	0	0	0	0	0	0	0	0	0	0	0	0	0	0	0	0	0	0	0	0	0	0	0	0	0	0	0	0	0
38	0	0	0	0	166	0	0	0	0	0	166	0	0	0	0.0852201	0	0	0	0	0	0.0852201	0	0	0	1	0	0	0	0	0	0	0	0	48	0	0	0	0	0	48	0	0	0	1	0	0	0	0	0	0	0	0	14.2908	0	0	0	0	0	14.2908	0	0	0	1	0	0	0	0	0	0	0	0	54	0	0	0	0	0	54	0	0	0	1	0	0	0	0	0	0	0	0	0	0	0	0	0	0	0	0	0	0	0	0	0	0	0	0	0	0	0	0	0	0	0	0	0	0	0	0	0	0	0	0	0	0	0
39	0	0	0	0	190	0	0	0	0	0	190	0	0	0	0.0919928	0	0	0	0	0	0.0919928	0	0	0	1	0	0	0	0	0	0	0	0	47	0	0	0	0	0	47	0	0	0	1	0	0	0	0	0	0	0	0	14.8481	0	0	0	0	0	14.8481	0	0	0	1	0	0	0	0	0	0	0	0	56	0	0	0	0	0	56	0	0	0	1	0	0	0	0	0	0	0	0	0	0	0	0	0	0	0	0	0	0	0	0	0	0	0	0	0	0	0	0	0	0	0	0	0	0	0	0	0	0	0	0	0	0	0
40	0	0	0	0	196	0	0	0	0	0	196	0	0	0	0.085155	0	0	0	0	0	0.085155	0	0	0	1	0	0	0	0	0	0	0	0	52	0	0	0	0	0	52	0	0	0	1	0	0	0	0	0	0	0	0	14.8557	0	0	0	0	0	14.8557	0	0	0	1	0	0	0	0	0	0	0	0	60	0	0	0	0	0	60	0	0	0	1	0	0	0	0	0	0	0	0	0	0	0	0	0	0	0	0	0	0	0	0	0	0	0	0	0	0	0	0	0	0	0	0	0	0	0	0	0	0	0	0	0	0	0
41	0	0	0	0	215	0	0	0	0	0	215	0	0	0	0.0754139	0	0	0	0	0	0.0754139	0	0	0	1	0	0	0	0	0	0	0	0	50	0	0	0	0	0	50	0	0	0	1	0	0	0	0	0	0	0	0	15.9065	0	0	0	0	0	15.9065	0	0	0	1	0	0	0	0	0	0	0	0	62	0	0	0	0	0	62	0	0	0	1	0	0	0	0	0	0	0	0	0	0	0	0	0	0	0	0	0	0	0	0	0	0	0	0	0	0	0	0	0	0	0	0	0	0	0	0	0	0	0	0	0	0	0
42	0	0	0	0	221	0	0	0	0	0	221	0	0	0	0.0868652	0	0	0	0	0	0.0868652	0	0	0	1	0	0	0	0	0	0	0	0	60	0	0	0	0	0	60	0	0	0	1	0	0	0	0	0	0	0	0	16.0889	0	0	0	0	0	16.0889	0	0	0	1	0	0	0	0	0	0	0	0	62	0	0	0	0	0	62	0	0	0	1	0	0	0	0	0	0	0	0	0	0	0	0	0	0	0	0	0	0	0	0	0	0	0	0	0	0	0	0	0	0	0	0	0	0	0	0	0	0	0	0	0	0	0
43	0	0	0	0	238	0	0	0	0	0	238	0	0	0	0.0904524	0	0	0	0	0	0.0904524	0	0	0	1	0	0	0	0	0	0	0	0	63	0	0	0	0	0	63	0	0	0	1	0	0	0	0	0	0	0	0	17.24	0	0	0	0	0	17.24	0	0	0	1	0	0	0	0	0	0	0	0	67	0	0	0	0	0	67	0	0	0	1	0	0	0	0	0	0	0	0	0	0	0	0	0	0	0	0	0	0	0	0	0	0	0	0	0	0	0	0	0	0	0	0	0	0	0	0	0	0	0	0	0	0	0
44	0	0	0	0	240	0	0	0	0	0	240	0	0	0	0.0670633	0	0	0	0	0	0.0670633	0	0	0	1	0	0	0	0	0	0	0	0	67	0	0	0	0	0	67	0	0	0	1	0	0	0	0	0	0	0	0	16.9419	0	0	0	0	0	16.9419	0	0	0	1	0	0	0	0	0	0	0	0	66	0	0	0	0	0	66	0	0	0	1	0	0	0	0	0	0	0	0	0	0	0	0	0	0	0	0	0	0	0	0	0	0	0	0	0	0	0	0	0	0	0	0	0	0	0	0	0	0	0	0	0	0	0
45	0	0	0	0	257	0	0	0	0	0	257	0	0	0	0.0725409	0	0	0	0	0	0.0725409	0	0	0	1	0	0	0	0	0	0	0	0	72	0	0	0	0	0	72	0	0	0	1	0	0	0	0	0	0	0	0	17.5138	0	0	0	0	0	17.5138	0	0	0	1	0	0	0	0	0	0	0	0	69	0	0	0	0	0	69	0	0	0	1	0	0	0	0	0	0	0	0	0	0	0	0	0	0	0	0	0	0	0	0	0	0	0	0	0	0	0	0	0	0	0	0	0	0	0	0	0	0	0	0	0	0	0
46	0	0	0	0	271	0	0	0	0	0	271	0	0	0	0.100508	0	0	0	0	0	0.100508	0	0	0	1	0	0	0	0	0	0	0	0	81	0	0	0	0	0	81	0	0	0	1	0	0	0	0	0	0	0	0	18.3981	0	0	0	0	0	18.3981	0	0	0	1	0	0	0	0	0	0	0	0	68	0	0	0	0	0	68	0	0	0	1	0	0	0	0	0	0	0	0	0	0	0	0	0	0	0	0	0	0	0	0	0	0	0	0	0	0	0	0	0	0	0	0	0	0	0	0	0	0	0	0	0	0	0
47	0	0	0	0	281	0	0	0	0	0	281	0	0	0	0.11916	0	0	0	0	0	0.11916	0	0	0	1	0	0	0	0	0	0	0	0	91	0	0	0	0	0	91	0	0	0	1	0	0	0	0	0	0	0	0	18.6984	0	0	0	0	0	18.6984	0	0	0	1	0	0	0	0	0	0	0	0	69	0	0	0	0	0	69	0	0	0	1	0	0	0	0	0	0	0	0	0	0	0	0	0	0	0	0	0	0	0	0	0	0	0	0	0	0	0	0	0	0	0	0	0	0	0	0	0	0	0	0	0	0	0
48	0	0	0	0	299	0	0	0	0	0	299	0	0	0	0.103034	0	0	0	0	0	0.103034	0	0	0	1	0	0	0	0	0	0	0	0	88	0	0	0	0	0	88	0	0	0	1	0	0	0	0	0	0	0	0	19.8161	0	0	0	0	0	19.8161	0	0	0	1	0	0	0	0	0	0	0	0	74	0	0	0	0	0	74	0	0	0	1	0	0	0	0	0	0	0	0	0	0	0	0	0	0	0	0	0	0	0	0	0	0	0	0	0	0	0	0	0	0	0	0	0	0	0	0	0	0	0	0	0	0	0
49	0	0	0	0	309	0	0	0	0	0	309	0	0	0	0.109571	0	0	0	0	0	0.109571	0	0	0	1	0	0	0	0	0	0	0	0	94	0	0	0	0	0	94	0	0	0	1	0	0	0	0	0	0	0	0	21.0311	0	0	0	0	0	21.0311	0	0	0	1	0	0	0	0	0	0	0	0	76	0	0	0	0	0	76	0	0	0	1	0	0	0	0	0	0	0	0	0	0	0	0	0	0	0	0	0	0	0	0	0	0	0	0	0	0	0	0	0	0	0	0	0	0	0	0	0	0	0	0	0	0	0
50	0	0	0	0	327	0	0	0	0	0	327	0	0	0	0.12269	0	0	0	0	0	0.12269	0	0	0	1	0	0	0	0	0	0	0	0	97	0	0	0	0	0	97	0	0	0	1	0	0	0	0	0	0	0	0	22.3788	0	0	0	0	0	22.3788	0	0	0	1	0	0	0	0	0	0	0	0	80	0	0	0	0	0	80	0	0	0	1	0	0	0	0	0	0	0	0	0	0	0	0	0	0	0	0	0	0	0	0	0	0	0	0	0	0	0	0	0	0	0	0	0	0	0	0	0	0	0	0	0	0	0
51	0	0	0	0	344	0	0	0	0	0	344	0	0	0	0.127098	0	0	0	0	0	0.127098	0	0	0	1	0	0	0	0	0	0	0	0	96	0	0	0	0	0	96	0	0	0	1	0	0	0	0	0	0	0	0	21.5341	0	0	0	0	0	21.5341	0	0	0	1	0	0	0	0	0	0	0	0	79	0	0	0	0	0	79	0	0	0	1	0	0	0	0	0	0	0	0	0	0	0	0	0	0	0	0	0	0	0	0	0	0	0	0	0	0	0	0	0	0	0	0	0	0	0	0	0	0	0	0	0	0	0
52	0	0	0	0	356	0	0	0	0	0	356	0	0	0	0.103599	0	0	0	0	0	0.103599	0	0	0	1	0	0	0	0	0	0	0	0	92	0	0	0	0	0	92	0	0	0	1	0	0	0	0	0	0	0	0	22.6472	0	0	0	0	0	22.6472	0	0	0	1	0	0	0	0	0	0	0	0	83	0	0	0	0	0	83	0	0	0	1	0	0	0	0	0	0	0	0	0	0	0	0	0	0	0	0	0	0	0	0	0	0	0	0	0	0	0	0	0	0	0	0	0	0	0	0	0	0	0	0	0	0	0
53	0	0	0	0	372	0	0	0	0	0	372	0	0	0	0.0994071	0	0	0	0	0	0.0994071	0	0	0	1	0	0	0	0	0	0	0	0	92	0	0	0	0	0	92	0	0	0	1	0	0	0	0	0	0	0	0	23.9865	0	0	0	0	0	23.9865	0	0	0	1	0	0	0	0	0	0	0	0	83	0	0	0	0	0	83	0	0	0	1	0	0	0	0	0	0	0	0	0	0	0	0	0	0	0	0	0	0	0	0	0	0	0	0	0	0	0	0	0	0	0	0	0	0	0	0	0	0	0	0	0	0	0
54	0	0	0	0	370	0	0	0	0	0	370	0	0	0	0.102818	0	0	0	0	0	0.102818	0	0	0	1	0	0	0	0	0	0	0	0	91	0	0	0	0	0	91	0	0	0	1	0	0	0	0	0	0	0	0	23.4772	0	0	0	0	0	23.4772	0	0	0	1	0	0	0	0	0	0	0	0	79	0	0	0	0	0	79	0	0	0	1	0	0	0	0	0	0	0	0	0	0	0	0	0	0	0	0	0	0	0	0	0	0	0	0	0	0	0	0	0	0	0	0	0	0	0	0	0	0	0	0	0	0	0
55	0	0	0	0	386	0	0	0	0	0	386	0	0	0	0.11986	0	0	0	0	0	0.11986	0	0	0	1	0	0	0	0	0	0	0	0	95	0	0	0	0	0	95	0	0	0	1	0	0	0	0	0	0	0	0	21.8784	0	0	0	0	0	21.8784	0	0	0	1	0	0	0	0	0	0	0	0	78	0	0	0	0	0	78	0	0	0	1	0	0	0	0	0	0	0	0	0	0	0	0	0	0	0	0	0	0	0	0	0	0	0	0	0	0	0	0	0	0	0	0	0	0	0	0	0	0	0	0	0	0	0
56	0	0	0	0	395	0	0	0	0	0	395	0	0	0	0.118335	0	0	0	0	0	0.118335	0	0	0	1	0	0	0	0	0	0	0	0	94	0	0	0	0	0	94	0	0	0	1	0	0	0	0	0	0	0	0	22.9718	0	0	0	0	0	22.9718	0	0	0	1	0	0	0	0	0	0	0	0	81	0	0	0	0	0	81	0	0	0	1	0	0	0	0	0	0	0	0	0	0	0	0	0	0	0	0	0	0	0	0	0	0	0	0	0	0	0	0	0	0	0	0	0	0	0	0	0	0	0	0	0	0	0
57	0	0	0	0	392	0	0	0	0	0	392	0	0	0	0.119477	0	0	0	0	0	0.119477	0	0	0	1	0	0	0	0	0	0	0	0	93	0	0	0	0	0	93	0	0	0	1	0	0	0	0	0	0	0	0	23.7018	0	0	0	0	0	23.7018	0	0	0	1	0	0	0	0	0	0	0	0	82	0	0	0	0	0	82	0	0	0	1	0	0	0	0	0	0	0	0	0	0	0	0	0	0	0	0	0	0	0	0	0	0	0	0	0	0	0	0	0	0	0	0	0	0	0	0	0	0	0	0	0	0	0
58	0	0	0	0	387	0	0	0	0	0	387	0	0	0	0.118408	0	0	0	0	0	0.118408	0	0	0	1	0	0	0	0	0	0	0	0	99	0	0	0	0	0	99	0	0	0	1	0	0	0	0	0	0	0	0	22.9579	0	0	0	0	0	22.9579	0	0	0	1	0	0	0	0	0	0	0	0	76	0	0	0	0	0	76	0	0	0	1	0	0	0	0	0	0	0	0	0	0	0	0	0	0	0	0	0	0	0	0	0	0	0	0	0	0	0	0	0	0	0	0	0	0	0	0	0	0	0	0	0	0	0
59	0	0	0	0	397	0	0	0	0	0	397	0	0	0	0.106299	0	0	0	0	0	0.106299	0	0	0	1	0	0	0	0	0	0	0	0	106	0	0	0	0	0	106	0	0	0	1	0	0	0	0	0	0	0	0	23.8258	0	0	0	0	0	23.8258	0	0	0	1	0	0	0	0	0	0	0	0	79	0	0	0	0	0	79	0	0	0	1	0	0	0	0	0	0	0	0	0	0	0	0	0	0	0	0	0	0	0	0	0	0	0	0	0	0	0	0	0	0	0	0	0	0	0	0	0	0	0	0	0	0	0
60	0	0	0	0	427	0	0	0	0	0	427	0	0	0	0.118495	0	0	0	0	0	0.118495	0	0	0	1	0	0	0	0	0	0	0	0	109	0	0	0	0	0	109	0	0	0	1	0	0	0	0	0	0	0	0	25.0245	0	0	0	0	0	25.0245	0	0	0	1	0	0	0	0	0	0	0	0	79	0	0	0	0	0	79	0	0	0	1	0	0	0	0	0	0	0	0	0	0	0	0	0	0	0	0	0	0	0	0	0	0	0	0	0	0	0	0	0	0	0	0	0	0	0	0	0	0	0	0	0	0	0
61	0	0	0	0	423	0	0	0	0	0	423	0	0	0	0.131229	0	0	0	0	0	0.131229	0	0	0	1	0	0	0	0	0	0	0	0	111	0	0	0	0	0	111	0	0	0	1	0	0	0	0	0	0	0	0	25.6976	0	0	0	0	0	25.6976	0	0	0	1	0	0	0	0	0	0	0	0	75	0	0	0	0	0	75	0	0	0	1	0	0	0	0	0	0	0	0	0	0	0	0	0	0	0	0	0	0	0	0	0	0	0	0	0	0	0	0	0	0	0	0	0	0	0	0	0	0	0	0	0	0	0
62	0	0	0	0	426	0	0	0	0	0	426	0	0	0	0.145549	0	0	0	0	0	0.145549	0	0	0	1	0	0	0	0	0	0	0	0	109	0	0	0	0	0	109	0	0	0	1	0	0	0	0	0	0	0	0	25.6918	0	0	0	0	0	25.6918	0	0	0	1	0	0	0	0	0	0	0	0	75	0	0	0	0	0	75	0	0	0	1	0	0	0	0	0	0	0	0	0	0	0	0	0	0	0	0	0	0	0	0	0	0	0	0	0	0	0	0	0	0	0	0	0	0	0	0	0	0	0	0	0	0	0
63	0	0	0	0	441	0	0	0	0	0	441	0	0	0	0.145127	0	0	0	0	0	0.145127	0	0	0	1	0	0	0	0	0	0	0	0	111	0	0	0	0	0	111	0	0	0	1	0	0	0	0	0	0	0	0	26.243	0	0	0	0	0	26.243	0	0	0	1	0	0	0	0	0	0	0	0	79	0	0	0	0	0	79	0	0	0	1	0	0	0	0	0	0	0	0	0	0	0	0	0	0	0	0	0	0	0	0	0	0	0	0	0	0	0	0	0	0	0	0	0	0	0	0	0	0	0	0	0	0	0
64	0	0	0	0	444	0	0	0	0	0	444	0	0	0	0.151039	0	0	0	0	0	0.151039	0	0	0	1	0	0	0	0	0	0	0	0	115	0	0	0	0	0	115	0	0	0	1	0	0	0	0	0	0	0	0	26.4664	0	0	0	0	0	26.4664	0	0	0	1	0	0	0	0	0	0	0	0	79	0	0	0	0	0	79	0	0	0	1	0	0	0	0	0	0	0	0	0	0	0	0	0	0	0	0	0	0	0	0	0	0	0	0	0	0	0	0	0	0	0	0	0	0	0	0	0	0	0	0	0	0	0
65	0	0	0	0	443	0	0	0	0	0	443	0	0	0	0.141192	0	0	0	0	0	0.141192	0	0	0	1	0	0	0	0	0	0	0	0	121	0	0	0	0	0	121	0	0	0	1	0	0	0	0	0	0	0	0	25.7768	0	0	0	0	0	25.7768	0	0	0	1	0	0	0	0	0	0	0	0	81	0	0	0	0	0	81	0	0	0	1	0	0	0	0	0	0	0	0	0	0	0	0	0	0	0	0	0	0	0	0	0	0	0	0	0	0	0	0	0	0	0	0	0	0	0	0	0	0	0	0	0	0	0
66	0	0	0	0	443	0	0	0	0	0	443	0	0	0	0.142144	0	0	0	0	0	0.142144	0	0	0	1	0	0	0	0	0	0	0	0	124	0	0	0	0	0	124	0	0	0	1	0	0	0	0	0	0	0	0	25.1521	0	0	0	0	0	25.1521	0	0	0	1	0	0	0	0	0	0	0	0	81	0	0	0	0	0	81	0	0	0	1	0	0	0	0	0	0	0	0	0	0	0	0	0	0	0	0	0	0	0	0	0	0	0	0	0	0	0	0	0	0	0	0	0	0	0	0	0	0	0	0	0	0	0
67	0	0	0	0	443	0	0	0	0	0	443	0	0	0	0.168466	0	0	0	0	0	0.168466	0	0	0	1	0	0	0	0	0	0	0	0	129	0	0	0	0	0	129	0	0	0	1	0	0	0	0	0	0	0	0	23.738	0	0	0	0	0	23.738	0	0	0	1	0	0	0	0	0	0	0	0	77	0	0	0	0	0	77	0	0	0	1	0	0	0	0	0	0	0	0	0	0	0	0	0	0	0	0	0	0	0	0	0	0	0	0	0	0	0	0	0	0	0	0	0	0	0	0	0	0	0	0	0	0	0
68	0	0	0	0	447	0	0	0	0	0	447	0	0	0	0.141081	0	0	0	0	0	0.141081	0	0	0	1	0	0	0	0	0	0	0	0	120	0	0	0	0	0	120	0	0	0	1	0	0	0	0	0	0	0	0	23.5217	0	0	0	0	0	23.5217	0	0	0	1	0	0	0	0	0	0	0	0	84	0	0	0	0	0	84	0	0	0	1	0	0	0	0	0	0	0	0	0	0	0	0	0	0	0	0	0	0	0	0	0	0	0	0	0	0	0	0	0	0	0	0	0	0	0	0	0	0	0	0	0	0	0
69	0	0	0	0	445	0	0	0	0	0	445	0	0	0	0.187568	0	0	0	0	0	0.187568	0	0	0	1	0	0	0	0	0	0	0	0	124	0	0	0	0	0	124	0	0	0	1	0	0	0	0	0	0	0	0	22.5152	0	0	0	0	0	22.5152	0	0	0	1	0	0	0	0	0	0	0	0	84	0	0	0	0	0	84	0	0	0	1	0	0	0	0	0	0	0	0	0	0	0	0	0	0	0	0	0	0	0	0	0	0	0	0	0	0	0	0	0	0	0	0	0	0	0	0	0	0	0	0	0	0	0
70	0	0	0	0	447	0	0	0	0	0	447	0	0	0	0.204685	0	0	0	0	0	0.204685	0	0	0	1	0	0	0	0	0	0	0	0	128	0	0	0	0	0	128	0	0	0	1	0	0	0	0	0	0	0	0	23.1033	0	0	0	0	0	23.1033	0	0	0	1	0	0	0	0	0	0	0	0	88	0	0	0	0	0	88	0	0	0	1	0	0	0	0	0	0	0	0	0	0	0	0	0	0	0	0	0	0	0	0	0	0	0	0	0	0	0	0	0	0	0	0	0	0	0	0	0	0	0	0	0	0	0
71	0	0	0	0	431	0	0	0	0	0	431	0	0	0	0.181781	0	0	0	0	0	0.181781	0	0	0	1	0	0	0	0	0	0	0	0	127	0	0	0	0	0	127	0	0	0	1	0	0	0	0	0	0	0	0	20.364	0	0	0	0	0	20.364	0	0	0	1	0	0	0	0	0	0	0	0	90	0	0	0	0	0	90	0	0	0	1	0	0	0	0	0	0	0	0	0	0	0	0	0	0	0	0	0	0	0	0	0	0	0	0	0	0	0	0	0	0	0	0	0	0	0	0	0	0	0	0	0	0	0
72	0	0	0	0	429	0	0	0	0	0	429	0	0	0	0.177187	0	0	0	0	0	0.177187	0	0	0	1	0	0	0	0	0	0	0	0	127	0	0	0	0	0	127	0	0	0	1	0	0	0	0	0	0	0	0	21.7607	0	0	0	0	0	21.7607	0	0	0	1	0	0	0	0	0	0	0	0	94	0	0	0	0	0	94	0	0	0	1	0	0	0	0	0	0	0	0	0	0	0	0	0	0	0	0	0	0	0	0	0	0	0	0	0	0	0	0	0	0	0	0	0	0	0	0	0	0	0	0	0	0	0
73	0	0	0	0	416	0	0	0	0	0	416	0	0	0	0.186731	0	0	0	0	0	0.186731	0	0	0	1	0	0	0	0	0	0	0	0	144	0	0	0	0	0	144	0	0	0	1	0	0	0	0	0	0	0	0	22.8701	0	0	0	0	0	22.8701	0	0	0	1	0	0	0	0	0	0	0	0	95	0	0	0	0	0	95	0	0	0	1	0	0	0	0	0	0	0	0	0	0	0	0	0	0	0	0	0	0	0	0	0	0	0	0	0	0	0	0	0	0	0	0	0	0	0	0	0	0	0	0	0	0	0
74	0	0	0	0	402	0	0	0	0	0	402	0	0	0	0.177834	0	0	0	0	0	0.177834	0	0	0	1	0	0	0	0	0	0	0	0	152	0	0	0	0	0	152	0	0	0	1	0	0	0	0	0	0	0	0	23.9378	0	0	0	0	0	23.9378	0	0	0	1	0	0	0	0	0	0	0	0	96	0	0	0	0	0	96	0	0	0	1	0	0	0	0	0	0	0	0	0	0	0	0	0	0	0	0	0	0	0	0	0	0	0	0	0	0	0	0	0	0	0	0	0	0	0	0	0	0	0	0	0	0	0
75	0	0	0	0	402	0	0	0	0	0	402	0	0	0	0.195756	0	0	0	0	0	0.195756	0	0	0	1	0	0	0	0	0	0	0	0	167	0	0	0	0	0	167	0	0	0	1	0	0	0	0	0	0	0	0	23.5552	0	0	0	0	0	23.5552	0	0	0	1	0	0	0	0	0	0	0	0	92	0	0	0	0	0	92	0	0	0	1	0	0	0	0	0	0	0	0	0	0	0	0	0	0	0	0	0	0	0	0	0	0	0	0	0	0	0	0	0	0	0	0	0	0	0	0	0	0	0	0	0	0	0
76	0	0	0	0	406	0	0	0	0	0	406	0	0	0	0.197998	0	0	0	0	0	0.197998	0	0	0	1	0	0	0	0	0	0	0	0	175	0	0	0	0	0	175	0	0	0	1	0	0	0	0	0	0	0	0	23.5314	0	0	0	0	0	23.5314	0	0	0	1	0	0	0	0	0	0	0	0	92	0	0	0	0	0	92	0	0	0	1	0	0	0	0	0	0	0	0	0	0	0	0	0	0	0	0	0	0	0	0	0	0	0	0	0	0	0	0	0	0	0	0	0	0	0	0	0	0	0	0	0	0	0
77	0	0	0	0	422	0	0	0	0	0	422	0	0	0	0.205089	0	0	0	0	0	0.205089	0	0	0	1	0	0	0	0	0	0	0	0	172	0	0	0	0	0	172	0	0	0	1	0	0	0	0	0	0	0	0	24.5724	0	0	0	0	0	24.5724	0	0	0	1	0	0	0	0	0	0	0	0	93	0	0	0	0	0	93	0	0	0	1	0	0	0	0	0	0	0	0	0	0	0	0	0	0	0	0	0	0	0	0	0	0	0	0	0	0	0	0	0	0	0	0	0	0	0	0	0	0	0	0	0	0	0
78	0	0	0	0	428	0	0	0	0	0	428	0	0	0	0.184299	0	0	0	0	0	0.184299	0	0	0	1	0	0	0	0	0	0	0	0	168	0	0	0	0	0	168	0	0	0	1	0	0	0	0	0	0	0	0	24.4436	0	0	0	0	0	24.4436	0	0	0	1	0	0	0	0	0	0	0	0	92	0	0	0	0	0	92	0	0	0	1	0	0	0	0	0	0	0	0	0	0	0	0	0	0	0	0	0	0	0	0	0	0	0	0	0	0	0	0	0	0	0	0	0	0	0	0	0	0	0	0	0	0	0
79	0	0	0	0	440	0	0	0	0	0	440	0	0	0	0.190842	0	0	0	0	0	0.190842	0	0	0	1	0	0	0	0	0	0	0	0	171	0	0	0	0	0	171	0	0	0	1	0	0	0	0	0	0	0	0	24.122	0	0	0	0	0	24.122	0	0	0	1	0	0	0	0	0	0	0	0	95	0	0	0	0	0	95	0	0	0	1	0	0	0	0	0	0	0	0	0	0	0	0	0	0	0	0	0	0	0	0	0	0	0	0	0	0	0	0	0	0	0	0	0	0	0	0	0	0	0	0	0	0	0
80	0	0	0	0	452	0	0	0	0	0	452	0	0	0	0.214543	0	0	0	0	0	0.214543	0	0	0	1	0	0	0	0	0	0	0	0	171	0	0	0	0	0	171	0	0	0	1	0	0	0	0	0	0	0	0	24.5453	0	0	0	0	0	24.5453	0	0	0	1	0	0	0	0	0	0	0	0	91	0	0	0	0	0	91	0	0	0	1	0	0	0	0	0	0	0	0	0	0	0	0	0	0	0	0	0	0	0	0	0	0	0	0	0	0	0	0	0	0	0	0	0	0	0	0	0	0	0	0	0	0	0
81	0	0	0	0	475	0	0	0	0	0	475	0	0	0	0.200395	0	0	0	0	0	0.200395	0	0	0	1	0	0	0	0	0	0	0	0	155	0	0	0	0	0	155	0	0	0	1	0	0	0	0	0	0	0	0	25.2794	0	0	0	0	0	25.2794	0	0	0	1	0	0	0	0	0	0	0	0	94	0	0	0	0	0	94	0	0	0	1	0	0	0	0	0	0	0	0	0	0	0	0	0	0	0	0	0	0	0	0	0	0	0	0	0	0	0	0	0	0	0	0	0	0	0	0	0	0	0	0	0	0	0
82	0	0	0	0	488	0	0	0	0	0	488	0	0	0	0.222191	0	0	0	0	0	0.222191	0	0	0	1	0	0	0	0	0	0	0	0	150	0	0	0	0	0	150	0	0	0	1	0	0	0	0	0	0	0	0	24.8062	0	0	0	0	0	24.8062	0	0	0	1	0	0	0	0	0	0	0	0	93	0	0	0	0	0	93	0	0	0	1	0	0	0	0	0	0	0	0	0	0	0	0	0	0	0	0	0	0	0	0	0	0	0	0	0	0	0	0	0	0	0	0	0	0	0	0	0	0	0	0	0	0	0
83	0	0	0	0	495	0	0	0	0	0	495	0	0	0	0.207964	0	0	0	0	0	0.207964	0	0	0	1	0	0	0	0	0	0	0	0	140	0	0	0	0	0	140	0	0	0	1	0	0	0	0	0	0	0	0	25.1366	0	0	0	0	0	25.1366	0	0	0	1	0	0	0	0	0	0	0	0	95	0	0	0	0	0	95	0	0	0	1	0	0	0	0	0	0	0	0	0	0	0	0	0	0	0	0	0	0	0	0	0	0	0	0	0	0	0	0	0	0	0	0	0	0	0	0	0	0	0	0	0	0	0
84	0	0	0	0	505	0	0	0	0	0	505	0	0	0	0.169381	0	0	0	0	0	0.169381	0	0	0	1	0	0	0	0	0	0	0	0	132	0	0	0	0	0	132	0	0	0	1	0	0	0	0	0	0	0	0	24.9491	0	0	0	0	0	24.9491	0	0	0	1	0	0	0	0	0	0	0	0	96	0	0	0	0	0	96	0	0	0	1	0	0	0	0	0	0	0	0	0	0	0	0	0	0	0	0	0	0	0	0	0	0	0	0	0	0	0	0	0	0	0	0	0	0	0	0	0	0	0	0	0	0	0
85	0	0	0	0	497	0	0	0	0	0	497	0	0	0	0.160458	0	0	0	0	0	0.160458	0	0	0	1	0	0	0	0	0	0	0	0	140	0	0	0	0	0	140	0	0	0	1	0	0	0	0	0	0	0	0	24.2609	0	0	0	0	0	24.2609	0	0	0	1	0	0	0	0	0	0	0	0	90	0	0	0	0	0	90	0	0	0	1	0	0	0	0	0	0	0	0	0	0	0	0	0	0	0	0	0	0	0	0	0	0	0	0	0	0	0	0	0	0	0	0	0	0	0	0	0	0	0	0	0	0	0
86	0	0	0	0	492	0	0	0	0	0	492	0	0	0	0.178153	0	0	0	0	0	0.178153	0	0	0	1	0	0	0	0	0	0	0	0	149	0	0	0	0	0	149	0	0	0	1	0	0	0	0	0	0	0	0	25.5779	0	0	0	0	0	25.5779	0	0	0	1	0	0	0	0	0	0	0	0	87	0	0	0	0	0	87	0	0	0	1	0	0	0	0	0	0	0	0	0	0	0	0	0	0	0	0	0	0	0	0	0	0	0	0	0	0	0	0	0	0	0	0	0	0	0	0	0	0	0	0	0	0	0
87	0	0	0	0	503	0	0	0	0	0	503	0	0	0	0.163118	0	0	0	0	0	0.163118	0	0	0	1	0	0	0	0	0	0	0	0	143	0	0	0	0	0	143	0	0	0	1	0	0	0	0	0	0	0	0	26.2964	0	0	0	0	0	26.2964	0	0	0	1	0	0	0	0	0	0	0	0	86	0	0	0	0	0	86	0	0	0	1	0	0	0	0	0	0	0	0	0	0	0	0	0	0	0	0	0	0	0	0	0	0	0	0	0	0	0	0	0	0	0	0	0	0	0	0	0	0	0	0	0	0	0
88	0	0	0	0	517	0	0	0	0	0	517	0	0	0	0.172534	0	0	0	0	0	0.172534	0	0	0	1	0	0	0	0	0	0	0	0	138	0	0	0	0	0	138	0	0	0	1	0	0	0	0	0	0	0	0	27.8023	0	0	0	0	0	27.8023	0	0	0	1	0	0	0	0	0	0	0	0	85	0	0	0	0	0	85	0	0	0	1	0	0	0	0	0	0	0	0	0	0	0	0	0	0	0	0	0	0	0	0	0	0	0	0	0	0	0	0	0	0	0	0	0	0	0	0	0	0	0	0	0	0	0
89	0	0	0	0	521	0	0	0	0	0	521	0	0	0	0.151125	0	0	0	0	0	0.151125	0	0	0	1	0	0	0	0	0	0	0	0	129	0	0	0	0	0	129	0	0	0	1	0	0	0	0	0	0	0	0	28.6164	0	0	0	0	0	28.6164	0	0	0	1	0	0	0	0	0	0	0	0	90	0	0	0	0	0	90	0	0	0	1	0	0	0	0	0	0	0	0	0	0	0	0	0	0	0	0	0	0	0	0	0	0	0	0	0	0	0	0	0	0	0	0	0	0	0	0	0	0	0	0	0	0	0
90	0	0	0	0	513	0	0	0	0	0	513	0	0	0	0.151343	0	0	0	0	0	0.151343	0	0	0	1	0	0	0	0	0	0	0	0	128	0	0	0	0	0	128	0	0	0	1	0	0	0	0	0	0	0	0	29.4117	0	0	0	0	0	29.4117	0	0	0	1	0	0	0	0	0	0	0	0	88	0	0	0	0	0	88	0	0	0	1	0	0	0	0	0	0	0	0	0	0	0	0	0	0	0	0	0	0	0	0	0	0	0	0	0	0	0	0	0	0	0	0	0	0	0	0	0	0	0	0	0	0	0
91	0	0	0	0	518	0	0	0	0	0	518	0	0	0	0.142015	0	0	0	0	0	0.142015	0	0	0	1	0	0	0	0	0	0	0	0	119	0	0	0	0	0	119	0	0	0	1	0	0	0	0	0	0	0	0	30.1098	0	0	0	0	0	30.1098	0	0	0	1	0	0	0	0	0	0	0	0	87	0	0	0	0	0	87	0	0	0	1	0	0	0	0	0	0	0	0	0	0	0	0	0	0	0	0	0	0	0	0	0	0	0	0	0	0	0	0	0	0	0	0	0	0	0	0	0	0	0	0	0	0	0
92	0	0	0	0	521	0	0	0	0	0	521	0	0	0	0.128442	0	0	0	0	0	0.128442	0	0	0	1	0	0	0	0	0	0	0	0	112	0	0	0	0	0	112	0	0	0	1	0	0	0	0	0	0	0	0	29.4845	0	0	0	0	0	29.4845	0	0	0	1	0	0	0	0	0	0	0	0	85	0	0	0	0	0	85	0	0	0	1	0	0	0	0	0	0	0	0	0	0	0	0	0	0	0	0	0	0	0	0	0	0	0	0	0	0	0	0	0	0	0	0	0	0	0	0	0	0	0	0	0	0	0
93	0	0	0	0	532	0	0	0	0	0	532	0	0	0	0.132303	0	0	0	0	0	0.132303	0	0	0	1	0	0	0	0	0	0	0	0	116	0	0	0	0	0	116	0	0	0	1	0	0	0	0	0	0	0	0	30.3231	0	0	0	0	0	30.3231	0	0	0	1	0	0	0	0	0	0	0	0	82	0	0	0	0	0	82	0	0	0	1	0	0	0	0	0	0	0	0	0	0	0	0	0	0	0	0	0	0	0	0	0	0	0	0	0	0	0	0	0	0	0	0	0	0	0	0	0	0	0	0	0	0	0
94	0	0	0	0	553	0	0	0	0	0	553	0	0	0	0.135485	0	0	0	0	0	0.135485	0	0	0	1	0	0	0	0	0	0	0	0	109	0	0	0	0	0	109	0	0	0	1	0	0	0	0	0	0	0	0	30.9321	0	0	0	0	0	30.9321	0	0	0	1	0	0	0	0	0	0	0	0	81	0	0	0	0	0	81	0	0	0	1	0	0	0	0	0	0	0	0	0	0	0	0	0	0	0	0	0	0	0	0	0	0	0	0	0	0	0	0	0	0	0	0	0	0	0	0	0	0	0	0	0	0	0
95	0	0	0	0	581	0	0	0	0	0	581	0	0	0	0.135465	0	0	0	0	0	0.135465	0	0	0	1	0	0	0	0	0	0	0	0	105	0	0	0	0	0	105	0	0	0	1	0	0	0	0	0	0	0	0	31.8631	0	0	0	0	0	31.8631	0	0	0	1	0	0	0	0	0	0	0	0	82	0	0	0	0	0	82	0	0	0	1	0	0	0	0	0	0	0	0	0	0	0	0	0	0	0	0	0	0	0	0	0	0	0	0	0	0	0	0	0	0	0	0	0	0	0	0	0	0	0	0	0	0	0
96	0	0	0	0	611	0	0	0	0	0	611	0	0	0	0.11207	0	0	0	0	0	0.11207	0	0	0	1	0	0	0	0	0	0	0	0	93	0	0	0	0	0	93	0	0	0	1	0	0	0	0	0	0	0	0	33.0533	0	0	0	0	0	33.0533	0	0	0	1	0	0	0	0	0	0	0	0	85	0	0	0	0	0	85	0	0	0	1	0	0	0	0	0	0	0	0	0	0	0	0	0	0	0	0	0	0	0	0	0	0	0	0	0	0	0	0	0	0	0	0	0	0	0	0	0	0	0	0	0	0	0
97	0	0	0	0	618	0	0	0	0	0	618	0	0	0	0.101925	0	0	0	0	0	0.101925	0	0	0	1	0	0	0	0	0	0	0	0	88	0	0	0	0	0	88	0	0	0	1	0	0	0	0	0	0	0	0	32.3457	0	0	0	0	0	32.3457	0	0	0	1	0	0	0	0	0	0	0	0	78	0	0	0	0	0	78	0	0	0	1	0	0	0	0	0	0	0	0	0	0	0	0	0	0	0	0	0	0	0	0	0	0	0	0	0	0	0	0	0	0	0	0	0	0	0	0	0	0	0	0	0	0	0
98	0	0	0	0	654	0	0	0	0	0	654	0	0	0	0.1049	0	0	0	0	0	0.1049	0	0	0	1	0	0	0	0	0	0	0	0	87	0	0	0	0	0	87	0	0	0	1	0	0	0	0	0	0	0	0	32.5184	0	0	0	0	0	32.5184	0	0	0	1	0	0	0	0	0	0	0	0	73	0	0	0	0	0	73	0	0	0	1	0	0	0	0	0	0	0	0	0	0	0	0	0	0	0	0	0	0	0	0	0	0	0	0	0	0	0	0	0	0	0	0	0	0	0	0	0	0	0	0	0	0	0
99	0	0	0	0	654	0	0	0	0	0	654	0	0	0	0.11244	0	0	0	0	0	0.11244	0	0	0	1	0	0	0	0	0	0	0	0	90	0	0	0	0	0	90	0	0	0	1	0	0	0	0	0	0	0	0	32.9782	0	0	0	0	0	32.9782	0	0	0	1	0	0	0	0	0	0	0	0	71	0	0	0	0	0	71	0	0	0	1	0	0	0	0	0	0	0	0	0	0	0	0	0	0	0	0	0	0	0	0	0	0	0	0	0	0	0	0	0	0	0	0	0	0	0	0	0	0	0	0	0	0	0
100	0	0	0	0	668	0	0	0	0	0	668	0	0	0	0.117251	0	0	0	0	0	0.117251	0	0	0	1	0	0	0	0	0	0	0	0	100	0	0	0	0	0	100	0	0	0	1	0	0	0	0	0	0	0	0	33.5959	0	0	0	0	0	33.5959	0	0	0	1	0	0	0	0	0	0	0	0	72	0	0	0	0	0	72	0	0	0	1	0	0	0	0	0	0	0	0	0	0	0	0	0	0	0	0	0	0	0	0	0	0	0	0	0	0	0	0	0	0	0	0	0	0	0	0	0	0	0	0	0	0	0
101	0	0	0	0	684	0	0	0	0	0	684	0	0	0	0.109869	0	0	0	0	0	0.109869	0	0	0	1	0	0	0	0	0	0	0	0	109	0	0	0	0	0	109	0	0	0	1	0	0	0	0	0	0	0	0	33.5894	0	0	0	0	0	33.5894	0	0	0	1	0	0	0	0	0	0	0	0	72	0	0	0	0	0	72	0	0	0	1	0	0	0	0	0	0	0	0	0	0	0	0	0	0	0	0	0	0	0	0	0	0	0	0	0	0	0	0	0	0	0	0	0	0	0	0	0	0	0	0	0	0	0
102	0	0	0	0	686	0	0	0	0	0	686	0	0	0	0.108928	0	0	0	0	0	0.108928	0	0	0	1	0	0	0	0	0	0	0	0	116	0	0	0	0	0	116	0	0	0	1	0	0	0	0	0	0	0	0	32.4837	0	0	0	0	0	32.4837	0	0	0	1	0	0	0	0	0	0	0	0	73	0	0	0	0	0	73	0	0	0	1	0	0	0	0	0	0	0	0	0	0	0	0	0	0	0	0	0	0	0	0	0	0	0	0	0	0	0	0	0	0	0	0	0	0	0	0	0	0	0	0	0	0	0
103	0	0	0	0	686	0	0	0	0	0	686	0	0	0	0.134643	0	0	0	0	0	0.134643	0	0	0	1	0	0	0	0	0	0	0	0	125	0	0	0	0	0	125	0	0	0	1	0	0	0	0	0	0	0	0	32.3624	0	0	0	0	0	32.3624	0	0	0	1	0	0	0	0	0	0	0	0	74	0	0	0	0	0	74	0	0	0	1	0	0	0	0	0	0	0	0	0	0	0	0	0	0	0	0	0	0	0	0	0	0	0	0	0	0	0	0	0	0	0	0	0	0	0	0	0	0	0	0	0	0	0
104	0	0	0	0	693	0	0	0	0	0	693	0	0	0	0.177259	0	0	0	0	0	0.177259	0	0	0	1	0	0	0	0	0	0	0	0	142	0	0	0	0	0	142	0	0	0	1	0	0	0	0	0	0	0	0	31.981	0	0	0	0	0	31.981	0	0	0	1	0	0	0	0	0	0	0	0	72	0	0	0	0	0	72	0	0	0	1	0	0	0	0	0	0	0	0	0	0	0	0	0	0	0	0	0	0	0	0	0	0	0	0	0	0	0	0	0	0	0	0	0	0	0	0	0	0	0	0	0	0	0
105	0	0	0	0	704	0	0	0	0	0	704	0	0	0	0.170895	0	0	0	0	0	0.170895	0	0	0	1	0	0	0	0	0	0	0	0	142	0	0	0	0	0	142	0	0	0	1	0	0	0	0	0	0	0	0	33.4098	0	0	0	0	0	33.4098	0	0	0	1	0	0	0	0	0	0	0	0	80	0	0	0	0	0	80	0	0	0	1	0	0	0	0	0	0	0	0	0	0	0	0	0	0	0	0	0	0	0	0	0	0	0	0	0	0	0	0	0	0	0	0	0	0	0	0	0	0	0	0	0	0	0
106	0	0	0	0	693	0	0	0	0	0	693	0	0	0	0.165002	0	0	0	0	0	0.165002	0	0	0	1	0	0	0	0	0	0	0	0	156	0	0	0	0	0	156	0	0	0	1	0	0	0	0	0	0	0	0	34.1781	0	0	0	0	0	34.1781	0	0	0	1	0	0	0	0	0	0	0	0	84	0	0	0	0	0	84	0	0	0	1	0	0	0	0	0	0	0	0	0	0	0	0	0	0	0	0	0	0	0	0	0	0	0	0	0	0	0	0	0	0	0	0	0	0	0	0	0	0	0	0	0	0	0
107	0	0	0	0	687	0	0	0	0	0	687	0	0	0	0.193316	0	0	0	0	0	0.193316	0	0	0	1	0	0	0	0	0	0	0	0	167	0	0	0	0	0	167	0	0	0	1	0	0	0	0	0	0	0	0	35.3069	0	0	0	0	0	35.3069	0	0	0	1	0	0	0	0	0	0	0	0	84	0	0	0	0	0	84	0	0	0	1	0	0	0	0	0	0	0	0	0	0	0	0	0	0	0	0	0	0	0	0	0	0	0	0	0	0	0	0	0	0	0	0	0	0	0	0	0	0	0	0	0	0	0
108	0	0	0	0	691	0	0	0	0	0	691	0	0	0	0.210791	0	0	0	0	0	0.210791	0	0	0	1	0	0	0	0	0	0	0	0	158	0	0	0	0	0	158	0	0	0	1	0	0	0	0	0	0	0	0	33.6409	0	0	0	0	0	33.6409	0	0	0	1	0	0	0	0	0	0	0	0	82	0	0	0	0	0	82	0	0	0	1	0	0	0	0	0	0	0	0	0	0	0	0	0	0	0	0	0	0	0	0	0	0	0	0	0	0	0	0	0	0	0	0	0	0	0	0	0	0	0	0	0	0	0
109	0	0	0	0	702	0	0	0	0	0	702	0	0	0	0.209067	0	0	0	0	0	0.209067	0	0	0	1	0	0	0	0	0	0	0	0	149	0	0	0	0	0	149	0	0	0	1	0	0	0	0	0	0	0	0	33.1304	0	0	0	0	0	33.1304	0	0	0	1	0	0	0	0	0	0	0	0	91	0	0	0	0	0	91	0	0	0	1	0	0	0	0	0	0	0	0	0	0	0	0	0	0	0	0	0	0	0	0	0	0	0	0	0	0	0	0	0	0	0	0	0	0	0	0	0	0	0	0	0	0	0
110	0	0	0	0	713	0	0	0	0	0	713	0	0	0	0.228718	0	0	0	0	0	0.228718	0	0	0	1	0	0	0	0	0	0	0	0	154	0	0	0	0	0	154	0	0	0	1	0	0	0	0	0	0	0	0	33.3103	0	0	0	0	0	33.3103	0	0	0	1	0	0	0	0	0	0	0	0	95	0	0	0	0	0	95	0	0	0	1	0	0	0	0	0	0	0	0	0	0	0	0	0	0	0	0	0	0	0	0	0	0	0	0	0	0	0	0	0	0	0	0	0	0	0	0	0	0	0	0	0	0	0
111	0	0	0	0	713	0	0	0	0	0	713	0	0	0	0.1844	0	0	0	0	0	0.1844	0	0	0	1	0	0	0	0	0	0	0	0	149	0	0	0	0	0	149	0	0	0	1	0	0	0	0	0	0	0	0	34.9631	0	0	0	0	0	34.9631	0	0	0	1	0	0	0	0	0	0	0	0	102	0	0	0	0	0	102	0	0	0	1	0	0	0	0	0	0	0	0	0	0	0	0	0	0	0	0	0	0	0	0	0	0	0	0	0	0	0	0	0	0	0	0	0	0	0	0	0	0	0	0	0	0	0
112	0	0	0	0	692	0	0	0	0	0	692	0	0	0	0.196345	0	0	0	0	0	0.196345	0	0	0	1	0	0	0	0	0	0	0	0	171	0	0	0	0	0	171	0	0	0	1	0	0	0	0	0	0	0	0	34.4409	0	0	0	0	0	34.4409	0	0	0	1	0	0	0	0	0	0	0	0	100	0	0	0	0	0	100	0	0	0	1	0	0	0	0	0	0	0	0	0	0	0	0	0	0	0	0	0	0	0	0	0	0	0	0	0	0	0	0	0	0	0	0	0	0	0	0	0	0	0	0	0	0	0
113	0	0	0	0	697	0	0	0	0	0	697	0	0	0	0.184012	0	0	0	0	0	0.184012	0	0	0	1	0	0	0	0	0	0	0	0	175	0	0	0	0	0	175	0	0	0	1	0	0	0	0	0	0	0	0	35.1328	0	0	0	0	0	35.1328	0	0	0	1	0	0	0	0	0	0	0	0	102	0	0	0	0	0	102	0	0	0	1	0	0	0	0	0	0	0	0	0	0	0	0	0	0	0	0	0	0	0	0	0	0	0	0	0	0	0	0	0	0	0	0	0	0	0	0	0	0	0	0	0	0	0
114	0	0	0	0	681	0	0	0	0	0	681	0	0	0	0.211168	0	0	0	0	0	0.211168	0	0	0	1	0	0	0	0	0	0	0	0	175	0	0	0	0	0	175	0	0	0	1	0	0	0	0	0	0	0	0	34.2878	0	0	0	0	0	34.2878	0	0	0	1	0	0	0	0	0	0	0	0	100	0	0	0	0	0	100	0	0	0	1	0	0	0	0	0	0	0	0	0	0	0	0	0	0	0	0	0	0	0	0	0	0	0	0	0	0	0	0	0	0	0	0	0	0	0	0	0	0	0	0	0	0	0
115	0	0	0	0	678	0	0	0	0	0	678	0	0	0	0.192467	0	0	0	0	0	0.192467	0	0	0	1	0	0	0	0	0	0	0	0	170	0	0	0	0	0	170	0	0	0	1	0	0	0	0	0	0	0	0	34.8968	0	0	0	0	0	34.8968	0	0	0	1	0	0	0	0	0	0	0	0	105	0	0	0	0	0	105	0	0	0	1	0	0	0	0	0	0	0	0	0	0	0	0	0	0	0	0	0	0	0	0	0	0	0	0	0	0	0	0	0	0	0	0	0	0	0	0	0	0	0	0	0	0	0
116	0	0	0	0	682	0	0	0	0	0	682	0	0	0	0.192094	0	0	0	0	0	0.192094	0	0	0	1	0	0	0	0	0	0	0	0	160	0	0	0	0	0	160	0	0	0	1	0	0	0	0	0	0	0	0	35.2794	0	0	0	0	0	35.2794	0	0	0	1	0	0	0	0	0	0	0	0	104	0	0	0	0	0	104	0	0	0	1	0	0	0	0	0	0	0	0	0	0	0	0	0	0	0	0	0	0	0	0	0	0	0	0	0	0	0	0	0	0	0	0	0	0	0	0	0	0	0	0	0	0	0
117	0	0	0	0	693	0	0	0	0	0	693	0	0	0	0.190922	0	0	0	0	0	0.190922	0	0	0	1	0	0	0	0	0	0	0	0	156	0	0	0	0	0	156	0	0	0	1	0	0	0	0	0	0	0	0	33.6911	0	0	0	0	0	33.6911	0	0	0	1	0	0	0	0	0	0	0	0	100	0	0	0	0	0	100	0	0	0	1	0	0	0	0	0	0	0	0	0	0	0	0	0	0	0	0	0	0	0	0	0	0	0	0	0	0	0	0	0	0	0	0	0	0	0	0	0	0	0	0	0	0	0
118	0	0	0	0	689	0	0	0	0	0	689	0	0	0	0.156932	0	0	0	0	0	0.156932	0	0	0	1	0	0	0	0	0	0	0	0	149	0	0	0	0	0	149	0	0	0	1	0	0	0	0	0	0	0	0	33.9423	0	0	0	0	0	33.9423	0	0	0	1	0	0	0	0	0	0	0	0	99	0	0	0	0	0	99	0	0	0	1	0	0	0	0	0	0	0	0	0	0	0	0	0	0	0	0	0	0	0	0	0	0	0	0	0	0	0	0	0	0	0	0	0	0	0	0	0	0	0	0	0	0	0
119	0	0	0	0	681	0	0	0	0	0	681	0	0	0	0.144834	0	0	0	0	0	0.144834	0	0	0	1	0	0	0	0	0	0	0	0	157	0	0	0	0	0	157	0	0	0	1	0	0	0	0	0	0	0	0	34.7484	0	0	0	0	0	34.7484	0	0	0	1	0	0	0	0	0	0	0	0	95	0	0	0	0	0	95	0	0	0	1	0	0	0	0	0	0	0	0	0	0	0	0	0	0	0	0	0	0	0	0	0	0	0	0	0	0	0	0	0	0	0	0	0	0	0	0	0	0	0	0	0	0	0
120	0	0	0	0	654	0	0	0	0	0	654	0	0	0	0.164281	0	0	0	0	0	0.164281	0	0	0	1	0	0	0	0	0	0	0	0	175	0	0	0	0	0	175	0	0	0	1	0	0	0	0	0	0	0	0	30.4102	0	0	0	0	0	30.4102	0	0	0	1	0	0	0	0	0	0	0	0	90	0	0	0	0	0	90	0	0	0	1	0	0	0	0	0	0	0	0	0	0	0	0	0	0	0	0	0	0	0	0	0	0	0	0	0	0	0	0	0	0	0	0	0	0	0	0	0	0	0	0	0	0	0
121	0	0	0	0	624	0	0	0	0	0	624	0	0	0	0.203596	0	0	0	0	0	0.203596	0	0	0	1	0	0	0	0	0	0	0	0	198	0	0	0	0	0	198	0	0	0	1	0	0	0	0	0	0	0	0	29.0353	0	0	0	0	0	29.0353	0	0	0	1	0	0	0	0	0	0	0	0	90	0	0	0	0	0	90	0	0	0	1	0	0	0	0	0	0	0	0	0	0	0	0	0	0	0	0	0	0	0	0	0	0	0	0	0	0	0	0	0	0	0	0	0	0	0	0	0	0	0	0	0	0	0
122	0	0	0	0	604	0	0	0	0	0	604	0	0	0	0.249425	0	0	0	0	0	0.249425	0	0	0	1	0	0	0	0	0	0	0	0	220	0	0	0	0	0	220	0	0	0	1	0	0	0	0	0	0	0	0	29.8917	0	0	0	0	0	29.8917	0	0	0	1	0	0	0	0	0	0	0	0	92	0	0	0	0	0	92	0	0	0	1	0	0	0	0	0	0	0	0	0	0	0	0	0	0	0	0	0	0	0	0	0	0	0	0	0	0	0	0	0	0	0	0	0	0	0	0	0	0	0	0	0	0	0
123	0	0	0	0	592	0	0	0	0	0	592	0	0	0	0.215872	0	0	0	0	0	0.215872	0	0	0	1	0	0	0	0	0	0	0	0	215	0	0	0	0	0	215	0	0	0	1	0	0	0	0	0	0	0	0	30.9873	0	0	0	0	0	30.9873	0	0	0	1	0	0	0	0	0	0	0	0	101	0	0	0	0	0	101	0	0	0	1	0	0	0	0	0	0	0	0	0	0	0	0	0	0	0	0	0	0	0	0	0	0	0	0	0	0	0	0	0	0	0	0	0	0	0	0	0	0	0	0	0	0	0
124	0	0	0	0	590	0	0	0	0	0	590	0	0	0	0.247407	0	0	0	0	0	0.247407	0	0	0	1	0	0	0	0	0	0	0	0	223	0	0	0	0	0	223	0	0	0	1	0	0	0	0	0	0	0	0	30.8263	0	0	0	0	0	30.8263	0	0	0	1	0	0	0	0	0	0	0	0	97	0	0	0	0	0	97	0	0	0	1	0	0	0	0	0	0	0	0	0	0	0	0	0	0	0	0	0	0	0	0	0	0	0	0	0	0	0	0	0	0	0	0	0	0	0	0	0	0	0	0	0	0	0
125	0	0	0	0	590	0	0	0	0	0	590	0	0	0	0.2312	0	0	0	0	0	0.2312	0	0	0	1	0	0	0	0	0	0	0	0	213	0	0	0	0	0	213	0	0	0	1	0	0	0	0	0	0	0	0	30.3363	0	0	0	0	0	30.3363	0	0	0	1	0	0	0	0	0	0	0	0	99	0	0	0	0	0	99	0	0	0	1	0	0	0	0	0	0	0	0	0	0	0	0	0	0	0	0	0	0	0	0	0	0	0	0	0	0	0	0	0	0	0	0	0	0	0	0	0	0	0	0	0	0	0
126	0	0	0	0	589	0	0	0	0	0	589	0	0	0	0.224363	0	0	0	0	0	0.224363	0	0	0	1	0	0	0	0	0	0	0	0	212	0	0	0	0	0	212	0	0	0	1	0	0	0	0	0	0	0	0	29.888	0	0	0	0	0	29.888	0	0	0	1	0	0	0	0	0	0	0	0	98	0	0	0	0	0	98	0	0	0	1	0	0	0	0	0	0	0	0	0	0	0	0	0	0	0	0	0	0	0	0	0	0	0	0	0	0	0	0	0	0	0	0	0	0	0	0	0	0	0	0	0	0	0
127	0	0	0	0	593	0	0	0	0	0	593	0	0	0	0.225942	0	0	0	0	0	0.225942	0	0	0	1	0	0	0	0	0	0	0	0	207	0	0	0	0	0	207	0	0	0	1	0	0	0	0	0	0	0	0	30.5778	0	0	0	0	0	30.5778	0	0	0	1	0	0	0	0	0	0	0	0	97	0	0	0	0	0	97	0	0	0	1	0	0	0	0	0	0	0	0	0	0	0	0	0	0	0	0	0	0	0	0	0	0	0	0	0	0	0	0	0	0	0	0	0	0	0	0	0	0	0	0	0	0	0
128	0	0	0	0	596	0	0	0	0	0	596	0	0	0	0.221294	0	0	0	0	0	0.221294	0	0	0	1	0	0	0	0	0	0	0	0	200	0	0	0	0	0	200	0	0	0	1	0	0	0	0	0	0	0	0	31.0197	0	0	0	0	0	31.0197	0	0	0	1	0	0	0	0	0	0	0	0	94	0	0	0	0	0	94	0	0	0	1	0	0	0	0	0	0	0	0	0	0	0	0	0	0	0	0	0	0	0	0	0	0	0	0	0	0	0	0	0	0	0	0	0	0	0	0	0	0	0	0	0	0	0
129	0	0	0	0	588	0	0	0	0	0	588	0	0	0	0.215823	0	0	0	0	0	0.215823	0	0	0	1	0	0	0	0	0	0	0	0	192	0	0	0	0	0	192	0	0	0	1	0	0	0	0	0	0	0	0	32.4778	0	0	0	0	0	32.4778	0	0	0	1	0	0	0	0	0	0	0	0	97	0	0	0	0	0	97	0	0	0	1	0	0	0	0	0	0	0	0	0	0	0	0	0	0	0	0	0	0	0	0	0	0	0	0	0	0	0	0	0	0	0	0	0	0	0	0	0	0	0	0	0	0	0
130	0	0	0	0	590	0	0	0	0	0	590	0	0	0	0.194249	0	0	0	0	0	0.194249	0	0	0	1	0	0	0	0	0	0	0	0	184	0	0	0	0	0	184	0	0	0	1	0	0	0	0	0	0	0	0	31.1475	0	0	0	0	0	31.1475	0	0	0	1	0	0	0	0	0	0	0	0	92	0	0	0	0	0	92	0	0	0	1	0	0	0	0	0	0	0	0	0	0	0	0	0	0	0	0	0	0	0	0	0	0	0	0	0	0	0	0	0	0	0	0	0	0	0	0	0	0	0	0	0	0	0
131	0	0	0	0	597	0	0	0	0	0	597	0	0	0	0.190086	0	0	0	0	0	0.190086	0	0	0	1	0	0	0	0	0	0	0	0	186	0	0	0	0	0	186	0	0	0	1	0	0	0	0	0	0	0	0	29.9024	0	0	0	0	0	29.9024	0	0	0	1	0	0	0	0	0	0	0	0	89	0	0	0	0	0	89	0	0	0	1	0	0	0	0	0	0	0	0	0	0	0	0	0	0	0	0	0	0	0	0	0	0	0	0	0	0	0	0	0	0	0	0	0	0	0	0	0	0	0	0	0	0	0
132	0	0	0	0	589	0	0	0	0	0	589	0	0	0	0.188101	0	0	0	0	0	0.188101	0	0	0	1	0	0	0	0	0	0	0	0	194	0	0	0	0	0	194	0	0	0	1	0	0	0	0	0	0	0	0	29.017	0	0	0	0	0	29.017	0	0	0	1	0	0	0	0	0	0	0	0	90	0	0	0	0	0	90	0	0	0	1	0	0	0	0	0	0	0	0	0	0	0	0	0	0	0	0	0	0	0	0	0	0	0	0	0	0	0	0	0	0	0	0	0	0	0	0	0	0	0	0	0	0	0
133	0	0	0	0	600	0	0	0	0	0	600	0	0	0	0.199435	0	0	0	0	0	0.199435	0	0	0	1	0	0	0	0	0	0	0	0	193	0	0	0	0	0	193	0	0	0	1	0	0	0	0	0	0	0	0	30.4284	0	0	0	0	0	30.4284	0	0	0	1	0	0	0	0	0	0	0	0	90	0	0	0	0	0	90	0	0	0	1	0	0	0	0	0	0	0	0	0	0	0	0	0	0	0	0	0	0	0	0	0	0	0	0	0	0	0	0	0	0	0	0	0	0	0	0	0	0	0	0	0	0	0
134	0	0	0	0	578	0	0	0	0	0	578	0	0	0	0.233846	0	0	0	0	0	0.233846	0	0	0	1	0	0	0	0	0	0	0	0	203	0	0	0	0	0	203	0	0	0	1	0	0	0	0	0	0	0	0	28.9237	0	0	0	0	0	28.9237	0	0	0	1	0	0	0	0	0	0	0	0	86	0	0	0	0	0	86	0	0	0	1	0	0	0	0	0	0	0	0	0	0	0	0	0	0	0	0	0	0	0	0	0	0	0	0	0	0	0	0	0	0	0	0	0	0	0	0	0	0	0	0	0	0	0
135	0	0	0	0	553	0	0	0	0	0	553	0	0	0	0.247289	0	0	0	0	0	0.247289	0	0	0	1	0	0	0	0	0	0	0	0	211	0	0	0	0	0	211	0	0	0	1	0	0	0	0	0	0	0	0	30.362	0	0	0	0	0	30.362	0	0	0	1	0	0	0	0	0	0	0	0	90	0	0	0	0	0	90	0	0	0	1	0	0	0	0	0	0	0	0	0	0	0	0	0	0	0	0	0	0	0	0	0	0	0	0	0	0	0	0	0	0	0	0	0	0	0	0	0	0	0	0	0	0	0
136	0	0	0	0	564	0	0	0	0	0	564	0	0	0	0.260039	0	0	0	0	0	0.260039	0	0	0	1	0	0	0	0	0	0	0	0	206	0	0	0	0	0	206	0	0	0	1	0	0	0	0	0	0	0	0	29.1524	0	0	0	0	0	29.1524	0	0	0	1	0	0	0	0	0	0	0	0	91	0	0	0	0	0	91	0	0	0	1	0	0	0	0	0	0	0	0	0	0	0	0	0	0	0	0	0	0	0	0	0	0	0	0	0	0	0	0	0	0	0	0	0	0	0	0	0	0	0	0	0	0	0
137	0	0	0	0	569	0	0	0	0	0	569	0	0	0	0.253655	0	0	0	0	0	0.253655	0	0	0	1	0	0	0	0	0	0	0	0	193	0	0	0	0	0	193	0	0	0	1	0	0	0	0	0	0	0	0	29.0084	0	0	0	0	0	29.0084	0	0	0	1	0	0	0	0	0	0	0	0	91	0	0	0	0	0	91	0	0	0	1	0	0	0	0	0	0	0	0	0	0	0	0	0	0	0	0	0	0	0	0	0	0	0	0	0	0	0	0	0	0	0	0	0	0	0	0	0	0	0	0	0	0	0
138	0	0	0	0	575	0	0	0	0	0	575	0	0	0	0.196746	0	0	0	0	0	0.196746	0	0	0	1	0	0	0	0	0	0	0	0	179	0	0	0	0	0	179	0	0	0	1	0	0	0	0	0	0	0	0	29.1856	0	0	0	0	0	29.1856	0	0	0	1	0	0	0	0	0	0	0	0	96	0	0	0	0	0	96	0	0	0	1	0	0	0	0	0	0	0	0	0	0	0	0	0	0	0	0	0	0	0	0	0	0	0	0	0	0	0	0	0	0	0	0	0	0	0	0	0	0	0	0	0	0	0
139	0	0	0	0	569	0	0	0	0	0	569	0	0	0	0.171842	0	0	0	0	0	0.171842	0	0	0	1	0	0	0	0	0	0	0	0	171	0	0	0	0	0	171	0	0	0	1	0	0	0	0	0	0	0	0	28.5301	0	0	0	0	0	28.5301	0	0	0	1	0	0	0	0	0	0	0	0	96	0	0	0	0	0	96	0	0	0	1	0	0	0	0	0	0	0	0	0	0	0	0	0	0	0	0	0	0	0	0	0	0	0	0	0	0	0	0	0	0	0	0	0	0	0	0	0	0	0	0	0	0	0
140	0	0	0	0	562	0	0	0	0	0	562	0	0	0	0.189004	0	0	0	0	0	0.189004	0	0	0	1	0	0	0	0	0	0	0	0	180	0	0	0	0	0	180	0	0	0	1	0	0	0	0	0	0	0	0	28.84	0	0	0	0	0	28.84	0	0	0	1	0	0	0	0	0	0	0	0	94	0	0	0	0	0	94	0	0	0	1	0	0	0	0	0	0	0	0	0	0	0	0	0	0	0	0	0	0	0	0	0	0	0	0	0	0	0	0	0	0	0	0	0	0	0	0	0	0	0	0	0	0	0
141	0	0	0	0	550	0	0	0	0	0	550	0	0	0	0.203453	0	0	0	0	0	0.203453	0	0	0	1	0	0	0	0	0	0	0	0	187	0	0	0	0	0	187	0	0	0	1	0	0	0	0	0	0	0	0	27.6909	0	0	0	0	0	27.6909	0	0	0	1	0	0	0	0	0	0	0	0	91	0	0	0	0	0	91	0	0	0	1	0	0	0	0	0	0	0	0	0	0	0	0	0	0	0	0	0	0	0	0	0	0	0	0	0	0	0	0	0	0	0	0	0	0	0	0	0	0	0	0	0	0	0
142	0	0	0	0	535	0	0	0	0	0	535	0	0	0	0.243227	0	0	0	0	0	0.243227	0	0	0	1	0	0	0	0	0	0	0	0	201	0	0	0	0	0	201	0	0	0	1	0	0	0	0	0	0	0	0	26.0236	0	0	0	0	0	26.0236	0	0	0	1	0	0	0	0	0	0	0	0	89	0	0	0	0	0	89	0	0	0	1	0	0	0	0	0	0	0	0	0	0	0	0	0	0	0	0	0	0	0	0	0	0	0	0	0	0	0	0	0	0	0	0	0	0	0	0	0	0	0	0	0	0	0
143	0	0	0	0	510	0	0	0	0	0	510	0	0	0	0.258817	0	0	0	0	0	0.258817	0	0	0	1	0	0	0	0	0	0	0	0	227	0	0	0	0	0	227	0	0	0	1	0	0	0	0	0	0	0	0	25.6899	0	0	0	0	0	25.6899	0	0	0	1	0	0	0	0	0	0	0	0	93	0	0	0	0	0	93	0	0	0	1	0	0	0	0	0	0	0	0	0	0	0	0	0	0	0	0	0	0	0	0	0	0	0	0	0	0	0	0	0	0	0	0	0	0	0	0	0	0	0	0	0	0	0
144	0	0	0	0	499	0	0	0	0	0	499	0	0	0	0.301015	0	0	0	0	0	0.301015	0	0	0	1	0	0	0	0	0	0	0	0	240	0	0	0	0	0	240	0	0	0	1	0	0	0	0	0	0	0	0	24.5254	0	0	0	0	0	24.5254	0	0	0	1	0	0	0	0	0	0	0	0	97	0	0	0	0	0	97	0	0	0	1	0	0	0	0	0	0	0	0	0	0	0	0	0	0	0	0	0	0	0	0	0	0	0	0	0	0	0	0	0	0	0	0	0	0	0	0	0	0	0	0	0	0	0
145	0	0	0	0	486	0	0	0	0	0	486	0	0	0	0.331463	0	0	0	0	0	0.331463	0	0	0	1	0	0	0	0	0	0	0	0	249	0	0	0	0	0	249	0	0	0	1	0	0	0	0	0	0	0	0	26.1042	0	0	0	0	0	26.1042	0	0	0	1	0	0	0	0	0	0	0	0	105	0	0	0	0	0	105	0	0	0	1	0	0	0	0	0	0	0	0	0	0	0	0	0	0	0	0	0	0	0	0	0	0	0	0	0	0	0	0	0	0	0	0	0	0	0	0	0	0	0	0	0	0	0
146	0	0	0	0	478	0	0	0	0	0	478	0	0	0	0.331097	0	0	0	0	0	0.331097	0	0	0	1	0	0	0	0	0	0	0	0	242	0	0	0	0	0	242	0	0	0	1	0	0	0	0	0	0	0	0	26.4198	0	0	0	0	0	26.4198	0	0	0	1	0	0	0	0	0	0	0	0	110	0	0	0	0	0	110	0	0	0	1	0	0	0	0	0	0	0	0	0	0	0	0	0	0	0	0	0	0	0	0	0	0	0	0	0	0	0	0	0	0	0	0	0	0	0	0	0	0	0	0	0	0	0
147	0	0	0	0	469	0	0	0	0	0	469	0	0	0	0.339198	0	0	0	0	0	0.339198	0	0	0	1	0	0	0	0	0	0	0	0	234	0	0	0	0	0	234	0	0	0	1	0	0	0	0	0	0	0	0	26.1305	0	0	0	0	0	26.1305	0	0	0	1	0	0	0	0	0	0	0	0	120	0	0	0	0	0	120	0	0	0	1	0	0	0	0	0	0	0	0	0	0	0	0	0	0	0	0	0	0	0	0	0	0	0	0	0	0	0	0	0	0	0	0	0	0	0	0	0	0	0	0	0	0	0
148	0	0	0	0	468	0	0	0	0	0	468	0	0	0	0.338665	0	0	0	0	0	0.338665	0	0	0	1	0	0	0	0	0	0	0	0	218	0	0	0	0	0	218	0	0	0	1	0	0	0	0	0	0	0	0	27.7027	0	0	0	0	0	27.7027	0	0	0	1	0	0	0	0	0	0	0	0	126	0	0	0	0	0	126	0	0	0	1	0	0	0	0	0	0	0	0	0	0	0	0	0	0	0	0	0	0	0	0	0	0	0	0	0	0	0	0	0	0	0	0	0	0	0	0	0	0	0	0	0	0	0
149	0	0	0	0	468	0	0	0	0	0	468	0	0	0	0.318271	0	0	0	0	0	0.318271	0	0	0	1	0	0	0	0	0	0	0	0	198	0	0	0	0	0	198	0	0	0	1	0	0	0	0	0	0	0	0	28.5099	0	0	0	0	0	28.5099	0	0	0	1	0	0	0	0	0	0	0	0	132	0	0	0	0	0	132	0	0	0	1	0	0	0	0	0	0	0	0	0	0	0	0	0	0	0	0	0	0	0	0	0	0	0	0	0	0	0	0	0	0	0	0	0	0	0	0	0	0	0	0	0	0	0
150	0	0	0	0	456	0	0	0	0	0	456	0	0	0	0.3005	0	0	0	0	0	0.3005	0	0	0	1	0	0	0	0	0	0	0	0	178	0	0	0	0	0	178	0	0	0	1	0	0	0	0	0	0	0	0	29.1984	0	0	0	0	0	29.1984	0	0	0	1	0	0	0	0	0	0	0	0	135	0	0	0	0	0	135	0	0	0	1	0	0	0	0	0	0	0	0	0	0	0	0	0	0	0	0	0	0	0	0	0	0	0	0	0	0	0	0	0	0	0	0	0	0	0	0	0	0	0	0	0	0	0
151	0	0	0	0	451	0	0	0	0	0	451	0	0	0	0.247488	0	0	0	0	0	0.247488	0	0	0	1	0	0	0	0	0	0	0	0	163	0	0	0	0	0	163	0	0	0	1	0	0	0	0	0	0	0	0	26.7622	0	0	0	0	0	26.7622	0	0	0	1	0	0	0	0	0	0	0	0	134	0	0	0	0	0	134	0	0	0	1	0	0	0	0	0	0	0	0	0	0	0	0	0	0	0	0	0	0	0	0	0	0	0	0	0	0	0	0	0	0	0	0	0	0	0	0	0	0	0	0	0	0	0
152	0	0	0	0	445	0	0	0	0	0	445	0	0	0	0.249566	0	0	0	0	0	0.249566	0	0	0	1	0	0	0	0	0	0	0	0	156	0	0	0	0	0	156	0	0	0	1	0	0	0	0	0	0	0	0	25.5081	0	0	0	0	0	25.5081	0	0	0	1	0	0	0	0	0	0	0	0	128	0	0	0	0	0	128	0	0	0	1	0	0	0	0	0	0	0	0	0	0	0	0	0	0	0	0	0	0	0	0	0	0	0	0	0	0	0	0	0	0	0	0	0	0	0	0	0	0	0	0	0	0	0
153	0	0	0	0	464	0	0	0	0	0	464	0	0	0	0.255247	0	0	0	0	0	0.255247	0	0	0	1	0	0	0	0	0	0	0	0	153	0	0	0	0	0	153	0	0	0	1	0	0	0	0	0	0	0	0	24.7685	0	0	0	0	0	24.7685	0	0	0	1	0	0	0	0	0	0	0	0	116	0	0	0	0	0	116	0	0	0	1	0	0	0	0	0	0	0	0	0	0	0	0	0	0	0	0	0	0	0	0	0	0	0	0	0	0	0	0	0	0	0	0	0	0	0	0	0	0	0	0	0	0	0
154	0	0	0	0	466	0	0	0	0	0	466	0	0	0	0.233036	0	0	0	0	0	0.233036	0	0	0	1	0	0	0	0	0	0	0	0	145	0	0	0	0	0	145	0	0	0	1	0	0	0	0	0	0	0	0	25.8502	0	0	0	0	0	25.8502	0	0	0	1	0	0	0	0	0	0	0	0	120	0	0	0	0	0	120	0	0	0	1	0	0	0	0	0	0	0	0	0	0	0	0	0	0	0	0	0	0	0	0	0	0	0	0	0	0	0	0	0	0	0	0	0	0	0	0	0	0	0	0	0	0	0
155	0	0	0	0	492	0	0	0	0	0	492	0	0	0	0.238715	0	0	0	0	0	0.238715	0	0	0	1	0	0	0	0	0	0	0	0	138	0	0	0	0	0	138	0	0	0	1	0	0	0	0	0	0	0	0	26.1813	0	0	0	0	0	26.1813	0	0	0	1	0	0	0	0	0	0	0	0	114	0	0	0	0	0	114	0	0	0	1	0	0	0	0	0	0	0	0	0	0	0	0	0	0	0	0	0	0	0	0	0	0	0	0	0	0	0	0	0	0	0	0	0	0	0	0	0	0	0	0	0	0	0
156	0	0	0	0	504	0	0	0	0	0	504	0	0	0	0.209094	0	0	0	0	0	0.209094	0	0	0	1	0	0	0	0	0	0	0	0	134	0	0	0	0	0	134	0	0	0	1	0	0	0	0	0	0	0	0	25.1803	0	0	0	0	0	25.1803	0	0	0	1	0	0	0	0	0	0	0	0	115	0	0	0	0	0	115	0	0	0	1	0	0	0	0	0	0	0	0	0	0	0	0	0	0	0	0	0	0	0	0	0	0	0	0	0	0	0	0	0	0	0	0	0	0	0	0	0	0	0	0	0	0	0
157	0	0	0	0	493	0	0	0	0	0	493	0	0	0	0.187464	0	0	0	0	0	0.187464	0	0	0	1	0	0	0	0	0	0	0	0	141	0	0	0	0	0	141	0	0	0	1	0	0	0	0	0	0	0	0	26.0227	0	0	0	0	0	26.0227	0	0	0	1	0	0	0	0	0	0	0	0	115	0	0	0	0	0	115	0	0	0	1	0	0	0	0	0	0	0	0	0	0	0	0	0	0	0	0	0	0	0	0	0	0	0	0	0	0	0	0	0	0	0	0	0	0	0	0	0	0	0	0	0	0	0
158	0	0	0	0	490	0	0	0	0	0	490	0	0	0	0.181688	0	0	0	0	0	0.181688	0	0	0	1	0	0	0	0	0	0	0	0	135	0	0	0	0	0	135	0	0	0	1	0	0	0	0	0	0	0	0	27.8063	0	0	0	0	0	27.8063	0	0	0	1	0	0	0	0	0	0	0	0	112	0	0	0	0	0	112	0	0	0	1	0	0	0	0	0	0	0	0	0	0	0	0	0	0	0	0	0	0	0	0	0	0	0	0	0	0	0	0	0	0	0	0	0	0	0	0	0	0	0	0	0	0	0
159	0	0	0	0	490	0	0	0	0	0	490	0	0	0	0.192537	0	0	0	0	0	0.192537	0	0	0	1	0	0	0	0	0	0	0	0	129	0	0	0	0	0	129	0	0	0	1	0	0	0	0	0	0	0	0	28.6457	0	0	0	0	0	28.6457	0	0	0	1	0	0	0	0	0	0	0	0	107	0	0	0	0	0	107	0	0	0	1	0	0	0	0	0	0	0	0	0	0	0	0	0	0	0	0	0	0	0	0	0	0	0	0	0	0	0	0	0	0	0	0	0	0	0	0	0	0	0	0	0	0	0
160	0	0	0	0	474	0	0	0	0	0	474	0	0	0	0.183694	0	0	0	0	0	0.183694	0	0	0	1	0	0	0	0	0	0	0	0	126	0	0	0	0	0	126	0	0	0	1	0	0	0	0	0	0	0	0	28.5537	0	0	0	0	0	28.5537	0	0	0	1	0	0	0	0	0	0	0	0	105	0	0	0	0	0	105	0	0	0	1	0	0	0	0	0	0	0	0	0	0	0	0	0	0	0	0	0	0	0	0	0	0	0	0	0	0	0	0	0	0	0	0	0	0	0	0	0	0	0	0	0	0	0
161	0	0	0	0	481	0	0	0	0	0	481	0	0	0	0.182156	0	0	0	0	0	0.182156	0	0	0	1	0	0	0	0	0	0	0	0	116	0	0	0	0	0	116	0	0	0	1	0	0	0	0	0	0	0	0	29.1362	0	0	0	0	0	29.1362	0	0	0	1	0	0	0	0	0	0	0	0	102	0	0	0	0	0	102	0	0	0	1	0	0	0	0	0	0	0	0	0	0	0	0	0	0	0	0	0	0	0	0	0	0	0	0	0	0	0	0	0	0	0	0	0	0	0	0	0	0	0	0	0	0	0
162	0	0	0	0	490	0	0	0	0	0	490	0	0	0	0.172511	0	0	0	0	0	0.172511	0	0	0	1	0	0	0	0	0	0	0	0	109	0	0	0	0	0	109	0	0	0	1	0	0	0	0	0	0	0	0	29.5796	0	0	0	0	0	29.5796	0	0	0	1	0	0	0	0	0	0	0	0	101	0	0	0	0	0	101	0	0	0	1	0	0	0	0	0	0	0	0	0	0	0	0	0	0	0	0	0	0	0	0	0	0	0	0	0	0	0	0	0	0	0	0	0	0	0	0	0	0	0	0	0	0	0
163	0	0	0	0	482	0	0	0	0	0	482	0	0	0	0.131816	0	0	0	0	0	0.131816	0	0	0	1	0	0	0	0	0	0	0	0	96	0	0	0	0	0	96	0	0	0	1	0	0	0	0	0	0	0	0	28.7896	0	0	0	0	0	28.7896	0	0	0	1	0	0	0	0	0	0	0	0	98	0	0	0	0	0	98	0	0	0	1	0	0	0	0	0	0	0	0	0	0	0	0	0	0	0	0	0	0	0	0	0	0	0	0	0	0	0	0	0	0	0	0	0	0	0	0	0	0	0	0	0	0	0
164	0	0	0	0	503	0	0	0	0	0	503	0	0	0	0.118581	0	0	0	0	0	0.118581	0	0	0	1	0	0	0	0	0	0	0	0	87	0	0	0	0	0	87	0	0	0	1	0	0	0	0	0	0	0	0	29.4796	0	0	0	0	0	29.4796	0	0	0	1	0	0	0	0	0	0	0	0	95	0	0	0	0	0	95	0	0	0	1	0	0	0	0	0	0	0	0	0	0	0	0	0	0	0	0	0	0	0	0	0	0	0	0	0	0	0	0	0	0	0	0	0	0	0	0	0	0	0	0	0	0	0
165	0	0	0	0	515	0	0	0	0	0	515	0	0	0	0.123201	0	0	0	0	0	0.123201	0	0	0	1	0	0	0	0	0	0	0	0	90	0	0	0	0	0	90	0	0	0	1	0	0	0	0	0	0	0	0	30.2132	0	0	0	0	0	30.2132	0	0	0	1	0	0	0	0	0	0	0	0	88	0	0	0	0	0	88	0	0	0	1	0	0	0	0	0	0	0	0	0	0	0	0	0	0	0	0	0	0	0	0	0	0	0	0	0	0	0	0	0	0	0	0	0	0	0	0	0	0	0	0	0	0	0
166	0	0	0	0	505	0	0	0	0	0	505	0	0	0	0.127881	0	0	0	0	0	0.127881	0	0	0	1	0	0	0	0	0	0	0	0	90	0	0	0	0	0	90	0	0	0	1	0	0	0	0	0	0	0	0	31.4502	0	0	0	0	0	31.4502	0	0	0	1	0	0	0	0	0	0	0	0	87	0	0	0	0	0	87	0	0	0	1	0	0	0	0	0	0	0	0	0	0	0	0	0	0	0	0	0	0	0	0	0	0	0	0	0	0	0	0	0	0	0	0	0	0	0	0	0	0	0	0	0	0	0
167	0	0	0	0	505	0	0	0	0	0	505	0	0	0	0.116752	0	0	0	0	0	0.116752	0	0	0	1	0	0	0	0	0	0	0	0	90	0	0	0	0	0	90	0	0	0	1	0	0	0	0	0	0	0	0	30.8445	0	0	0	0	0	30.8445	0	0	0	1	0	0	0	0	0	0	0	0	85	0	0	0	0	0	85	0	0	0	1	0	0	0	0	0	0	0	0	0	0	0	0	0	0	0	0	0	0	0	0	0	0	0	0	0	0	0	0	0	0	0	0	0	0	0	0	0	0	0	0	0	0	0
168	0	0	0	0	510	0	0	0	0	0	510	0	0	0	0.120545	0	0	0	0	0	0.120545	0	0	0	1	0	0	0	0	0	0	0	0	92	0	0	0	0	0	92	0	0	0	1	0	0	0	0	0	0	0	0	31.9404	0	0	0	0	0	31.9404	0	0	0	1	0	0	0	0	0	0	0	0	85	0	0	0	0	0	85	0	0	0	1	0	0	0	0	0	0	0	0	0	0	0	0	0	0	0	0	0	0	0	0	0	0	0	0	0	0	0	0	0	0	0	0	0	0	0	0	0	0	0	0	0	0	0
169	0	0	0	0	523	0	0	0	0	0	523	0	0	0	0.128011	0	0	0	0	0	0.128011	0	0	0	1	0	0	0	0	0	0	0	0	93	0	0	0	0	0	93	0	0	0	1	0	0	0	0	0	0	0	0	31.9618	0	0	0	0	0	31.9618	0	0	0	1	0	0	0	0	0	0	0	0	81	0	0	0	0	0	81	0	0	0	1	0	0	0	0	0	0	0	0	0	0	0	0	0	0	0	0	0	0	0	0	0	0	0	0	0	0	0	0	0	0	0	0	0	0	0	0	0	0	0	0	0	0	0
170	0	0	0	0	541	0	0	0	0	0	541	0	0	0	0.112342	0	0	0	0	0	0.112342	0	0	0	1	0	0	0	0	0	0	0	0	90	0	0	0	0	0	90	0	0	0	1	0	0	0	0	0	0	0	0	30.6614	0	0	0	0	0	30.6614	0	0	0	1	0	0	0	0	0	0	0	0	83	0	0	0	0	0	83	0	0	0	1	0	0	0	0	0	0	0	0	0	0	0	0	0	0	0	0	0	0	0	0	0	0	0	0	0	0	0	0	0	0	0	0	0	0	0	0	0	0	0	0	0	0	0
171	0	0	0	0	543	0	0	0	0	0	543	0	0	0	0.129606	0	0	0	0	0	0.129606	0	0	0	1	0	0	0	0	0	0	0	0	93	0	0	0	0	0	93	0	0	0	1	0	0	0	0	0	0	0	0	29.2857	0	0	0	0	0	29.2857	0	0	0	1	0	0	0	0	0	0	0	0	79	0	0	0	0	0	79	0	0	0	1	0	0	0	0	0	0	0	0	0	0	0	0	0	0	0	0	0	0	0	0	0	0	0	0	0	0	0	0	0	0	0	0	0	0	0	0	0	0	0	0	0	0	0
172	0	0	0	0	563	0	0	0	0	0	563	0	0	0	0.128976	0	0	0	0	0	0.128976	0	0	0	1	0	0	0	0	0	0	0	0	93	0	0	0	0	0	93	0	0	0	1	0	0	0	0	0	0	0	0	30.1674	0	0	0	0	0	30.1674	0	0	0	1	0	0	0	0	0	0	0	0	77	0	0	0	0	0	77	0	0	0	1	0	0	0	0	0	0	0	0	0	0	0	0	0	0	0	0	0	0	0	0	0	0	0	0	0	0	0	0	0	0	0	0	0	0	0	0	0	0	0	0	0	0	0
173	0	0	0	0	568	0	0	0	0	0	568	0	0	0	0.125085	0	0	0	0	0	0.125085	0	0	0	1	0	0	0	0	0	0	0	0	94	0	0	0	0	0	94	0	0	0	1	0	0	0	0	0	0	0	0	30.8956	0	0	0	0	0	30.8956	0	0	0	1	0	0	0	0	0	0	0	0	78	0	0	0	0	0	78	0	0	0	1	0	0	0	0	0	0	0	0	0	0	0	0	0	0	0	0	0	0	0	0	0	0	0	0	0	0	0	0	0	0	0	0	0	0	0	0	0	0	0	0	0	0	0
174	0	0	0	0	593	0	0	0	0	0	593	0	0	0	0.131472	0	0	0	0	0	0.131472	0	0	0	1	0	0	0	0	0	0	0	0	92	0	0	0	0	0	92	0	0	0	1	0	0	0	0	0	0	0	0	32.2888	0	0	0	0	0	32.2888	0	0	0	1	0	0	0	0	0	0	0	0	78	0	0	0	0	0	78	0	0	0	1	0	0	0	0	0	0	0	0	0	0	0	0	0	0	0	0	0	0	0	0	0	0	0	0	0	0	0	0	0	0	0	0	0	0	0	0	0	0	0	0	0	0	0
175	0	0	0	0	604	0	0	0	0	0	604	0	0	0	0.121311	0	0	0	0	0	0.121311	0	0	0	1	0	0	0	0	0	0	0	0	92	0	0	0	0	0	92	0	0	0	1	0	0	0	0	0	0	0	0	32.4622	0	0	0	0	0	32.4622	0	0	0	1	0	0	0	0	0	0	0	0	76	0	0	0	0	0	76	0	0	0	1	0	0	0	0	0	0	0	0	0	0	0	0	0	0	0	0	0	0	0	0	0	0	0	0	0	0	0	0	0	0	0	0	0	0	0	0	0	0	0	0	0	0	0
176	0	0	0	0	631	0	0	0	0	0	631	0	0	0	0.125079	0	0	0	0	0	0.125079	0	0	0	1	0	0	0	0	0	0	0	0	87	0	0	0	0	0	87	0	0	0	1	0	0	0	0	0	0	0	0	31.4675	0	0	0	0	0	31.4675	0	0	0	1	0	0	0	0	0	0	0	0	71	0	0	0	0	0	71	0	0	0	1	0	0	0	0	0	0	0	0	0	0	0	0	0	0	0	0	0	0	0	0	0	0	0	0	0	0	0	0	0	0	0	0	0	0	0	0	0	0	0	0	0	0	0
177	0	0	0	0	652	0	0	0	0	0	652	0	0	0	0.110926	0	0	0	0	0	0.110926	0	0	0	1	0	0	0	0	0	0	0	0	87	0	0	0	0	0	87	0	0	0	1	0	0	0	0	0	0	0	0	31.355	0	0	0	0	0	31.355	0	0	0	1	0	0	0	0	0	0	0	0	69	0	0	0	0	0	69	0	0	0	1	0	0	0	0	0	0	0	0	0	0	0	0	0	0	0	0	0	0	0	0	0	0	0	0	0	0	0	0	0	0	0	0	0	0	0	0	0	0	0	0	0	0	0
178	0	0	0	0	674	0	0	0	0	0	674	0	0	0	0.131711	0	0	0	0	0	0.131711	0	0	0	1	0	0	0	0	0	0	0	0	90	0	0	0	0	0	90	0	0	0	1	0	0	0	0	0	0	0	0	32.3233	0	0	0	0	0	32.3233	0	0	0	1	0	0	0	0	0	0	0	0	67	0	0	0	0	0	67	0	0	0	1	0	0	0	0	0	0	0	0	0	0	0	0	0	0	0	0	0	0	0	0	0	0	0	0	0	0	0	0	0	0	0	0	0	0	0	0	0	0	0	0	0	0	0
179	0	0	0	0	691	0	0	0	0	0	691	0	0	0	0.128377	0	0	0	0	0	0.128377	0	0	0	1	0	0	0	0	0	0	0	0	88	0	0	0	0	0	88	0	0	0	1	0	0	0	0	0	0	0	0	32.0193	0	0	0	0	0	32.0193	0	0	0	1	0	0	0	0	0	0	0	0	67	0	0	0	0	0	67	0	0	0	1	0	0	0	0	0	0	0	0	0	0	0	0	0	0	0	0	0	0	0	0	0	0	0	0	0	0	0	0	0	0	0	0	0	0	0	0	0	0	0	0	0	0	0
180	0	0	0	0	692	0	0	0	0	0	692	0	0	0	0.122516	0	0	0	0	0	0.122516	0	0	0	1	0	0	0	0	0	0	0	0	98	0	0	0	0	0	98	0	0	0	1	0	0	0	0	0	0	0	0	32.6083	0	0	0	0	0	32.6083	0	0	0	1	0	0	0	0	0	0	0	0	68	0	0	0	0	0	68	0	0	0	1	0	0	0	0	0	0	0	0	0	0	0	0	0	0	0	0	0	0	0	0	0	0	0	0	0	0	0	0	0	0	0	0	0	0	0	0	0	0	0	0	0	0	0
181	0	0	0	0	673	0	0	0	0	0	673	0	0	0	0.116831	0	0	0	0	0	0.116831	0	0	0	1	0	0	0	0	0	0	0	0	109	0	0	0	0	0	109	0	0	0	1	0	0	0	0	0	0	0	0	31.9665	0	0	0	0	0	31.9665	0	0	0	1	0	0	0	0	0	0	0	0	65	0	0	0	0	0	65	0	0	0	1	0	0	0	0	0	0	0	0	0	0	0	0	0	0	0	0	0	0	0	0	0	0	0	0	0	0	0	0	0	0	0	0	0	0	0	0	0	0	0	0	0	0	0
182	0	0	0	0	673	0	0	0	0	0	673	0	0	0	0.134094	0	0	0	0	0	0.134094	0	0	0	1	0	0	0	0	0	0	0	0	118	0	0	0	0	0	118	0	0	0	1	0	0	0	0	0	0	0	0	32.1664	0	0	0	0	0	32.1664	0	0	0	1	0	0	0	0	0	0	0	0	62	0	0	0	0	0	62	0	0	0	1	0	0	0	0	0	0	0	0	0	0	0	0	0	0	0	0	0	0	0	0	0	0	0	0	0	0	0	0	0	0	0	0	0	0	0	0	0	0	0	0	0	0	0
183	0	0	0	0	662	0	0	0	0	0	662	0	0	0	0.146326	0	0	0	0	0	0.146326	0	0	0	1	0	0	0	0	0	0	0	0	131	0	0	0	0	0	131	0	0	0	1	0	0	0	0	0	0	0	0	30.707	0	0	0	0	0	30.707	0	0	0	1	0	0	0	0	0	0	0	0	64	0	0	0	0	0	64	0	0	0	1	0	0	0	0	0	0	0	0	0	0	0	0	0	0	0	0	0	0	0	0	0	0	0	0	0	0	0	0	0	0	0	0	0	0	0	0	0	0	0	0	0	0	0
184	0	0	0	0	665	0	0	0	0	0	665	0	0	0	0.158915	0	0	0	0	0	0.158915	0	0	0	1	0	0	0	0	0	0	0	0	148	0	0	0	0	0	148	0	0	0	1	0	0	0	0	0	0	0	0	31.7323	0	0	0	0	0	31.7323	0	0	0	1	0	0	0	0	0	0	0	0	68	0	0	0	0	0	68	0	0	0	1	0	0	0	0	0	0	0	0	0	0	0	0	0	0	0	0	0	0	0	0	0	0	0	0	0	0	0	0	0	0	0	0	0	0	0	0	0	0	0	0	0	0	0
185	0	0	0	0	662	0	0	0	0	0	662	0	0	0	0.174505	0	0	0	0	0	0.174505	0	0	0	1	0	0	0	0	0	0	0	0	154	0	0	0	0	0	154	0	0	0	1	0	0	0	0	0	0	0	0	32.3325	0	0	0	0	0	32.3325	0	0	0	1	0	0	0	0	0	0	0	0	73	0	0	0	0	0	73	0	0	0	1	0	0	0	0	0	0	0	0	0	0	0	0	0	0	0	0	0	0	0	0	0	0	0	0	0	0	0	0	0	0	0	0	0	0	0	0	0	0	0	0	0	0	0
186	0	0	0	0	673	0	0	0	0	0	673	0	0	0	0.189327	0	0	0	0	0	0.189327	0	0	0	1	0	0	0	0	0	0	0	0	157	0	0	0	0	0	157	0	0	0	1	0	0	0	0	0	0	0	0	33.5076	0	0	0	0	0	33.5076	0	0	0	1	0	0	0	0	0	0	0	0	76	0	0	0	0	0	76	0	0	0	1	0	0	0	0	0	0	0	0	0	0	0	0	0	0	0	0	0	0	0	0	0	0	0	0	0	0	0	0	0	0	0	0	0	0	0	0	0	0	0	0	0	0	0
187	0	0	0	0	691	0	0	0	0	0	691	0	0	0	0.185731	0	0	0	0	0	0.185731	0	0	0	1	0	0	0	0	0	0	0	0	155	0	0	0	0	0	155	0	0	0	1	0	0	0	0	0	0	0	0	34.3406	0	0	0	0	0	34.3406	0	0	0	1	0	0	0	0	0	0	0	0	80	0	0	0	0	0	80	0	0	0	1	0	0	0	0	0	0	0	0	0	0	0	0	0	0	0	0	0	0	0	0	0	0	0	0	0	0	0	0	0	0	0	0	0	0	0	0	0	0	0	0	0	0	0
188	0	0	0	0	705	0	0	0	0	0	705	0	0	0	0.185009	0	0	0	0	0	0.185009	0	0	0	1	0	0	0	0	0	0	0	0	158	0	0	0	0	0	158	0	0	0	1	0	0	0	0	0	0	0	0	33.6443	0	0	0	0	0	33.6443	0	0	0	1	0	0	0	0	0	0	0	0	80	0	0	0	0	0	80	0	0	0	1	0	0	0	0	0	0	0	0	0	0	0	0	0	0	0	0	0	0	0	0	0	0	0	0	0	0	0	0	0	0	0	0	0	0	0	0	0	0	0	0	0	0	0
189	0	0	0	0	703	0	0	0	0	0	703	0	0	0	0.185806	0	0	0	0	0	0.185806	0	0	0	1	0	0	0	0	0	0	0	0	162	0	0	0	0	0	162	0	0	0	1	0	0	0	0	0	0	0	0	32.5176	0	0	0	0	0	32.5176	0	0	0	1	0	0	0	0	0	0	0	0	82	0	0	0	0	0	82	0	0	0	1	0	0	0	0	0	0	0	0	0	0	0	0	0	0	0	0	0	0	0	0	0	0	0	0	0	0	0	0	0	0	0	0	0	0	0	0	0	0	0	0	0	0	0
190	0	0	0	0	699	0	0	0	0	0	699	0	0	0	0.166795	0	0	0	0	0	0.166795	0	0	0	1	0	0	0	0	0	0	0	0	161	0	0	0	0	0	161	0	0	0	1	0	0	0	0	0	0	0	0	32.2487	0	0	0	0	0	32.2487	0	0	0	1	0	0	0	0	0	0	0	0	84	0	0	0	0	0	84	0	0	0	1	0	0	0	0	0	0	0	0	0	0	0	0	0	0	0	0	0	0	0	0	0	0	0	0	0	0	0	0	0	0	0	0	0	0	0	0	0	0	0	0	0	0	0
191	0	0	0	0	705	0	0	0	0	0	705	0	0	0	0.172479	0	0	0	0	0	0.172479	0	0	0	1	0	0	0	0	0	0	0	0	162	0	0	0	0	0	162	0	0	0	1	0	0	0	0	0	0	0	0	32.3161	0	0	0	0	0	32.3161	0	0	0	1	0	0	0	0	0	0	0	0	84	0	0	0	0	0	84	0	0	0	1	0	0	0	0	0	0	0	0	0	0	0	0	0	0	0	0	0	0	0	0	0	0	0	0	0	0	0	0	0	0	0	0	0	0	0	0	0	0	0	0	0	0	0
192	0	0	0	0	706	0	0	0	0	0	706	0	0	0	0.194094	0	0	0	0	0	0.194094	0	0	0	1	0	0	0	0	0	0	0	0	169	0	0	0	0	0	169	0	0	0	1	0	0	0	0	0	0	0	0	33.0125	0	0	0	0	0	33.0125	0	0	0	1	0	0	0	0	0	0	0	0	85	0	0	0	0	0	85	0	0	0	1	0	0	0	0	0	0	0	0	0	0	0	0	0	0	0	0	0	0	0	0	0	0	0	0	0	0	0	0	0	0	0	0	0	0	0	0	0	0	0	0	0	0	0
193	0	0	0	0	698	0	0	0	0	0	698	0	0	0	0.207066	0	0	0	0	0	0.207066	0	0	0	1	0	0	0	0	0	0	0	0	173	0	0	0	0	0	173	0	0	0	1	0	0	0	0	0	0	0	0	32.5347	0	0	0	0	0	32.5347	0	0	0	1	0	0	0	0	0	0	0	0	84	0	0	0	0	0	84	0	0	0	1	0	0	0	0	0	0	0	0	0	0	0	0	0	0	0	0	0	0	0	0	0	0	0	0	0	0	0	0	0	0	0	0	0	0	0	0	0	0	0	0	0	0	0
194	0	0	0	0	710	0	0	0	0	0	710	0	0	0	0.196072	0	0	0	0	0	0.196072	0	0	0	1	0	0	0	0	0	0	0	0	170	0	0	0	0	0	170	0	0	0	1	0	0	0	0	0	0	0	0	33.8392	0	0	0	0	0	33.8392	0	0	0	1	0	0	0	0	0	0	0	0	89	0	0	0	0	0	89	0	0	0	1	0	0	0	0	0	0	0	0	0	0	0	0	0	0	0	0	0	0	0	0	0	0	0	0	0	0	0	0	0	0	0	0	0	0	0	0	0	0	0	0	0	0	0
195	0	0	0	0	711	0	0	0	0	0	711	0	0	0	0.198934	0	0	0	0	0	0.198934	0	0	0	1	0	0	0	0	0	0	0	0	173	0	0	0	0	0	173	0	0	0	1	0	0	0	0	0	0	0	0	35.1949	0	0	0	0	0	35.1949	0	0	0	1	0	0	0	0	0	0	0	0	91	0	0	0	0	0	91	0	0	0	1	0	0	0	0	0	0	0	0	0	0	0	0	0	0	0	0	0	0	0	0	0	0	0	0	0	0	0	0	0	0	0	0	0	0	0	0	0	0	0	0	0	0	0
196	0	0	0	0	686	0	0	0	0	0	686	0	0	0	0.188005	0	0	0	0	0	0.188005	0	0	0	1	0	0	0	0	0	0	0	0	169	0	0	0	0	0	169	0	0	0	1	0	0	0	0	0	0	0	0	33.6555	0	0	0	0	0	33.6555	0	0	0	1	0	0	0	0	0	0	0	0	90	0	0	0	0	0	90	0	0	0	1	0	0	0	0	0	0	0	0	0	0	0	0	0	0	0	0	0	0	0	0	0	0	0	0	0	0	0	0	0	0	0	0	0	0	0	0	0	0	0	0	0	0	0
197	0	0	0	0	675	0	0	0	0	0	675	0	0	0	0.190459	0	0	0	0	0	0.190459	0	0	0	1	0	0	0	0	0	0	0	0	166	0	0	0	0	0	166	0	0	0	1	0	0	0	0	0	0	0	0	31.6162	0	0	0	0	0	31.6162	0	0	0	1	0	0	0	0	0	0	0	0	88	0	0	0	0	0	88	0	0	0	1	0	0	0	0	0	0	0	0	0	0	0	0	0	0	0	0	0	0	0	0	0	0	0	0	0	0	0	0	0	0	0	0	0	0	0	0	0	0	0	0	0	0	0
198	0	0	0	0	669	0	0	0	0	0	669	0	0	0	0.203757	0	0	0	0	0	0.203757	0	0	0	1	0	0	0	0	0	0	0	0	163	0	0	0	0	0	163	0	0	0	1	0	0	0	0	0	0	0	0	30.8285	0	0	0	0	0	30.8285	0	0	0	1	0	0	0	0	0	0	0	0	86	0	0	0	0	0	86	0	0	0	1	0	0	0	0	0	0	0	0	0	0	0	0	0	0	0	0	0	0	0	0	0	0	0	0	0	0	0	0	0	0	0	0	0	0	0	0	0	0	0	0	0	0	0
199	0	0	0	0	663	0	0	0	0	0	663	0	0	0	0.18664	0	0	0	0	0	0.18664	0	0	0	1	0	0	0	0	0	0	0	0	152	0	0	0	0	0	152	0	0	0	1	0	0	0	0	0	0	0	0	31.4859	0	0	0	0	0	31.4859	0	0	0	1	0	0	0	0	0	0	0	0	90	0	0	0	0	0	90	0	0	0	1	0	0	0	0	0	0	0	0	0	0	0	0	0	0	0	0	0	0	0	0	0	0	0	0	0	0	0	0	0	0	0	0	0	0	0	0	0	0	0	0	0	0	0
200	0	0	0	0	643	0	0	0	0	0	643	0	0	0	0.149904	0	0	0	0	0	0.149904	0	0	0	1	0	0	0	0	0	0	0	0	142	0	0	0	0	0	142	0	0	0	1	0	0	0	0	0	0	0	0	31.7525	0	0	0	0	0	31.7525	0	0	0	1	0	0	0	0	0	0	0	0	94	0	0	0	0	0	94	0	0	0	1	0	0	0	0	0	0	0	0	0	0	0	0	0	0	0	0	0	0	0	0	0	0	0	0	0	0	0	0	0	0	0	0	0	0	0	0	0	0	0	0	0	0	0
