Location: Fake forest
From parameter file: C:\Users\ben\Desktop\inputs\input_GMF_0-0-0-0-0-0-1-0-0.xml
Basal area is normalized to m^2/ha; density to #/ha.
Subplots:
0 = Whole plot
Step	Subplot	Sdl Abs Den: ACRU	Sdl Abs Den: ACSA	Sdl Abs Den: BEAL	Sdl Abs Den: FAGR	Sdl Abs Den: TSCA	Sdl Abs Den: FRAM	Sdl Abs Den: PIST	Sdl Abs Den: PRSE	Sdl Abs Den: QURU	Sdl Den Total:	Sapl Abs BA: ACRU	Sapl Abs BA: ACSA	Sapl Abs BA: BEAL	Sapl Abs BA: FAGR	Sapl Abs BA: TSCA	Sapl Abs BA: FRAM	Sapl Abs BA: PIST	Sapl Abs BA: PRSE	Sapl Abs BA: QURU	Sapl BA Total:	Sapl Rel BA: ACRU	Sapl Rel BA: ACSA	Sapl Rel BA: BEAL	Sapl Rel BA: FAGR	Sapl Rel BA: TSCA	Sapl Rel BA: FRAM	Sapl Rel BA: PIST	Sapl Rel BA: PRSE	Sapl Rel BA: QURU	Sapl Abs Den: ACRU	Sapl Abs Den: ACSA	Sapl Abs Den: BEAL	Sapl Abs Den: FAGR	Sapl Abs Den: TSCA	Sapl Abs Den: FRAM	Sapl Abs Den: PIST	Sapl Abs Den: PRSE	Sapl Abs Den: QURU	Sapl Den Total:	Sapl Rel Den: ACRU	Sapl Rel Den: ACSA	Sapl Rel Den: BEAL	Sapl Rel Den: FAGR	Sapl Rel Den: TSCA	Sapl Rel Den: FRAM	Sapl Rel Den: PIST	Sapl Rel Den: PRSE	Sapl Rel Den: QURU	Adult Abs BA: ACRU	Adult Abs BA: ACSA	Adult Abs BA: BEAL	Adult Abs BA: FAGR	Adult Abs BA: TSCA	Adult Abs BA: FRAM	Adult Abs BA: PIST	Adult Abs BA: PRSE	Adult Abs BA: QURU	Adult BA Total:	Adult Rel BA: ACRU	Adult Rel BA: ACSA	Adult Rel BA: BEAL	Adult Rel BA: FAGR	Adult Rel BA: TSCA	Adult Rel BA: FRAM	Adult Rel BA: PIST	Adult Rel BA: PRSE	Adult Rel BA: QURU	Adult Abs Den: ACRU	Adult Abs Den: ACSA	Adult Abs Den: BEAL	Adult Abs Den: FAGR	Adult Abs Den: TSCA	Adult Abs Den: FRAM	Adult Abs Den: PIST	Adult Abs Den: PRSE	Adult Abs Den: QURU	Adult Den Total:	Adult Rel Den: ACRU	Adult Rel Den: ACSA	Adult Rel Den: BEAL	Adult Rel Den: FAGR	Adult Rel Den: TSCA	Adult Rel Den: FRAM	Adult Rel Den: PIST	Adult Rel Den: PRSE	Adult Rel Den: QURU	Snag Abs BA: ACRU	Snag Abs BA: ACSA	Snag Abs BA: BEAL	Snag Abs BA: FAGR	Snag Abs BA: TSCA	Snag Abs BA: FRAM	Snag Abs BA: PIST	Snag Abs BA: PRSE	Snag Abs BA: QURU	Snag BA Total:	Snag Rel BA: ACRU	Snag Rel BA: ACSA	Snag Rel BA: BEAL	Snag Rel BA: FAGR	Snag Rel BA: TSCA	Snag Rel BA: FRAM	Snag Rel BA: PIST	Snag Rel BA: PRSE	Snag Rel BA: QURU	Snag Abs Den: ACRU	Snag Abs Den: ACSA	Snag Abs Den: BEAL	Snag Abs Den: FAGR	Snag Abs Den: TSCA	Snag Abs Den: FRAM	Snag Abs Den: PIST	Snag Abs Den: PRSE	Snag Abs Den: QURU	Snag Den Total:	Snag Rel Den: ACRU	Snag Rel Den: ACSA	Snag Rel Den: BEAL	Snag Rel Den: FAGR	Snag Rel Den: TSCA	Snag Rel Den: FRAM	Snag Rel Den: PIST	Snag Rel Den: PRSE	Snag Rel Den: QURU
0	0	0	0	0	0	0	0	0	0	0	0	0	0	0	0	0	0	0.000779778	0	0	0.000779778	0	0	0	0	0	0	1	0	0	0	0	0	0	0	0	25	0	0	25	0	0	0	0	0	0	1	0	0	0	0	0	0	0	0	0	0	0	0	0	0	0	0	0	0	0	0	0	0	0	0	0	0	0	0	0	0	0	0	0	0	0	0	0	0	0	0	0	0	0	0	0	0	0	0	0	0	0	0	0	0	0	0	0	0	0	0	0	0	0	0	0	0	0	0	0	0	0	0	0	0	0	0	0	0
1	0	0	0	0	0	0	0	0	0	0	0	0	0	0	0	0	0	0.0048549	0	0	0.0048549	0	0	0	0	0	0	1	0	0	0	0	0	0	0	0	23	0	0	23	0	0	0	0	0	0	1	0	0	0	0	0	0	0	0	0	0	0	0	0	0	0	0	0	0	0	0	0	0	0	0	0	0	0	0	0	0	0	0	0	0	0	0	0	0	0	0	0	0	0	0	0	0	0	0	0	0	0	0	0	0	0	0	0	0	0	0	0	0	0	0	0	0	0	0	0	0	0	0	0	0	0	0	0	0
2	0	0	0	0	0	0	0	0	0	0	0	0	0	0	0	0	0	0.0295984	0	0	0.0295984	0	0	0	0	0	0	1	0	0	0	0	0	0	0	0	21	0	0	21	0	0	0	0	0	0	1	0	0	0	0	0	0	0	0	0	0	0	0	0	0	0	0	0	0	0	0	0	0	0	0	0	0	0	0	0	0	0	0	0	0	0	0	0	0	0	0	0	0	0	0	0	0	0	0	0	0	0	0	0	0	0	0	0	0	0	0	0	0	0	0	0	0	0	0	0	0	0	0	0	0	0	0	0	0
3	0	0	0	0	0	0	0	0	0	0	0	0	0	0	0	0	0	0.0279995	0	0	0.0279995	0	0	0	0	0	0	1	0	0	0	0	0	0	0	0	7	0	0	7	0	0	0	0	0	0	1	0	0	0	0	0	0	0	0	0.154734	0	0	0.154734	0	0	0	0	0	0	1	0	0	0	0	0	0	0	0	12	0	0	12	0	0	0	0	0	0	1	0	0	0	0	0	0	0	0	0	0	0	0	0	0	0	0	0	0	0	0	0	0	0	0	0	0	0	0	0	0	0	0	0	0	0	0	0	0	0	0
4	0	0	0	0	0	0	0	2	0	0	2	0	0	0	0	0	0	0.00561808	0	0	0.00561808	0	0	0	0	0	0	1	0	0	0	0	0	0	0	0	1	0	0	1	0	0	0	0	0	0	1	0	0	0	0	0	0	0	0	0.748421	0	0	0.748421	0	0	0	0	0	0	1	0	0	0	0	0	0	0	0	18	0	0	18	0	0	0	0	0	0	1	0	0	0	0	0	0	0	0	0	0	0	0	0	0	0	0	0	0	0	0	0	0	0	0	0	0	0	0	0	0	0	0	0	0	0	0	0	0	0	0
5	0	0	0	0	0	0	0	8	0	0	8	0	0	0	0	0	0	0	0	0	0	0	0	0	0	0	0	0	0	0	0	0	0	0	0	0	0	0	0	0	0	0	0	0	0	0	0	0	0	0	0	0	0	0	0	1.20523	0	0	1.20523	0	0	0	0	0	0	1	0	0	0	0	0	0	0	0	18	0	0	18	0	0	0	0	0	0	1	0	0	0	0	0	0	0	0	0	0	0	0	0	0	0	0	0	0	0	0	0	0	0	0	0	0	0	0	0	0	0	0	0	0	0	0	0	0	0	0
6	0	0	0	0	0	0	0	16	0	0	16	0	0	0	0	0	0	0	0	0	0	0	0	0	0	0	0	0	0	0	0	0	0	0	0	0	0	0	0	0	0	0	0	0	0	0	0	0	0	0	0	0	0	0	0	1.38439	0	0	1.38439	0	0	0	0	0	0	1	0	0	0	0	0	0	0	0	15	0	0	15	0	0	0	0	0	0	1	0	0	0	0	0	0	0	0	0	0	0	0	0	0	0	0	0	0	0	0	0	0	0	0	0	0	0	0	0	0	0	0	0	0	0	0	0	0	0	0
7	0	0	0	0	0	0	0	23	0	0	23	0	0	0	0	0	0	0.000884239	0	0	0.000884239	0	0	0	0	0	0	1	0	0	0	0	0	0	0	0	2	0	0	2	0	0	0	0	0	0	1	0	0	0	0	0	0	0	0	1.63593	0	0	1.63593	0	0	0	0	0	0	1	0	0	0	0	0	0	0	0	14	0	0	14	0	0	0	0	0	0	1	0	0	0	0	0	0	0	0	0	0	0	0	0	0	0	0	0	0	0	0	0	0	0	0	0	0	0	0	0	0	0	0	0	0	0	0	0	0	0	0
8	0	0	0	0	0	0	0	28	0	0	28	0	0	0	0	0	0	0.00775775	0	0	0.00775775	0	0	0	0	0	0	1	0	0	0	0	0	0	0	0	7	0	0	7	0	0	0	0	0	0	1	0	0	0	0	0	0	0	0	1.98259	0	0	1.98259	0	0	0	0	0	0	1	0	0	0	0	0	0	0	0	14	0	0	14	0	0	0	0	0	0	1	0	0	0	0	0	0	0	0	0	0	0	0	0	0	0	0	0	0	0	0	0	0	0	0	0	0	0	0	0	0	0	0	0	0	0	0	0	0	0	0
9	0	0	0	0	0	0	0	36	0	0	36	0	0	0	0	0	0	0.0118889	0	0	0.0118889	0	0	0	0	0	0	1	0	0	0	0	0	0	0	0	11	0	0	11	0	0	0	0	0	0	1	0	0	0	0	0	0	0	0	2.36098	0	0	2.36098	0	0	0	0	0	0	1	0	0	0	0	0	0	0	0	16	0	0	16	0	0	0	0	0	0	1	0	0	0	0	0	0	0	0	0	0	0	0	0	0	0	0	0	0	0	0	0	0	0	0	0	0	0	0	0	0	0	0	0	0	0	0	0	0	0	0
10	0	0	0	0	0	0	0	45	0	0	45	0	0	0	0	0	0	0.0251874	0	0	0.0251874	0	0	0	0	0	0	1	0	0	0	0	0	0	0	0	15	0	0	15	0	0	0	0	0	0	1	0	0	0	0	0	0	0	0	2.81716	0	0	2.81716	0	0	0	0	0	0	1	0	0	0	0	0	0	0	0	19	0	0	19	0	0	0	0	0	0	1	0	0	0	0	0	0	0	0	0	0	0	0	0	0	0	0	0	0	0	0	0	0	0	0	0	0	0	0	0	0	0	0	0	0	0	0	0	0	0	0
11	0	0	0	0	0	0	0	46	0	0	46	0	0	0	0	0	0	0.0223396	0	0	0.0223396	0	0	0	0	0	0	1	0	0	0	0	0	0	0	0	15	0	0	15	0	0	0	0	0	0	1	0	0	0	0	0	0	0	0	3.14211	0	0	3.14211	0	0	0	0	0	0	1	0	0	0	0	0	0	0	0	25	0	0	25	0	0	0	0	0	0	1	0	0	0	0	0	0	0	0	0	0	0	0	0	0	0	0	0	0	0	0	0	0	0	0	0	0	0	0	0	0	0	0	0	0	0	0	0	0	0	0
12	0	0	0	0	0	0	0	53	0	0	53	0	0	0	0	0	0	0.0230418	0	0	0.0230418	0	0	0	0	0	0	1	0	0	0	0	0	0	0	0	18	0	0	18	0	0	0	0	0	0	1	0	0	0	0	0	0	0	0	3.93044	0	0	3.93044	0	0	0	0	0	0	1	0	0	0	0	0	0	0	0	32	0	0	32	0	0	0	0	0	0	1	0	0	0	0	0	0	0	0	0	0	0	0	0	0	0	0	0	0	0	0	0	0	0	0	0	0	0	0	0	0	0	0	0	0	0	0	0	0	0	0
13	0	0	0	0	0	0	0	65	0	0	65	0	0	0	0	0	0	0.0346294	0	0	0.0346294	0	0	0	0	0	0	1	0	0	0	0	0	0	0	0	24	0	0	24	0	0	0	0	0	0	1	0	0	0	0	0	0	0	0	4.79594	0	0	4.79594	0	0	0	0	0	0	1	0	0	0	0	0	0	0	0	37	0	0	37	0	0	0	0	0	0	1	0	0	0	0	0	0	0	0	0	0	0	0	0	0	0	0	0	0	0	0	0	0	0	0	0	0	0	0	0	0	0	0	0	0	0	0	0	0	0	0
14	0	0	0	0	0	0	0	83	0	0	83	0	0	0	0	0	0	0.0381736	0	0	0.0381736	0	0	0	0	0	0	1	0	0	0	0	0	0	0	0	26	0	0	26	0	0	0	0	0	0	1	0	0	0	0	0	0	0	0	5.94681	0	0	5.94681	0	0	0	0	0	0	1	0	0	0	0	0	0	0	0	48	0	0	48	0	0	0	0	0	0	1	0	0	0	0	0	0	0	0	0	0	0	0	0	0	0	0	0	0	0	0	0	0	0	0	0	0	0	0	0	0	0	0	0	0	0	0	0	0	0	0
15	0	0	0	0	0	0	0	106	0	0	106	0	0	0	0	0	0	0.0366684	0	0	0.0366684	0	0	0	0	0	0	1	0	0	0	0	0	0	0	0	28	0	0	28	0	0	0	0	0	0	1	0	0	0	0	0	0	0	0	7.25072	0	0	7.25072	0	0	0	0	0	0	1	0	0	0	0	0	0	0	0	57	0	0	57	0	0	0	0	0	0	1	0	0	0	0	0	0	0	0	0	0	0	0	0	0	0	0	0	0	0	0	0	0	0	0	0	0	0	0	0	0	0	0	0	0	0	0	0	0	0	0
16	0	0	0	0	0	0	0	124	0	0	124	0	0	0	0	0	0	0.0402514	0	0	0.0402514	0	0	0	0	0	0	1	0	0	0	0	0	0	0	0	41	0	0	41	0	0	0	0	0	0	1	0	0	0	0	0	0	0	0	8.79552	0	0	8.79552	0	0	0	0	0	0	1	0	0	0	0	0	0	0	0	68	0	0	68	0	0	0	0	0	0	1	0	0	0	0	0	0	0	0	0	0	0	0	0	0	0	0	0	0	0	0	0	0	0	0	0	0	0	0	0	0	0	0	0	0	0	0	0	0	0	0
17	0	0	0	0	0	0	0	139	0	0	139	0	0	0	0	0	0	0.0777708	0	0	0.0777708	0	0	0	0	0	0	1	0	0	0	0	0	0	0	0	55	0	0	55	0	0	0	0	0	0	1	0	0	0	0	0	0	0	0	9.94781	0	0	9.94781	0	0	0	0	0	0	1	0	0	0	0	0	0	0	0	74	0	0	74	0	0	0	0	0	0	1	0	0	0	0	0	0	0	0	0	0	0	0	0	0	0	0	0	0	0	0	0	0	0	0	0	0	0	0	0	0	0	0	0	0	0	0	0	0	0	0
18	0	0	0	0	0	0	0	156	0	0	156	0	0	0	0	0	0	0.0896786	0	0	0.0896786	0	0	0	0	0	0	1	0	0	0	0	0	0	0	0	67	0	0	67	0	0	0	0	0	0	1	0	0	0	0	0	0	0	0	11.5975	0	0	11.5975	0	0	0	0	0	0	1	0	0	0	0	0	0	0	0	96	0	0	96	0	0	0	0	0	0	1	0	0	0	0	0	0	0	0	0	0	0	0	0	0	0	0	0	0	0	0	0	0	0	0	0	0	0	0	0	0	0	0	0	0	0	0	0	0	0	0
19	0	0	0	0	0	0	0	190	0	0	190	0	0	0	0	0	0	0.114843	0	0	0.114843	0	0	0	0	0	0	1	0	0	0	0	0	0	0	0	80	0	0	80	0	0	0	0	0	0	1	0	0	0	0	0	0	0	0	13.9433	0	0	13.9433	0	0	0	0	0	0	1	0	0	0	0	0	0	0	0	110	0	0	110	0	0	0	0	0	0	1	0	0	0	0	0	0	0	0	0	0	0	0	0	0	0	0	0	0	0	0	0	0	0	0	0	0	0	0	0	0	0	0	0	0	0	0	0	0	0	0
20	0	0	0	0	0	0	0	226	0	0	226	0	0	0	0	0	0	0.130651	0	0	0.130651	0	0	0	0	0	0	1	0	0	0	0	0	0	0	0	85	0	0	85	0	0	0	0	0	0	1	0	0	0	0	0	0	0	0	16.2481	0	0	16.2481	0	0	0	0	0	0	1	0	0	0	0	0	0	0	0	129	0	0	129	0	0	0	0	0	0	1	0	0	0	0	0	0	0	0	0	0	0	0	0	0	0	0	0	0	0	0	0	0	0	0	0	0	0	0	0	0	0	0	0	0	0	0	0	0	0	0
21	0	0	0	0	0	0	0	262	0	0	262	0	0	0	0	0	0	0.157166	0	0	0.157166	0	0	0	0	0	0	1	0	0	0	0	0	0	0	0	110	0	0	110	0	0	0	0	0	0	1	0	0	0	0	0	0	0	0	19.2006	0	0	19.2006	0	0	0	0	0	0	1	0	0	0	0	0	0	0	0	143	0	0	143	0	0	0	0	0	0	1	0	0	0	0	0	0	0	0	0	0	0	0	0	0	0	0	0	0	0	0	0	0	0	0	0	0	0	0	0	0	0	0	0	0	0	0	0	0	0	0
22	0	0	0	0	0	0	0	291	0	0	291	0	0	0	0	0	0	0.208052	0	0	0.208052	0	0	0	0	0	0	1	0	0	0	0	0	0	0	0	138	0	0	138	0	0	0	0	0	0	1	0	0	0	0	0	0	0	0	21.0688	0	0	21.0688	0	0	0	0	0	0	1	0	0	0	0	0	0	0	0	161	0	0	161	0	0	0	0	0	0	1	0	0	0	0	0	0	0	0	0	0	0	0	0	0	0	0	0	0	0	0	0	0	0	0	0	0	0	0	0	0	0	0	0	0	0	0	0	0	0	0
23	0	0	0	0	0	0	0	338	0	0	338	0	0	0	0	0	0	0.248232	0	0	0.248232	0	0	0	0	0	0	1	0	0	0	0	0	0	0	0	154	0	0	154	0	0	0	0	0	0	1	0	0	0	0	0	0	0	0	24.6163	0	0	24.6163	0	0	0	0	0	0	1	0	0	0	0	0	0	0	0	185	0	0	185	0	0	0	0	0	0	1	0	0	0	0	0	0	0	0	0	0	0	0	0	0	0	0	0	0	0	0	0	0	0	0	0	0	0	0	0	0	0	0	0	0	0	0	0	0	0	0
24	0	0	0	0	0	0	0	403	0	0	403	0	0	0	0	0	0	0.288917	0	0	0.288917	0	0	0	0	0	0	1	0	0	0	0	0	0	0	0	176	0	0	176	0	0	0	0	0	0	1	0	0	0	0	0	0	0	0	27.3449	0	0	27.3449	0	0	0	0	0	0	1	0	0	0	0	0	0	0	0	211	0	0	211	0	0	0	0	0	0	1	0	0	0	0	0	0	0	0	0	0	0	0	0	0	0	0	0	0	0	0	0	0	0	0	0	0	0	0	0	0	0	0	0	0	0	0	0	0	0	0
25	0	0	0	0	0	0	0	469	0	0	469	0	0	0	0	0	0	0.340902	0	0	0.340902	0	0	0	0	0	0	1	0	0	0	0	0	0	0	0	204	0	0	204	0	0	0	0	0	0	1	0	0	0	0	0	0	0	0	31.1875	0	0	31.1875	0	0	0	0	0	0	1	0	0	0	0	0	0	0	0	237	0	0	237	0	0	0	0	0	0	1	0	0	0	0	0	0	0	0	0	0	0	0	0	0	0	0	0	0	0	0	0	0	0	0	0	0	0	0	0	0	0	0	0	0	0	0	0	0	0	0
26	0	0	0	0	0	0	0	524	0	0	524	0	0	0	0	0	0	0.311074	0	0	0.311074	0	0	0	0	0	0	1	0	0	0	0	0	0	0	0	218	0	0	218	0	0	0	0	0	0	1	0	0	0	0	0	0	0	0	35.6184	0	0	35.6184	0	0	0	0	0	0	1	0	0	0	0	0	0	0	0	279	0	0	279	0	0	0	0	0	0	1	0	0	0	0	0	0	0	0	0	0	0	0	0	0	0	0	0	0	0	0	0	0	0	0	0	0	0	0	0	0	0	0	0	0	0	0	0	0	0	0
27	0	0	0	0	0	0	0	593	0	0	593	0	0	0	0	0	0	0.363348	0	0	0.363348	0	0	0	0	0	0	1	0	0	0	0	0	0	0	0	259	0	0	259	0	0	0	0	0	0	1	0	0	0	0	0	0	0	0	38.6818	0	0	38.6818	0	0	0	0	0	0	1	0	0	0	0	0	0	0	0	295	0	0	295	0	0	0	0	0	0	1	0	0	0	0	0	0	0	0	0	0	0	0	0	0	0	0	0	0	0	0	0	0	0	0	0	0	0	0	0	0	0	0	0	0	0	0	0	0	0	0
28	0	0	0	0	0	0	0	636	0	0	636	0	0	0	0	0	0	0.470646	0	0	0.470646	0	0	0	0	0	0	1	0	0	0	0	0	0	0	0	312	0	0	312	0	0	0	0	0	0	1	0	0	0	0	0	0	0	0	42.6549	0	0	42.6549	0	0	0	0	0	0	1	0	0	0	0	0	0	0	0	326	0	0	326	0	0	0	0	0	0	1	0	0	0	0	0	0	0	0	0	0	0	0	0	0	0	0	0	0	0	0	0	0	0	0	0	0	0	0	0	0	0	0	0	0	0	0	0	0	0	0
29	0	0	0	0	0	0	0	685	0	0	685	0	0	0	0	0	0	0.494111	0	0	0.494111	0	0	0	0	0	0	1	0	0	0	0	0	0	0	0	340	0	0	340	0	0	0	0	0	0	1	0	0	0	0	0	0	0	0	47.452	0	0	47.452	0	0	0	0	0	0	1	0	0	0	0	0	0	0	0	374	0	0	374	0	0	0	0	0	0	1	0	0	0	0	0	0	0	0	0	0	0	0	0	0	0	0	0	0	0	0	0	0	0	0	0	0	0	0	0	0	0	0	0	0	0	0	0	0	0	0
30	0	0	0	0	0	0	0	787	0	0	787	0	0	0	0	0	0	0.601827	0	0	0.601827	0	0	0	0	0	0	1	0	0	0	0	0	0	0	0	355	0	0	355	0	0	0	0	0	0	1	0	0	0	0	0	0	0	0	52.7006	0	0	52.7006	0	0	0	0	0	0	1	0	0	0	0	0	0	0	0	409	0	0	409	0	0	0	0	0	0	1	0	0	0	0	0	0	0	0	0	0	0	0	0	0	0	0	0	0	0	0	0	0	0	0	0	0	0	0	0	0	0	0	0	0	0	0	0	0	0	0
31	0	0	0	0	0	0	0	854	0	0	854	0	0	0	0	0	0	0.70019	0	0	0.70019	0	0	0	0	0	0	1	0	0	0	0	0	0	0	0	386	0	0	386	0	0	0	0	0	0	1	0	0	0	0	0	0	0	0	57.7911	0	0	57.7911	0	0	0	0	0	0	1	0	0	0	0	0	0	0	0	446	0	0	446	0	0	0	0	0	0	1	0	0	0	0	0	0	0	0	0	0	0	0	0	0	0	0	0	0	0	0	0	0	0	0	0	0	0	0	0	0	0	0	0	0	0	0	0	0	0	0
32	0	0	0	0	0	0	0	922	0	0	922	0	0	0	0	0	0	0.68712	0	0	0.68712	0	0	0	0	0	0	1	0	0	0	0	0	0	0	0	395	0	0	395	0	0	0	0	0	0	1	0	0	0	0	0	0	0	0	60.7498	0	0	60.7498	0	0	0	0	0	0	1	0	0	0	0	0	0	0	0	484	0	0	484	0	0	0	0	0	0	1	0	0	0	0	0	0	0	0	0	0	0	0	0	0	0	0	0	0	0	0	0	0	0	0	0	0	0	0	0	0	0	0	0	0	0	0	0	0	0	0
33	0	0	0	0	0	0	0	988	0	0	988	0	0	0	0	0	0	0.686527	0	0	0.686527	0	0	0	0	0	0	1	0	0	0	0	0	0	0	0	397	0	0	397	0	0	0	0	0	0	1	0	0	0	0	0	0	0	0	65.0662	0	0	65.0662	0	0	0	0	0	0	1	0	0	0	0	0	0	0	0	509	0	0	509	0	0	0	0	0	0	1	0	0	0	0	0	0	0	0	0	0	0	0	0	0	0	0	0	0	0	0	0	0	0	0	0	0	0	0	0	0	0	0	0	0	0	0	0	0	0	0
34	0	0	0	0	0	0	0	1083	0	0	1083	0	0	0	0	0	0	0.767525	0	0	0.767525	0	0	0	0	0	0	1	0	0	0	0	0	0	0	0	398	0	0	398	0	0	0	0	0	0	1	0	0	0	0	0	0	0	0	70.2197	0	0	70.2197	0	0	0	0	0	0	1	0	0	0	0	0	0	0	0	529	0	0	529	0	0	0	0	0	0	1	0	0	0	0	0	0	0	0	0	0	0	0	0	0	0	0	0	0	0	0	0	0	0	0	0	0	0	0	0	0	0	0	0	0	0	0	0	0	0	0
35	0	0	0	0	0	0	0	1132	0	0	1132	0	0	0	0	0	0	0.801366	0	0	0.801366	0	0	0	0	0	0	1	0	0	0	0	0	0	0	0	420	0	0	420	0	0	0	0	0	0	1	0	0	0	0	0	0	0	0	73.5178	0	0	73.5178	0	0	0	0	0	0	1	0	0	0	0	0	0	0	0	548	0	0	548	0	0	0	0	0	0	1	0	0	0	0	0	0	0	0	0	0	0	0	0	0	0	0	0	0	0	0	0	0	0	0	0	0	0	0	0	0	0	0	0	0	0	0	0	0	0	0
36	0	0	0	0	0	0	0	1164	0	0	1164	0	0	0	0	0	0	0.815313	0	0	0.815313	0	0	0	0	0	0	1	0	0	0	0	0	0	0	0	422	0	0	422	0	0	0	0	0	0	1	0	0	0	0	0	0	0	0	76.1907	0	0	76.1907	0	0	0	0	0	0	1	0	0	0	0	0	0	0	0	558	0	0	558	0	0	0	0	0	0	1	0	0	0	0	0	0	0	0	0	0	0	0	0	0	0	0	0	0	0	0	0	0	0	0	0	0	0	0	0	0	0	0	0	0	0	0	0	0	0	0
37	0	0	0	0	0	0	0	1167	0	0	1167	0	0	0	0	0	0	0.765664	0	0	0.765664	0	0	0	0	0	0	1	0	0	0	0	0	0	0	0	408	0	0	408	0	0	0	0	0	0	1	0	0	0	0	0	0	0	0	78.5147	0	0	78.5147	0	0	0	0	0	0	1	0	0	0	0	0	0	0	0	562	0	0	562	0	0	0	0	0	0	1	0	0	0	0	0	0	0	0	0	0	0	0	0	0	0	0	0	0	0	0	0	0	0	0	0	0	0	0	0	0	0	0	0	0	0	0	0	0	0	0
38	0	0	0	0	0	0	0	1215	0	0	1215	0	0	0	0	0	0	0.753023	0	0	0.753023	0	0	0	0	0	0	1	0	0	0	0	0	0	0	0	411	0	0	411	0	0	0	0	0	0	1	0	0	0	0	0	0	0	0	80.6026	0	0	80.6026	0	0	0	0	0	0	1	0	0	0	0	0	0	0	0	576	0	0	576	0	0	0	0	0	0	1	0	0	0	0	0	0	0	0	0	0	0	0	0	0	0	0	0	0	0	0	0	0	0	0	0	0	0	0	0	0	0	0	0	0	0	0	0	0	0	0
39	0	0	0	0	0	0	0	1258	0	0	1258	0	0	0	0	0	0	0.827955	0	0	0.827955	0	0	0	0	0	0	1	0	0	0	0	0	0	0	0	417	0	0	417	0	0	0	0	0	0	1	0	0	0	0	0	0	0	0	83.8199	0	0	83.8199	0	0	0	0	0	0	1	0	0	0	0	0	0	0	0	576	0	0	576	0	0	0	0	0	0	1	0	0	0	0	0	0	0	0	0	0	0	0	0	0	0	0	0	0	0	0	0	0	0	0	0	0	0	0	0	0	0	0	0	0	0	0	0	0	0	0
40	0	0	0	0	0	0	0	1308	0	0	1308	0	0	0	0	0	0	0.799733	0	0	0.799733	0	0	0	0	0	0	1	0	0	0	0	0	0	0	0	408	0	0	408	0	0	0	0	0	0	1	0	0	0	0	0	0	0	0	85.2444	0	0	85.2444	0	0	0	0	0	0	1	0	0	0	0	0	0	0	0	583	0	0	583	0	0	0	0	0	0	1	0	0	0	0	0	0	0	0	0	0	0	0	0	0	0	0	0	0	0	0	0	0	0	0	0	0	0	0	0	0	0	0	0	0	0	0	0	0	0	0
41	0	0	0	0	0	0	0	1283	0	0	1283	0	0	0	0	0	0	0.792156	0	0	0.792156	0	0	0	0	0	0	1	0	0	0	0	0	0	0	0	390	0	0	390	0	0	0	0	0	0	1	0	0	0	0	0	0	0	0	83.6781	0	0	83.6781	0	0	0	0	0	0	1	0	0	0	0	0	0	0	0	579	0	0	579	0	0	0	0	0	0	1	0	0	0	0	0	0	0	0	0	0	0	0	0	0	0	0	0	0	0	0	0	0	0	0	0	0	0	0	0	0	0	0	0	0	0	0	0	0	0	0
42	0	0	0	0	0	0	0	1308	0	0	1308	0	0	0	0	0	0	0.818947	0	0	0.818947	0	0	0	0	0	0	1	0	0	0	0	0	0	0	0	401	0	0	401	0	0	0	0	0	0	1	0	0	0	0	0	0	0	0	87.2258	0	0	87.2258	0	0	0	0	0	0	1	0	0	0	0	0	0	0	0	584	0	0	584	0	0	0	0	0	0	1	0	0	0	0	0	0	0	0	0	0	0	0	0	0	0	0	0	0	0	0	0	0	0	0	0	0	0	0	0	0	0	0	0	0	0	0	0	0	0	0
43	0	0	0	0	0	0	0	1319	0	0	1319	0	0	0	0	0	0	0.792297	0	0	0.792297	0	0	0	0	0	0	1	0	0	0	0	0	0	0	0	390	0	0	390	0	0	0	0	0	0	1	0	0	0	0	0	0	0	0	88.8869	0	0	88.8869	0	0	0	0	0	0	1	0	0	0	0	0	0	0	0	590	0	0	590	0	0	0	0	0	0	1	0	0	0	0	0	0	0	0	0	0	0	0	0	0	0	0	0	0	0	0	0	0	0	0	0	0	0	0	0	0	0	0	0	0	0	0	0	0	0	0
44	0	0	0	0	0	0	0	1323	0	0	1323	0	0	0	0	0	0	0.812721	0	0	0.812721	0	0	0	0	0	0	1	0	0	0	0	0	0	0	0	372	0	0	372	0	0	0	0	0	0	1	0	0	0	0	0	0	0	0	89.2628	0	0	89.2628	0	0	0	0	0	0	1	0	0	0	0	0	0	0	0	582	0	0	582	0	0	0	0	0	0	1	0	0	0	0	0	0	0	0	0	0	0	0	0	0	0	0	0	0	0	0	0	0	0	0	0	0	0	0	0	0	0	0	0	0	0	0	0	0	0	0
45	0	0	0	0	0	0	0	1350	0	0	1350	0	0	0	0	0	0	0.732679	0	0	0.732679	0	0	0	0	0	0	1	0	0	0	0	0	0	0	0	338	0	0	338	0	0	0	0	0	0	1	0	0	0	0	0	0	0	0	89.4533	0	0	89.4533	0	0	0	0	0	0	1	0	0	0	0	0	0	0	0	595	0	0	595	0	0	0	0	0	0	1	0	0	0	0	0	0	0	0	0	0	0	0	0	0	0	0	0	0	0	0	0	0	0	0	0	0	0	0	0	0	0	0	0	0	0	0	0	0	0	0
46	0	0	0	0	0	0	0	1335	0	0	1335	0	0	0	0	0	0	0.732357	0	0	0.732357	0	0	0	0	0	0	1	0	0	0	0	0	0	0	0	327	0	0	327	0	0	0	0	0	0	1	0	0	0	0	0	0	0	0	91.6757	0	0	91.6757	0	0	0	0	0	0	1	0	0	0	0	0	0	0	0	592	0	0	592	0	0	0	0	0	0	1	0	0	0	0	0	0	0	0	0	0	0	0	0	0	0	0	0	0	0	0	0	0	0	0	0	0	0	0	0	0	0	0	0	0	0	0	0	0	0	0
47	0	0	0	0	0	0	0	1324	0	0	1324	0	0	0	0	0	0	0.707162	0	0	0.707162	0	0	0	0	0	0	1	0	0	0	0	0	0	0	0	309	0	0	309	0	0	0	0	0	0	1	0	0	0	0	0	0	0	0	92.4001	0	0	92.4001	0	0	0	0	0	0	1	0	0	0	0	0	0	0	0	591	0	0	591	0	0	0	0	0	0	1	0	0	0	0	0	0	0	0	0	0	0	0	0	0	0	0	0	0	0	0	0	0	0	0	0	0	0	0	0	0	0	0	0	0	0	0	0	0	0	0
48	0	0	0	0	0	0	0	1336	0	0	1336	0	0	0	0	0	0	0.582937	0	0	0.582937	0	0	0	0	0	0	1	0	0	0	0	0	0	0	0	291	0	0	291	0	0	0	0	0	0	1	0	0	0	0	0	0	0	0	93.7433	0	0	93.7433	0	0	0	0	0	0	1	0	0	0	0	0	0	0	0	591	0	0	591	0	0	0	0	0	0	1	0	0	0	0	0	0	0	0	0	0	0	0	0	0	0	0	0	0	0	0	0	0	0	0	0	0	0	0	0	0	0	0	0	0	0	0	0	0	0	0
49	0	0	0	0	0	0	0	1352	0	0	1352	0	0	0	0	0	0	0.582789	0	0	0.582789	0	0	0	0	0	0	1	0	0	0	0	0	0	0	0	284	0	0	284	0	0	0	0	0	0	1	0	0	0	0	0	0	0	0	94.8467	0	0	94.8467	0	0	0	0	0	0	1	0	0	0	0	0	0	0	0	584	0	0	584	0	0	0	0	0	0	1	0	0	0	0	0	0	0	0	0	0	0	0	0	0	0	0	0	0	0	0	0	0	0	0	0	0	0	0	0	0	0	0	0	0	0	0	0	0	0	0
50	0	0	0	0	0	0	0	1380	0	0	1380	0	0	0	0	0	0	0.535243	0	0	0.535243	0	0	0	0	0	0	1	0	0	0	0	0	0	0	0	274	0	0	274	0	0	0	0	0	0	1	0	0	0	0	0	0	0	0	95.3189	0	0	95.3189	0	0	0	0	0	0	1	0	0	0	0	0	0	0	0	572	0	0	572	0	0	0	0	0	0	1	0	0	0	0	0	0	0	0	0	0	0	0	0	0	0	0	0	0	0	0	0	0	0	0	0	0	0	0	0	0	0	0	0	0	0	0	0	0	0	0
51	0	0	0	0	0	0	0	1343	0	0	1343	0	0	0	0	0	0	0.523108	0	0	0.523108	0	0	0	0	0	0	1	0	0	0	0	0	0	0	0	268	0	0	268	0	0	0	0	0	0	1	0	0	0	0	0	0	0	0	95.3857	0	0	95.3857	0	0	0	0	0	0	1	0	0	0	0	0	0	0	0	561	0	0	561	0	0	0	0	0	0	1	0	0	0	0	0	0	0	0	0	0	0	0	0	0	0	0	0	0	0	0	0	0	0	0	0	0	0	0	0	0	0	0	0	0	0	0	0	0	0	0
52	0	0	0	0	0	0	0	1392	0	0	1392	0	0	0	0	0	0	0.497557	0	0	0.497557	0	0	0	0	0	0	1	0	0	0	0	0	0	0	0	259	0	0	259	0	0	0	0	0	0	1	0	0	0	0	0	0	0	0	95.6766	0	0	95.6766	0	0	0	0	0	0	1	0	0	0	0	0	0	0	0	551	0	0	551	0	0	0	0	0	0	1	0	0	0	0	0	0	0	0	0	0	0	0	0	0	0	0	0	0	0	0	0	0	0	0	0	0	0	0	0	0	0	0	0	0	0	0	0	0	0	0
53	0	0	0	0	0	0	0	1390	0	0	1390	0	0	0	0	0	0	0.482633	0	0	0.482633	0	0	0	0	0	0	1	0	0	0	0	0	0	0	0	252	0	0	252	0	0	0	0	0	0	1	0	0	0	0	0	0	0	0	97.2012	0	0	97.2012	0	0	0	0	0	0	1	0	0	0	0	0	0	0	0	546	0	0	546	0	0	0	0	0	0	1	0	0	0	0	0	0	0	0	0	0	0	0	0	0	0	0	0	0	0	0	0	0	0	0	0	0	0	0	0	0	0	0	0	0	0	0	0	0	0	0
54	0	0	0	0	0	0	0	1419	0	0	1419	0	0	0	0	0	0	0.517977	0	0	0.517977	0	0	0	0	0	0	1	0	0	0	0	0	0	0	0	242	0	0	242	0	0	0	0	0	0	1	0	0	0	0	0	0	0	0	97.4271	0	0	97.4271	0	0	0	0	0	0	1	0	0	0	0	0	0	0	0	530	0	0	530	0	0	0	0	0	0	1	0	0	0	0	0	0	0	0	0	0	0	0	0	0	0	0	0	0	0	0	0	0	0	0	0	0	0	0	0	0	0	0	0	0	0	0	0	0	0	0
55	0	0	0	0	0	0	0	1381	0	0	1381	0	0	0	0	0	0	0.511202	0	0	0.511202	0	0	0	0	0	0	1	0	0	0	0	0	0	0	0	223	0	0	223	0	0	0	0	0	0	1	0	0	0	0	0	0	0	0	95.7274	0	0	95.7274	0	0	0	0	0	0	1	0	0	0	0	0	0	0	0	516	0	0	516	0	0	0	0	0	0	1	0	0	0	0	0	0	0	0	0	0	0	0	0	0	0	0	0	0	0	0	0	0	0	0	0	0	0	0	0	0	0	0	0	0	0	0	0	0	0	0
56	0	0	0	0	0	0	0	1410	0	0	1410	0	0	0	0	0	0	0.487082	0	0	0.487082	0	0	0	0	0	0	1	0	0	0	0	0	0	0	0	208	0	0	208	0	0	0	0	0	0	1	0	0	0	0	0	0	0	0	95.7648	0	0	95.7648	0	0	0	0	0	0	1	0	0	0	0	0	0	0	0	507	0	0	507	0	0	0	0	0	0	1	0	0	0	0	0	0	0	0	0	0	0	0	0	0	0	0	0	0	0	0	0	0	0	0	0	0	0	0	0	0	0	0	0	0	0	0	0	0	0	0
57	0	0	0	0	0	0	0	1403	0	0	1403	0	0	0	0	0	0	0.440376	0	0	0.440376	0	0	0	0	0	0	1	0	0	0	0	0	0	0	0	188	0	0	188	0	0	0	0	0	0	1	0	0	0	0	0	0	0	0	94.5318	0	0	94.5318	0	0	0	0	0	0	1	0	0	0	0	0	0	0	0	501	0	0	501	0	0	0	0	0	0	1	0	0	0	0	0	0	0	0	0	0	0	0	0	0	0	0	0	0	0	0	0	0	0	0	0	0	0	0	0	0	0	0	0	0	0	0	0	0	0	0
58	0	0	0	0	0	0	0	1401	0	0	1401	0	0	0	0	0	0	0.385404	0	0	0.385404	0	0	0	0	0	0	1	0	0	0	0	0	0	0	0	166	0	0	166	0	0	0	0	0	0	1	0	0	0	0	0	0	0	0	95.4575	0	0	95.4575	0	0	0	0	0	0	1	0	0	0	0	0	0	0	0	495	0	0	495	0	0	0	0	0	0	1	0	0	0	0	0	0	0	0	0	0	0	0	0	0	0	0	0	0	0	0	0	0	0	0	0	0	0	0	0	0	0	0	0	0	0	0	0	0	0	0
59	0	0	0	0	0	0	0	1427	0	0	1427	0	0	0	0	0	0	0.369404	0	0	0.369404	0	0	0	0	0	0	1	0	0	0	0	0	0	0	0	156	0	0	156	0	0	0	0	0	0	1	0	0	0	0	0	0	0	0	97.6414	0	0	97.6414	0	0	0	0	0	0	1	0	0	0	0	0	0	0	0	487	0	0	487	0	0	0	0	0	0	1	0	0	0	0	0	0	0	0	0	0	0	0	0	0	0	0	0	0	0	0	0	0	0	0	0	0	0	0	0	0	0	0	0	0	0	0	0	0	0	0
60	0	0	0	0	0	0	0	1398	0	0	1398	0	0	0	0	0	0	0.325462	0	0	0.325462	0	0	0	0	0	0	1	0	0	0	0	0	0	0	0	149	0	0	149	0	0	0	0	0	0	1	0	0	0	0	0	0	0	0	95.638	0	0	95.638	0	0	0	0	0	0	1	0	0	0	0	0	0	0	0	475	0	0	475	0	0	0	0	0	0	1	0	0	0	0	0	0	0	0	0	0	0	0	0	0	0	0	0	0	0	0	0	0	0	0	0	0	0	0	0	0	0	0	0	0	0	0	0	0	0	0
61	0	0	0	0	0	0	0	1409	0	0	1409	0	0	0	0	0	0	0.308894	0	0	0.308894	0	0	0	0	0	0	1	0	0	0	0	0	0	0	0	145	0	0	145	0	0	0	0	0	0	1	0	0	0	0	0	0	0	0	95.7173	0	0	95.7173	0	0	0	0	0	0	1	0	0	0	0	0	0	0	0	457	0	0	457	0	0	0	0	0	0	1	0	0	0	0	0	0	0	0	0	0	0	0	0	0	0	0	0	0	0	0	0	0	0	0	0	0	0	0	0	0	0	0	0	0	0	0	0	0	0	0
62	0	0	0	0	0	0	0	1370	0	0	1370	0	0	0	0	0	0	0.277637	0	0	0.277637	0	0	0	0	0	0	1	0	0	0	0	0	0	0	0	130	0	0	130	0	0	0	0	0	0	1	0	0	0	0	0	0	0	0	93.9931	0	0	93.9931	0	0	0	0	0	0	1	0	0	0	0	0	0	0	0	437	0	0	437	0	0	0	0	0	0	1	0	0	0	0	0	0	0	0	0	0	0	0	0	0	0	0	0	0	0	0	0	0	0	0	0	0	0	0	0	0	0	0	0	0	0	0	0	0	0	0
63	0	0	0	0	0	0	0	1382	0	0	1382	0	0	0	0	0	0	0.247619	0	0	0.247619	0	0	0	0	0	0	1	0	0	0	0	0	0	0	0	128	0	0	128	0	0	0	0	0	0	1	0	0	0	0	0	0	0	0	93.4387	0	0	93.4387	0	0	0	0	0	0	1	0	0	0	0	0	0	0	0	421	0	0	421	0	0	0	0	0	0	1	0	0	0	0	0	0	0	0	0	0	0	0	0	0	0	0	0	0	0	0	0	0	0	0	0	0	0	0	0	0	0	0	0	0	0	0	0	0	0	0
64	0	0	0	0	0	0	0	1404	0	0	1404	0	0	0	0	0	0	0.294464	0	0	0.294464	0	0	0	0	0	0	1	0	0	0	0	0	0	0	0	126	0	0	126	0	0	0	0	0	0	1	0	0	0	0	0	0	0	0	95.4868	0	0	95.4868	0	0	0	0	0	0	1	0	0	0	0	0	0	0	0	414	0	0	414	0	0	0	0	0	0	1	0	0	0	0	0	0	0	0	0	0	0	0	0	0	0	0	0	0	0	0	0	0	0	0	0	0	0	0	0	0	0	0	0	0	0	0	0	0	0	0
65	0	0	0	0	0	0	0	1402	0	0	1402	0	0	0	0	0	0	0.274481	0	0	0.274481	0	0	0	0	0	0	1	0	0	0	0	0	0	0	0	127	0	0	127	0	0	0	0	0	0	1	0	0	0	0	0	0	0	0	94.6586	0	0	94.6586	0	0	0	0	0	0	1	0	0	0	0	0	0	0	0	401	0	0	401	0	0	0	0	0	0	1	0	0	0	0	0	0	0	0	0	0	0	0	0	0	0	0	0	0	0	0	0	0	0	0	0	0	0	0	0	0	0	0	0	0	0	0	0	0	0	0
66	0	0	0	0	0	0	0	1422	0	0	1422	0	0	0	0	0	0	0.240198	0	0	0.240198	0	0	0	0	0	0	1	0	0	0	0	0	0	0	0	120	0	0	120	0	0	0	0	0	0	1	0	0	0	0	0	0	0	0	95.6661	0	0	95.6661	0	0	0	0	0	0	1	0	0	0	0	0	0	0	0	389	0	0	389	0	0	0	0	0	0	1	0	0	0	0	0	0	0	0	0	0	0	0	0	0	0	0	0	0	0	0	0	0	0	0	0	0	0	0	0	0	0	0	0	0	0	0	0	0	0	0
67	0	0	0	0	0	0	0	1398	0	0	1398	0	0	0	0	0	0	0.28092	0	0	0.28092	0	0	0	0	0	0	1	0	0	0	0	0	0	0	0	129	0	0	129	0	0	0	0	0	0	1	0	0	0	0	0	0	0	0	99.0143	0	0	99.0143	0	0	0	0	0	0	1	0	0	0	0	0	0	0	0	380	0	0	380	0	0	0	0	0	0	1	0	0	0	0	0	0	0	0	0	0	0	0	0	0	0	0	0	0	0	0	0	0	0	0	0	0	0	0	0	0	0	0	0	0	0	0	0	0	0	0
68	0	0	0	0	0	0	0	1386	0	0	1386	0	0	0	0	0	0	0.305217	0	0	0.305217	0	0	0	0	0	0	1	0	0	0	0	0	0	0	0	133	0	0	133	0	0	0	0	0	0	1	0	0	0	0	0	0	0	0	97.4543	0	0	97.4543	0	0	0	0	0	0	1	0	0	0	0	0	0	0	0	363	0	0	363	0	0	0	0	0	0	1	0	0	0	0	0	0	0	0	0	0	0	0	0	0	0	0	0	0	0	0	0	0	0	0	0	0	0	0	0	0	0	0	0	0	0	0	0	0	0	0
69	0	0	0	0	0	0	0	1408	0	0	1408	0	0	0	0	0	0	0.281749	0	0	0.281749	0	0	0	0	0	0	1	0	0	0	0	0	0	0	0	132	0	0	132	0	0	0	0	0	0	1	0	0	0	0	0	0	0	0	96.2028	0	0	96.2028	0	0	0	0	0	0	1	0	0	0	0	0	0	0	0	351	0	0	351	0	0	0	0	0	0	1	0	0	0	0	0	0	0	0	0	0	0	0	0	0	0	0	0	0	0	0	0	0	0	0	0	0	0	0	0	0	0	0	0	0	0	0	0	0	0	0
70	0	0	0	0	0	0	0	1394	0	0	1394	0	0	0	0	0	0	0.244645	0	0	0.244645	0	0	0	0	0	0	1	0	0	0	0	0	0	0	0	113	0	0	113	0	0	0	0	0	0	1	0	0	0	0	0	0	0	0	94.6506	0	0	94.6506	0	0	0	0	0	0	1	0	0	0	0	0	0	0	0	343	0	0	343	0	0	0	0	0	0	1	0	0	0	0	0	0	0	0	0	0	0	0	0	0	0	0	0	0	0	0	0	0	0	0	0	0	0	0	0	0	0	0	0	0	0	0	0	0	0	0
71	0	0	0	0	0	0	0	1364	0	0	1364	0	0	0	0	0	0	0.239765	0	0	0.239765	0	0	0	0	0	0	1	0	0	0	0	0	0	0	0	115	0	0	115	0	0	0	0	0	0	1	0	0	0	0	0	0	0	0	96.4944	0	0	96.4944	0	0	0	0	0	0	1	0	0	0	0	0	0	0	0	338	0	0	338	0	0	0	0	0	0	1	0	0	0	0	0	0	0	0	0	0	0	0	0	0	0	0	0	0	0	0	0	0	0	0	0	0	0	0	0	0	0	0	0	0	0	0	0	0	0	0
72	0	0	0	0	0	0	0	1400	0	0	1400	0	0	0	0	0	0	0.218751	0	0	0.218751	0	0	0	0	0	0	1	0	0	0	0	0	0	0	0	110	0	0	110	0	0	0	0	0	0	1	0	0	0	0	0	0	0	0	94.9462	0	0	94.9462	0	0	0	0	0	0	1	0	0	0	0	0	0	0	0	325	0	0	325	0	0	0	0	0	0	1	0	0	0	0	0	0	0	0	0	0	0	0	0	0	0	0	0	0	0	0	0	0	0	0	0	0	0	0	0	0	0	0	0	0	0	0	0	0	0	0
73	0	0	0	0	0	0	0	1427	0	0	1427	0	0	0	0	0	0	0.225119	0	0	0.225119	0	0	0	0	0	0	1	0	0	0	0	0	0	0	0	107	0	0	107	0	0	0	0	0	0	1	0	0	0	0	0	0	0	0	93.5439	0	0	93.5439	0	0	0	0	0	0	1	0	0	0	0	0	0	0	0	316	0	0	316	0	0	0	0	0	0	1	0	0	0	0	0	0	0	0	0	0	0	0	0	0	0	0	0	0	0	0	0	0	0	0	0	0	0	0	0	0	0	0	0	0	0	0	0	0	0	0
74	0	0	0	0	0	0	0	1413	0	0	1413	0	0	0	0	0	0	0.23429	0	0	0.23429	0	0	0	0	0	0	1	0	0	0	0	0	0	0	0	114	0	0	114	0	0	0	0	0	0	1	0	0	0	0	0	0	0	0	96.6202	0	0	96.6202	0	0	0	0	0	0	1	0	0	0	0	0	0	0	0	311	0	0	311	0	0	0	0	0	0	1	0	0	0	0	0	0	0	0	0	0	0	0	0	0	0	0	0	0	0	0	0	0	0	0	0	0	0	0	0	0	0	0	0	0	0	0	0	0	0	0
75	0	0	0	0	0	0	0	1441	0	0	1441	0	0	0	0	0	0	0.235726	0	0	0.235726	0	0	0	0	0	0	1	0	0	0	0	0	0	0	0	111	0	0	111	0	0	0	0	0	0	1	0	0	0	0	0	0	0	0	91.0503	0	0	91.0503	0	0	0	0	0	0	1	0	0	0	0	0	0	0	0	299	0	0	299	0	0	0	0	0	0	1	0	0	0	0	0	0	0	0	0	0	0	0	0	0	0	0	0	0	0	0	0	0	0	0	0	0	0	0	0	0	0	0	0	0	0	0	0	0	0	0
76	0	0	0	0	0	0	0	1440	0	0	1440	0	0	0	0	0	0	0.207712	0	0	0.207712	0	0	0	0	0	0	1	0	0	0	0	0	0	0	0	116	0	0	116	0	0	0	0	0	0	1	0	0	0	0	0	0	0	0	92.0756	0	0	92.0756	0	0	0	0	0	0	1	0	0	0	0	0	0	0	0	297	0	0	297	0	0	0	0	0	0	1	0	0	0	0	0	0	0	0	0	0	0	0	0	0	0	0	0	0	0	0	0	0	0	0	0	0	0	0	0	0	0	0	0	0	0	0	0	0	0	0
77	0	0	0	0	0	0	0	1449	0	0	1449	0	0	0	0	0	0	0.240145	0	0	0.240145	0	0	0	0	0	0	1	0	0	0	0	0	0	0	0	133	0	0	133	0	0	0	0	0	0	1	0	0	0	0	0	0	0	0	90.6189	0	0	90.6189	0	0	0	0	0	0	1	0	0	0	0	0	0	0	0	283	0	0	283	0	0	0	0	0	0	1	0	0	0	0	0	0	0	0	0	0	0	0	0	0	0	0	0	0	0	0	0	0	0	0	0	0	0	0	0	0	0	0	0	0	0	0	0	0	0	0
78	0	0	0	0	0	0	0	1433	0	0	1433	0	0	0	0	0	0	0.250823	0	0	0.250823	0	0	0	0	0	0	1	0	0	0	0	0	0	0	0	160	0	0	160	0	0	0	0	0	0	1	0	0	0	0	0	0	0	0	88.3712	0	0	88.3712	0	0	0	0	0	0	1	0	0	0	0	0	0	0	0	272	0	0	272	0	0	0	0	0	0	1	0	0	0	0	0	0	0	0	0	0	0	0	0	0	0	0	0	0	0	0	0	0	0	0	0	0	0	0	0	0	0	0	0	0	0	0	0	0	0	0
79	0	0	0	0	0	0	0	1429	0	0	1429	0	0	0	0	0	0	0.296445	0	0	0.296445	0	0	0	0	0	0	1	0	0	0	0	0	0	0	0	176	0	0	176	0	0	0	0	0	0	1	0	0	0	0	0	0	0	0	87.8486	0	0	87.8486	0	0	0	0	0	0	1	0	0	0	0	0	0	0	0	268	0	0	268	0	0	0	0	0	0	1	0	0	0	0	0	0	0	0	0	0	0	0	0	0	0	0	0	0	0	0	0	0	0	0	0	0	0	0	0	0	0	0	0	0	0	0	0	0	0	0
80	0	0	0	0	0	0	0	1473	0	0	1473	0	0	0	0	0	0	0.298033	0	0	0.298033	0	0	0	0	0	0	1	0	0	0	0	0	0	0	0	170	0	0	170	0	0	0	0	0	0	1	0	0	0	0	0	0	0	0	89.1125	0	0	89.1125	0	0	0	0	0	0	1	0	0	0	0	0	0	0	0	275	0	0	275	0	0	0	0	0	0	1	0	0	0	0	0	0	0	0	0	0	0	0	0	0	0	0	0	0	0	0	0	0	0	0	0	0	0	0	0	0	0	0	0	0	0	0	0	0	0	0
81	0	0	0	0	0	0	0	1463	0	0	1463	0	0	0	0	0	0	0.308791	0	0	0.308791	0	0	0	0	0	0	1	0	0	0	0	0	0	0	0	180	0	0	180	0	0	0	0	0	0	1	0	0	0	0	0	0	0	0	92.3704	0	0	92.3704	0	0	0	0	0	0	1	0	0	0	0	0	0	0	0	282	0	0	282	0	0	0	0	0	0	1	0	0	0	0	0	0	0	0	0	0	0	0	0	0	0	0	0	0	0	0	0	0	0	0	0	0	0	0	0	0	0	0	0	0	0	0	0	0	0	0
82	0	0	0	0	0	0	0	1477	0	0	1477	0	0	0	0	0	0	0.289121	0	0	0.289121	0	0	0	0	0	0	1	0	0	0	0	0	0	0	0	177	0	0	177	0	0	0	0	0	0	1	0	0	0	0	0	0	0	0	94.1411	0	0	94.1411	0	0	0	0	0	0	1	0	0	0	0	0	0	0	0	287	0	0	287	0	0	0	0	0	0	1	0	0	0	0	0	0	0	0	0	0	0	0	0	0	0	0	0	0	0	0	0	0	0	0	0	0	0	0	0	0	0	0	0	0	0	0	0	0	0	0
83	0	0	0	0	0	0	0	1446	0	0	1446	0	0	0	0	0	0	0.255574	0	0	0.255574	0	0	0	0	0	0	1	0	0	0	0	0	0	0	0	164	0	0	164	0	0	0	0	0	0	1	0	0	0	0	0	0	0	0	92.2786	0	0	92.2786	0	0	0	0	0	0	1	0	0	0	0	0	0	0	0	286	0	0	286	0	0	0	0	0	0	1	0	0	0	0	0	0	0	0	0	0	0	0	0	0	0	0	0	0	0	0	0	0	0	0	0	0	0	0	0	0	0	0	0	0	0	0	0	0	0	0
84	0	0	0	0	0	0	0	1431	0	0	1431	0	0	0	0	0	0	0.248472	0	0	0.248472	0	0	0	0	0	0	1	0	0	0	0	0	0	0	0	150	0	0	150	0	0	0	0	0	0	1	0	0	0	0	0	0	0	0	92.4303	0	0	92.4303	0	0	0	0	0	0	1	0	0	0	0	0	0	0	0	283	0	0	283	0	0	0	0	0	0	1	0	0	0	0	0	0	0	0	0	0	0	0	0	0	0	0	0	0	0	0	0	0	0	0	0	0	0	0	0	0	0	0	0	0	0	0	0	0	0	0
85	0	0	0	0	0	0	0	1459	0	0	1459	0	0	0	0	0	0	0.217415	0	0	0.217415	0	0	0	0	0	0	1	0	0	0	0	0	0	0	0	141	0	0	141	0	0	0	0	0	0	1	0	0	0	0	0	0	0	0	93.8222	0	0	93.8222	0	0	0	0	0	0	1	0	0	0	0	0	0	0	0	286	0	0	286	0	0	0	0	0	0	1	0	0	0	0	0	0	0	0	0	0	0	0	0	0	0	0	0	0	0	0	0	0	0	0	0	0	0	0	0	0	0	0	0	0	0	0	0	0	0	0
86	0	0	0	0	0	0	0	1441	0	0	1441	0	0	0	0	0	0	0.238708	0	0	0.238708	0	0	0	0	0	0	1	0	0	0	0	0	0	0	0	128	0	0	128	0	0	0	0	0	0	1	0	0	0	0	0	0	0	0	92.1321	0	0	92.1321	0	0	0	0	0	0	1	0	0	0	0	0	0	0	0	273	0	0	273	0	0	0	0	0	0	1	0	0	0	0	0	0	0	0	0	0	0	0	0	0	0	0	0	0	0	0	0	0	0	0	0	0	0	0	0	0	0	0	0	0	0	0	0	0	0	0
87	0	0	0	0	0	0	0	1406	0	0	1406	0	0	0	0	0	0	0.231427	0	0	0.231427	0	0	0	0	0	0	1	0	0	0	0	0	0	0	0	119	0	0	119	0	0	0	0	0	0	1	0	0	0	0	0	0	0	0	89.5098	0	0	89.5098	0	0	0	0	0	0	1	0	0	0	0	0	0	0	0	271	0	0	271	0	0	0	0	0	0	1	0	0	0	0	0	0	0	0	0	0	0	0	0	0	0	0	0	0	0	0	0	0	0	0	0	0	0	0	0	0	0	0	0	0	0	0	0	0	0	0
88	0	0	0	0	0	0	0	1393	0	0	1393	0	0	0	0	0	0	0.197292	0	0	0.197292	0	0	0	0	0	0	1	0	0	0	0	0	0	0	0	108	0	0	108	0	0	0	0	0	0	1	0	0	0	0	0	0	0	0	88.6536	0	0	88.6536	0	0	0	0	0	0	1	0	0	0	0	0	0	0	0	269	0	0	269	0	0	0	0	0	0	1	0	0	0	0	0	0	0	0	0	0	0	0	0	0	0	0	0	0	0	0	0	0	0	0	0	0	0	0	0	0	0	0	0	0	0	0	0	0	0	0
89	0	0	0	0	0	0	0	1380	0	0	1380	0	0	0	0	0	0	0.203131	0	0	0.203131	0	0	0	0	0	0	1	0	0	0	0	0	0	0	0	115	0	0	115	0	0	0	0	0	0	1	0	0	0	0	0	0	0	0	83.8161	0	0	83.8161	0	0	0	0	0	0	1	0	0	0	0	0	0	0	0	257	0	0	257	0	0	0	0	0	0	1	0	0	0	0	0	0	0	0	0	0	0	0	0	0	0	0	0	0	0	0	0	0	0	0	0	0	0	0	0	0	0	0	0	0	0	0	0	0	0	0
90	0	0	0	0	0	0	0	1353	0	0	1353	0	0	0	0	0	0	0.202729	0	0	0.202729	0	0	0	0	0	0	1	0	0	0	0	0	0	0	0	133	0	0	133	0	0	0	0	0	0	1	0	0	0	0	0	0	0	0	83.7264	0	0	83.7264	0	0	0	0	0	0	1	0	0	0	0	0	0	0	0	249	0	0	249	0	0	0	0	0	0	1	0	0	0	0	0	0	0	0	0	0	0	0	0	0	0	0	0	0	0	0	0	0	0	0	0	0	0	0	0	0	0	0	0	0	0	0	0	0	0	0
91	0	0	0	0	0	0	0	1373	0	0	1373	0	0	0	0	0	0	0.22021	0	0	0.22021	0	0	0	0	0	0	1	0	0	0	0	0	0	0	0	157	0	0	157	0	0	0	0	0	0	1	0	0	0	0	0	0	0	0	83.3495	0	0	83.3495	0	0	0	0	0	0	1	0	0	0	0	0	0	0	0	253	0	0	253	0	0	0	0	0	0	1	0	0	0	0	0	0	0	0	0	0	0	0	0	0	0	0	0	0	0	0	0	0	0	0	0	0	0	0	0	0	0	0	0	0	0	0	0	0	0	0
92	0	0	0	0	0	0	0	1383	0	0	1383	0	0	0	0	0	0	0.237669	0	0	0.237669	0	0	0	0	0	0	1	0	0	0	0	0	0	0	0	179	0	0	179	0	0	0	0	0	0	1	0	0	0	0	0	0	0	0	83.9265	0	0	83.9265	0	0	0	0	0	0	1	0	0	0	0	0	0	0	0	252	0	0	252	0	0	0	0	0	0	1	0	0	0	0	0	0	0	0	0	0	0	0	0	0	0	0	0	0	0	0	0	0	0	0	0	0	0	0	0	0	0	0	0	0	0	0	0	0	0	0
93	0	0	0	0	0	0	0	1378	0	0	1378	0	0	0	0	0	0	0.264837	0	0	0.264837	0	0	0	0	0	0	1	0	0	0	0	0	0	0	0	188	0	0	188	0	0	0	0	0	0	1	0	0	0	0	0	0	0	0	81.6595	0	0	81.6595	0	0	0	0	0	0	1	0	0	0	0	0	0	0	0	254	0	0	254	0	0	0	0	0	0	1	0	0	0	0	0	0	0	0	0	0	0	0	0	0	0	0	0	0	0	0	0	0	0	0	0	0	0	0	0	0	0	0	0	0	0	0	0	0	0	0
94	0	0	0	0	0	0	0	1363	0	0	1363	0	0	0	0	0	0	0.333858	0	0	0.333858	0	0	0	0	0	0	1	0	0	0	0	0	0	0	0	208	0	0	208	0	0	0	0	0	0	1	0	0	0	0	0	0	0	0	79.8657	0	0	79.8657	0	0	0	0	0	0	1	0	0	0	0	0	0	0	0	254	0	0	254	0	0	0	0	0	0	1	0	0	0	0	0	0	0	0	0	0	0	0	0	0	0	0	0	0	0	0	0	0	0	0	0	0	0	0	0	0	0	0	0	0	0	0	0	0	0	0
95	0	0	0	0	0	0	0	1362	0	0	1362	0	0	0	0	0	0	0.363309	0	0	0.363309	0	0	0	0	0	0	1	0	0	0	0	0	0	0	0	223	0	0	223	0	0	0	0	0	0	1	0	0	0	0	0	0	0	0	76.1093	0	0	76.1093	0	0	0	0	0	0	1	0	0	0	0	0	0	0	0	266	0	0	266	0	0	0	0	0	0	1	0	0	0	0	0	0	0	0	0	0	0	0	0	0	0	0	0	0	0	0	0	0	0	0	0	0	0	0	0	0	0	0	0	0	0	0	0	0	0	0
96	0	0	0	0	0	0	0	1326	0	0	1326	0	0	0	0	0	0	0.351371	0	0	0.351371	0	0	0	0	0	0	1	0	0	0	0	0	0	0	0	250	0	0	250	0	0	0	0	0	0	1	0	0	0	0	0	0	0	0	77.165	0	0	77.165	0	0	0	0	0	0	1	0	0	0	0	0	0	0	0	280	0	0	280	0	0	0	0	0	0	1	0	0	0	0	0	0	0	0	0	0	0	0	0	0	0	0	0	0	0	0	0	0	0	0	0	0	0	0	0	0	0	0	0	0	0	0	0	0	0	0
97	0	0	0	0	0	0	0	1295	0	0	1295	0	0	0	0	0	0	0.374632	0	0	0.374632	0	0	0	0	0	0	1	0	0	0	0	0	0	0	0	282	0	0	282	0	0	0	0	0	0	1	0	0	0	0	0	0	0	0	79.4231	0	0	79.4231	0	0	0	0	0	0	1	0	0	0	0	0	0	0	0	289	0	0	289	0	0	0	0	0	0	1	0	0	0	0	0	0	0	0	0	0	0	0	0	0	0	0	0	0	0	0	0	0	0	0	0	0	0	0	0	0	0	0	0	0	0	0	0	0	0	0
98	0	0	0	0	0	0	0	1284	0	0	1284	0	0	0	0	0	0	0.45415	0	0	0.45415	0	0	0	0	0	0	1	0	0	0	0	0	0	0	0	322	0	0	322	0	0	0	0	0	0	1	0	0	0	0	0	0	0	0	82.9751	0	0	82.9751	0	0	0	0	0	0	1	0	0	0	0	0	0	0	0	296	0	0	296	0	0	0	0	0	0	1	0	0	0	0	0	0	0	0	0	0	0	0	0	0	0	0	0	0	0	0	0	0	0	0	0	0	0	0	0	0	0	0	0	0	0	0	0	0	0	0
99	0	0	0	0	0	0	0	1326	0	0	1326	0	0	0	0	0	0	0.532891	0	0	0.532891	0	0	0	0	0	0	1	0	0	0	0	0	0	0	0	325	0	0	325	0	0	0	0	0	0	1	0	0	0	0	0	0	0	0	83.1213	0	0	83.1213	0	0	0	0	0	0	1	0	0	0	0	0	0	0	0	306	0	0	306	0	0	0	0	0	0	1	0	0	0	0	0	0	0	0	0	0	0	0	0	0	0	0	0	0	0	0	0	0	0	0	0	0	0	0	0	0	0	0	0	0	0	0	0	0	0	0
100	0	0	0	0	0	0	0	1390	0	0	1390	0	0	0	0	0	0	0.531319	0	0	0.531319	0	0	0	0	0	0	1	0	0	0	0	0	0	0	0	319	0	0	319	0	0	0	0	0	0	1	0	0	0	0	0	0	0	0	84.0623	0	0	84.0623	0	0	0	0	0	0	1	0	0	0	0	0	0	0	0	335	0	0	335	0	0	0	0	0	0	1	0	0	0	0	0	0	0	0	0	0	0	0	0	0	0	0	0	0	0	0	0	0	0	0	0	0	0	0	0	0	0	0	0	0	0	0	0	0	0	0
101	0	0	0	0	0	0	0	1396	0	0	1396	0	0	0	0	0	0	0.580005	0	0	0.580005	0	0	0	0	0	0	1	0	0	0	0	0	0	0	0	329	0	0	329	0	0	0	0	0	0	1	0	0	0	0	0	0	0	0	82.399	0	0	82.399	0	0	0	0	0	0	1	0	0	0	0	0	0	0	0	349	0	0	349	0	0	0	0	0	0	1	0	0	0	0	0	0	0	0	0	0	0	0	0	0	0	0	0	0	0	0	0	0	0	0	0	0	0	0	0	0	0	0	0	0	0	0	0	0	0	0
102	0	0	0	0	0	0	0	1411	0	0	1411	0	0	0	0	0	0	0.593729	0	0	0.593729	0	0	0	0	0	0	1	0	0	0	0	0	0	0	0	323	0	0	323	0	0	0	0	0	0	1	0	0	0	0	0	0	0	0	83.4496	0	0	83.4496	0	0	0	0	0	0	1	0	0	0	0	0	0	0	0	369	0	0	369	0	0	0	0	0	0	1	0	0	0	0	0	0	0	0	0	0	0	0	0	0	0	0	0	0	0	0	0	0	0	0	0	0	0	0	0	0	0	0	0	0	0	0	0	0	0	0
103	0	0	0	0	0	0	0	1430	0	0	1430	0	0	0	0	0	0	0.578871	0	0	0.578871	0	0	0	0	0	0	1	0	0	0	0	0	0	0	0	322	0	0	322	0	0	0	0	0	0	1	0	0	0	0	0	0	0	0	85.8379	0	0	85.8379	0	0	0	0	0	0	1	0	0	0	0	0	0	0	0	388	0	0	388	0	0	0	0	0	0	1	0	0	0	0	0	0	0	0	0	0	0	0	0	0	0	0	0	0	0	0	0	0	0	0	0	0	0	0	0	0	0	0	0	0	0	0	0	0	0	0
104	0	0	0	0	0	0	0	1391	0	0	1391	0	0	0	0	0	0	0.631735	0	0	0.631735	0	0	0	0	0	0	1	0	0	0	0	0	0	0	0	331	0	0	331	0	0	0	0	0	0	1	0	0	0	0	0	0	0	0	86.1138	0	0	86.1138	0	0	0	0	0	0	1	0	0	0	0	0	0	0	0	388	0	0	388	0	0	0	0	0	0	1	0	0	0	0	0	0	0	0	0	0	0	0	0	0	0	0	0	0	0	0	0	0	0	0	0	0	0	0	0	0	0	0	0	0	0	0	0	0	0	0
105	0	0	0	0	0	0	0	1391	0	0	1391	0	0	0	0	0	0	0.638891	0	0	0.638891	0	0	0	0	0	0	1	0	0	0	0	0	0	0	0	333	0	0	333	0	0	0	0	0	0	1	0	0	0	0	0	0	0	0	88.0374	0	0	88.0374	0	0	0	0	0	0	1	0	0	0	0	0	0	0	0	401	0	0	401	0	0	0	0	0	0	1	0	0	0	0	0	0	0	0	0	0	0	0	0	0	0	0	0	0	0	0	0	0	0	0	0	0	0	0	0	0	0	0	0	0	0	0	0	0	0	0
106	0	0	0	0	0	0	0	1385	0	0	1385	0	0	0	0	0	0	0.641604	0	0	0.641604	0	0	0	0	0	0	1	0	0	0	0	0	0	0	0	326	0	0	326	0	0	0	0	0	0	1	0	0	0	0	0	0	0	0	89.7774	0	0	89.7774	0	0	0	0	0	0	1	0	0	0	0	0	0	0	0	408	0	0	408	0	0	0	0	0	0	1	0	0	0	0	0	0	0	0	0	0	0	0	0	0	0	0	0	0	0	0	0	0	0	0	0	0	0	0	0	0	0	0	0	0	0	0	0	0	0	0
107	0	0	0	0	0	0	0	1418	0	0	1418	0	0	0	0	0	0	0.642124	0	0	0.642124	0	0	0	0	0	0	1	0	0	0	0	0	0	0	0	328	0	0	328	0	0	0	0	0	0	1	0	0	0	0	0	0	0	0	89.4789	0	0	89.4789	0	0	0	0	0	0	1	0	0	0	0	0	0	0	0	409	0	0	409	0	0	0	0	0	0	1	0	0	0	0	0	0	0	0	0	0	0	0	0	0	0	0	0	0	0	0	0	0	0	0	0	0	0	0	0	0	0	0	0	0	0	0	0	0	0	0
108	0	0	0	0	0	0	0	1408	0	0	1408	0	0	0	0	0	0	0.578059	0	0	0.578059	0	0	0	0	0	0	1	0	0	0	0	0	0	0	0	306	0	0	306	0	0	0	0	0	0	1	0	0	0	0	0	0	0	0	88.9836	0	0	88.9836	0	0	0	0	0	0	1	0	0	0	0	0	0	0	0	414	0	0	414	0	0	0	0	0	0	1	0	0	0	0	0	0	0	0	0	0	0	0	0	0	0	0	0	0	0	0	0	0	0	0	0	0	0	0	0	0	0	0	0	0	0	0	0	0	0	0
109	0	0	0	0	0	0	0	1375	0	0	1375	0	0	0	0	0	0	0.561126	0	0	0.561126	0	0	0	0	0	0	1	0	0	0	0	0	0	0	0	286	0	0	286	0	0	0	0	0	0	1	0	0	0	0	0	0	0	0	89.7829	0	0	89.7829	0	0	0	0	0	0	1	0	0	0	0	0	0	0	0	410	0	0	410	0	0	0	0	0	0	1	0	0	0	0	0	0	0	0	0	0	0	0	0	0	0	0	0	0	0	0	0	0	0	0	0	0	0	0	0	0	0	0	0	0	0	0	0	0	0	0
110	0	0	0	0	0	0	0	1408	0	0	1408	0	0	0	0	0	0	0.528436	0	0	0.528436	0	0	0	0	0	0	1	0	0	0	0	0	0	0	0	266	0	0	266	0	0	0	0	0	0	1	0	0	0	0	0	0	0	0	90.8981	0	0	90.8981	0	0	0	0	0	0	1	0	0	0	0	0	0	0	0	414	0	0	414	0	0	0	0	0	0	1	0	0	0	0	0	0	0	0	0	0	0	0	0	0	0	0	0	0	0	0	0	0	0	0	0	0	0	0	0	0	0	0	0	0	0	0	0	0	0	0
111	0	0	0	0	0	0	0	1427	0	0	1427	0	0	0	0	0	0	0.527074	0	0	0.527074	0	0	0	0	0	0	1	0	0	0	0	0	0	0	0	241	0	0	241	0	0	0	0	0	0	1	0	0	0	0	0	0	0	0	93.9106	0	0	93.9106	0	0	0	0	0	0	1	0	0	0	0	0	0	0	0	417	0	0	417	0	0	0	0	0	0	1	0	0	0	0	0	0	0	0	0	0	0	0	0	0	0	0	0	0	0	0	0	0	0	0	0	0	0	0	0	0	0	0	0	0	0	0	0	0	0	0
112	0	0	0	0	0	0	0	1382	0	0	1382	0	0	0	0	0	0	0.459327	0	0	0.459327	0	0	0	0	0	0	1	0	0	0	0	0	0	0	0	219	0	0	219	0	0	0	0	0	0	1	0	0	0	0	0	0	0	0	93.452	0	0	93.452	0	0	0	0	0	0	1	0	0	0	0	0	0	0	0	413	0	0	413	0	0	0	0	0	0	1	0	0	0	0	0	0	0	0	0	0	0	0	0	0	0	0	0	0	0	0	0	0	0	0	0	0	0	0	0	0	0	0	0	0	0	0	0	0	0	0
113	0	0	0	0	0	0	0	1372	0	0	1372	0	0	0	0	0	0	0.473855	0	0	0.473855	0	0	0	0	0	0	1	0	0	0	0	0	0	0	0	203	0	0	203	0	0	0	0	0	0	1	0	0	0	0	0	0	0	0	91.5406	0	0	91.5406	0	0	0	0	0	0	1	0	0	0	0	0	0	0	0	403	0	0	403	0	0	0	0	0	0	1	0	0	0	0	0	0	0	0	0	0	0	0	0	0	0	0	0	0	0	0	0	0	0	0	0	0	0	0	0	0	0	0	0	0	0	0	0	0	0	0
114	0	0	0	0	0	0	0	1421	0	0	1421	0	0	0	0	0	0	0.436489	0	0	0.436489	0	0	0	0	0	0	1	0	0	0	0	0	0	0	0	183	0	0	183	0	0	0	0	0	0	1	0	0	0	0	0	0	0	0	94.9961	0	0	94.9961	0	0	0	0	0	0	1	0	0	0	0	0	0	0	0	411	0	0	411	0	0	0	0	0	0	1	0	0	0	0	0	0	0	0	0	0	0	0	0	0	0	0	0	0	0	0	0	0	0	0	0	0	0	0	0	0	0	0	0	0	0	0	0	0	0	0
115	0	0	0	0	0	0	0	1442	0	0	1442	0	0	0	0	0	0	0.379102	0	0	0.379102	0	0	0	0	0	0	1	0	0	0	0	0	0	0	0	155	0	0	155	0	0	0	0	0	0	1	0	0	0	0	0	0	0	0	94.4709	0	0	94.4709	0	0	0	0	0	0	1	0	0	0	0	0	0	0	0	398	0	0	398	0	0	0	0	0	0	1	0	0	0	0	0	0	0	0	0	0	0	0	0	0	0	0	0	0	0	0	0	0	0	0	0	0	0	0	0	0	0	0	0	0	0	0	0	0	0	0
116	0	0	0	0	0	0	0	1422	0	0	1422	0	0	0	0	0	0	0.378759	0	0	0.378759	0	0	0	0	0	0	1	0	0	0	0	0	0	0	0	148	0	0	148	0	0	0	0	0	0	1	0	0	0	0	0	0	0	0	92.8868	0	0	92.8868	0	0	0	0	0	0	1	0	0	0	0	0	0	0	0	381	0	0	381	0	0	0	0	0	0	1	0	0	0	0	0	0	0	0	0	0	0	0	0	0	0	0	0	0	0	0	0	0	0	0	0	0	0	0	0	0	0	0	0	0	0	0	0	0	0	0
117	0	0	0	0	0	0	0	1396	0	0	1396	0	0	0	0	0	0	0.357385	0	0	0.357385	0	0	0	0	0	0	1	0	0	0	0	0	0	0	0	136	0	0	136	0	0	0	0	0	0	1	0	0	0	0	0	0	0	0	92.5182	0	0	92.5182	0	0	0	0	0	0	1	0	0	0	0	0	0	0	0	373	0	0	373	0	0	0	0	0	0	1	0	0	0	0	0	0	0	0	0	0	0	0	0	0	0	0	0	0	0	0	0	0	0	0	0	0	0	0	0	0	0	0	0	0	0	0	0	0	0	0
118	0	0	0	0	0	0	0	1419	0	0	1419	0	0	0	0	0	0	0.31096	0	0	0.31096	0	0	0	0	0	0	1	0	0	0	0	0	0	0	0	123	0	0	123	0	0	0	0	0	0	1	0	0	0	0	0	0	0	0	93.1735	0	0	93.1735	0	0	0	0	0	0	1	0	0	0	0	0	0	0	0	370	0	0	370	0	0	0	0	0	0	1	0	0	0	0	0	0	0	0	0	0	0	0	0	0	0	0	0	0	0	0	0	0	0	0	0	0	0	0	0	0	0	0	0	0	0	0	0	0	0	0
119	0	0	0	0	0	0	0	1386	0	0	1386	0	0	0	0	0	0	0.316738	0	0	0.316738	0	0	0	0	0	0	1	0	0	0	0	0	0	0	0	120	0	0	120	0	0	0	0	0	0	1	0	0	0	0	0	0	0	0	92.4702	0	0	92.4702	0	0	0	0	0	0	1	0	0	0	0	0	0	0	0	357	0	0	357	0	0	0	0	0	0	1	0	0	0	0	0	0	0	0	0	0	0	0	0	0	0	0	0	0	0	0	0	0	0	0	0	0	0	0	0	0	0	0	0	0	0	0	0	0	0	0
120	0	0	0	0	0	0	0	1412	0	0	1412	0	0	0	0	0	0	0.283338	0	0	0.283338	0	0	0	0	0	0	1	0	0	0	0	0	0	0	0	111	0	0	111	0	0	0	0	0	0	1	0	0	0	0	0	0	0	0	93.4554	0	0	93.4554	0	0	0	0	0	0	1	0	0	0	0	0	0	0	0	346	0	0	346	0	0	0	0	0	0	1	0	0	0	0	0	0	0	0	0	0	0	0	0	0	0	0	0	0	0	0	0	0	0	0	0	0	0	0	0	0	0	0	0	0	0	0	0	0	0	0
121	0	0	0	0	0	0	0	1388	0	0	1388	0	0	0	0	0	0	0.212743	0	0	0.212743	0	0	0	0	0	0	1	0	0	0	0	0	0	0	0	95	0	0	95	0	0	0	0	0	0	1	0	0	0	0	0	0	0	0	90.5664	0	0	90.5664	0	0	0	0	0	0	1	0	0	0	0	0	0	0	0	337	0	0	337	0	0	0	0	0	0	1	0	0	0	0	0	0	0	0	0	0	0	0	0	0	0	0	0	0	0	0	0	0	0	0	0	0	0	0	0	0	0	0	0	0	0	0	0	0	0	0
122	0	0	0	0	0	0	0	1393	0	0	1393	0	0	0	0	0	0	0.173392	0	0	0.173392	0	0	0	0	0	0	1	0	0	0	0	0	0	0	0	91	0	0	91	0	0	0	0	0	0	1	0	0	0	0	0	0	0	0	89.8804	0	0	89.8804	0	0	0	0	0	0	1	0	0	0	0	0	0	0	0	330	0	0	330	0	0	0	0	0	0	1	0	0	0	0	0	0	0	0	0	0	0	0	0	0	0	0	0	0	0	0	0	0	0	0	0	0	0	0	0	0	0	0	0	0	0	0	0	0	0	0
123	0	0	0	0	0	0	0	1419	0	0	1419	0	0	0	0	0	0	0.172951	0	0	0.172951	0	0	0	0	0	0	1	0	0	0	0	0	0	0	0	89	0	0	89	0	0	0	0	0	0	1	0	0	0	0	0	0	0	0	90.545	0	0	90.545	0	0	0	0	0	0	1	0	0	0	0	0	0	0	0	321	0	0	321	0	0	0	0	0	0	1	0	0	0	0	0	0	0	0	0	0	0	0	0	0	0	0	0	0	0	0	0	0	0	0	0	0	0	0	0	0	0	0	0	0	0	0	0	0	0	0
124	0	0	0	0	0	0	0	1416	0	0	1416	0	0	0	0	0	0	0.159244	0	0	0.159244	0	0	0	0	0	0	1	0	0	0	0	0	0	0	0	88	0	0	88	0	0	0	0	0	0	1	0	0	0	0	0	0	0	0	92.3948	0	0	92.3948	0	0	0	0	0	0	1	0	0	0	0	0	0	0	0	314	0	0	314	0	0	0	0	0	0	1	0	0	0	0	0	0	0	0	0	0	0	0	0	0	0	0	0	0	0	0	0	0	0	0	0	0	0	0	0	0	0	0	0	0	0	0	0	0	0	0
125	0	0	0	0	0	0	0	1388	0	0	1388	0	0	0	0	0	0	0.158853	0	0	0.158853	0	0	0	0	0	0	1	0	0	0	0	0	0	0	0	88	0	0	88	0	0	0	0	0	0	1	0	0	0	0	0	0	0	0	95.5412	0	0	95.5412	0	0	0	0	0	0	1	0	0	0	0	0	0	0	0	311	0	0	311	0	0	0	0	0	0	1	0	0	0	0	0	0	0	0	0	0	0	0	0	0	0	0	0	0	0	0	0	0	0	0	0	0	0	0	0	0	0	0	0	0	0	0	0	0	0	0
126	0	0	0	0	0	0	0	1443	0	0	1443	0	0	0	0	0	0	0.14268	0	0	0.14268	0	0	0	0	0	0	1	0	0	0	0	0	0	0	0	88	0	0	88	0	0	0	0	0	0	1	0	0	0	0	0	0	0	0	98.3745	0	0	98.3745	0	0	0	0	0	0	1	0	0	0	0	0	0	0	0	306	0	0	306	0	0	0	0	0	0	1	0	0	0	0	0	0	0	0	0	0	0	0	0	0	0	0	0	0	0	0	0	0	0	0	0	0	0	0	0	0	0	0	0	0	0	0	0	0	0	0
127	0	0	0	0	0	0	0	1421	0	0	1421	0	0	0	0	0	0	0.124512	0	0	0.124512	0	0	0	0	0	0	1	0	0	0	0	0	0	0	0	85	0	0	85	0	0	0	0	0	0	1	0	0	0	0	0	0	0	0	99.1332	0	0	99.1332	0	0	0	0	0	0	1	0	0	0	0	0	0	0	0	298	0	0	298	0	0	0	0	0	0	1	0	0	0	0	0	0	0	0	0	0	0	0	0	0	0	0	0	0	0	0	0	0	0	0	0	0	0	0	0	0	0	0	0	0	0	0	0	0	0	0
128	0	0	0	0	0	0	0	1424	0	0	1424	0	0	0	0	0	0	0.121173	0	0	0.121173	0	0	0	0	0	0	1	0	0	0	0	0	0	0	0	81	0	0	81	0	0	0	0	0	0	1	0	0	0	0	0	0	0	0	98.9562	0	0	98.9562	0	0	0	0	0	0	1	0	0	0	0	0	0	0	0	286	0	0	286	0	0	0	0	0	0	1	0	0	0	0	0	0	0	0	0	0	0	0	0	0	0	0	0	0	0	0	0	0	0	0	0	0	0	0	0	0	0	0	0	0	0	0	0	0	0	0
129	0	0	0	0	0	0	0	1396	0	0	1396	0	0	0	0	0	0	0.126421	0	0	0.126421	0	0	0	0	0	0	1	0	0	0	0	0	0	0	0	80	0	0	80	0	0	0	0	0	0	1	0	0	0	0	0	0	0	0	97.5912	0	0	97.5912	0	0	0	0	0	0	1	0	0	0	0	0	0	0	0	272	0	0	272	0	0	0	0	0	0	1	0	0	0	0	0	0	0	0	0	0	0	0	0	0	0	0	0	0	0	0	0	0	0	0	0	0	0	0	0	0	0	0	0	0	0	0	0	0	0	0
130	0	0	0	0	0	0	0	1429	0	0	1429	0	0	0	0	0	0	0.140752	0	0	0.140752	0	0	0	0	0	0	1	0	0	0	0	0	0	0	0	78	0	0	78	0	0	0	0	0	0	1	0	0	0	0	0	0	0	0	98.6342	0	0	98.6342	0	0	0	0	0	0	1	0	0	0	0	0	0	0	0	263	0	0	263	0	0	0	0	0	0	1	0	0	0	0	0	0	0	0	0	0	0	0	0	0	0	0	0	0	0	0	0	0	0	0	0	0	0	0	0	0	0	0	0	0	0	0	0	0	0	0
131	0	0	0	0	0	0	0	1440	0	0	1440	0	0	0	0	0	0	0.142129	0	0	0.142129	0	0	0	0	0	0	1	0	0	0	0	0	0	0	0	71	0	0	71	0	0	0	0	0	0	1	0	0	0	0	0	0	0	0	99.1653	0	0	99.1653	0	0	0	0	0	0	1	0	0	0	0	0	0	0	0	258	0	0	258	0	0	0	0	0	0	1	0	0	0	0	0	0	0	0	0	0	0	0	0	0	0	0	0	0	0	0	0	0	0	0	0	0	0	0	0	0	0	0	0	0	0	0	0	0	0	0
132	0	0	0	0	0	0	0	1393	0	0	1393	0	0	0	0	0	0	0.12516	0	0	0.12516	0	0	0	0	0	0	1	0	0	0	0	0	0	0	0	58	0	0	58	0	0	0	0	0	0	1	0	0	0	0	0	0	0	0	99.4558	0	0	99.4558	0	0	0	0	0	0	1	0	0	0	0	0	0	0	0	255	0	0	255	0	0	0	0	0	0	1	0	0	0	0	0	0	0	0	0	0	0	0	0	0	0	0	0	0	0	0	0	0	0	0	0	0	0	0	0	0	0	0	0	0	0	0	0	0	0	0
133	0	0	0	0	0	0	0	1361	0	0	1361	0	0	0	0	0	0	0.126899	0	0	0.126899	0	0	0	0	0	0	1	0	0	0	0	0	0	0	0	55	0	0	55	0	0	0	0	0	0	1	0	0	0	0	0	0	0	0	100.832	0	0	100.832	0	0	0	0	0	0	1	0	0	0	0	0	0	0	0	250	0	0	250	0	0	0	0	0	0	1	0	0	0	0	0	0	0	0	0	0	0	0	0	0	0	0	0	0	0	0	0	0	0	0	0	0	0	0	0	0	0	0	0	0	0	0	0	0	0	0
134	0	0	0	0	0	0	0	1395	0	0	1395	0	0	0	0	0	0	0.111877	0	0	0.111877	0	0	0	0	0	0	1	0	0	0	0	0	0	0	0	49	0	0	49	0	0	0	0	0	0	1	0	0	0	0	0	0	0	0	102.293	0	0	102.293	0	0	0	0	0	0	1	0	0	0	0	0	0	0	0	244	0	0	244	0	0	0	0	0	0	1	0	0	0	0	0	0	0	0	0	0	0	0	0	0	0	0	0	0	0	0	0	0	0	0	0	0	0	0	0	0	0	0	0	0	0	0	0	0	0	0
135	0	0	0	0	0	0	0	1403	0	0	1403	0	0	0	0	0	0	0.0952911	0	0	0.0952911	0	0	0	0	0	0	1	0	0	0	0	0	0	0	0	45	0	0	45	0	0	0	0	0	0	1	0	0	0	0	0	0	0	0	96.4432	0	0	96.4432	0	0	0	0	0	0	1	0	0	0	0	0	0	0	0	232	0	0	232	0	0	0	0	0	0	1	0	0	0	0	0	0	0	0	0	0	0	0	0	0	0	0	0	0	0	0	0	0	0	0	0	0	0	0	0	0	0	0	0	0	0	0	0	0	0	0
136	0	0	0	0	0	0	0	1408	0	0	1408	0	0	0	0	0	0	0.103352	0	0	0.103352	0	0	0	0	0	0	1	0	0	0	0	0	0	0	0	45	0	0	45	0	0	0	0	0	0	1	0	0	0	0	0	0	0	0	95.4213	0	0	95.4213	0	0	0	0	0	0	1	0	0	0	0	0	0	0	0	221	0	0	221	0	0	0	0	0	0	1	0	0	0	0	0	0	0	0	0	0	0	0	0	0	0	0	0	0	0	0	0	0	0	0	0	0	0	0	0	0	0	0	0	0	0	0	0	0	0	0
137	0	0	0	0	0	0	0	1393	0	0	1393	0	0	0	0	0	0	0.0718845	0	0	0.0718845	0	0	0	0	0	0	1	0	0	0	0	0	0	0	0	40	0	0	40	0	0	0	0	0	0	1	0	0	0	0	0	0	0	0	96.9065	0	0	96.9065	0	0	0	0	0	0	1	0	0	0	0	0	0	0	0	220	0	0	220	0	0	0	0	0	0	1	0	0	0	0	0	0	0	0	0	0	0	0	0	0	0	0	0	0	0	0	0	0	0	0	0	0	0	0	0	0	0	0	0	0	0	0	0	0	0	0
138	0	0	0	0	0	0	0	1393	0	0	1393	0	0	0	0	0	0	0.0735666	0	0	0.0735666	0	0	0	0	0	0	1	0	0	0	0	0	0	0	0	33	0	0	33	0	0	0	0	0	0	1	0	0	0	0	0	0	0	0	94.7539	0	0	94.7539	0	0	0	0	0	0	1	0	0	0	0	0	0	0	0	210	0	0	210	0	0	0	0	0	0	1	0	0	0	0	0	0	0	0	0	0	0	0	0	0	0	0	0	0	0	0	0	0	0	0	0	0	0	0	0	0	0	0	0	0	0	0	0	0	0	0
139	0	0	0	0	0	0	0	1413	0	0	1413	0	0	0	0	0	0	0.0713254	0	0	0.0713254	0	0	0	0	0	0	1	0	0	0	0	0	0	0	0	27	0	0	27	0	0	0	0	0	0	1	0	0	0	0	0	0	0	0	93.6346	0	0	93.6346	0	0	0	0	0	0	1	0	0	0	0	0	0	0	0	204	0	0	204	0	0	0	0	0	0	1	0	0	0	0	0	0	0	0	0	0	0	0	0	0	0	0	0	0	0	0	0	0	0	0	0	0	0	0	0	0	0	0	0	0	0	0	0	0	0	0
140	0	0	0	0	0	0	0	1423	0	0	1423	0	0	0	0	0	0	0.0750794	0	0	0.0750794	0	0	0	0	0	0	1	0	0	0	0	0	0	0	0	33	0	0	33	0	0	0	0	0	0	1	0	0	0	0	0	0	0	0	93.5106	0	0	93.5106	0	0	0	0	0	0	1	0	0	0	0	0	0	0	0	198	0	0	198	0	0	0	0	0	0	1	0	0	0	0	0	0	0	0	0	0	0	0	0	0	0	0	0	0	0	0	0	0	0	0	0	0	0	0	0	0	0	0	0	0	0	0	0	0	0	0
141	0	0	0	0	0	0	0	1407	0	0	1407	0	0	0	0	0	0	0.0601491	0	0	0.0601491	0	0	0	0	0	0	1	0	0	0	0	0	0	0	0	33	0	0	33	0	0	0	0	0	0	1	0	0	0	0	0	0	0	0	93.3504	0	0	93.3504	0	0	0	0	0	0	1	0	0	0	0	0	0	0	0	194	0	0	194	0	0	0	0	0	0	1	0	0	0	0	0	0	0	0	0	0	0	0	0	0	0	0	0	0	0	0	0	0	0	0	0	0	0	0	0	0	0	0	0	0	0	0	0	0	0	0
142	0	0	0	0	0	0	0	1443	0	0	1443	0	0	0	0	0	0	0.0499436	0	0	0.0499436	0	0	0	0	0	0	1	0	0	0	0	0	0	0	0	33	0	0	33	0	0	0	0	0	0	1	0	0	0	0	0	0	0	0	96.1102	0	0	96.1102	0	0	0	0	0	0	1	0	0	0	0	0	0	0	0	195	0	0	195	0	0	0	0	0	0	1	0	0	0	0	0	0	0	0	0	0	0	0	0	0	0	0	0	0	0	0	0	0	0	0	0	0	0	0	0	0	0	0	0	0	0	0	0	0	0	0
143	0	0	0	0	0	0	0	1461	0	0	1461	0	0	0	0	0	0	0.0470421	0	0	0.0470421	0	0	0	0	0	0	1	0	0	0	0	0	0	0	0	34	0	0	34	0	0	0	0	0	0	1	0	0	0	0	0	0	0	0	92.6574	0	0	92.6574	0	0	0	0	0	0	1	0	0	0	0	0	0	0	0	185	0	0	185	0	0	0	0	0	0	1	0	0	0	0	0	0	0	0	0	0	0	0	0	0	0	0	0	0	0	0	0	0	0	0	0	0	0	0	0	0	0	0	0	0	0	0	0	0	0	0
144	0	0	0	0	0	0	0	1438	0	0	1438	0	0	0	0	0	0	0.0700176	0	0	0.0700176	0	0	0	0	0	0	1	0	0	0	0	0	0	0	0	47	0	0	47	0	0	0	0	0	0	1	0	0	0	0	0	0	0	0	89.4022	0	0	89.4022	0	0	0	0	0	0	1	0	0	0	0	0	0	0	0	173	0	0	173	0	0	0	0	0	0	1	0	0	0	0	0	0	0	0	0	0	0	0	0	0	0	0	0	0	0	0	0	0	0	0	0	0	0	0	0	0	0	0	0	0	0	0	0	0	0	0
145	0	0	0	0	0	0	0	1390	0	0	1390	0	0	0	0	0	0	0.0788506	0	0	0.0788506	0	0	0	0	0	0	1	0	0	0	0	0	0	0	0	61	0	0	61	0	0	0	0	0	0	1	0	0	0	0	0	0	0	0	83.1643	0	0	83.1643	0	0	0	0	0	0	1	0	0	0	0	0	0	0	0	163	0	0	163	0	0	0	0	0	0	1	0	0	0	0	0	0	0	0	0	0	0	0	0	0	0	0	0	0	0	0	0	0	0	0	0	0	0	0	0	0	0	0	0	0	0	0	0	0	0	0
146	0	0	0	0	0	0	0	1370	0	0	1370	0	0	0	0	0	0	0.0835042	0	0	0.0835042	0	0	0	0	0	0	1	0	0	0	0	0	0	0	0	83	0	0	83	0	0	0	0	0	0	1	0	0	0	0	0	0	0	0	79.7267	0	0	79.7267	0	0	0	0	0	0	1	0	0	0	0	0	0	0	0	156	0	0	156	0	0	0	0	0	0	1	0	0	0	0	0	0	0	0	0	0	0	0	0	0	0	0	0	0	0	0	0	0	0	0	0	0	0	0	0	0	0	0	0	0	0	0	0	0	0	0
147	0	0	0	0	0	0	0	1355	0	0	1355	0	0	0	0	0	0	0.114402	0	0	0.114402	0	0	0	0	0	0	1	0	0	0	0	0	0	0	0	121	0	0	121	0	0	0	0	0	0	1	0	0	0	0	0	0	0	0	77.721	0	0	77.721	0	0	0	0	0	0	1	0	0	0	0	0	0	0	0	149	0	0	149	0	0	0	0	0	0	1	0	0	0	0	0	0	0	0	0	0	0	0	0	0	0	0	0	0	0	0	0	0	0	0	0	0	0	0	0	0	0	0	0	0	0	0	0	0	0	0
148	0	0	0	0	0	0	0	1374	0	0	1374	0	0	0	0	0	0	0.16989	0	0	0.16989	0	0	0	0	0	0	1	0	0	0	0	0	0	0	0	151	0	0	151	0	0	0	0	0	0	1	0	0	0	0	0	0	0	0	77.4688	0	0	77.4688	0	0	0	0	0	0	1	0	0	0	0	0	0	0	0	147	0	0	147	0	0	0	0	0	0	1	0	0	0	0	0	0	0	0	0	0	0	0	0	0	0	0	0	0	0	0	0	0	0	0	0	0	0	0	0	0	0	0	0	0	0	0	0	0	0	0
149	0	0	0	0	0	0	0	1347	0	0	1347	0	0	0	0	0	0	0.203227	0	0	0.203227	0	0	0	0	0	0	1	0	0	0	0	0	0	0	0	176	0	0	176	0	0	0	0	0	0	1	0	0	0	0	0	0	0	0	78.9603	0	0	78.9603	0	0	0	0	0	0	1	0	0	0	0	0	0	0	0	156	0	0	156	0	0	0	0	0	0	1	0	0	0	0	0	0	0	0	0	0	0	0	0	0	0	0	0	0	0	0	0	0	0	0	0	0	0	0	0	0	0	0	0	0	0	0	0	0	0	0
150	0	0	0	0	0	0	0	1336	0	0	1336	0	0	0	0	0	0	0.245148	0	0	0.245148	0	0	0	0	0	0	1	0	0	0	0	0	0	0	0	203	0	0	203	0	0	0	0	0	0	1	0	0	0	0	0	0	0	0	81.5195	0	0	81.5195	0	0	0	0	0	0	1	0	0	0	0	0	0	0	0	166	0	0	166	0	0	0	0	0	0	1	0	0	0	0	0	0	0	0	0	0	0	0	0	0	0	0	0	0	0	0	0	0	0	0	0	0	0	0	0	0	0	0	0	0	0	0	0	0	0	0
151	0	0	0	0	0	0	0	1337	0	0	1337	0	0	0	0	0	0	0.280876	0	0	0.280876	0	0	0	0	0	0	1	0	0	0	0	0	0	0	0	212	0	0	212	0	0	0	0	0	0	1	0	0	0	0	0	0	0	0	83.3092	0	0	83.3092	0	0	0	0	0	0	1	0	0	0	0	0	0	0	0	174	0	0	174	0	0	0	0	0	0	1	0	0	0	0	0	0	0	0	0	0	0	0	0	0	0	0	0	0	0	0	0	0	0	0	0	0	0	0	0	0	0	0	0	0	0	0	0	0	0	0
152	0	0	0	0	0	0	0	1334	0	0	1334	0	0	0	0	0	0	0.298929	0	0	0.298929	0	0	0	0	0	0	1	0	0	0	0	0	0	0	0	214	0	0	214	0	0	0	0	0	0	1	0	0	0	0	0	0	0	0	84.1284	0	0	84.1284	0	0	0	0	0	0	1	0	0	0	0	0	0	0	0	185	0	0	185	0	0	0	0	0	0	1	0	0	0	0	0	0	0	0	0	0	0	0	0	0	0	0	0	0	0	0	0	0	0	0	0	0	0	0	0	0	0	0	0	0	0	0	0	0	0	0
153	0	0	0	0	0	0	0	1345	0	0	1345	0	0	0	0	0	0	0.352374	0	0	0.352374	0	0	0	0	0	0	1	0	0	0	0	0	0	0	0	211	0	0	211	0	0	0	0	0	0	1	0	0	0	0	0	0	0	0	81.6487	0	0	81.6487	0	0	0	0	0	0	1	0	0	0	0	0	0	0	0	189	0	0	189	0	0	0	0	0	0	1	0	0	0	0	0	0	0	0	0	0	0	0	0	0	0	0	0	0	0	0	0	0	0	0	0	0	0	0	0	0	0	0	0	0	0	0	0	0	0	0
154	0	0	0	0	0	0	0	1356	0	0	1356	0	0	0	0	0	0	0.328637	0	0	0.328637	0	0	0	0	0	0	1	0	0	0	0	0	0	0	0	219	0	0	219	0	0	0	0	0	0	1	0	0	0	0	0	0	0	0	83.3087	0	0	83.3087	0	0	0	0	0	0	1	0	0	0	0	0	0	0	0	209	0	0	209	0	0	0	0	0	0	1	0	0	0	0	0	0	0	0	0	0	0	0	0	0	0	0	0	0	0	0	0	0	0	0	0	0	0	0	0	0	0	0	0	0	0	0	0	0	0	0
155	0	0	0	0	0	0	0	1340	0	0	1340	0	0	0	0	0	0	0.351016	0	0	0.351016	0	0	0	0	0	0	1	0	0	0	0	0	0	0	0	219	0	0	219	0	0	0	0	0	0	1	0	0	0	0	0	0	0	0	82.5551	0	0	82.5551	0	0	0	0	0	0	1	0	0	0	0	0	0	0	0	209	0	0	209	0	0	0	0	0	0	1	0	0	0	0	0	0	0	0	0	0	0	0	0	0	0	0	0	0	0	0	0	0	0	0	0	0	0	0	0	0	0	0	0	0	0	0	0	0	0	0
156	0	0	0	0	0	0	0	1340	0	0	1340	0	0	0	0	0	0	0.335696	0	0	0.335696	0	0	0	0	0	0	1	0	0	0	0	0	0	0	0	212	0	0	212	0	0	0	0	0	0	1	0	0	0	0	0	0	0	0	81.1177	0	0	81.1177	0	0	0	0	0	0	1	0	0	0	0	0	0	0	0	212	0	0	212	0	0	0	0	0	0	1	0	0	0	0	0	0	0	0	0	0	0	0	0	0	0	0	0	0	0	0	0	0	0	0	0	0	0	0	0	0	0	0	0	0	0	0	0	0	0	0
157	0	0	0	0	0	0	0	1336	0	0	1336	0	0	0	0	0	0	0.370399	0	0	0.370399	0	0	0	0	0	0	1	0	0	0	0	0	0	0	0	202	0	0	202	0	0	0	0	0	0	1	0	0	0	0	0	0	0	0	81.688	0	0	81.688	0	0	0	0	0	0	1	0	0	0	0	0	0	0	0	215	0	0	215	0	0	0	0	0	0	1	0	0	0	0	0	0	0	0	0	0	0	0	0	0	0	0	0	0	0	0	0	0	0	0	0	0	0	0	0	0	0	0	0	0	0	0	0	0	0	0
158	0	0	0	0	0	0	0	1315	0	0	1315	0	0	0	0	0	0	0.388094	0	0	0.388094	0	0	0	0	0	0	1	0	0	0	0	0	0	0	0	201	0	0	201	0	0	0	0	0	0	1	0	0	0	0	0	0	0	0	78.4719	0	0	78.4719	0	0	0	0	0	0	1	0	0	0	0	0	0	0	0	221	0	0	221	0	0	0	0	0	0	1	0	0	0	0	0	0	0	0	0	0	0	0	0	0	0	0	0	0	0	0	0	0	0	0	0	0	0	0	0	0	0	0	0	0	0	0	0	0	0	0
159	0	0	0	0	0	0	0	1316	0	0	1316	0	0	0	0	0	0	0.289414	0	0	0.289414	0	0	0	0	0	0	1	0	0	0	0	0	0	0	0	188	0	0	188	0	0	0	0	0	0	1	0	0	0	0	0	0	0	0	80.169	0	0	80.169	0	0	0	0	0	0	1	0	0	0	0	0	0	0	0	238	0	0	238	0	0	0	0	0	0	1	0	0	0	0	0	0	0	0	0	0	0	0	0	0	0	0	0	0	0	0	0	0	0	0	0	0	0	0	0	0	0	0	0	0	0	0	0	0	0	0
160	0	0	0	0	0	0	0	1319	0	0	1319	0	0	0	0	0	0	0.322478	0	0	0.322478	0	0	0	0	0	0	1	0	0	0	0	0	0	0	0	185	0	0	185	0	0	0	0	0	0	1	0	0	0	0	0	0	0	0	80.5345	0	0	80.5345	0	0	0	0	0	0	1	0	0	0	0	0	0	0	0	238	0	0	238	0	0	0	0	0	0	1	0	0	0	0	0	0	0	0	0	0	0	0	0	0	0	0	0	0	0	0	0	0	0	0	0	0	0	0	0	0	0	0	0	0	0	0	0	0	0	0
161	0	0	0	0	0	0	0	1323	0	0	1323	0	0	0	0	0	0	0.289268	0	0	0.289268	0	0	0	0	0	0	1	0	0	0	0	0	0	0	0	180	0	0	180	0	0	0	0	0	0	1	0	0	0	0	0	0	0	0	79.8133	0	0	79.8133	0	0	0	0	0	0	1	0	0	0	0	0	0	0	0	248	0	0	248	0	0	0	0	0	0	1	0	0	0	0	0	0	0	0	0	0	0	0	0	0	0	0	0	0	0	0	0	0	0	0	0	0	0	0	0	0	0	0	0	0	0	0	0	0	0	0
162	0	0	0	0	0	0	0	1308	0	0	1308	0	0	0	0	0	0	0.282659	0	0	0.282659	0	0	0	0	0	0	1	0	0	0	0	0	0	0	0	173	0	0	173	0	0	0	0	0	0	1	0	0	0	0	0	0	0	0	78.6371	0	0	78.6371	0	0	0	0	0	0	1	0	0	0	0	0	0	0	0	252	0	0	252	0	0	0	0	0	0	1	0	0	0	0	0	0	0	0	0	0	0	0	0	0	0	0	0	0	0	0	0	0	0	0	0	0	0	0	0	0	0	0	0	0	0	0	0	0	0	0
163	0	0	0	0	0	0	0	1319	0	0	1319	0	0	0	0	0	0	0.271014	0	0	0.271014	0	0	0	0	0	0	1	0	0	0	0	0	0	0	0	180	0	0	180	0	0	0	0	0	0	1	0	0	0	0	0	0	0	0	80.2173	0	0	80.2173	0	0	0	0	0	0	1	0	0	0	0	0	0	0	0	259	0	0	259	0	0	0	0	0	0	1	0	0	0	0	0	0	0	0	0	0	0	0	0	0	0	0	0	0	0	0	0	0	0	0	0	0	0	0	0	0	0	0	0	0	0	0	0	0	0	0
164	0	0	0	0	0	0	0	1336	0	0	1336	0	0	0	0	0	0	0.270573	0	0	0.270573	0	0	0	0	0	0	1	0	0	0	0	0	0	0	0	188	0	0	188	0	0	0	0	0	0	1	0	0	0	0	0	0	0	0	83.1064	0	0	83.1064	0	0	0	0	0	0	1	0	0	0	0	0	0	0	0	266	0	0	266	0	0	0	0	0	0	1	0	0	0	0	0	0	0	0	0	0	0	0	0	0	0	0	0	0	0	0	0	0	0	0	0	0	0	0	0	0	0	0	0	0	0	0	0	0	0	0
165	0	0	0	0	0	0	0	1343	0	0	1343	0	0	0	0	0	0	0.284295	0	0	0.284295	0	0	0	0	0	0	1	0	0	0	0	0	0	0	0	185	0	0	185	0	0	0	0	0	0	1	0	0	0	0	0	0	0	0	83.5362	0	0	83.5362	0	0	0	0	0	0	1	0	0	0	0	0	0	0	0	261	0	0	261	0	0	0	0	0	0	1	0	0	0	0	0	0	0	0	0	0	0	0	0	0	0	0	0	0	0	0	0	0	0	0	0	0	0	0	0	0	0	0	0	0	0	0	0	0	0	0
166	0	0	0	0	0	0	0	1330	0	0	1330	0	0	0	0	0	0	0.256601	0	0	0.256601	0	0	0	0	0	0	1	0	0	0	0	0	0	0	0	177	0	0	177	0	0	0	0	0	0	1	0	0	0	0	0	0	0	0	87.1519	0	0	87.1519	0	0	0	0	0	0	1	0	0	0	0	0	0	0	0	273	0	0	273	0	0	0	0	0	0	1	0	0	0	0	0	0	0	0	0	0	0	0	0	0	0	0	0	0	0	0	0	0	0	0	0	0	0	0	0	0	0	0	0	0	0	0	0	0	0	0
167	0	0	0	0	0	0	0	1352	0	0	1352	0	0	0	0	0	0	0.245573	0	0	0.245573	0	0	0	0	0	0	1	0	0	0	0	0	0	0	0	166	0	0	166	0	0	0	0	0	0	1	0	0	0	0	0	0	0	0	87.9067	0	0	87.9067	0	0	0	0	0	0	1	0	0	0	0	0	0	0	0	272	0	0	272	0	0	0	0	0	0	1	0	0	0	0	0	0	0	0	0	0	0	0	0	0	0	0	0	0	0	0	0	0	0	0	0	0	0	0	0	0	0	0	0	0	0	0	0	0	0	0
168	0	0	0	0	0	0	0	1344	0	0	1344	0	0	0	0	0	0	0.271398	0	0	0.271398	0	0	0	0	0	0	1	0	0	0	0	0	0	0	0	166	0	0	166	0	0	0	0	0	0	1	0	0	0	0	0	0	0	0	90.6233	0	0	90.6233	0	0	0	0	0	0	1	0	0	0	0	0	0	0	0	273	0	0	273	0	0	0	0	0	0	1	0	0	0	0	0	0	0	0	0	0	0	0	0	0	0	0	0	0	0	0	0	0	0	0	0	0	0	0	0	0	0	0	0	0	0	0	0	0	0	0
169	0	0	0	0	0	0	0	1391	0	0	1391	0	0	0	0	0	0	0.269219	0	0	0.269219	0	0	0	0	0	0	1	0	0	0	0	0	0	0	0	160	0	0	160	0	0	0	0	0	0	1	0	0	0	0	0	0	0	0	91.8483	0	0	91.8483	0	0	0	0	0	0	1	0	0	0	0	0	0	0	0	273	0	0	273	0	0	0	0	0	0	1	0	0	0	0	0	0	0	0	0	0	0	0	0	0	0	0	0	0	0	0	0	0	0	0	0	0	0	0	0	0	0	0	0	0	0	0	0	0	0	0
170	0	0	0	0	0	0	0	1377	0	0	1377	0	0	0	0	0	0	0.29714	0	0	0.29714	0	0	0	0	0	0	1	0	0	0	0	0	0	0	0	145	0	0	145	0	0	0	0	0	0	1	0	0	0	0	0	0	0	0	87.29	0	0	87.29	0	0	0	0	0	0	1	0	0	0	0	0	0	0	0	260	0	0	260	0	0	0	0	0	0	1	0	0	0	0	0	0	0	0	0	0	0	0	0	0	0	0	0	0	0	0	0	0	0	0	0	0	0	0	0	0	0	0	0	0	0	0	0	0	0	0
171	0	0	0	0	0	0	0	1377	0	0	1377	0	0	0	0	0	0	0.284081	0	0	0.284081	0	0	0	0	0	0	1	0	0	0	0	0	0	0	0	142	0	0	142	0	0	0	0	0	0	1	0	0	0	0	0	0	0	0	85.8875	0	0	85.8875	0	0	0	0	0	0	1	0	0	0	0	0	0	0	0	258	0	0	258	0	0	0	0	0	0	1	0	0	0	0	0	0	0	0	0	0	0	0	0	0	0	0	0	0	0	0	0	0	0	0	0	0	0	0	0	0	0	0	0	0	0	0	0	0	0	0
172	0	0	0	0	0	0	0	1388	0	0	1388	0	0	0	0	0	0	0.250178	0	0	0.250178	0	0	0	0	0	0	1	0	0	0	0	0	0	0	0	132	0	0	132	0	0	0	0	0	0	1	0	0	0	0	0	0	0	0	89.0139	0	0	89.0139	0	0	0	0	0	0	1	0	0	0	0	0	0	0	0	267	0	0	267	0	0	0	0	0	0	1	0	0	0	0	0	0	0	0	0	0	0	0	0	0	0	0	0	0	0	0	0	0	0	0	0	0	0	0	0	0	0	0	0	0	0	0	0	0	0	0
173	0	0	0	0	0	0	0	1394	0	0	1394	0	0	0	0	0	0	0.237572	0	0	0.237572	0	0	0	0	0	0	1	0	0	0	0	0	0	0	0	128	0	0	128	0	0	0	0	0	0	1	0	0	0	0	0	0	0	0	89.458	0	0	89.458	0	0	0	0	0	0	1	0	0	0	0	0	0	0	0	266	0	0	266	0	0	0	0	0	0	1	0	0	0	0	0	0	0	0	0	0	0	0	0	0	0	0	0	0	0	0	0	0	0	0	0	0	0	0	0	0	0	0	0	0	0	0	0	0	0	0
174	0	0	0	0	0	0	0	1371	0	0	1371	0	0	0	0	0	0	0.221857	0	0	0.221857	0	0	0	0	0	0	1	0	0	0	0	0	0	0	0	123	0	0	123	0	0	0	0	0	0	1	0	0	0	0	0	0	0	0	89.3707	0	0	89.3707	0	0	0	0	0	0	1	0	0	0	0	0	0	0	0	266	0	0	266	0	0	0	0	0	0	1	0	0	0	0	0	0	0	0	0	0	0	0	0	0	0	0	0	0	0	0	0	0	0	0	0	0	0	0	0	0	0	0	0	0	0	0	0	0	0	0
175	0	0	0	0	0	0	0	1378	0	0	1378	0	0	0	0	0	0	0.220217	0	0	0.220217	0	0	0	0	0	0	1	0	0	0	0	0	0	0	0	118	0	0	118	0	0	0	0	0	0	1	0	0	0	0	0	0	0	0	90.5302	0	0	90.5302	0	0	0	0	0	0	1	0	0	0	0	0	0	0	0	262	0	0	262	0	0	0	0	0	0	1	0	0	0	0	0	0	0	0	0	0	0	0	0	0	0	0	0	0	0	0	0	0	0	0	0	0	0	0	0	0	0	0	0	0	0	0	0	0	0	0
176	0	0	0	0	0	0	0	1391	0	0	1391	0	0	0	0	0	0	0.212	0	0	0.212	0	0	0	0	0	0	1	0	0	0	0	0	0	0	0	114	0	0	114	0	0	0	0	0	0	1	0	0	0	0	0	0	0	0	92.2188	0	0	92.2188	0	0	0	0	0	0	1	0	0	0	0	0	0	0	0	261	0	0	261	0	0	0	0	0	0	1	0	0	0	0	0	0	0	0	0	0	0	0	0	0	0	0	0	0	0	0	0	0	0	0	0	0	0	0	0	0	0	0	0	0	0	0	0	0	0	0
177	0	0	0	0	0	0	0	1391	0	0	1391	0	0	0	0	0	0	0.213728	0	0	0.213728	0	0	0	0	0	0	1	0	0	0	0	0	0	0	0	106	0	0	106	0	0	0	0	0	0	1	0	0	0	0	0	0	0	0	93.3549	0	0	93.3549	0	0	0	0	0	0	1	0	0	0	0	0	0	0	0	261	0	0	261	0	0	0	0	0	0	1	0	0	0	0	0	0	0	0	0	0	0	0	0	0	0	0	0	0	0	0	0	0	0	0	0	0	0	0	0	0	0	0	0	0	0	0	0	0	0	0
178	0	0	0	0	0	0	0	1443	0	0	1443	0	0	0	0	0	0	0.176454	0	0	0.176454	0	0	0	0	0	0	1	0	0	0	0	0	0	0	0	90	0	0	90	0	0	0	0	0	0	1	0	0	0	0	0	0	0	0	92.4913	0	0	92.4913	0	0	0	0	0	0	1	0	0	0	0	0	0	0	0	261	0	0	261	0	0	0	0	0	0	1	0	0	0	0	0	0	0	0	0	0	0	0	0	0	0	0	0	0	0	0	0	0	0	0	0	0	0	0	0	0	0	0	0	0	0	0	0	0	0	0
179	0	0	0	0	0	0	0	1423	0	0	1423	0	0	0	0	0	0	0.157033	0	0	0.157033	0	0	0	0	0	0	1	0	0	0	0	0	0	0	0	77	0	0	77	0	0	0	0	0	0	1	0	0	0	0	0	0	0	0	93.1635	0	0	93.1635	0	0	0	0	0	0	1	0	0	0	0	0	0	0	0	255	0	0	255	0	0	0	0	0	0	1	0	0	0	0	0	0	0	0	0	0	0	0	0	0	0	0	0	0	0	0	0	0	0	0	0	0	0	0	0	0	0	0	0	0	0	0	0	0	0	0
180	0	0	0	0	0	0	0	1407	0	0	1407	0	0	0	0	0	0	0.195653	0	0	0.195653	0	0	0	0	0	0	1	0	0	0	0	0	0	0	0	76	0	0	76	0	0	0	0	0	0	1	0	0	0	0	0	0	0	0	93.6145	0	0	93.6145	0	0	0	0	0	0	1	0	0	0	0	0	0	0	0	247	0	0	247	0	0	0	0	0	0	1	0	0	0	0	0	0	0	0	0	0	0	0	0	0	0	0	0	0	0	0	0	0	0	0	0	0	0	0	0	0	0	0	0	0	0	0	0	0	0	0
181	0	0	0	0	0	0	0	1434	0	0	1434	0	0	0	0	0	0	0.200303	0	0	0.200303	0	0	0	0	0	0	1	0	0	0	0	0	0	0	0	71	0	0	71	0	0	0	0	0	0	1	0	0	0	0	0	0	0	0	94.4911	0	0	94.4911	0	0	0	0	0	0	1	0	0	0	0	0	0	0	0	245	0	0	245	0	0	0	0	0	0	1	0	0	0	0	0	0	0	0	0	0	0	0	0	0	0	0	0	0	0	0	0	0	0	0	0	0	0	0	0	0	0	0	0	0	0	0	0	0	0	0
182	0	0	0	0	0	0	0	1429	0	0	1429	0	0	0	0	0	0	0.122378	0	0	0.122378	0	0	0	0	0	0	1	0	0	0	0	0	0	0	0	59	0	0	59	0	0	0	0	0	0	1	0	0	0	0	0	0	0	0	93.7374	0	0	93.7374	0	0	0	0	0	0	1	0	0	0	0	0	0	0	0	247	0	0	247	0	0	0	0	0	0	1	0	0	0	0	0	0	0	0	0	0	0	0	0	0	0	0	0	0	0	0	0	0	0	0	0	0	0	0	0	0	0	0	0	0	0	0	0	0	0	0
183	0	0	0	0	0	0	0	1415	0	0	1415	0	0	0	0	0	0	0.105858	0	0	0.105858	0	0	0	0	0	0	1	0	0	0	0	0	0	0	0	61	0	0	61	0	0	0	0	0	0	1	0	0	0	0	0	0	0	0	93.5087	0	0	93.5087	0	0	0	0	0	0	1	0	0	0	0	0	0	0	0	243	0	0	243	0	0	0	0	0	0	1	0	0	0	0	0	0	0	0	0	0	0	0	0	0	0	0	0	0	0	0	0	0	0	0	0	0	0	0	0	0	0	0	0	0	0	0	0	0	0	0
184	0	0	0	0	0	0	0	1402	0	0	1402	0	0	0	0	0	0	0.101644	0	0	0.101644	0	0	0	0	0	0	1	0	0	0	0	0	0	0	0	65	0	0	65	0	0	0	0	0	0	1	0	0	0	0	0	0	0	0	92.6966	0	0	92.6966	0	0	0	0	0	0	1	0	0	0	0	0	0	0	0	236	0	0	236	0	0	0	0	0	0	1	0	0	0	0	0	0	0	0	0	0	0	0	0	0	0	0	0	0	0	0	0	0	0	0	0	0	0	0	0	0	0	0	0	0	0	0	0	0	0	0
185	0	0	0	0	0	0	0	1397	0	0	1397	0	0	0	0	0	0	0.0851644	0	0	0.0851644	0	0	0	0	0	0	1	0	0	0	0	0	0	0	0	63	0	0	63	0	0	0	0	0	0	1	0	0	0	0	0	0	0	0	93.688	0	0	93.688	0	0	0	0	0	0	1	0	0	0	0	0	0	0	0	234	0	0	234	0	0	0	0	0	0	1	0	0	0	0	0	0	0	0	0	0	0	0	0	0	0	0	0	0	0	0	0	0	0	0	0	0	0	0	0	0	0	0	0	0	0	0	0	0	0	0
186	0	0	0	0	0	0	0	1398	0	0	1398	0	0	0	0	0	0	0.0941662	0	0	0.0941662	0	0	0	0	0	0	1	0	0	0	0	0	0	0	0	67	0	0	67	0	0	0	0	0	0	1	0	0	0	0	0	0	0	0	96.5934	0	0	96.5934	0	0	0	0	0	0	1	0	0	0	0	0	0	0	0	229	0	0	229	0	0	0	0	0	0	1	0	0	0	0	0	0	0	0	0	0	0	0	0	0	0	0	0	0	0	0	0	0	0	0	0	0	0	0	0	0	0	0	0	0	0	0	0	0	0	0
187	0	0	0	0	0	0	0	1412	0	0	1412	0	0	0	0	0	0	0.0919891	0	0	0.0919891	0	0	0	0	0	0	1	0	0	0	0	0	0	0	0	66	0	0	66	0	0	0	0	0	0	1	0	0	0	0	0	0	0	0	97.2093	0	0	97.2093	0	0	0	0	0	0	1	0	0	0	0	0	0	0	0	221	0	0	221	0	0	0	0	0	0	1	0	0	0	0	0	0	0	0	0	0	0	0	0	0	0	0	0	0	0	0	0	0	0	0	0	0	0	0	0	0	0	0	0	0	0	0	0	0	0	0
188	0	0	0	0	0	0	0	1418	0	0	1418	0	0	0	0	0	0	0.0890888	0	0	0.0890888	0	0	0	0	0	0	1	0	0	0	0	0	0	0	0	70	0	0	70	0	0	0	0	0	0	1	0	0	0	0	0	0	0	0	97.921	0	0	97.921	0	0	0	0	0	0	1	0	0	0	0	0	0	0	0	212	0	0	212	0	0	0	0	0	0	1	0	0	0	0	0	0	0	0	0	0	0	0	0	0	0	0	0	0	0	0	0	0	0	0	0	0	0	0	0	0	0	0	0	0	0	0	0	0	0	0
189	0	0	0	0	0	0	0	1427	0	0	1427	0	0	0	0	0	0	0.103703	0	0	0.103703	0	0	0	0	0	0	1	0	0	0	0	0	0	0	0	70	0	0	70	0	0	0	0	0	0	1	0	0	0	0	0	0	0	0	100.83	0	0	100.83	0	0	0	0	0	0	1	0	0	0	0	0	0	0	0	208	0	0	208	0	0	0	0	0	0	1	0	0	0	0	0	0	0	0	0	0	0	0	0	0	0	0	0	0	0	0	0	0	0	0	0	0	0	0	0	0	0	0	0	0	0	0	0	0	0	0
190	0	0	0	0	0	0	0	1430	0	0	1430	0	0	0	0	0	0	0.0981825	0	0	0.0981825	0	0	0	0	0	0	1	0	0	0	0	0	0	0	0	63	0	0	63	0	0	0	0	0	0	1	0	0	0	0	0	0	0	0	94.9611	0	0	94.9611	0	0	0	0	0	0	1	0	0	0	0	0	0	0	0	194	0	0	194	0	0	0	0	0	0	1	0	0	0	0	0	0	0	0	0	0	0	0	0	0	0	0	0	0	0	0	0	0	0	0	0	0	0	0	0	0	0	0	0	0	0	0	0	0	0	0
191	0	0	0	0	0	0	0	1416	0	0	1416	0	0	0	0	0	0	0.101394	0	0	0.101394	0	0	0	0	0	0	1	0	0	0	0	0	0	0	0	59	0	0	59	0	0	0	0	0	0	1	0	0	0	0	0	0	0	0	96.3149	0	0	96.3149	0	0	0	0	0	0	1	0	0	0	0	0	0	0	0	188	0	0	188	0	0	0	0	0	0	1	0	0	0	0	0	0	0	0	0	0	0	0	0	0	0	0	0	0	0	0	0	0	0	0	0	0	0	0	0	0	0	0	0	0	0	0	0	0	0	0
192	0	0	0	0	0	0	0	1398	0	0	1398	0	0	0	0	0	0	0.116538	0	0	0.116538	0	0	0	0	0	0	1	0	0	0	0	0	0	0	0	55	0	0	55	0	0	0	0	0	0	1	0	0	0	0	0	0	0	0	94.1621	0	0	94.1621	0	0	0	0	0	0	1	0	0	0	0	0	0	0	0	180	0	0	180	0	0	0	0	0	0	1	0	0	0	0	0	0	0	0	0	0	0	0	0	0	0	0	0	0	0	0	0	0	0	0	0	0	0	0	0	0	0	0	0	0	0	0	0	0	0	0
193	0	0	0	0	0	0	0	1388	0	0	1388	0	0	0	0	0	0	0.0956928	0	0	0.0956928	0	0	0	0	0	0	1	0	0	0	0	0	0	0	0	48	0	0	48	0	0	0	0	0	0	1	0	0	0	0	0	0	0	0	93.2012	0	0	93.2012	0	0	0	0	0	0	1	0	0	0	0	0	0	0	0	179	0	0	179	0	0	0	0	0	0	1	0	0	0	0	0	0	0	0	0	0	0	0	0	0	0	0	0	0	0	0	0	0	0	0	0	0	0	0	0	0	0	0	0	0	0	0	0	0	0	0
194	0	0	0	0	0	0	0	1385	0	0	1385	0	0	0	0	0	0	0.0790403	0	0	0.0790403	0	0	0	0	0	0	1	0	0	0	0	0	0	0	0	44	0	0	44	0	0	0	0	0	0	1	0	0	0	0	0	0	0	0	92.2075	0	0	92.2075	0	0	0	0	0	0	1	0	0	0	0	0	0	0	0	177	0	0	177	0	0	0	0	0	0	1	0	0	0	0	0	0	0	0	0	0	0	0	0	0	0	0	0	0	0	0	0	0	0	0	0	0	0	0	0	0	0	0	0	0	0	0	0	0	0	0
195	0	0	0	0	0	0	0	1362	0	0	1362	0	0	0	0	0	0	0.091501	0	0	0.091501	0	0	0	0	0	0	1	0	0	0	0	0	0	0	0	45	0	0	45	0	0	0	0	0	0	1	0	0	0	0	0	0	0	0	88.3567	0	0	88.3567	0	0	0	0	0	0	1	0	0	0	0	0	0	0	0	166	0	0	166	0	0	0	0	0	0	1	0	0	0	0	0	0	0	0	0	0	0	0	0	0	0	0	0	0	0	0	0	0	0	0	0	0	0	0	0	0	0	0	0	0	0	0	0	0	0	0
196	0	0	0	0	0	0	0	1357	0	0	1357	0	0	0	0	0	0	0.0716475	0	0	0.0716475	0	0	0	0	0	0	1	0	0	0	0	0	0	0	0	48	0	0	48	0	0	0	0	0	0	1	0	0	0	0	0	0	0	0	84.9992	0	0	84.9992	0	0	0	0	0	0	1	0	0	0	0	0	0	0	0	157	0	0	157	0	0	0	0	0	0	1	0	0	0	0	0	0	0	0	0	0	0	0	0	0	0	0	0	0	0	0	0	0	0	0	0	0	0	0	0	0	0	0	0	0	0	0	0	0	0	0
197	0	0	0	0	0	0	0	1341	0	0	1341	0	0	0	0	0	0	0.0712096	0	0	0.0712096	0	0	0	0	0	0	1	0	0	0	0	0	0	0	0	53	0	0	53	0	0	0	0	0	0	1	0	0	0	0	0	0	0	0	83.5449	0	0	83.5449	0	0	0	0	0	0	1	0	0	0	0	0	0	0	0	154	0	0	154	0	0	0	0	0	0	1	0	0	0	0	0	0	0	0	0	0	0	0	0	0	0	0	0	0	0	0	0	0	0	0	0	0	0	0	0	0	0	0	0	0	0	0	0	0	0	0
198	0	0	0	0	0	0	0	1319	0	0	1319	0	0	0	0	0	0	0.0807971	0	0	0.0807971	0	0	0	0	0	0	1	0	0	0	0	0	0	0	0	61	0	0	61	0	0	0	0	0	0	1	0	0	0	0	0	0	0	0	82.4979	0	0	82.4979	0	0	0	0	0	0	1	0	0	0	0	0	0	0	0	148	0	0	148	0	0	0	0	0	0	1	0	0	0	0	0	0	0	0	0	0	0	0	0	0	0	0	0	0	0	0	0	0	0	0	0	0	0	0	0	0	0	0	0	0	0	0	0	0	0	0
199	0	0	0	0	0	0	0	1297	0	0	1297	0	0	0	0	0	0	0.0932125	0	0	0.0932125	0	0	0	0	0	0	1	0	0	0	0	0	0	0	0	71	0	0	71	0	0	0	0	0	0	1	0	0	0	0	0	0	0	0	81.7612	0	0	81.7612	0	0	0	0	0	0	1	0	0	0	0	0	0	0	0	147	0	0	147	0	0	0	0	0	0	1	0	0	0	0	0	0	0	0	0	0	0	0	0	0	0	0	0	0	0	0	0	0	0	0	0	0	0	0	0	0	0	0	0	0	0	0	0	0	0	0
200	0	0	0	0	0	0	0	1306	0	0	1306	0	0	0	0	0	0	0.0957717	0	0	0.0957717	0	0	0	0	0	0	1	0	0	0	0	0	0	0	0	92	0	0	92	0	0	0	0	0	0	1	0	0	0	0	0	0	0	0	82.6087	0	0	82.6087	0	0	0	0	0	0	1	0	0	0	0	0	0	0	0	150	0	0	150	0	0	0	0	0	0	1	0	0	0	0	0	0	0	0	0	0	0	0	0	0	0	0	0	0	0	0	0	0	0	0	0	0	0	0	0	0	0	0	0	0	0	0	0	0	0	0
