Location: Fake forest
From parameter file: C:\Users\ben\Desktop\inputs\input_GMF_0-0-0-0-0-0-1-0-0.xml
Basal area is normalized to m^2/ha; density to #/ha.
Subplots:
0 = Whole plot
Step	Subplot	Sdl Abs Den: ACRU	Sdl Abs Den: ACSA	Sdl Abs Den: BEAL	Sdl Abs Den: FAGR	Sdl Abs Den: TSCA	Sdl Abs Den: FRAM	Sdl Abs Den: PIST	Sdl Abs Den: PRSE	Sdl Abs Den: QURU	Sdl Den Total:	Sapl Abs BA: ACRU	Sapl Abs BA: ACSA	Sapl Abs BA: BEAL	Sapl Abs BA: FAGR	Sapl Abs BA: TSCA	Sapl Abs BA: FRAM	Sapl Abs BA: PIST	Sapl Abs BA: PRSE	Sapl Abs BA: QURU	Sapl BA Total:	Sapl Rel BA: ACRU	Sapl Rel BA: ACSA	Sapl Rel BA: BEAL	Sapl Rel BA: FAGR	Sapl Rel BA: TSCA	Sapl Rel BA: FRAM	Sapl Rel BA: PIST	Sapl Rel BA: PRSE	Sapl Rel BA: QURU	Sapl Abs Den: ACRU	Sapl Abs Den: ACSA	Sapl Abs Den: BEAL	Sapl Abs Den: FAGR	Sapl Abs Den: TSCA	Sapl Abs Den: FRAM	Sapl Abs Den: PIST	Sapl Abs Den: PRSE	Sapl Abs Den: QURU	Sapl Den Total:	Sapl Rel Den: ACRU	Sapl Rel Den: ACSA	Sapl Rel Den: BEAL	Sapl Rel Den: FAGR	Sapl Rel Den: TSCA	Sapl Rel Den: FRAM	Sapl Rel Den: PIST	Sapl Rel Den: PRSE	Sapl Rel Den: QURU	Adult Abs BA: ACRU	Adult Abs BA: ACSA	Adult Abs BA: BEAL	Adult Abs BA: FAGR	Adult Abs BA: TSCA	Adult Abs BA: FRAM	Adult Abs BA: PIST	Adult Abs BA: PRSE	Adult Abs BA: QURU	Adult BA Total:	Adult Rel BA: ACRU	Adult Rel BA: ACSA	Adult Rel BA: BEAL	Adult Rel BA: FAGR	Adult Rel BA: TSCA	Adult Rel BA: FRAM	Adult Rel BA: PIST	Adult Rel BA: PRSE	Adult Rel BA: QURU	Adult Abs Den: ACRU	Adult Abs Den: ACSA	Adult Abs Den: BEAL	Adult Abs Den: FAGR	Adult Abs Den: TSCA	Adult Abs Den: FRAM	Adult Abs Den: PIST	Adult Abs Den: PRSE	Adult Abs Den: QURU	Adult Den Total:	Adult Rel Den: ACRU	Adult Rel Den: ACSA	Adult Rel Den: BEAL	Adult Rel Den: FAGR	Adult Rel Den: TSCA	Adult Rel Den: FRAM	Adult Rel Den: PIST	Adult Rel Den: PRSE	Adult Rel Den: QURU	Snag Abs BA: ACRU	Snag Abs BA: ACSA	Snag Abs BA: BEAL	Snag Abs BA: FAGR	Snag Abs BA: TSCA	Snag Abs BA: FRAM	Snag Abs BA: PIST	Snag Abs BA: PRSE	Snag Abs BA: QURU	Snag BA Total:	Snag Rel BA: ACRU	Snag Rel BA: ACSA	Snag Rel BA: BEAL	Snag Rel BA: FAGR	Snag Rel BA: TSCA	Snag Rel BA: FRAM	Snag Rel BA: PIST	Snag Rel BA: PRSE	Snag Rel BA: QURU	Snag Abs Den: ACRU	Snag Abs Den: ACSA	Snag Abs Den: BEAL	Snag Abs Den: FAGR	Snag Abs Den: TSCA	Snag Abs Den: FRAM	Snag Abs Den: PIST	Snag Abs Den: PRSE	Snag Abs Den: QURU	Snag Den Total:	Snag Rel Den: ACRU	Snag Rel Den: ACSA	Snag Rel Den: BEAL	Snag Rel Den: FAGR	Snag Rel Den: TSCA	Snag Rel Den: FRAM	Snag Rel Den: PIST	Snag Rel Den: PRSE	Snag Rel Den: QURU
0	0	0	0	0	0	0	0	0	0	0	0	0	0	0	0	0	0	0.000831548	0	0	0.000831548	0	0	0	0	0	0	1	0	0	0	0	0	0	0	0	25	0	0	25	0	0	0	0	0	0	1	0	0	0	0	0	0	0	0	0	0	0	0	0	0	0	0	0	0	0	0	0	0	0	0	0	0	0	0	0	0	0	0	0	0	0	0	0	0	0	0	0	0	0	0	0	0	0	0	0	0	0	0	0	0	0	0	0	0	0	0	0	0	0	0	0	0	0	0	0	0	0	0	0	0	0	0	0	0
1	0	0	0	0	0	0	0	0	0	0	0	0	0	0	0	0	0	0.00537465	0	0	0.00537465	0	0	0	0	0	0	1	0	0	0	0	0	0	0	0	25	0	0	25	0	0	0	0	0	0	1	0	0	0	0	0	0	0	0	0	0	0	0	0	0	0	0	0	0	0	0	0	0	0	0	0	0	0	0	0	0	0	0	0	0	0	0	0	0	0	0	0	0	0	0	0	0	0	0	0	0	0	0	0	0	0	0	0	0	0	0	0	0	0	0	0	0	0	0	0	0	0	0	0	0	0	0	0	0
2	0	0	0	0	0	0	0	0	0	0	0	0	0	0	0	0	0	0.0325008	0	0	0.0325008	0	0	0	0	0	0	1	0	0	0	0	0	0	0	0	23	0	0	23	0	0	0	0	0	0	1	0	0	0	0	0	0	0	0	0	0	0	0	0	0	0	0	0	0	0	0	0	0	0	0	0	0	0	0	0	0	0	0	0	0	0	0	0	0	0	0	0	0	0	0	0	0	0	0	0	0	0	0	0	0	0	0	0	0	0	0	0	0	0	0	0	0	0	0	0	0	0	0	0	0	0	0	0	0
3	0	0	0	0	0	0	0	1	0	0	1	0	0	0	0	0	0	0.0254134	0	0	0.0254134	0	0	0	0	0	0	1	0	0	0	0	0	0	0	0	9	0	0	9	0	0	0	0	0	0	1	0	0	0	0	0	0	0	0	0.184621	0	0	0.184621	0	0	0	0	0	0	1	0	0	0	0	0	0	0	0	14	0	0	14	0	0	0	0	0	0	1	0	0	0	0	0	0	0	0	0	0	0	0	0	0	0	0	0	0	0	0	0	0	0	0	0	0	0	0	0	0	0	0	0	0	0	0	0	0	0	0
4	0	0	0	0	0	0	0	8	0	0	8	0	0	0	0	0	0	0.0127645	0	0	0.0127645	0	0	0	0	0	0	1	0	0	0	0	0	0	0	0	2	0	0	2	0	0	0	0	0	0	1	0	0	0	0	0	0	0	0	0.769214	0	0	0.769214	0	0	0	0	0	0	1	0	0	0	0	0	0	0	0	19	0	0	19	0	0	0	0	0	0	1	0	0	0	0	0	0	0	0	0	0	0	0	0	0	0	0	0	0	0	0	0	0	0	0	0	0	0	0	0	0	0	0	0	0	0	0	0	0	0	0
5	0	0	0	0	0	0	0	13	0	0	13	0	0	0	0	0	0	0	0	0	0	0	0	0	0	0	0	0	0	0	0	0	0	0	0	0	0	0	0	0	0	0	0	0	0	0	0	0	0	0	0	0	0	0	0	1.3015	0	0	1.3015	0	0	0	0	0	0	1	0	0	0	0	0	0	0	0	20	0	0	20	0	0	0	0	0	0	1	0	0	0	0	0	0	0	0	0	0	0	0	0	0	0	0	0	0	0	0	0	0	0	0	0	0	0	0	0	0	0	0	0	0	0	0	0	0	0	0
6	0	0	0	0	0	0	0	23	0	0	23	0	0	0	0	0	0	0.000475348	0	0	0.000475348	0	0	0	0	0	0	1	0	0	0	0	0	0	0	0	1	0	0	1	0	0	0	0	0	0	1	0	0	0	0	0	0	0	0	1.71764	0	0	1.71764	0	0	0	0	0	0	1	0	0	0	0	0	0	0	0	19	0	0	19	0	0	0	0	0	0	1	0	0	0	0	0	0	0	0	0	0	0	0	0	0	0	0	0	0	0	0	0	0	0	0	0	0	0	0	0	0	0	0	0	0	0	0	0	0	0	0
7	0	0	0	0	0	0	0	28	0	0	28	0	0	0	0	0	0	0.00532252	0	0	0.00532252	0	0	0	0	0	0	1	0	0	0	0	0	0	0	0	6	0	0	6	0	0	0	0	0	0	1	0	0	0	0	0	0	0	0	2.1951	0	0	2.1951	0	0	0	0	0	0	1	0	0	0	0	0	0	0	0	19	0	0	19	0	0	0	0	0	0	1	0	0	0	0	0	0	0	0	0	0	0	0	0	0	0	0	0	0	0	0	0	0	0	0	0	0	0	0	0	0	0	0	0	0	0	0	0	0	0	0
8	0	0	0	0	0	0	0	36	0	0	36	0	0	0	0	0	0	0.0141728	0	0	0.0141728	0	0	0	0	0	0	1	0	0	0	0	0	0	0	0	10	0	0	10	0	0	0	0	0	0	1	0	0	0	0	0	0	0	0	2.5348	0	0	2.5348	0	0	0	0	0	0	1	0	0	0	0	0	0	0	0	19	0	0	19	0	0	0	0	0	0	1	0	0	0	0	0	0	0	0	0	0	0	0	0	0	0	0	0	0	0	0	0	0	0	0	0	0	0	0	0	0	0	0	0	0	0	0	0	0	0	0
9	0	0	0	0	0	0	0	43	0	0	43	0	0	0	0	0	0	0.0207217	0	0	0.0207217	0	0	0	0	0	0	1	0	0	0	0	0	0	0	0	15	0	0	15	0	0	0	0	0	0	1	0	0	0	0	0	0	0	0	2.89083	0	0	2.89083	0	0	0	0	0	0	1	0	0	0	0	0	0	0	0	21	0	0	21	0	0	0	0	0	0	1	0	0	0	0	0	0	0	0	0	0	0	0	0	0	0	0	0	0	0	0	0	0	0	0	0	0	0	0	0	0	0	0	0	0	0	0	0	0	0	0
10	0	0	0	0	0	0	0	49	0	0	49	0	0	0	0	0	0	0.0283281	0	0	0.0283281	0	0	0	0	0	0	1	0	0	0	0	0	0	0	0	17	0	0	17	0	0	0	0	0	0	1	0	0	0	0	0	0	0	0	3.52954	0	0	3.52954	0	0	0	0	0	0	1	0	0	0	0	0	0	0	0	27	0	0	27	0	0	0	0	0	0	1	0	0	0	0	0	0	0	0	0	0	0	0	0	0	0	0	0	0	0	0	0	0	0	0	0	0	0	0	0	0	0	0	0	0	0	0	0	0	0	0
11	0	0	0	0	0	0	0	58	0	0	58	0	0	0	0	0	0	0.0236807	0	0	0.0236807	0	0	0	0	0	0	1	0	0	0	0	0	0	0	0	20	0	0	20	0	0	0	0	0	0	1	0	0	0	0	0	0	0	0	4.39144	0	0	4.39144	0	0	0	0	0	0	1	0	0	0	0	0	0	0	0	36	0	0	36	0	0	0	0	0	0	1	0	0	0	0	0	0	0	0	0	0	0	0	0	0	0	0	0	0	0	0	0	0	0	0	0	0	0	0	0	0	0	0	0	0	0	0	0	0	0	0
12	0	0	0	0	0	0	0	77	0	0	77	0	0	0	0	0	0	0.038329	0	0	0.038329	0	0	0	0	0	0	1	0	0	0	0	0	0	0	0	26	0	0	26	0	0	0	0	0	0	1	0	0	0	0	0	0	0	0	5.14818	0	0	5.14818	0	0	0	0	0	0	1	0	0	0	0	0	0	0	0	40	0	0	40	0	0	0	0	0	0	1	0	0	0	0	0	0	0	0	0	0	0	0	0	0	0	0	0	0	0	0	0	0	0	0	0	0	0	0	0	0	0	0	0	0	0	0	0	0	0	0
13	0	0	0	0	0	0	0	91	0	0	91	0	0	0	0	0	0	0.0328358	0	0	0.0328358	0	0	0	0	0	0	1	0	0	0	0	0	0	0	0	26	0	0	26	0	0	0	0	0	0	1	0	0	0	0	0	0	0	0	6.31696	0	0	6.31696	0	0	0	0	0	0	1	0	0	0	0	0	0	0	0	52	0	0	52	0	0	0	0	0	0	1	0	0	0	0	0	0	0	0	0	0	0	0	0	0	0	0	0	0	0	0	0	0	0	0	0	0	0	0	0	0	0	0	0	0	0	0	0	0	0	0
14	0	0	0	0	0	0	0	102	0	0	102	0	0	0	0	0	0	0.0362461	0	0	0.0362461	0	0	0	0	0	0	1	0	0	0	0	0	0	0	0	36	0	0	36	0	0	0	0	0	0	1	0	0	0	0	0	0	0	0	7.37433	0	0	7.37433	0	0	0	0	0	0	1	0	0	0	0	0	0	0	0	61	0	0	61	0	0	0	0	0	0	1	0	0	0	0	0	0	0	0	0	0	0	0	0	0	0	0	0	0	0	0	0	0	0	0	0	0	0	0	0	0	0	0	0	0	0	0	0	0	0	0
15	0	0	0	0	0	0	0	120	0	0	120	0	0	0	0	0	0	0.0553312	0	0	0.0553312	0	0	0	0	0	0	1	0	0	0	0	0	0	0	0	49	0	0	49	0	0	0	0	0	0	1	0	0	0	0	0	0	0	0	8.72442	0	0	8.72442	0	0	0	0	0	0	1	0	0	0	0	0	0	0	0	71	0	0	71	0	0	0	0	0	0	1	0	0	0	0	0	0	0	0	0	0	0	0	0	0	0	0	0	0	0	0	0	0	0	0	0	0	0	0	0	0	0	0	0	0	0	0	0	0	0	0
16	0	0	0	0	0	0	0	150	0	0	150	0	0	0	0	0	0	0.0598255	0	0	0.0598255	0	0	0	0	0	0	1	0	0	0	0	0	0	0	0	49	0	0	49	0	0	0	0	0	0	1	0	0	0	0	0	0	0	0	10.7846	0	0	10.7846	0	0	0	0	0	0	1	0	0	0	0	0	0	0	0	90	0	0	90	0	0	0	0	0	0	1	0	0	0	0	0	0	0	0	0	0	0	0	0	0	0	0	0	0	0	0	0	0	0	0	0	0	0	0	0	0	0	0	0	0	0	0	0	0	0	0
17	0	0	0	0	0	0	0	174	0	0	174	0	0	0	0	0	0	0.100011	0	0	0.100011	0	0	0	0	0	0	1	0	0	0	0	0	0	0	0	64	0	0	64	0	0	0	0	0	0	1	0	0	0	0	0	0	0	0	12.8963	0	0	12.8963	0	0	0	0	0	0	1	0	0	0	0	0	0	0	0	102	0	0	102	0	0	0	0	0	0	1	0	0	0	0	0	0	0	0	0	0	0	0	0	0	0	0	0	0	0	0	0	0	0	0	0	0	0	0	0	0	0	0	0	0	0	0	0	0	0	0
18	0	0	0	0	0	0	0	213	0	0	213	0	0	0	0	0	0	0.101765	0	0	0.101765	0	0	0	0	0	0	1	0	0	0	0	0	0	0	0	77	0	0	77	0	0	0	0	0	0	1	0	0	0	0	0	0	0	0	15.3128	0	0	15.3128	0	0	0	0	0	0	1	0	0	0	0	0	0	0	0	119	0	0	119	0	0	0	0	0	0	1	0	0	0	0	0	0	0	0	0	0	0	0	0	0	0	0	0	0	0	0	0	0	0	0	0	0	0	0	0	0	0	0	0	0	0	0	0	0	0	0
19	0	0	0	0	0	0	0	247	0	0	247	0	0	0	0	0	0	0.156916	0	0	0.156916	0	0	0	0	0	0	1	0	0	0	0	0	0	0	0	106	0	0	106	0	0	0	0	0	0	1	0	0	0	0	0	0	0	0	17.6073	0	0	17.6073	0	0	0	0	0	0	1	0	0	0	0	0	0	0	0	132	0	0	132	0	0	0	0	0	0	1	0	0	0	0	0	0	0	0	0	0	0	0	0	0	0	0	0	0	0	0	0	0	0	0	0	0	0	0	0	0	0	0	0	0	0	0	0	0	0	0
20	0	0	0	0	0	0	0	289	0	0	289	0	0	0	0	0	0	0.178088	0	0	0.178088	0	0	0	0	0	0	1	0	0	0	0	0	0	0	0	127	0	0	127	0	0	0	0	0	0	1	0	0	0	0	0	0	0	0	20.4045	0	0	20.4045	0	0	0	0	0	0	1	0	0	0	0	0	0	0	0	157	0	0	157	0	0	0	0	0	0	1	0	0	0	0	0	0	0	0	0	0	0	0	0	0	0	0	0	0	0	0	0	0	0	0	0	0	0	0	0	0	0	0	0	0	0	0	0	0	0	0
21	0	0	0	0	0	0	0	337	0	0	337	0	0	0	0	0	0	0.248629	0	0	0.248629	0	0	0	0	0	0	1	0	0	0	0	0	0	0	0	162	0	0	162	0	0	0	0	0	0	1	0	0	0	0	0	0	0	0	24.4123	0	0	24.4123	0	0	0	0	0	0	1	0	0	0	0	0	0	0	0	180	0	0	180	0	0	0	0	0	0	1	0	0	0	0	0	0	0	0	0	0	0	0	0	0	0	0	0	0	0	0	0	0	0	0	0	0	0	0	0	0	0	0	0	0	0	0	0	0	0	0
22	0	0	0	0	0	0	0	400	0	0	400	0	0	0	0	0	0	0.237829	0	0	0.237829	0	0	0	0	0	0	1	0	0	0	0	0	0	0	0	182	0	0	182	0	0	0	0	0	0	1	0	0	0	0	0	0	0	0	28.5181	0	0	28.5181	0	0	0	0	0	0	1	0	0	0	0	0	0	0	0	215	0	0	215	0	0	0	0	0	0	1	0	0	0	0	0	0	0	0	0	0	0	0	0	0	0	0	0	0	0	0	0	0	0	0	0	0	0	0	0	0	0	0	0	0	0	0	0	0	0	0
23	0	0	0	0	0	0	0	462	0	0	462	0	0	0	0	0	0	0.314095	0	0	0.314095	0	0	0	0	0	0	1	0	0	0	0	0	0	0	0	204	0	0	204	0	0	0	0	0	0	1	0	0	0	0	0	0	0	0	31.0193	0	0	31.0193	0	0	0	0	0	0	1	0	0	0	0	0	0	0	0	226	0	0	226	0	0	0	0	0	0	1	0	0	0	0	0	0	0	0	0	0	0	0	0	0	0	0	0	0	0	0	0	0	0	0	0	0	0	0	0	0	0	0	0	0	0	0	0	0	0	0
24	0	0	0	0	0	0	0	529	0	0	529	0	0	0	0	0	0	0.384512	0	0	0.384512	0	0	0	0	0	0	1	0	0	0	0	0	0	0	0	222	0	0	222	0	0	0	0	0	0	1	0	0	0	0	0	0	0	0	34.9392	0	0	34.9392	0	0	0	0	0	0	1	0	0	0	0	0	0	0	0	254	0	0	254	0	0	0	0	0	0	1	0	0	0	0	0	0	0	0	0	0	0	0	0	0	0	0	0	0	0	0	0	0	0	0	0	0	0	0	0	0	0	0	0	0	0	0	0	0	0	0
25	0	0	0	0	0	0	0	602	0	0	602	0	0	0	0	0	0	0.372706	0	0	0.372706	0	0	0	0	0	0	1	0	0	0	0	0	0	0	0	245	0	0	245	0	0	0	0	0	0	1	0	0	0	0	0	0	0	0	39.904	0	0	39.904	0	0	0	0	0	0	1	0	0	0	0	0	0	0	0	287	0	0	287	0	0	0	0	0	0	1	0	0	0	0	0	0	0	0	0	0	0	0	0	0	0	0	0	0	0	0	0	0	0	0	0	0	0	0	0	0	0	0	0	0	0	0	0	0	0	0
26	0	0	0	0	0	0	0	662	0	0	662	0	0	0	0	0	0	0.433243	0	0	0.433243	0	0	0	0	0	0	1	0	0	0	0	0	0	0	0	292	0	0	292	0	0	0	0	0	0	1	0	0	0	0	0	0	0	0	44.6844	0	0	44.6844	0	0	0	0	0	0	1	0	0	0	0	0	0	0	0	312	0	0	312	0	0	0	0	0	0	1	0	0	0	0	0	0	0	0	0	0	0	0	0	0	0	0	0	0	0	0	0	0	0	0	0	0	0	0	0	0	0	0	0	0	0	0	0	0	0	0
27	0	0	0	0	0	0	0	774	0	0	774	0	0	0	0	0	0	0.474994	0	0	0.474994	0	0	0	0	0	0	1	0	0	0	0	0	0	0	0	310	0	0	310	0	0	0	0	0	0	1	0	0	0	0	0	0	0	0	50.0371	0	0	50.0371	0	0	0	0	0	0	1	0	0	0	0	0	0	0	0	342	0	0	342	0	0	0	0	0	0	1	0	0	0	0	0	0	0	0	0	0	0	0	0	0	0	0	0	0	0	0	0	0	0	0	0	0	0	0	0	0	0	0	0	0	0	0	0	0	0	0
28	0	0	0	0	0	0	0	842	0	0	842	0	0	0	0	0	0	0.510485	0	0	0.510485	0	0	0	0	0	0	1	0	0	0	0	0	0	0	0	330	0	0	330	0	0	0	0	0	0	1	0	0	0	0	0	0	0	0	55.2957	0	0	55.2957	0	0	0	0	0	0	1	0	0	0	0	0	0	0	0	373	0	0	373	0	0	0	0	0	0	1	0	0	0	0	0	0	0	0	0	0	0	0	0	0	0	0	0	0	0	0	0	0	0	0	0	0	0	0	0	0	0	0	0	0	0	0	0	0	0	0
29	0	0	0	0	0	0	0	904	0	0	904	0	0	0	0	0	0	0.521297	0	0	0.521297	0	0	0	0	0	0	1	0	0	0	0	0	0	0	0	343	0	0	343	0	0	0	0	0	0	1	0	0	0	0	0	0	0	0	59.016	0	0	59.016	0	0	0	0	0	0	1	0	0	0	0	0	0	0	0	406	0	0	406	0	0	0	0	0	0	1	0	0	0	0	0	0	0	0	0	0	0	0	0	0	0	0	0	0	0	0	0	0	0	0	0	0	0	0	0	0	0	0	0	0	0	0	0	0	0	0
30	0	0	0	0	0	0	0	994	0	0	994	0	0	0	0	0	0	0.623068	0	0	0.623068	0	0	0	0	0	0	1	0	0	0	0	0	0	0	0	374	0	0	374	0	0	0	0	0	0	1	0	0	0	0	0	0	0	0	65.9038	0	0	65.9038	0	0	0	0	0	0	1	0	0	0	0	0	0	0	0	435	0	0	435	0	0	0	0	0	0	1	0	0	0	0	0	0	0	0	0	0	0	0	0	0	0	0	0	0	0	0	0	0	0	0	0	0	0	0	0	0	0	0	0	0	0	0	0	0	0	0
31	0	0	0	0	0	0	0	1079	0	0	1079	0	0	0	0	0	0	0.695933	0	0	0.695933	0	0	0	0	0	0	1	0	0	0	0	0	0	0	0	390	0	0	390	0	0	0	0	0	0	1	0	0	0	0	0	0	0	0	68.882	0	0	68.882	0	0	0	0	0	0	1	0	0	0	0	0	0	0	0	442	0	0	442	0	0	0	0	0	0	1	0	0	0	0	0	0	0	0	0	0	0	0	0	0	0	0	0	0	0	0	0	0	0	0	0	0	0	0	0	0	0	0	0	0	0	0	0	0	0	0
32	0	0	0	0	0	0	0	1141	0	0	1141	0	0	0	0	0	0	0.728871	0	0	0.728871	0	0	0	0	0	0	1	0	0	0	0	0	0	0	0	389	0	0	389	0	0	0	0	0	0	1	0	0	0	0	0	0	0	0	73.874	0	0	73.874	0	0	0	0	0	0	1	0	0	0	0	0	0	0	0	461	0	0	461	0	0	0	0	0	0	1	0	0	0	0	0	0	0	0	0	0	0	0	0	0	0	0	0	0	0	0	0	0	0	0	0	0	0	0	0	0	0	0	0	0	0	0	0	0	0	0
33	0	0	0	0	0	0	0	1166	0	0	1166	0	0	0	0	0	0	0.685526	0	0	0.685526	0	0	0	0	0	0	1	0	0	0	0	0	0	0	0	368	0	0	368	0	0	0	0	0	0	1	0	0	0	0	0	0	0	0	76.2452	0	0	76.2452	0	0	0	0	0	0	1	0	0	0	0	0	0	0	0	474	0	0	474	0	0	0	0	0	0	1	0	0	0	0	0	0	0	0	0	0	0	0	0	0	0	0	0	0	0	0	0	0	0	0	0	0	0	0	0	0	0	0	0	0	0	0	0	0	0	0
34	0	0	0	0	0	0	0	1224	0	0	1224	0	0	0	0	0	0	0.655599	0	0	0.655599	0	0	0	0	0	0	1	0	0	0	0	0	0	0	0	351	0	0	351	0	0	0	0	0	0	1	0	0	0	0	0	0	0	0	80.3528	0	0	80.3528	0	0	0	0	0	0	1	0	0	0	0	0	0	0	0	481	0	0	481	0	0	0	0	0	0	1	0	0	0	0	0	0	0	0	0	0	0	0	0	0	0	0	0	0	0	0	0	0	0	0	0	0	0	0	0	0	0	0	0	0	0	0	0	0	0	0
35	0	0	0	0	0	0	0	1253	0	0	1253	0	0	0	0	0	0	0.656811	0	0	0.656811	0	0	0	0	0	0	1	0	0	0	0	0	0	0	0	343	0	0	343	0	0	0	0	0	0	1	0	0	0	0	0	0	0	0	82.2064	0	0	82.2064	0	0	0	0	0	0	1	0	0	0	0	0	0	0	0	474	0	0	474	0	0	0	0	0	0	1	0	0	0	0	0	0	0	0	0	0	0	0	0	0	0	0	0	0	0	0	0	0	0	0	0	0	0	0	0	0	0	0	0	0	0	0	0	0	0	0
36	0	0	0	0	0	0	0	1264	0	0	1264	0	0	0	0	0	0	0.604364	0	0	0.604364	0	0	0	0	0	0	1	0	0	0	0	0	0	0	0	330	0	0	330	0	0	0	0	0	0	1	0	0	0	0	0	0	0	0	84.7159	0	0	84.7159	0	0	0	0	0	0	1	0	0	0	0	0	0	0	0	483	0	0	483	0	0	0	0	0	0	1	0	0	0	0	0	0	0	0	0	0	0	0	0	0	0	0	0	0	0	0	0	0	0	0	0	0	0	0	0	0	0	0	0	0	0	0	0	0	0	0
37	0	0	0	0	0	0	0	1270	0	0	1270	0	0	0	0	0	0	0.600723	0	0	0.600723	0	0	0	0	0	0	1	0	0	0	0	0	0	0	0	323	0	0	323	0	0	0	0	0	0	1	0	0	0	0	0	0	0	0	88.1255	0	0	88.1255	0	0	0	0	0	0	1	0	0	0	0	0	0	0	0	482	0	0	482	0	0	0	0	0	0	1	0	0	0	0	0	0	0	0	0	0	0	0	0	0	0	0	0	0	0	0	0	0	0	0	0	0	0	0	0	0	0	0	0	0	0	0	0	0	0	0
38	0	0	0	0	0	0	0	1383	0	0	1383	0	0	0	0	0	0	0.554013	0	0	0.554013	0	0	0	0	0	0	1	0	0	0	0	0	0	0	0	301	0	0	301	0	0	0	0	0	0	1	0	0	0	0	0	0	0	0	92.6615	0	0	92.6615	0	0	0	0	0	0	1	0	0	0	0	0	0	0	0	491	0	0	491	0	0	0	0	0	0	1	0	0	0	0	0	0	0	0	0	0	0	0	0	0	0	0	0	0	0	0	0	0	0	0	0	0	0	0	0	0	0	0	0	0	0	0	0	0	0	0
39	0	0	0	0	0	0	0	1400	0	0	1400	0	0	0	0	0	0	0.559177	0	0	0.559177	0	0	0	0	0	0	1	0	0	0	0	0	0	0	0	304	0	0	304	0	0	0	0	0	0	1	0	0	0	0	0	0	0	0	95.7467	0	0	95.7467	0	0	0	0	0	0	1	0	0	0	0	0	0	0	0	484	0	0	484	0	0	0	0	0	0	1	0	0	0	0	0	0	0	0	0	0	0	0	0	0	0	0	0	0	0	0	0	0	0	0	0	0	0	0	0	0	0	0	0	0	0	0	0	0	0	0
40	0	0	0	0	0	0	0	1404	0	0	1404	0	0	0	0	0	0	0.617408	0	0	0.617408	0	0	0	0	0	0	1	0	0	0	0	0	0	0	0	287	0	0	287	0	0	0	0	0	0	1	0	0	0	0	0	0	0	0	96.952	0	0	96.952	0	0	0	0	0	0	1	0	0	0	0	0	0	0	0	471	0	0	471	0	0	0	0	0	0	1	0	0	0	0	0	0	0	0	0	0	0	0	0	0	0	0	0	0	0	0	0	0	0	0	0	0	0	0	0	0	0	0	0	0	0	0	0	0	0	0
41	0	0	0	0	0	0	0	1410	0	0	1410	0	0	0	0	0	0	0.527249	0	0	0.527249	0	0	0	0	0	0	1	0	0	0	0	0	0	0	0	245	0	0	245	0	0	0	0	0	0	1	0	0	0	0	0	0	0	0	99.7321	0	0	99.7321	0	0	0	0	0	0	1	0	0	0	0	0	0	0	0	484	0	0	484	0	0	0	0	0	0	1	0	0	0	0	0	0	0	0	0	0	0	0	0	0	0	0	0	0	0	0	0	0	0	0	0	0	0	0	0	0	0	0	0	0	0	0	0	0	0	0
42	0	0	0	0	0	0	0	1429	0	0	1429	0	0	0	0	0	0	0.522703	0	0	0.522703	0	0	0	0	0	0	1	0	0	0	0	0	0	0	0	228	0	0	228	0	0	0	0	0	0	1	0	0	0	0	0	0	0	0	102.771	0	0	102.771	0	0	0	0	0	0	1	0	0	0	0	0	0	0	0	476	0	0	476	0	0	0	0	0	0	1	0	0	0	0	0	0	0	0	0	0	0	0	0	0	0	0	0	0	0	0	0	0	0	0	0	0	0	0	0	0	0	0	0	0	0	0	0	0	0	0
43	0	0	0	0	0	0	0	1488	0	0	1488	0	0	0	0	0	0	0.441784	0	0	0.441784	0	0	0	0	0	0	1	0	0	0	0	0	0	0	0	214	0	0	214	0	0	0	0	0	0	1	0	0	0	0	0	0	0	0	105.855	0	0	105.855	0	0	0	0	0	0	1	0	0	0	0	0	0	0	0	476	0	0	476	0	0	0	0	0	0	1	0	0	0	0	0	0	0	0	0	0	0	0	0	0	0	0	0	0	0	0	0	0	0	0	0	0	0	0	0	0	0	0	0	0	0	0	0	0	0	0
44	0	0	0	0	0	0	0	1508	0	0	1508	0	0	0	0	0	0	0.381747	0	0	0.381747	0	0	0	0	0	0	1	0	0	0	0	0	0	0	0	179	0	0	179	0	0	0	0	0	0	1	0	0	0	0	0	0	0	0	108.142	0	0	108.142	0	0	0	0	0	0	1	0	0	0	0	0	0	0	0	461	0	0	461	0	0	0	0	0	0	1	0	0	0	0	0	0	0	0	0	0	0	0	0	0	0	0	0	0	0	0	0	0	0	0	0	0	0	0	0	0	0	0	0	0	0	0	0	0	0	0
45	0	0	0	0	0	0	0	1488	0	0	1488	0	0	0	0	0	0	0.336107	0	0	0.336107	0	0	0	0	0	0	1	0	0	0	0	0	0	0	0	159	0	0	159	0	0	0	0	0	0	1	0	0	0	0	0	0	0	0	109.139	0	0	109.139	0	0	0	0	0	0	1	0	0	0	0	0	0	0	0	443	0	0	443	0	0	0	0	0	0	1	0	0	0	0	0	0	0	0	0	0	0	0	0	0	0	0	0	0	0	0	0	0	0	0	0	0	0	0	0	0	0	0	0	0	0	0	0	0	0	0
46	0	0	0	0	0	0	0	1515	0	0	1515	0	0	0	0	0	0	0.287144	0	0	0.287144	0	0	0	0	0	0	1	0	0	0	0	0	0	0	0	138	0	0	138	0	0	0	0	0	0	1	0	0	0	0	0	0	0	0	111.227	0	0	111.227	0	0	0	0	0	0	1	0	0	0	0	0	0	0	0	428	0	0	428	0	0	0	0	0	0	1	0	0	0	0	0	0	0	0	0	0	0	0	0	0	0	0	0	0	0	0	0	0	0	0	0	0	0	0	0	0	0	0	0	0	0	0	0	0	0	0
47	0	0	0	0	0	0	0	1481	0	0	1481	0	0	0	0	0	0	0.260933	0	0	0.260933	0	0	0	0	0	0	1	0	0	0	0	0	0	0	0	129	0	0	129	0	0	0	0	0	0	1	0	0	0	0	0	0	0	0	109.848	0	0	109.848	0	0	0	0	0	0	1	0	0	0	0	0	0	0	0	407	0	0	407	0	0	0	0	0	0	1	0	0	0	0	0	0	0	0	0	0	0	0	0	0	0	0	0	0	0	0	0	0	0	0	0	0	0	0	0	0	0	0	0	0	0	0	0	0	0	0
48	0	0	0	0	0	0	0	1483	0	0	1483	0	0	0	0	0	0	0.223711	0	0	0.223711	0	0	0	0	0	0	1	0	0	0	0	0	0	0	0	118	0	0	118	0	0	0	0	0	0	1	0	0	0	0	0	0	0	0	111.353	0	0	111.353	0	0	0	0	0	0	1	0	0	0	0	0	0	0	0	400	0	0	400	0	0	0	0	0	0	1	0	0	0	0	0	0	0	0	0	0	0	0	0	0	0	0	0	0	0	0	0	0	0	0	0	0	0	0	0	0	0	0	0	0	0	0	0	0	0	0
49	0	0	0	0	0	0	0	1475	0	0	1475	0	0	0	0	0	0	0.179843	0	0	0.179843	0	0	0	0	0	0	1	0	0	0	0	0	0	0	0	89	0	0	89	0	0	0	0	0	0	1	0	0	0	0	0	0	0	0	109.401	0	0	109.401	0	0	0	0	0	0	1	0	0	0	0	0	0	0	0	379	0	0	379	0	0	0	0	0	0	1	0	0	0	0	0	0	0	0	0	0	0	0	0	0	0	0	0	0	0	0	0	0	0	0	0	0	0	0	0	0	0	0	0	0	0	0	0	0	0	0
50	0	0	0	0	0	0	0	1450	0	0	1450	0	0	0	0	0	0	0.182114	0	0	0.182114	0	0	0	0	0	0	1	0	0	0	0	0	0	0	0	83	0	0	83	0	0	0	0	0	0	1	0	0	0	0	0	0	0	0	109.417	0	0	109.417	0	0	0	0	0	0	1	0	0	0	0	0	0	0	0	367	0	0	367	0	0	0	0	0	0	1	0	0	0	0	0	0	0	0	0	0	0	0	0	0	0	0	0	0	0	0	0	0	0	0	0	0	0	0	0	0	0	0	0	0	0	0	0	0	0	0
51	0	0	0	0	0	0	0	1482	0	0	1482	0	0	0	0	0	0	0.167109	0	0	0.167109	0	0	0	0	0	0	1	0	0	0	0	0	0	0	0	73	0	0	73	0	0	0	0	0	0	1	0	0	0	0	0	0	0	0	110.827	0	0	110.827	0	0	0	0	0	0	1	0	0	0	0	0	0	0	0	355	0	0	355	0	0	0	0	0	0	1	0	0	0	0	0	0	0	0	0	0	0	0	0	0	0	0	0	0	0	0	0	0	0	0	0	0	0	0	0	0	0	0	0	0	0	0	0	0	0	0
52	0	0	0	0	0	0	0	1512	0	0	1512	0	0	0	0	0	0	0.1408	0	0	0.1408	0	0	0	0	0	0	1	0	0	0	0	0	0	0	0	65	0	0	65	0	0	0	0	0	0	1	0	0	0	0	0	0	0	0	112.204	0	0	112.204	0	0	0	0	0	0	1	0	0	0	0	0	0	0	0	348	0	0	348	0	0	0	0	0	0	1	0	0	0	0	0	0	0	0	0	0	0	0	0	0	0	0	0	0	0	0	0	0	0	0	0	0	0	0	0	0	0	0	0	0	0	0	0	0	0	0
53	0	0	0	0	0	0	0	1533	0	0	1533	0	0	0	0	0	0	0.140794	0	0	0.140794	0	0	0	0	0	0	1	0	0	0	0	0	0	0	0	58	0	0	58	0	0	0	0	0	0	1	0	0	0	0	0	0	0	0	113.099	0	0	113.099	0	0	0	0	0	0	1	0	0	0	0	0	0	0	0	334	0	0	334	0	0	0	0	0	0	1	0	0	0	0	0	0	0	0	0	0	0	0	0	0	0	0	0	0	0	0	0	0	0	0	0	0	0	0	0	0	0	0	0	0	0	0	0	0	0	0
54	0	0	0	0	0	0	0	1546	0	0	1546	0	0	0	0	0	0	0.128123	0	0	0.128123	0	0	0	0	0	0	1	0	0	0	0	0	0	0	0	49	0	0	49	0	0	0	0	0	0	1	0	0	0	0	0	0	0	0	110.313	0	0	110.313	0	0	0	0	0	0	1	0	0	0	0	0	0	0	0	317	0	0	317	0	0	0	0	0	0	1	0	0	0	0	0	0	0	0	0	0	0	0	0	0	0	0	0	0	0	0	0	0	0	0	0	0	0	0	0	0	0	0	0	0	0	0	0	0	0	0
55	0	0	0	0	0	0	0	1540	0	0	1540	0	0	0	0	0	0	0.112944	0	0	0.112944	0	0	0	0	0	0	1	0	0	0	0	0	0	0	0	43	0	0	43	0	0	0	0	0	0	1	0	0	0	0	0	0	0	0	112.069	0	0	112.069	0	0	0	0	0	0	1	0	0	0	0	0	0	0	0	310	0	0	310	0	0	0	0	0	0	1	0	0	0	0	0	0	0	0	0	0	0	0	0	0	0	0	0	0	0	0	0	0	0	0	0	0	0	0	0	0	0	0	0	0	0	0	0	0	0	0
56	0	0	0	0	0	0	0	1533	0	0	1533	0	0	0	0	0	0	0.0889021	0	0	0.0889021	0	0	0	0	0	0	1	0	0	0	0	0	0	0	0	33	0	0	33	0	0	0	0	0	0	1	0	0	0	0	0	0	0	0	109.668	0	0	109.668	0	0	0	0	0	0	1	0	0	0	0	0	0	0	0	295	0	0	295	0	0	0	0	0	0	1	0	0	0	0	0	0	0	0	0	0	0	0	0	0	0	0	0	0	0	0	0	0	0	0	0	0	0	0	0	0	0	0	0	0	0	0	0	0	0	0
57	0	0	0	0	0	0	0	1481	0	0	1481	0	0	0	0	0	0	0.0850785	0	0	0.0850785	0	0	0	0	0	0	1	0	0	0	0	0	0	0	0	32	0	0	32	0	0	0	0	0	0	1	0	0	0	0	0	0	0	0	105.733	0	0	105.733	0	0	0	0	0	0	1	0	0	0	0	0	0	0	0	277	0	0	277	0	0	0	0	0	0	1	0	0	0	0	0	0	0	0	0	0	0	0	0	0	0	0	0	0	0	0	0	0	0	0	0	0	0	0	0	0	0	0	0	0	0	0	0	0	0	0
58	0	0	0	0	0	0	0	1518	0	0	1518	0	0	0	0	0	0	0.0880325	0	0	0.0880325	0	0	0	0	0	0	1	0	0	0	0	0	0	0	0	30	0	0	30	0	0	0	0	0	0	1	0	0	0	0	0	0	0	0	104.821	0	0	104.821	0	0	0	0	0	0	1	0	0	0	0	0	0	0	0	269	0	0	269	0	0	0	0	0	0	1	0	0	0	0	0	0	0	0	0	0	0	0	0	0	0	0	0	0	0	0	0	0	0	0	0	0	0	0	0	0	0	0	0	0	0	0	0	0	0	0
59	0	0	0	0	0	0	0	1478	0	0	1478	0	0	0	0	0	0	0.0997337	0	0	0.0997337	0	0	0	0	0	0	1	0	0	0	0	0	0	0	0	29	0	0	29	0	0	0	0	0	0	1	0	0	0	0	0	0	0	0	102.997	0	0	102.997	0	0	0	0	0	0	1	0	0	0	0	0	0	0	0	253	0	0	253	0	0	0	0	0	0	1	0	0	0	0	0	0	0	0	0	0	0	0	0	0	0	0	0	0	0	0	0	0	0	0	0	0	0	0	0	0	0	0	0	0	0	0	0	0	0	0
60	0	0	0	0	0	0	0	1425	0	0	1425	0	0	0	0	0	0	0.0696817	0	0	0.0696817	0	0	0	0	0	0	1	0	0	0	0	0	0	0	0	25	0	0	25	0	0	0	0	0	0	1	0	0	0	0	0	0	0	0	99.2396	0	0	99.2396	0	0	0	0	0	0	1	0	0	0	0	0	0	0	0	244	0	0	244	0	0	0	0	0	0	1	0	0	0	0	0	0	0	0	0	0	0	0	0	0	0	0	0	0	0	0	0	0	0	0	0	0	0	0	0	0	0	0	0	0	0	0	0	0	0	0
61	0	0	0	0	0	0	0	1435	0	0	1435	0	0	0	0	0	0	0.0422163	0	0	0.0422163	0	0	0	0	0	0	1	0	0	0	0	0	0	0	0	21	0	0	21	0	0	0	0	0	0	1	0	0	0	0	0	0	0	0	98.2929	0	0	98.2929	0	0	0	0	0	0	1	0	0	0	0	0	0	0	0	239	0	0	239	0	0	0	0	0	0	1	0	0	0	0	0	0	0	0	0	0	0	0	0	0	0	0	0	0	0	0	0	0	0	0	0	0	0	0	0	0	0	0	0	0	0	0	0	0	0	0
62	0	0	0	0	0	0	0	1392	0	0	1392	0	0	0	0	0	0	0.0396858	0	0	0.0396858	0	0	0	0	0	0	1	0	0	0	0	0	0	0	0	27	0	0	27	0	0	0	0	0	0	1	0	0	0	0	0	0	0	0	95.9991	0	0	95.9991	0	0	0	0	0	0	1	0	0	0	0	0	0	0	0	229	0	0	229	0	0	0	0	0	0	1	0	0	0	0	0	0	0	0	0	0	0	0	0	0	0	0	0	0	0	0	0	0	0	0	0	0	0	0	0	0	0	0	0	0	0	0	0	0	0	0
63	0	0	0	0	0	0	0	1388	0	0	1388	0	0	0	0	0	0	0.057334	0	0	0.057334	0	0	0	0	0	0	1	0	0	0	0	0	0	0	0	31	0	0	31	0	0	0	0	0	0	1	0	0	0	0	0	0	0	0	97.0633	0	0	97.0633	0	0	0	0	0	0	1	0	0	0	0	0	0	0	0	219	0	0	219	0	0	0	0	0	0	1	0	0	0	0	0	0	0	0	0	0	0	0	0	0	0	0	0	0	0	0	0	0	0	0	0	0	0	0	0	0	0	0	0	0	0	0	0	0	0	0
64	0	0	0	0	0	0	0	1376	0	0	1376	0	0	0	0	0	0	0.0553987	0	0	0.0553987	0	0	0	0	0	0	1	0	0	0	0	0	0	0	0	31	0	0	31	0	0	0	0	0	0	1	0	0	0	0	0	0	0	0	95.9586	0	0	95.9586	0	0	0	0	0	0	1	0	0	0	0	0	0	0	0	207	0	0	207	0	0	0	0	0	0	1	0	0	0	0	0	0	0	0	0	0	0	0	0	0	0	0	0	0	0	0	0	0	0	0	0	0	0	0	0	0	0	0	0	0	0	0	0	0	0	0
65	0	0	0	0	0	0	0	1393	0	0	1393	0	0	0	0	0	0	0.0594159	0	0	0.0594159	0	0	0	0	0	0	1	0	0	0	0	0	0	0	0	30	0	0	30	0	0	0	0	0	0	1	0	0	0	0	0	0	0	0	95.173	0	0	95.173	0	0	0	0	0	0	1	0	0	0	0	0	0	0	0	198	0	0	198	0	0	0	0	0	0	1	0	0	0	0	0	0	0	0	0	0	0	0	0	0	0	0	0	0	0	0	0	0	0	0	0	0	0	0	0	0	0	0	0	0	0	0	0	0	0	0
66	0	0	0	0	0	0	0	1358	0	0	1358	0	0	0	0	0	0	0.0662396	0	0	0.0662396	0	0	0	0	0	0	1	0	0	0	0	0	0	0	0	36	0	0	36	0	0	0	0	0	0	1	0	0	0	0	0	0	0	0	91.5587	0	0	91.5587	0	0	0	0	0	0	1	0	0	0	0	0	0	0	0	186	0	0	186	0	0	0	0	0	0	1	0	0	0	0	0	0	0	0	0	0	0	0	0	0	0	0	0	0	0	0	0	0	0	0	0	0	0	0	0	0	0	0	0	0	0	0	0	0	0	0
67	0	0	0	0	0	0	0	1315	0	0	1315	0	0	0	0	0	0	0.0496352	0	0	0.0496352	0	0	0	0	0	0	1	0	0	0	0	0	0	0	0	34	0	0	34	0	0	0	0	0	0	1	0	0	0	0	0	0	0	0	89.229	0	0	89.229	0	0	0	0	0	0	1	0	0	0	0	0	0	0	0	181	0	0	181	0	0	0	0	0	0	1	0	0	0	0	0	0	0	0	0	0	0	0	0	0	0	0	0	0	0	0	0	0	0	0	0	0	0	0	0	0	0	0	0	0	0	0	0	0	0	0
68	0	0	0	0	0	0	0	1363	0	0	1363	0	0	0	0	0	0	0.0544313	0	0	0.0544313	0	0	0	0	0	0	1	0	0	0	0	0	0	0	0	35	0	0	35	0	0	0	0	0	0	1	0	0	0	0	0	0	0	0	88.9888	0	0	88.9888	0	0	0	0	0	0	1	0	0	0	0	0	0	0	0	177	0	0	177	0	0	0	0	0	0	1	0	0	0	0	0	0	0	0	0	0	0	0	0	0	0	0	0	0	0	0	0	0	0	0	0	0	0	0	0	0	0	0	0	0	0	0	0	0	0	0
69	0	0	0	0	0	0	0	1311	0	0	1311	0	0	0	0	0	0	0.0544077	0	0	0.0544077	0	0	0	0	0	0	1	0	0	0	0	0	0	0	0	40	0	0	40	0	0	0	0	0	0	1	0	0	0	0	0	0	0	0	86.5533	0	0	86.5533	0	0	0	0	0	0	1	0	0	0	0	0	0	0	0	171	0	0	171	0	0	0	0	0	0	1	0	0	0	0	0	0	0	0	0	0	0	0	0	0	0	0	0	0	0	0	0	0	0	0	0	0	0	0	0	0	0	0	0	0	0	0	0	0	0	0
70	0	0	0	0	0	0	0	1355	0	0	1355	0	0	0	0	0	0	0.0569133	0	0	0.0569133	0	0	0	0	0	0	1	0	0	0	0	0	0	0	0	49	0	0	49	0	0	0	0	0	0	1	0	0	0	0	0	0	0	0	85.9813	0	0	85.9813	0	0	0	0	0	0	1	0	0	0	0	0	0	0	0	165	0	0	165	0	0	0	0	0	0	1	0	0	0	0	0	0	0	0	0	0	0	0	0	0	0	0	0	0	0	0	0	0	0	0	0	0	0	0	0	0	0	0	0	0	0	0	0	0	0	0
71	0	0	0	0	0	0	0	1365	0	0	1365	0	0	0	0	0	0	0.0695638	0	0	0.0695638	0	0	0	0	0	0	1	0	0	0	0	0	0	0	0	61	0	0	61	0	0	0	0	0	0	1	0	0	0	0	0	0	0	0	85.4662	0	0	85.4662	0	0	0	0	0	0	1	0	0	0	0	0	0	0	0	165	0	0	165	0	0	0	0	0	0	1	0	0	0	0	0	0	0	0	0	0	0	0	0	0	0	0	0	0	0	0	0	0	0	0	0	0	0	0	0	0	0	0	0	0	0	0	0	0	0	0
72	0	0	0	0	0	0	0	1346	0	0	1346	0	0	0	0	0	0	0.0838728	0	0	0.0838728	0	0	0	0	0	0	1	0	0	0	0	0	0	0	0	80	0	0	80	0	0	0	0	0	0	1	0	0	0	0	0	0	0	0	81.2959	0	0	81.2959	0	0	0	0	0	0	1	0	0	0	0	0	0	0	0	157	0	0	157	0	0	0	0	0	0	1	0	0	0	0	0	0	0	0	0	0	0	0	0	0	0	0	0	0	0	0	0	0	0	0	0	0	0	0	0	0	0	0	0	0	0	0	0	0	0	0
73	0	0	0	0	0	0	0	1376	0	0	1376	0	0	0	0	0	0	0.0938633	0	0	0.0938633	0	0	0	0	0	0	1	0	0	0	0	0	0	0	0	93	0	0	93	0	0	0	0	0	0	1	0	0	0	0	0	0	0	0	83.8238	0	0	83.8238	0	0	0	0	0	0	1	0	0	0	0	0	0	0	0	158	0	0	158	0	0	0	0	0	0	1	0	0	0	0	0	0	0	0	0	0	0	0	0	0	0	0	0	0	0	0	0	0	0	0	0	0	0	0	0	0	0	0	0	0	0	0	0	0	0	0
74	0	0	0	0	0	0	0	1383	0	0	1383	0	0	0	0	0	0	0.124009	0	0	0.124009	0	0	0	0	0	0	1	0	0	0	0	0	0	0	0	111	0	0	111	0	0	0	0	0	0	1	0	0	0	0	0	0	0	0	84.8479	0	0	84.8479	0	0	0	0	0	0	1	0	0	0	0	0	0	0	0	159	0	0	159	0	0	0	0	0	0	1	0	0	0	0	0	0	0	0	0	0	0	0	0	0	0	0	0	0	0	0	0	0	0	0	0	0	0	0	0	0	0	0	0	0	0	0	0	0	0	0
75	0	0	0	0	0	0	0	1419	0	0	1419	0	0	0	0	0	0	0.182461	0	0	0.182461	0	0	0	0	0	0	1	0	0	0	0	0	0	0	0	120	0	0	120	0	0	0	0	0	0	1	0	0	0	0	0	0	0	0	85.7956	0	0	85.7956	0	0	0	0	0	0	1	0	0	0	0	0	0	0	0	163	0	0	163	0	0	0	0	0	0	1	0	0	0	0	0	0	0	0	0	0	0	0	0	0	0	0	0	0	0	0	0	0	0	0	0	0	0	0	0	0	0	0	0	0	0	0	0	0	0	0
76	0	0	0	0	0	0	0	1395	0	0	1395	0	0	0	0	0	0	0.129967	0	0	0.129967	0	0	0	0	0	0	1	0	0	0	0	0	0	0	0	134	0	0	134	0	0	0	0	0	0	1	0	0	0	0	0	0	0	0	84.8639	0	0	84.8639	0	0	0	0	0	0	1	0	0	0	0	0	0	0	0	179	0	0	179	0	0	0	0	0	0	1	0	0	0	0	0	0	0	0	0	0	0	0	0	0	0	0	0	0	0	0	0	0	0	0	0	0	0	0	0	0	0	0	0	0	0	0	0	0	0	0
77	0	0	0	0	0	0	0	1412	0	0	1412	0	0	0	0	0	0	0.14763	0	0	0.14763	0	0	0	0	0	0	1	0	0	0	0	0	0	0	0	164	0	0	164	0	0	0	0	0	0	1	0	0	0	0	0	0	0	0	86.8999	0	0	86.8999	0	0	0	0	0	0	1	0	0	0	0	0	0	0	0	182	0	0	182	0	0	0	0	0	0	1	0	0	0	0	0	0	0	0	0	0	0	0	0	0	0	0	0	0	0	0	0	0	0	0	0	0	0	0	0	0	0	0	0	0	0	0	0	0	0	0
78	0	0	0	0	0	0	0	1441	0	0	1441	0	0	0	0	0	0	0.206429	0	0	0.206429	0	0	0	0	0	0	1	0	0	0	0	0	0	0	0	180	0	0	180	0	0	0	0	0	0	1	0	0	0	0	0	0	0	0	89.3382	0	0	89.3382	0	0	0	0	0	0	1	0	0	0	0	0	0	0	0	184	0	0	184	0	0	0	0	0	0	1	0	0	0	0	0	0	0	0	0	0	0	0	0	0	0	0	0	0	0	0	0	0	0	0	0	0	0	0	0	0	0	0	0	0	0	0	0	0	0	0
79	0	0	0	0	0	0	0	1442	0	0	1442	0	0	0	0	0	0	0.220312	0	0	0.220312	0	0	0	0	0	0	1	0	0	0	0	0	0	0	0	188	0	0	188	0	0	0	0	0	0	1	0	0	0	0	0	0	0	0	87.3337	0	0	87.3337	0	0	0	0	0	0	1	0	0	0	0	0	0	0	0	187	0	0	187	0	0	0	0	0	0	1	0	0	0	0	0	0	0	0	0	0	0	0	0	0	0	0	0	0	0	0	0	0	0	0	0	0	0	0	0	0	0	0	0	0	0	0	0	0	0	0
80	0	0	0	0	0	0	0	1396	0	0	1396	0	0	0	0	0	0	0.249686	0	0	0.249686	0	0	0	0	0	0	1	0	0	0	0	0	0	0	0	187	0	0	187	0	0	0	0	0	0	1	0	0	0	0	0	0	0	0	83.3427	0	0	83.3427	0	0	0	0	0	0	1	0	0	0	0	0	0	0	0	192	0	0	192	0	0	0	0	0	0	1	0	0	0	0	0	0	0	0	0	0	0	0	0	0	0	0	0	0	0	0	0	0	0	0	0	0	0	0	0	0	0	0	0	0	0	0	0	0	0	0
81	0	0	0	0	0	0	0	1425	0	0	1425	0	0	0	0	0	0	0.297421	0	0	0.297421	0	0	0	0	0	0	1	0	0	0	0	0	0	0	0	185	0	0	185	0	0	0	0	0	0	1	0	0	0	0	0	0	0	0	85.572	0	0	85.572	0	0	0	0	0	0	1	0	0	0	0	0	0	0	0	197	0	0	197	0	0	0	0	0	0	1	0	0	0	0	0	0	0	0	0	0	0	0	0	0	0	0	0	0	0	0	0	0	0	0	0	0	0	0	0	0	0	0	0	0	0	0	0	0	0	0
82	0	0	0	0	0	0	0	1389	0	0	1389	0	0	0	0	0	0	0.256347	0	0	0.256347	0	0	0	0	0	0	1	0	0	0	0	0	0	0	0	184	0	0	184	0	0	0	0	0	0	1	0	0	0	0	0	0	0	0	81.3844	0	0	81.3844	0	0	0	0	0	0	1	0	0	0	0	0	0	0	0	206	0	0	206	0	0	0	0	0	0	1	0	0	0	0	0	0	0	0	0	0	0	0	0	0	0	0	0	0	0	0	0	0	0	0	0	0	0	0	0	0	0	0	0	0	0	0	0	0	0	0
83	0	0	0	0	0	0	0	1382	0	0	1382	0	0	0	0	0	0	0.269157	0	0	0.269157	0	0	0	0	0	0	1	0	0	0	0	0	0	0	0	182	0	0	182	0	0	0	0	0	0	1	0	0	0	0	0	0	0	0	82.7023	0	0	82.7023	0	0	0	0	0	0	1	0	0	0	0	0	0	0	0	209	0	0	209	0	0	0	0	0	0	1	0	0	0	0	0	0	0	0	0	0	0	0	0	0	0	0	0	0	0	0	0	0	0	0	0	0	0	0	0	0	0	0	0	0	0	0	0	0	0	0
84	0	0	0	0	0	0	0	1342	0	0	1342	0	0	0	0	0	0	0.308937	0	0	0.308937	0	0	0	0	0	0	1	0	0	0	0	0	0	0	0	199	0	0	199	0	0	0	0	0	0	1	0	0	0	0	0	0	0	0	79.3351	0	0	79.3351	0	0	0	0	0	0	1	0	0	0	0	0	0	0	0	200	0	0	200	0	0	0	0	0	0	1	0	0	0	0	0	0	0	0	0	0	0	0	0	0	0	0	0	0	0	0	0	0	0	0	0	0	0	0	0	0	0	0	0	0	0	0	0	0	0	0
85	0	0	0	0	0	0	0	1328	0	0	1328	0	0	0	0	0	0	0.295	0	0	0.295	0	0	0	0	0	0	1	0	0	0	0	0	0	0	0	200	0	0	200	0	0	0	0	0	0	1	0	0	0	0	0	0	0	0	79.0592	0	0	79.0592	0	0	0	0	0	0	1	0	0	0	0	0	0	0	0	213	0	0	213	0	0	0	0	0	0	1	0	0	0	0	0	0	0	0	0	0	0	0	0	0	0	0	0	0	0	0	0	0	0	0	0	0	0	0	0	0	0	0	0	0	0	0	0	0	0	0
86	0	0	0	0	0	0	0	1332	0	0	1332	0	0	0	0	0	0	0.332929	0	0	0.332929	0	0	0	0	0	0	1	0	0	0	0	0	0	0	0	211	0	0	211	0	0	0	0	0	0	1	0	0	0	0	0	0	0	0	80.9782	0	0	80.9782	0	0	0	0	0	0	1	0	0	0	0	0	0	0	0	222	0	0	222	0	0	0	0	0	0	1	0	0	0	0	0	0	0	0	0	0	0	0	0	0	0	0	0	0	0	0	0	0	0	0	0	0	0	0	0	0	0	0	0	0	0	0	0	0	0	0
87	0	0	0	0	0	0	0	1319	0	0	1319	0	0	0	0	0	0	0.328482	0	0	0.328482	0	0	0	0	0	0	1	0	0	0	0	0	0	0	0	207	0	0	207	0	0	0	0	0	0	1	0	0	0	0	0	0	0	0	81.9249	0	0	81.9249	0	0	0	0	0	0	1	0	0	0	0	0	0	0	0	230	0	0	230	0	0	0	0	0	0	1	0	0	0	0	0	0	0	0	0	0	0	0	0	0	0	0	0	0	0	0	0	0	0	0	0	0	0	0	0	0	0	0	0	0	0	0	0	0	0	0
88	0	0	0	0	0	0	0	1372	0	0	1372	0	0	0	0	0	0	0.378727	0	0	0.378727	0	0	0	0	0	0	1	0	0	0	0	0	0	0	0	209	0	0	209	0	0	0	0	0	0	1	0	0	0	0	0	0	0	0	85.1723	0	0	85.1723	0	0	0	0	0	0	1	0	0	0	0	0	0	0	0	238	0	0	238	0	0	0	0	0	0	1	0	0	0	0	0	0	0	0	0	0	0	0	0	0	0	0	0	0	0	0	0	0	0	0	0	0	0	0	0	0	0	0	0	0	0	0	0	0	0	0
89	0	0	0	0	0	0	0	1368	0	0	1368	0	0	0	0	0	0	0.394904	0	0	0.394904	0	0	0	0	0	0	1	0	0	0	0	0	0	0	0	206	0	0	206	0	0	0	0	0	0	1	0	0	0	0	0	0	0	0	85.0123	0	0	85.0123	0	0	0	0	0	0	1	0	0	0	0	0	0	0	0	246	0	0	246	0	0	0	0	0	0	1	0	0	0	0	0	0	0	0	0	0	0	0	0	0	0	0	0	0	0	0	0	0	0	0	0	0	0	0	0	0	0	0	0	0	0	0	0	0	0	0
90	0	0	0	0	0	0	0	1368	0	0	1368	0	0	0	0	0	0	0.4372	0	0	0.4372	0	0	0	0	0	0	1	0	0	0	0	0	0	0	0	191	0	0	191	0	0	0	0	0	0	1	0	0	0	0	0	0	0	0	87.5842	0	0	87.5842	0	0	0	0	0	0	1	0	0	0	0	0	0	0	0	254	0	0	254	0	0	0	0	0	0	1	0	0	0	0	0	0	0	0	0	0	0	0	0	0	0	0	0	0	0	0	0	0	0	0	0	0	0	0	0	0	0	0	0	0	0	0	0	0	0	0
91	0	0	0	0	0	0	0	1369	0	0	1369	0	0	0	0	0	0	0.374839	0	0	0.374839	0	0	0	0	0	0	1	0	0	0	0	0	0	0	0	172	0	0	172	0	0	0	0	0	0	1	0	0	0	0	0	0	0	0	87.2585	0	0	87.2585	0	0	0	0	0	0	1	0	0	0	0	0	0	0	0	267	0	0	267	0	0	0	0	0	0	1	0	0	0	0	0	0	0	0	0	0	0	0	0	0	0	0	0	0	0	0	0	0	0	0	0	0	0	0	0	0	0	0	0	0	0	0	0	0	0	0
92	0	0	0	0	0	0	0	1318	0	0	1318	0	0	0	0	0	0	0.282238	0	0	0.282238	0	0	0	0	0	0	1	0	0	0	0	0	0	0	0	156	0	0	156	0	0	0	0	0	0	1	0	0	0	0	0	0	0	0	83.2619	0	0	83.2619	0	0	0	0	0	0	1	0	0	0	0	0	0	0	0	273	0	0	273	0	0	0	0	0	0	1	0	0	0	0	0	0	0	0	0	0	0	0	0	0	0	0	0	0	0	0	0	0	0	0	0	0	0	0	0	0	0	0	0	0	0	0	0	0	0	0
93	0	0	0	0	0	0	0	1281	0	0	1281	0	0	0	0	0	0	0.257153	0	0	0.257153	0	0	0	0	0	0	1	0	0	0	0	0	0	0	0	143	0	0	143	0	0	0	0	0	0	1	0	0	0	0	0	0	0	0	83.065	0	0	83.065	0	0	0	0	0	0	1	0	0	0	0	0	0	0	0	271	0	0	271	0	0	0	0	0	0	1	0	0	0	0	0	0	0	0	0	0	0	0	0	0	0	0	0	0	0	0	0	0	0	0	0	0	0	0	0	0	0	0	0	0	0	0	0	0	0	0
94	0	0	0	0	0	0	0	1304	0	0	1304	0	0	0	0	0	0	0.247238	0	0	0.247238	0	0	0	0	0	0	1	0	0	0	0	0	0	0	0	129	0	0	129	0	0	0	0	0	0	1	0	0	0	0	0	0	0	0	86.034	0	0	86.034	0	0	0	0	0	0	1	0	0	0	0	0	0	0	0	276	0	0	276	0	0	0	0	0	0	1	0	0	0	0	0	0	0	0	0	0	0	0	0	0	0	0	0	0	0	0	0	0	0	0	0	0	0	0	0	0	0	0	0	0	0	0	0	0	0	0
95	0	0	0	0	0	0	0	1322	0	0	1322	0	0	0	0	0	0	0.237868	0	0	0.237868	0	0	0	0	0	0	1	0	0	0	0	0	0	0	0	122	0	0	122	0	0	0	0	0	0	1	0	0	0	0	0	0	0	0	85.0074	0	0	85.0074	0	0	0	0	0	0	1	0	0	0	0	0	0	0	0	273	0	0	273	0	0	0	0	0	0	1	0	0	0	0	0	0	0	0	0	0	0	0	0	0	0	0	0	0	0	0	0	0	0	0	0	0	0	0	0	0	0	0	0	0	0	0	0	0	0	0
96	0	0	0	0	0	0	0	1328	0	0	1328	0	0	0	0	0	0	0.168132	0	0	0.168132	0	0	0	0	0	0	1	0	0	0	0	0	0	0	0	113	0	0	113	0	0	0	0	0	0	1	0	0	0	0	0	0	0	0	82.1494	0	0	82.1494	0	0	0	0	0	0	1	0	0	0	0	0	0	0	0	271	0	0	271	0	0	0	0	0	0	1	0	0	0	0	0	0	0	0	0	0	0	0	0	0	0	0	0	0	0	0	0	0	0	0	0	0	0	0	0	0	0	0	0	0	0	0	0	0	0	0
97	0	0	0	0	0	0	0	1320	0	0	1320	0	0	0	0	0	0	0.179716	0	0	0.179716	0	0	0	0	0	0	1	0	0	0	0	0	0	0	0	115	0	0	115	0	0	0	0	0	0	1	0	0	0	0	0	0	0	0	82.5057	0	0	82.5057	0	0	0	0	0	0	1	0	0	0	0	0	0	0	0	263	0	0	263	0	0	0	0	0	0	1	0	0	0	0	0	0	0	0	0	0	0	0	0	0	0	0	0	0	0	0	0	0	0	0	0	0	0	0	0	0	0	0	0	0	0	0	0	0	0	0
98	0	0	0	0	0	0	0	1333	0	0	1333	0	0	0	0	0	0	0.17557	0	0	0.17557	0	0	0	0	0	0	1	0	0	0	0	0	0	0	0	117	0	0	117	0	0	0	0	0	0	1	0	0	0	0	0	0	0	0	85.6495	0	0	85.6495	0	0	0	0	0	0	1	0	0	0	0	0	0	0	0	265	0	0	265	0	0	0	0	0	0	1	0	0	0	0	0	0	0	0	0	0	0	0	0	0	0	0	0	0	0	0	0	0	0	0	0	0	0	0	0	0	0	0	0	0	0	0	0	0	0	0
99	0	0	0	0	0	0	0	1316	0	0	1316	0	0	0	0	0	0	0.233124	0	0	0.233124	0	0	0	0	0	0	1	0	0	0	0	0	0	0	0	134	0	0	134	0	0	0	0	0	0	1	0	0	0	0	0	0	0	0	83.398	0	0	83.398	0	0	0	0	0	0	1	0	0	0	0	0	0	0	0	251	0	0	251	0	0	0	0	0	0	1	0	0	0	0	0	0	0	0	0	0	0	0	0	0	0	0	0	0	0	0	0	0	0	0	0	0	0	0	0	0	0	0	0	0	0	0	0	0	0	0
100	0	0	0	0	0	0	0	1324	0	0	1324	0	0	0	0	0	0	0.229925	0	0	0.229925	0	0	0	0	0	0	1	0	0	0	0	0	0	0	0	150	0	0	150	0	0	0	0	0	0	1	0	0	0	0	0	0	0	0	83.2195	0	0	83.2195	0	0	0	0	0	0	1	0	0	0	0	0	0	0	0	254	0	0	254	0	0	0	0	0	0	1	0	0	0	0	0	0	0	0	0	0	0	0	0	0	0	0	0	0	0	0	0	0	0	0	0	0	0	0	0	0	0	0	0	0	0	0	0	0	0	0
101	0	0	0	0	0	0	0	1388	0	0	1388	0	0	0	0	0	0	0.229244	0	0	0.229244	0	0	0	0	0	0	1	0	0	0	0	0	0	0	0	149	0	0	149	0	0	0	0	0	0	1	0	0	0	0	0	0	0	0	82.1521	0	0	82.1521	0	0	0	0	0	0	1	0	0	0	0	0	0	0	0	250	0	0	250	0	0	0	0	0	0	1	0	0	0	0	0	0	0	0	0	0	0	0	0	0	0	0	0	0	0	0	0	0	0	0	0	0	0	0	0	0	0	0	0	0	0	0	0	0	0	0
102	0	0	0	0	0	0	0	1352	0	0	1352	0	0	0	0	0	0	0.243149	0	0	0.243149	0	0	0	0	0	0	1	0	0	0	0	0	0	0	0	169	0	0	169	0	0	0	0	0	0	1	0	0	0	0	0	0	0	0	80.6945	0	0	80.6945	0	0	0	0	0	0	1	0	0	0	0	0	0	0	0	244	0	0	244	0	0	0	0	0	0	1	0	0	0	0	0	0	0	0	0	0	0	0	0	0	0	0	0	0	0	0	0	0	0	0	0	0	0	0	0	0	0	0	0	0	0	0	0	0	0	0
103	0	0	0	0	0	0	0	1345	0	0	1345	0	0	0	0	0	0	0.294852	0	0	0.294852	0	0	0	0	0	0	1	0	0	0	0	0	0	0	0	177	0	0	177	0	0	0	0	0	0	1	0	0	0	0	0	0	0	0	81.118	0	0	81.118	0	0	0	0	0	0	1	0	0	0	0	0	0	0	0	240	0	0	240	0	0	0	0	0	0	1	0	0	0	0	0	0	0	0	0	0	0	0	0	0	0	0	0	0	0	0	0	0	0	0	0	0	0	0	0	0	0	0	0	0	0	0	0	0	0	0
104	0	0	0	0	0	0	0	1314	0	0	1314	0	0	0	0	0	0	0.289861	0	0	0.289861	0	0	0	0	0	0	1	0	0	0	0	0	0	0	0	182	0	0	182	0	0	0	0	0	0	1	0	0	0	0	0	0	0	0	79.0368	0	0	79.0368	0	0	0	0	0	0	1	0	0	0	0	0	0	0	0	250	0	0	250	0	0	0	0	0	0	1	0	0	0	0	0	0	0	0	0	0	0	0	0	0	0	0	0	0	0	0	0	0	0	0	0	0	0	0	0	0	0	0	0	0	0	0	0	0	0	0
105	0	0	0	0	0	0	0	1293	0	0	1293	0	0	0	0	0	0	0.289634	0	0	0.289634	0	0	0	0	0	0	1	0	0	0	0	0	0	0	0	199	0	0	199	0	0	0	0	0	0	1	0	0	0	0	0	0	0	0	81.6429	0	0	81.6429	0	0	0	0	0	0	1	0	0	0	0	0	0	0	0	260	0	0	260	0	0	0	0	0	0	1	0	0	0	0	0	0	0	0	0	0	0	0	0	0	0	0	0	0	0	0	0	0	0	0	0	0	0	0	0	0	0	0	0	0	0	0	0	0	0	0
106	0	0	0	0	0	0	0	1292	0	0	1292	0	0	0	0	0	0	0.290864	0	0	0.290864	0	0	0	0	0	0	1	0	0	0	0	0	0	0	0	204	0	0	204	0	0	0	0	0	0	1	0	0	0	0	0	0	0	0	82.4839	0	0	82.4839	0	0	0	0	0	0	1	0	0	0	0	0	0	0	0	264	0	0	264	0	0	0	0	0	0	1	0	0	0	0	0	0	0	0	0	0	0	0	0	0	0	0	0	0	0	0	0	0	0	0	0	0	0	0	0	0	0	0	0	0	0	0	0	0	0	0
107	0	0	0	0	0	0	0	1258	0	0	1258	0	0	0	0	0	0	0.322273	0	0	0.322273	0	0	0	0	0	0	1	0	0	0	0	0	0	0	0	209	0	0	209	0	0	0	0	0	0	1	0	0	0	0	0	0	0	0	81.5879	0	0	81.5879	0	0	0	0	0	0	1	0	0	0	0	0	0	0	0	268	0	0	268	0	0	0	0	0	0	1	0	0	0	0	0	0	0	0	0	0	0	0	0	0	0	0	0	0	0	0	0	0	0	0	0	0	0	0	0	0	0	0	0	0	0	0	0	0	0	0
108	0	0	0	0	0	0	0	1265	0	0	1265	0	0	0	0	0	0	0.297182	0	0	0.297182	0	0	0	0	0	0	1	0	0	0	0	0	0	0	0	199	0	0	199	0	0	0	0	0	0	1	0	0	0	0	0	0	0	0	80.6617	0	0	80.6617	0	0	0	0	0	0	1	0	0	0	0	0	0	0	0	273	0	0	273	0	0	0	0	0	0	1	0	0	0	0	0	0	0	0	0	0	0	0	0	0	0	0	0	0	0	0	0	0	0	0	0	0	0	0	0	0	0	0	0	0	0	0	0	0	0	0
109	0	0	0	0	0	0	0	1279	0	0	1279	0	0	0	0	0	0	0.302399	0	0	0.302399	0	0	0	0	0	0	1	0	0	0	0	0	0	0	0	195	0	0	195	0	0	0	0	0	0	1	0	0	0	0	0	0	0	0	83.327	0	0	83.327	0	0	0	0	0	0	1	0	0	0	0	0	0	0	0	280	0	0	280	0	0	0	0	0	0	1	0	0	0	0	0	0	0	0	0	0	0	0	0	0	0	0	0	0	0	0	0	0	0	0	0	0	0	0	0	0	0	0	0	0	0	0	0	0	0	0
110	0	0	0	0	0	0	0	1299	0	0	1299	0	0	0	0	0	0	0.34327	0	0	0.34327	0	0	0	0	0	0	1	0	0	0	0	0	0	0	0	189	0	0	189	0	0	0	0	0	0	1	0	0	0	0	0	0	0	0	80.889	0	0	80.889	0	0	0	0	0	0	1	0	0	0	0	0	0	0	0	276	0	0	276	0	0	0	0	0	0	1	0	0	0	0	0	0	0	0	0	0	0	0	0	0	0	0	0	0	0	0	0	0	0	0	0	0	0	0	0	0	0	0	0	0	0	0	0	0	0	0
111	0	0	0	0	0	0	0	1330	0	0	1330	0	0	0	0	0	0	0.319586	0	0	0.319586	0	0	0	0	0	0	1	0	0	0	0	0	0	0	0	170	0	0	170	0	0	0	0	0	0	1	0	0	0	0	0	0	0	0	81.7138	0	0	81.7138	0	0	0	0	0	0	1	0	0	0	0	0	0	0	0	289	0	0	289	0	0	0	0	0	0	1	0	0	0	0	0	0	0	0	0	0	0	0	0	0	0	0	0	0	0	0	0	0	0	0	0	0	0	0	0	0	0	0	0	0	0	0	0	0	0	0
112	0	0	0	0	0	0	0	1355	0	0	1355	0	0	0	0	0	0	0.340432	0	0	0.340432	0	0	0	0	0	0	1	0	0	0	0	0	0	0	0	164	0	0	164	0	0	0	0	0	0	1	0	0	0	0	0	0	0	0	85.1212	0	0	85.1212	0	0	0	0	0	0	1	0	0	0	0	0	0	0	0	294	0	0	294	0	0	0	0	0	0	1	0	0	0	0	0	0	0	0	0	0	0	0	0	0	0	0	0	0	0	0	0	0	0	0	0	0	0	0	0	0	0	0	0	0	0	0	0	0	0	0
113	0	0	0	0	0	0	0	1369	0	0	1369	0	0	0	0	0	0	0.281175	0	0	0.281175	0	0	0	0	0	0	1	0	0	0	0	0	0	0	0	140	0	0	140	0	0	0	0	0	0	1	0	0	0	0	0	0	0	0	86.6866	0	0	86.6866	0	0	0	0	0	0	1	0	0	0	0	0	0	0	0	306	0	0	306	0	0	0	0	0	0	1	0	0	0	0	0	0	0	0	0	0	0	0	0	0	0	0	0	0	0	0	0	0	0	0	0	0	0	0	0	0	0	0	0	0	0	0	0	0	0	0
114	0	0	0	0	0	0	0	1362	0	0	1362	0	0	0	0	0	0	0.234325	0	0	0.234325	0	0	0	0	0	0	1	0	0	0	0	0	0	0	0	132	0	0	132	0	0	0	0	0	0	1	0	0	0	0	0	0	0	0	87.1368	0	0	87.1368	0	0	0	0	0	0	1	0	0	0	0	0	0	0	0	304	0	0	304	0	0	0	0	0	0	1	0	0	0	0	0	0	0	0	0	0	0	0	0	0	0	0	0	0	0	0	0	0	0	0	0	0	0	0	0	0	0	0	0	0	0	0	0	0	0	0
115	0	0	0	0	0	0	0	1391	0	0	1391	0	0	0	0	0	0	0.238646	0	0	0.238646	0	0	0	0	0	0	1	0	0	0	0	0	0	0	0	136	0	0	136	0	0	0	0	0	0	1	0	0	0	0	0	0	0	0	89.2425	0	0	89.2425	0	0	0	0	0	0	1	0	0	0	0	0	0	0	0	304	0	0	304	0	0	0	0	0	0	1	0	0	0	0	0	0	0	0	0	0	0	0	0	0	0	0	0	0	0	0	0	0	0	0	0	0	0	0	0	0	0	0	0	0	0	0	0	0	0	0
116	0	0	0	0	0	0	0	1393	0	0	1393	0	0	0	0	0	0	0.310889	0	0	0.310889	0	0	0	0	0	0	1	0	0	0	0	0	0	0	0	151	0	0	151	0	0	0	0	0	0	1	0	0	0	0	0	0	0	0	88.9378	0	0	88.9378	0	0	0	0	0	0	1	0	0	0	0	0	0	0	0	286	0	0	286	0	0	0	0	0	0	1	0	0	0	0	0	0	0	0	0	0	0	0	0	0	0	0	0	0	0	0	0	0	0	0	0	0	0	0	0	0	0	0	0	0	0	0	0	0	0	0
117	0	0	0	0	0	0	0	1380	0	0	1380	0	0	0	0	0	0	0.271445	0	0	0.271445	0	0	0	0	0	0	1	0	0	0	0	0	0	0	0	143	0	0	143	0	0	0	0	0	0	1	0	0	0	0	0	0	0	0	90.5508	0	0	90.5508	0	0	0	0	0	0	1	0	0	0	0	0	0	0	0	289	0	0	289	0	0	0	0	0	0	1	0	0	0	0	0	0	0	0	0	0	0	0	0	0	0	0	0	0	0	0	0	0	0	0	0	0	0	0	0	0	0	0	0	0	0	0	0	0	0	0
118	0	0	0	0	0	0	0	1353	0	0	1353	0	0	0	0	0	0	0.236723	0	0	0.236723	0	0	0	0	0	0	1	0	0	0	0	0	0	0	0	136	0	0	136	0	0	0	0	0	0	1	0	0	0	0	0	0	0	0	89.5818	0	0	89.5818	0	0	0	0	0	0	1	0	0	0	0	0	0	0	0	289	0	0	289	0	0	0	0	0	0	1	0	0	0	0	0	0	0	0	0	0	0	0	0	0	0	0	0	0	0	0	0	0	0	0	0	0	0	0	0	0	0	0	0	0	0	0	0	0	0	0
119	0	0	0	0	0	0	0	1338	0	0	1338	0	0	0	0	0	0	0.211436	0	0	0.211436	0	0	0	0	0	0	1	0	0	0	0	0	0	0	0	127	0	0	127	0	0	0	0	0	0	1	0	0	0	0	0	0	0	0	89.49	0	0	89.49	0	0	0	0	0	0	1	0	0	0	0	0	0	0	0	284	0	0	284	0	0	0	0	0	0	1	0	0	0	0	0	0	0	0	0	0	0	0	0	0	0	0	0	0	0	0	0	0	0	0	0	0	0	0	0	0	0	0	0	0	0	0	0	0	0	0
120	0	0	0	0	0	0	0	1361	0	0	1361	0	0	0	0	0	0	0.196469	0	0	0.196469	0	0	0	0	0	0	1	0	0	0	0	0	0	0	0	131	0	0	131	0	0	0	0	0	0	1	0	0	0	0	0	0	0	0	92.0147	0	0	92.0147	0	0	0	0	0	0	1	0	0	0	0	0	0	0	0	284	0	0	284	0	0	0	0	0	0	1	0	0	0	0	0	0	0	0	0	0	0	0	0	0	0	0	0	0	0	0	0	0	0	0	0	0	0	0	0	0	0	0	0	0	0	0	0	0	0	0
121	0	0	0	0	0	0	0	1355	0	0	1355	0	0	0	0	0	0	0.230923	0	0	0.230923	0	0	0	0	0	0	1	0	0	0	0	0	0	0	0	131	0	0	131	0	0	0	0	0	0	1	0	0	0	0	0	0	0	0	91.2678	0	0	91.2678	0	0	0	0	0	0	1	0	0	0	0	0	0	0	0	279	0	0	279	0	0	0	0	0	0	1	0	0	0	0	0	0	0	0	0	0	0	0	0	0	0	0	0	0	0	0	0	0	0	0	0	0	0	0	0	0	0	0	0	0	0	0	0	0	0	0
122	0	0	0	0	0	0	0	1357	0	0	1357	0	0	0	0	0	0	0.232811	0	0	0.232811	0	0	0	0	0	0	1	0	0	0	0	0	0	0	0	126	0	0	126	0	0	0	0	0	0	1	0	0	0	0	0	0	0	0	90.6495	0	0	90.6495	0	0	0	0	0	0	1	0	0	0	0	0	0	0	0	277	0	0	277	0	0	0	0	0	0	1	0	0	0	0	0	0	0	0	0	0	0	0	0	0	0	0	0	0	0	0	0	0	0	0	0	0	0	0	0	0	0	0	0	0	0	0	0	0	0	0
123	0	0	0	0	0	0	0	1360	0	0	1360	0	0	0	0	0	0	0.235944	0	0	0.235944	0	0	0	0	0	0	1	0	0	0	0	0	0	0	0	125	0	0	125	0	0	0	0	0	0	1	0	0	0	0	0	0	0	0	89.4734	0	0	89.4734	0	0	0	0	0	0	1	0	0	0	0	0	0	0	0	264	0	0	264	0	0	0	0	0	0	1	0	0	0	0	0	0	0	0	0	0	0	0	0	0	0	0	0	0	0	0	0	0	0	0	0	0	0	0	0	0	0	0	0	0	0	0	0	0	0	0
124	0	0	0	0	0	0	0	1375	0	0	1375	0	0	0	0	0	0	0.18984	0	0	0.18984	0	0	0	0	0	0	1	0	0	0	0	0	0	0	0	111	0	0	111	0	0	0	0	0	0	1	0	0	0	0	0	0	0	0	92.8517	0	0	92.8517	0	0	0	0	0	0	1	0	0	0	0	0	0	0	0	269	0	0	269	0	0	0	0	0	0	1	0	0	0	0	0	0	0	0	0	0	0	0	0	0	0	0	0	0	0	0	0	0	0	0	0	0	0	0	0	0	0	0	0	0	0	0	0	0	0	0
125	0	0	0	0	0	0	0	1327	0	0	1327	0	0	0	0	0	0	0.204942	0	0	0.204942	0	0	0	0	0	0	1	0	0	0	0	0	0	0	0	109	0	0	109	0	0	0	0	0	0	1	0	0	0	0	0	0	0	0	93.3326	0	0	93.3326	0	0	0	0	0	0	1	0	0	0	0	0	0	0	0	265	0	0	265	0	0	0	0	0	0	1	0	0	0	0	0	0	0	0	0	0	0	0	0	0	0	0	0	0	0	0	0	0	0	0	0	0	0	0	0	0	0	0	0	0	0	0	0	0	0	0
126	0	0	0	0	0	0	0	1328	0	0	1328	0	0	0	0	0	0	0.207732	0	0	0.207732	0	0	0	0	0	0	1	0	0	0	0	0	0	0	0	110	0	0	110	0	0	0	0	0	0	1	0	0	0	0	0	0	0	0	93.6285	0	0	93.6285	0	0	0	0	0	0	1	0	0	0	0	0	0	0	0	259	0	0	259	0	0	0	0	0	0	1	0	0	0	0	0	0	0	0	0	0	0	0	0	0	0	0	0	0	0	0	0	0	0	0	0	0	0	0	0	0	0	0	0	0	0	0	0	0	0	0
127	0	0	0	0	0	0	0	1276	0	0	1276	0	0	0	0	0	0	0.207421	0	0	0.207421	0	0	0	0	0	0	1	0	0	0	0	0	0	0	0	110	0	0	110	0	0	0	0	0	0	1	0	0	0	0	0	0	0	0	91.6209	0	0	91.6209	0	0	0	0	0	0	1	0	0	0	0	0	0	0	0	251	0	0	251	0	0	0	0	0	0	1	0	0	0	0	0	0	0	0	0	0	0	0	0	0	0	0	0	0	0	0	0	0	0	0	0	0	0	0	0	0	0	0	0	0	0	0	0	0	0	0
128	0	0	0	0	0	0	0	1295	0	0	1295	0	0	0	0	0	0	0.207809	0	0	0.207809	0	0	0	0	0	0	1	0	0	0	0	0	0	0	0	101	0	0	101	0	0	0	0	0	0	1	0	0	0	0	0	0	0	0	93.5292	0	0	93.5292	0	0	0	0	0	0	1	0	0	0	0	0	0	0	0	248	0	0	248	0	0	0	0	0	0	1	0	0	0	0	0	0	0	0	0	0	0	0	0	0	0	0	0	0	0	0	0	0	0	0	0	0	0	0	0	0	0	0	0	0	0	0	0	0	0	0
129	0	0	0	0	0	0	0	1305	0	0	1305	0	0	0	0	0	0	0.197137	0	0	0.197137	0	0	0	0	0	0	1	0	0	0	0	0	0	0	0	89	0	0	89	0	0	0	0	0	0	1	0	0	0	0	0	0	0	0	92.8745	0	0	92.8745	0	0	0	0	0	0	1	0	0	0	0	0	0	0	0	240	0	0	240	0	0	0	0	0	0	1	0	0	0	0	0	0	0	0	0	0	0	0	0	0	0	0	0	0	0	0	0	0	0	0	0	0	0	0	0	0	0	0	0	0	0	0	0	0	0	0
130	0	0	0	0	0	0	0	1337	0	0	1337	0	0	0	0	0	0	0.16613	0	0	0.16613	0	0	0	0	0	0	1	0	0	0	0	0	0	0	0	78	0	0	78	0	0	0	0	0	0	1	0	0	0	0	0	0	0	0	93.9599	0	0	93.9599	0	0	0	0	0	0	1	0	0	0	0	0	0	0	0	238	0	0	238	0	0	0	0	0	0	1	0	0	0	0	0	0	0	0	0	0	0	0	0	0	0	0	0	0	0	0	0	0	0	0	0	0	0	0	0	0	0	0	0	0	0	0	0	0	0	0
131	0	0	0	0	0	0	0	1342	0	0	1342	0	0	0	0	0	0	0.135959	0	0	0.135959	0	0	0	0	0	0	1	0	0	0	0	0	0	0	0	64	0	0	64	0	0	0	0	0	0	1	0	0	0	0	0	0	0	0	94.8559	0	0	94.8559	0	0	0	0	0	0	1	0	0	0	0	0	0	0	0	233	0	0	233	0	0	0	0	0	0	1	0	0	0	0	0	0	0	0	0	0	0	0	0	0	0	0	0	0	0	0	0	0	0	0	0	0	0	0	0	0	0	0	0	0	0	0	0	0	0	0
132	0	0	0	0	0	0	0	1346	0	0	1346	0	0	0	0	0	0	0.143239	0	0	0.143239	0	0	0	0	0	0	1	0	0	0	0	0	0	0	0	55	0	0	55	0	0	0	0	0	0	1	0	0	0	0	0	0	0	0	94.652	0	0	94.652	0	0	0	0	0	0	1	0	0	0	0	0	0	0	0	223	0	0	223	0	0	0	0	0	0	1	0	0	0	0	0	0	0	0	0	0	0	0	0	0	0	0	0	0	0	0	0	0	0	0	0	0	0	0	0	0	0	0	0	0	0	0	0	0	0	0
133	0	0	0	0	0	0	0	1343	0	0	1343	0	0	0	0	0	0	0.147347	0	0	0.147347	0	0	0	0	0	0	1	0	0	0	0	0	0	0	0	50	0	0	50	0	0	0	0	0	0	1	0	0	0	0	0	0	0	0	91.7158	0	0	91.7158	0	0	0	0	0	0	1	0	0	0	0	0	0	0	0	215	0	0	215	0	0	0	0	0	0	1	0	0	0	0	0	0	0	0	0	0	0	0	0	0	0	0	0	0	0	0	0	0	0	0	0	0	0	0	0	0	0	0	0	0	0	0	0	0	0	0
134	0	0	0	0	0	0	0	1385	0	0	1385	0	0	0	0	0	0	0.120456	0	0	0.120456	0	0	0	0	0	0	1	0	0	0	0	0	0	0	0	43	0	0	43	0	0	0	0	0	0	1	0	0	0	0	0	0	0	0	91.3934	0	0	91.3934	0	0	0	0	0	0	1	0	0	0	0	0	0	0	0	214	0	0	214	0	0	0	0	0	0	1	0	0	0	0	0	0	0	0	0	0	0	0	0	0	0	0	0	0	0	0	0	0	0	0	0	0	0	0	0	0	0	0	0	0	0	0	0	0	0	0
135	0	0	0	0	0	0	0	1345	0	0	1345	0	0	0	0	0	0	0.117683	0	0	0.117683	0	0	0	0	0	0	1	0	0	0	0	0	0	0	0	39	0	0	39	0	0	0	0	0	0	1	0	0	0	0	0	0	0	0	91.8118	0	0	91.8118	0	0	0	0	0	0	1	0	0	0	0	0	0	0	0	208	0	0	208	0	0	0	0	0	0	1	0	0	0	0	0	0	0	0	0	0	0	0	0	0	0	0	0	0	0	0	0	0	0	0	0	0	0	0	0	0	0	0	0	0	0	0	0	0	0	0
136	0	0	0	0	0	0	0	1303	0	0	1303	0	0	0	0	0	0	0.106811	0	0	0.106811	0	0	0	0	0	0	1	0	0	0	0	0	0	0	0	37	0	0	37	0	0	0	0	0	0	1	0	0	0	0	0	0	0	0	91.3488	0	0	91.3488	0	0	0	0	0	0	1	0	0	0	0	0	0	0	0	195	0	0	195	0	0	0	0	0	0	1	0	0	0	0	0	0	0	0	0	0	0	0	0	0	0	0	0	0	0	0	0	0	0	0	0	0	0	0	0	0	0	0	0	0	0	0	0	0	0	0
137	0	0	0	0	0	0	0	1344	0	0	1344	0	0	0	0	0	0	0.113053	0	0	0.113053	0	0	0	0	0	0	1	0	0	0	0	0	0	0	0	38	0	0	38	0	0	0	0	0	0	1	0	0	0	0	0	0	0	0	86.6931	0	0	86.6931	0	0	0	0	0	0	1	0	0	0	0	0	0	0	0	184	0	0	184	0	0	0	0	0	0	1	0	0	0	0	0	0	0	0	0	0	0	0	0	0	0	0	0	0	0	0	0	0	0	0	0	0	0	0	0	0	0	0	0	0	0	0	0	0	0	0
138	0	0	0	0	0	0	0	1305	0	0	1305	0	0	0	0	0	0	0.0573621	0	0	0.0573621	0	0	0	0	0	0	1	0	0	0	0	0	0	0	0	28	0	0	28	0	0	0	0	0	0	1	0	0	0	0	0	0	0	0	87.4139	0	0	87.4139	0	0	0	0	0	0	1	0	0	0	0	0	0	0	0	187	0	0	187	0	0	0	0	0	0	1	0	0	0	0	0	0	0	0	0	0	0	0	0	0	0	0	0	0	0	0	0	0	0	0	0	0	0	0	0	0	0	0	0	0	0	0	0	0	0	0
139	0	0	0	0	0	0	0	1308	0	0	1308	0	0	0	0	0	0	0.0453349	0	0	0.0453349	0	0	0	0	0	0	1	0	0	0	0	0	0	0	0	24	0	0	24	0	0	0	0	0	0	1	0	0	0	0	0	0	0	0	87.1026	0	0	87.1026	0	0	0	0	0	0	1	0	0	0	0	0	0	0	0	181	0	0	181	0	0	0	0	0	0	1	0	0	0	0	0	0	0	0	0	0	0	0	0	0	0	0	0	0	0	0	0	0	0	0	0	0	0	0	0	0	0	0	0	0	0	0	0	0	0	0
140	0	0	0	0	0	0	0	1296	0	0	1296	0	0	0	0	0	0	0.0505087	0	0	0.0505087	0	0	0	0	0	0	1	0	0	0	0	0	0	0	0	27	0	0	27	0	0	0	0	0	0	1	0	0	0	0	0	0	0	0	88.8756	0	0	88.8756	0	0	0	0	0	0	1	0	0	0	0	0	0	0	0	176	0	0	176	0	0	0	0	0	0	1	0	0	0	0	0	0	0	0	0	0	0	0	0	0	0	0	0	0	0	0	0	0	0	0	0	0	0	0	0	0	0	0	0	0	0	0	0	0	0	0
141	0	0	0	0	0	0	0	1323	0	0	1323	0	0	0	0	0	0	0.0328701	0	0	0.0328701	0	0	0	0	0	0	1	0	0	0	0	0	0	0	0	33	0	0	33	0	0	0	0	0	0	1	0	0	0	0	0	0	0	0	90.2429	0	0	90.2429	0	0	0	0	0	0	1	0	0	0	0	0	0	0	0	175	0	0	175	0	0	0	0	0	0	1	0	0	0	0	0	0	0	0	0	0	0	0	0	0	0	0	0	0	0	0	0	0	0	0	0	0	0	0	0	0	0	0	0	0	0	0	0	0	0	0
142	0	0	0	0	0	0	0	1282	0	0	1282	0	0	0	0	0	0	0.0412327	0	0	0.0412327	0	0	0	0	0	0	1	0	0	0	0	0	0	0	0	40	0	0	40	0	0	0	0	0	0	1	0	0	0	0	0	0	0	0	83.9929	0	0	83.9929	0	0	0	0	0	0	1	0	0	0	0	0	0	0	0	164	0	0	164	0	0	0	0	0	0	1	0	0	0	0	0	0	0	0	0	0	0	0	0	0	0	0	0	0	0	0	0	0	0	0	0	0	0	0	0	0	0	0	0	0	0	0	0	0	0	0
143	0	0	0	0	0	0	0	1257	0	0	1257	0	0	0	0	0	0	0.0435032	0	0	0.0435032	0	0	0	0	0	0	1	0	0	0	0	0	0	0	0	49	0	0	49	0	0	0	0	0	0	1	0	0	0	0	0	0	0	0	83.8326	0	0	83.8326	0	0	0	0	0	0	1	0	0	0	0	0	0	0	0	162	0	0	162	0	0	0	0	0	0	1	0	0	0	0	0	0	0	0	0	0	0	0	0	0	0	0	0	0	0	0	0	0	0	0	0	0	0	0	0	0	0	0	0	0	0	0	0	0	0	0
144	0	0	0	0	0	0	0	1301	0	0	1301	0	0	0	0	0	0	0.049535	0	0	0.049535	0	0	0	0	0	0	1	0	0	0	0	0	0	0	0	54	0	0	54	0	0	0	0	0	0	1	0	0	0	0	0	0	0	0	85.6751	0	0	85.6751	0	0	0	0	0	0	1	0	0	0	0	0	0	0	0	161	0	0	161	0	0	0	0	0	0	1	0	0	0	0	0	0	0	0	0	0	0	0	0	0	0	0	0	0	0	0	0	0	0	0	0	0	0	0	0	0	0	0	0	0	0	0	0	0	0	0
145	0	0	0	0	0	0	0	1301	0	0	1301	0	0	0	0	0	0	0.0845554	0	0	0.0845554	0	0	0	0	0	0	1	0	0	0	0	0	0	0	0	67	0	0	67	0	0	0	0	0	0	1	0	0	0	0	0	0	0	0	82.3841	0	0	82.3841	0	0	0	0	0	0	1	0	0	0	0	0	0	0	0	152	0	0	152	0	0	0	0	0	0	1	0	0	0	0	0	0	0	0	0	0	0	0	0	0	0	0	0	0	0	0	0	0	0	0	0	0	0	0	0	0	0	0	0	0	0	0	0	0	0	0
146	0	0	0	0	0	0	0	1341	0	0	1341	0	0	0	0	0	0	0.106093	0	0	0.106093	0	0	0	0	0	0	1	0	0	0	0	0	0	0	0	71	0	0	71	0	0	0	0	0	0	1	0	0	0	0	0	0	0	0	83.0016	0	0	83.0016	0	0	0	0	0	0	1	0	0	0	0	0	0	0	0	151	0	0	151	0	0	0	0	0	0	1	0	0	0	0	0	0	0	0	0	0	0	0	0	0	0	0	0	0	0	0	0	0	0	0	0	0	0	0	0	0	0	0	0	0	0	0	0	0	0	0
147	0	0	0	0	0	0	0	1309	0	0	1309	0	0	0	0	0	0	0.0883013	0	0	0.0883013	0	0	0	0	0	0	1	0	0	0	0	0	0	0	0	78	0	0	78	0	0	0	0	0	0	1	0	0	0	0	0	0	0	0	81.2453	0	0	81.2453	0	0	0	0	0	0	1	0	0	0	0	0	0	0	0	149	0	0	149	0	0	0	0	0	0	1	0	0	0	0	0	0	0	0	0	0	0	0	0	0	0	0	0	0	0	0	0	0	0	0	0	0	0	0	0	0	0	0	0	0	0	0	0	0	0	0
148	0	0	0	0	0	0	0	1309	0	0	1309	0	0	0	0	0	0	0.102216	0	0	0.102216	0	0	0	0	0	0	1	0	0	0	0	0	0	0	0	99	0	0	99	0	0	0	0	0	0	1	0	0	0	0	0	0	0	0	82.4022	0	0	82.4022	0	0	0	0	0	0	1	0	0	0	0	0	0	0	0	148	0	0	148	0	0	0	0	0	0	1	0	0	0	0	0	0	0	0	0	0	0	0	0	0	0	0	0	0	0	0	0	0	0	0	0	0	0	0	0	0	0	0	0	0	0	0	0	0	0	0
149	0	0	0	0	0	0	0	1323	0	0	1323	0	0	0	0	0	0	0.114542	0	0	0.114542	0	0	0	0	0	0	1	0	0	0	0	0	0	0	0	106	0	0	106	0	0	0	0	0	0	1	0	0	0	0	0	0	0	0	84.1904	0	0	84.1904	0	0	0	0	0	0	1	0	0	0	0	0	0	0	0	151	0	0	151	0	0	0	0	0	0	1	0	0	0	0	0	0	0	0	0	0	0	0	0	0	0	0	0	0	0	0	0	0	0	0	0	0	0	0	0	0	0	0	0	0	0	0	0	0	0	0
150	0	0	0	0	0	0	0	1342	0	0	1342	0	0	0	0	0	0	0.139126	0	0	0.139126	0	0	0	0	0	0	1	0	0	0	0	0	0	0	0	121	0	0	121	0	0	0	0	0	0	1	0	0	0	0	0	0	0	0	85.4395	0	0	85.4395	0	0	0	0	0	0	1	0	0	0	0	0	0	0	0	154	0	0	154	0	0	0	0	0	0	1	0	0	0	0	0	0	0	0	0	0	0	0	0	0	0	0	0	0	0	0	0	0	0	0	0	0	0	0	0	0	0	0	0	0	0	0	0	0	0	0
151	0	0	0	0	0	0	0	1329	0	0	1329	0	0	0	0	0	0	0.16274	0	0	0.16274	0	0	0	0	0	0	1	0	0	0	0	0	0	0	0	146	0	0	146	0	0	0	0	0	0	1	0	0	0	0	0	0	0	0	82.9226	0	0	82.9226	0	0	0	0	0	0	1	0	0	0	0	0	0	0	0	154	0	0	154	0	0	0	0	0	0	1	0	0	0	0	0	0	0	0	0	0	0	0	0	0	0	0	0	0	0	0	0	0	0	0	0	0	0	0	0	0	0	0	0	0	0	0	0	0	0	0
152	0	0	0	0	0	0	0	1284	0	0	1284	0	0	0	0	0	0	0.207461	0	0	0.207461	0	0	0	0	0	0	1	0	0	0	0	0	0	0	0	157	0	0	157	0	0	0	0	0	0	1	0	0	0	0	0	0	0	0	74.2494	0	0	74.2494	0	0	0	0	0	0	1	0	0	0	0	0	0	0	0	146	0	0	146	0	0	0	0	0	0	1	0	0	0	0	0	0	0	0	0	0	0	0	0	0	0	0	0	0	0	0	0	0	0	0	0	0	0	0	0	0	0	0	0	0	0	0	0	0	0	0
153	0	0	0	0	0	0	0	1262	0	0	1262	0	0	0	0	0	0	0.219638	0	0	0.219638	0	0	0	0	0	0	1	0	0	0	0	0	0	0	0	168	0	0	168	0	0	0	0	0	0	1	0	0	0	0	0	0	0	0	70.9847	0	0	70.9847	0	0	0	0	0	0	1	0	0	0	0	0	0	0	0	155	0	0	155	0	0	0	0	0	0	1	0	0	0	0	0	0	0	0	0	0	0	0	0	0	0	0	0	0	0	0	0	0	0	0	0	0	0	0	0	0	0	0	0	0	0	0	0	0	0	0
154	0	0	0	0	0	0	0	1212	0	0	1212	0	0	0	0	0	0	0.30782	0	0	0.30782	0	0	0	0	0	0	1	0	0	0	0	0	0	0	0	191	0	0	191	0	0	0	0	0	0	1	0	0	0	0	0	0	0	0	65.6397	0	0	65.6397	0	0	0	0	0	0	1	0	0	0	0	0	0	0	0	153	0	0	153	0	0	0	0	0	0	1	0	0	0	0	0	0	0	0	0	0	0	0	0	0	0	0	0	0	0	0	0	0	0	0	0	0	0	0	0	0	0	0	0	0	0	0	0	0	0	0
155	0	0	0	0	0	0	0	1241	0	0	1241	0	0	0	0	0	0	0.273254	0	0	0.273254	0	0	0	0	0	0	1	0	0	0	0	0	0	0	0	204	0	0	204	0	0	0	0	0	0	1	0	0	0	0	0	0	0	0	68.5283	0	0	68.5283	0	0	0	0	0	0	1	0	0	0	0	0	0	0	0	177	0	0	177	0	0	0	0	0	0	1	0	0	0	0	0	0	0	0	0	0	0	0	0	0	0	0	0	0	0	0	0	0	0	0	0	0	0	0	0	0	0	0	0	0	0	0	0	0	0	0
156	0	0	0	0	0	0	0	1247	0	0	1247	0	0	0	0	0	0	0.260956	0	0	0.260956	0	0	0	0	0	0	1	0	0	0	0	0	0	0	0	230	0	0	230	0	0	0	0	0	0	1	0	0	0	0	0	0	0	0	69.6294	0	0	69.6294	0	0	0	0	0	0	1	0	0	0	0	0	0	0	0	198	0	0	198	0	0	0	0	0	0	1	0	0	0	0	0	0	0	0	0	0	0	0	0	0	0	0	0	0	0	0	0	0	0	0	0	0	0	0	0	0	0	0	0	0	0	0	0	0	0	0
157	0	0	0	0	0	0	0	1262	0	0	1262	0	0	0	0	0	0	0.309429	0	0	0.309429	0	0	0	0	0	0	1	0	0	0	0	0	0	0	0	274	0	0	274	0	0	0	0	0	0	1	0	0	0	0	0	0	0	0	72.1193	0	0	72.1193	0	0	0	0	0	0	1	0	0	0	0	0	0	0	0	210	0	0	210	0	0	0	0	0	0	1	0	0	0	0	0	0	0	0	0	0	0	0	0	0	0	0	0	0	0	0	0	0	0	0	0	0	0	0	0	0	0	0	0	0	0	0	0	0	0	0
158	0	0	0	0	0	0	0	1239	0	0	1239	0	0	0	0	0	0	0.370268	0	0	0.370268	0	0	0	0	0	0	1	0	0	0	0	0	0	0	0	301	0	0	301	0	0	0	0	0	0	1	0	0	0	0	0	0	0	0	73.3578	0	0	73.3578	0	0	0	0	0	0	1	0	0	0	0	0	0	0	0	217	0	0	217	0	0	0	0	0	0	1	0	0	0	0	0	0	0	0	0	0	0	0	0	0	0	0	0	0	0	0	0	0	0	0	0	0	0	0	0	0	0	0	0	0	0	0	0	0	0	0
159	0	0	0	0	0	0	0	1249	0	0	1249	0	0	0	0	0	0	0.432093	0	0	0.432093	0	0	0	0	0	0	1	0	0	0	0	0	0	0	0	310	0	0	310	0	0	0	0	0	0	1	0	0	0	0	0	0	0	0	75.4201	0	0	75.4201	0	0	0	0	0	0	1	0	0	0	0	0	0	0	0	225	0	0	225	0	0	0	0	0	0	1	0	0	0	0	0	0	0	0	0	0	0	0	0	0	0	0	0	0	0	0	0	0	0	0	0	0	0	0	0	0	0	0	0	0	0	0	0	0	0	0
160	0	0	0	0	0	0	0	1202	0	0	1202	0	0	0	0	0	0	0.415565	0	0	0.415565	0	0	0	0	0	0	1	0	0	0	0	0	0	0	0	312	0	0	312	0	0	0	0	0	0	1	0	0	0	0	0	0	0	0	74.8227	0	0	74.8227	0	0	0	0	0	0	1	0	0	0	0	0	0	0	0	244	0	0	244	0	0	0	0	0	0	1	0	0	0	0	0	0	0	0	0	0	0	0	0	0	0	0	0	0	0	0	0	0	0	0	0	0	0	0	0	0	0	0	0	0	0	0	0	0	0	0
161	0	0	0	0	0	0	0	1222	0	0	1222	0	0	0	0	0	0	0.465341	0	0	0.465341	0	0	0	0	0	0	1	0	0	0	0	0	0	0	0	307	0	0	307	0	0	0	0	0	0	1	0	0	0	0	0	0	0	0	75.6244	0	0	75.6244	0	0	0	0	0	0	1	0	0	0	0	0	0	0	0	252	0	0	252	0	0	0	0	0	0	1	0	0	0	0	0	0	0	0	0	0	0	0	0	0	0	0	0	0	0	0	0	0	0	0	0	0	0	0	0	0	0	0	0	0	0	0	0	0	0	0
162	0	0	0	0	0	0	0	1260	0	0	1260	0	0	0	0	0	0	0.52012	0	0	0.52012	0	0	0	0	0	0	1	0	0	0	0	0	0	0	0	296	0	0	296	0	0	0	0	0	0	1	0	0	0	0	0	0	0	0	77.1873	0	0	77.1873	0	0	0	0	0	0	1	0	0	0	0	0	0	0	0	264	0	0	264	0	0	0	0	0	0	1	0	0	0	0	0	0	0	0	0	0	0	0	0	0	0	0	0	0	0	0	0	0	0	0	0	0	0	0	0	0	0	0	0	0	0	0	0	0	0	0
163	0	0	0	0	0	0	0	1261	0	0	1261	0	0	0	0	0	0	0.466363	0	0	0.466363	0	0	0	0	0	0	1	0	0	0	0	0	0	0	0	282	0	0	282	0	0	0	0	0	0	1	0	0	0	0	0	0	0	0	80.6088	0	0	80.6088	0	0	0	0	0	0	1	0	0	0	0	0	0	0	0	289	0	0	289	0	0	0	0	0	0	1	0	0	0	0	0	0	0	0	0	0	0	0	0	0	0	0	0	0	0	0	0	0	0	0	0	0	0	0	0	0	0	0	0	0	0	0	0	0	0	0
164	0	0	0	0	0	0	0	1258	0	0	1258	0	0	0	0	0	0	0.455203	0	0	0.455203	0	0	0	0	0	0	1	0	0	0	0	0	0	0	0	280	0	0	280	0	0	0	0	0	0	1	0	0	0	0	0	0	0	0	83.8446	0	0	83.8446	0	0	0	0	0	0	1	0	0	0	0	0	0	0	0	314	0	0	314	0	0	0	0	0	0	1	0	0	0	0	0	0	0	0	0	0	0	0	0	0	0	0	0	0	0	0	0	0	0	0	0	0	0	0	0	0	0	0	0	0	0	0	0	0	0	0
165	0	0	0	0	0	0	0	1311	0	0	1311	0	0	0	0	0	0	0.47309	0	0	0.47309	0	0	0	0	0	0	1	0	0	0	0	0	0	0	0	273	0	0	273	0	0	0	0	0	0	1	0	0	0	0	0	0	0	0	84.4059	0	0	84.4059	0	0	0	0	0	0	1	0	0	0	0	0	0	0	0	317	0	0	317	0	0	0	0	0	0	1	0	0	0	0	0	0	0	0	0	0	0	0	0	0	0	0	0	0	0	0	0	0	0	0	0	0	0	0	0	0	0	0	0	0	0	0	0	0	0	0
166	0	0	0	0	0	0	0	1304	0	0	1304	0	0	0	0	0	0	0.487908	0	0	0.487908	0	0	0	0	0	0	1	0	0	0	0	0	0	0	0	248	0	0	248	0	0	0	0	0	0	1	0	0	0	0	0	0	0	0	84.9841	0	0	84.9841	0	0	0	0	0	0	1	0	0	0	0	0	0	0	0	324	0	0	324	0	0	0	0	0	0	1	0	0	0	0	0	0	0	0	0	0	0	0	0	0	0	0	0	0	0	0	0	0	0	0	0	0	0	0	0	0	0	0	0	0	0	0	0	0	0	0
167	0	0	0	0	0	0	0	1280	0	0	1280	0	0	0	0	0	0	0.431059	0	0	0.431059	0	0	0	0	0	0	1	0	0	0	0	0	0	0	0	214	0	0	214	0	0	0	0	0	0	1	0	0	0	0	0	0	0	0	87.3358	0	0	87.3358	0	0	0	0	0	0	1	0	0	0	0	0	0	0	0	343	0	0	343	0	0	0	0	0	0	1	0	0	0	0	0	0	0	0	0	0	0	0	0	0	0	0	0	0	0	0	0	0	0	0	0	0	0	0	0	0	0	0	0	0	0	0	0	0	0	0
168	0	0	0	0	0	0	0	1273	0	0	1273	0	0	0	0	0	0	0.366809	0	0	0.366809	0	0	0	0	0	0	1	0	0	0	0	0	0	0	0	185	0	0	185	0	0	0	0	0	0	1	0	0	0	0	0	0	0	0	87.4204	0	0	87.4204	0	0	0	0	0	0	1	0	0	0	0	0	0	0	0	354	0	0	354	0	0	0	0	0	0	1	0	0	0	0	0	0	0	0	0	0	0	0	0	0	0	0	0	0	0	0	0	0	0	0	0	0	0	0	0	0	0	0	0	0	0	0	0	0	0	0
169	0	0	0	0	0	0	0	1296	0	0	1296	0	0	0	0	0	0	0.332697	0	0	0.332697	0	0	0	0	0	0	1	0	0	0	0	0	0	0	0	159	0	0	159	0	0	0	0	0	0	1	0	0	0	0	0	0	0	0	90.1786	0	0	90.1786	0	0	0	0	0	0	1	0	0	0	0	0	0	0	0	351	0	0	351	0	0	0	0	0	0	1	0	0	0	0	0	0	0	0	0	0	0	0	0	0	0	0	0	0	0	0	0	0	0	0	0	0	0	0	0	0	0	0	0	0	0	0	0	0	0	0
170	0	0	0	0	0	0	0	1319	0	0	1319	0	0	0	0	0	0	0.337627	0	0	0.337627	0	0	0	0	0	0	1	0	0	0	0	0	0	0	0	148	0	0	148	0	0	0	0	0	0	1	0	0	0	0	0	0	0	0	92.2147	0	0	92.2147	0	0	0	0	0	0	1	0	0	0	0	0	0	0	0	348	0	0	348	0	0	0	0	0	0	1	0	0	0	0	0	0	0	0	0	0	0	0	0	0	0	0	0	0	0	0	0	0	0	0	0	0	0	0	0	0	0	0	0	0	0	0	0	0	0	0
171	0	0	0	0	0	0	0	1345	0	0	1345	0	0	0	0	0	0	0.307168	0	0	0.307168	0	0	0	0	0	0	1	0	0	0	0	0	0	0	0	127	0	0	127	0	0	0	0	0	0	1	0	0	0	0	0	0	0	0	92.2877	0	0	92.2877	0	0	0	0	0	0	1	0	0	0	0	0	0	0	0	344	0	0	344	0	0	0	0	0	0	1	0	0	0	0	0	0	0	0	0	0	0	0	0	0	0	0	0	0	0	0	0	0	0	0	0	0	0	0	0	0	0	0	0	0	0	0	0	0	0	0
172	0	0	0	0	0	0	0	1357	0	0	1357	0	0	0	0	0	0	0.310023	0	0	0.310023	0	0	0	0	0	0	1	0	0	0	0	0	0	0	0	114	0	0	114	0	0	0	0	0	0	1	0	0	0	0	0	0	0	0	93.6926	0	0	93.6926	0	0	0	0	0	0	1	0	0	0	0	0	0	0	0	336	0	0	336	0	0	0	0	0	0	1	0	0	0	0	0	0	0	0	0	0	0	0	0	0	0	0	0	0	0	0	0	0	0	0	0	0	0	0	0	0	0	0	0	0	0	0	0	0	0	0
173	0	0	0	0	0	0	0	1376	0	0	1376	0	0	0	0	0	0	0.268495	0	0	0.268495	0	0	0	0	0	0	1	0	0	0	0	0	0	0	0	99	0	0	99	0	0	0	0	0	0	1	0	0	0	0	0	0	0	0	96.0357	0	0	96.0357	0	0	0	0	0	0	1	0	0	0	0	0	0	0	0	332	0	0	332	0	0	0	0	0	0	1	0	0	0	0	0	0	0	0	0	0	0	0	0	0	0	0	0	0	0	0	0	0	0	0	0	0	0	0	0	0	0	0	0	0	0	0	0	0	0	0
174	0	0	0	0	0	0	0	1403	0	0	1403	0	0	0	0	0	0	0.193294	0	0	0.193294	0	0	0	0	0	0	1	0	0	0	0	0	0	0	0	87	0	0	87	0	0	0	0	0	0	1	0	0	0	0	0	0	0	0	95.0988	0	0	95.0988	0	0	0	0	0	0	1	0	0	0	0	0	0	0	0	325	0	0	325	0	0	0	0	0	0	1	0	0	0	0	0	0	0	0	0	0	0	0	0	0	0	0	0	0	0	0	0	0	0	0	0	0	0	0	0	0	0	0	0	0	0	0	0	0	0	0
175	0	0	0	0	0	0	0	1411	0	0	1411	0	0	0	0	0	0	0.161401	0	0	0.161401	0	0	0	0	0	0	1	0	0	0	0	0	0	0	0	80	0	0	80	0	0	0	0	0	0	1	0	0	0	0	0	0	0	0	95.4881	0	0	95.4881	0	0	0	0	0	0	1	0	0	0	0	0	0	0	0	312	0	0	312	0	0	0	0	0	0	1	0	0	0	0	0	0	0	0	0	0	0	0	0	0	0	0	0	0	0	0	0	0	0	0	0	0	0	0	0	0	0	0	0	0	0	0	0	0	0	0
176	0	0	0	0	0	0	0	1395	0	0	1395	0	0	0	0	0	0	0.173203	0	0	0.173203	0	0	0	0	0	0	1	0	0	0	0	0	0	0	0	86	0	0	86	0	0	0	0	0	0	1	0	0	0	0	0	0	0	0	98.7767	0	0	98.7767	0	0	0	0	0	0	1	0	0	0	0	0	0	0	0	306	0	0	306	0	0	0	0	0	0	1	0	0	0	0	0	0	0	0	0	0	0	0	0	0	0	0	0	0	0	0	0	0	0	0	0	0	0	0	0	0	0	0	0	0	0	0	0	0	0	0
177	0	0	0	0	0	0	0	1411	0	0	1411	0	0	0	0	0	0	0.152651	0	0	0.152651	0	0	0	0	0	0	1	0	0	0	0	0	0	0	0	81	0	0	81	0	0	0	0	0	0	1	0	0	0	0	0	0	0	0	97.826	0	0	97.826	0	0	0	0	0	0	1	0	0	0	0	0	0	0	0	297	0	0	297	0	0	0	0	0	0	1	0	0	0	0	0	0	0	0	0	0	0	0	0	0	0	0	0	0	0	0	0	0	0	0	0	0	0	0	0	0	0	0	0	0	0	0	0	0	0	0
178	0	0	0	0	0	0	0	1446	0	0	1446	0	0	0	0	0	0	0.176282	0	0	0.176282	0	0	0	0	0	0	1	0	0	0	0	0	0	0	0	82	0	0	82	0	0	0	0	0	0	1	0	0	0	0	0	0	0	0	98.2573	0	0	98.2573	0	0	0	0	0	0	1	0	0	0	0	0	0	0	0	289	0	0	289	0	0	0	0	0	0	1	0	0	0	0	0	0	0	0	0	0	0	0	0	0	0	0	0	0	0	0	0	0	0	0	0	0	0	0	0	0	0	0	0	0	0	0	0	0	0	0
179	0	0	0	0	0	0	0	1435	0	0	1435	0	0	0	0	0	0	0.188129	0	0	0.188129	0	0	0	0	0	0	1	0	0	0	0	0	0	0	0	87	0	0	87	0	0	0	0	0	0	1	0	0	0	0	0	0	0	0	95.9589	0	0	95.9589	0	0	0	0	0	0	1	0	0	0	0	0	0	0	0	278	0	0	278	0	0	0	0	0	0	1	0	0	0	0	0	0	0	0	0	0	0	0	0	0	0	0	0	0	0	0	0	0	0	0	0	0	0	0	0	0	0	0	0	0	0	0	0	0	0	0
180	0	0	0	0	0	0	0	1440	0	0	1440	0	0	0	0	0	0	0.170702	0	0	0.170702	0	0	0	0	0	0	1	0	0	0	0	0	0	0	0	87	0	0	87	0	0	0	0	0	0	1	0	0	0	0	0	0	0	0	97.2766	0	0	97.2766	0	0	0	0	0	0	1	0	0	0	0	0	0	0	0	273	0	0	273	0	0	0	0	0	0	1	0	0	0	0	0	0	0	0	0	0	0	0	0	0	0	0	0	0	0	0	0	0	0	0	0	0	0	0	0	0	0	0	0	0	0	0	0	0	0	0
181	0	0	0	0	0	0	0	1436	0	0	1436	0	0	0	0	0	0	0.147279	0	0	0.147279	0	0	0	0	0	0	1	0	0	0	0	0	0	0	0	85	0	0	85	0	0	0	0	0	0	1	0	0	0	0	0	0	0	0	96.9831	0	0	96.9831	0	0	0	0	0	0	1	0	0	0	0	0	0	0	0	269	0	0	269	0	0	0	0	0	0	1	0	0	0	0	0	0	0	0	0	0	0	0	0	0	0	0	0	0	0	0	0	0	0	0	0	0	0	0	0	0	0	0	0	0	0	0	0	0	0	0
182	0	0	0	0	0	0	0	1437	0	0	1437	0	0	0	0	0	0	0.129231	0	0	0.129231	0	0	0	0	0	0	1	0	0	0	0	0	0	0	0	86	0	0	86	0	0	0	0	0	0	1	0	0	0	0	0	0	0	0	96.4211	0	0	96.4211	0	0	0	0	0	0	1	0	0	0	0	0	0	0	0	269	0	0	269	0	0	0	0	0	0	1	0	0	0	0	0	0	0	0	0	0	0	0	0	0	0	0	0	0	0	0	0	0	0	0	0	0	0	0	0	0	0	0	0	0	0	0	0	0	0	0
183	0	0	0	0	0	0	0	1418	0	0	1418	0	0	0	0	0	0	0.143998	0	0	0.143998	0	0	0	0	0	0	1	0	0	0	0	0	0	0	0	90	0	0	90	0	0	0	0	0	0	1	0	0	0	0	0	0	0	0	98.3743	0	0	98.3743	0	0	0	0	0	0	1	0	0	0	0	0	0	0	0	257	0	0	257	0	0	0	0	0	0	1	0	0	0	0	0	0	0	0	0	0	0	0	0	0	0	0	0	0	0	0	0	0	0	0	0	0	0	0	0	0	0	0	0	0	0	0	0	0	0	0
184	0	0	0	0	0	0	0	1409	0	0	1409	0	0	0	0	0	0	0.157058	0	0	0.157058	0	0	0	0	0	0	1	0	0	0	0	0	0	0	0	90	0	0	90	0	0	0	0	0	0	1	0	0	0	0	0	0	0	0	95.7457	0	0	95.7457	0	0	0	0	0	0	1	0	0	0	0	0	0	0	0	247	0	0	247	0	0	0	0	0	0	1	0	0	0	0	0	0	0	0	0	0	0	0	0	0	0	0	0	0	0	0	0	0	0	0	0	0	0	0	0	0	0	0	0	0	0	0	0	0	0	0
185	0	0	0	0	0	0	0	1431	0	0	1431	0	0	0	0	0	0	0.139593	0	0	0.139593	0	0	0	0	0	0	1	0	0	0	0	0	0	0	0	86	0	0	86	0	0	0	0	0	0	1	0	0	0	0	0	0	0	0	96.201	0	0	96.201	0	0	0	0	0	0	1	0	0	0	0	0	0	0	0	245	0	0	245	0	0	0	0	0	0	1	0	0	0	0	0	0	0	0	0	0	0	0	0	0	0	0	0	0	0	0	0	0	0	0	0	0	0	0	0	0	0	0	0	0	0	0	0	0	0	0
186	0	0	0	0	0	0	0	1427	0	0	1427	0	0	0	0	0	0	0.124866	0	0	0.124866	0	0	0	0	0	0	1	0	0	0	0	0	0	0	0	78	0	0	78	0	0	0	0	0	0	1	0	0	0	0	0	0	0	0	91.6584	0	0	91.6584	0	0	0	0	0	0	1	0	0	0	0	0	0	0	0	242	0	0	242	0	0	0	0	0	0	1	0	0	0	0	0	0	0	0	0	0	0	0	0	0	0	0	0	0	0	0	0	0	0	0	0	0	0	0	0	0	0	0	0	0	0	0	0	0	0	0
187	0	0	0	0	0	0	0	1384	0	0	1384	0	0	0	0	0	0	0.124609	0	0	0.124609	0	0	0	0	0	0	1	0	0	0	0	0	0	0	0	76	0	0	76	0	0	0	0	0	0	1	0	0	0	0	0	0	0	0	89.3999	0	0	89.3999	0	0	0	0	0	0	1	0	0	0	0	0	0	0	0	233	0	0	233	0	0	0	0	0	0	1	0	0	0	0	0	0	0	0	0	0	0	0	0	0	0	0	0	0	0	0	0	0	0	0	0	0	0	0	0	0	0	0	0	0	0	0	0	0	0	0
188	0	0	0	0	0	0	0	1335	0	0	1335	0	0	0	0	0	0	0.141384	0	0	0.141384	0	0	0	0	0	0	1	0	0	0	0	0	0	0	0	78	0	0	78	0	0	0	0	0	0	1	0	0	0	0	0	0	0	0	88.9241	0	0	88.9241	0	0	0	0	0	0	1	0	0	0	0	0	0	0	0	223	0	0	223	0	0	0	0	0	0	1	0	0	0	0	0	0	0	0	0	0	0	0	0	0	0	0	0	0	0	0	0	0	0	0	0	0	0	0	0	0	0	0	0	0	0	0	0	0	0	0
189	0	0	0	0	0	0	0	1317	0	0	1317	0	0	0	0	0	0	0.157123	0	0	0.157123	0	0	0	0	0	0	1	0	0	0	0	0	0	0	0	74	0	0	74	0	0	0	0	0	0	1	0	0	0	0	0	0	0	0	87.7056	0	0	87.7056	0	0	0	0	0	0	1	0	0	0	0	0	0	0	0	217	0	0	217	0	0	0	0	0	0	1	0	0	0	0	0	0	0	0	0	0	0	0	0	0	0	0	0	0	0	0	0	0	0	0	0	0	0	0	0	0	0	0	0	0	0	0	0	0	0	0
190	0	0	0	0	0	0	0	1292	0	0	1292	0	0	0	0	0	0	0.143976	0	0	0.143976	0	0	0	0	0	0	1	0	0	0	0	0	0	0	0	59	0	0	59	0	0	0	0	0	0	1	0	0	0	0	0	0	0	0	86.4349	0	0	86.4349	0	0	0	0	0	0	1	0	0	0	0	0	0	0	0	212	0	0	212	0	0	0	0	0	0	1	0	0	0	0	0	0	0	0	0	0	0	0	0	0	0	0	0	0	0	0	0	0	0	0	0	0	0	0	0	0	0	0	0	0	0	0	0	0	0	0
191	0	0	0	0	0	0	0	1279	0	0	1279	0	0	0	0	0	0	0.141382	0	0	0.141382	0	0	0	0	0	0	1	0	0	0	0	0	0	0	0	50	0	0	50	0	0	0	0	0	0	1	0	0	0	0	0	0	0	0	88.38	0	0	88.38	0	0	0	0	0	0	1	0	0	0	0	0	0	0	0	208	0	0	208	0	0	0	0	0	0	1	0	0	0	0	0	0	0	0	0	0	0	0	0	0	0	0	0	0	0	0	0	0	0	0	0	0	0	0	0	0	0	0	0	0	0	0	0	0	0	0
192	0	0	0	0	0	0	0	1281	0	0	1281	0	0	0	0	0	0	0.0966419	0	0	0.0966419	0	0	0	0	0	0	1	0	0	0	0	0	0	0	0	43	0	0	43	0	0	0	0	0	0	1	0	0	0	0	0	0	0	0	88.3256	0	0	88.3256	0	0	0	0	0	0	1	0	0	0	0	0	0	0	0	207	0	0	207	0	0	0	0	0	0	1	0	0	0	0	0	0	0	0	0	0	0	0	0	0	0	0	0	0	0	0	0	0	0	0	0	0	0	0	0	0	0	0	0	0	0	0	0	0	0	0
193	0	0	0	0	0	0	0	1267	0	0	1267	0	0	0	0	0	0	0.0832022	0	0	0.0832022	0	0	0	0	0	0	1	0	0	0	0	0	0	0	0	42	0	0	42	0	0	0	0	0	0	1	0	0	0	0	0	0	0	0	87.3196	0	0	87.3196	0	0	0	0	0	0	1	0	0	0	0	0	0	0	0	201	0	0	201	0	0	0	0	0	0	1	0	0	0	0	0	0	0	0	0	0	0	0	0	0	0	0	0	0	0	0	0	0	0	0	0	0	0	0	0	0	0	0	0	0	0	0	0	0	0	0
194	0	0	0	0	0	0	0	1275	0	0	1275	0	0	0	0	0	0	0.067946	0	0	0.067946	0	0	0	0	0	0	1	0	0	0	0	0	0	0	0	33	0	0	33	0	0	0	0	0	0	1	0	0	0	0	0	0	0	0	85.1544	0	0	85.1544	0	0	0	0	0	0	1	0	0	0	0	0	0	0	0	194	0	0	194	0	0	0	0	0	0	1	0	0	0	0	0	0	0	0	0	0	0	0	0	0	0	0	0	0	0	0	0	0	0	0	0	0	0	0	0	0	0	0	0	0	0	0	0	0	0	0
195	0	0	0	0	0	0	0	1295	0	0	1295	0	0	0	0	0	0	0.0627211	0	0	0.0627211	0	0	0	0	0	0	1	0	0	0	0	0	0	0	0	34	0	0	34	0	0	0	0	0	0	1	0	0	0	0	0	0	0	0	85.2766	0	0	85.2766	0	0	0	0	0	0	1	0	0	0	0	0	0	0	0	184	0	0	184	0	0	0	0	0	0	1	0	0	0	0	0	0	0	0	0	0	0	0	0	0	0	0	0	0	0	0	0	0	0	0	0	0	0	0	0	0	0	0	0	0	0	0	0	0	0	0
196	0	0	0	0	0	0	0	1263	0	0	1263	0	0	0	0	0	0	0.0555697	0	0	0.0555697	0	0	0	0	0	0	1	0	0	0	0	0	0	0	0	34	0	0	34	0	0	0	0	0	0	1	0	0	0	0	0	0	0	0	83.4357	0	0	83.4357	0	0	0	0	0	0	1	0	0	0	0	0	0	0	0	178	0	0	178	0	0	0	0	0	0	1	0	0	0	0	0	0	0	0	0	0	0	0	0	0	0	0	0	0	0	0	0	0	0	0	0	0	0	0	0	0	0	0	0	0	0	0	0	0	0	0
197	0	0	0	0	0	0	0	1281	0	0	1281	0	0	0	0	0	0	0.0531809	0	0	0.0531809	0	0	0	0	0	0	1	0	0	0	0	0	0	0	0	31	0	0	31	0	0	0	0	0	0	1	0	0	0	0	0	0	0	0	80.4565	0	0	80.4565	0	0	0	0	0	0	1	0	0	0	0	0	0	0	0	168	0	0	168	0	0	0	0	0	0	1	0	0	0	0	0	0	0	0	0	0	0	0	0	0	0	0	0	0	0	0	0	0	0	0	0	0	0	0	0	0	0	0	0	0	0	0	0	0	0	0
198	0	0	0	0	0	0	0	1283	0	0	1283	0	0	0	0	0	0	0.0524569	0	0	0.0524569	0	0	0	0	0	0	1	0	0	0	0	0	0	0	0	28	0	0	28	0	0	0	0	0	0	1	0	0	0	0	0	0	0	0	79.8464	0	0	79.8464	0	0	0	0	0	0	1	0	0	0	0	0	0	0	0	163	0	0	163	0	0	0	0	0	0	1	0	0	0	0	0	0	0	0	0	0	0	0	0	0	0	0	0	0	0	0	0	0	0	0	0	0	0	0	0	0	0	0	0	0	0	0	0	0	0	0
199	0	0	0	0	0	0	0	1313	0	0	1313	0	0	0	0	0	0	0.0568386	0	0	0.0568386	0	0	0	0	0	0	1	0	0	0	0	0	0	0	0	34	0	0	34	0	0	0	0	0	0	1	0	0	0	0	0	0	0	0	81.5666	0	0	81.5666	0	0	0	0	0	0	1	0	0	0	0	0	0	0	0	162	0	0	162	0	0	0	0	0	0	1	0	0	0	0	0	0	0	0	0	0	0	0	0	0	0	0	0	0	0	0	0	0	0	0	0	0	0	0	0	0	0	0	0	0	0	0	0	0	0	0
200	0	0	0	0	0	0	0	1329	0	0	1329	0	0	0	0	0	0	0.0645712	0	0	0.0645712	0	0	0	0	0	0	1	0	0	0	0	0	0	0	0	47	0	0	47	0	0	0	0	0	0	1	0	0	0	0	0	0	0	0	83.381	0	0	83.381	0	0	0	0	0	0	1	0	0	0	0	0	0	0	0	159	0	0	159	0	0	0	0	0	0	1	0	0	0	0	0	0	0	0	0	0	0	0	0	0	0	0	0	0	0	0	0	0	0	0	0	0	0	0	0	0	0	0	0	0	0	0	0	0	0	0
