Location: Fake forest
From parameter file: C:\Users\ben\Desktop\inputs\input_GMF_0-1-0-0-0-0-0-0-0.xml
Basal area is normalized to m^2/ha; density to #/ha.
Subplots:
0 = Whole plot
Step	Subplot	Sdl Abs Den: ACRU	Sdl Abs Den: ACSA	Sdl Abs Den: BEAL	Sdl Abs Den: FAGR	Sdl Abs Den: TSCA	Sdl Abs Den: FRAM	Sdl Abs Den: PIST	Sdl Abs Den: PRSE	Sdl Abs Den: QURU	Sdl Den Total:	Sapl Abs BA: ACRU	Sapl Abs BA: ACSA	Sapl Abs BA: BEAL	Sapl Abs BA: FAGR	Sapl Abs BA: TSCA	Sapl Abs BA: FRAM	Sapl Abs BA: PIST	Sapl Abs BA: PRSE	Sapl Abs BA: QURU	Sapl BA Total:	Sapl Rel BA: ACRU	Sapl Rel BA: ACSA	Sapl Rel BA: BEAL	Sapl Rel BA: FAGR	Sapl Rel BA: TSCA	Sapl Rel BA: FRAM	Sapl Rel BA: PIST	Sapl Rel BA: PRSE	Sapl Rel BA: QURU	Sapl Abs Den: ACRU	Sapl Abs Den: ACSA	Sapl Abs Den: BEAL	Sapl Abs Den: FAGR	Sapl Abs Den: TSCA	Sapl Abs Den: FRAM	Sapl Abs Den: PIST	Sapl Abs Den: PRSE	Sapl Abs Den: QURU	Sapl Den Total:	Sapl Rel Den: ACRU	Sapl Rel Den: ACSA	Sapl Rel Den: BEAL	Sapl Rel Den: FAGR	Sapl Rel Den: TSCA	Sapl Rel Den: FRAM	Sapl Rel Den: PIST	Sapl Rel Den: PRSE	Sapl Rel Den: QURU	Adult Abs BA: ACRU	Adult Abs BA: ACSA	Adult Abs BA: BEAL	Adult Abs BA: FAGR	Adult Abs BA: TSCA	Adult Abs BA: FRAM	Adult Abs BA: PIST	Adult Abs BA: PRSE	Adult Abs BA: QURU	Adult BA Total:	Adult Rel BA: ACRU	Adult Rel BA: ACSA	Adult Rel BA: BEAL	Adult Rel BA: FAGR	Adult Rel BA: TSCA	Adult Rel BA: FRAM	Adult Rel BA: PIST	Adult Rel BA: PRSE	Adult Rel BA: QURU	Adult Abs Den: ACRU	Adult Abs Den: ACSA	Adult Abs Den: BEAL	Adult Abs Den: FAGR	Adult Abs Den: TSCA	Adult Abs Den: FRAM	Adult Abs Den: PIST	Adult Abs Den: PRSE	Adult Abs Den: QURU	Adult Den Total:	Adult Rel Den: ACRU	Adult Rel Den: ACSA	Adult Rel Den: BEAL	Adult Rel Den: FAGR	Adult Rel Den: TSCA	Adult Rel Den: FRAM	Adult Rel Den: PIST	Adult Rel Den: PRSE	Adult Rel Den: QURU	Snag Abs BA: ACRU	Snag Abs BA: ACSA	Snag Abs BA: BEAL	Snag Abs BA: FAGR	Snag Abs BA: TSCA	Snag Abs BA: FRAM	Snag Abs BA: PIST	Snag Abs BA: PRSE	Snag Abs BA: QURU	Snag BA Total:	Snag Rel BA: ACRU	Snag Rel BA: ACSA	Snag Rel BA: BEAL	Snag Rel BA: FAGR	Snag Rel BA: TSCA	Snag Rel BA: FRAM	Snag Rel BA: PIST	Snag Rel BA: PRSE	Snag Rel BA: QURU	Snag Abs Den: ACRU	Snag Abs Den: ACSA	Snag Abs Den: BEAL	Snag Abs Den: FAGR	Snag Abs Den: TSCA	Snag Abs Den: FRAM	Snag Abs Den: PIST	Snag Abs Den: PRSE	Snag Abs Den: QURU	Snag Den Total:	Snag Rel Den: ACRU	Snag Rel Den: ACSA	Snag Rel Den: BEAL	Snag Rel Den: FAGR	Snag Rel Den: TSCA	Snag Rel Den: FRAM	Snag Rel Den: PIST	Snag Rel Den: PRSE	Snag Rel Den: QURU
0	0	0	0	0	0	0	0	0	0	0	0	0	0.000728532	0	0	0	0	0	0	0	0.000728532	0	1	0	0	0	0	0	0	0	0	25	0	0	0	0	0	0	0	25	0	1	0	0	0	0	0	0	0	0	0	0	0	0	0	0	0	0	0	0	0	0	0	0	0	0	0	0	0	0	0	0	0	0	0	0	0	0	0	0	0	0	0	0	0	0	0	0	0	0	0	0	0	0	0	0	0	0	0	0	0	0	0	0	0	0	0	0	0	0	0	0	0	0	0	0	0	0	0	0	0	0	0	0	0
1	0	0	0	0	0	0	0	0	0	0	0	0	0.00208833	0	0	0	0	0	0	0	0.00208833	0	1	0	0	0	0	0	0	0	0	21	0	0	0	0	0	0	0	21	0	1	0	0	0	0	0	0	0	0	0	0	0	0	0	0	0	0	0	0	0	0	0	0	0	0	0	0	0	0	0	0	0	0	0	0	0	0	0	0	0	0	0	0	0	0	0	0	0	0	0	0	0	0	0	0	0	0	0	0	0	0	0	0	0	0	0	0	0	0	0	0	0	0	0	0	0	0	0	0	0	0	0	0	0
2	0	0	0	0	0	0	0	0	0	0	0	0	0.00643343	0	0	0	0	0	0	0	0.00643343	0	1	0	0	0	0	0	0	0	0	18	0	0	0	0	0	0	0	18	0	1	0	0	0	0	0	0	0	0	0	0	0	0	0	0	0	0	0	0	0	0	0	0	0	0	0	0	0	0	0	0	0	0	0	0	0	0	0	0	0	0	0	0	0	0	0	0	0	0	0	0	0	0	0	0	0	0	0	0	0	0	0	0	0	0	0	0	0	0	0	0	0	0	0	0	0	0	0	0	0	0	0	0	0
3	0	0	0	0	0	0	0	0	0	0	0	0	0.0180261	0	0	0	0	0	0	0	0.0180261	0	1	0	0	0	0	0	0	0	0	16	0	0	0	0	0	0	0	16	0	1	0	0	0	0	0	0	0	0	0	0	0	0	0	0	0	0	0	0	0	0	0	0	0	0	0	0	0	0	0	0	0	0	0	0	0	0	0	0	0	0	0	0	0	0	0	0	0	0	0	0	0	0	0	0	0	0	0	0	0	0	0	0	0	0	0	0	0	0	0	0	0	0	0	0	0	0	0	0	0	0	0	0	0
4	0	0	0	0	0	0	0	0	0	0	0	0	0.0461757	0	0	0	0	0	0	0	0.0461757	0	1	0	0	0	0	0	0	0	0	14	0	0	0	0	0	0	0	14	0	1	0	0	0	0	0	0	0	0	0.00821563	0	0	0	0	0	0	0	0.00821563	0	1	0	0	0	0	0	0	0	0	1	0	0	0	0	0	0	0	1	0	1	0	0	0	0	0	0	0	0	0	0	0	0	0	0	0	0	0	0	0	0	0	0	0	0	0	0	0	0	0	0	0	0	0	0	0	0	0	0	0	0	0	0	0	0	0
5	0	0	1	0	0	0	0	0	0	0	1	0	0.0216164	0	0	0	0	0	0	0	0.0216164	0	1	0	0	0	0	0	0	0	0	5	0	0	0	0	0	0	0	5	0	1	0	0	0	0	0	0	0	0	0.153477	0	0	0	0	0	0	0	0.153477	0	1	0	0	0	0	0	0	0	0	10	0	0	0	0	0	0	0	10	0	1	0	0	0	0	0	0	0	0	0	0	0	0	0	0	0	0	0	0	0	0	0	0	0	0	0	0	0	0	0	0	0	0	0	0	0	0	0	0	0	0	0	0	0	0	0
6	0	0	2	0	0	0	0	0	0	0	2	0	0.00810986	0	0	0	0	0	0	0	0.00810986	0	1	0	0	0	0	0	0	0	0	2	0	0	0	0	0	0	0	2	0	1	0	0	0	0	0	0	0	0	0.454321	0	0	0	0	0	0	0	0.454321	0	1	0	0	0	0	0	0	0	0	12	0	0	0	0	0	0	0	12	0	1	0	0	0	0	0	0	0	0	0	0	0	0	0	0	0	0	0	0	0	0	0	0	0	0	0	0	0	0	0	0	0	0	0	0	0	0	0	0	0	0	0	0	0	0	0
7	0	0	8	0	0	0	0	0	0	0	8	0	0	0	0	0	0	0	0	0	0	0	0	0	0	0	0	0	0	0	0	0	0	0	0	0	0	0	0	0	0	0	0	0	0	0	0	0	0	0	0.735857	0	0	0	0	0	0	0	0.735857	0	1	0	0	0	0	0	0	0	0	13	0	0	0	0	0	0	0	13	0	1	0	0	0	0	0	0	0	0	0	0	0	0	0	0	0	0	0	0	0	0	0	0	0	0	0	0	0	0	0	0	0	0	0	0	0	0	0	0	0	0	0	0	0	0	0
8	0	0	10	0	0	0	0	0	0	0	10	0	0	0	0	0	0	0	0	0	0	0	0	0	0	0	0	0	0	0	0	0	0	0	0	0	0	0	0	0	0	0	0	0	0	0	0	0	0	0	1.07706	0	0	0	0	0	0	0	1.07706	0	1	0	0	0	0	0	0	0	0	13	0	0	0	0	0	0	0	13	0	1	0	0	0	0	0	0	0	0	0	0	0	0	0	0	0	0	0	0	0	0	0	0	0	0	0	0	0	0	0	0	0	0	0	0	0	0	0	0	0	0	0	0	0	0	0
9	0	0	11	0	0	0	0	0	0	0	11	0	0	0	0	0	0	0	0	0	0	0	0	0	0	0	0	0	0	0	0	0	0	0	0	0	0	0	0	0	0	0	0	0	0	0	0	0	0	0	1.40718	0	0	0	0	0	0	0	1.40718	0	1	0	0	0	0	0	0	0	0	13	0	0	0	0	0	0	0	13	0	1	0	0	0	0	0	0	0	0	0	0	0	0	0	0	0	0	0	0	0	0	0	0	0	0	0	0	0	0	0	0	0	0	0	0	0	0	0	0	0	0	0	0	0	0	0
10	0	0	13	0	0	0	0	0	0	0	13	0	0	0	0	0	0	0	0	0	0	0	0	0	0	0	0	0	0	0	0	0	0	0	0	0	0	0	0	0	0	0	0	0	0	0	0	0	0	0	1.58145	0	0	0	0	0	0	0	1.58145	0	1	0	0	0	0	0	0	0	0	12	0	0	0	0	0	0	0	12	0	1	0	0	0	0	0	0	0	0	0	0	0	0	0	0	0	0	0	0	0	0	0	0	0	0	0	0	0	0	0	0	0	0	0	0	0	0	0	0	0	0	0	0	0	0	0
11	0	0	17	0	0	0	0	0	0	0	17	0	0.000376334	0	0	0	0	0	0	0	0.000376334	0	1	0	0	0	0	0	0	0	0	2	0	0	0	0	0	0	0	2	0	1	0	0	0	0	0	0	0	0	1.87715	0	0	0	0	0	0	0	1.87715	0	1	0	0	0	0	0	0	0	0	12	0	0	0	0	0	0	0	12	0	1	0	0	0	0	0	0	0	0	0	0	0	0	0	0	0	0	0	0	0	0	0	0	0	0	0	0	0	0	0	0	0	0	0	0	0	0	0	0	0	0	0	0	0	0	0
12	0	0	19	0	0	0	0	0	0	0	19	0	0.00120627	0	0	0	0	0	0	0	0.00120627	0	1	0	0	0	0	0	0	0	0	2	0	0	0	0	0	0	0	2	0	1	0	0	0	0	0	0	0	0	2.17073	0	0	0	0	0	0	0	2.17073	0	1	0	0	0	0	0	0	0	0	12	0	0	0	0	0	0	0	12	0	1	0	0	0	0	0	0	0	0	0	0	0	0	0	0	0	0	0	0	0	0	0	0	0	0	0	0	0	0	0	0	0	0	0	0	0	0	0	0	0	0	0	0	0	0	0
13	0	0	25	0	0	0	0	0	0	0	25	0	0.00190578	0	0	0	0	0	0	0	0.00190578	0	1	0	0	0	0	0	0	0	0	1	0	0	0	0	0	0	0	1	0	1	0	0	0	0	0	0	0	0	2.46279	0	0	0	0	0	0	0	2.46279	0	1	0	0	0	0	0	0	0	0	12	0	0	0	0	0	0	0	12	0	1	0	0	0	0	0	0	0	0	0	0	0	0	0	0	0	0	0	0	0	0	0	0	0	0	0	0	0	0	0	0	0	0	0	0	0	0	0	0	0	0	0	0	0	0	0
14	0	0	25	0	0	0	0	0	0	0	25	0	0.00657076	0	0	0	0	0	0	0	0.00657076	0	1	0	0	0	0	0	0	0	0	4	0	0	0	0	0	0	0	4	0	1	0	0	0	0	0	0	0	0	2.75373	0	0	0	0	0	0	0	2.75373	0	1	0	0	0	0	0	0	0	0	12	0	0	0	0	0	0	0	12	0	1	0	0	0	0	0	0	0	0	0	0	0	0	0	0	0	0	0	0	0	0	0	0	0	0	0	0	0	0	0	0	0	0	0	0	0	0	0	0	0	0	0	0	0	0	0
15	0	0	26	0	0	0	0	0	0	0	26	0	0.00200708	0	0	0	0	0	0	0	0.00200708	0	1	0	0	0	0	0	0	0	0	4	0	0	0	0	0	0	0	4	0	1	0	0	0	0	0	0	0	0	2.52822	0	0	0	0	0	0	0	2.52822	0	1	0	0	0	0	0	0	0	0	11	0	0	0	0	0	0	0	11	0	1	0	0	0	0	0	0	0	0	0	0	0	0	0	0	0	0	0	0	0	0	0	0	0	0	0	0	0	0	0	0	0	0	0	0	0	0	0	0	0	0	0	0	0	0	0
16	0	0	27	0	0	0	0	0	0	0	27	0	0.00682265	0	0	0	0	0	0	0	0.00682265	0	1	0	0	0	0	0	0	0	0	6	0	0	0	0	0	0	0	6	0	1	0	0	0	0	0	0	0	0	2.80041	0	0	0	0	0	0	0	2.80041	0	1	0	0	0	0	0	0	0	0	11	0	0	0	0	0	0	0	11	0	1	0	0	0	0	0	0	0	0	0	0	0	0	0	0	0	0	0	0	0	0	0	0	0	0	0	0	0	0	0	0	0	0	0	0	0	0	0	0	0	0	0	0	0	0	0
17	0	0	21	0	0	0	0	0	0	0	21	0	0.0157867	0	0	0	0	0	0	0	0.0157867	0	1	0	0	0	0	0	0	0	0	6	0	0	0	0	0	0	0	6	0	1	0	0	0	0	0	0	0	0	2.48503	0	0	0	0	0	0	0	2.48503	0	1	0	0	0	0	0	0	0	0	9	0	0	0	0	0	0	0	9	0	1	0	0	0	0	0	0	0	0	0	0	0	0	0	0	0	0	0	0	0	0	0	0	0	0	0	0	0	0	0	0	0	0	0	0	0	0	0	0	0	0	0	0	0	0	0
18	0	0	24	0	0	0	0	0	0	0	24	0	0.0107063	0	0	0	0	0	0	0	0.0107063	0	1	0	0	0	0	0	0	0	0	4	0	0	0	0	0	0	0	4	0	1	0	0	0	0	0	0	0	0	2.74248	0	0	0	0	0	0	0	2.74248	0	1	0	0	0	0	0	0	0	0	11	0	0	0	0	0	0	0	11	0	1	0	0	0	0	0	0	0	0	0	0	0	0	0	0	0	0	0	0	0	0	0	0	0	0	0	0	0	0	0	0	0	0	0	0	0	0	0	0	0	0	0	0	0	0	0
19	0	0	29	0	0	0	0	0	0	0	29	0	0.0129515	0	0	0	0	0	0	0	0.0129515	0	1	0	0	0	0	0	0	0	0	4	0	0	0	0	0	0	0	4	0	1	0	0	0	0	0	0	0	0	2.37616	0	0	0	0	0	0	0	2.37616	0	1	0	0	0	0	0	0	0	0	10	0	0	0	0	0	0	0	10	0	1	0	0	0	0	0	0	0	0	0	0	0	0	0	0	0	0	0	0	0	0	0	0	0	0	0	0	0	0	0	0	0	0	0	0	0	0	0	0	0	0	0	0	0	0	0
20	0	0	29	0	0	0	0	0	0	0	29	0	0.00158423	0	0	0	0	0	0	0	0.00158423	0	1	0	0	0	0	0	0	0	0	4	0	0	0	0	0	0	0	4	0	1	0	0	0	0	0	0	0	0	2.66821	0	0	0	0	0	0	0	2.66821	0	1	0	0	0	0	0	0	0	0	12	0	0	0	0	0	0	0	12	0	1	0	0	0	0	0	0	0	0	0	0	0	0	0	0	0	0	0	0	0	0	0	0	0	0	0	0	0	0	0	0	0	0	0	0	0	0	0	0	0	0	0	0	0	0	0
21	0	0	32	0	0	0	0	0	0	0	32	0	0.00545011	0	0	0	0	0	0	0	0.00545011	0	1	0	0	0	0	0	0	0	0	6	0	0	0	0	0	0	0	6	0	1	0	0	0	0	0	0	0	0	2.92356	0	0	0	0	0	0	0	2.92356	0	1	0	0	0	0	0	0	0	0	11	0	0	0	0	0	0	0	11	0	1	0	0	0	0	0	0	0	0	0	0	0	0	0	0	0	0	0	0	0	0	0	0	0	0	0	0	0	0	0	0	0	0	0	0	0	0	0	0	0	0	0	0	0	0	0
22	0	0	32	0	0	0	0	0	0	0	32	0	0.0180518	0	0	0	0	0	0	0	0.0180518	0	1	0	0	0	0	0	0	0	0	9	0	0	0	0	0	0	0	9	0	1	0	0	0	0	0	0	0	0	3.1159	0	0	0	0	0	0	0	3.1159	0	1	0	0	0	0	0	0	0	0	10	0	0	0	0	0	0	0	10	0	1	0	0	0	0	0	0	0	0	0	0	0	0	0	0	0	0	0	0	0	0	0	0	0	0	0	0	0	0	0	0	0	0	0	0	0	0	0	0	0	0	0	0	0	0	0
23	0	0	34	0	0	0	0	0	0	0	34	0	0.0182102	0	0	0	0	0	0	0	0.0182102	0	1	0	0	0	0	0	0	0	0	8	0	0	0	0	0	0	0	8	0	1	0	0	0	0	0	0	0	0	3.3976	0	0	0	0	0	0	0	3.3976	0	1	0	0	0	0	0	0	0	0	12	0	0	0	0	0	0	0	12	0	1	0	0	0	0	0	0	0	0	0	0	0	0	0	0	0	0	0	0	0	0	0	0	0	0	0	0	0	0	0	0	0	0	0	0	0	0	0	0	0	0	0	0	0	0	0
24	0	0	35	0	0	0	0	0	0	0	35	0	0.0175672	0	0	0	0	0	0	0	0.0175672	0	1	0	0	0	0	0	0	0	0	10	0	0	0	0	0	0	0	10	0	1	0	0	0	0	0	0	0	0	3.73942	0	0	0	0	0	0	0	3.73942	0	1	0	0	0	0	0	0	0	0	14	0	0	0	0	0	0	0	14	0	1	0	0	0	0	0	0	0	0	0	0	0	0	0	0	0	0	0	0	0	0	0	0	0	0	0	0	0	0	0	0	0	0	0	0	0	0	0	0	0	0	0	0	0	0	0
25	0	0	36	0	0	0	0	0	0	0	36	0	0.0165007	0	0	0	0	0	0	0	0.0165007	0	1	0	0	0	0	0	0	0	0	8	0	0	0	0	0	0	0	8	0	1	0	0	0	0	0	0	0	0	4.13267	0	0	0	0	0	0	0	4.13267	0	1	0	0	0	0	0	0	0	0	16	0	0	0	0	0	0	0	16	0	1	0	0	0	0	0	0	0	0	0	0	0	0	0	0	0	0	0	0	0	0	0	0	0	0	0	0	0	0	0	0	0	0	0	0	0	0	0	0	0	0	0	0	0	0	0
26	0	0	38	0	0	0	0	0	0	0	38	0	0.0148748	0	0	0	0	0	0	0	0.0148748	0	1	0	0	0	0	0	0	0	0	11	0	0	0	0	0	0	0	11	0	1	0	0	0	0	0	0	0	0	4.55752	0	0	0	0	0	0	0	4.55752	0	1	0	0	0	0	0	0	0	0	17	0	0	0	0	0	0	0	17	0	1	0	0	0	0	0	0	0	0	0	0	0	0	0	0	0	0	0	0	0	0	0	0	0	0	0	0	0	0	0	0	0	0	0	0	0	0	0	0	0	0	0	0	0	0	0
27	0	0	36	0	0	0	0	0	0	0	36	0	0.0293068	0	0	0	0	0	0	0	0.0293068	0	1	0	0	0	0	0	0	0	0	12	0	0	0	0	0	0	0	12	0	1	0	0	0	0	0	0	0	0	4.32839	0	0	0	0	0	0	0	4.32839	0	1	0	0	0	0	0	0	0	0	16	0	0	0	0	0	0	0	16	0	1	0	0	0	0	0	0	0	0	0	0	0	0	0	0	0	0	0	0	0	0	0	0	0	0	0	0	0	0	0	0	0	0	0	0	0	0	0	0	0	0	0	0	0	0	0
28	0	0	34	0	0	0	0	0	0	0	34	0	0.0167221	0	0	0	0	0	0	0	0.0167221	0	1	0	0	0	0	0	0	0	0	8	0	0	0	0	0	0	0	8	0	1	0	0	0	0	0	0	0	0	4.62645	0	0	0	0	0	0	0	4.62645	0	1	0	0	0	0	0	0	0	0	18	0	0	0	0	0	0	0	18	0	1	0	0	0	0	0	0	0	0	0	0	0	0	0	0	0	0	0	0	0	0	0	0	0	0	0	0	0	0	0	0	0	0	0	0	0	0	0	0	0	0	0	0	0	0	0
29	0	0	43	0	0	0	0	0	0	0	43	0	0.0276665	0	0	0	0	0	0	0	0.0276665	0	1	0	0	0	0	0	0	0	0	7	0	0	0	0	0	0	0	7	0	1	0	0	0	0	0	0	0	0	5.05869	0	0	0	0	0	0	0	5.05869	0	1	0	0	0	0	0	0	0	0	18	0	0	0	0	0	0	0	18	0	1	0	0	0	0	0	0	0	0	0	0	0	0	0	0	0	0	0	0	0	0	0	0	0	0	0	0	0	0	0	0	0	0	0	0	0	0	0	0	0	0	0	0	0	0	0
30	0	0	43	0	0	0	0	0	0	0	43	0	0.0126492	0	0	0	0	0	0	0	0.0126492	0	1	0	0	0	0	0	0	0	0	5	0	0	0	0	0	0	0	5	0	1	0	0	0	0	0	0	0	0	4.97146	0	0	0	0	0	0	0	4.97146	0	1	0	0	0	0	0	0	0	0	21	0	0	0	0	0	0	0	21	0	1	0	0	0	0	0	0	0	0	0	0	0	0	0	0	0	0	0	0	0	0	0	0	0	0	0	0	0	0	0	0	0	0	0	0	0	0	0	0	0	0	0	0	0	0	0
31	0	0	45	0	0	0	0	0	0	0	45	0	0.00242879	0	0	0	0	0	0	0	0.00242879	0	1	0	0	0	0	0	0	0	0	2	0	0	0	0	0	0	0	2	0	1	0	0	0	0	0	0	0	0	5.20291	0	0	0	0	0	0	0	5.20291	0	1	0	0	0	0	0	0	0	0	22	0	0	0	0	0	0	0	22	0	1	0	0	0	0	0	0	0	0	0	0	0	0	0	0	0	0	0	0	0	0	0	0	0	0	0	0	0	0	0	0	0	0	0	0	0	0	0	0	0	0	0	0	0	0	0
32	0	0	47	0	0	0	0	0	0	0	47	0	0.00786297	0	0	0	0	0	0	0	0.00786297	0	1	0	0	0	0	0	0	0	0	3	0	0	0	0	0	0	0	3	0	1	0	0	0	0	0	0	0	0	5.46009	0	0	0	0	0	0	0	5.46009	0	1	0	0	0	0	0	0	0	0	20	0	0	0	0	0	0	0	20	0	1	0	0	0	0	0	0	0	0	0	0	0	0	0	0	0	0	0	0	0	0	0	0	0	0	0	0	0	0	0	0	0	0	0	0	0	0	0	0	0	0	0	0	0	0	0
33	0	0	53	0	0	0	0	0	0	0	53	0	0.00575681	0	0	0	0	0	0	0	0.00575681	0	1	0	0	0	0	0	0	0	0	2	0	0	0	0	0	0	0	2	0	1	0	0	0	0	0	0	0	0	5.74271	0	0	0	0	0	0	0	5.74271	0	1	0	0	0	0	0	0	0	0	19	0	0	0	0	0	0	0	19	0	1	0	0	0	0	0	0	0	0	0	0	0	0	0	0	0	0	0	0	0	0	0	0	0	0	0	0	0	0	0	0	0	0	0	0	0	0	0	0	0	0	0	0	0	0	0
34	0	0	58	0	0	0	0	0	0	0	58	0	0.00112574	0	0	0	0	0	0	0	0.00112574	0	1	0	0	0	0	0	0	0	0	4	0	0	0	0	0	0	0	4	0	1	0	0	0	0	0	0	0	0	6.22722	0	0	0	0	0	0	0	6.22722	0	1	0	0	0	0	0	0	0	0	20	0	0	0	0	0	0	0	20	0	1	0	0	0	0	0	0	0	0	0	0	0	0	0	0	0	0	0	0	0	0	0	0	0	0	0	0	0	0	0	0	0	0	0	0	0	0	0	0	0	0	0	0	0	0	0
35	0	0	54	0	0	0	0	0	0	0	54	0	0.00375595	0	0	0	0	0	0	0	0.00375595	0	1	0	0	0	0	0	0	0	0	5	0	0	0	0	0	0	0	5	0	1	0	0	0	0	0	0	0	0	6.72047	0	0	0	0	0	0	0	6.72047	0	1	0	0	0	0	0	0	0	0	20	0	0	0	0	0	0	0	20	0	1	0	0	0	0	0	0	0	0	0	0	0	0	0	0	0	0	0	0	0	0	0	0	0	0	0	0	0	0	0	0	0	0	0	0	0	0	0	0	0	0	0	0	0	0	0
36	0	0	60	0	0	0	0	0	0	0	60	0	0.0123938	0	0	0	0	0	0	0	0.0123938	0	1	0	0	0	0	0	0	0	0	8	0	0	0	0	0	0	0	8	0	1	0	0	0	0	0	0	0	0	6.46043	0	0	0	0	0	0	0	6.46043	0	1	0	0	0	0	0	0	0	0	19	0	0	0	0	0	0	0	19	0	1	0	0	0	0	0	0	0	0	0	0	0	0	0	0	0	0	0	0	0	0	0	0	0	0	0	0	0	0	0	0	0	0	0	0	0	0	0	0	0	0	0	0	0	0	0
37	0	0	67	0	0	0	0	0	0	0	67	0	0.0202738	0	0	0	0	0	0	0	0.0202738	0	1	0	0	0	0	0	0	0	0	9	0	0	0	0	0	0	0	9	0	1	0	0	0	0	0	0	0	0	6.9388	0	0	0	0	0	0	0	6.9388	0	1	0	0	0	0	0	0	0	0	20	0	0	0	0	0	0	0	20	0	1	0	0	0	0	0	0	0	0	0	0	0	0	0	0	0	0	0	0	0	0	0	0	0	0	0	0	0	0	0	0	0	0	0	0	0	0	0	0	0	0	0	0	0	0	0
38	0	0	69	0	0	0	0	0	0	0	69	0	0.0115758	0	0	0	0	0	0	0	0.0115758	0	1	0	0	0	0	0	0	0	0	8	0	0	0	0	0	0	0	8	0	1	0	0	0	0	0	0	0	0	7.25354	0	0	0	0	0	0	0	7.25354	0	1	0	0	0	0	0	0	0	0	22	0	0	0	0	0	0	0	22	0	1	0	0	0	0	0	0	0	0	0	0	0	0	0	0	0	0	0	0	0	0	0	0	0	0	0	0	0	0	0	0	0	0	0	0	0	0	0	0	0	0	0	0	0	0	0
39	0	0	72	0	0	0	0	0	0	0	72	0	0.0193455	0	0	0	0	0	0	0	0.0193455	0	1	0	0	0	0	0	0	0	0	12	0	0	0	0	0	0	0	12	0	1	0	0	0	0	0	0	0	0	7.82273	0	0	0	0	0	0	0	7.82273	0	1	0	0	0	0	0	0	0	0	23	0	0	0	0	0	0	0	23	0	1	0	0	0	0	0	0	0	0	0	0	0	0	0	0	0	0	0	0	0	0	0	0	0	0	0	0	0	0	0	0	0	0	0	0	0	0	0	0	0	0	0	0	0	0	0
40	0	0	69	0	0	0	0	0	0	0	69	0	0.0155426	0	0	0	0	0	0	0	0.0155426	0	1	0	0	0	0	0	0	0	0	15	0	0	0	0	0	0	0	15	0	1	0	0	0	0	0	0	0	0	7.86361	0	0	0	0	0	0	0	7.86361	0	1	0	0	0	0	0	0	0	0	24	0	0	0	0	0	0	0	24	0	1	0	0	0	0	0	0	0	0	0	0	0	0	0	0	0	0	0	0	0	0	0	0	0	0	0	0	0	0	0	0	0	0	0	0	0	0	0	0	0	0	0	0	0	0	0
41	0	0	72	0	0	0	0	0	0	0	72	0	0.0236308	0	0	0	0	0	0	0	0.0236308	0	1	0	0	0	0	0	0	0	0	18	0	0	0	0	0	0	0	18	0	1	0	0	0	0	0	0	0	0	7.24154	0	0	0	0	0	0	0	7.24154	0	1	0	0	0	0	0	0	0	0	24	0	0	0	0	0	0	0	24	0	1	0	0	0	0	0	0	0	0	0	0	0	0	0	0	0	0	0	0	0	0	0	0	0	0	0	0	0	0	0	0	0	0	0	0	0	0	0	0	0	0	0	0	0	0	0
42	0	0	73	0	0	0	0	0	0	0	73	0	0.0416633	0	0	0	0	0	0	0	0.0416633	0	1	0	0	0	0	0	0	0	0	19	0	0	0	0	0	0	0	19	0	1	0	0	0	0	0	0	0	0	7.85135	0	0	0	0	0	0	0	7.85135	0	1	0	0	0	0	0	0	0	0	26	0	0	0	0	0	0	0	26	0	1	0	0	0	0	0	0	0	0	0	0	0	0	0	0	0	0	0	0	0	0	0	0	0	0	0	0	0	0	0	0	0	0	0	0	0	0	0	0	0	0	0	0	0	0	0
43	0	0	79	0	0	0	0	0	0	0	79	0	0.0441506	0	0	0	0	0	0	0	0.0441506	0	1	0	0	0	0	0	0	0	0	13	0	0	0	0	0	0	0	13	0	1	0	0	0	0	0	0	0	0	8.46054	0	0	0	0	0	0	0	8.46054	0	1	0	0	0	0	0	0	0	0	30	0	0	0	0	0	0	0	30	0	1	0	0	0	0	0	0	0	0	0	0	0	0	0	0	0	0	0	0	0	0	0	0	0	0	0	0	0	0	0	0	0	0	0	0	0	0	0	0	0	0	0	0	0	0	0
44	0	0	91	0	0	0	0	0	0	0	91	0	0.0275988	0	0	0	0	0	0	0	0.0275988	0	1	0	0	0	0	0	0	0	0	13	0	0	0	0	0	0	0	13	0	1	0	0	0	0	0	0	0	0	9.30702	0	0	0	0	0	0	0	9.30702	0	1	0	0	0	0	0	0	0	0	35	0	0	0	0	0	0	0	35	0	1	0	0	0	0	0	0	0	0	0	0	0	0	0	0	0	0	0	0	0	0	0	0	0	0	0	0	0	0	0	0	0	0	0	0	0	0	0	0	0	0	0	0	0	0	0
45	0	0	99	0	0	0	0	0	0	0	99	0	0.0213762	0	0	0	0	0	0	0	0.0213762	0	1	0	0	0	0	0	0	0	0	16	0	0	0	0	0	0	0	16	0	1	0	0	0	0	0	0	0	0	10.2111	0	0	0	0	0	0	0	10.2111	0	1	0	0	0	0	0	0	0	0	38	0	0	0	0	0	0	0	38	0	1	0	0	0	0	0	0	0	0	0	0	0	0	0	0	0	0	0	0	0	0	0	0	0	0	0	0	0	0	0	0	0	0	0	0	0	0	0	0	0	0	0	0	0	0	0
46	0	0	106	0	0	0	0	0	0	0	106	0	0.0141958	0	0	0	0	0	0	0	0.0141958	0	1	0	0	0	0	0	0	0	0	15	0	0	0	0	0	0	0	15	0	1	0	0	0	0	0	0	0	0	11.1025	0	0	0	0	0	0	0	11.1025	0	1	0	0	0	0	0	0	0	0	40	0	0	0	0	0	0	0	40	0	1	0	0	0	0	0	0	0	0	0	0	0	0	0	0	0	0	0	0	0	0	0	0	0	0	0	0	0	0	0	0	0	0	0	0	0	0	0	0	0	0	0	0	0	0	0
47	0	0	115	0	0	0	0	0	0	0	115	0	0.0451357	0	0	0	0	0	0	0	0.0451357	0	1	0	0	0	0	0	0	0	0	21	0	0	0	0	0	0	0	21	0	1	0	0	0	0	0	0	0	0	11.6906	0	0	0	0	0	0	0	11.6906	0	1	0	0	0	0	0	0	0	0	38	0	0	0	0	0	0	0	38	0	1	0	0	0	0	0	0	0	0	0	0	0	0	0	0	0	0	0	0	0	0	0	0	0	0	0	0	0	0	0	0	0	0	0	0	0	0	0	0	0	0	0	0	0	0	0
48	0	0	106	0	0	0	0	0	0	0	106	0	0.0346833	0	0	0	0	0	0	0	0.0346833	0	1	0	0	0	0	0	0	0	0	22	0	0	0	0	0	0	0	22	0	1	0	0	0	0	0	0	0	0	11.6789	0	0	0	0	0	0	0	11.6789	0	1	0	0	0	0	0	0	0	0	43	0	0	0	0	0	0	0	43	0	1	0	0	0	0	0	0	0	0	0	0	0	0	0	0	0	0	0	0	0	0	0	0	0	0	0	0	0	0	0	0	0	0	0	0	0	0	0	0	0	0	0	0	0	0	0
49	0	0	116	0	0	0	0	0	0	0	116	0	0.0291162	0	0	0	0	0	0	0	0.0291162	0	1	0	0	0	0	0	0	0	0	20	0	0	0	0	0	0	0	20	0	1	0	0	0	0	0	0	0	0	11.9009	0	0	0	0	0	0	0	11.9009	0	1	0	0	0	0	0	0	0	0	42	0	0	0	0	0	0	0	42	0	1	0	0	0	0	0	0	0	0	0	0	0	0	0	0	0	0	0	0	0	0	0	0	0	0	0	0	0	0	0	0	0	0	0	0	0	0	0	0	0	0	0	0	0	0	0
50	0	0	123	0	0	0	0	0	0	0	123	0	0.0491958	0	0	0	0	0	0	0	0.0491958	0	1	0	0	0	0	0	0	0	0	22	0	0	0	0	0	0	0	22	0	1	0	0	0	0	0	0	0	0	12.9809	0	0	0	0	0	0	0	12.9809	0	1	0	0	0	0	0	0	0	0	44	0	0	0	0	0	0	0	44	0	1	0	0	0	0	0	0	0	0	0	0	0	0	0	0	0	0	0	0	0	0	0	0	0	0	0	0	0	0	0	0	0	0	0	0	0	0	0	0	0	0	0	0	0	0	0
51	0	0	129	0	0	0	0	0	0	0	129	0	0.0588083	0	0	0	0	0	0	0	0.0588083	0	1	0	0	0	0	0	0	0	0	24	0	0	0	0	0	0	0	24	0	1	0	0	0	0	0	0	0	0	12.9646	0	0	0	0	0	0	0	12.9646	0	1	0	0	0	0	0	0	0	0	46	0	0	0	0	0	0	0	46	0	1	0	0	0	0	0	0	0	0	0	0	0	0	0	0	0	0	0	0	0	0	0	0	0	0	0	0	0	0	0	0	0	0	0	0	0	0	0	0	0	0	0	0	0	0	0
52	0	0	126	0	0	0	0	0	0	0	126	0	0.0354502	0	0	0	0	0	0	0	0.0354502	0	1	0	0	0	0	0	0	0	0	27	0	0	0	0	0	0	0	27	0	1	0	0	0	0	0	0	0	0	13.1841	0	0	0	0	0	0	0	13.1841	0	1	0	0	0	0	0	0	0	0	50	0	0	0	0	0	0	0	50	0	1	0	0	0	0	0	0	0	0	0	0	0	0	0	0	0	0	0	0	0	0	0	0	0	0	0	0	0	0	0	0	0	0	0	0	0	0	0	0	0	0	0	0	0	0	0
53	0	0	148	0	0	0	0	0	0	0	148	0	0.0500353	0	0	0	0	0	0	0	0.0500353	0	1	0	0	0	0	0	0	0	0	31	0	0	0	0	0	0	0	31	0	1	0	0	0	0	0	0	0	0	13.8862	0	0	0	0	0	0	0	13.8862	0	1	0	0	0	0	0	0	0	0	50	0	0	0	0	0	0	0	50	0	1	0	0	0	0	0	0	0	0	0	0	0	0	0	0	0	0	0	0	0	0	0	0	0	0	0	0	0	0	0	0	0	0	0	0	0	0	0	0	0	0	0	0	0	0	0
54	0	0	138	0	0	0	0	0	0	0	138	0	0.0605073	0	0	0	0	0	0	0	0.0605073	0	1	0	0	0	0	0	0	0	0	33	0	0	0	0	0	0	0	33	0	1	0	0	0	0	0	0	0	0	13.9612	0	0	0	0	0	0	0	13.9612	0	1	0	0	0	0	0	0	0	0	50	0	0	0	0	0	0	0	50	0	1	0	0	0	0	0	0	0	0	0	0	0	0	0	0	0	0	0	0	0	0	0	0	0	0	0	0	0	0	0	0	0	0	0	0	0	0	0	0	0	0	0	0	0	0	0
55	0	0	147	0	0	0	0	0	0	0	147	0	0.056862	0	0	0	0	0	0	0	0.056862	0	1	0	0	0	0	0	0	0	0	36	0	0	0	0	0	0	0	36	0	1	0	0	0	0	0	0	0	0	14.3232	0	0	0	0	0	0	0	14.3232	0	1	0	0	0	0	0	0	0	0	54	0	0	0	0	0	0	0	54	0	1	0	0	0	0	0	0	0	0	0	0	0	0	0	0	0	0	0	0	0	0	0	0	0	0	0	0	0	0	0	0	0	0	0	0	0	0	0	0	0	0	0	0	0	0	0
56	0	0	130	0	0	0	0	0	0	0	130	0	0.0496758	0	0	0	0	0	0	0	0.0496758	0	1	0	0	0	0	0	0	0	0	39	0	0	0	0	0	0	0	39	0	1	0	0	0	0	0	0	0	0	14.7049	0	0	0	0	0	0	0	14.7049	0	1	0	0	0	0	0	0	0	0	58	0	0	0	0	0	0	0	58	0	1	0	0	0	0	0	0	0	0	0	0	0	0	0	0	0	0	0	0	0	0	0	0	0	0	0	0	0	0	0	0	0	0	0	0	0	0	0	0	0	0	0	0	0	0	0
57	0	0	138	0	0	0	0	0	0	0	138	0	0.077161	0	0	0	0	0	0	0	0.077161	0	1	0	0	0	0	0	0	0	0	39	0	0	0	0	0	0	0	39	0	1	0	0	0	0	0	0	0	0	15.3891	0	0	0	0	0	0	0	15.3891	0	1	0	0	0	0	0	0	0	0	60	0	0	0	0	0	0	0	60	0	1	0	0	0	0	0	0	0	0	0	0	0	0	0	0	0	0	0	0	0	0	0	0	0	0	0	0	0	0	0	0	0	0	0	0	0	0	0	0	0	0	0	0	0	0	0
58	0	0	147	0	0	0	0	0	0	0	147	0	0.0843306	0	0	0	0	0	0	0	0.0843306	0	1	0	0	0	0	0	0	0	0	38	0	0	0	0	0	0	0	38	0	1	0	0	0	0	0	0	0	0	16.7388	0	0	0	0	0	0	0	16.7388	0	1	0	0	0	0	0	0	0	0	66	0	0	0	0	0	0	0	66	0	1	0	0	0	0	0	0	0	0	0	0	0	0	0	0	0	0	0	0	0	0	0	0	0	0	0	0	0	0	0	0	0	0	0	0	0	0	0	0	0	0	0	0	0	0	0
59	0	0	173	0	0	0	0	0	0	0	173	0	0.0882926	0	0	0	0	0	0	0	0.0882926	0	1	0	0	0	0	0	0	0	0	36	0	0	0	0	0	0	0	36	0	1	0	0	0	0	0	0	0	0	17.4483	0	0	0	0	0	0	0	17.4483	0	1	0	0	0	0	0	0	0	0	71	0	0	0	0	0	0	0	71	0	1	0	0	0	0	0	0	0	0	0	0	0	0	0	0	0	0	0	0	0	0	0	0	0	0	0	0	0	0	0	0	0	0	0	0	0	0	0	0	0	0	0	0	0	0	0
60	0	0	168	0	0	0	0	0	0	0	168	0	0.0434421	0	0	0	0	0	0	0	0.0434421	0	1	0	0	0	0	0	0	0	0	30	0	0	0	0	0	0	0	30	0	1	0	0	0	0	0	0	0	0	18.1252	0	0	0	0	0	0	0	18.1252	0	1	0	0	0	0	0	0	0	0	78	0	0	0	0	0	0	0	78	0	1	0	0	0	0	0	0	0	0	0	0	0	0	0	0	0	0	0	0	0	0	0	0	0	0	0	0	0	0	0	0	0	0	0	0	0	0	0	0	0	0	0	0	0	0	0
61	0	0	165	0	0	0	0	0	0	0	165	0	0.0668336	0	0	0	0	0	0	0	0.0668336	0	1	0	0	0	0	0	0	0	0	32	0	0	0	0	0	0	0	32	0	1	0	0	0	0	0	0	0	0	17.6366	0	0	0	0	0	0	0	17.6366	0	1	0	0	0	0	0	0	0	0	73	0	0	0	0	0	0	0	73	0	1	0	0	0	0	0	0	0	0	0	0	0	0	0	0	0	0	0	0	0	0	0	0	0	0	0	0	0	0	0	0	0	0	0	0	0	0	0	0	0	0	0	0	0	0	0
62	0	0	149	0	0	0	0	0	0	0	149	0	0.0719246	0	0	0	0	0	0	0	0.0719246	0	1	0	0	0	0	0	0	0	0	43	0	0	0	0	0	0	0	43	0	1	0	0	0	0	0	0	0	0	17.3113	0	0	0	0	0	0	0	17.3113	0	1	0	0	0	0	0	0	0	0	73	0	0	0	0	0	0	0	73	0	1	0	0	0	0	0	0	0	0	0	0	0	0	0	0	0	0	0	0	0	0	0	0	0	0	0	0	0	0	0	0	0	0	0	0	0	0	0	0	0	0	0	0	0	0	0
63	0	0	152	0	0	0	0	0	0	0	152	0	0.0930642	0	0	0	0	0	0	0	0.0930642	0	1	0	0	0	0	0	0	0	0	41	0	0	0	0	0	0	0	41	0	1	0	0	0	0	0	0	0	0	18.8434	0	0	0	0	0	0	0	18.8434	0	1	0	0	0	0	0	0	0	0	74	0	0	0	0	0	0	0	74	0	1	0	0	0	0	0	0	0	0	0	0	0	0	0	0	0	0	0	0	0	0	0	0	0	0	0	0	0	0	0	0	0	0	0	0	0	0	0	0	0	0	0	0	0	0	0
64	0	0	168	0	0	0	0	0	0	0	168	0	0.08746	0	0	0	0	0	0	0	0.08746	0	1	0	0	0	0	0	0	0	0	43	0	0	0	0	0	0	0	43	0	1	0	0	0	0	0	0	0	0	20.1047	0	0	0	0	0	0	0	20.1047	0	1	0	0	0	0	0	0	0	0	79	0	0	0	0	0	0	0	79	0	1	0	0	0	0	0	0	0	0	0	0	0	0	0	0	0	0	0	0	0	0	0	0	0	0	0	0	0	0	0	0	0	0	0	0	0	0	0	0	0	0	0	0	0	0	0
65	0	0	180	0	0	0	0	0	0	0	180	0	0.0867021	0	0	0	0	0	0	0	0.0867021	0	1	0	0	0	0	0	0	0	0	34	0	0	0	0	0	0	0	34	0	1	0	0	0	0	0	0	0	0	20.3272	0	0	0	0	0	0	0	20.3272	0	1	0	0	0	0	0	0	0	0	80	0	0	0	0	0	0	0	80	0	1	0	0	0	0	0	0	0	0	0	0	0	0	0	0	0	0	0	0	0	0	0	0	0	0	0	0	0	0	0	0	0	0	0	0	0	0	0	0	0	0	0	0	0	0	0
66	0	0	195	0	0	0	0	0	0	0	195	0	0.0635932	0	0	0	0	0	0	0	0.0635932	0	1	0	0	0	0	0	0	0	0	32	0	0	0	0	0	0	0	32	0	1	0	0	0	0	0	0	0	0	20.5828	0	0	0	0	0	0	0	20.5828	0	1	0	0	0	0	0	0	0	0	82	0	0	0	0	0	0	0	82	0	1	0	0	0	0	0	0	0	0	0	0	0	0	0	0	0	0	0	0	0	0	0	0	0	0	0	0	0	0	0	0	0	0	0	0	0	0	0	0	0	0	0	0	0	0	0
67	0	0	202	0	0	0	0	0	0	0	202	0	0.0707586	0	0	0	0	0	0	0	0.0707586	0	1	0	0	0	0	0	0	0	0	34	0	0	0	0	0	0	0	34	0	1	0	0	0	0	0	0	0	0	22.1089	0	0	0	0	0	0	0	22.1089	0	1	0	0	0	0	0	0	0	0	84	0	0	0	0	0	0	0	84	0	1	0	0	0	0	0	0	0	0	0	0	0	0	0	0	0	0	0	0	0	0	0	0	0	0	0	0	0	0	0	0	0	0	0	0	0	0	0	0	0	0	0	0	0	0	0
68	0	0	207	0	0	0	0	0	0	0	207	0	0.0706391	0	0	0	0	0	0	0	0.0706391	0	1	0	0	0	0	0	0	0	0	36	0	0	0	0	0	0	0	36	0	1	0	0	0	0	0	0	0	0	23.3101	0	0	0	0	0	0	0	23.3101	0	1	0	0	0	0	0	0	0	0	86	0	0	0	0	0	0	0	86	0	1	0	0	0	0	0	0	0	0	0	0	0	0	0	0	0	0	0	0	0	0	0	0	0	0	0	0	0	0	0	0	0	0	0	0	0	0	0	0	0	0	0	0	0	0	0
69	0	0	200	0	0	0	0	0	0	0	200	0	0.0803684	0	0	0	0	0	0	0	0.0803684	0	1	0	0	0	0	0	0	0	0	40	0	0	0	0	0	0	0	40	0	1	0	0	0	0	0	0	0	0	24.2831	0	0	0	0	0	0	0	24.2831	0	1	0	0	0	0	0	0	0	0	84	0	0	0	0	0	0	0	84	0	1	0	0	0	0	0	0	0	0	0	0	0	0	0	0	0	0	0	0	0	0	0	0	0	0	0	0	0	0	0	0	0	0	0	0	0	0	0	0	0	0	0	0	0	0	0
70	0	0	194	0	0	0	0	0	0	0	194	0	0.0588256	0	0	0	0	0	0	0	0.0588256	0	1	0	0	0	0	0	0	0	0	41	0	0	0	0	0	0	0	41	0	1	0	0	0	0	0	0	0	0	22.3454	0	0	0	0	0	0	0	22.3454	0	1	0	0	0	0	0	0	0	0	84	0	0	0	0	0	0	0	84	0	1	0	0	0	0	0	0	0	0	0	0	0	0	0	0	0	0	0	0	0	0	0	0	0	0	0	0	0	0	0	0	0	0	0	0	0	0	0	0	0	0	0	0	0	0	0
71	0	0	201	0	0	0	0	0	0	0	201	0	0.0804873	0	0	0	0	0	0	0	0.0804873	0	1	0	0	0	0	0	0	0	0	38	0	0	0	0	0	0	0	38	0	1	0	0	0	0	0	0	0	0	21.6732	0	0	0	0	0	0	0	21.6732	0	1	0	0	0	0	0	0	0	0	80	0	0	0	0	0	0	0	80	0	1	0	0	0	0	0	0	0	0	0	0	0	0	0	0	0	0	0	0	0	0	0	0	0	0	0	0	0	0	0	0	0	0	0	0	0	0	0	0	0	0	0	0	0	0	0
72	0	0	195	0	0	0	0	0	0	0	195	0	0.0664957	0	0	0	0	0	0	0	0.0664957	0	1	0	0	0	0	0	0	0	0	33	0	0	0	0	0	0	0	33	0	1	0	0	0	0	0	0	0	0	22.0867	0	0	0	0	0	0	0	22.0867	0	1	0	0	0	0	0	0	0	0	85	0	0	0	0	0	0	0	85	0	1	0	0	0	0	0	0	0	0	0	0	0	0	0	0	0	0	0	0	0	0	0	0	0	0	0	0	0	0	0	0	0	0	0	0	0	0	0	0	0	0	0	0	0	0	0
73	0	0	216	0	0	0	0	0	0	0	216	0	0.0660906	0	0	0	0	0	0	0	0.0660906	0	1	0	0	0	0	0	0	0	0	33	0	0	0	0	0	0	0	33	0	1	0	0	0	0	0	0	0	0	23.4255	0	0	0	0	0	0	0	23.4255	0	1	0	0	0	0	0	0	0	0	89	0	0	0	0	0	0	0	89	0	1	0	0	0	0	0	0	0	0	0	0	0	0	0	0	0	0	0	0	0	0	0	0	0	0	0	0	0	0	0	0	0	0	0	0	0	0	0	0	0	0	0	0	0	0	0
74	0	0	208	0	0	0	0	0	0	0	208	0	0.0606589	0	0	0	0	0	0	0	0.0606589	0	1	0	0	0	0	0	0	0	0	40	0	0	0	0	0	0	0	40	0	1	0	0	0	0	0	0	0	0	23.8579	0	0	0	0	0	0	0	23.8579	0	1	0	0	0	0	0	0	0	0	90	0	0	0	0	0	0	0	90	0	1	0	0	0	0	0	0	0	0	0	0	0	0	0	0	0	0	0	0	0	0	0	0	0	0	0	0	0	0	0	0	0	0	0	0	0	0	0	0	0	0	0	0	0	0	0
75	0	0	214	0	0	0	0	0	0	0	214	0	0.0673067	0	0	0	0	0	0	0	0.0673067	0	1	0	0	0	0	0	0	0	0	38	0	0	0	0	0	0	0	38	0	1	0	0	0	0	0	0	0	0	24.8609	0	0	0	0	0	0	0	24.8609	0	1	0	0	0	0	0	0	0	0	91	0	0	0	0	0	0	0	91	0	1	0	0	0	0	0	0	0	0	0	0	0	0	0	0	0	0	0	0	0	0	0	0	0	0	0	0	0	0	0	0	0	0	0	0	0	0	0	0	0	0	0	0	0	0	0
76	0	0	232	0	0	0	0	0	0	0	232	0	0.0913619	0	0	0	0	0	0	0	0.0913619	0	1	0	0	0	0	0	0	0	0	42	0	0	0	0	0	0	0	42	0	1	0	0	0	0	0	0	0	0	26.7799	0	0	0	0	0	0	0	26.7799	0	1	0	0	0	0	0	0	0	0	93	0	0	0	0	0	0	0	93	0	1	0	0	0	0	0	0	0	0	0	0	0	0	0	0	0	0	0	0	0	0	0	0	0	0	0	0	0	0	0	0	0	0	0	0	0	0	0	0	0	0	0	0	0	0	0
77	0	0	239	0	0	0	0	0	0	0	239	0	0.0918763	0	0	0	0	0	0	0	0.0918763	0	1	0	0	0	0	0	0	0	0	43	0	0	0	0	0	0	0	43	0	1	0	0	0	0	0	0	0	0	27.4651	0	0	0	0	0	0	0	27.4651	0	1	0	0	0	0	0	0	0	0	97	0	0	0	0	0	0	0	97	0	1	0	0	0	0	0	0	0	0	0	0	0	0	0	0	0	0	0	0	0	0	0	0	0	0	0	0	0	0	0	0	0	0	0	0	0	0	0	0	0	0	0	0	0	0	0
78	0	0	241	0	0	0	0	0	0	0	241	0	0.0547438	0	0	0	0	0	0	0	0.0547438	0	1	0	0	0	0	0	0	0	0	38	0	0	0	0	0	0	0	38	0	1	0	0	0	0	0	0	0	0	28.9667	0	0	0	0	0	0	0	28.9667	0	1	0	0	0	0	0	0	0	0	104	0	0	0	0	0	0	0	104	0	1	0	0	0	0	0	0	0	0	0	0	0	0	0	0	0	0	0	0	0	0	0	0	0	0	0	0	0	0	0	0	0	0	0	0	0	0	0	0	0	0	0	0	0	0	0
79	0	0	246	0	0	0	0	0	0	0	246	0	0.055484	0	0	0	0	0	0	0	0.055484	0	1	0	0	0	0	0	0	0	0	35	0	0	0	0	0	0	0	35	0	1	0	0	0	0	0	0	0	0	30.5877	0	0	0	0	0	0	0	30.5877	0	1	0	0	0	0	0	0	0	0	103	0	0	0	0	0	0	0	103	0	1	0	0	0	0	0	0	0	0	0	0	0	0	0	0	0	0	0	0	0	0	0	0	0	0	0	0	0	0	0	0	0	0	0	0	0	0	0	0	0	0	0	0	0	0	0
80	0	0	250	0	0	0	0	0	0	0	250	0	0.078587	0	0	0	0	0	0	0	0.078587	0	1	0	0	0	0	0	0	0	0	34	0	0	0	0	0	0	0	34	0	1	0	0	0	0	0	0	0	0	29.7742	0	0	0	0	0	0	0	29.7742	0	1	0	0	0	0	0	0	0	0	98	0	0	0	0	0	0	0	98	0	1	0	0	0	0	0	0	0	0	0	0	0	0	0	0	0	0	0	0	0	0	0	0	0	0	0	0	0	0	0	0	0	0	0	0	0	0	0	0	0	0	0	0	0	0	0
81	0	0	275	0	0	0	0	0	0	0	275	0	0.0642656	0	0	0	0	0	0	0	0.0642656	0	1	0	0	0	0	0	0	0	0	32	0	0	0	0	0	0	0	32	0	1	0	0	0	0	0	0	0	0	30.717	0	0	0	0	0	0	0	30.717	0	1	0	0	0	0	0	0	0	0	103	0	0	0	0	0	0	0	103	0	1	0	0	0	0	0	0	0	0	0	0	0	0	0	0	0	0	0	0	0	0	0	0	0	0	0	0	0	0	0	0	0	0	0	0	0	0	0	0	0	0	0	0	0	0	0
82	0	0	267	0	0	0	0	0	0	0	267	0	0.0713737	0	0	0	0	0	0	0	0.0713737	0	1	0	0	0	0	0	0	0	0	41	0	0	0	0	0	0	0	41	0	1	0	0	0	0	0	0	0	0	30.2676	0	0	0	0	0	0	0	30.2676	0	1	0	0	0	0	0	0	0	0	100	0	0	0	0	0	0	0	100	0	1	0	0	0	0	0	0	0	0	0	0	0	0	0	0	0	0	0	0	0	0	0	0	0	0	0	0	0	0	0	0	0	0	0	0	0	0	0	0	0	0	0	0	0	0	0
83	0	0	274	0	0	0	0	0	0	0	274	0	0.0923123	0	0	0	0	0	0	0	0.0923123	0	1	0	0	0	0	0	0	0	0	47	0	0	0	0	0	0	0	47	0	1	0	0	0	0	0	0	0	0	31.113	0	0	0	0	0	0	0	31.113	0	1	0	0	0	0	0	0	0	0	100	0	0	0	0	0	0	0	100	0	1	0	0	0	0	0	0	0	0	0	0	0	0	0	0	0	0	0	0	0	0	0	0	0	0	0	0	0	0	0	0	0	0	0	0	0	0	0	0	0	0	0	0	0	0	0
84	0	0	268	0	0	0	0	0	0	0	268	0	0.0718502	0	0	0	0	0	0	0	0.0718502	0	1	0	0	0	0	0	0	0	0	43	0	0	0	0	0	0	0	43	0	1	0	0	0	0	0	0	0	0	31.3955	0	0	0	0	0	0	0	31.3955	0	1	0	0	0	0	0	0	0	0	101	0	0	0	0	0	0	0	101	0	1	0	0	0	0	0	0	0	0	0	0	0	0	0	0	0	0	0	0	0	0	0	0	0	0	0	0	0	0	0	0	0	0	0	0	0	0	0	0	0	0	0	0	0	0	0
85	0	0	267	0	0	0	0	0	0	0	267	0	0.0840936	0	0	0	0	0	0	0	0.0840936	0	1	0	0	0	0	0	0	0	0	53	0	0	0	0	0	0	0	53	0	1	0	0	0	0	0	0	0	0	31.0266	0	0	0	0	0	0	0	31.0266	0	1	0	0	0	0	0	0	0	0	99	0	0	0	0	0	0	0	99	0	1	0	0	0	0	0	0	0	0	0	0	0	0	0	0	0	0	0	0	0	0	0	0	0	0	0	0	0	0	0	0	0	0	0	0	0	0	0	0	0	0	0	0	0	0	0
86	0	0	277	0	0	0	0	0	0	0	277	0	0.104688	0	0	0	0	0	0	0	0.104688	0	1	0	0	0	0	0	0	0	0	53	0	0	0	0	0	0	0	53	0	1	0	0	0	0	0	0	0	0	31.9426	0	0	0	0	0	0	0	31.9426	0	1	0	0	0	0	0	0	0	0	103	0	0	0	0	0	0	0	103	0	1	0	0	0	0	0	0	0	0	0	0	0	0	0	0	0	0	0	0	0	0	0	0	0	0	0	0	0	0	0	0	0	0	0	0	0	0	0	0	0	0	0	0	0	0	0
87	0	0	272	0	0	0	0	0	0	0	272	0	0.110048	0	0	0	0	0	0	0	0.110048	0	1	0	0	0	0	0	0	0	0	50	0	0	0	0	0	0	0	50	0	1	0	0	0	0	0	0	0	0	32.8195	0	0	0	0	0	0	0	32.8195	0	1	0	0	0	0	0	0	0	0	109	0	0	0	0	0	0	0	109	0	1	0	0	0	0	0	0	0	0	0	0	0	0	0	0	0	0	0	0	0	0	0	0	0	0	0	0	0	0	0	0	0	0	0	0	0	0	0	0	0	0	0	0	0	0	0
88	0	0	280	0	0	0	0	0	0	0	280	0	0.0987542	0	0	0	0	0	0	0	0.0987542	0	1	0	0	0	0	0	0	0	0	48	0	0	0	0	0	0	0	48	0	1	0	0	0	0	0	0	0	0	33.055	0	0	0	0	0	0	0	33.055	0	1	0	0	0	0	0	0	0	0	111	0	0	0	0	0	0	0	111	0	1	0	0	0	0	0	0	0	0	0	0	0	0	0	0	0	0	0	0	0	0	0	0	0	0	0	0	0	0	0	0	0	0	0	0	0	0	0	0	0	0	0	0	0	0	0
89	0	0	280	0	0	0	0	0	0	0	280	0	0.083795	0	0	0	0	0	0	0	0.083795	0	1	0	0	0	0	0	0	0	0	46	0	0	0	0	0	0	0	46	0	1	0	0	0	0	0	0	0	0	33.9134	0	0	0	0	0	0	0	33.9134	0	1	0	0	0	0	0	0	0	0	114	0	0	0	0	0	0	0	114	0	1	0	0	0	0	0	0	0	0	0	0	0	0	0	0	0	0	0	0	0	0	0	0	0	0	0	0	0	0	0	0	0	0	0	0	0	0	0	0	0	0	0	0	0	0	0
90	0	0	285	0	0	0	0	0	0	0	285	0	0.0919769	0	0	0	0	0	0	0	0.0919769	0	1	0	0	0	0	0	0	0	0	49	0	0	0	0	0	0	0	49	0	1	0	0	0	0	0	0	0	0	33.827	0	0	0	0	0	0	0	33.827	0	1	0	0	0	0	0	0	0	0	114	0	0	0	0	0	0	0	114	0	1	0	0	0	0	0	0	0	0	0	0	0	0	0	0	0	0	0	0	0	0	0	0	0	0	0	0	0	0	0	0	0	0	0	0	0	0	0	0	0	0	0	0	0	0	0
91	0	0	290	0	0	0	0	0	0	0	290	0	0.0870728	0	0	0	0	0	0	0	0.0870728	0	1	0	0	0	0	0	0	0	0	45	0	0	0	0	0	0	0	45	0	1	0	0	0	0	0	0	0	0	34.1118	0	0	0	0	0	0	0	34.1118	0	1	0	0	0	0	0	0	0	0	115	0	0	0	0	0	0	0	115	0	1	0	0	0	0	0	0	0	0	0	0	0	0	0	0	0	0	0	0	0	0	0	0	0	0	0	0	0	0	0	0	0	0	0	0	0	0	0	0	0	0	0	0	0	0	0
92	0	0	306	0	0	0	0	0	0	0	306	0	0.0759334	0	0	0	0	0	0	0	0.0759334	0	1	0	0	0	0	0	0	0	0	41	0	0	0	0	0	0	0	41	0	1	0	0	0	0	0	0	0	0	35.3303	0	0	0	0	0	0	0	35.3303	0	1	0	0	0	0	0	0	0	0	120	0	0	0	0	0	0	0	120	0	1	0	0	0	0	0	0	0	0	0	0	0	0	0	0	0	0	0	0	0	0	0	0	0	0	0	0	0	0	0	0	0	0	0	0	0	0	0	0	0	0	0	0	0	0	0
93	0	0	298	0	0	0	0	0	0	0	298	0	0.0538797	0	0	0	0	0	0	0	0.0538797	0	1	0	0	0	0	0	0	0	0	39	0	0	0	0	0	0	0	39	0	1	0	0	0	0	0	0	0	0	35.7966	0	0	0	0	0	0	0	35.7966	0	1	0	0	0	0	0	0	0	0	119	0	0	0	0	0	0	0	119	0	1	0	0	0	0	0	0	0	0	0	0	0	0	0	0	0	0	0	0	0	0	0	0	0	0	0	0	0	0	0	0	0	0	0	0	0	0	0	0	0	0	0	0	0	0	0
94	0	0	288	0	0	0	0	0	0	0	288	0	0.0627622	0	0	0	0	0	0	0	0.0627622	0	1	0	0	0	0	0	0	0	0	42	0	0	0	0	0	0	0	42	0	1	0	0	0	0	0	0	0	0	35.5698	0	0	0	0	0	0	0	35.5698	0	1	0	0	0	0	0	0	0	0	116	0	0	0	0	0	0	0	116	0	1	0	0	0	0	0	0	0	0	0	0	0	0	0	0	0	0	0	0	0	0	0	0	0	0	0	0	0	0	0	0	0	0	0	0	0	0	0	0	0	0	0	0	0	0	0
95	0	0	282	0	0	0	0	0	0	0	282	0	0.0719586	0	0	0	0	0	0	0	0.0719586	0	1	0	0	0	0	0	0	0	0	45	0	0	0	0	0	0	0	45	0	1	0	0	0	0	0	0	0	0	34.6244	0	0	0	0	0	0	0	34.6244	0	1	0	0	0	0	0	0	0	0	112	0	0	0	0	0	0	0	112	0	1	0	0	0	0	0	0	0	0	0	0	0	0	0	0	0	0	0	0	0	0	0	0	0	0	0	0	0	0	0	0	0	0	0	0	0	0	0	0	0	0	0	0	0	0	0
96	0	0	316	0	0	0	0	0	0	0	316	0	0.0828094	0	0	0	0	0	0	0	0.0828094	0	1	0	0	0	0	0	0	0	0	46	0	0	0	0	0	0	0	46	0	1	0	0	0	0	0	0	0	0	34.8955	0	0	0	0	0	0	0	34.8955	0	1	0	0	0	0	0	0	0	0	111	0	0	0	0	0	0	0	111	0	1	0	0	0	0	0	0	0	0	0	0	0	0	0	0	0	0	0	0	0	0	0	0	0	0	0	0	0	0	0	0	0	0	0	0	0	0	0	0	0	0	0	0	0	0	0
97	0	0	299	0	0	0	0	0	0	0	299	0	0.102313	0	0	0	0	0	0	0	0.102313	0	1	0	0	0	0	0	0	0	0	44	0	0	0	0	0	0	0	44	0	1	0	0	0	0	0	0	0	0	34.4482	0	0	0	0	0	0	0	34.4482	0	1	0	0	0	0	0	0	0	0	108	0	0	0	0	0	0	0	108	0	1	0	0	0	0	0	0	0	0	0	0	0	0	0	0	0	0	0	0	0	0	0	0	0	0	0	0	0	0	0	0	0	0	0	0	0	0	0	0	0	0	0	0	0	0	0
98	0	0	310	0	0	0	0	0	0	0	310	0	0.0845069	0	0	0	0	0	0	0	0.0845069	0	1	0	0	0	0	0	0	0	0	44	0	0	0	0	0	0	0	44	0	1	0	0	0	0	0	0	0	0	36.1552	0	0	0	0	0	0	0	36.1552	0	1	0	0	0	0	0	0	0	0	112	0	0	0	0	0	0	0	112	0	1	0	0	0	0	0	0	0	0	0	0	0	0	0	0	0	0	0	0	0	0	0	0	0	0	0	0	0	0	0	0	0	0	0	0	0	0	0	0	0	0	0	0	0	0	0
99	0	0	308	0	0	0	0	0	0	0	308	0	0.0752568	0	0	0	0	0	0	0	0.0752568	0	1	0	0	0	0	0	0	0	0	38	0	0	0	0	0	0	0	38	0	1	0	0	0	0	0	0	0	0	36.1182	0	0	0	0	0	0	0	36.1182	0	1	0	0	0	0	0	0	0	0	113	0	0	0	0	0	0	0	113	0	1	0	0	0	0	0	0	0	0	0	0	0	0	0	0	0	0	0	0	0	0	0	0	0	0	0	0	0	0	0	0	0	0	0	0	0	0	0	0	0	0	0	0	0	0	0
100	0	0	308	0	0	0	0	0	0	0	308	0	0.0884427	0	0	0	0	0	0	0	0.0884427	0	1	0	0	0	0	0	0	0	0	38	0	0	0	0	0	0	0	38	0	1	0	0	0	0	0	0	0	0	35.9141	0	0	0	0	0	0	0	35.9141	0	1	0	0	0	0	0	0	0	0	113	0	0	0	0	0	0	0	113	0	1	0	0	0	0	0	0	0	0	0	0	0	0	0	0	0	0	0	0	0	0	0	0	0	0	0	0	0	0	0	0	0	0	0	0	0	0	0	0	0	0	0	0	0	0	0
101	0	0	300	0	0	0	0	0	0	0	300	0	0.0584668	0	0	0	0	0	0	0	0.0584668	0	1	0	0	0	0	0	0	0	0	37	0	0	0	0	0	0	0	37	0	1	0	0	0	0	0	0	0	0	36.597	0	0	0	0	0	0	0	36.597	0	1	0	0	0	0	0	0	0	0	115	0	0	0	0	0	0	0	115	0	1	0	0	0	0	0	0	0	0	0	0	0	0	0	0	0	0	0	0	0	0	0	0	0	0	0	0	0	0	0	0	0	0	0	0	0	0	0	0	0	0	0	0	0	0	0
102	0	0	309	0	0	0	0	0	0	0	309	0	0.0519554	0	0	0	0	0	0	0	0.0519554	0	1	0	0	0	0	0	0	0	0	36	0	0	0	0	0	0	0	36	0	1	0	0	0	0	0	0	0	0	38.0683	0	0	0	0	0	0	0	38.0683	0	1	0	0	0	0	0	0	0	0	116	0	0	0	0	0	0	0	116	0	1	0	0	0	0	0	0	0	0	0	0	0	0	0	0	0	0	0	0	0	0	0	0	0	0	0	0	0	0	0	0	0	0	0	0	0	0	0	0	0	0	0	0	0	0	0
103	0	0	321	0	0	0	0	0	0	0	321	0	0.0590199	0	0	0	0	0	0	0	0.0590199	0	1	0	0	0	0	0	0	0	0	40	0	0	0	0	0	0	0	40	0	1	0	0	0	0	0	0	0	0	39.2358	0	0	0	0	0	0	0	39.2358	0	1	0	0	0	0	0	0	0	0	115	0	0	0	0	0	0	0	115	0	1	0	0	0	0	0	0	0	0	0	0	0	0	0	0	0	0	0	0	0	0	0	0	0	0	0	0	0	0	0	0	0	0	0	0	0	0	0	0	0	0	0	0	0	0	0
104	0	0	349	0	0	0	0	0	0	0	349	0	0.0839128	0	0	0	0	0	0	0	0.0839128	0	1	0	0	0	0	0	0	0	0	46	0	0	0	0	0	0	0	46	0	1	0	0	0	0	0	0	0	0	40.9353	0	0	0	0	0	0	0	40.9353	0	1	0	0	0	0	0	0	0	0	117	0	0	0	0	0	0	0	117	0	1	0	0	0	0	0	0	0	0	0	0	0	0	0	0	0	0	0	0	0	0	0	0	0	0	0	0	0	0	0	0	0	0	0	0	0	0	0	0	0	0	0	0	0	0	0
105	0	0	340	0	0	0	0	0	0	0	340	0	0.0816234	0	0	0	0	0	0	0	0.0816234	0	1	0	0	0	0	0	0	0	0	47	0	0	0	0	0	0	0	47	0	1	0	0	0	0	0	0	0	0	42.3914	0	0	0	0	0	0	0	42.3914	0	1	0	0	0	0	0	0	0	0	121	0	0	0	0	0	0	0	121	0	1	0	0	0	0	0	0	0	0	0	0	0	0	0	0	0	0	0	0	0	0	0	0	0	0	0	0	0	0	0	0	0	0	0	0	0	0	0	0	0	0	0	0	0	0	0
106	0	0	353	0	0	0	0	0	0	0	353	0	0.081505	0	0	0	0	0	0	0	0.081505	0	1	0	0	0	0	0	0	0	0	50	0	0	0	0	0	0	0	50	0	1	0	0	0	0	0	0	0	0	44.9435	0	0	0	0	0	0	0	44.9435	0	1	0	0	0	0	0	0	0	0	127	0	0	0	0	0	0	0	127	0	1	0	0	0	0	0	0	0	0	0	0	0	0	0	0	0	0	0	0	0	0	0	0	0	0	0	0	0	0	0	0	0	0	0	0	0	0	0	0	0	0	0	0	0	0	0
107	0	0	373	0	0	0	0	0	0	0	373	0	0.075069	0	0	0	0	0	0	0	0.075069	0	1	0	0	0	0	0	0	0	0	51	0	0	0	0	0	0	0	51	0	1	0	0	0	0	0	0	0	0	46.7092	0	0	0	0	0	0	0	46.7092	0	1	0	0	0	0	0	0	0	0	129	0	0	0	0	0	0	0	129	0	1	0	0	0	0	0	0	0	0	0	0	0	0	0	0	0	0	0	0	0	0	0	0	0	0	0	0	0	0	0	0	0	0	0	0	0	0	0	0	0	0	0	0	0	0	0
108	0	0	377	0	0	0	0	0	0	0	377	0	0.108469	0	0	0	0	0	0	0	0.108469	0	1	0	0	0	0	0	0	0	0	49	0	0	0	0	0	0	0	49	0	1	0	0	0	0	0	0	0	0	47.6499	0	0	0	0	0	0	0	47.6499	0	1	0	0	0	0	0	0	0	0	130	0	0	0	0	0	0	0	130	0	1	0	0	0	0	0	0	0	0	0	0	0	0	0	0	0	0	0	0	0	0	0	0	0	0	0	0	0	0	0	0	0	0	0	0	0	0	0	0	0	0	0	0	0	0	0
109	0	0	400	0	0	0	0	0	0	0	400	0	0.0908649	0	0	0	0	0	0	0	0.0908649	0	1	0	0	0	0	0	0	0	0	46	0	0	0	0	0	0	0	46	0	1	0	0	0	0	0	0	0	0	48.7912	0	0	0	0	0	0	0	48.7912	0	1	0	0	0	0	0	0	0	0	138	0	0	0	0	0	0	0	138	0	1	0	0	0	0	0	0	0	0	0	0	0	0	0	0	0	0	0	0	0	0	0	0	0	0	0	0	0	0	0	0	0	0	0	0	0	0	0	0	0	0	0	0	0	0	0
110	0	0	400	0	0	0	0	0	0	0	400	0	0.103195	0	0	0	0	0	0	0	0.103195	0	1	0	0	0	0	0	0	0	0	52	0	0	0	0	0	0	0	52	0	1	0	0	0	0	0	0	0	0	48.1653	0	0	0	0	0	0	0	48.1653	0	1	0	0	0	0	0	0	0	0	134	0	0	0	0	0	0	0	134	0	1	0	0	0	0	0	0	0	0	0	0	0	0	0	0	0	0	0	0	0	0	0	0	0	0	0	0	0	0	0	0	0	0	0	0	0	0	0	0	0	0	0	0	0	0	0
111	0	0	412	0	0	0	0	0	0	0	412	0	0.0692092	0	0	0	0	0	0	0	0.0692092	0	1	0	0	0	0	0	0	0	0	44	0	0	0	0	0	0	0	44	0	1	0	0	0	0	0	0	0	0	50.6366	0	0	0	0	0	0	0	50.6366	0	1	0	0	0	0	0	0	0	0	142	0	0	0	0	0	0	0	142	0	1	0	0	0	0	0	0	0	0	0	0	0	0	0	0	0	0	0	0	0	0	0	0	0	0	0	0	0	0	0	0	0	0	0	0	0	0	0	0	0	0	0	0	0	0	0
112	0	0	400	0	0	0	0	0	0	0	400	0	0.0800348	0	0	0	0	0	0	0	0.0800348	0	1	0	0	0	0	0	0	0	0	47	0	0	0	0	0	0	0	47	0	1	0	0	0	0	0	0	0	0	50.3818	0	0	0	0	0	0	0	50.3818	0	1	0	0	0	0	0	0	0	0	135	0	0	0	0	0	0	0	135	0	1	0	0	0	0	0	0	0	0	0	0	0	0	0	0	0	0	0	0	0	0	0	0	0	0	0	0	0	0	0	0	0	0	0	0	0	0	0	0	0	0	0	0	0	0	0
113	0	0	392	0	0	0	0	0	0	0	392	0	0.0961466	0	0	0	0	0	0	0	0.0961466	0	1	0	0	0	0	0	0	0	0	46	0	0	0	0	0	0	0	46	0	1	0	0	0	0	0	0	0	0	49.877	0	0	0	0	0	0	0	49.877	0	1	0	0	0	0	0	0	0	0	135	0	0	0	0	0	0	0	135	0	1	0	0	0	0	0	0	0	0	0	0	0	0	0	0	0	0	0	0	0	0	0	0	0	0	0	0	0	0	0	0	0	0	0	0	0	0	0	0	0	0	0	0	0	0	0
114	0	0	391	0	0	0	0	0	0	0	391	0	0.0939726	0	0	0	0	0	0	0	0.0939726	0	1	0	0	0	0	0	0	0	0	49	0	0	0	0	0	0	0	49	0	1	0	0	0	0	0	0	0	0	50.4856	0	0	0	0	0	0	0	50.4856	0	1	0	0	0	0	0	0	0	0	137	0	0	0	0	0	0	0	137	0	1	0	0	0	0	0	0	0	0	0	0	0	0	0	0	0	0	0	0	0	0	0	0	0	0	0	0	0	0	0	0	0	0	0	0	0	0	0	0	0	0	0	0	0	0	0
115	0	0	399	0	0	0	0	0	0	0	399	0	0.100196	0	0	0	0	0	0	0	0.100196	0	1	0	0	0	0	0	0	0	0	46	0	0	0	0	0	0	0	46	0	1	0	0	0	0	0	0	0	0	50.5181	0	0	0	0	0	0	0	50.5181	0	1	0	0	0	0	0	0	0	0	136	0	0	0	0	0	0	0	136	0	1	0	0	0	0	0	0	0	0	0	0	0	0	0	0	0	0	0	0	0	0	0	0	0	0	0	0	0	0	0	0	0	0	0	0	0	0	0	0	0	0	0	0	0	0	0
116	0	0	396	0	0	0	0	0	0	0	396	0	0.0834812	0	0	0	0	0	0	0	0.0834812	0	1	0	0	0	0	0	0	0	0	40	0	0	0	0	0	0	0	40	0	1	0	0	0	0	0	0	0	0	50.1122	0	0	0	0	0	0	0	50.1122	0	1	0	0	0	0	0	0	0	0	135	0	0	0	0	0	0	0	135	0	1	0	0	0	0	0	0	0	0	0	0	0	0	0	0	0	0	0	0	0	0	0	0	0	0	0	0	0	0	0	0	0	0	0	0	0	0	0	0	0	0	0	0	0	0	0
117	0	0	421	0	0	0	0	0	0	0	421	0	0.0973669	0	0	0	0	0	0	0	0.0973669	0	1	0	0	0	0	0	0	0	0	41	0	0	0	0	0	0	0	41	0	1	0	0	0	0	0	0	0	0	51.8031	0	0	0	0	0	0	0	51.8031	0	1	0	0	0	0	0	0	0	0	134	0	0	0	0	0	0	0	134	0	1	0	0	0	0	0	0	0	0	0	0	0	0	0	0	0	0	0	0	0	0	0	0	0	0	0	0	0	0	0	0	0	0	0	0	0	0	0	0	0	0	0	0	0	0	0
118	0	0	420	0	0	0	0	0	0	0	420	0	0.0691608	0	0	0	0	0	0	0	0.0691608	0	1	0	0	0	0	0	0	0	0	44	0	0	0	0	0	0	0	44	0	1	0	0	0	0	0	0	0	0	53.2631	0	0	0	0	0	0	0	53.2631	0	1	0	0	0	0	0	0	0	0	139	0	0	0	0	0	0	0	139	0	1	0	0	0	0	0	0	0	0	0	0	0	0	0	0	0	0	0	0	0	0	0	0	0	0	0	0	0	0	0	0	0	0	0	0	0	0	0	0	0	0	0	0	0	0	0
119	0	0	429	0	0	0	0	0	0	0	429	0	0.0772209	0	0	0	0	0	0	0	0.0772209	0	1	0	0	0	0	0	0	0	0	44	0	0	0	0	0	0	0	44	0	1	0	0	0	0	0	0	0	0	55.591	0	0	0	0	0	0	0	55.591	0	1	0	0	0	0	0	0	0	0	140	0	0	0	0	0	0	0	140	0	1	0	0	0	0	0	0	0	0	0	0	0	0	0	0	0	0	0	0	0	0	0	0	0	0	0	0	0	0	0	0	0	0	0	0	0	0	0	0	0	0	0	0	0	0	0
120	0	0	441	0	0	0	0	0	0	0	441	0	0.0915391	0	0	0	0	0	0	0	0.0915391	0	1	0	0	0	0	0	0	0	0	42	0	0	0	0	0	0	0	42	0	1	0	0	0	0	0	0	0	0	58.1026	0	0	0	0	0	0	0	58.1026	0	1	0	0	0	0	0	0	0	0	144	0	0	0	0	0	0	0	144	0	1	0	0	0	0	0	0	0	0	0	0	0	0	0	0	0	0	0	0	0	0	0	0	0	0	0	0	0	0	0	0	0	0	0	0	0	0	0	0	0	0	0	0	0	0	0
121	0	0	425	0	0	0	0	0	0	0	425	0	0.0467126	0	0	0	0	0	0	0	0.0467126	0	1	0	0	0	0	0	0	0	0	34	0	0	0	0	0	0	0	34	0	1	0	0	0	0	0	0	0	0	57.685	0	0	0	0	0	0	0	57.685	0	1	0	0	0	0	0	0	0	0	145	0	0	0	0	0	0	0	145	0	1	0	0	0	0	0	0	0	0	0	0	0	0	0	0	0	0	0	0	0	0	0	0	0	0	0	0	0	0	0	0	0	0	0	0	0	0	0	0	0	0	0	0	0	0	0
122	0	0	421	0	0	0	0	0	0	0	421	0	0.0546018	0	0	0	0	0	0	0	0.0546018	0	1	0	0	0	0	0	0	0	0	35	0	0	0	0	0	0	0	35	0	1	0	0	0	0	0	0	0	0	57.7749	0	0	0	0	0	0	0	57.7749	0	1	0	0	0	0	0	0	0	0	140	0	0	0	0	0	0	0	140	0	1	0	0	0	0	0	0	0	0	0	0	0	0	0	0	0	0	0	0	0	0	0	0	0	0	0	0	0	0	0	0	0	0	0	0	0	0	0	0	0	0	0	0	0	0	0
123	0	0	441	0	0	0	0	0	0	0	441	0	0.0648489	0	0	0	0	0	0	0	0.0648489	0	1	0	0	0	0	0	0	0	0	34	0	0	0	0	0	0	0	34	0	1	0	0	0	0	0	0	0	0	57.8795	0	0	0	0	0	0	0	57.8795	0	1	0	0	0	0	0	0	0	0	140	0	0	0	0	0	0	0	140	0	1	0	0	0	0	0	0	0	0	0	0	0	0	0	0	0	0	0	0	0	0	0	0	0	0	0	0	0	0	0	0	0	0	0	0	0	0	0	0	0	0	0	0	0	0	0
124	0	0	431	0	0	0	0	0	0	0	431	0	0.0879139	0	0	0	0	0	0	0	0.0879139	0	1	0	0	0	0	0	0	0	0	34	0	0	0	0	0	0	0	34	0	1	0	0	0	0	0	0	0	0	57.7502	0	0	0	0	0	0	0	57.7502	0	1	0	0	0	0	0	0	0	0	137	0	0	0	0	0	0	0	137	0	1	0	0	0	0	0	0	0	0	0	0	0	0	0	0	0	0	0	0	0	0	0	0	0	0	0	0	0	0	0	0	0	0	0	0	0	0	0	0	0	0	0	0	0	0	0
125	0	0	427	0	0	0	0	0	0	0	427	0	0.0592382	0	0	0	0	0	0	0	0.0592382	0	1	0	0	0	0	0	0	0	0	27	0	0	0	0	0	0	0	27	0	1	0	0	0	0	0	0	0	0	56.8101	0	0	0	0	0	0	0	56.8101	0	1	0	0	0	0	0	0	0	0	136	0	0	0	0	0	0	0	136	0	1	0	0	0	0	0	0	0	0	0	0	0	0	0	0	0	0	0	0	0	0	0	0	0	0	0	0	0	0	0	0	0	0	0	0	0	0	0	0	0	0	0	0	0	0	0
126	0	0	449	0	0	0	0	0	0	0	449	0	0.0582231	0	0	0	0	0	0	0	0.0582231	0	1	0	0	0	0	0	0	0	0	29	0	0	0	0	0	0	0	29	0	1	0	0	0	0	0	0	0	0	57.7247	0	0	0	0	0	0	0	57.7247	0	1	0	0	0	0	0	0	0	0	137	0	0	0	0	0	0	0	137	0	1	0	0	0	0	0	0	0	0	0	0	0	0	0	0	0	0	0	0	0	0	0	0	0	0	0	0	0	0	0	0	0	0	0	0	0	0	0	0	0	0	0	0	0	0	0
127	0	0	427	0	0	0	0	0	0	0	427	0	0.0634242	0	0	0	0	0	0	0	0.0634242	0	1	0	0	0	0	0	0	0	0	26	0	0	0	0	0	0	0	26	0	1	0	0	0	0	0	0	0	0	57.6257	0	0	0	0	0	0	0	57.6257	0	1	0	0	0	0	0	0	0	0	135	0	0	0	0	0	0	0	135	0	1	0	0	0	0	0	0	0	0	0	0	0	0	0	0	0	0	0	0	0	0	0	0	0	0	0	0	0	0	0	0	0	0	0	0	0	0	0	0	0	0	0	0	0	0	0
128	0	0	452	0	0	0	0	0	0	0	452	0	0.0411009	0	0	0	0	0	0	0	0.0411009	0	1	0	0	0	0	0	0	0	0	24	0	0	0	0	0	0	0	24	0	1	0	0	0	0	0	0	0	0	57.2357	0	0	0	0	0	0	0	57.2357	0	1	0	0	0	0	0	0	0	0	131	0	0	0	0	0	0	0	131	0	1	0	0	0	0	0	0	0	0	0	0	0	0	0	0	0	0	0	0	0	0	0	0	0	0	0	0	0	0	0	0	0	0	0	0	0	0	0	0	0	0	0	0	0	0	0
129	0	0	443	0	0	0	0	0	0	0	443	0	0.0704621	0	0	0	0	0	0	0	0.0704621	0	1	0	0	0	0	0	0	0	0	33	0	0	0	0	0	0	0	33	0	1	0	0	0	0	0	0	0	0	56.6985	0	0	0	0	0	0	0	56.6985	0	1	0	0	0	0	0	0	0	0	126	0	0	0	0	0	0	0	126	0	1	0	0	0	0	0	0	0	0	0	0	0	0	0	0	0	0	0	0	0	0	0	0	0	0	0	0	0	0	0	0	0	0	0	0	0	0	0	0	0	0	0	0	0	0	0
130	0	0	450	0	0	0	0	0	0	0	450	0	0.0491323	0	0	0	0	0	0	0	0.0491323	0	1	0	0	0	0	0	0	0	0	34	0	0	0	0	0	0	0	34	0	1	0	0	0	0	0	0	0	0	56.8364	0	0	0	0	0	0	0	56.8364	0	1	0	0	0	0	0	0	0	0	128	0	0	0	0	0	0	0	128	0	1	0	0	0	0	0	0	0	0	0	0	0	0	0	0	0	0	0	0	0	0	0	0	0	0	0	0	0	0	0	0	0	0	0	0	0	0	0	0	0	0	0	0	0	0	0
131	0	0	420	0	0	0	0	0	0	0	420	0	0.0641265	0	0	0	0	0	0	0	0.0641265	0	1	0	0	0	0	0	0	0	0	37	0	0	0	0	0	0	0	37	0	1	0	0	0	0	0	0	0	0	55.1964	0	0	0	0	0	0	0	55.1964	0	1	0	0	0	0	0	0	0	0	124	0	0	0	0	0	0	0	124	0	1	0	0	0	0	0	0	0	0	0	0	0	0	0	0	0	0	0	0	0	0	0	0	0	0	0	0	0	0	0	0	0	0	0	0	0	0	0	0	0	0	0	0	0	0	0
132	0	0	415	0	0	0	0	0	0	0	415	0	0.0552048	0	0	0	0	0	0	0	0.0552048	0	1	0	0	0	0	0	0	0	0	38	0	0	0	0	0	0	0	38	0	1	0	0	0	0	0	0	0	0	53.1699	0	0	0	0	0	0	0	53.1699	0	1	0	0	0	0	0	0	0	0	120	0	0	0	0	0	0	0	120	0	1	0	0	0	0	0	0	0	0	0	0	0	0	0	0	0	0	0	0	0	0	0	0	0	0	0	0	0	0	0	0	0	0	0	0	0	0	0	0	0	0	0	0	0	0	0
133	0	0	430	0	0	0	0	0	0	0	430	0	0.0662235	0	0	0	0	0	0	0	0.0662235	0	1	0	0	0	0	0	0	0	0	34	0	0	0	0	0	0	0	34	0	1	0	0	0	0	0	0	0	0	55.574	0	0	0	0	0	0	0	55.574	0	1	0	0	0	0	0	0	0	0	125	0	0	0	0	0	0	0	125	0	1	0	0	0	0	0	0	0	0	0	0	0	0	0	0	0	0	0	0	0	0	0	0	0	0	0	0	0	0	0	0	0	0	0	0	0	0	0	0	0	0	0	0	0	0	0
134	0	0	419	0	0	0	0	0	0	0	419	0	0.0666973	0	0	0	0	0	0	0	0.0666973	0	1	0	0	0	0	0	0	0	0	36	0	0	0	0	0	0	0	36	0	1	0	0	0	0	0	0	0	0	55.0599	0	0	0	0	0	0	0	55.0599	0	1	0	0	0	0	0	0	0	0	124	0	0	0	0	0	0	0	124	0	1	0	0	0	0	0	0	0	0	0	0	0	0	0	0	0	0	0	0	0	0	0	0	0	0	0	0	0	0	0	0	0	0	0	0	0	0	0	0	0	0	0	0	0	0	0
135	0	0	421	0	0	0	0	0	0	0	421	0	0.0610057	0	0	0	0	0	0	0	0.0610057	0	1	0	0	0	0	0	0	0	0	36	0	0	0	0	0	0	0	36	0	1	0	0	0	0	0	0	0	0	55.3305	0	0	0	0	0	0	0	55.3305	0	1	0	0	0	0	0	0	0	0	125	0	0	0	0	0	0	0	125	0	1	0	0	0	0	0	0	0	0	0	0	0	0	0	0	0	0	0	0	0	0	0	0	0	0	0	0	0	0	0	0	0	0	0	0	0	0	0	0	0	0	0	0	0	0	0
136	0	0	435	0	0	0	0	0	0	0	435	0	0.040405	0	0	0	0	0	0	0	0.040405	0	1	0	0	0	0	0	0	0	0	32	0	0	0	0	0	0	0	32	0	1	0	0	0	0	0	0	0	0	56.7725	0	0	0	0	0	0	0	56.7725	0	1	0	0	0	0	0	0	0	0	127	0	0	0	0	0	0	0	127	0	1	0	0	0	0	0	0	0	0	0	0	0	0	0	0	0	0	0	0	0	0	0	0	0	0	0	0	0	0	0	0	0	0	0	0	0	0	0	0	0	0	0	0	0	0	0
137	0	0	449	0	0	0	0	0	0	0	449	0	0.0574289	0	0	0	0	0	0	0	0.0574289	0	1	0	0	0	0	0	0	0	0	35	0	0	0	0	0	0	0	35	0	1	0	0	0	0	0	0	0	0	56.655	0	0	0	0	0	0	0	56.655	0	1	0	0	0	0	0	0	0	0	125	0	0	0	0	0	0	0	125	0	1	0	0	0	0	0	0	0	0	0	0	0	0	0	0	0	0	0	0	0	0	0	0	0	0	0	0	0	0	0	0	0	0	0	0	0	0	0	0	0	0	0	0	0	0	0
138	0	0	453	0	0	0	0	0	0	0	453	0	0.0586966	0	0	0	0	0	0	0	0.0586966	0	1	0	0	0	0	0	0	0	0	37	0	0	0	0	0	0	0	37	0	1	0	0	0	0	0	0	0	0	57.9045	0	0	0	0	0	0	0	57.9045	0	1	0	0	0	0	0	0	0	0	124	0	0	0	0	0	0	0	124	0	1	0	0	0	0	0	0	0	0	0	0	0	0	0	0	0	0	0	0	0	0	0	0	0	0	0	0	0	0	0	0	0	0	0	0	0	0	0	0	0	0	0	0	0	0	0
139	0	0	454	0	0	0	0	0	0	0	454	0	0.067877	0	0	0	0	0	0	0	0.067877	0	1	0	0	0	0	0	0	0	0	38	0	0	0	0	0	0	0	38	0	1	0	0	0	0	0	0	0	0	56.0781	0	0	0	0	0	0	0	56.0781	0	1	0	0	0	0	0	0	0	0	121	0	0	0	0	0	0	0	121	0	1	0	0	0	0	0	0	0	0	0	0	0	0	0	0	0	0	0	0	0	0	0	0	0	0	0	0	0	0	0	0	0	0	0	0	0	0	0	0	0	0	0	0	0	0	0
140	0	0	459	0	0	0	0	0	0	0	459	0	0.0762892	0	0	0	0	0	0	0	0.0762892	0	1	0	0	0	0	0	0	0	0	36	0	0	0	0	0	0	0	36	0	1	0	0	0	0	0	0	0	0	56.7378	0	0	0	0	0	0	0	56.7378	0	1	0	0	0	0	0	0	0	0	122	0	0	0	0	0	0	0	122	0	1	0	0	0	0	0	0	0	0	0	0	0	0	0	0	0	0	0	0	0	0	0	0	0	0	0	0	0	0	0	0	0	0	0	0	0	0	0	0	0	0	0	0	0	0	0
141	0	0	472	0	0	0	0	0	0	0	472	0	0.0724002	0	0	0	0	0	0	0	0.0724002	0	1	0	0	0	0	0	0	0	0	36	0	0	0	0	0	0	0	36	0	1	0	0	0	0	0	0	0	0	59.3504	0	0	0	0	0	0	0	59.3504	0	1	0	0	0	0	0	0	0	0	126	0	0	0	0	0	0	0	126	0	1	0	0	0	0	0	0	0	0	0	0	0	0	0	0	0	0	0	0	0	0	0	0	0	0	0	0	0	0	0	0	0	0	0	0	0	0	0	0	0	0	0	0	0	0	0
142	0	0	454	0	0	0	0	0	0	0	454	0	0.0624577	0	0	0	0	0	0	0	0.0624577	0	1	0	0	0	0	0	0	0	0	39	0	0	0	0	0	0	0	39	0	1	0	0	0	0	0	0	0	0	59.0441	0	0	0	0	0	0	0	59.0441	0	1	0	0	0	0	0	0	0	0	127	0	0	0	0	0	0	0	127	0	1	0	0	0	0	0	0	0	0	0	0	0	0	0	0	0	0	0	0	0	0	0	0	0	0	0	0	0	0	0	0	0	0	0	0	0	0	0	0	0	0	0	0	0	0	0
143	0	0	449	0	0	0	0	0	0	0	449	0	0.0616053	0	0	0	0	0	0	0	0.0616053	0	1	0	0	0	0	0	0	0	0	43	0	0	0	0	0	0	0	43	0	1	0	0	0	0	0	0	0	0	57.7675	0	0	0	0	0	0	0	57.7675	0	1	0	0	0	0	0	0	0	0	122	0	0	0	0	0	0	0	122	0	1	0	0	0	0	0	0	0	0	0	0	0	0	0	0	0	0	0	0	0	0	0	0	0	0	0	0	0	0	0	0	0	0	0	0	0	0	0	0	0	0	0	0	0	0	0
144	0	0	474	0	0	0	0	0	0	0	474	0	0.0673929	0	0	0	0	0	0	0	0.0673929	0	1	0	0	0	0	0	0	0	0	43	0	0	0	0	0	0	0	43	0	1	0	0	0	0	0	0	0	0	58.0097	0	0	0	0	0	0	0	58.0097	0	1	0	0	0	0	0	0	0	0	120	0	0	0	0	0	0	0	120	0	1	0	0	0	0	0	0	0	0	0	0	0	0	0	0	0	0	0	0	0	0	0	0	0	0	0	0	0	0	0	0	0	0	0	0	0	0	0	0	0	0	0	0	0	0	0
145	0	0	473	0	0	0	0	0	0	0	473	0	0.0903757	0	0	0	0	0	0	0	0.0903757	0	1	0	0	0	0	0	0	0	0	44	0	0	0	0	0	0	0	44	0	1	0	0	0	0	0	0	0	0	58.3057	0	0	0	0	0	0	0	58.3057	0	1	0	0	0	0	0	0	0	0	119	0	0	0	0	0	0	0	119	0	1	0	0	0	0	0	0	0	0	0	0	0	0	0	0	0	0	0	0	0	0	0	0	0	0	0	0	0	0	0	0	0	0	0	0	0	0	0	0	0	0	0	0	0	0	0
146	0	0	480	0	0	0	0	0	0	0	480	0	0.0822246	0	0	0	0	0	0	0	0.0822246	0	1	0	0	0	0	0	0	0	0	43	0	0	0	0	0	0	0	43	0	1	0	0	0	0	0	0	0	0	58.5619	0	0	0	0	0	0	0	58.5619	0	1	0	0	0	0	0	0	0	0	121	0	0	0	0	0	0	0	121	0	1	0	0	0	0	0	0	0	0	0	0	0	0	0	0	0	0	0	0	0	0	0	0	0	0	0	0	0	0	0	0	0	0	0	0	0	0	0	0	0	0	0	0	0	0	0
147	0	0	482	0	0	0	0	0	0	0	482	0	0.110853	0	0	0	0	0	0	0	0.110853	0	1	0	0	0	0	0	0	0	0	47	0	0	0	0	0	0	0	47	0	1	0	0	0	0	0	0	0	0	59.2215	0	0	0	0	0	0	0	59.2215	0	1	0	0	0	0	0	0	0	0	120	0	0	0	0	0	0	0	120	0	1	0	0	0	0	0	0	0	0	0	0	0	0	0	0	0	0	0	0	0	0	0	0	0	0	0	0	0	0	0	0	0	0	0	0	0	0	0	0	0	0	0	0	0	0	0
148	0	0	490	0	0	0	0	0	0	0	490	0	0.0831061	0	0	0	0	0	0	0	0.0831061	0	1	0	0	0	0	0	0	0	0	45	0	0	0	0	0	0	0	45	0	1	0	0	0	0	0	0	0	0	60.1488	0	0	0	0	0	0	0	60.1488	0	1	0	0	0	0	0	0	0	0	127	0	0	0	0	0	0	0	127	0	1	0	0	0	0	0	0	0	0	0	0	0	0	0	0	0	0	0	0	0	0	0	0	0	0	0	0	0	0	0	0	0	0	0	0	0	0	0	0	0	0	0	0	0	0	0
149	0	0	435	0	0	0	0	0	0	0	435	0	0.0670537	0	0	0	0	0	0	0	0.0670537	0	1	0	0	0	0	0	0	0	0	44	0	0	0	0	0	0	0	44	0	1	0	0	0	0	0	0	0	0	54.6974	0	0	0	0	0	0	0	54.6974	0	1	0	0	0	0	0	0	0	0	125	0	0	0	0	0	0	0	125	0	1	0	0	0	0	0	0	0	0	0	0	0	0	0	0	0	0	0	0	0	0	0	0	0	0	0	0	0	0	0	0	0	0	0	0	0	0	0	0	0	0	0	0	0	0	0
150	0	0	442	0	0	0	0	0	0	0	442	0	0.0683254	0	0	0	0	0	0	0	0.0683254	0	1	0	0	0	0	0	0	0	0	43	0	0	0	0	0	0	0	43	0	1	0	0	0	0	0	0	0	0	56.4248	0	0	0	0	0	0	0	56.4248	0	1	0	0	0	0	0	0	0	0	127	0	0	0	0	0	0	0	127	0	1	0	0	0	0	0	0	0	0	0	0	0	0	0	0	0	0	0	0	0	0	0	0	0	0	0	0	0	0	0	0	0	0	0	0	0	0	0	0	0	0	0	0	0	0	0
151	0	0	451	0	0	0	0	0	0	0	451	0	0.0702666	0	0	0	0	0	0	0	0.0702666	0	1	0	0	0	0	0	0	0	0	42	0	0	0	0	0	0	0	42	0	1	0	0	0	0	0	0	0	0	57.1986	0	0	0	0	0	0	0	57.1986	0	1	0	0	0	0	0	0	0	0	129	0	0	0	0	0	0	0	129	0	1	0	0	0	0	0	0	0	0	0	0	0	0	0	0	0	0	0	0	0	0	0	0	0	0	0	0	0	0	0	0	0	0	0	0	0	0	0	0	0	0	0	0	0	0	0
152	0	0	448	0	0	0	0	0	0	0	448	0	0.0600203	0	0	0	0	0	0	0	0.0600203	0	1	0	0	0	0	0	0	0	0	39	0	0	0	0	0	0	0	39	0	1	0	0	0	0	0	0	0	0	57.4572	0	0	0	0	0	0	0	57.4572	0	1	0	0	0	0	0	0	0	0	134	0	0	0	0	0	0	0	134	0	1	0	0	0	0	0	0	0	0	0	0	0	0	0	0	0	0	0	0	0	0	0	0	0	0	0	0	0	0	0	0	0	0	0	0	0	0	0	0	0	0	0	0	0	0	0
153	0	0	466	0	0	0	0	0	0	0	466	0	0.0756759	0	0	0	0	0	0	0	0.0756759	0	1	0	0	0	0	0	0	0	0	40	0	0	0	0	0	0	0	40	0	1	0	0	0	0	0	0	0	0	56.9126	0	0	0	0	0	0	0	56.9126	0	1	0	0	0	0	0	0	0	0	129	0	0	0	0	0	0	0	129	0	1	0	0	0	0	0	0	0	0	0	0	0	0	0	0	0	0	0	0	0	0	0	0	0	0	0	0	0	0	0	0	0	0	0	0	0	0	0	0	0	0	0	0	0	0	0
154	0	0	475	0	0	0	0	0	0	0	475	0	0.0808481	0	0	0	0	0	0	0	0.0808481	0	1	0	0	0	0	0	0	0	0	38	0	0	0	0	0	0	0	38	0	1	0	0	0	0	0	0	0	0	57.5154	0	0	0	0	0	0	0	57.5154	0	1	0	0	0	0	0	0	0	0	130	0	0	0	0	0	0	0	130	0	1	0	0	0	0	0	0	0	0	0	0	0	0	0	0	0	0	0	0	0	0	0	0	0	0	0	0	0	0	0	0	0	0	0	0	0	0	0	0	0	0	0	0	0	0	0
155	0	0	472	0	0	0	0	0	0	0	472	0	0.0692228	0	0	0	0	0	0	0	0.0692228	0	1	0	0	0	0	0	0	0	0	36	0	0	0	0	0	0	0	36	0	1	0	0	0	0	0	0	0	0	58.4687	0	0	0	0	0	0	0	58.4687	0	1	0	0	0	0	0	0	0	0	132	0	0	0	0	0	0	0	132	0	1	0	0	0	0	0	0	0	0	0	0	0	0	0	0	0	0	0	0	0	0	0	0	0	0	0	0	0	0	0	0	0	0	0	0	0	0	0	0	0	0	0	0	0	0	0
156	0	0	469	0	0	0	0	0	0	0	469	0	0.0685153	0	0	0	0	0	0	0	0.0685153	0	1	0	0	0	0	0	0	0	0	40	0	0	0	0	0	0	0	40	0	1	0	0	0	0	0	0	0	0	58.2425	0	0	0	0	0	0	0	58.2425	0	1	0	0	0	0	0	0	0	0	128	0	0	0	0	0	0	0	128	0	1	0	0	0	0	0	0	0	0	0	0	0	0	0	0	0	0	0	0	0	0	0	0	0	0	0	0	0	0	0	0	0	0	0	0	0	0	0	0	0	0	0	0	0	0	0
157	0	0	500	0	0	0	0	0	0	0	500	0	0.0563057	0	0	0	0	0	0	0	0.0563057	0	1	0	0	0	0	0	0	0	0	37	0	0	0	0	0	0	0	37	0	1	0	0	0	0	0	0	0	0	60.4418	0	0	0	0	0	0	0	60.4418	0	1	0	0	0	0	0	0	0	0	129	0	0	0	0	0	0	0	129	0	1	0	0	0	0	0	0	0	0	0	0	0	0	0	0	0	0	0	0	0	0	0	0	0	0	0	0	0	0	0	0	0	0	0	0	0	0	0	0	0	0	0	0	0	0	0
158	0	0	481	0	0	0	0	0	0	0	481	0	0.0594391	0	0	0	0	0	0	0	0.0594391	0	1	0	0	0	0	0	0	0	0	38	0	0	0	0	0	0	0	38	0	1	0	0	0	0	0	0	0	0	59.7662	0	0	0	0	0	0	0	59.7662	0	1	0	0	0	0	0	0	0	0	127	0	0	0	0	0	0	0	127	0	1	0	0	0	0	0	0	0	0	0	0	0	0	0	0	0	0	0	0	0	0	0	0	0	0	0	0	0	0	0	0	0	0	0	0	0	0	0	0	0	0	0	0	0	0	0
159	0	0	510	0	0	0	0	0	0	0	510	0	0.0605855	0	0	0	0	0	0	0	0.0605855	0	1	0	0	0	0	0	0	0	0	44	0	0	0	0	0	0	0	44	0	1	0	0	0	0	0	0	0	0	59.7161	0	0	0	0	0	0	0	59.7161	0	1	0	0	0	0	0	0	0	0	131	0	0	0	0	0	0	0	131	0	1	0	0	0	0	0	0	0	0	0	0	0	0	0	0	0	0	0	0	0	0	0	0	0	0	0	0	0	0	0	0	0	0	0	0	0	0	0	0	0	0	0	0	0	0	0
160	0	0	505	0	0	0	0	0	0	0	505	0	0.0672241	0	0	0	0	0	0	0	0.0672241	0	1	0	0	0	0	0	0	0	0	47	0	0	0	0	0	0	0	47	0	1	0	0	0	0	0	0	0	0	60.9209	0	0	0	0	0	0	0	60.9209	0	1	0	0	0	0	0	0	0	0	129	0	0	0	0	0	0	0	129	0	1	0	0	0	0	0	0	0	0	0	0	0	0	0	0	0	0	0	0	0	0	0	0	0	0	0	0	0	0	0	0	0	0	0	0	0	0	0	0	0	0	0	0	0	0	0
161	0	0	500	0	0	0	0	0	0	0	500	0	0.0966386	0	0	0	0	0	0	0	0.0966386	0	1	0	0	0	0	0	0	0	0	50	0	0	0	0	0	0	0	50	0	1	0	0	0	0	0	0	0	0	60.2383	0	0	0	0	0	0	0	60.2383	0	1	0	0	0	0	0	0	0	0	126	0	0	0	0	0	0	0	126	0	1	0	0	0	0	0	0	0	0	0	0	0	0	0	0	0	0	0	0	0	0	0	0	0	0	0	0	0	0	0	0	0	0	0	0	0	0	0	0	0	0	0	0	0	0	0
162	0	0	497	0	0	0	0	0	0	0	497	0	0.0671088	0	0	0	0	0	0	0	0.0671088	0	1	0	0	0	0	0	0	0	0	45	0	0	0	0	0	0	0	45	0	1	0	0	0	0	0	0	0	0	60.1644	0	0	0	0	0	0	0	60.1644	0	1	0	0	0	0	0	0	0	0	130	0	0	0	0	0	0	0	130	0	1	0	0	0	0	0	0	0	0	0	0	0	0	0	0	0	0	0	0	0	0	0	0	0	0	0	0	0	0	0	0	0	0	0	0	0	0	0	0	0	0	0	0	0	0	0
163	0	0	486	0	0	0	0	0	0	0	486	0	0.0494097	0	0	0	0	0	0	0	0.0494097	0	1	0	0	0	0	0	0	0	0	45	0	0	0	0	0	0	0	45	0	1	0	0	0	0	0	0	0	0	59.7509	0	0	0	0	0	0	0	59.7509	0	1	0	0	0	0	0	0	0	0	133	0	0	0	0	0	0	0	133	0	1	0	0	0	0	0	0	0	0	0	0	0	0	0	0	0	0	0	0	0	0	0	0	0	0	0	0	0	0	0	0	0	0	0	0	0	0	0	0	0	0	0	0	0	0	0
164	0	0	464	0	0	0	0	0	0	0	464	0	0.0837312	0	0	0	0	0	0	0	0.0837312	0	1	0	0	0	0	0	0	0	0	53	0	0	0	0	0	0	0	53	0	1	0	0	0	0	0	0	0	0	58.4431	0	0	0	0	0	0	0	58.4431	0	1	0	0	0	0	0	0	0	0	128	0	0	0	0	0	0	0	128	0	1	0	0	0	0	0	0	0	0	0	0	0	0	0	0	0	0	0	0	0	0	0	0	0	0	0	0	0	0	0	0	0	0	0	0	0	0	0	0	0	0	0	0	0	0	0
165	0	0	466	0	0	0	0	0	0	0	466	0	0.115211	0	0	0	0	0	0	0	0.115211	0	1	0	0	0	0	0	0	0	0	59	0	0	0	0	0	0	0	59	0	1	0	0	0	0	0	0	0	0	57.7969	0	0	0	0	0	0	0	57.7969	0	1	0	0	0	0	0	0	0	0	127	0	0	0	0	0	0	0	127	0	1	0	0	0	0	0	0	0	0	0	0	0	0	0	0	0	0	0	0	0	0	0	0	0	0	0	0	0	0	0	0	0	0	0	0	0	0	0	0	0	0	0	0	0	0	0
166	0	0	497	0	0	0	0	0	0	0	497	0	0.0845467	0	0	0	0	0	0	0	0.0845467	0	1	0	0	0	0	0	0	0	0	52	0	0	0	0	0	0	0	52	0	1	0	0	0	0	0	0	0	0	58.096	0	0	0	0	0	0	0	58.096	0	1	0	0	0	0	0	0	0	0	136	0	0	0	0	0	0	0	136	0	1	0	0	0	0	0	0	0	0	0	0	0	0	0	0	0	0	0	0	0	0	0	0	0	0	0	0	0	0	0	0	0	0	0	0	0	0	0	0	0	0	0	0	0	0	0
167	0	0	485	0	0	0	0	0	0	0	485	0	0.120204	0	0	0	0	0	0	0	0.120204	0	1	0	0	0	0	0	0	0	0	63	0	0	0	0	0	0	0	63	0	1	0	0	0	0	0	0	0	0	57.927	0	0	0	0	0	0	0	57.927	0	1	0	0	0	0	0	0	0	0	137	0	0	0	0	0	0	0	137	0	1	0	0	0	0	0	0	0	0	0	0	0	0	0	0	0	0	0	0	0	0	0	0	0	0	0	0	0	0	0	0	0	0	0	0	0	0	0	0	0	0	0	0	0	0	0
168	0	0	498	0	0	0	0	0	0	0	498	0	0.105944	0	0	0	0	0	0	0	0.105944	0	1	0	0	0	0	0	0	0	0	58	0	0	0	0	0	0	0	58	0	1	0	0	0	0	0	0	0	0	59.9976	0	0	0	0	0	0	0	59.9976	0	1	0	0	0	0	0	0	0	0	143	0	0	0	0	0	0	0	143	0	1	0	0	0	0	0	0	0	0	0	0	0	0	0	0	0	0	0	0	0	0	0	0	0	0	0	0	0	0	0	0	0	0	0	0	0	0	0	0	0	0	0	0	0	0	0
169	0	0	512	0	0	0	0	0	0	0	512	0	0.062247	0	0	0	0	0	0	0	0.062247	0	1	0	0	0	0	0	0	0	0	54	0	0	0	0	0	0	0	54	0	1	0	0	0	0	0	0	0	0	60.7348	0	0	0	0	0	0	0	60.7348	0	1	0	0	0	0	0	0	0	0	146	0	0	0	0	0	0	0	146	0	1	0	0	0	0	0	0	0	0	0	0	0	0	0	0	0	0	0	0	0	0	0	0	0	0	0	0	0	0	0	0	0	0	0	0	0	0	0	0	0	0	0	0	0	0	0
170	0	0	487	0	0	0	0	0	0	0	487	0	0.111196	0	0	0	0	0	0	0	0.111196	0	1	0	0	0	0	0	0	0	0	67	0	0	0	0	0	0	0	67	0	1	0	0	0	0	0	0	0	0	57.706	0	0	0	0	0	0	0	57.706	0	1	0	0	0	0	0	0	0	0	136	0	0	0	0	0	0	0	136	0	1	0	0	0	0	0	0	0	0	0	0	0	0	0	0	0	0	0	0	0	0	0	0	0	0	0	0	0	0	0	0	0	0	0	0	0	0	0	0	0	0	0	0	0	0	0
171	0	0	469	0	0	0	0	0	0	0	469	0	0.125994	0	0	0	0	0	0	0	0.125994	0	1	0	0	0	0	0	0	0	0	68	0	0	0	0	0	0	0	68	0	1	0	0	0	0	0	0	0	0	55.2349	0	0	0	0	0	0	0	55.2349	0	1	0	0	0	0	0	0	0	0	133	0	0	0	0	0	0	0	133	0	1	0	0	0	0	0	0	0	0	0	0	0	0	0	0	0	0	0	0	0	0	0	0	0	0	0	0	0	0	0	0	0	0	0	0	0	0	0	0	0	0	0	0	0	0	0
172	0	0	477	0	0	0	0	0	0	0	477	0	0.138892	0	0	0	0	0	0	0	0.138892	0	1	0	0	0	0	0	0	0	0	67	0	0	0	0	0	0	0	67	0	1	0	0	0	0	0	0	0	0	56.5378	0	0	0	0	0	0	0	56.5378	0	1	0	0	0	0	0	0	0	0	136	0	0	0	0	0	0	0	136	0	1	0	0	0	0	0	0	0	0	0	0	0	0	0	0	0	0	0	0	0	0	0	0	0	0	0	0	0	0	0	0	0	0	0	0	0	0	0	0	0	0	0	0	0	0	0
173	0	0	476	0	0	0	0	0	0	0	476	0	0.134876	0	0	0	0	0	0	0	0.134876	0	1	0	0	0	0	0	0	0	0	65	0	0	0	0	0	0	0	65	0	1	0	0	0	0	0	0	0	0	56.3048	0	0	0	0	0	0	0	56.3048	0	1	0	0	0	0	0	0	0	0	143	0	0	0	0	0	0	0	143	0	1	0	0	0	0	0	0	0	0	0	0	0	0	0	0	0	0	0	0	0	0	0	0	0	0	0	0	0	0	0	0	0	0	0	0	0	0	0	0	0	0	0	0	0	0	0
174	0	0	454	0	0	0	0	0	0	0	454	0	0.104528	0	0	0	0	0	0	0	0.104528	0	1	0	0	0	0	0	0	0	0	61	0	0	0	0	0	0	0	61	0	1	0	0	0	0	0	0	0	0	54.1878	0	0	0	0	0	0	0	54.1878	0	1	0	0	0	0	0	0	0	0	146	0	0	0	0	0	0	0	146	0	1	0	0	0	0	0	0	0	0	0	0	0	0	0	0	0	0	0	0	0	0	0	0	0	0	0	0	0	0	0	0	0	0	0	0	0	0	0	0	0	0	0	0	0	0	0
175	0	0	463	0	0	0	0	0	0	0	463	0	0.0976812	0	0	0	0	0	0	0	0.0976812	0	1	0	0	0	0	0	0	0	0	62	0	0	0	0	0	0	0	62	0	1	0	0	0	0	0	0	0	0	54.6109	0	0	0	0	0	0	0	54.6109	0	1	0	0	0	0	0	0	0	0	147	0	0	0	0	0	0	0	147	0	1	0	0	0	0	0	0	0	0	0	0	0	0	0	0	0	0	0	0	0	0	0	0	0	0	0	0	0	0	0	0	0	0	0	0	0	0	0	0	0	0	0	0	0	0	0
176	0	0	468	0	0	0	0	0	0	0	468	0	0.0841782	0	0	0	0	0	0	0	0.0841782	0	1	0	0	0	0	0	0	0	0	56	0	0	0	0	0	0	0	56	0	1	0	0	0	0	0	0	0	0	56.3484	0	0	0	0	0	0	0	56.3484	0	1	0	0	0	0	0	0	0	0	152	0	0	0	0	0	0	0	152	0	1	0	0	0	0	0	0	0	0	0	0	0	0	0	0	0	0	0	0	0	0	0	0	0	0	0	0	0	0	0	0	0	0	0	0	0	0	0	0	0	0	0	0	0	0	0
177	0	0	447	0	0	0	0	0	0	0	447	0	0.0966571	0	0	0	0	0	0	0	0.0966571	0	1	0	0	0	0	0	0	0	0	62	0	0	0	0	0	0	0	62	0	1	0	0	0	0	0	0	0	0	55.0764	0	0	0	0	0	0	0	55.0764	0	1	0	0	0	0	0	0	0	0	153	0	0	0	0	0	0	0	153	0	1	0	0	0	0	0	0	0	0	0	0	0	0	0	0	0	0	0	0	0	0	0	0	0	0	0	0	0	0	0	0	0	0	0	0	0	0	0	0	0	0	0	0	0	0	0
178	0	0	430	0	0	0	0	0	0	0	430	0	0.107211	0	0	0	0	0	0	0	0.107211	0	1	0	0	0	0	0	0	0	0	64	0	0	0	0	0	0	0	64	0	1	0	0	0	0	0	0	0	0	53.7563	0	0	0	0	0	0	0	53.7563	0	1	0	0	0	0	0	0	0	0	152	0	0	0	0	0	0	0	152	0	1	0	0	0	0	0	0	0	0	0	0	0	0	0	0	0	0	0	0	0	0	0	0	0	0	0	0	0	0	0	0	0	0	0	0	0	0	0	0	0	0	0	0	0	0	0
179	0	0	440	0	0	0	0	0	0	0	440	0	0.09109	0	0	0	0	0	0	0	0.09109	0	1	0	0	0	0	0	0	0	0	60	0	0	0	0	0	0	0	60	0	1	0	0	0	0	0	0	0	0	53.5556	0	0	0	0	0	0	0	53.5556	0	1	0	0	0	0	0	0	0	0	156	0	0	0	0	0	0	0	156	0	1	0	0	0	0	0	0	0	0	0	0	0	0	0	0	0	0	0	0	0	0	0	0	0	0	0	0	0	0	0	0	0	0	0	0	0	0	0	0	0	0	0	0	0	0	0
180	0	0	460	0	0	0	0	0	0	0	460	0	0.125192	0	0	0	0	0	0	0	0.125192	0	1	0	0	0	0	0	0	0	0	60	0	0	0	0	0	0	0	60	0	1	0	0	0	0	0	0	0	0	54.719	0	0	0	0	0	0	0	54.719	0	1	0	0	0	0	0	0	0	0	156	0	0	0	0	0	0	0	156	0	1	0	0	0	0	0	0	0	0	0	0	0	0	0	0	0	0	0	0	0	0	0	0	0	0	0	0	0	0	0	0	0	0	0	0	0	0	0	0	0	0	0	0	0	0	0
181	0	0	447	0	0	0	0	0	0	0	447	0	0.118428	0	0	0	0	0	0	0	0.118428	0	1	0	0	0	0	0	0	0	0	56	0	0	0	0	0	0	0	56	0	1	0	0	0	0	0	0	0	0	55.8776	0	0	0	0	0	0	0	55.8776	0	1	0	0	0	0	0	0	0	0	162	0	0	0	0	0	0	0	162	0	1	0	0	0	0	0	0	0	0	0	0	0	0	0	0	0	0	0	0	0	0	0	0	0	0	0	0	0	0	0	0	0	0	0	0	0	0	0	0	0	0	0	0	0	0	0
182	0	0	488	0	0	0	0	0	0	0	488	0	0.10693	0	0	0	0	0	0	0	0.10693	0	1	0	0	0	0	0	0	0	0	49	0	0	0	0	0	0	0	49	0	1	0	0	0	0	0	0	0	0	57.4455	0	0	0	0	0	0	0	57.4455	0	1	0	0	0	0	0	0	0	0	162	0	0	0	0	0	0	0	162	0	1	0	0	0	0	0	0	0	0	0	0	0	0	0	0	0	0	0	0	0	0	0	0	0	0	0	0	0	0	0	0	0	0	0	0	0	0	0	0	0	0	0	0	0	0	0
183	0	0	463	0	0	0	0	0	0	0	463	0	0.0857005	0	0	0	0	0	0	0	0.0857005	0	1	0	0	0	0	0	0	0	0	56	0	0	0	0	0	0	0	56	0	1	0	0	0	0	0	0	0	0	57.2813	0	0	0	0	0	0	0	57.2813	0	1	0	0	0	0	0	0	0	0	165	0	0	0	0	0	0	0	165	0	1	0	0	0	0	0	0	0	0	0	0	0	0	0	0	0	0	0	0	0	0	0	0	0	0	0	0	0	0	0	0	0	0	0	0	0	0	0	0	0	0	0	0	0	0	0
184	0	0	466	0	0	0	0	0	0	0	466	0	0.0917816	0	0	0	0	0	0	0	0.0917816	0	1	0	0	0	0	0	0	0	0	53	0	0	0	0	0	0	0	53	0	1	0	0	0	0	0	0	0	0	58.068	0	0	0	0	0	0	0	58.068	0	1	0	0	0	0	0	0	0	0	162	0	0	0	0	0	0	0	162	0	1	0	0	0	0	0	0	0	0	0	0	0	0	0	0	0	0	0	0	0	0	0	0	0	0	0	0	0	0	0	0	0	0	0	0	0	0	0	0	0	0	0	0	0	0	0
185	0	0	448	0	0	0	0	0	0	0	448	0	0.0765488	0	0	0	0	0	0	0	0.0765488	0	1	0	0	0	0	0	0	0	0	53	0	0	0	0	0	0	0	53	0	1	0	0	0	0	0	0	0	0	57.5911	0	0	0	0	0	0	0	57.5911	0	1	0	0	0	0	0	0	0	0	164	0	0	0	0	0	0	0	164	0	1	0	0	0	0	0	0	0	0	0	0	0	0	0	0	0	0	0	0	0	0	0	0	0	0	0	0	0	0	0	0	0	0	0	0	0	0	0	0	0	0	0	0	0	0	0
186	0	0	460	0	0	0	0	0	0	0	460	0	0.106803	0	0	0	0	0	0	0	0.106803	0	1	0	0	0	0	0	0	0	0	55	0	0	0	0	0	0	0	55	0	1	0	0	0	0	0	0	0	0	58.8773	0	0	0	0	0	0	0	58.8773	0	1	0	0	0	0	0	0	0	0	161	0	0	0	0	0	0	0	161	0	1	0	0	0	0	0	0	0	0	0	0	0	0	0	0	0	0	0	0	0	0	0	0	0	0	0	0	0	0	0	0	0	0	0	0	0	0	0	0	0	0	0	0	0	0	0
187	0	0	482	0	0	0	0	0	0	0	482	0	0.0993981	0	0	0	0	0	0	0	0.0993981	0	1	0	0	0	0	0	0	0	0	46	0	0	0	0	0	0	0	46	0	1	0	0	0	0	0	0	0	0	59.4877	0	0	0	0	0	0	0	59.4877	0	1	0	0	0	0	0	0	0	0	162	0	0	0	0	0	0	0	162	0	1	0	0	0	0	0	0	0	0	0	0	0	0	0	0	0	0	0	0	0	0	0	0	0	0	0	0	0	0	0	0	0	0	0	0	0	0	0	0	0	0	0	0	0	0	0
188	0	0	471	0	0	0	0	0	0	0	471	0	0.0947251	0	0	0	0	0	0	0	0.0947251	0	1	0	0	0	0	0	0	0	0	47	0	0	0	0	0	0	0	47	0	1	0	0	0	0	0	0	0	0	58.241	0	0	0	0	0	0	0	58.241	0	1	0	0	0	0	0	0	0	0	161	0	0	0	0	0	0	0	161	0	1	0	0	0	0	0	0	0	0	0	0	0	0	0	0	0	0	0	0	0	0	0	0	0	0	0	0	0	0	0	0	0	0	0	0	0	0	0	0	0	0	0	0	0	0	0
189	0	0	481	0	0	0	0	0	0	0	481	0	0.102951	0	0	0	0	0	0	0	0.102951	0	1	0	0	0	0	0	0	0	0	48	0	0	0	0	0	0	0	48	0	1	0	0	0	0	0	0	0	0	59.2944	0	0	0	0	0	0	0	59.2944	0	1	0	0	0	0	0	0	0	0	160	0	0	0	0	0	0	0	160	0	1	0	0	0	0	0	0	0	0	0	0	0	0	0	0	0	0	0	0	0	0	0	0	0	0	0	0	0	0	0	0	0	0	0	0	0	0	0	0	0	0	0	0	0	0	0
190	0	0	483	0	0	0	0	0	0	0	483	0	0.078471	0	0	0	0	0	0	0	0.078471	0	1	0	0	0	0	0	0	0	0	40	0	0	0	0	0	0	0	40	0	1	0	0	0	0	0	0	0	0	62.0991	0	0	0	0	0	0	0	62.0991	0	1	0	0	0	0	0	0	0	0	166	0	0	0	0	0	0	0	166	0	1	0	0	0	0	0	0	0	0	0	0	0	0	0	0	0	0	0	0	0	0	0	0	0	0	0	0	0	0	0	0	0	0	0	0	0	0	0	0	0	0	0	0	0	0	0
191	0	0	470	0	0	0	0	0	0	0	470	0	0.0838724	0	0	0	0	0	0	0	0.0838724	0	1	0	0	0	0	0	0	0	0	41	0	0	0	0	0	0	0	41	0	1	0	0	0	0	0	0	0	0	59.8454	0	0	0	0	0	0	0	59.8454	0	1	0	0	0	0	0	0	0	0	160	0	0	0	0	0	0	0	160	0	1	0	0	0	0	0	0	0	0	0	0	0	0	0	0	0	0	0	0	0	0	0	0	0	0	0	0	0	0	0	0	0	0	0	0	0	0	0	0	0	0	0	0	0	0	0
192	0	0	479	0	0	0	0	0	0	0	479	0	0.0823904	0	0	0	0	0	0	0	0.0823904	0	1	0	0	0	0	0	0	0	0	43	0	0	0	0	0	0	0	43	0	1	0	0	0	0	0	0	0	0	61.415	0	0	0	0	0	0	0	61.415	0	1	0	0	0	0	0	0	0	0	163	0	0	0	0	0	0	0	163	0	1	0	0	0	0	0	0	0	0	0	0	0	0	0	0	0	0	0	0	0	0	0	0	0	0	0	0	0	0	0	0	0	0	0	0	0	0	0	0	0	0	0	0	0	0	0
193	0	0	490	0	0	0	0	0	0	0	490	0	0.0843745	0	0	0	0	0	0	0	0.0843745	0	1	0	0	0	0	0	0	0	0	41	0	0	0	0	0	0	0	41	0	1	0	0	0	0	0	0	0	0	62.9889	0	0	0	0	0	0	0	62.9889	0	1	0	0	0	0	0	0	0	0	160	0	0	0	0	0	0	0	160	0	1	0	0	0	0	0	0	0	0	0	0	0	0	0	0	0	0	0	0	0	0	0	0	0	0	0	0	0	0	0	0	0	0	0	0	0	0	0	0	0	0	0	0	0	0	0
194	0	0	476	0	0	0	0	0	0	0	476	0	0.0864206	0	0	0	0	0	0	0	0.0864206	0	1	0	0	0	0	0	0	0	0	42	0	0	0	0	0	0	0	42	0	1	0	0	0	0	0	0	0	0	63.5707	0	0	0	0	0	0	0	63.5707	0	1	0	0	0	0	0	0	0	0	155	0	0	0	0	0	0	0	155	0	1	0	0	0	0	0	0	0	0	0	0	0	0	0	0	0	0	0	0	0	0	0	0	0	0	0	0	0	0	0	0	0	0	0	0	0	0	0	0	0	0	0	0	0	0	0
195	0	0	502	0	0	0	0	0	0	0	502	0	0.100998	0	0	0	0	0	0	0	0.100998	0	1	0	0	0	0	0	0	0	0	41	0	0	0	0	0	0	0	41	0	1	0	0	0	0	0	0	0	0	66.4361	0	0	0	0	0	0	0	66.4361	0	1	0	0	0	0	0	0	0	0	158	0	0	0	0	0	0	0	158	0	1	0	0	0	0	0	0	0	0	0	0	0	0	0	0	0	0	0	0	0	0	0	0	0	0	0	0	0	0	0	0	0	0	0	0	0	0	0	0	0	0	0	0	0	0	0
196	0	0	503	0	0	0	0	0	0	0	503	0	0.0589389	0	0	0	0	0	0	0	0.0589389	0	1	0	0	0	0	0	0	0	0	31	0	0	0	0	0	0	0	31	0	1	0	0	0	0	0	0	0	0	66.2833	0	0	0	0	0	0	0	66.2833	0	1	0	0	0	0	0	0	0	0	160	0	0	0	0	0	0	0	160	0	1	0	0	0	0	0	0	0	0	0	0	0	0	0	0	0	0	0	0	0	0	0	0	0	0	0	0	0	0	0	0	0	0	0	0	0	0	0	0	0	0	0	0	0	0	0
197	0	0	500	0	0	0	0	0	0	0	500	0	0.0523919	0	0	0	0	0	0	0	0.0523919	0	1	0	0	0	0	0	0	0	0	31	0	0	0	0	0	0	0	31	0	1	0	0	0	0	0	0	0	0	67.3876	0	0	0	0	0	0	0	67.3876	0	1	0	0	0	0	0	0	0	0	156	0	0	0	0	0	0	0	156	0	1	0	0	0	0	0	0	0	0	0	0	0	0	0	0	0	0	0	0	0	0	0	0	0	0	0	0	0	0	0	0	0	0	0	0	0	0	0	0	0	0	0	0	0	0	0
198	0	0	508	0	0	0	0	0	0	0	508	0	0.061942	0	0	0	0	0	0	0	0.061942	0	1	0	0	0	0	0	0	0	0	34	0	0	0	0	0	0	0	34	0	1	0	0	0	0	0	0	0	0	68.7793	0	0	0	0	0	0	0	68.7793	0	1	0	0	0	0	0	0	0	0	153	0	0	0	0	0	0	0	153	0	1	0	0	0	0	0	0	0	0	0	0	0	0	0	0	0	0	0	0	0	0	0	0	0	0	0	0	0	0	0	0	0	0	0	0	0	0	0	0	0	0	0	0	0	0	0
199	0	0	518	0	0	0	0	0	0	0	518	0	0.0483107	0	0	0	0	0	0	0	0.0483107	0	1	0	0	0	0	0	0	0	0	32	0	0	0	0	0	0	0	32	0	1	0	0	0	0	0	0	0	0	69.2673	0	0	0	0	0	0	0	69.2673	0	1	0	0	0	0	0	0	0	0	153	0	0	0	0	0	0	0	153	0	1	0	0	0	0	0	0	0	0	0	0	0	0	0	0	0	0	0	0	0	0	0	0	0	0	0	0	0	0	0	0	0	0	0	0	0	0	0	0	0	0	0	0	0	0	0
200	0	0	497	0	0	0	0	0	0	0	497	0	0.0565962	0	0	0	0	0	0	0	0.0565962	0	1	0	0	0	0	0	0	0	0	31	0	0	0	0	0	0	0	31	0	1	0	0	0	0	0	0	0	0	67.426	0	0	0	0	0	0	0	67.426	0	1	0	0	0	0	0	0	0	0	149	0	0	0	0	0	0	0	149	0	1	0	0	0	0	0	0	0	0	0	0	0	0	0	0	0	0	0	0	0	0	0	0	0	0	0	0	0	0	0	0	0	0	0	0	0	0	0	0	0	0	0	0	0	0	0
