Location: Fake forest
From parameter file: C:\Users\ben\Desktop\inputs\input_GMF_1-0-0-0-0-0-0-0-0.xml
Basal area is normalized to m^2/ha; density to #/ha.
Subplots:
0 = Whole plot
Step	Subplot	Sdl Abs Den: ACRU	Sdl Abs Den: ACSA	Sdl Abs Den: BEAL	Sdl Abs Den: FAGR	Sdl Abs Den: TSCA	Sdl Abs Den: FRAM	Sdl Abs Den: PIST	Sdl Abs Den: PRSE	Sdl Abs Den: QURU	Sdl Den Total:	Sapl Abs BA: ACRU	Sapl Abs BA: ACSA	Sapl Abs BA: BEAL	Sapl Abs BA: FAGR	Sapl Abs BA: TSCA	Sapl Abs BA: FRAM	Sapl Abs BA: PIST	Sapl Abs BA: PRSE	Sapl Abs BA: QURU	Sapl BA Total:	Sapl Rel BA: ACRU	Sapl Rel BA: ACSA	Sapl Rel BA: BEAL	Sapl Rel BA: FAGR	Sapl Rel BA: TSCA	Sapl Rel BA: FRAM	Sapl Rel BA: PIST	Sapl Rel BA: PRSE	Sapl Rel BA: QURU	Sapl Abs Den: ACRU	Sapl Abs Den: ACSA	Sapl Abs Den: BEAL	Sapl Abs Den: FAGR	Sapl Abs Den: TSCA	Sapl Abs Den: FRAM	Sapl Abs Den: PIST	Sapl Abs Den: PRSE	Sapl Abs Den: QURU	Sapl Den Total:	Sapl Rel Den: ACRU	Sapl Rel Den: ACSA	Sapl Rel Den: BEAL	Sapl Rel Den: FAGR	Sapl Rel Den: TSCA	Sapl Rel Den: FRAM	Sapl Rel Den: PIST	Sapl Rel Den: PRSE	Sapl Rel Den: QURU	Adult Abs BA: ACRU	Adult Abs BA: ACSA	Adult Abs BA: BEAL	Adult Abs BA: FAGR	Adult Abs BA: TSCA	Adult Abs BA: FRAM	Adult Abs BA: PIST	Adult Abs BA: PRSE	Adult Abs BA: QURU	Adult BA Total:	Adult Rel BA: ACRU	Adult Rel BA: ACSA	Adult Rel BA: BEAL	Adult Rel BA: FAGR	Adult Rel BA: TSCA	Adult Rel BA: FRAM	Adult Rel BA: PIST	Adult Rel BA: PRSE	Adult Rel BA: QURU	Adult Abs Den: ACRU	Adult Abs Den: ACSA	Adult Abs Den: BEAL	Adult Abs Den: FAGR	Adult Abs Den: TSCA	Adult Abs Den: FRAM	Adult Abs Den: PIST	Adult Abs Den: PRSE	Adult Abs Den: QURU	Adult Den Total:	Adult Rel Den: ACRU	Adult Rel Den: ACSA	Adult Rel Den: BEAL	Adult Rel Den: FAGR	Adult Rel Den: TSCA	Adult Rel Den: FRAM	Adult Rel Den: PIST	Adult Rel Den: PRSE	Adult Rel Den: QURU	Snag Abs BA: ACRU	Snag Abs BA: ACSA	Snag Abs BA: BEAL	Snag Abs BA: FAGR	Snag Abs BA: TSCA	Snag Abs BA: FRAM	Snag Abs BA: PIST	Snag Abs BA: PRSE	Snag Abs BA: QURU	Snag BA Total:	Snag Rel BA: ACRU	Snag Rel BA: ACSA	Snag Rel BA: BEAL	Snag Rel BA: FAGR	Snag Rel BA: TSCA	Snag Rel BA: FRAM	Snag Rel BA: PIST	Snag Rel BA: PRSE	Snag Rel BA: QURU	Snag Abs Den: ACRU	Snag Abs Den: ACSA	Snag Abs Den: BEAL	Snag Abs Den: FAGR	Snag Abs Den: TSCA	Snag Abs Den: FRAM	Snag Abs Den: PIST	Snag Abs Den: PRSE	Snag Abs Den: QURU	Snag Den Total:	Snag Rel Den: ACRU	Snag Rel Den: ACSA	Snag Rel Den: BEAL	Snag Rel Den: FAGR	Snag Rel Den: TSCA	Snag Rel Den: FRAM	Snag Rel Den: PIST	Snag Rel Den: PRSE	Snag Rel Den: QURU
0	0	0	0	0	0	0	0	0	0	0	0	0.000964088	0	0	0	0	0	0	0	0	0.000964088	1	0	0	0	0	0	0	0	0	25	0	0	0	0	0	0	0	0	25	1	0	0	0	0	0	0	0	0	0	0	0	0	0	0	0	0	0	0	0	0	0	0	0	0	0	0	0	0	0	0	0	0	0	0	0	0	0	0	0	0	0	0	0	0	0	0	0	0	0	0	0	0	0	0	0	0	0	0	0	0	0	0	0	0	0	0	0	0	0	0	0	0	0	0	0	0	0	0	0	0	0	0	0	0
1	0	0	0	0	0	0	0	0	0	0	0	0.00363024	0	0	0	0	0	0	0	0	0.00363024	1	0	0	0	0	0	0	0	0	23	0	0	0	0	0	0	0	0	23	1	0	0	0	0	0	0	0	0	0	0	0	0	0	0	0	0	0	0	0	0	0	0	0	0	0	0	0	0	0	0	0	0	0	0	0	0	0	0	0	0	0	0	0	0	0	0	0	0	0	0	0	0	0	0	0	0	0	0	0	0	0	0	0	0	0	0	0	0	0	0	0	0	0	0	0	0	0	0	0	0	0	0	0	0
2	0	0	0	0	0	0	0	0	0	0	0	0.0149127	0	0	0	0	0	0	0	0	0.0149127	1	0	0	0	0	0	0	0	0	22	0	0	0	0	0	0	0	0	22	1	0	0	0	0	0	0	0	0	0	0	0	0	0	0	0	0	0	0	0	0	0	0	0	0	0	0	0	0	0	0	0	0	0	0	0	0	0	0	0	0	0	0	0	0	0	0	0	0	0	0	0	0	0	0	0	0	0	0	0	0	0	0	0	0	0	0	0	0	0	0	0	0	0	0	0	0	0	0	0	0	0	0	0	0
3	0	0	0	0	0	0	0	0	0	0	0	0.0642514	0	0	0	0	0	0	0	0	0.0642514	1	0	0	0	0	0	0	0	0	22	0	0	0	0	0	0	0	0	22	1	0	0	0	0	0	0	0	0	0	0	0	0	0	0	0	0	0	0	0	0	0	0	0	0	0	0	0	0	0	0	0	0	0	0	0	0	0	0	0	0	0	0	0	0	0	0	0	0	0	0	0	0	0	0	0	0	0	0	0	0	0	0	0	0	0	0	0	0	0	0	0	0	0	0	0	0	0	0	0	0	0	0	0	0
4	0	1	0	0	0	0	0	0	0	0	1	0.0489576	0	0	0	0	0	0	0	0	0.0489576	1	0	0	0	0	0	0	0	0	10	0	0	0	0	0	0	0	0	10	1	0	0	0	0	0	0	0	0	0.216796	0	0	0	0	0	0	0	0	0.216796	1	0	0	0	0	0	0	0	0	11	0	0	0	0	0	0	0	0	11	1	0	0	0	0	0	0	0	0	0	0	0	0	0	0	0	0	0	0	0	0	0	0	0	0	0	0	0	0	0	0	0	0	0	0	0	0	0	0	0	0	0	0	0	0	0	0
5	0	4	0	0	0	0	0	0	0	0	4	0.0161167	0	0	0	0	0	0	0	0	0.0161167	1	0	0	0	0	0	0	0	0	3	0	0	0	0	0	0	0	0	3	1	0	0	0	0	0	0	0	0	0.743681	0	0	0	0	0	0	0	0	0.743681	1	0	0	0	0	0	0	0	0	18	0	0	0	0	0	0	0	0	18	1	0	0	0	0	0	0	0	0	0	0	0	0	0	0	0	0	0	0	0	0	0	0	0	0	0	0	0	0	0	0	0	0	0	0	0	0	0	0	0	0	0	0	0	0	0	0
6	0	11	0	0	0	0	0	0	0	0	11	0	0	0	0	0	0	0	0	0	0	0	0	0	0	0	0	0	0	0	0	0	0	0	0	0	0	0	0	0	0	0	0	0	0	0	0	0	0	1.08655	0	0	0	0	0	0	0	0	1.08655	1	0	0	0	0	0	0	0	0	18	0	0	0	0	0	0	0	0	18	1	0	0	0	0	0	0	0	0	0	0	0	0	0	0	0	0	0	0	0	0	0	0	0	0	0	0	0	0	0	0	0	0	0	0	0	0	0	0	0	0	0	0	0	0	0	0
7	0	12	0	0	0	0	0	0	0	0	12	0.00013968	0	0	0	0	0	0	0	0	0.00013968	1	0	0	0	0	0	0	0	0	1	0	0	0	0	0	0	0	0	1	1	0	0	0	0	0	0	0	0	1.35872	0	0	0	0	0	0	0	0	1.35872	1	0	0	0	0	0	0	0	0	16	0	0	0	0	0	0	0	0	16	1	0	0	0	0	0	0	0	0	0	0	0	0	0	0	0	0	0	0	0	0	0	0	0	0	0	0	0	0	0	0	0	0	0	0	0	0	0	0	0	0	0	0	0	0	0	0
8	0	21	0	0	0	0	0	0	0	0	21	0.000736765	0	0	0	0	0	0	0	0	0.000736765	1	0	0	0	0	0	0	0	0	2	0	0	0	0	0	0	0	0	2	1	0	0	0	0	0	0	0	0	1.76343	0	0	0	0	0	0	0	0	1.76343	1	0	0	0	0	0	0	0	0	16	0	0	0	0	0	0	0	0	16	1	0	0	0	0	0	0	0	0	0	0	0	0	0	0	0	0	0	0	0	0	0	0	0	0	0	0	0	0	0	0	0	0	0	0	0	0	0	0	0	0	0	0	0	0	0	0
9	0	30	0	0	0	0	0	0	0	0	30	0.00343206	0	0	0	0	0	0	0	0	0.00343206	1	0	0	0	0	0	0	0	0	4	0	0	0	0	0	0	0	0	4	1	0	0	0	0	0	0	0	0	2.16119	0	0	0	0	0	0	0	0	2.16119	1	0	0	0	0	0	0	0	0	16	0	0	0	0	0	0	0	0	16	1	0	0	0	0	0	0	0	0	0	0	0	0	0	0	0	0	0	0	0	0	0	0	0	0	0	0	0	0	0	0	0	0	0	0	0	0	0	0	0	0	0	0	0	0	0	0
10	0	35	0	0	0	0	0	0	0	0	35	0.00410566	0	0	0	0	0	0	0	0	0.00410566	1	0	0	0	0	0	0	0	0	7	0	0	0	0	0	0	0	0	7	1	0	0	0	0	0	0	0	0	2.56608	0	0	0	0	0	0	0	0	2.56608	1	0	0	0	0	0	0	0	0	17	0	0	0	0	0	0	0	0	17	1	0	0	0	0	0	0	0	0	0	0	0	0	0	0	0	0	0	0	0	0	0	0	0	0	0	0	0	0	0	0	0	0	0	0	0	0	0	0	0	0	0	0	0	0	0	0
11	0	38	0	0	0	0	0	0	0	0	38	0.00827684	0	0	0	0	0	0	0	0	0.00827684	1	0	0	0	0	0	0	0	0	14	0	0	0	0	0	0	0	0	14	1	0	0	0	0	0	0	0	0	3.00333	0	0	0	0	0	0	0	0	3.00333	1	0	0	0	0	0	0	0	0	18	0	0	0	0	0	0	0	0	18	1	0	0	0	0	0	0	0	0	0	0	0	0	0	0	0	0	0	0	0	0	0	0	0	0	0	0	0	0	0	0	0	0	0	0	0	0	0	0	0	0	0	0	0	0	0	0
12	0	41	0	0	0	0	0	0	0	0	41	0.0153294	0	0	0	0	0	0	0	0	0.0153294	1	0	0	0	0	0	0	0	0	21	0	0	0	0	0	0	0	0	21	1	0	0	0	0	0	0	0	0	3.47235	0	0	0	0	0	0	0	0	3.47235	1	0	0	0	0	0	0	0	0	20	0	0	0	0	0	0	0	0	20	1	0	0	0	0	0	0	0	0	0	0	0	0	0	0	0	0	0	0	0	0	0	0	0	0	0	0	0	0	0	0	0	0	0	0	0	0	0	0	0	0	0	0	0	0	0	0
13	0	50	0	0	0	0	0	0	0	0	50	0.025542	0	0	0	0	0	0	0	0	0.025542	1	0	0	0	0	0	0	0	0	26	0	0	0	0	0	0	0	0	26	1	0	0	0	0	0	0	0	0	4.01078	0	0	0	0	0	0	0	0	4.01078	1	0	0	0	0	0	0	0	0	23	0	0	0	0	0	0	0	0	23	1	0	0	0	0	0	0	0	0	0	0	0	0	0	0	0	0	0	0	0	0	0	0	0	0	0	0	0	0	0	0	0	0	0	0	0	0	0	0	0	0	0	0	0	0	0	0
14	0	58	0	0	0	0	0	0	0	0	58	0.0267548	0	0	0	0	0	0	0	0	0.0267548	1	0	0	0	0	0	0	0	0	25	0	0	0	0	0	0	0	0	25	1	0	0	0	0	0	0	0	0	4.60573	0	0	0	0	0	0	0	0	4.60573	1	0	0	0	0	0	0	0	0	30	0	0	0	0	0	0	0	0	30	1	0	0	0	0	0	0	0	0	0	0	0	0	0	0	0	0	0	0	0	0	0	0	0	0	0	0	0	0	0	0	0	0	0	0	0	0	0	0	0	0	0	0	0	0	0	0
15	0	63	0	0	0	0	0	0	0	0	63	0.0257406	0	0	0	0	0	0	0	0	0.0257406	1	0	0	0	0	0	0	0	0	29	0	0	0	0	0	0	0	0	29	1	0	0	0	0	0	0	0	0	5.18932	0	0	0	0	0	0	0	0	5.18932	1	0	0	0	0	0	0	0	0	38	0	0	0	0	0	0	0	0	38	1	0	0	0	0	0	0	0	0	0	0	0	0	0	0	0	0	0	0	0	0	0	0	0	0	0	0	0	0	0	0	0	0	0	0	0	0	0	0	0	0	0	0	0	0	0	0
16	0	67	0	0	0	0	0	0	0	0	67	0.0231678	0	0	0	0	0	0	0	0	0.0231678	1	0	0	0	0	0	0	0	0	30	0	0	0	0	0	0	0	0	30	1	0	0	0	0	0	0	0	0	5.79968	0	0	0	0	0	0	0	0	5.79968	1	0	0	0	0	0	0	0	0	43	0	0	0	0	0	0	0	0	43	1	0	0	0	0	0	0	0	0	0	0	0	0	0	0	0	0	0	0	0	0	0	0	0	0	0	0	0	0	0	0	0	0	0	0	0	0	0	0	0	0	0	0	0	0	0	0
17	0	80	0	0	0	0	0	0	0	0	80	0.039987	0	0	0	0	0	0	0	0	0.039987	1	0	0	0	0	0	0	0	0	36	0	0	0	0	0	0	0	0	36	1	0	0	0	0	0	0	0	0	6.39902	0	0	0	0	0	0	0	0	6.39902	1	0	0	0	0	0	0	0	0	46	0	0	0	0	0	0	0	0	46	1	0	0	0	0	0	0	0	0	0	0	0	0	0	0	0	0	0	0	0	0	0	0	0	0	0	0	0	0	0	0	0	0	0	0	0	0	0	0	0	0	0	0	0	0	0	0
18	0	89	0	0	0	0	0	0	0	0	89	0.0421157	0	0	0	0	0	0	0	0	0.0421157	1	0	0	0	0	0	0	0	0	35	0	0	0	0	0	0	0	0	35	1	0	0	0	0	0	0	0	0	7.00302	0	0	0	0	0	0	0	0	7.00302	1	0	0	0	0	0	0	0	0	54	0	0	0	0	0	0	0	0	54	1	0	0	0	0	0	0	0	0	0	0	0	0	0	0	0	0	0	0	0	0	0	0	0	0	0	0	0	0	0	0	0	0	0	0	0	0	0	0	0	0	0	0	0	0	0	0
19	0	85	0	0	0	0	0	0	0	0	85	0.0404939	0	0	0	0	0	0	0	0	0.0404939	1	0	0	0	0	0	0	0	0	40	0	0	0	0	0	0	0	0	40	1	0	0	0	0	0	0	0	0	7.72154	0	0	0	0	0	0	0	0	7.72154	1	0	0	0	0	0	0	0	0	60	0	0	0	0	0	0	0	0	60	1	0	0	0	0	0	0	0	0	0	0	0	0	0	0	0	0	0	0	0	0	0	0	0	0	0	0	0	0	0	0	0	0	0	0	0	0	0	0	0	0	0	0	0	0	0	0
20	0	95	0	0	0	0	0	0	0	0	95	0.0741627	0	0	0	0	0	0	0	0	0.0741627	1	0	0	0	0	0	0	0	0	52	0	0	0	0	0	0	0	0	52	1	0	0	0	0	0	0	0	0	8.40104	0	0	0	0	0	0	0	0	8.40104	1	0	0	0	0	0	0	0	0	62	0	0	0	0	0	0	0	0	62	1	0	0	0	0	0	0	0	0	0	0	0	0	0	0	0	0	0	0	0	0	0	0	0	0	0	0	0	0	0	0	0	0	0	0	0	0	0	0	0	0	0	0	0	0	0	0
21	0	120	0	0	0	0	0	0	0	0	120	0.0880582	0	0	0	0	0	0	0	0	0.0880582	1	0	0	0	0	0	0	0	0	51	0	0	0	0	0	0	0	0	51	1	0	0	0	0	0	0	0	0	9.89296	0	0	0	0	0	0	0	0	9.89296	1	0	0	0	0	0	0	0	0	65	0	0	0	0	0	0	0	0	65	1	0	0	0	0	0	0	0	0	0	0	0	0	0	0	0	0	0	0	0	0	0	0	0	0	0	0	0	0	0	0	0	0	0	0	0	0	0	0	0	0	0	0	0	0	0	0
22	0	133	0	0	0	0	0	0	0	0	133	0.107336	0	0	0	0	0	0	0	0	0.107336	1	0	0	0	0	0	0	0	0	53	0	0	0	0	0	0	0	0	53	1	0	0	0	0	0	0	0	0	10.8676	0	0	0	0	0	0	0	0	10.8676	1	0	0	0	0	0	0	0	0	71	0	0	0	0	0	0	0	0	71	1	0	0	0	0	0	0	0	0	0	0	0	0	0	0	0	0	0	0	0	0	0	0	0	0	0	0	0	0	0	0	0	0	0	0	0	0	0	0	0	0	0	0	0	0	0	0
23	0	141	0	0	0	0	0	0	0	0	141	0.0712786	0	0	0	0	0	0	0	0	0.0712786	1	0	0	0	0	0	0	0	0	57	0	0	0	0	0	0	0	0	57	1	0	0	0	0	0	0	0	0	12.7895	0	0	0	0	0	0	0	0	12.7895	1	0	0	0	0	0	0	0	0	84	0	0	0	0	0	0	0	0	84	1	0	0	0	0	0	0	0	0	0	0	0	0	0	0	0	0	0	0	0	0	0	0	0	0	0	0	0	0	0	0	0	0	0	0	0	0	0	0	0	0	0	0	0	0	0	0
24	0	162	0	0	0	0	0	0	0	0	162	0.0786606	0	0	0	0	0	0	0	0	0.0786606	1	0	0	0	0	0	0	0	0	69	0	0	0	0	0	0	0	0	69	1	0	0	0	0	0	0	0	0	14.9014	0	0	0	0	0	0	0	0	14.9014	1	0	0	0	0	0	0	0	0	95	0	0	0	0	0	0	0	0	95	1	0	0	0	0	0	0	0	0	0	0	0	0	0	0	0	0	0	0	0	0	0	0	0	0	0	0	0	0	0	0	0	0	0	0	0	0	0	0	0	0	0	0	0	0	0	0
25	0	187	0	0	0	0	0	0	0	0	187	0.126881	0	0	0	0	0	0	0	0	0.126881	1	0	0	0	0	0	0	0	0	77	0	0	0	0	0	0	0	0	77	1	0	0	0	0	0	0	0	0	16.5678	0	0	0	0	0	0	0	0	16.5678	1	0	0	0	0	0	0	0	0	100	0	0	0	0	0	0	0	0	100	1	0	0	0	0	0	0	0	0	0	0	0	0	0	0	0	0	0	0	0	0	0	0	0	0	0	0	0	0	0	0	0	0	0	0	0	0	0	0	0	0	0	0	0	0	0	0
26	0	212	0	0	0	0	0	0	0	0	212	0.132318	0	0	0	0	0	0	0	0	0.132318	1	0	0	0	0	0	0	0	0	73	0	0	0	0	0	0	0	0	73	1	0	0	0	0	0	0	0	0	17.7526	0	0	0	0	0	0	0	0	17.7526	1	0	0	0	0	0	0	0	0	109	0	0	0	0	0	0	0	0	109	1	0	0	0	0	0	0	0	0	0	0	0	0	0	0	0	0	0	0	0	0	0	0	0	0	0	0	0	0	0	0	0	0	0	0	0	0	0	0	0	0	0	0	0	0	0	0
27	0	223	0	0	0	0	0	0	0	0	223	0.1588	0	0	0	0	0	0	0	0	0.1588	1	0	0	0	0	0	0	0	0	87	0	0	0	0	0	0	0	0	87	1	0	0	0	0	0	0	0	0	20.0796	0	0	0	0	0	0	0	0	20.0796	1	0	0	0	0	0	0	0	0	122	0	0	0	0	0	0	0	0	122	1	0	0	0	0	0	0	0	0	0	0	0	0	0	0	0	0	0	0	0	0	0	0	0	0	0	0	0	0	0	0	0	0	0	0	0	0	0	0	0	0	0	0	0	0	0	0
28	0	245	0	0	0	0	0	0	0	0	245	0.128523	0	0	0	0	0	0	0	0	0.128523	1	0	0	0	0	0	0	0	0	94	0	0	0	0	0	0	0	0	94	1	0	0	0	0	0	0	0	0	22.8983	0	0	0	0	0	0	0	0	22.8983	1	0	0	0	0	0	0	0	0	141	0	0	0	0	0	0	0	0	141	1	0	0	0	0	0	0	0	0	0	0	0	0	0	0	0	0	0	0	0	0	0	0	0	0	0	0	0	0	0	0	0	0	0	0	0	0	0	0	0	0	0	0	0	0	0	0
29	0	276	0	0	0	0	0	0	0	0	276	0.146422	0	0	0	0	0	0	0	0	0.146422	1	0	0	0	0	0	0	0	0	98	0	0	0	0	0	0	0	0	98	1	0	0	0	0	0	0	0	0	25.1181	0	0	0	0	0	0	0	0	25.1181	1	0	0	0	0	0	0	0	0	152	0	0	0	0	0	0	0	0	152	1	0	0	0	0	0	0	0	0	0	0	0	0	0	0	0	0	0	0	0	0	0	0	0	0	0	0	0	0	0	0	0	0	0	0	0	0	0	0	0	0	0	0	0	0	0	0
30	0	292	0	0	0	0	0	0	0	0	292	0.194077	0	0	0	0	0	0	0	0	0.194077	1	0	0	0	0	0	0	0	0	111	0	0	0	0	0	0	0	0	111	1	0	0	0	0	0	0	0	0	26.8998	0	0	0	0	0	0	0	0	26.8998	1	0	0	0	0	0	0	0	0	157	0	0	0	0	0	0	0	0	157	1	0	0	0	0	0	0	0	0	0	0	0	0	0	0	0	0	0	0	0	0	0	0	0	0	0	0	0	0	0	0	0	0	0	0	0	0	0	0	0	0	0	0	0	0	0	0
31	0	305	0	0	0	0	0	0	0	0	305	0.241616	0	0	0	0	0	0	0	0	0.241616	1	0	0	0	0	0	0	0	0	115	0	0	0	0	0	0	0	0	115	1	0	0	0	0	0	0	0	0	29.1329	0	0	0	0	0	0	0	0	29.1329	1	0	0	0	0	0	0	0	0	164	0	0	0	0	0	0	0	0	164	1	0	0	0	0	0	0	0	0	0	0	0	0	0	0	0	0	0	0	0	0	0	0	0	0	0	0	0	0	0	0	0	0	0	0	0	0	0	0	0	0	0	0	0	0	0	0
32	0	343	0	0	0	0	0	0	0	0	343	0.190737	0	0	0	0	0	0	0	0	0.190737	1	0	0	0	0	0	0	0	0	108	0	0	0	0	0	0	0	0	108	1	0	0	0	0	0	0	0	0	31.4045	0	0	0	0	0	0	0	0	31.4045	1	0	0	0	0	0	0	0	0	177	0	0	0	0	0	0	0	0	177	1	0	0	0	0	0	0	0	0	0	0	0	0	0	0	0	0	0	0	0	0	0	0	0	0	0	0	0	0	0	0	0	0	0	0	0	0	0	0	0	0	0	0	0	0	0	0
33	0	366	0	0	0	0	0	0	0	0	366	0.240038	0	0	0	0	0	0	0	0	0.240038	1	0	0	0	0	0	0	0	0	121	0	0	0	0	0	0	0	0	121	1	0	0	0	0	0	0	0	0	34.4299	0	0	0	0	0	0	0	0	34.4299	1	0	0	0	0	0	0	0	0	183	0	0	0	0	0	0	0	0	183	1	0	0	0	0	0	0	0	0	0	0	0	0	0	0	0	0	0	0	0	0	0	0	0	0	0	0	0	0	0	0	0	0	0	0	0	0	0	0	0	0	0	0	0	0	0	0
34	0	372	0	0	0	0	0	0	0	0	372	0.18477	0	0	0	0	0	0	0	0	0.18477	1	0	0	0	0	0	0	0	0	116	0	0	0	0	0	0	0	0	116	1	0	0	0	0	0	0	0	0	36.9969	0	0	0	0	0	0	0	0	36.9969	1	0	0	0	0	0	0	0	0	199	0	0	0	0	0	0	0	0	199	1	0	0	0	0	0	0	0	0	0	0	0	0	0	0	0	0	0	0	0	0	0	0	0	0	0	0	0	0	0	0	0	0	0	0	0	0	0	0	0	0	0	0	0	0	0	0
35	0	368	0	0	0	0	0	0	0	0	368	0.172284	0	0	0	0	0	0	0	0	0.172284	1	0	0	0	0	0	0	0	0	115	0	0	0	0	0	0	0	0	115	1	0	0	0	0	0	0	0	0	38.1628	0	0	0	0	0	0	0	0	38.1628	1	0	0	0	0	0	0	0	0	201	0	0	0	0	0	0	0	0	201	1	0	0	0	0	0	0	0	0	0	0	0	0	0	0	0	0	0	0	0	0	0	0	0	0	0	0	0	0	0	0	0	0	0	0	0	0	0	0	0	0	0	0	0	0	0	0
36	0	371	0	0	0	0	0	0	0	0	371	0.189382	0	0	0	0	0	0	0	0	0.189382	1	0	0	0	0	0	0	0	0	116	0	0	0	0	0	0	0	0	116	1	0	0	0	0	0	0	0	0	39.588	0	0	0	0	0	0	0	0	39.588	1	0	0	0	0	0	0	0	0	201	0	0	0	0	0	0	0	0	201	1	0	0	0	0	0	0	0	0	0	0	0	0	0	0	0	0	0	0	0	0	0	0	0	0	0	0	0	0	0	0	0	0	0	0	0	0	0	0	0	0	0	0	0	0	0	0
37	0	375	0	0	0	0	0	0	0	0	375	0.204244	0	0	0	0	0	0	0	0	0.204244	1	0	0	0	0	0	0	0	0	126	0	0	0	0	0	0	0	0	126	1	0	0	0	0	0	0	0	0	41.1608	0	0	0	0	0	0	0	0	41.1608	1	0	0	0	0	0	0	0	0	206	0	0	0	0	0	0	0	0	206	1	0	0	0	0	0	0	0	0	0	0	0	0	0	0	0	0	0	0	0	0	0	0	0	0	0	0	0	0	0	0	0	0	0	0	0	0	0	0	0	0	0	0	0	0	0	0
38	0	381	0	0	0	0	0	0	0	0	381	0.272829	0	0	0	0	0	0	0	0	0.272829	1	0	0	0	0	0	0	0	0	133	0	0	0	0	0	0	0	0	133	1	0	0	0	0	0	0	0	0	44.3309	0	0	0	0	0	0	0	0	44.3309	1	0	0	0	0	0	0	0	0	207	0	0	0	0	0	0	0	0	207	1	0	0	0	0	0	0	0	0	0	0	0	0	0	0	0	0	0	0	0	0	0	0	0	0	0	0	0	0	0	0	0	0	0	0	0	0	0	0	0	0	0	0	0	0	0	0
39	0	399	0	0	0	0	0	0	0	0	399	0.217752	0	0	0	0	0	0	0	0	0.217752	1	0	0	0	0	0	0	0	0	111	0	0	0	0	0	0	0	0	111	1	0	0	0	0	0	0	0	0	45.8966	0	0	0	0	0	0	0	0	45.8966	1	0	0	0	0	0	0	0	0	221	0	0	0	0	0	0	0	0	221	1	0	0	0	0	0	0	0	0	0	0	0	0	0	0	0	0	0	0	0	0	0	0	0	0	0	0	0	0	0	0	0	0	0	0	0	0	0	0	0	0	0	0	0	0	0	0
40	0	401	0	0	0	0	0	0	0	0	401	0.166574	0	0	0	0	0	0	0	0	0.166574	1	0	0	0	0	0	0	0	0	105	0	0	0	0	0	0	0	0	105	1	0	0	0	0	0	0	0	0	48.0722	0	0	0	0	0	0	0	0	48.0722	1	0	0	0	0	0	0	0	0	227	0	0	0	0	0	0	0	0	227	1	0	0	0	0	0	0	0	0	0	0	0	0	0	0	0	0	0	0	0	0	0	0	0	0	0	0	0	0	0	0	0	0	0	0	0	0	0	0	0	0	0	0	0	0	0	0
41	0	412	0	0	0	0	0	0	0	0	412	0.196002	0	0	0	0	0	0	0	0	0.196002	1	0	0	0	0	0	0	0	0	108	0	0	0	0	0	0	0	0	108	1	0	0	0	0	0	0	0	0	48.9534	0	0	0	0	0	0	0	0	48.9534	1	0	0	0	0	0	0	0	0	227	0	0	0	0	0	0	0	0	227	1	0	0	0	0	0	0	0	0	0	0	0	0	0	0	0	0	0	0	0	0	0	0	0	0	0	0	0	0	0	0	0	0	0	0	0	0	0	0	0	0	0	0	0	0	0	0
42	0	411	0	0	0	0	0	0	0	0	411	0.188579	0	0	0	0	0	0	0	0	0.188579	1	0	0	0	0	0	0	0	0	98	0	0	0	0	0	0	0	0	98	1	0	0	0	0	0	0	0	0	48.9394	0	0	0	0	0	0	0	0	48.9394	1	0	0	0	0	0	0	0	0	225	0	0	0	0	0	0	0	0	225	1	0	0	0	0	0	0	0	0	0	0	0	0	0	0	0	0	0	0	0	0	0	0	0	0	0	0	0	0	0	0	0	0	0	0	0	0	0	0	0	0	0	0	0	0	0	0
43	0	416	0	0	0	0	0	0	0	0	416	0.202999	0	0	0	0	0	0	0	0	0.202999	1	0	0	0	0	0	0	0	0	97	0	0	0	0	0	0	0	0	97	1	0	0	0	0	0	0	0	0	49.6109	0	0	0	0	0	0	0	0	49.6109	1	0	0	0	0	0	0	0	0	215	0	0	0	0	0	0	0	0	215	1	0	0	0	0	0	0	0	0	0	0	0	0	0	0	0	0	0	0	0	0	0	0	0	0	0	0	0	0	0	0	0	0	0	0	0	0	0	0	0	0	0	0	0	0	0	0
44	0	419	0	0	0	0	0	0	0	0	419	0.193857	0	0	0	0	0	0	0	0	0.193857	1	0	0	0	0	0	0	0	0	86	0	0	0	0	0	0	0	0	86	1	0	0	0	0	0	0	0	0	50.4537	0	0	0	0	0	0	0	0	50.4537	1	0	0	0	0	0	0	0	0	219	0	0	0	0	0	0	0	0	219	1	0	0	0	0	0	0	0	0	0	0	0	0	0	0	0	0	0	0	0	0	0	0	0	0	0	0	0	0	0	0	0	0	0	0	0	0	0	0	0	0	0	0	0	0	0	0
45	0	452	0	0	0	0	0	0	0	0	452	0.140171	0	0	0	0	0	0	0	0	0.140171	1	0	0	0	0	0	0	0	0	79	0	0	0	0	0	0	0	0	79	1	0	0	0	0	0	0	0	0	54.0458	0	0	0	0	0	0	0	0	54.0458	1	0	0	0	0	0	0	0	0	225	0	0	0	0	0	0	0	0	225	1	0	0	0	0	0	0	0	0	0	0	0	0	0	0	0	0	0	0	0	0	0	0	0	0	0	0	0	0	0	0	0	0	0	0	0	0	0	0	0	0	0	0	0	0	0	0
46	0	446	0	0	0	0	0	0	0	0	446	0.146515	0	0	0	0	0	0	0	0	0.146515	1	0	0	0	0	0	0	0	0	77	0	0	0	0	0	0	0	0	77	1	0	0	0	0	0	0	0	0	56.5052	0	0	0	0	0	0	0	0	56.5052	1	0	0	0	0	0	0	0	0	220	0	0	0	0	0	0	0	0	220	1	0	0	0	0	0	0	0	0	0	0	0	0	0	0	0	0	0	0	0	0	0	0	0	0	0	0	0	0	0	0	0	0	0	0	0	0	0	0	0	0	0	0	0	0	0	0
47	0	463	0	0	0	0	0	0	0	0	463	0.149753	0	0	0	0	0	0	0	0	0.149753	1	0	0	0	0	0	0	0	0	75	0	0	0	0	0	0	0	0	75	1	0	0	0	0	0	0	0	0	59.5075	0	0	0	0	0	0	0	0	59.5075	1	0	0	0	0	0	0	0	0	219	0	0	0	0	0	0	0	0	219	1	0	0	0	0	0	0	0	0	0	0	0	0	0	0	0	0	0	0	0	0	0	0	0	0	0	0	0	0	0	0	0	0	0	0	0	0	0	0	0	0	0	0	0	0	0	0
48	0	475	0	0	0	0	0	0	0	0	475	0.143246	0	0	0	0	0	0	0	0	0.143246	1	0	0	0	0	0	0	0	0	71	0	0	0	0	0	0	0	0	71	1	0	0	0	0	0	0	0	0	62.403	0	0	0	0	0	0	0	0	62.403	1	0	0	0	0	0	0	0	0	219	0	0	0	0	0	0	0	0	219	1	0	0	0	0	0	0	0	0	0	0	0	0	0	0	0	0	0	0	0	0	0	0	0	0	0	0	0	0	0	0	0	0	0	0	0	0	0	0	0	0	0	0	0	0	0	0
49	0	447	0	0	0	0	0	0	0	0	447	0.120967	0	0	0	0	0	0	0	0	0.120967	1	0	0	0	0	0	0	0	0	59	0	0	0	0	0	0	0	0	59	1	0	0	0	0	0	0	0	0	65.4165	0	0	0	0	0	0	0	0	65.4165	1	0	0	0	0	0	0	0	0	224	0	0	0	0	0	0	0	0	224	1	0	0	0	0	0	0	0	0	0	0	0	0	0	0	0	0	0	0	0	0	0	0	0	0	0	0	0	0	0	0	0	0	0	0	0	0	0	0	0	0	0	0	0	0	0	0
50	0	450	0	0	0	0	0	0	0	0	450	0.104213	0	0	0	0	0	0	0	0	0.104213	1	0	0	0	0	0	0	0	0	49	0	0	0	0	0	0	0	0	49	1	0	0	0	0	0	0	0	0	64.8098	0	0	0	0	0	0	0	0	64.8098	1	0	0	0	0	0	0	0	0	222	0	0	0	0	0	0	0	0	222	1	0	0	0	0	0	0	0	0	0	0	0	0	0	0	0	0	0	0	0	0	0	0	0	0	0	0	0	0	0	0	0	0	0	0	0	0	0	0	0	0	0	0	0	0	0	0
51	0	459	0	0	0	0	0	0	0	0	459	0.0865398	0	0	0	0	0	0	0	0	0.0865398	1	0	0	0	0	0	0	0	0	39	0	0	0	0	0	0	0	0	39	1	0	0	0	0	0	0	0	0	65.8457	0	0	0	0	0	0	0	0	65.8457	1	0	0	0	0	0	0	0	0	218	0	0	0	0	0	0	0	0	218	1	0	0	0	0	0	0	0	0	0	0	0	0	0	0	0	0	0	0	0	0	0	0	0	0	0	0	0	0	0	0	0	0	0	0	0	0	0	0	0	0	0	0	0	0	0	0
52	0	468	0	0	0	0	0	0	0	0	468	0.0935604	0	0	0	0	0	0	0	0	0.0935604	1	0	0	0	0	0	0	0	0	36	0	0	0	0	0	0	0	0	36	1	0	0	0	0	0	0	0	0	66.6156	0	0	0	0	0	0	0	0	66.6156	1	0	0	0	0	0	0	0	0	214	0	0	0	0	0	0	0	0	214	1	0	0	0	0	0	0	0	0	0	0	0	0	0	0	0	0	0	0	0	0	0	0	0	0	0	0	0	0	0	0	0	0	0	0	0	0	0	0	0	0	0	0	0	0	0	0
53	0	491	0	0	0	0	0	0	0	0	491	0.0751256	0	0	0	0	0	0	0	0	0.0751256	1	0	0	0	0	0	0	0	0	29	0	0	0	0	0	0	0	0	29	1	0	0	0	0	0	0	0	0	69.2032	0	0	0	0	0	0	0	0	69.2032	1	0	0	0	0	0	0	0	0	209	0	0	0	0	0	0	0	0	209	1	0	0	0	0	0	0	0	0	0	0	0	0	0	0	0	0	0	0	0	0	0	0	0	0	0	0	0	0	0	0	0	0	0	0	0	0	0	0	0	0	0	0	0	0	0	0
54	0	486	0	0	0	0	0	0	0	0	486	0.0686479	0	0	0	0	0	0	0	0	0.0686479	1	0	0	0	0	0	0	0	0	26	0	0	0	0	0	0	0	0	26	1	0	0	0	0	0	0	0	0	69.9201	0	0	0	0	0	0	0	0	69.9201	1	0	0	0	0	0	0	0	0	204	0	0	0	0	0	0	0	0	204	1	0	0	0	0	0	0	0	0	0	0	0	0	0	0	0	0	0	0	0	0	0	0	0	0	0	0	0	0	0	0	0	0	0	0	0	0	0	0	0	0	0	0	0	0	0	0
55	0	490	0	0	0	0	0	0	0	0	490	0.0455344	0	0	0	0	0	0	0	0	0.0455344	1	0	0	0	0	0	0	0	0	19	0	0	0	0	0	0	0	0	19	1	0	0	0	0	0	0	0	0	69.0931	0	0	0	0	0	0	0	0	69.0931	1	0	0	0	0	0	0	0	0	198	0	0	0	0	0	0	0	0	198	1	0	0	0	0	0	0	0	0	0	0	0	0	0	0	0	0	0	0	0	0	0	0	0	0	0	0	0	0	0	0	0	0	0	0	0	0	0	0	0	0	0	0	0	0	0	0
56	0	491	0	0	0	0	0	0	0	0	491	0.0536934	0	0	0	0	0	0	0	0	0.0536934	1	0	0	0	0	0	0	0	0	20	0	0	0	0	0	0	0	0	20	1	0	0	0	0	0	0	0	0	68.7274	0	0	0	0	0	0	0	0	68.7274	1	0	0	0	0	0	0	0	0	185	0	0	0	0	0	0	0	0	185	1	0	0	0	0	0	0	0	0	0	0	0	0	0	0	0	0	0	0	0	0	0	0	0	0	0	0	0	0	0	0	0	0	0	0	0	0	0	0	0	0	0	0	0	0	0	0
57	0	474	0	0	0	0	0	0	0	0	474	0.0526826	0	0	0	0	0	0	0	0	0.0526826	1	0	0	0	0	0	0	0	0	21	0	0	0	0	0	0	0	0	21	1	0	0	0	0	0	0	0	0	67.3629	0	0	0	0	0	0	0	0	67.3629	1	0	0	0	0	0	0	0	0	173	0	0	0	0	0	0	0	0	173	1	0	0	0	0	0	0	0	0	0	0	0	0	0	0	0	0	0	0	0	0	0	0	0	0	0	0	0	0	0	0	0	0	0	0	0	0	0	0	0	0	0	0	0	0	0	0
58	0	487	0	0	0	0	0	0	0	0	487	0.0443303	0	0	0	0	0	0	0	0	0.0443303	1	0	0	0	0	0	0	0	0	20	0	0	0	0	0	0	0	0	20	1	0	0	0	0	0	0	0	0	67.2955	0	0	0	0	0	0	0	0	67.2955	1	0	0	0	0	0	0	0	0	168	0	0	0	0	0	0	0	0	168	1	0	0	0	0	0	0	0	0	0	0	0	0	0	0	0	0	0	0	0	0	0	0	0	0	0	0	0	0	0	0	0	0	0	0	0	0	0	0	0	0	0	0	0	0	0	0
59	0	483	0	0	0	0	0	0	0	0	483	0.0450758	0	0	0	0	0	0	0	0	0.0450758	1	0	0	0	0	0	0	0	0	21	0	0	0	0	0	0	0	0	21	1	0	0	0	0	0	0	0	0	65.326	0	0	0	0	0	0	0	0	65.326	1	0	0	0	0	0	0	0	0	161	0	0	0	0	0	0	0	0	161	1	0	0	0	0	0	0	0	0	0	0	0	0	0	0	0	0	0	0	0	0	0	0	0	0	0	0	0	0	0	0	0	0	0	0	0	0	0	0	0	0	0	0	0	0	0	0
60	0	487	0	0	0	0	0	0	0	0	487	0.0551627	0	0	0	0	0	0	0	0	0.0551627	1	0	0	0	0	0	0	0	0	21	0	0	0	0	0	0	0	0	21	1	0	0	0	0	0	0	0	0	65.3384	0	0	0	0	0	0	0	0	65.3384	1	0	0	0	0	0	0	0	0	152	0	0	0	0	0	0	0	0	152	1	0	0	0	0	0	0	0	0	0	0	0	0	0	0	0	0	0	0	0	0	0	0	0	0	0	0	0	0	0	0	0	0	0	0	0	0	0	0	0	0	0	0	0	0	0	0
61	0	458	0	0	0	0	0	0	0	0	458	0.0405913	0	0	0	0	0	0	0	0	0.0405913	1	0	0	0	0	0	0	0	0	18	0	0	0	0	0	0	0	0	18	1	0	0	0	0	0	0	0	0	65.0489	0	0	0	0	0	0	0	0	65.0489	1	0	0	0	0	0	0	0	0	153	0	0	0	0	0	0	0	0	153	1	0	0	0	0	0	0	0	0	0	0	0	0	0	0	0	0	0	0	0	0	0	0	0	0	0	0	0	0	0	0	0	0	0	0	0	0	0	0	0	0	0	0	0	0	0	0
62	0	474	0	0	0	0	0	0	0	0	474	0.0405654	0	0	0	0	0	0	0	0	0.0405654	1	0	0	0	0	0	0	0	0	22	0	0	0	0	0	0	0	0	22	1	0	0	0	0	0	0	0	0	65.6596	0	0	0	0	0	0	0	0	65.6596	1	0	0	0	0	0	0	0	0	152	0	0	0	0	0	0	0	0	152	1	0	0	0	0	0	0	0	0	0	0	0	0	0	0	0	0	0	0	0	0	0	0	0	0	0	0	0	0	0	0	0	0	0	0	0	0	0	0	0	0	0	0	0	0	0	0
63	0	466	0	0	0	0	0	0	0	0	466	0.0311394	0	0	0	0	0	0	0	0	0.0311394	1	0	0	0	0	0	0	0	0	20	0	0	0	0	0	0	0	0	20	1	0	0	0	0	0	0	0	0	64.1908	0	0	0	0	0	0	0	0	64.1908	1	0	0	0	0	0	0	0	0	147	0	0	0	0	0	0	0	0	147	1	0	0	0	0	0	0	0	0	0	0	0	0	0	0	0	0	0	0	0	0	0	0	0	0	0	0	0	0	0	0	0	0	0	0	0	0	0	0	0	0	0	0	0	0	0	0
64	0	481	0	0	0	0	0	0	0	0	481	0.0327431	0	0	0	0	0	0	0	0	0.0327431	1	0	0	0	0	0	0	0	0	23	0	0	0	0	0	0	0	0	23	1	0	0	0	0	0	0	0	0	64.2121	0	0	0	0	0	0	0	0	64.2121	1	0	0	0	0	0	0	0	0	143	0	0	0	0	0	0	0	0	143	1	0	0	0	0	0	0	0	0	0	0	0	0	0	0	0	0	0	0	0	0	0	0	0	0	0	0	0	0	0	0	0	0	0	0	0	0	0	0	0	0	0	0	0	0	0	0
65	0	472	0	0	0	0	0	0	0	0	472	0.0524402	0	0	0	0	0	0	0	0	0.0524402	1	0	0	0	0	0	0	0	0	28	0	0	0	0	0	0	0	0	28	1	0	0	0	0	0	0	0	0	62.8783	0	0	0	0	0	0	0	0	62.8783	1	0	0	0	0	0	0	0	0	137	0	0	0	0	0	0	0	0	137	1	0	0	0	0	0	0	0	0	0	0	0	0	0	0	0	0	0	0	0	0	0	0	0	0	0	0	0	0	0	0	0	0	0	0	0	0	0	0	0	0	0	0	0	0	0	0
66	0	468	0	0	0	0	0	0	0	0	468	0.0548762	0	0	0	0	0	0	0	0	0.0548762	1	0	0	0	0	0	0	0	0	27	0	0	0	0	0	0	0	0	27	1	0	0	0	0	0	0	0	0	61.3035	0	0	0	0	0	0	0	0	61.3035	1	0	0	0	0	0	0	0	0	135	0	0	0	0	0	0	0	0	135	1	0	0	0	0	0	0	0	0	0	0	0	0	0	0	0	0	0	0	0	0	0	0	0	0	0	0	0	0	0	0	0	0	0	0	0	0	0	0	0	0	0	0	0	0	0	0
67	0	464	0	0	0	0	0	0	0	0	464	0.0504066	0	0	0	0	0	0	0	0	0.0504066	1	0	0	0	0	0	0	0	0	26	0	0	0	0	0	0	0	0	26	1	0	0	0	0	0	0	0	0	60.526	0	0	0	0	0	0	0	0	60.526	1	0	0	0	0	0	0	0	0	131	0	0	0	0	0	0	0	0	131	1	0	0	0	0	0	0	0	0	0	0	0	0	0	0	0	0	0	0	0	0	0	0	0	0	0	0	0	0	0	0	0	0	0	0	0	0	0	0	0	0	0	0	0	0	0	0
68	0	460	0	0	0	0	0	0	0	0	460	0.0353945	0	0	0	0	0	0	0	0	0.0353945	1	0	0	0	0	0	0	0	0	30	0	0	0	0	0	0	0	0	30	1	0	0	0	0	0	0	0	0	60.4557	0	0	0	0	0	0	0	0	60.4557	1	0	0	0	0	0	0	0	0	133	0	0	0	0	0	0	0	0	133	1	0	0	0	0	0	0	0	0	0	0	0	0	0	0	0	0	0	0	0	0	0	0	0	0	0	0	0	0	0	0	0	0	0	0	0	0	0	0	0	0	0	0	0	0	0	0
69	0	446	0	0	0	0	0	0	0	0	446	0.0323179	0	0	0	0	0	0	0	0	0.0323179	1	0	0	0	0	0	0	0	0	35	0	0	0	0	0	0	0	0	35	1	0	0	0	0	0	0	0	0	56.9649	0	0	0	0	0	0	0	0	56.9649	1	0	0	0	0	0	0	0	0	127	0	0	0	0	0	0	0	0	127	1	0	0	0	0	0	0	0	0	0	0	0	0	0	0	0	0	0	0	0	0	0	0	0	0	0	0	0	0	0	0	0	0	0	0	0	0	0	0	0	0	0	0	0	0	0	0
70	0	460	0	0	0	0	0	0	0	0	460	0.0588135	0	0	0	0	0	0	0	0	0.0588135	1	0	0	0	0	0	0	0	0	40	0	0	0	0	0	0	0	0	40	1	0	0	0	0	0	0	0	0	58.1162	0	0	0	0	0	0	0	0	58.1162	1	0	0	0	0	0	0	0	0	125	0	0	0	0	0	0	0	0	125	1	0	0	0	0	0	0	0	0	0	0	0	0	0	0	0	0	0	0	0	0	0	0	0	0	0	0	0	0	0	0	0	0	0	0	0	0	0	0	0	0	0	0	0	0	0	0
71	0	472	0	0	0	0	0	0	0	0	472	0.0753021	0	0	0	0	0	0	0	0	0.0753021	1	0	0	0	0	0	0	0	0	41	0	0	0	0	0	0	0	0	41	1	0	0	0	0	0	0	0	0	57.901	0	0	0	0	0	0	0	0	57.901	1	0	0	0	0	0	0	0	0	125	0	0	0	0	0	0	0	0	125	1	0	0	0	0	0	0	0	0	0	0	0	0	0	0	0	0	0	0	0	0	0	0	0	0	0	0	0	0	0	0	0	0	0	0	0	0	0	0	0	0	0	0	0	0	0	0
72	0	465	0	0	0	0	0	0	0	0	465	0.0731151	0	0	0	0	0	0	0	0	0.0731151	1	0	0	0	0	0	0	0	0	41	0	0	0	0	0	0	0	0	41	1	0	0	0	0	0	0	0	0	54.7825	0	0	0	0	0	0	0	0	54.7825	1	0	0	0	0	0	0	0	0	124	0	0	0	0	0	0	0	0	124	1	0	0	0	0	0	0	0	0	0	0	0	0	0	0	0	0	0	0	0	0	0	0	0	0	0	0	0	0	0	0	0	0	0	0	0	0	0	0	0	0	0	0	0	0	0	0
73	0	467	0	0	0	0	0	0	0	0	467	0.0769136	0	0	0	0	0	0	0	0	0.0769136	1	0	0	0	0	0	0	0	0	43	0	0	0	0	0	0	0	0	43	1	0	0	0	0	0	0	0	0	56.461	0	0	0	0	0	0	0	0	56.461	1	0	0	0	0	0	0	0	0	127	0	0	0	0	0	0	0	0	127	1	0	0	0	0	0	0	0	0	0	0	0	0	0	0	0	0	0	0	0	0	0	0	0	0	0	0	0	0	0	0	0	0	0	0	0	0	0	0	0	0	0	0	0	0	0	0
74	0	470	0	0	0	0	0	0	0	0	470	0.0797798	0	0	0	0	0	0	0	0	0.0797798	1	0	0	0	0	0	0	0	0	51	0	0	0	0	0	0	0	0	51	1	0	0	0	0	0	0	0	0	56.8815	0	0	0	0	0	0	0	0	56.8815	1	0	0	0	0	0	0	0	0	130	0	0	0	0	0	0	0	0	130	1	0	0	0	0	0	0	0	0	0	0	0	0	0	0	0	0	0	0	0	0	0	0	0	0	0	0	0	0	0	0	0	0	0	0	0	0	0	0	0	0	0	0	0	0	0	0
75	0	497	0	0	0	0	0	0	0	0	497	0.0759376	0	0	0	0	0	0	0	0	0.0759376	1	0	0	0	0	0	0	0	0	55	0	0	0	0	0	0	0	0	55	1	0	0	0	0	0	0	0	0	57.1524	0	0	0	0	0	0	0	0	57.1524	1	0	0	0	0	0	0	0	0	133	0	0	0	0	0	0	0	0	133	1	0	0	0	0	0	0	0	0	0	0	0	0	0	0	0	0	0	0	0	0	0	0	0	0	0	0	0	0	0	0	0	0	0	0	0	0	0	0	0	0	0	0	0	0	0	0
76	0	484	0	0	0	0	0	0	0	0	484	0.0816782	0	0	0	0	0	0	0	0	0.0816782	1	0	0	0	0	0	0	0	0	63	0	0	0	0	0	0	0	0	63	1	0	0	0	0	0	0	0	0	55.7618	0	0	0	0	0	0	0	0	55.7618	1	0	0	0	0	0	0	0	0	132	0	0	0	0	0	0	0	0	132	1	0	0	0	0	0	0	0	0	0	0	0	0	0	0	0	0	0	0	0	0	0	0	0	0	0	0	0	0	0	0	0	0	0	0	0	0	0	0	0	0	0	0	0	0	0	0
77	0	483	0	0	0	0	0	0	0	0	483	0.101576	0	0	0	0	0	0	0	0	0.101576	1	0	0	0	0	0	0	0	0	69	0	0	0	0	0	0	0	0	69	1	0	0	0	0	0	0	0	0	56.0007	0	0	0	0	0	0	0	0	56.0007	1	0	0	0	0	0	0	0	0	135	0	0	0	0	0	0	0	0	135	1	0	0	0	0	0	0	0	0	0	0	0	0	0	0	0	0	0	0	0	0	0	0	0	0	0	0	0	0	0	0	0	0	0	0	0	0	0	0	0	0	0	0	0	0	0	0
78	0	480	0	0	0	0	0	0	0	0	480	0.101451	0	0	0	0	0	0	0	0	0.101451	1	0	0	0	0	0	0	0	0	68	0	0	0	0	0	0	0	0	68	1	0	0	0	0	0	0	0	0	57.0133	0	0	0	0	0	0	0	0	57.0133	1	0	0	0	0	0	0	0	0	140	0	0	0	0	0	0	0	0	140	1	0	0	0	0	0	0	0	0	0	0	0	0	0	0	0	0	0	0	0	0	0	0	0	0	0	0	0	0	0	0	0	0	0	0	0	0	0	0	0	0	0	0	0	0	0	0
79	0	472	0	0	0	0	0	0	0	0	472	0.109969	0	0	0	0	0	0	0	0	0.109969	1	0	0	0	0	0	0	0	0	71	0	0	0	0	0	0	0	0	71	1	0	0	0	0	0	0	0	0	57.2265	0	0	0	0	0	0	0	0	57.2265	1	0	0	0	0	0	0	0	0	145	0	0	0	0	0	0	0	0	145	1	0	0	0	0	0	0	0	0	0	0	0	0	0	0	0	0	0	0	0	0	0	0	0	0	0	0	0	0	0	0	0	0	0	0	0	0	0	0	0	0	0	0	0	0	0	0
80	0	479	0	0	0	0	0	0	0	0	479	0.121736	0	0	0	0	0	0	0	0	0.121736	1	0	0	0	0	0	0	0	0	69	0	0	0	0	0	0	0	0	69	1	0	0	0	0	0	0	0	0	56.8314	0	0	0	0	0	0	0	0	56.8314	1	0	0	0	0	0	0	0	0	147	0	0	0	0	0	0	0	0	147	1	0	0	0	0	0	0	0	0	0	0	0	0	0	0	0	0	0	0	0	0	0	0	0	0	0	0	0	0	0	0	0	0	0	0	0	0	0	0	0	0	0	0	0	0	0	0
81	0	479	0	0	0	0	0	0	0	0	479	0.128216	0	0	0	0	0	0	0	0	0.128216	1	0	0	0	0	0	0	0	0	66	0	0	0	0	0	0	0	0	66	1	0	0	0	0	0	0	0	0	59.2635	0	0	0	0	0	0	0	0	59.2635	1	0	0	0	0	0	0	0	0	151	0	0	0	0	0	0	0	0	151	1	0	0	0	0	0	0	0	0	0	0	0	0	0	0	0	0	0	0	0	0	0	0	0	0	0	0	0	0	0	0	0	0	0	0	0	0	0	0	0	0	0	0	0	0	0	0
82	0	476	0	0	0	0	0	0	0	0	476	0.124002	0	0	0	0	0	0	0	0	0.124002	1	0	0	0	0	0	0	0	0	64	0	0	0	0	0	0	0	0	64	1	0	0	0	0	0	0	0	0	59.3481	0	0	0	0	0	0	0	0	59.3481	1	0	0	0	0	0	0	0	0	153	0	0	0	0	0	0	0	0	153	1	0	0	0	0	0	0	0	0	0	0	0	0	0	0	0	0	0	0	0	0	0	0	0	0	0	0	0	0	0	0	0	0	0	0	0	0	0	0	0	0	0	0	0	0	0	0
83	0	439	0	0	0	0	0	0	0	0	439	0.107264	0	0	0	0	0	0	0	0	0.107264	1	0	0	0	0	0	0	0	0	56	0	0	0	0	0	0	0	0	56	1	0	0	0	0	0	0	0	0	57.4097	0	0	0	0	0	0	0	0	57.4097	1	0	0	0	0	0	0	0	0	148	0	0	0	0	0	0	0	0	148	1	0	0	0	0	0	0	0	0	0	0	0	0	0	0	0	0	0	0	0	0	0	0	0	0	0	0	0	0	0	0	0	0	0	0	0	0	0	0	0	0	0	0	0	0	0	0
84	0	454	0	0	0	0	0	0	0	0	454	0.103253	0	0	0	0	0	0	0	0	0.103253	1	0	0	0	0	0	0	0	0	54	0	0	0	0	0	0	0	0	54	1	0	0	0	0	0	0	0	0	58.0221	0	0	0	0	0	0	0	0	58.0221	1	0	0	0	0	0	0	0	0	150	0	0	0	0	0	0	0	0	150	1	0	0	0	0	0	0	0	0	0	0	0	0	0	0	0	0	0	0	0	0	0	0	0	0	0	0	0	0	0	0	0	0	0	0	0	0	0	0	0	0	0	0	0	0	0	0
85	0	470	0	0	0	0	0	0	0	0	470	0.108678	0	0	0	0	0	0	0	0	0.108678	1	0	0	0	0	0	0	0	0	51	0	0	0	0	0	0	0	0	51	1	0	0	0	0	0	0	0	0	58.5103	0	0	0	0	0	0	0	0	58.5103	1	0	0	0	0	0	0	0	0	147	0	0	0	0	0	0	0	0	147	1	0	0	0	0	0	0	0	0	0	0	0	0	0	0	0	0	0	0	0	0	0	0	0	0	0	0	0	0	0	0	0	0	0	0	0	0	0	0	0	0	0	0	0	0	0	0
86	0	476	0	0	0	0	0	0	0	0	476	0.118244	0	0	0	0	0	0	0	0	0.118244	1	0	0	0	0	0	0	0	0	54	0	0	0	0	0	0	0	0	54	1	0	0	0	0	0	0	0	0	58.487	0	0	0	0	0	0	0	0	58.487	1	0	0	0	0	0	0	0	0	147	0	0	0	0	0	0	0	0	147	1	0	0	0	0	0	0	0	0	0	0	0	0	0	0	0	0	0	0	0	0	0	0	0	0	0	0	0	0	0	0	0	0	0	0	0	0	0	0	0	0	0	0	0	0	0	0
87	0	453	0	0	0	0	0	0	0	0	453	0.0993693	0	0	0	0	0	0	0	0	0.0993693	1	0	0	0	0	0	0	0	0	56	0	0	0	0	0	0	0	0	56	1	0	0	0	0	0	0	0	0	57.9968	0	0	0	0	0	0	0	0	57.9968	1	0	0	0	0	0	0	0	0	144	0	0	0	0	0	0	0	0	144	1	0	0	0	0	0	0	0	0	0	0	0	0	0	0	0	0	0	0	0	0	0	0	0	0	0	0	0	0	0	0	0	0	0	0	0	0	0	0	0	0	0	0	0	0	0	0
88	0	448	0	0	0	0	0	0	0	0	448	0.0929612	0	0	0	0	0	0	0	0	0.0929612	1	0	0	0	0	0	0	0	0	53	0	0	0	0	0	0	0	0	53	1	0	0	0	0	0	0	0	0	55.8331	0	0	0	0	0	0	0	0	55.8331	1	0	0	0	0	0	0	0	0	144	0	0	0	0	0	0	0	0	144	1	0	0	0	0	0	0	0	0	0	0	0	0	0	0	0	0	0	0	0	0	0	0	0	0	0	0	0	0	0	0	0	0	0	0	0	0	0	0	0	0	0	0	0	0	0	0
89	0	469	0	0	0	0	0	0	0	0	469	0.103826	0	0	0	0	0	0	0	0	0.103826	1	0	0	0	0	0	0	0	0	56	0	0	0	0	0	0	0	0	56	1	0	0	0	0	0	0	0	0	57.0375	0	0	0	0	0	0	0	0	57.0375	1	0	0	0	0	0	0	0	0	146	0	0	0	0	0	0	0	0	146	1	0	0	0	0	0	0	0	0	0	0	0	0	0	0	0	0	0	0	0	0	0	0	0	0	0	0	0	0	0	0	0	0	0	0	0	0	0	0	0	0	0	0	0	0	0	0
90	0	465	0	0	0	0	0	0	0	0	465	0.0883374	0	0	0	0	0	0	0	0	0.0883374	1	0	0	0	0	0	0	0	0	51	0	0	0	0	0	0	0	0	51	1	0	0	0	0	0	0	0	0	56.3708	0	0	0	0	0	0	0	0	56.3708	1	0	0	0	0	0	0	0	0	149	0	0	0	0	0	0	0	0	149	1	0	0	0	0	0	0	0	0	0	0	0	0	0	0	0	0	0	0	0	0	0	0	0	0	0	0	0	0	0	0	0	0	0	0	0	0	0	0	0	0	0	0	0	0	0	0
91	0	463	0	0	0	0	0	0	0	0	463	0.120821	0	0	0	0	0	0	0	0	0.120821	1	0	0	0	0	0	0	0	0	58	0	0	0	0	0	0	0	0	58	1	0	0	0	0	0	0	0	0	57.4261	0	0	0	0	0	0	0	0	57.4261	1	0	0	0	0	0	0	0	0	149	0	0	0	0	0	0	0	0	149	1	0	0	0	0	0	0	0	0	0	0	0	0	0	0	0	0	0	0	0	0	0	0	0	0	0	0	0	0	0	0	0	0	0	0	0	0	0	0	0	0	0	0	0	0	0	0
92	0	457	0	0	0	0	0	0	0	0	457	0.117438	0	0	0	0	0	0	0	0	0.117438	1	0	0	0	0	0	0	0	0	59	0	0	0	0	0	0	0	0	59	1	0	0	0	0	0	0	0	0	58.0607	0	0	0	0	0	0	0	0	58.0607	1	0	0	0	0	0	0	0	0	153	0	0	0	0	0	0	0	0	153	1	0	0	0	0	0	0	0	0	0	0	0	0	0	0	0	0	0	0	0	0	0	0	0	0	0	0	0	0	0	0	0	0	0	0	0	0	0	0	0	0	0	0	0	0	0	0
93	0	465	0	0	0	0	0	0	0	0	465	0.0744942	0	0	0	0	0	0	0	0	0.0744942	1	0	0	0	0	0	0	0	0	50	0	0	0	0	0	0	0	0	50	1	0	0	0	0	0	0	0	0	57.8268	0	0	0	0	0	0	0	0	57.8268	1	0	0	0	0	0	0	0	0	153	0	0	0	0	0	0	0	0	153	1	0	0	0	0	0	0	0	0	0	0	0	0	0	0	0	0	0	0	0	0	0	0	0	0	0	0	0	0	0	0	0	0	0	0	0	0	0	0	0	0	0	0	0	0	0	0
94	0	501	0	0	0	0	0	0	0	0	501	0.0772102	0	0	0	0	0	0	0	0	0.0772102	1	0	0	0	0	0	0	0	0	46	0	0	0	0	0	0	0	0	46	1	0	0	0	0	0	0	0	0	61.0036	0	0	0	0	0	0	0	0	61.0036	1	0	0	0	0	0	0	0	0	156	0	0	0	0	0	0	0	0	156	1	0	0	0	0	0	0	0	0	0	0	0	0	0	0	0	0	0	0	0	0	0	0	0	0	0	0	0	0	0	0	0	0	0	0	0	0	0	0	0	0	0	0	0	0	0	0
95	0	515	0	0	0	0	0	0	0	0	515	0.0692777	0	0	0	0	0	0	0	0	0.0692777	1	0	0	0	0	0	0	0	0	45	0	0	0	0	0	0	0	0	45	1	0	0	0	0	0	0	0	0	62.8856	0	0	0	0	0	0	0	0	62.8856	1	0	0	0	0	0	0	0	0	157	0	0	0	0	0	0	0	0	157	1	0	0	0	0	0	0	0	0	0	0	0	0	0	0	0	0	0	0	0	0	0	0	0	0	0	0	0	0	0	0	0	0	0	0	0	0	0	0	0	0	0	0	0	0	0	0
96	0	513	0	0	0	0	0	0	0	0	513	0.088267	0	0	0	0	0	0	0	0	0.088267	1	0	0	0	0	0	0	0	0	55	0	0	0	0	0	0	0	0	55	1	0	0	0	0	0	0	0	0	61.9393	0	0	0	0	0	0	0	0	61.9393	1	0	0	0	0	0	0	0	0	149	0	0	0	0	0	0	0	0	149	1	0	0	0	0	0	0	0	0	0	0	0	0	0	0	0	0	0	0	0	0	0	0	0	0	0	0	0	0	0	0	0	0	0	0	0	0	0	0	0	0	0	0	0	0	0	0
97	0	492	0	0	0	0	0	0	0	0	492	0.0939603	0	0	0	0	0	0	0	0	0.0939603	1	0	0	0	0	0	0	0	0	56	0	0	0	0	0	0	0	0	56	1	0	0	0	0	0	0	0	0	61.0659	0	0	0	0	0	0	0	0	61.0659	1	0	0	0	0	0	0	0	0	145	0	0	0	0	0	0	0	0	145	1	0	0	0	0	0	0	0	0	0	0	0	0	0	0	0	0	0	0	0	0	0	0	0	0	0	0	0	0	0	0	0	0	0	0	0	0	0	0	0	0	0	0	0	0	0	0
98	0	475	0	0	0	0	0	0	0	0	475	0.0912405	0	0	0	0	0	0	0	0	0.0912405	1	0	0	0	0	0	0	0	0	58	0	0	0	0	0	0	0	0	58	1	0	0	0	0	0	0	0	0	62.0151	0	0	0	0	0	0	0	0	62.0151	1	0	0	0	0	0	0	0	0	143	0	0	0	0	0	0	0	0	143	1	0	0	0	0	0	0	0	0	0	0	0	0	0	0	0	0	0	0	0	0	0	0	0	0	0	0	0	0	0	0	0	0	0	0	0	0	0	0	0	0	0	0	0	0	0	0
99	0	470	0	0	0	0	0	0	0	0	470	0.116763	0	0	0	0	0	0	0	0	0.116763	1	0	0	0	0	0	0	0	0	60	0	0	0	0	0	0	0	0	60	1	0	0	0	0	0	0	0	0	62.0964	0	0	0	0	0	0	0	0	62.0964	1	0	0	0	0	0	0	0	0	140	0	0	0	0	0	0	0	0	140	1	0	0	0	0	0	0	0	0	0	0	0	0	0	0	0	0	0	0	0	0	0	0	0	0	0	0	0	0	0	0	0	0	0	0	0	0	0	0	0	0	0	0	0	0	0	0
100	0	453	0	0	0	0	0	0	0	0	453	0.111767	0	0	0	0	0	0	0	0	0.111767	1	0	0	0	0	0	0	0	0	58	0	0	0	0	0	0	0	0	58	1	0	0	0	0	0	0	0	0	58.9398	0	0	0	0	0	0	0	0	58.9398	1	0	0	0	0	0	0	0	0	140	0	0	0	0	0	0	0	0	140	1	0	0	0	0	0	0	0	0	0	0	0	0	0	0	0	0	0	0	0	0	0	0	0	0	0	0	0	0	0	0	0	0	0	0	0	0	0	0	0	0	0	0	0	0	0	0
101	0	468	0	0	0	0	0	0	0	0	468	0.115908	0	0	0	0	0	0	0	0	0.115908	1	0	0	0	0	0	0	0	0	56	0	0	0	0	0	0	0	0	56	1	0	0	0	0	0	0	0	0	57.3131	0	0	0	0	0	0	0	0	57.3131	1	0	0	0	0	0	0	0	0	137	0	0	0	0	0	0	0	0	137	1	0	0	0	0	0	0	0	0	0	0	0	0	0	0	0	0	0	0	0	0	0	0	0	0	0	0	0	0	0	0	0	0	0	0	0	0	0	0	0	0	0	0	0	0	0	0
102	0	470	0	0	0	0	0	0	0	0	470	0.121217	0	0	0	0	0	0	0	0	0.121217	1	0	0	0	0	0	0	0	0	49	0	0	0	0	0	0	0	0	49	1	0	0	0	0	0	0	0	0	59.1551	0	0	0	0	0	0	0	0	59.1551	1	0	0	0	0	0	0	0	0	139	0	0	0	0	0	0	0	0	139	1	0	0	0	0	0	0	0	0	0	0	0	0	0	0	0	0	0	0	0	0	0	0	0	0	0	0	0	0	0	0	0	0	0	0	0	0	0	0	0	0	0	0	0	0	0	0
103	0	478	0	0	0	0	0	0	0	0	478	0.102318	0	0	0	0	0	0	0	0	0.102318	1	0	0	0	0	0	0	0	0	42	0	0	0	0	0	0	0	0	42	1	0	0	0	0	0	0	0	0	60.573	0	0	0	0	0	0	0	0	60.573	1	0	0	0	0	0	0	0	0	144	0	0	0	0	0	0	0	0	144	1	0	0	0	0	0	0	0	0	0	0	0	0	0	0	0	0	0	0	0	0	0	0	0	0	0	0	0	0	0	0	0	0	0	0	0	0	0	0	0	0	0	0	0	0	0	0
104	0	467	0	0	0	0	0	0	0	0	467	0.0693064	0	0	0	0	0	0	0	0	0.0693064	1	0	0	0	0	0	0	0	0	43	0	0	0	0	0	0	0	0	43	1	0	0	0	0	0	0	0	0	60.6416	0	0	0	0	0	0	0	0	60.6416	1	0	0	0	0	0	0	0	0	143	0	0	0	0	0	0	0	0	143	1	0	0	0	0	0	0	0	0	0	0	0	0	0	0	0	0	0	0	0	0	0	0	0	0	0	0	0	0	0	0	0	0	0	0	0	0	0	0	0	0	0	0	0	0	0	0
105	0	483	0	0	0	0	0	0	0	0	483	0.0642008	0	0	0	0	0	0	0	0	0.0642008	1	0	0	0	0	0	0	0	0	40	0	0	0	0	0	0	0	0	40	1	0	0	0	0	0	0	0	0	61.7797	0	0	0	0	0	0	0	0	61.7797	1	0	0	0	0	0	0	0	0	143	0	0	0	0	0	0	0	0	143	1	0	0	0	0	0	0	0	0	0	0	0	0	0	0	0	0	0	0	0	0	0	0	0	0	0	0	0	0	0	0	0	0	0	0	0	0	0	0	0	0	0	0	0	0	0	0
106	0	476	0	0	0	0	0	0	0	0	476	0.0731423	0	0	0	0	0	0	0	0	0.0731423	1	0	0	0	0	0	0	0	0	39	0	0	0	0	0	0	0	0	39	1	0	0	0	0	0	0	0	0	62.1364	0	0	0	0	0	0	0	0	62.1364	1	0	0	0	0	0	0	0	0	140	0	0	0	0	0	0	0	0	140	1	0	0	0	0	0	0	0	0	0	0	0	0	0	0	0	0	0	0	0	0	0	0	0	0	0	0	0	0	0	0	0	0	0	0	0	0	0	0	0	0	0	0	0	0	0	0
107	0	497	0	0	0	0	0	0	0	0	497	0.0611069	0	0	0	0	0	0	0	0	0.0611069	1	0	0	0	0	0	0	0	0	38	0	0	0	0	0	0	0	0	38	1	0	0	0	0	0	0	0	0	61.0039	0	0	0	0	0	0	0	0	61.0039	1	0	0	0	0	0	0	0	0	133	0	0	0	0	0	0	0	0	133	1	0	0	0	0	0	0	0	0	0	0	0	0	0	0	0	0	0	0	0	0	0	0	0	0	0	0	0	0	0	0	0	0	0	0	0	0	0	0	0	0	0	0	0	0	0	0
108	0	485	0	0	0	0	0	0	0	0	485	0.0789726	0	0	0	0	0	0	0	0	0.0789726	1	0	0	0	0	0	0	0	0	42	0	0	0	0	0	0	0	0	42	1	0	0	0	0	0	0	0	0	60.1145	0	0	0	0	0	0	0	0	60.1145	1	0	0	0	0	0	0	0	0	127	0	0	0	0	0	0	0	0	127	1	0	0	0	0	0	0	0	0	0	0	0	0	0	0	0	0	0	0	0	0	0	0	0	0	0	0	0	0	0	0	0	0	0	0	0	0	0	0	0	0	0	0	0	0	0	0
109	0	470	0	0	0	0	0	0	0	0	470	0.0646295	0	0	0	0	0	0	0	0	0.0646295	1	0	0	0	0	0	0	0	0	42	0	0	0	0	0	0	0	0	42	1	0	0	0	0	0	0	0	0	60.3713	0	0	0	0	0	0	0	0	60.3713	1	0	0	0	0	0	0	0	0	127	0	0	0	0	0	0	0	0	127	1	0	0	0	0	0	0	0	0	0	0	0	0	0	0	0	0	0	0	0	0	0	0	0	0	0	0	0	0	0	0	0	0	0	0	0	0	0	0	0	0	0	0	0	0	0	0
110	0	494	0	0	0	0	0	0	0	0	494	0.0636758	0	0	0	0	0	0	0	0	0.0636758	1	0	0	0	0	0	0	0	0	45	0	0	0	0	0	0	0	0	45	1	0	0	0	0	0	0	0	0	63.3891	0	0	0	0	0	0	0	0	63.3891	1	0	0	0	0	0	0	0	0	135	0	0	0	0	0	0	0	0	135	1	0	0	0	0	0	0	0	0	0	0	0	0	0	0	0	0	0	0	0	0	0	0	0	0	0	0	0	0	0	0	0	0	0	0	0	0	0	0	0	0	0	0	0	0	0	0
111	0	489	0	0	0	0	0	0	0	0	489	0.0809743	0	0	0	0	0	0	0	0	0.0809743	1	0	0	0	0	0	0	0	0	51	0	0	0	0	0	0	0	0	51	1	0	0	0	0	0	0	0	0	63.6739	0	0	0	0	0	0	0	0	63.6739	1	0	0	0	0	0	0	0	0	132	0	0	0	0	0	0	0	0	132	1	0	0	0	0	0	0	0	0	0	0	0	0	0	0	0	0	0	0	0	0	0	0	0	0	0	0	0	0	0	0	0	0	0	0	0	0	0	0	0	0	0	0	0	0	0	0
112	0	485	0	0	0	0	0	0	0	0	485	0.0877288	0	0	0	0	0	0	0	0	0.0877288	1	0	0	0	0	0	0	0	0	50	0	0	0	0	0	0	0	0	50	1	0	0	0	0	0	0	0	0	64.4837	0	0	0	0	0	0	0	0	64.4837	1	0	0	0	0	0	0	0	0	134	0	0	0	0	0	0	0	0	134	1	0	0	0	0	0	0	0	0	0	0	0	0	0	0	0	0	0	0	0	0	0	0	0	0	0	0	0	0	0	0	0	0	0	0	0	0	0	0	0	0	0	0	0	0	0	0
113	0	489	0	0	0	0	0	0	0	0	489	0.090304	0	0	0	0	0	0	0	0	0.090304	1	0	0	0	0	0	0	0	0	50	0	0	0	0	0	0	0	0	50	1	0	0	0	0	0	0	0	0	63.0502	0	0	0	0	0	0	0	0	63.0502	1	0	0	0	0	0	0	0	0	130	0	0	0	0	0	0	0	0	130	1	0	0	0	0	0	0	0	0	0	0	0	0	0	0	0	0	0	0	0	0	0	0	0	0	0	0	0	0	0	0	0	0	0	0	0	0	0	0	0	0	0	0	0	0	0	0
114	0	492	0	0	0	0	0	0	0	0	492	0.105151	0	0	0	0	0	0	0	0	0.105151	1	0	0	0	0	0	0	0	0	51	0	0	0	0	0	0	0	0	51	1	0	0	0	0	0	0	0	0	61.9292	0	0	0	0	0	0	0	0	61.9292	1	0	0	0	0	0	0	0	0	126	0	0	0	0	0	0	0	0	126	1	0	0	0	0	0	0	0	0	0	0	0	0	0	0	0	0	0	0	0	0	0	0	0	0	0	0	0	0	0	0	0	0	0	0	0	0	0	0	0	0	0	0	0	0	0	0
115	0	505	0	0	0	0	0	0	0	0	505	0.098253	0	0	0	0	0	0	0	0	0.098253	1	0	0	0	0	0	0	0	0	48	0	0	0	0	0	0	0	0	48	1	0	0	0	0	0	0	0	0	63.162	0	0	0	0	0	0	0	0	63.162	1	0	0	0	0	0	0	0	0	131	0	0	0	0	0	0	0	0	131	1	0	0	0	0	0	0	0	0	0	0	0	0	0	0	0	0	0	0	0	0	0	0	0	0	0	0	0	0	0	0	0	0	0	0	0	0	0	0	0	0	0	0	0	0	0	0
116	0	485	0	0	0	0	0	0	0	0	485	0.0790133	0	0	0	0	0	0	0	0	0.0790133	1	0	0	0	0	0	0	0	0	40	0	0	0	0	0	0	0	0	40	1	0	0	0	0	0	0	0	0	61.4929	0	0	0	0	0	0	0	0	61.4929	1	0	0	0	0	0	0	0	0	133	0	0	0	0	0	0	0	0	133	1	0	0	0	0	0	0	0	0	0	0	0	0	0	0	0	0	0	0	0	0	0	0	0	0	0	0	0	0	0	0	0	0	0	0	0	0	0	0	0	0	0	0	0	0	0	0
117	0	486	0	0	0	0	0	0	0	0	486	0.105691	0	0	0	0	0	0	0	0	0.105691	1	0	0	0	0	0	0	0	0	47	0	0	0	0	0	0	0	0	47	1	0	0	0	0	0	0	0	0	60.5171	0	0	0	0	0	0	0	0	60.5171	1	0	0	0	0	0	0	0	0	130	0	0	0	0	0	0	0	0	130	1	0	0	0	0	0	0	0	0	0	0	0	0	0	0	0	0	0	0	0	0	0	0	0	0	0	0	0	0	0	0	0	0	0	0	0	0	0	0	0	0	0	0	0	0	0	0
118	0	486	0	0	0	0	0	0	0	0	486	0.0701864	0	0	0	0	0	0	0	0	0.0701864	1	0	0	0	0	0	0	0	0	47	0	0	0	0	0	0	0	0	47	1	0	0	0	0	0	0	0	0	60.6168	0	0	0	0	0	0	0	0	60.6168	1	0	0	0	0	0	0	0	0	133	0	0	0	0	0	0	0	0	133	1	0	0	0	0	0	0	0	0	0	0	0	0	0	0	0	0	0	0	0	0	0	0	0	0	0	0	0	0	0	0	0	0	0	0	0	0	0	0	0	0	0	0	0	0	0	0
119	0	523	0	0	0	0	0	0	0	0	523	0.0811187	0	0	0	0	0	0	0	0	0.0811187	1	0	0	0	0	0	0	0	0	43	0	0	0	0	0	0	0	0	43	1	0	0	0	0	0	0	0	0	61.7574	0	0	0	0	0	0	0	0	61.7574	1	0	0	0	0	0	0	0	0	133	0	0	0	0	0	0	0	0	133	1	0	0	0	0	0	0	0	0	0	0	0	0	0	0	0	0	0	0	0	0	0	0	0	0	0	0	0	0	0	0	0	0	0	0	0	0	0	0	0	0	0	0	0	0	0	0
120	0	519	0	0	0	0	0	0	0	0	519	0.0968837	0	0	0	0	0	0	0	0	0.0968837	1	0	0	0	0	0	0	0	0	41	0	0	0	0	0	0	0	0	41	1	0	0	0	0	0	0	0	0	62.3549	0	0	0	0	0	0	0	0	62.3549	1	0	0	0	0	0	0	0	0	132	0	0	0	0	0	0	0	0	132	1	0	0	0	0	0	0	0	0	0	0	0	0	0	0	0	0	0	0	0	0	0	0	0	0	0	0	0	0	0	0	0	0	0	0	0	0	0	0	0	0	0	0	0	0	0	0
121	0	523	0	0	0	0	0	0	0	0	523	0.084129	0	0	0	0	0	0	0	0	0.084129	1	0	0	0	0	0	0	0	0	47	0	0	0	0	0	0	0	0	47	1	0	0	0	0	0	0	0	0	64.8073	0	0	0	0	0	0	0	0	64.8073	1	0	0	0	0	0	0	0	0	139	0	0	0	0	0	0	0	0	139	1	0	0	0	0	0	0	0	0	0	0	0	0	0	0	0	0	0	0	0	0	0	0	0	0	0	0	0	0	0	0	0	0	0	0	0	0	0	0	0	0	0	0	0	0	0	0
122	0	514	0	0	0	0	0	0	0	0	514	0.0747448	0	0	0	0	0	0	0	0	0.0747448	1	0	0	0	0	0	0	0	0	47	0	0	0	0	0	0	0	0	47	1	0	0	0	0	0	0	0	0	64.1219	0	0	0	0	0	0	0	0	64.1219	1	0	0	0	0	0	0	0	0	136	0	0	0	0	0	0	0	0	136	1	0	0	0	0	0	0	0	0	0	0	0	0	0	0	0	0	0	0	0	0	0	0	0	0	0	0	0	0	0	0	0	0	0	0	0	0	0	0	0	0	0	0	0	0	0	0
123	0	523	0	0	0	0	0	0	0	0	523	0.0785238	0	0	0	0	0	0	0	0	0.0785238	1	0	0	0	0	0	0	0	0	52	0	0	0	0	0	0	0	0	52	1	0	0	0	0	0	0	0	0	64.6769	0	0	0	0	0	0	0	0	64.6769	1	0	0	0	0	0	0	0	0	137	0	0	0	0	0	0	0	0	137	1	0	0	0	0	0	0	0	0	0	0	0	0	0	0	0	0	0	0	0	0	0	0	0	0	0	0	0	0	0	0	0	0	0	0	0	0	0	0	0	0	0	0	0	0	0	0
124	0	493	0	0	0	0	0	0	0	0	493	0.0936272	0	0	0	0	0	0	0	0	0.0936272	1	0	0	0	0	0	0	0	0	60	0	0	0	0	0	0	0	0	60	1	0	0	0	0	0	0	0	0	62.7199	0	0	0	0	0	0	0	0	62.7199	1	0	0	0	0	0	0	0	0	133	0	0	0	0	0	0	0	0	133	1	0	0	0	0	0	0	0	0	0	0	0	0	0	0	0	0	0	0	0	0	0	0	0	0	0	0	0	0	0	0	0	0	0	0	0	0	0	0	0	0	0	0	0	0	0	0
125	0	510	0	0	0	0	0	0	0	0	510	0.104371	0	0	0	0	0	0	0	0	0.104371	1	0	0	0	0	0	0	0	0	54	0	0	0	0	0	0	0	0	54	1	0	0	0	0	0	0	0	0	61.6993	0	0	0	0	0	0	0	0	61.6993	1	0	0	0	0	0	0	0	0	134	0	0	0	0	0	0	0	0	134	1	0	0	0	0	0	0	0	0	0	0	0	0	0	0	0	0	0	0	0	0	0	0	0	0	0	0	0	0	0	0	0	0	0	0	0	0	0	0	0	0	0	0	0	0	0	0
126	0	518	0	0	0	0	0	0	0	0	518	0.0741819	0	0	0	0	0	0	0	0	0.0741819	1	0	0	0	0	0	0	0	0	52	0	0	0	0	0	0	0	0	52	1	0	0	0	0	0	0	0	0	63.0144	0	0	0	0	0	0	0	0	63.0144	1	0	0	0	0	0	0	0	0	142	0	0	0	0	0	0	0	0	142	1	0	0	0	0	0	0	0	0	0	0	0	0	0	0	0	0	0	0	0	0	0	0	0	0	0	0	0	0	0	0	0	0	0	0	0	0	0	0	0	0	0	0	0	0	0	0
127	0	506	0	0	0	0	0	0	0	0	506	0.0838553	0	0	0	0	0	0	0	0	0.0838553	1	0	0	0	0	0	0	0	0	55	0	0	0	0	0	0	0	0	55	1	0	0	0	0	0	0	0	0	60.6046	0	0	0	0	0	0	0	0	60.6046	1	0	0	0	0	0	0	0	0	137	0	0	0	0	0	0	0	0	137	1	0	0	0	0	0	0	0	0	0	0	0	0	0	0	0	0	0	0	0	0	0	0	0	0	0	0	0	0	0	0	0	0	0	0	0	0	0	0	0	0	0	0	0	0	0	0
128	0	494	0	0	0	0	0	0	0	0	494	0.104727	0	0	0	0	0	0	0	0	0.104727	1	0	0	0	0	0	0	0	0	55	0	0	0	0	0	0	0	0	55	1	0	0	0	0	0	0	0	0	58.3917	0	0	0	0	0	0	0	0	58.3917	1	0	0	0	0	0	0	0	0	134	0	0	0	0	0	0	0	0	134	1	0	0	0	0	0	0	0	0	0	0	0	0	0	0	0	0	0	0	0	0	0	0	0	0	0	0	0	0	0	0	0	0	0	0	0	0	0	0	0	0	0	0	0	0	0	0
129	0	486	0	0	0	0	0	0	0	0	486	0.0750071	0	0	0	0	0	0	0	0	0.0750071	1	0	0	0	0	0	0	0	0	48	0	0	0	0	0	0	0	0	48	1	0	0	0	0	0	0	0	0	56.9412	0	0	0	0	0	0	0	0	56.9412	1	0	0	0	0	0	0	0	0	140	0	0	0	0	0	0	0	0	140	1	0	0	0	0	0	0	0	0	0	0	0	0	0	0	0	0	0	0	0	0	0	0	0	0	0	0	0	0	0	0	0	0	0	0	0	0	0	0	0	0	0	0	0	0	0	0
130	0	461	0	0	0	0	0	0	0	0	461	0.08101	0	0	0	0	0	0	0	0	0.08101	1	0	0	0	0	0	0	0	0	61	0	0	0	0	0	0	0	0	61	1	0	0	0	0	0	0	0	0	54.1408	0	0	0	0	0	0	0	0	54.1408	1	0	0	0	0	0	0	0	0	134	0	0	0	0	0	0	0	0	134	1	0	0	0	0	0	0	0	0	0	0	0	0	0	0	0	0	0	0	0	0	0	0	0	0	0	0	0	0	0	0	0	0	0	0	0	0	0	0	0	0	0	0	0	0	0	0
131	0	469	0	0	0	0	0	0	0	0	469	0.107922	0	0	0	0	0	0	0	0	0.107922	1	0	0	0	0	0	0	0	0	73	0	0	0	0	0	0	0	0	73	1	0	0	0	0	0	0	0	0	56.0187	0	0	0	0	0	0	0	0	56.0187	1	0	0	0	0	0	0	0	0	135	0	0	0	0	0	0	0	0	135	1	0	0	0	0	0	0	0	0	0	0	0	0	0	0	0	0	0	0	0	0	0	0	0	0	0	0	0	0	0	0	0	0	0	0	0	0	0	0	0	0	0	0	0	0	0	0
132	0	486	0	0	0	0	0	0	0	0	486	0.132897	0	0	0	0	0	0	0	0	0.132897	1	0	0	0	0	0	0	0	0	79	0	0	0	0	0	0	0	0	79	1	0	0	0	0	0	0	0	0	56.2735	0	0	0	0	0	0	0	0	56.2735	1	0	0	0	0	0	0	0	0	131	0	0	0	0	0	0	0	0	131	1	0	0	0	0	0	0	0	0	0	0	0	0	0	0	0	0	0	0	0	0	0	0	0	0	0	0	0	0	0	0	0	0	0	0	0	0	0	0	0	0	0	0	0	0	0	0
133	0	484	0	0	0	0	0	0	0	0	484	0.129103	0	0	0	0	0	0	0	0	0.129103	1	0	0	0	0	0	0	0	0	77	0	0	0	0	0	0	0	0	77	1	0	0	0	0	0	0	0	0	56.2847	0	0	0	0	0	0	0	0	56.2847	1	0	0	0	0	0	0	0	0	135	0	0	0	0	0	0	0	0	135	1	0	0	0	0	0	0	0	0	0	0	0	0	0	0	0	0	0	0	0	0	0	0	0	0	0	0	0	0	0	0	0	0	0	0	0	0	0	0	0	0	0	0	0	0	0	0
134	0	462	0	0	0	0	0	0	0	0	462	0.177671	0	0	0	0	0	0	0	0	0.177671	1	0	0	0	0	0	0	0	0	80	0	0	0	0	0	0	0	0	80	1	0	0	0	0	0	0	0	0	53.6024	0	0	0	0	0	0	0	0	53.6024	1	0	0	0	0	0	0	0	0	136	0	0	0	0	0	0	0	0	136	1	0	0	0	0	0	0	0	0	0	0	0	0	0	0	0	0	0	0	0	0	0	0	0	0	0	0	0	0	0	0	0	0	0	0	0	0	0	0	0	0	0	0	0	0	0	0
135	0	476	0	0	0	0	0	0	0	0	476	0.14917	0	0	0	0	0	0	0	0	0.14917	1	0	0	0	0	0	0	0	0	69	0	0	0	0	0	0	0	0	69	1	0	0	0	0	0	0	0	0	53.712	0	0	0	0	0	0	0	0	53.712	1	0	0	0	0	0	0	0	0	148	0	0	0	0	0	0	0	0	148	1	0	0	0	0	0	0	0	0	0	0	0	0	0	0	0	0	0	0	0	0	0	0	0	0	0	0	0	0	0	0	0	0	0	0	0	0	0	0	0	0	0	0	0	0	0	0
136	0	497	0	0	0	0	0	0	0	0	497	0.125227	0	0	0	0	0	0	0	0	0.125227	1	0	0	0	0	0	0	0	0	64	0	0	0	0	0	0	0	0	64	1	0	0	0	0	0	0	0	0	56.8395	0	0	0	0	0	0	0	0	56.8395	1	0	0	0	0	0	0	0	0	158	0	0	0	0	0	0	0	0	158	1	0	0	0	0	0	0	0	0	0	0	0	0	0	0	0	0	0	0	0	0	0	0	0	0	0	0	0	0	0	0	0	0	0	0	0	0	0	0	0	0	0	0	0	0	0	0
137	0	482	0	0	0	0	0	0	0	0	482	0.127015	0	0	0	0	0	0	0	0	0.127015	1	0	0	0	0	0	0	0	0	80	0	0	0	0	0	0	0	0	80	1	0	0	0	0	0	0	0	0	57.1453	0	0	0	0	0	0	0	0	57.1453	1	0	0	0	0	0	0	0	0	159	0	0	0	0	0	0	0	0	159	1	0	0	0	0	0	0	0	0	0	0	0	0	0	0	0	0	0	0	0	0	0	0	0	0	0	0	0	0	0	0	0	0	0	0	0	0	0	0	0	0	0	0	0	0	0	0
138	0	495	0	0	0	0	0	0	0	0	495	0.122181	0	0	0	0	0	0	0	0	0.122181	1	0	0	0	0	0	0	0	0	79	0	0	0	0	0	0	0	0	79	1	0	0	0	0	0	0	0	0	58.6163	0	0	0	0	0	0	0	0	58.6163	1	0	0	0	0	0	0	0	0	165	0	0	0	0	0	0	0	0	165	1	0	0	0	0	0	0	0	0	0	0	0	0	0	0	0	0	0	0	0	0	0	0	0	0	0	0	0	0	0	0	0	0	0	0	0	0	0	0	0	0	0	0	0	0	0	0
139	0	509	0	0	0	0	0	0	0	0	509	0.142565	0	0	0	0	0	0	0	0	0.142565	1	0	0	0	0	0	0	0	0	82	0	0	0	0	0	0	0	0	82	1	0	0	0	0	0	0	0	0	61.4894	0	0	0	0	0	0	0	0	61.4894	1	0	0	0	0	0	0	0	0	172	0	0	0	0	0	0	0	0	172	1	0	0	0	0	0	0	0	0	0	0	0	0	0	0	0	0	0	0	0	0	0	0	0	0	0	0	0	0	0	0	0	0	0	0	0	0	0	0	0	0	0	0	0	0	0	0
140	0	469	0	0	0	0	0	0	0	0	469	0.156476	0	0	0	0	0	0	0	0	0.156476	1	0	0	0	0	0	0	0	0	84	0	0	0	0	0	0	0	0	84	1	0	0	0	0	0	0	0	0	59.7907	0	0	0	0	0	0	0	0	59.7907	1	0	0	0	0	0	0	0	0	170	0	0	0	0	0	0	0	0	170	1	0	0	0	0	0	0	0	0	0	0	0	0	0	0	0	0	0	0	0	0	0	0	0	0	0	0	0	0	0	0	0	0	0	0	0	0	0	0	0	0	0	0	0	0	0	0
141	0	492	0	0	0	0	0	0	0	0	492	0.160779	0	0	0	0	0	0	0	0	0.160779	1	0	0	0	0	0	0	0	0	91	0	0	0	0	0	0	0	0	91	1	0	0	0	0	0	0	0	0	60.5899	0	0	0	0	0	0	0	0	60.5899	1	0	0	0	0	0	0	0	0	175	0	0	0	0	0	0	0	0	175	1	0	0	0	0	0	0	0	0	0	0	0	0	0	0	0	0	0	0	0	0	0	0	0	0	0	0	0	0	0	0	0	0	0	0	0	0	0	0	0	0	0	0	0	0	0	0
142	0	496	0	0	0	0	0	0	0	0	496	0.165401	0	0	0	0	0	0	0	0	0.165401	1	0	0	0	0	0	0	0	0	81	0	0	0	0	0	0	0	0	81	1	0	0	0	0	0	0	0	0	62.7158	0	0	0	0	0	0	0	0	62.7158	1	0	0	0	0	0	0	0	0	181	0	0	0	0	0	0	0	0	181	1	0	0	0	0	0	0	0	0	0	0	0	0	0	0	0	0	0	0	0	0	0	0	0	0	0	0	0	0	0	0	0	0	0	0	0	0	0	0	0	0	0	0	0	0	0	0
143	0	485	0	0	0	0	0	0	0	0	485	0.153114	0	0	0	0	0	0	0	0	0.153114	1	0	0	0	0	0	0	0	0	70	0	0	0	0	0	0	0	0	70	1	0	0	0	0	0	0	0	0	60.5499	0	0	0	0	0	0	0	0	60.5499	1	0	0	0	0	0	0	0	0	183	0	0	0	0	0	0	0	0	183	1	0	0	0	0	0	0	0	0	0	0	0	0	0	0	0	0	0	0	0	0	0	0	0	0	0	0	0	0	0	0	0	0	0	0	0	0	0	0	0	0	0	0	0	0	0	0
144	0	484	0	0	0	0	0	0	0	0	484	0.123413	0	0	0	0	0	0	0	0	0.123413	1	0	0	0	0	0	0	0	0	61	0	0	0	0	0	0	0	0	61	1	0	0	0	0	0	0	0	0	60.6654	0	0	0	0	0	0	0	0	60.6654	1	0	0	0	0	0	0	0	0	188	0	0	0	0	0	0	0	0	188	1	0	0	0	0	0	0	0	0	0	0	0	0	0	0	0	0	0	0	0	0	0	0	0	0	0	0	0	0	0	0	0	0	0	0	0	0	0	0	0	0	0	0	0	0	0	0
145	0	484	0	0	0	0	0	0	0	0	484	0.108689	0	0	0	0	0	0	0	0	0.108689	1	0	0	0	0	0	0	0	0	54	0	0	0	0	0	0	0	0	54	1	0	0	0	0	0	0	0	0	63.0924	0	0	0	0	0	0	0	0	63.0924	1	0	0	0	0	0	0	0	0	187	0	0	0	0	0	0	0	0	187	1	0	0	0	0	0	0	0	0	0	0	0	0	0	0	0	0	0	0	0	0	0	0	0	0	0	0	0	0	0	0	0	0	0	0	0	0	0	0	0	0	0	0	0	0	0	0
146	0	485	0	0	0	0	0	0	0	0	485	0.0933894	0	0	0	0	0	0	0	0	0.0933894	1	0	0	0	0	0	0	0	0	47	0	0	0	0	0	0	0	0	47	1	0	0	0	0	0	0	0	0	64.1728	0	0	0	0	0	0	0	0	64.1728	1	0	0	0	0	0	0	0	0	185	0	0	0	0	0	0	0	0	185	1	0	0	0	0	0	0	0	0	0	0	0	0	0	0	0	0	0	0	0	0	0	0	0	0	0	0	0	0	0	0	0	0	0	0	0	0	0	0	0	0	0	0	0	0	0	0
147	0	465	0	0	0	0	0	0	0	0	465	0.0777873	0	0	0	0	0	0	0	0	0.0777873	1	0	0	0	0	0	0	0	0	43	0	0	0	0	0	0	0	0	43	1	0	0	0	0	0	0	0	0	61.952	0	0	0	0	0	0	0	0	61.952	1	0	0	0	0	0	0	0	0	179	0	0	0	0	0	0	0	0	179	1	0	0	0	0	0	0	0	0	0	0	0	0	0	0	0	0	0	0	0	0	0	0	0	0	0	0	0	0	0	0	0	0	0	0	0	0	0	0	0	0	0	0	0	0	0	0
148	0	491	0	0	0	0	0	0	0	0	491	0.0803319	0	0	0	0	0	0	0	0	0.0803319	1	0	0	0	0	0	0	0	0	39	0	0	0	0	0	0	0	0	39	1	0	0	0	0	0	0	0	0	64.3954	0	0	0	0	0	0	0	0	64.3954	1	0	0	0	0	0	0	0	0	178	0	0	0	0	0	0	0	0	178	1	0	0	0	0	0	0	0	0	0	0	0	0	0	0	0	0	0	0	0	0	0	0	0	0	0	0	0	0	0	0	0	0	0	0	0	0	0	0	0	0	0	0	0	0	0	0
149	0	479	0	0	0	0	0	0	0	0	479	0.0867578	0	0	0	0	0	0	0	0	0.0867578	1	0	0	0	0	0	0	0	0	37	0	0	0	0	0	0	0	0	37	1	0	0	0	0	0	0	0	0	65.1848	0	0	0	0	0	0	0	0	65.1848	1	0	0	0	0	0	0	0	0	170	0	0	0	0	0	0	0	0	170	1	0	0	0	0	0	0	0	0	0	0	0	0	0	0	0	0	0	0	0	0	0	0	0	0	0	0	0	0	0	0	0	0	0	0	0	0	0	0	0	0	0	0	0	0	0	0
150	0	478	0	0	0	0	0	0	0	0	478	0.0940207	0	0	0	0	0	0	0	0	0.0940207	1	0	0	0	0	0	0	0	0	32	0	0	0	0	0	0	0	0	32	1	0	0	0	0	0	0	0	0	65.6859	0	0	0	0	0	0	0	0	65.6859	1	0	0	0	0	0	0	0	0	167	0	0	0	0	0	0	0	0	167	1	0	0	0	0	0	0	0	0	0	0	0	0	0	0	0	0	0	0	0	0	0	0	0	0	0	0	0	0	0	0	0	0	0	0	0	0	0	0	0	0	0	0	0	0	0	0
151	0	491	0	0	0	0	0	0	0	0	491	0.0823122	0	0	0	0	0	0	0	0	0.0823122	1	0	0	0	0	0	0	0	0	30	0	0	0	0	0	0	0	0	30	1	0	0	0	0	0	0	0	0	66.8821	0	0	0	0	0	0	0	0	66.8821	1	0	0	0	0	0	0	0	0	168	0	0	0	0	0	0	0	0	168	1	0	0	0	0	0	0	0	0	0	0	0	0	0	0	0	0	0	0	0	0	0	0	0	0	0	0	0	0	0	0	0	0	0	0	0	0	0	0	0	0	0	0	0	0	0	0
152	0	505	0	0	0	0	0	0	0	0	505	0.0660121	0	0	0	0	0	0	0	0	0.0660121	1	0	0	0	0	0	0	0	0	24	0	0	0	0	0	0	0	0	24	1	0	0	0	0	0	0	0	0	68.0816	0	0	0	0	0	0	0	0	68.0816	1	0	0	0	0	0	0	0	0	164	0	0	0	0	0	0	0	0	164	1	0	0	0	0	0	0	0	0	0	0	0	0	0	0	0	0	0	0	0	0	0	0	0	0	0	0	0	0	0	0	0	0	0	0	0	0	0	0	0	0	0	0	0	0	0	0
153	0	513	0	0	0	0	0	0	0	0	513	0.0590732	0	0	0	0	0	0	0	0	0.0590732	1	0	0	0	0	0	0	0	0	22	0	0	0	0	0	0	0	0	22	1	0	0	0	0	0	0	0	0	69.9564	0	0	0	0	0	0	0	0	69.9564	1	0	0	0	0	0	0	0	0	159	0	0	0	0	0	0	0	0	159	1	0	0	0	0	0	0	0	0	0	0	0	0	0	0	0	0	0	0	0	0	0	0	0	0	0	0	0	0	0	0	0	0	0	0	0	0	0	0	0	0	0	0	0	0	0	0
154	0	520	0	0	0	0	0	0	0	0	520	0.0688459	0	0	0	0	0	0	0	0	0.0688459	1	0	0	0	0	0	0	0	0	24	0	0	0	0	0	0	0	0	24	1	0	0	0	0	0	0	0	0	69.5932	0	0	0	0	0	0	0	0	69.5932	1	0	0	0	0	0	0	0	0	151	0	0	0	0	0	0	0	0	151	1	0	0	0	0	0	0	0	0	0	0	0	0	0	0	0	0	0	0	0	0	0	0	0	0	0	0	0	0	0	0	0	0	0	0	0	0	0	0	0	0	0	0	0	0	0	0
155	0	525	0	0	0	0	0	0	0	0	525	0.0684389	0	0	0	0	0	0	0	0	0.0684389	1	0	0	0	0	0	0	0	0	26	0	0	0	0	0	0	0	0	26	1	0	0	0	0	0	0	0	0	70.2532	0	0	0	0	0	0	0	0	70.2532	1	0	0	0	0	0	0	0	0	147	0	0	0	0	0	0	0	0	147	1	0	0	0	0	0	0	0	0	0	0	0	0	0	0	0	0	0	0	0	0	0	0	0	0	0	0	0	0	0	0	0	0	0	0	0	0	0	0	0	0	0	0	0	0	0	0
156	0	505	0	0	0	0	0	0	0	0	505	0.04431	0	0	0	0	0	0	0	0	0.04431	1	0	0	0	0	0	0	0	0	31	0	0	0	0	0	0	0	0	31	1	0	0	0	0	0	0	0	0	69.3529	0	0	0	0	0	0	0	0	69.3529	1	0	0	0	0	0	0	0	0	146	0	0	0	0	0	0	0	0	146	1	0	0	0	0	0	0	0	0	0	0	0	0	0	0	0	0	0	0	0	0	0	0	0	0	0	0	0	0	0	0	0	0	0	0	0	0	0	0	0	0	0	0	0	0	0	0
157	0	522	0	0	0	0	0	0	0	0	522	0.02322	0	0	0	0	0	0	0	0	0.02322	1	0	0	0	0	0	0	0	0	28	0	0	0	0	0	0	0	0	28	1	0	0	0	0	0	0	0	0	70.4654	0	0	0	0	0	0	0	0	70.4654	1	0	0	0	0	0	0	0	0	142	0	0	0	0	0	0	0	0	142	1	0	0	0	0	0	0	0	0	0	0	0	0	0	0	0	0	0	0	0	0	0	0	0	0	0	0	0	0	0	0	0	0	0	0	0	0	0	0	0	0	0	0	0	0	0	0
158	0	508	0	0	0	0	0	0	0	0	508	0.0406991	0	0	0	0	0	0	0	0	0.0406991	1	0	0	0	0	0	0	0	0	28	0	0	0	0	0	0	0	0	28	1	0	0	0	0	0	0	0	0	69.004	0	0	0	0	0	0	0	0	69.004	1	0	0	0	0	0	0	0	0	135	0	0	0	0	0	0	0	0	135	1	0	0	0	0	0	0	0	0	0	0	0	0	0	0	0	0	0	0	0	0	0	0	0	0	0	0	0	0	0	0	0	0	0	0	0	0	0	0	0	0	0	0	0	0	0	0
159	0	534	0	0	0	0	0	0	0	0	534	0.0453941	0	0	0	0	0	0	0	0	0.0453941	1	0	0	0	0	0	0	0	0	31	0	0	0	0	0	0	0	0	31	1	0	0	0	0	0	0	0	0	68.2321	0	0	0	0	0	0	0	0	68.2321	1	0	0	0	0	0	0	0	0	130	0	0	0	0	0	0	0	0	130	1	0	0	0	0	0	0	0	0	0	0	0	0	0	0	0	0	0	0	0	0	0	0	0	0	0	0	0	0	0	0	0	0	0	0	0	0	0	0	0	0	0	0	0	0	0	0
160	0	538	0	0	0	0	0	0	0	0	538	0.051103	0	0	0	0	0	0	0	0	0.051103	1	0	0	0	0	0	0	0	0	33	0	0	0	0	0	0	0	0	33	1	0	0	0	0	0	0	0	0	68.9294	0	0	0	0	0	0	0	0	68.9294	1	0	0	0	0	0	0	0	0	131	0	0	0	0	0	0	0	0	131	1	0	0	0	0	0	0	0	0	0	0	0	0	0	0	0	0	0	0	0	0	0	0	0	0	0	0	0	0	0	0	0	0	0	0	0	0	0	0	0	0	0	0	0	0	0	0
161	0	531	0	0	0	0	0	0	0	0	531	0.0556056	0	0	0	0	0	0	0	0	0.0556056	1	0	0	0	0	0	0	0	0	34	0	0	0	0	0	0	0	0	34	1	0	0	0	0	0	0	0	0	68.157	0	0	0	0	0	0	0	0	68.157	1	0	0	0	0	0	0	0	0	130	0	0	0	0	0	0	0	0	130	1	0	0	0	0	0	0	0	0	0	0	0	0	0	0	0	0	0	0	0	0	0	0	0	0	0	0	0	0	0	0	0	0	0	0	0	0	0	0	0	0	0	0	0	0	0	0
162	0	511	0	0	0	0	0	0	0	0	511	0.0615215	0	0	0	0	0	0	0	0	0.0615215	1	0	0	0	0	0	0	0	0	39	0	0	0	0	0	0	0	0	39	1	0	0	0	0	0	0	0	0	66.3643	0	0	0	0	0	0	0	0	66.3643	1	0	0	0	0	0	0	0	0	128	0	0	0	0	0	0	0	0	128	1	0	0	0	0	0	0	0	0	0	0	0	0	0	0	0	0	0	0	0	0	0	0	0	0	0	0	0	0	0	0	0	0	0	0	0	0	0	0	0	0	0	0	0	0	0	0
163	0	531	0	0	0	0	0	0	0	0	531	0.0596348	0	0	0	0	0	0	0	0	0.0596348	1	0	0	0	0	0	0	0	0	39	0	0	0	0	0	0	0	0	39	1	0	0	0	0	0	0	0	0	66.8932	0	0	0	0	0	0	0	0	66.8932	1	0	0	0	0	0	0	0	0	132	0	0	0	0	0	0	0	0	132	1	0	0	0	0	0	0	0	0	0	0	0	0	0	0	0	0	0	0	0	0	0	0	0	0	0	0	0	0	0	0	0	0	0	0	0	0	0	0	0	0	0	0	0	0	0	0
164	0	538	0	0	0	0	0	0	0	0	538	0.0490079	0	0	0	0	0	0	0	0	0.0490079	1	0	0	0	0	0	0	0	0	43	0	0	0	0	0	0	0	0	43	1	0	0	0	0	0	0	0	0	69.734	0	0	0	0	0	0	0	0	69.734	1	0	0	0	0	0	0	0	0	135	0	0	0	0	0	0	0	0	135	1	0	0	0	0	0	0	0	0	0	0	0	0	0	0	0	0	0	0	0	0	0	0	0	0	0	0	0	0	0	0	0	0	0	0	0	0	0	0	0	0	0	0	0	0	0	0
165	0	495	0	0	0	0	0	0	0	0	495	0.0957883	0	0	0	0	0	0	0	0	0.0957883	1	0	0	0	0	0	0	0	0	55	0	0	0	0	0	0	0	0	55	1	0	0	0	0	0	0	0	0	65.9927	0	0	0	0	0	0	0	0	65.9927	1	0	0	0	0	0	0	0	0	125	0	0	0	0	0	0	0	0	125	1	0	0	0	0	0	0	0	0	0	0	0	0	0	0	0	0	0	0	0	0	0	0	0	0	0	0	0	0	0	0	0	0	0	0	0	0	0	0	0	0	0	0	0	0	0	0
166	0	503	0	0	0	0	0	0	0	0	503	0.0931107	0	0	0	0	0	0	0	0	0.0931107	1	0	0	0	0	0	0	0	0	52	0	0	0	0	0	0	0	0	52	1	0	0	0	0	0	0	0	0	65.4962	0	0	0	0	0	0	0	0	65.4962	1	0	0	0	0	0	0	0	0	129	0	0	0	0	0	0	0	0	129	1	0	0	0	0	0	0	0	0	0	0	0	0	0	0	0	0	0	0	0	0	0	0	0	0	0	0	0	0	0	0	0	0	0	0	0	0	0	0	0	0	0	0	0	0	0	0
167	0	517	0	0	0	0	0	0	0	0	517	0.0991979	0	0	0	0	0	0	0	0	0.0991979	1	0	0	0	0	0	0	0	0	47	0	0	0	0	0	0	0	0	47	1	0	0	0	0	0	0	0	0	66.778	0	0	0	0	0	0	0	0	66.778	1	0	0	0	0	0	0	0	0	134	0	0	0	0	0	0	0	0	134	1	0	0	0	0	0	0	0	0	0	0	0	0	0	0	0	0	0	0	0	0	0	0	0	0	0	0	0	0	0	0	0	0	0	0	0	0	0	0	0	0	0	0	0	0	0	0
168	0	525	0	0	0	0	0	0	0	0	525	0.0713295	0	0	0	0	0	0	0	0	0.0713295	1	0	0	0	0	0	0	0	0	44	0	0	0	0	0	0	0	0	44	1	0	0	0	0	0	0	0	0	66.561	0	0	0	0	0	0	0	0	66.561	1	0	0	0	0	0	0	0	0	140	0	0	0	0	0	0	0	0	140	1	0	0	0	0	0	0	0	0	0	0	0	0	0	0	0	0	0	0	0	0	0	0	0	0	0	0	0	0	0	0	0	0	0	0	0	0	0	0	0	0	0	0	0	0	0	0
169	0	506	0	0	0	0	0	0	0	0	506	0.0684032	0	0	0	0	0	0	0	0	0.0684032	1	0	0	0	0	0	0	0	0	50	0	0	0	0	0	0	0	0	50	1	0	0	0	0	0	0	0	0	64.0162	0	0	0	0	0	0	0	0	64.0162	1	0	0	0	0	0	0	0	0	135	0	0	0	0	0	0	0	0	135	1	0	0	0	0	0	0	0	0	0	0	0	0	0	0	0	0	0	0	0	0	0	0	0	0	0	0	0	0	0	0	0	0	0	0	0	0	0	0	0	0	0	0	0	0	0	0
170	0	501	0	0	0	0	0	0	0	0	501	0.106585	0	0	0	0	0	0	0	0	0.106585	1	0	0	0	0	0	0	0	0	57	0	0	0	0	0	0	0	0	57	1	0	0	0	0	0	0	0	0	62.662	0	0	0	0	0	0	0	0	62.662	1	0	0	0	0	0	0	0	0	132	0	0	0	0	0	0	0	0	132	1	0	0	0	0	0	0	0	0	0	0	0	0	0	0	0	0	0	0	0	0	0	0	0	0	0	0	0	0	0	0	0	0	0	0	0	0	0	0	0	0	0	0	0	0	0	0
171	0	502	0	0	0	0	0	0	0	0	502	0.0775946	0	0	0	0	0	0	0	0	0.0775946	1	0	0	0	0	0	0	0	0	52	0	0	0	0	0	0	0	0	52	1	0	0	0	0	0	0	0	0	64.6209	0	0	0	0	0	0	0	0	64.6209	1	0	0	0	0	0	0	0	0	136	0	0	0	0	0	0	0	0	136	1	0	0	0	0	0	0	0	0	0	0	0	0	0	0	0	0	0	0	0	0	0	0	0	0	0	0	0	0	0	0	0	0	0	0	0	0	0	0	0	0	0	0	0	0	0	0
172	0	458	0	0	0	0	0	0	0	0	458	0.0897091	0	0	0	0	0	0	0	0	0.0897091	1	0	0	0	0	0	0	0	0	48	0	0	0	0	0	0	0	0	48	1	0	0	0	0	0	0	0	0	61.8126	0	0	0	0	0	0	0	0	61.8126	1	0	0	0	0	0	0	0	0	128	0	0	0	0	0	0	0	0	128	1	0	0	0	0	0	0	0	0	0	0	0	0	0	0	0	0	0	0	0	0	0	0	0	0	0	0	0	0	0	0	0	0	0	0	0	0	0	0	0	0	0	0	0	0	0	0
173	0	459	0	0	0	0	0	0	0	0	459	0.0828408	0	0	0	0	0	0	0	0	0.0828408	1	0	0	0	0	0	0	0	0	41	0	0	0	0	0	0	0	0	41	1	0	0	0	0	0	0	0	0	60.5737	0	0	0	0	0	0	0	0	60.5737	1	0	0	0	0	0	0	0	0	126	0	0	0	0	0	0	0	0	126	1	0	0	0	0	0	0	0	0	0	0	0	0	0	0	0	0	0	0	0	0	0	0	0	0	0	0	0	0	0	0	0	0	0	0	0	0	0	0	0	0	0	0	0	0	0	0
174	0	497	0	0	0	0	0	0	0	0	497	0.0855608	0	0	0	0	0	0	0	0	0.0855608	1	0	0	0	0	0	0	0	0	36	0	0	0	0	0	0	0	0	36	1	0	0	0	0	0	0	0	0	60.4745	0	0	0	0	0	0	0	0	60.4745	1	0	0	0	0	0	0	0	0	124	0	0	0	0	0	0	0	0	124	1	0	0	0	0	0	0	0	0	0	0	0	0	0	0	0	0	0	0	0	0	0	0	0	0	0	0	0	0	0	0	0	0	0	0	0	0	0	0	0	0	0	0	0	0	0	0
175	0	493	0	0	0	0	0	0	0	0	493	0.069528	0	0	0	0	0	0	0	0	0.069528	1	0	0	0	0	0	0	0	0	29	0	0	0	0	0	0	0	0	29	1	0	0	0	0	0	0	0	0	61.055	0	0	0	0	0	0	0	0	61.055	1	0	0	0	0	0	0	0	0	125	0	0	0	0	0	0	0	0	125	1	0	0	0	0	0	0	0	0	0	0	0	0	0	0	0	0	0	0	0	0	0	0	0	0	0	0	0	0	0	0	0	0	0	0	0	0	0	0	0	0	0	0	0	0	0	0
176	0	483	0	0	0	0	0	0	0	0	483	0.065344	0	0	0	0	0	0	0	0	0.065344	1	0	0	0	0	0	0	0	0	32	0	0	0	0	0	0	0	0	32	1	0	0	0	0	0	0	0	0	59.3563	0	0	0	0	0	0	0	0	59.3563	1	0	0	0	0	0	0	0	0	124	0	0	0	0	0	0	0	0	124	1	0	0	0	0	0	0	0	0	0	0	0	0	0	0	0	0	0	0	0	0	0	0	0	0	0	0	0	0	0	0	0	0	0	0	0	0	0	0	0	0	0	0	0	0	0	0
177	0	471	0	0	0	0	0	0	0	0	471	0.0371899	0	0	0	0	0	0	0	0	0.0371899	1	0	0	0	0	0	0	0	0	32	0	0	0	0	0	0	0	0	32	1	0	0	0	0	0	0	0	0	57.0111	0	0	0	0	0	0	0	0	57.0111	1	0	0	0	0	0	0	0	0	123	0	0	0	0	0	0	0	0	123	1	0	0	0	0	0	0	0	0	0	0	0	0	0	0	0	0	0	0	0	0	0	0	0	0	0	0	0	0	0	0	0	0	0	0	0	0	0	0	0	0	0	0	0	0	0	0
178	0	467	0	0	0	0	0	0	0	0	467	0.0502802	0	0	0	0	0	0	0	0	0.0502802	1	0	0	0	0	0	0	0	0	40	0	0	0	0	0	0	0	0	40	1	0	0	0	0	0	0	0	0	57.0131	0	0	0	0	0	0	0	0	57.0131	1	0	0	0	0	0	0	0	0	120	0	0	0	0	0	0	0	0	120	1	0	0	0	0	0	0	0	0	0	0	0	0	0	0	0	0	0	0	0	0	0	0	0	0	0	0	0	0	0	0	0	0	0	0	0	0	0	0	0	0	0	0	0	0	0	0
179	0	488	0	0	0	0	0	0	0	0	488	0.0764849	0	0	0	0	0	0	0	0	0.0764849	1	0	0	0	0	0	0	0	0	45	0	0	0	0	0	0	0	0	45	1	0	0	0	0	0	0	0	0	58.6287	0	0	0	0	0	0	0	0	58.6287	1	0	0	0	0	0	0	0	0	123	0	0	0	0	0	0	0	0	123	1	0	0	0	0	0	0	0	0	0	0	0	0	0	0	0	0	0	0	0	0	0	0	0	0	0	0	0	0	0	0	0	0	0	0	0	0	0	0	0	0	0	0	0	0	0	0
180	0	504	0	0	0	0	0	0	0	0	504	0.0998825	0	0	0	0	0	0	0	0	0.0998825	1	0	0	0	0	0	0	0	0	51	0	0	0	0	0	0	0	0	51	1	0	0	0	0	0	0	0	0	58.5256	0	0	0	0	0	0	0	0	58.5256	1	0	0	0	0	0	0	0	0	118	0	0	0	0	0	0	0	0	118	1	0	0	0	0	0	0	0	0	0	0	0	0	0	0	0	0	0	0	0	0	0	0	0	0	0	0	0	0	0	0	0	0	0	0	0	0	0	0	0	0	0	0	0	0	0	0
181	0	499	0	0	0	0	0	0	0	0	499	0.0882281	0	0	0	0	0	0	0	0	0.0882281	1	0	0	0	0	0	0	0	0	51	0	0	0	0	0	0	0	0	51	1	0	0	0	0	0	0	0	0	59.2179	0	0	0	0	0	0	0	0	59.2179	1	0	0	0	0	0	0	0	0	123	0	0	0	0	0	0	0	0	123	1	0	0	0	0	0	0	0	0	0	0	0	0	0	0	0	0	0	0	0	0	0	0	0	0	0	0	0	0	0	0	0	0	0	0	0	0	0	0	0	0	0	0	0	0	0	0
182	0	488	0	0	0	0	0	0	0	0	488	0.0728706	0	0	0	0	0	0	0	0	0.0728706	1	0	0	0	0	0	0	0	0	51	0	0	0	0	0	0	0	0	51	1	0	0	0	0	0	0	0	0	58.5492	0	0	0	0	0	0	0	0	58.5492	1	0	0	0	0	0	0	0	0	124	0	0	0	0	0	0	0	0	124	1	0	0	0	0	0	0	0	0	0	0	0	0	0	0	0	0	0	0	0	0	0	0	0	0	0	0	0	0	0	0	0	0	0	0	0	0	0	0	0	0	0	0	0	0	0	0
183	0	472	0	0	0	0	0	0	0	0	472	0.0786015	0	0	0	0	0	0	0	0	0.0786015	1	0	0	0	0	0	0	0	0	54	0	0	0	0	0	0	0	0	54	1	0	0	0	0	0	0	0	0	58.3873	0	0	0	0	0	0	0	0	58.3873	1	0	0	0	0	0	0	0	0	127	0	0	0	0	0	0	0	0	127	1	0	0	0	0	0	0	0	0	0	0	0	0	0	0	0	0	0	0	0	0	0	0	0	0	0	0	0	0	0	0	0	0	0	0	0	0	0	0	0	0	0	0	0	0	0	0
184	0	482	0	0	0	0	0	0	0	0	482	0.0973545	0	0	0	0	0	0	0	0	0.0973545	1	0	0	0	0	0	0	0	0	58	0	0	0	0	0	0	0	0	58	1	0	0	0	0	0	0	0	0	54.9085	0	0	0	0	0	0	0	0	54.9085	1	0	0	0	0	0	0	0	0	122	0	0	0	0	0	0	0	0	122	1	0	0	0	0	0	0	0	0	0	0	0	0	0	0	0	0	0	0	0	0	0	0	0	0	0	0	0	0	0	0	0	0	0	0	0	0	0	0	0	0	0	0	0	0	0	0
185	0	480	0	0	0	0	0	0	0	0	480	0.0873119	0	0	0	0	0	0	0	0	0.0873119	1	0	0	0	0	0	0	0	0	61	0	0	0	0	0	0	0	0	61	1	0	0	0	0	0	0	0	0	57.0228	0	0	0	0	0	0	0	0	57.0228	1	0	0	0	0	0	0	0	0	127	0	0	0	0	0	0	0	0	127	1	0	0	0	0	0	0	0	0	0	0	0	0	0	0	0	0	0	0	0	0	0	0	0	0	0	0	0	0	0	0	0	0	0	0	0	0	0	0	0	0	0	0	0	0	0	0
186	0	473	0	0	0	0	0	0	0	0	473	0.10127	0	0	0	0	0	0	0	0	0.10127	1	0	0	0	0	0	0	0	0	66	0	0	0	0	0	0	0	0	66	1	0	0	0	0	0	0	0	0	54.4628	0	0	0	0	0	0	0	0	54.4628	1	0	0	0	0	0	0	0	0	128	0	0	0	0	0	0	0	0	128	1	0	0	0	0	0	0	0	0	0	0	0	0	0	0	0	0	0	0	0	0	0	0	0	0	0	0	0	0	0	0	0	0	0	0	0	0	0	0	0	0	0	0	0	0	0	0
187	0	487	0	0	0	0	0	0	0	0	487	0.120849	0	0	0	0	0	0	0	0	0.120849	1	0	0	0	0	0	0	0	0	62	0	0	0	0	0	0	0	0	62	1	0	0	0	0	0	0	0	0	54.8231	0	0	0	0	0	0	0	0	54.8231	1	0	0	0	0	0	0	0	0	132	0	0	0	0	0	0	0	0	132	1	0	0	0	0	0	0	0	0	0	0	0	0	0	0	0	0	0	0	0	0	0	0	0	0	0	0	0	0	0	0	0	0	0	0	0	0	0	0	0	0	0	0	0	0	0	0
188	0	489	0	0	0	0	0	0	0	0	489	0.0981888	0	0	0	0	0	0	0	0	0.0981888	1	0	0	0	0	0	0	0	0	64	0	0	0	0	0	0	0	0	64	1	0	0	0	0	0	0	0	0	57.474	0	0	0	0	0	0	0	0	57.474	1	0	0	0	0	0	0	0	0	143	0	0	0	0	0	0	0	0	143	1	0	0	0	0	0	0	0	0	0	0	0	0	0	0	0	0	0	0	0	0	0	0	0	0	0	0	0	0	0	0	0	0	0	0	0	0	0	0	0	0	0	0	0	0	0	0
189	0	493	0	0	0	0	0	0	0	0	493	0.117674	0	0	0	0	0	0	0	0	0.117674	1	0	0	0	0	0	0	0	0	74	0	0	0	0	0	0	0	0	74	1	0	0	0	0	0	0	0	0	57.7451	0	0	0	0	0	0	0	0	57.7451	1	0	0	0	0	0	0	0	0	140	0	0	0	0	0	0	0	0	140	1	0	0	0	0	0	0	0	0	0	0	0	0	0	0	0	0	0	0	0	0	0	0	0	0	0	0	0	0	0	0	0	0	0	0	0	0	0	0	0	0	0	0	0	0	0	0
190	0	503	0	0	0	0	0	0	0	0	503	0.12333	0	0	0	0	0	0	0	0	0.12333	1	0	0	0	0	0	0	0	0	78	0	0	0	0	0	0	0	0	78	1	0	0	0	0	0	0	0	0	57.6683	0	0	0	0	0	0	0	0	57.6683	1	0	0	0	0	0	0	0	0	143	0	0	0	0	0	0	0	0	143	1	0	0	0	0	0	0	0	0	0	0	0	0	0	0	0	0	0	0	0	0	0	0	0	0	0	0	0	0	0	0	0	0	0	0	0	0	0	0	0	0	0	0	0	0	0	0
191	0	503	0	0	0	0	0	0	0	0	503	0.144751	0	0	0	0	0	0	0	0	0.144751	1	0	0	0	0	0	0	0	0	78	0	0	0	0	0	0	0	0	78	1	0	0	0	0	0	0	0	0	57.9607	0	0	0	0	0	0	0	0	57.9607	1	0	0	0	0	0	0	0	0	146	0	0	0	0	0	0	0	0	146	1	0	0	0	0	0	0	0	0	0	0	0	0	0	0	0	0	0	0	0	0	0	0	0	0	0	0	0	0	0	0	0	0	0	0	0	0	0	0	0	0	0	0	0	0	0	0
192	0	500	0	0	0	0	0	0	0	0	500	0.180263	0	0	0	0	0	0	0	0	0.180263	1	0	0	0	0	0	0	0	0	79	0	0	0	0	0	0	0	0	79	1	0	0	0	0	0	0	0	0	57.9827	0	0	0	0	0	0	0	0	57.9827	1	0	0	0	0	0	0	0	0	153	0	0	0	0	0	0	0	0	153	1	0	0	0	0	0	0	0	0	0	0	0	0	0	0	0	0	0	0	0	0	0	0	0	0	0	0	0	0	0	0	0	0	0	0	0	0	0	0	0	0	0	0	0	0	0	0
193	0	480	0	0	0	0	0	0	0	0	480	0.119526	0	0	0	0	0	0	0	0	0.119526	1	0	0	0	0	0	0	0	0	64	0	0	0	0	0	0	0	0	64	1	0	0	0	0	0	0	0	0	58.0326	0	0	0	0	0	0	0	0	58.0326	1	0	0	0	0	0	0	0	0	166	0	0	0	0	0	0	0	0	166	1	0	0	0	0	0	0	0	0	0	0	0	0	0	0	0	0	0	0	0	0	0	0	0	0	0	0	0	0	0	0	0	0	0	0	0	0	0	0	0	0	0	0	0	0	0	0
194	0	471	0	0	0	0	0	0	0	0	471	0.129621	0	0	0	0	0	0	0	0	0.129621	1	0	0	0	0	0	0	0	0	67	0	0	0	0	0	0	0	0	67	1	0	0	0	0	0	0	0	0	57.1858	0	0	0	0	0	0	0	0	57.1858	1	0	0	0	0	0	0	0	0	158	0	0	0	0	0	0	0	0	158	1	0	0	0	0	0	0	0	0	0	0	0	0	0	0	0	0	0	0	0	0	0	0	0	0	0	0	0	0	0	0	0	0	0	0	0	0	0	0	0	0	0	0	0	0	0	0
195	0	477	0	0	0	0	0	0	0	0	477	0.0865663	0	0	0	0	0	0	0	0	0.0865663	1	0	0	0	0	0	0	0	0	54	0	0	0	0	0	0	0	0	54	1	0	0	0	0	0	0	0	0	55.5011	0	0	0	0	0	0	0	0	55.5011	1	0	0	0	0	0	0	0	0	163	0	0	0	0	0	0	0	0	163	1	0	0	0	0	0	0	0	0	0	0	0	0	0	0	0	0	0	0	0	0	0	0	0	0	0	0	0	0	0	0	0	0	0	0	0	0	0	0	0	0	0	0	0	0	0	0
196	0	484	0	0	0	0	0	0	0	0	484	0.092396	0	0	0	0	0	0	0	0	0.092396	1	0	0	0	0	0	0	0	0	57	0	0	0	0	0	0	0	0	57	1	0	0	0	0	0	0	0	0	55.0915	0	0	0	0	0	0	0	0	55.0915	1	0	0	0	0	0	0	0	0	162	0	0	0	0	0	0	0	0	162	1	0	0	0	0	0	0	0	0	0	0	0	0	0	0	0	0	0	0	0	0	0	0	0	0	0	0	0	0	0	0	0	0	0	0	0	0	0	0	0	0	0	0	0	0	0	0
197	0	470	0	0	0	0	0	0	0	0	470	0.135564	0	0	0	0	0	0	0	0	0.135564	1	0	0	0	0	0	0	0	0	66	0	0	0	0	0	0	0	0	66	1	0	0	0	0	0	0	0	0	55.7115	0	0	0	0	0	0	0	0	55.7115	1	0	0	0	0	0	0	0	0	161	0	0	0	0	0	0	0	0	161	1	0	0	0	0	0	0	0	0	0	0	0	0	0	0	0	0	0	0	0	0	0	0	0	0	0	0	0	0	0	0	0	0	0	0	0	0	0	0	0	0	0	0	0	0	0	0
198	0	490	0	0	0	0	0	0	0	0	490	0.0707779	0	0	0	0	0	0	0	0	0.0707779	1	0	0	0	0	0	0	0	0	65	0	0	0	0	0	0	0	0	65	1	0	0	0	0	0	0	0	0	57.9628	0	0	0	0	0	0	0	0	57.9628	1	0	0	0	0	0	0	0	0	172	0	0	0	0	0	0	0	0	172	1	0	0	0	0	0	0	0	0	0	0	0	0	0	0	0	0	0	0	0	0	0	0	0	0	0	0	0	0	0	0	0	0	0	0	0	0	0	0	0	0	0	0	0	0	0	0
199	0	480	0	0	0	0	0	0	0	0	480	0.0888551	0	0	0	0	0	0	0	0	0.0888551	1	0	0	0	0	0	0	0	0	72	0	0	0	0	0	0	0	0	72	1	0	0	0	0	0	0	0	0	60.1538	0	0	0	0	0	0	0	0	60.1538	1	0	0	0	0	0	0	0	0	169	0	0	0	0	0	0	0	0	169	1	0	0	0	0	0	0	0	0	0	0	0	0	0	0	0	0	0	0	0	0	0	0	0	0	0	0	0	0	0	0	0	0	0	0	0	0	0	0	0	0	0	0	0	0	0	0
200	0	484	0	0	0	0	0	0	0	0	484	0.112567	0	0	0	0	0	0	0	0	0.112567	1	0	0	0	0	0	0	0	0	75	0	0	0	0	0	0	0	0	75	1	0	0	0	0	0	0	0	0	60.2393	0	0	0	0	0	0	0	0	60.2393	1	0	0	0	0	0	0	0	0	163	0	0	0	0	0	0	0	0	163	1	0	0	0	0	0	0	0	0	0	0	0	0	0	0	0	0	0	0	0	0	0	0	0	0	0	0	0	0	0	0	0	0	0	0	0	0	0	0	0	0	0	0	0	0	0	0
