Location: Fake forest
From parameter file: C:\Users\ben\Desktop\inputs\input_GMF_0-0-0-0-0-0-0-1-0.xml
Basal area is normalized to m^2/ha; density to #/ha.
Subplots:
0 = Whole plot
Step	Subplot	Sdl Abs Den: ACRU	Sdl Abs Den: ACSA	Sdl Abs Den: BEAL	Sdl Abs Den: FAGR	Sdl Abs Den: TSCA	Sdl Abs Den: FRAM	Sdl Abs Den: PIST	Sdl Abs Den: PRSE	Sdl Abs Den: QURU	Sdl Den Total:	Sapl Abs BA: ACRU	Sapl Abs BA: ACSA	Sapl Abs BA: BEAL	Sapl Abs BA: FAGR	Sapl Abs BA: TSCA	Sapl Abs BA: FRAM	Sapl Abs BA: PIST	Sapl Abs BA: PRSE	Sapl Abs BA: QURU	Sapl BA Total:	Sapl Rel BA: ACRU	Sapl Rel BA: ACSA	Sapl Rel BA: BEAL	Sapl Rel BA: FAGR	Sapl Rel BA: TSCA	Sapl Rel BA: FRAM	Sapl Rel BA: PIST	Sapl Rel BA: PRSE	Sapl Rel BA: QURU	Sapl Abs Den: ACRU	Sapl Abs Den: ACSA	Sapl Abs Den: BEAL	Sapl Abs Den: FAGR	Sapl Abs Den: TSCA	Sapl Abs Den: FRAM	Sapl Abs Den: PIST	Sapl Abs Den: PRSE	Sapl Abs Den: QURU	Sapl Den Total:	Sapl Rel Den: ACRU	Sapl Rel Den: ACSA	Sapl Rel Den: BEAL	Sapl Rel Den: FAGR	Sapl Rel Den: TSCA	Sapl Rel Den: FRAM	Sapl Rel Den: PIST	Sapl Rel Den: PRSE	Sapl Rel Den: QURU	Adult Abs BA: ACRU	Adult Abs BA: ACSA	Adult Abs BA: BEAL	Adult Abs BA: FAGR	Adult Abs BA: TSCA	Adult Abs BA: FRAM	Adult Abs BA: PIST	Adult Abs BA: PRSE	Adult Abs BA: QURU	Adult BA Total:	Adult Rel BA: ACRU	Adult Rel BA: ACSA	Adult Rel BA: BEAL	Adult Rel BA: FAGR	Adult Rel BA: TSCA	Adult Rel BA: FRAM	Adult Rel BA: PIST	Adult Rel BA: PRSE	Adult Rel BA: QURU	Adult Abs Den: ACRU	Adult Abs Den: ACSA	Adult Abs Den: BEAL	Adult Abs Den: FAGR	Adult Abs Den: TSCA	Adult Abs Den: FRAM	Adult Abs Den: PIST	Adult Abs Den: PRSE	Adult Abs Den: QURU	Adult Den Total:	Adult Rel Den: ACRU	Adult Rel Den: ACSA	Adult Rel Den: BEAL	Adult Rel Den: FAGR	Adult Rel Den: TSCA	Adult Rel Den: FRAM	Adult Rel Den: PIST	Adult Rel Den: PRSE	Adult Rel Den: QURU	Snag Abs BA: ACRU	Snag Abs BA: ACSA	Snag Abs BA: BEAL	Snag Abs BA: FAGR	Snag Abs BA: TSCA	Snag Abs BA: FRAM	Snag Abs BA: PIST	Snag Abs BA: PRSE	Snag Abs BA: QURU	Snag BA Total:	Snag Rel BA: ACRU	Snag Rel BA: ACSA	Snag Rel BA: BEAL	Snag Rel BA: FAGR	Snag Rel BA: TSCA	Snag Rel BA: FRAM	Snag Rel BA: PIST	Snag Rel BA: PRSE	Snag Rel BA: QURU	Snag Abs Den: ACRU	Snag Abs Den: ACSA	Snag Abs Den: BEAL	Snag Abs Den: FAGR	Snag Abs Den: TSCA	Snag Abs Den: FRAM	Snag Abs Den: PIST	Snag Abs Den: PRSE	Snag Abs Den: QURU	Snag Den Total:	Snag Rel Den: ACRU	Snag Rel Den: ACSA	Snag Rel Den: BEAL	Snag Rel Den: FAGR	Snag Rel Den: TSCA	Snag Rel Den: FRAM	Snag Rel Den: PIST	Snag Rel Den: PRSE	Snag Rel Den: QURU
0	0	0	0	0	0	0	0	0	0	0	0	0	0	0	0	0	0	0	0.000700447	0	0.000700447	0	0	0	0	0	0	0	1	0	0	0	0	0	0	0	0	25	0	25	0	0	0	0	0	0	0	1	0	0	0	0	0	0	0	0	0	0	0	0	0	0	0	0	0	0	0	0	0	0	0	0	0	0	0	0	0	0	0	0	0	0	0	0	0	0	0	0	0	0	0	0	0	0	0	0	0	0	0	0	0	0	0	0	0	0	0	0	0	0	0	0	0	0	0	0	0	0	0	0	0	0	0	0	0
1	0	0	0	0	0	0	0	0	0	0	0	0	0	0	0	0	0	0	0.00596091	0	0.00596091	0	0	0	0	0	0	0	1	0	0	0	0	0	0	0	0	24	0	24	0	0	0	0	0	0	0	1	0	0	0	0	0	0	0	0	0	0	0	0	0	0	0	0	0	0	0	0	0	0	0	0	0	0	0	0	0	0	0	0	0	0	0	0	0	0	0	0	0	0	0	0	0	0	0	0	0	0	0	0	0	0	0	0	0	0	0	0	0	0	0	0	0	0	0	0	0	0	0	0	0	0	0	0	0
2	0	0	0	0	0	0	0	0	0	0	0	0	0	0	0	0	0	0	0.0483141	0	0.0483141	0	0	0	0	0	0	0	1	0	0	0	0	0	0	0	0	22	0	22	0	0	0	0	0	0	0	1	0	0	0	0	0	0	0	0	0	0	0	0	0	0	0	0	0	0	0	0	0	0	0	0	0	0	0	0	0	0	0	0	0	0	0	0	0	0	0	0	0	0	0	0	0	0	0	0	0	0	0	0	0	0	0	0	0	0	0	0	0	0	0	0	0	0	0	0	0	0	0	0	0	0	0	0	0
3	0	0	0	0	0	0	0	0	3	0	3	0	0	0	0	0	0	0	0.0336106	0	0.0336106	0	0	0	0	0	0	0	1	0	0	0	0	0	0	0	0	7	0	7	0	0	0	0	0	0	0	1	0	0	0	0	0	0	0	0	0.371654	0	0.371654	0	0	0	0	0	0	0	1	0	0	0	0	0	0	0	0	14	0	14	0	0	0	0	0	0	0	1	0	0	0	0	0	0	0	0	0	0	0	0	0	0	0	0	0	0	0	0	0	0	0	0	0	0	0	0	0	0	0	0	0	0	0	0	0	0	0
4	0	0	0	0	0	0	0	0	8	0	8	0	0	0	0	0	0	0	0	0	0	0	0	0	0	0	0	0	0	0	0	0	0	0	0	0	0	0	0	0	0	0	0	0	0	0	0	0	0	0	0	0	0	0	0	0	1.035	0	1.035	0	0	0	0	0	0	0	1	0	0	0	0	0	0	0	0	20	0	20	0	0	0	0	0	0	0	1	0	0	0	0	0	0	0	0	0	0	0	0	0	0	0	0	0	0	0	0	0	0	0	0	0	0	0	0	0	0	0	0	0	0	0	0	0	0	0
5	0	0	0	0	0	0	0	0	13	0	13	0	0	0	0	0	0	0	0.000125891	0	0.000125891	0	0	0	0	0	0	0	1	0	0	0	0	0	0	0	0	1	0	1	0	0	0	0	0	0	0	1	0	0	0	0	0	0	0	0	1.56585	0	1.56585	0	0	0	0	0	0	0	1	0	0	0	0	0	0	0	0	20	0	20	0	0	0	0	0	0	0	1	0	0	0	0	0	0	0	0	0	0	0	0	0	0	0	0	0	0	0	0	0	0	0	0	0	0	0	0	0	0	0	0	0	0	0	0	0	0	0
6	0	0	0	0	0	0	0	0	19	0	19	0	0	0	0	0	0	0	0.00143805	0	0.00143805	0	0	0	0	0	0	0	1	0	0	0	0	0	0	0	0	4	0	4	0	0	0	0	0	0	0	1	0	0	0	0	0	0	0	0	1.97446	0	1.97446	0	0	0	0	0	0	0	1	0	0	0	0	0	0	0	0	19	0	19	0	0	0	0	0	0	0	1	0	0	0	0	0	0	0	0	0	0	0	0	0	0	0	0	0	0	0	0	0	0	0	0	0	0	0	0	0	0	0	0	0	0	0	0	0	0	0
7	0	0	0	0	0	0	0	0	26	0	26	0	0	0	0	0	0	0	0.00386059	0	0.00386059	0	0	0	0	0	0	0	1	0	0	0	0	0	0	0	0	8	0	8	0	0	0	0	0	0	0	1	0	0	0	0	0	0	0	0	2.45681	0	2.45681	0	0	0	0	0	0	0	1	0	0	0	0	0	0	0	0	20	0	20	0	0	0	0	0	0	0	1	0	0	0	0	0	0	0	0	0	0	0	0	0	0	0	0	0	0	0	0	0	0	0	0	0	0	0	0	0	0	0	0	0	0	0	0	0	0	0
8	0	0	0	0	0	0	0	0	32	0	32	0	0	0	0	0	0	0	0.00613528	0	0.00613528	0	0	0	0	0	0	0	1	0	0	0	0	0	0	0	0	13	0	13	0	0	0	0	0	0	0	1	0	0	0	0	0	0	0	0	2.66288	0	2.66288	0	0	0	0	0	0	0	1	0	0	0	0	0	0	0	0	20	0	20	0	0	0	0	0	0	0	1	0	0	0	0	0	0	0	0	0	0	0	0	0	0	0	0	0	0	0	0	0	0	0	0	0	0	0	0	0	0	0	0	0	0	0	0	0	0	0
9	0	0	0	0	0	0	0	0	28	0	28	0	0	0	0	0	0	0	0.00898883	0	0.00898883	0	0	0	0	0	0	0	1	0	0	0	0	0	0	0	0	21	0	21	0	0	0	0	0	0	0	1	0	0	0	0	0	0	0	0	3.23775	0	3.23775	0	0	0	0	0	0	0	1	0	0	0	0	0	0	0	0	25	0	25	0	0	0	0	0	0	0	1	0	0	0	0	0	0	0	0	0	0	0	0	0	0	0	0	0	0	0	0	0	0	0	0	0	0	0	0	0	0	0	0	0	0	0	0	0	0	0
10	0	0	0	0	0	0	0	0	40	0	40	0	0	0	0	0	0	0	0.013984	0	0.013984	0	0	0	0	0	0	0	1	0	0	0	0	0	0	0	0	19	0	19	0	0	0	0	0	0	0	1	0	0	0	0	0	0	0	0	3.99055	0	3.99055	0	0	0	0	0	0	0	1	0	0	0	0	0	0	0	0	32	0	32	0	0	0	0	0	0	0	1	0	0	0	0	0	0	0	0	0	0	0	0	0	0	0	0	0	0	0	0	0	0	0	0	0	0	0	0	0	0	0	0	0	0	0	0	0	0	0
11	0	0	0	0	0	0	0	0	51	0	51	0	0	0	0	0	0	0	0.0300842	0	0.0300842	0	0	0	0	0	0	0	1	0	0	0	0	0	0	0	0	24	0	24	0	0	0	0	0	0	0	1	0	0	0	0	0	0	0	0	4.45686	0	4.45686	0	0	0	0	0	0	0	1	0	0	0	0	0	0	0	0	39	0	39	0	0	0	0	0	0	0	1	0	0	0	0	0	0	0	0	0	0	0	0	0	0	0	0	0	0	0	0	0	0	0	0	0	0	0	0	0	0	0	0	0	0	0	0	0	0	0
12	0	0	0	0	0	0	0	0	50	0	50	0	0	0	0	0	0	0	0.0241955	0	0.0241955	0	0	0	0	0	0	0	1	0	0	0	0	0	0	0	0	36	0	36	0	0	0	0	0	0	0	1	0	0	0	0	0	0	0	0	5.73702	0	5.73702	0	0	0	0	0	0	0	1	0	0	0	0	0	0	0	0	44	0	44	0	0	0	0	0	0	0	1	0	0	0	0	0	0	0	0	0	0	0	0	0	0	0	0	0	0	0	0	0	0	0	0	0	0	0	0	0	0	0	0	0	0	0	0	0	0	0
13	0	0	0	0	0	0	0	0	65	0	65	0	0	0	0	0	0	0	0.0624343	0	0.0624343	0	0	0	0	0	0	0	1	0	0	0	0	0	0	0	0	44	0	44	0	0	0	0	0	0	0	1	0	0	0	0	0	0	0	0	6.99524	0	6.99524	0	0	0	0	0	0	0	1	0	0	0	0	0	0	0	0	52	0	52	0	0	0	0	0	0	0	1	0	0	0	0	0	0	0	0	0	0	0	0	0	0	0	0	0	0	0	0	0	0	0	0	0	0	0	0	0	0	0	0	0	0	0	0	0	0	0
14	0	0	0	0	0	0	0	0	87	0	87	0	0	0	0	0	0	0	0.0925754	0	0.0925754	0	0	0	0	0	0	0	1	0	0	0	0	0	0	0	0	44	0	44	0	0	0	0	0	0	0	1	0	0	0	0	0	0	0	0	8.4509	0	8.4509	0	0	0	0	0	0	0	1	0	0	0	0	0	0	0	0	65	0	65	0	0	0	0	0	0	0	1	0	0	0	0	0	0	0	0	0	0	0	0	0	0	0	0	0	0	0	0	0	0	0	0	0	0	0	0	0	0	0	0	0	0	0	0	0	0	0
15	0	0	0	0	0	0	0	0	104	0	104	0	0	0	0	0	0	0	0.0935935	0	0.0935935	0	0	0	0	0	0	0	1	0	0	0	0	0	0	0	0	50	0	50	0	0	0	0	0	0	0	1	0	0	0	0	0	0	0	0	10.2681	0	10.2681	0	0	0	0	0	0	0	1	0	0	0	0	0	0	0	0	76	0	76	0	0	0	0	0	0	0	1	0	0	0	0	0	0	0	0	0	0	0	0	0	0	0	0	0	0	0	0	0	0	0	0	0	0	0	0	0	0	0	0	0	0	0	0	0	0	0
16	0	0	0	0	0	0	0	0	126	0	126	0	0	0	0	0	0	0	0.0691997	0	0.0691997	0	0	0	0	0	0	0	1	0	0	0	0	0	0	0	0	70	0	70	0	0	0	0	0	0	0	1	0	0	0	0	0	0	0	0	12.776	0	12.776	0	0	0	0	0	0	0	1	0	0	0	0	0	0	0	0	92	0	92	0	0	0	0	0	0	0	1	0	0	0	0	0	0	0	0	0	0	0	0	0	0	0	0	0	0	0	0	0	0	0	0	0	0	0	0	0	0	0	0	0	0	0	0	0	0	0
17	0	0	0	0	0	0	0	0	146	0	146	0	0	0	0	0	0	0	0.145343	0	0.145343	0	0	0	0	0	0	0	1	0	0	0	0	0	0	0	0	91	0	91	0	0	0	0	0	0	0	1	0	0	0	0	0	0	0	0	14.8502	0	14.8502	0	0	0	0	0	0	0	1	0	0	0	0	0	0	0	0	97	0	97	0	0	0	0	0	0	0	1	0	0	0	0	0	0	0	0	0	0	0	0	0	0	0	0	0	0	0	0	0	0	0	0	0	0	0	0	0	0	0	0	0	0	0	0	0	0	0
18	0	0	0	0	0	0	0	0	190	0	190	0	0	0	0	0	0	0	0.221558	0	0.221558	0	0	0	0	0	0	0	1	0	0	0	0	0	0	0	0	101	0	101	0	0	0	0	0	0	0	1	0	0	0	0	0	0	0	0	17.7735	0	17.7735	0	0	0	0	0	0	0	1	0	0	0	0	0	0	0	0	116	0	116	0	0	0	0	0	0	0	1	0	0	0	0	0	0	0	0	0	0	0	0	0	0	0	0	0	0	0	0	0	0	0	0	0	0	0	0	0	0	0	0	0	0	0	0	0	0	0
19	0	0	0	0	0	0	0	0	242	0	242	0	0	0	0	0	0	0	0.18007	0	0.18007	0	0	0	0	0	0	0	1	0	0	0	0	0	0	0	0	95	0	95	0	0	0	0	0	0	0	1	0	0	0	0	0	0	0	0	21.5504	0	21.5504	0	0	0	0	0	0	0	1	0	0	0	0	0	0	0	0	147	0	147	0	0	0	0	0	0	0	1	0	0	0	0	0	0	0	0	0	0	0	0	0	0	0	0	0	0	0	0	0	0	0	0	0	0	0	0	0	0	0	0	0	0	0	0	0	0	0
20	0	0	0	0	0	0	0	0	274	0	274	0	0	0	0	0	0	0	0.202011	0	0.202011	0	0	0	0	0	0	0	1	0	0	0	0	0	0	0	0	119	0	119	0	0	0	0	0	0	0	1	0	0	0	0	0	0	0	0	23.5579	0	23.5579	0	0	0	0	0	0	0	1	0	0	0	0	0	0	0	0	165	0	165	0	0	0	0	0	0	0	1	0	0	0	0	0	0	0	0	0	0	0	0	0	0	0	0	0	0	0	0	0	0	0	0	0	0	0	0	0	0	0	0	0	0	0	0	0	0	0
21	0	0	0	0	0	0	0	0	311	0	311	0	0	0	0	0	0	0	0.224678	0	0.224678	0	0	0	0	0	0	0	1	0	0	0	0	0	0	0	0	139	0	139	0	0	0	0	0	0	0	1	0	0	0	0	0	0	0	0	27.0507	0	27.0507	0	0	0	0	0	0	0	1	0	0	0	0	0	0	0	0	190	0	190	0	0	0	0	0	0	0	1	0	0	0	0	0	0	0	0	0	0	0	0	0	0	0	0	0	0	0	0	0	0	0	0	0	0	0	0	0	0	0	0	0	0	0	0	0	0	0
22	0	0	0	0	0	0	0	0	346	0	346	0	0	0	0	0	0	0	0.311976	0	0.311976	0	0	0	0	0	0	0	1	0	0	0	0	0	0	0	0	171	0	171	0	0	0	0	0	0	0	1	0	0	0	0	0	0	0	0	31.0005	0	31.0005	0	0	0	0	0	0	0	1	0	0	0	0	0	0	0	0	216	0	216	0	0	0	0	0	0	0	1	0	0	0	0	0	0	0	0	0	0	0	0	0	0	0	0	0	0	0	0	0	0	0	0	0	0	0	0	0	0	0	0	0	0	0	0	0	0	0
23	0	0	0	0	0	0	0	0	391	0	391	0	0	0	0	0	0	0	0.349825	0	0.349825	0	0	0	0	0	0	0	1	0	0	0	0	0	0	0	0	173	0	173	0	0	0	0	0	0	0	1	0	0	0	0	0	0	0	0	36.3189	0	36.3189	0	0	0	0	0	0	0	1	0	0	0	0	0	0	0	0	256	0	256	0	0	0	0	0	0	0	1	0	0	0	0	0	0	0	0	0	0	0	0	0	0	0	0	0	0	0	0	0	0	0	0	0	0	0	0	0	0	0	0	0	0	0	0	0	0	0
24	0	0	0	0	0	0	0	0	428	0	428	0	0	0	0	0	0	0	0.399626	0	0.399626	0	0	0	0	0	0	0	1	0	0	0	0	0	0	0	0	201	0	201	0	0	0	0	0	0	0	1	0	0	0	0	0	0	0	0	38.1786	0	38.1786	0	0	0	0	0	0	0	1	0	0	0	0	0	0	0	0	285	0	285	0	0	0	0	0	0	0	1	0	0	0	0	0	0	0	0	0	0	0	0	0	0	0	0	0	0	0	0	0	0	0	0	0	0	0	0	0	0	0	0	0	0	0	0	0	0	0
25	0	0	0	0	0	0	0	0	485	0	485	0	0	0	0	0	0	0	0.423059	0	0.423059	0	0	0	0	0	0	0	1	0	0	0	0	0	0	0	0	210	0	210	0	0	0	0	0	0	0	1	0	0	0	0	0	0	0	0	43.131	0	43.131	0	0	0	0	0	0	0	1	0	0	0	0	0	0	0	0	322	0	322	0	0	0	0	0	0	0	1	0	0	0	0	0	0	0	0	0	0	0	0	0	0	0	0	0	0	0	0	0	0	0	0	0	0	0	0	0	0	0	0	0	0	0	0	0	0	0
26	0	0	0	0	0	0	0	0	521	0	521	0	0	0	0	0	0	0	0.427024	0	0.427024	0	0	0	0	0	0	0	1	0	0	0	0	0	0	0	0	218	0	218	0	0	0	0	0	0	0	1	0	0	0	0	0	0	0	0	48.1989	0	48.1989	0	0	0	0	0	0	0	1	0	0	0	0	0	0	0	0	360	0	360	0	0	0	0	0	0	0	1	0	0	0	0	0	0	0	0	0	0	0	0	0	0	0	0	0	0	0	0	0	0	0	0	0	0	0	0	0	0	0	0	0	0	0	0	0	0	0
27	0	0	0	0	0	0	0	0	524	0	524	0	0	0	0	0	0	0	0.436285	0	0.436285	0	0	0	0	0	0	0	1	0	0	0	0	0	0	0	0	243	0	243	0	0	0	0	0	0	0	1	0	0	0	0	0	0	0	0	52.1261	0	52.1261	0	0	0	0	0	0	0	1	0	0	0	0	0	0	0	0	381	0	381	0	0	0	0	0	0	0	1	0	0	0	0	0	0	0	0	0	0	0	0	0	0	0	0	0	0	0	0	0	0	0	0	0	0	0	0	0	0	0	0	0	0	0	0	0	0	0
28	0	0	0	0	0	0	0	0	556	0	556	0	0	0	0	0	0	0	0.460434	0	0.460434	0	0	0	0	0	0	0	1	0	0	0	0	0	0	0	0	246	0	246	0	0	0	0	0	0	0	1	0	0	0	0	0	0	0	0	57.958	0	57.958	0	0	0	0	0	0	0	1	0	0	0	0	0	0	0	0	413	0	413	0	0	0	0	0	0	0	1	0	0	0	0	0	0	0	0	0	0	0	0	0	0	0	0	0	0	0	0	0	0	0	0	0	0	0	0	0	0	0	0	0	0	0	0	0	0	0
29	0	0	0	0	0	0	0	0	558	0	558	0	0	0	0	0	0	0	0.532486	0	0.532486	0	0	0	0	0	0	0	1	0	0	0	0	0	0	0	0	249	0	249	0	0	0	0	0	0	0	1	0	0	0	0	0	0	0	0	62.1162	0	62.1162	0	0	0	0	0	0	0	1	0	0	0	0	0	0	0	0	432	0	432	0	0	0	0	0	0	0	1	0	0	0	0	0	0	0	0	0	0	0	0	0	0	0	0	0	0	0	0	0	0	0	0	0	0	0	0	0	0	0	0	0	0	0	0	0	0	0
30	0	0	0	0	0	0	0	0	578	0	578	0	0	0	0	0	0	0	0.503319	0	0.503319	0	0	0	0	0	0	0	1	0	0	0	0	0	0	0	0	236	0	236	0	0	0	0	0	0	0	1	0	0	0	0	0	0	0	0	66.5785	0	66.5785	0	0	0	0	0	0	0	1	0	0	0	0	0	0	0	0	451	0	451	0	0	0	0	0	0	0	1	0	0	0	0	0	0	0	0	0	0	0	0	0	0	0	0	0	0	0	0	0	0	0	0	0	0	0	0	0	0	0	0	0	0	0	0	0	0	0
31	0	0	0	0	0	0	0	0	593	0	593	0	0	0	0	0	0	0	0.445952	0	0.445952	0	0	0	0	0	0	0	1	0	0	0	0	0	0	0	0	226	0	226	0	0	0	0	0	0	0	1	0	0	0	0	0	0	0	0	68.6992	0	68.6992	0	0	0	0	0	0	0	1	0	0	0	0	0	0	0	0	457	0	457	0	0	0	0	0	0	0	1	0	0	0	0	0	0	0	0	0	0	0	0	0	0	0	0	0	0	0	0	0	0	0	0	0	0	0	0	0	0	0	0	0	0	0	0	0	0	0
32	0	0	0	0	0	0	0	0	590	0	590	0	0	0	0	0	0	0	0.464276	0	0.464276	0	0	0	0	0	0	0	1	0	0	0	0	0	0	0	0	220	0	220	0	0	0	0	0	0	0	1	0	0	0	0	0	0	0	0	70.2987	0	70.2987	0	0	0	0	0	0	0	1	0	0	0	0	0	0	0	0	461	0	461	0	0	0	0	0	0	0	1	0	0	0	0	0	0	0	0	0	0	0	0	0	0	0	0	0	0	0	0	0	0	0	0	0	0	0	0	0	0	0	0	0	0	0	0	0	0	0
33	0	0	0	0	0	0	0	0	581	0	581	0	0	0	0	0	0	0	0.49675	0	0.49675	0	0	0	0	0	0	0	1	0	0	0	0	0	0	0	0	210	0	210	0	0	0	0	0	0	0	1	0	0	0	0	0	0	0	0	72.9528	0	72.9528	0	0	0	0	0	0	0	1	0	0	0	0	0	0	0	0	474	0	474	0	0	0	0	0	0	0	1	0	0	0	0	0	0	0	0	0	0	0	0	0	0	0	0	0	0	0	0	0	0	0	0	0	0	0	0	0	0	0	0	0	0	0	0	0	0	0
34	0	0	0	0	0	0	0	0	609	0	609	0	0	0	0	0	0	0	0.448484	0	0.448484	0	0	0	0	0	0	0	1	0	0	0	0	0	0	0	0	196	0	196	0	0	0	0	0	0	0	1	0	0	0	0	0	0	0	0	77.8174	0	77.8174	0	0	0	0	0	0	0	1	0	0	0	0	0	0	0	0	488	0	488	0	0	0	0	0	0	0	1	0	0	0	0	0	0	0	0	0	0	0	0	0	0	0	0	0	0	0	0	0	0	0	0	0	0	0	0	0	0	0	0	0	0	0	0	0	0	0
35	0	0	0	0	0	0	0	0	606	0	606	0	0	0	0	0	0	0	0.451787	0	0.451787	0	0	0	0	0	0	0	1	0	0	0	0	0	0	0	0	190	0	190	0	0	0	0	0	0	0	1	0	0	0	0	0	0	0	0	80.8999	0	80.8999	0	0	0	0	0	0	0	1	0	0	0	0	0	0	0	0	480	0	480	0	0	0	0	0	0	0	1	0	0	0	0	0	0	0	0	0	0	0	0	0	0	0	0	0	0	0	0	0	0	0	0	0	0	0	0	0	0	0	0	0	0	0	0	0	0	0
36	0	0	0	0	0	0	0	0	643	0	643	0	0	0	0	0	0	0	0.355595	0	0.355595	0	0	0	0	0	0	0	1	0	0	0	0	0	0	0	0	148	0	148	0	0	0	0	0	0	0	1	0	0	0	0	0	0	0	0	82.5037	0	82.5037	0	0	0	0	0	0	0	1	0	0	0	0	0	0	0	0	489	0	489	0	0	0	0	0	0	0	1	0	0	0	0	0	0	0	0	0	0	0	0	0	0	0	0	0	0	0	0	0	0	0	0	0	0	0	0	0	0	0	0	0	0	0	0	0	0	0
37	0	0	0	0	0	0	0	0	615	0	615	0	0	0	0	0	0	0	0.311895	0	0.311895	0	0	0	0	0	0	0	1	0	0	0	0	0	0	0	0	139	0	139	0	0	0	0	0	0	0	1	0	0	0	0	0	0	0	0	82.8327	0	82.8327	0	0	0	0	0	0	0	1	0	0	0	0	0	0	0	0	484	0	484	0	0	0	0	0	0	0	1	0	0	0	0	0	0	0	0	0	0	0	0	0	0	0	0	0	0	0	0	0	0	0	0	0	0	0	0	0	0	0	0	0	0	0	0	0	0	0
38	0	0	0	0	0	0	0	0	631	0	631	0	0	0	0	0	0	0	0.295903	0	0.295903	0	0	0	0	0	0	0	1	0	0	0	0	0	0	0	0	126	0	126	0	0	0	0	0	0	0	1	0	0	0	0	0	0	0	0	85.0895	0	85.0895	0	0	0	0	0	0	0	1	0	0	0	0	0	0	0	0	470	0	470	0	0	0	0	0	0	0	1	0	0	0	0	0	0	0	0	0	0	0	0	0	0	0	0	0	0	0	0	0	0	0	0	0	0	0	0	0	0	0	0	0	0	0	0	0	0	0
39	0	0	0	0	0	0	0	0	621	0	621	0	0	0	0	0	0	0	0.272066	0	0.272066	0	0	0	0	0	0	0	1	0	0	0	0	0	0	0	0	108	0	108	0	0	0	0	0	0	0	1	0	0	0	0	0	0	0	0	86.2404	0	86.2404	0	0	0	0	0	0	0	1	0	0	0	0	0	0	0	0	458	0	458	0	0	0	0	0	0	0	1	0	0	0	0	0	0	0	0	0	0	0	0	0	0	0	0	0	0	0	0	0	0	0	0	0	0	0	0	0	0	0	0	0	0	0	0	0	0	0
40	0	0	0	0	0	0	0	0	611	0	611	0	0	0	0	0	0	0	0.2794	0	0.2794	0	0	0	0	0	0	0	1	0	0	0	0	0	0	0	0	113	0	113	0	0	0	0	0	0	0	1	0	0	0	0	0	0	0	0	87.9984	0	87.9984	0	0	0	0	0	0	0	1	0	0	0	0	0	0	0	0	451	0	451	0	0	0	0	0	0	0	1	0	0	0	0	0	0	0	0	0	0	0	0	0	0	0	0	0	0	0	0	0	0	0	0	0	0	0	0	0	0	0	0	0	0	0	0	0	0	0
41	0	0	0	0	0	0	0	0	635	0	635	0	0	0	0	0	0	0	0.25462	0	0.25462	0	0	0	0	0	0	0	1	0	0	0	0	0	0	0	0	95	0	95	0	0	0	0	0	0	0	1	0	0	0	0	0	0	0	0	88.2902	0	88.2902	0	0	0	0	0	0	0	1	0	0	0	0	0	0	0	0	432	0	432	0	0	0	0	0	0	0	1	0	0	0	0	0	0	0	0	0	0	0	0	0	0	0	0	0	0	0	0	0	0	0	0	0	0	0	0	0	0	0	0	0	0	0	0	0	0	0
42	0	0	0	0	0	0	0	0	632	0	632	0	0	0	0	0	0	0	0.22263	0	0.22263	0	0	0	0	0	0	0	1	0	0	0	0	0	0	0	0	78	0	78	0	0	0	0	0	0	0	1	0	0	0	0	0	0	0	0	89.4707	0	89.4707	0	0	0	0	0	0	0	1	0	0	0	0	0	0	0	0	428	0	428	0	0	0	0	0	0	0	1	0	0	0	0	0	0	0	0	0	0	0	0	0	0	0	0	0	0	0	0	0	0	0	0	0	0	0	0	0	0	0	0	0	0	0	0	0	0	0
43	0	0	0	0	0	0	0	0	624	0	624	0	0	0	0	0	0	0	0.181585	0	0.181585	0	0	0	0	0	0	0	1	0	0	0	0	0	0	0	0	66	0	66	0	0	0	0	0	0	0	1	0	0	0	0	0	0	0	0	90.6093	0	90.6093	0	0	0	0	0	0	0	1	0	0	0	0	0	0	0	0	418	0	418	0	0	0	0	0	0	0	1	0	0	0	0	0	0	0	0	0	0	0	0	0	0	0	0	0	0	0	0	0	0	0	0	0	0	0	0	0	0	0	0	0	0	0	0	0	0	0
44	0	0	0	0	0	0	0	0	652	0	652	0	0	0	0	0	0	0	0.120461	0	0.120461	0	0	0	0	0	0	0	1	0	0	0	0	0	0	0	0	53	0	53	0	0	0	0	0	0	0	1	0	0	0	0	0	0	0	0	93.8442	0	93.8442	0	0	0	0	0	0	0	1	0	0	0	0	0	0	0	0	413	0	413	0	0	0	0	0	0	0	1	0	0	0	0	0	0	0	0	0	0	0	0	0	0	0	0	0	0	0	0	0	0	0	0	0	0	0	0	0	0	0	0	0	0	0	0	0	0	0
45	0	0	0	0	0	0	0	0	668	0	668	0	0	0	0	0	0	0	0.120559	0	0.120559	0	0	0	0	0	0	0	1	0	0	0	0	0	0	0	0	54	0	54	0	0	0	0	0	0	0	1	0	0	0	0	0	0	0	0	96.317	0	96.317	0	0	0	0	0	0	0	1	0	0	0	0	0	0	0	0	399	0	399	0	0	0	0	0	0	0	1	0	0	0	0	0	0	0	0	0	0	0	0	0	0	0	0	0	0	0	0	0	0	0	0	0	0	0	0	0	0	0	0	0	0	0	0	0	0	0
46	0	0	0	0	0	0	0	0	660	0	660	0	0	0	0	0	0	0	0.115301	0	0.115301	0	0	0	0	0	0	0	1	0	0	0	0	0	0	0	0	47	0	47	0	0	0	0	0	0	0	1	0	0	0	0	0	0	0	0	95.6941	0	95.6941	0	0	0	0	0	0	0	1	0	0	0	0	0	0	0	0	386	0	386	0	0	0	0	0	0	0	1	0	0	0	0	0	0	0	0	0	0	0	0	0	0	0	0	0	0	0	0	0	0	0	0	0	0	0	0	0	0	0	0	0	0	0	0	0	0	0
47	0	0	0	0	0	0	0	0	648	0	648	0	0	0	0	0	0	0	0.0819169	0	0.0819169	0	0	0	0	0	0	0	1	0	0	0	0	0	0	0	0	40	0	40	0	0	0	0	0	0	0	1	0	0	0	0	0	0	0	0	98.7602	0	98.7602	0	0	0	0	0	0	0	1	0	0	0	0	0	0	0	0	379	0	379	0	0	0	0	0	0	0	1	0	0	0	0	0	0	0	0	0	0	0	0	0	0	0	0	0	0	0	0	0	0	0	0	0	0	0	0	0	0	0	0	0	0	0	0	0	0	0
48	0	0	0	0	0	0	0	0	647	0	647	0	0	0	0	0	0	0	0.0701002	0	0.0701002	0	0	0	0	0	0	0	1	0	0	0	0	0	0	0	0	32	0	32	0	0	0	0	0	0	0	1	0	0	0	0	0	0	0	0	97.0237	0	97.0237	0	0	0	0	0	0	0	1	0	0	0	0	0	0	0	0	364	0	364	0	0	0	0	0	0	0	1	0	0	0	0	0	0	0	0	0	0	0	0	0	0	0	0	0	0	0	0	0	0	0	0	0	0	0	0	0	0	0	0	0	0	0	0	0	0	0
49	0	0	0	0	0	0	0	0	626	0	626	0	0	0	0	0	0	0	0.0752947	0	0.0752947	0	0	0	0	0	0	0	1	0	0	0	0	0	0	0	0	31	0	31	0	0	0	0	0	0	0	1	0	0	0	0	0	0	0	0	95.4353	0	95.4353	0	0	0	0	0	0	0	1	0	0	0	0	0	0	0	0	340	0	340	0	0	0	0	0	0	0	1	0	0	0	0	0	0	0	0	0	0	0	0	0	0	0	0	0	0	0	0	0	0	0	0	0	0	0	0	0	0	0	0	0	0	0	0	0	0	0
50	0	0	0	0	0	0	0	0	633	0	633	0	0	0	0	0	0	0	0.0590218	0	0.0590218	0	0	0	0	0	0	0	1	0	0	0	0	0	0	0	0	21	0	21	0	0	0	0	0	0	0	1	0	0	0	0	0	0	0	0	94.6725	0	94.6725	0	0	0	0	0	0	0	1	0	0	0	0	0	0	0	0	330	0	330	0	0	0	0	0	0	0	1	0	0	0	0	0	0	0	0	0	0	0	0	0	0	0	0	0	0	0	0	0	0	0	0	0	0	0	0	0	0	0	0	0	0	0	0	0	0	0
51	0	0	0	0	0	0	0	0	614	0	614	0	0	0	0	0	0	0	0.0712504	0	0.0712504	0	0	0	0	0	0	0	1	0	0	0	0	0	0	0	0	23	0	23	0	0	0	0	0	0	0	1	0	0	0	0	0	0	0	0	92.8162	0	92.8162	0	0	0	0	0	0	0	1	0	0	0	0	0	0	0	0	318	0	318	0	0	0	0	0	0	0	1	0	0	0	0	0	0	0	0	0	0	0	0	0	0	0	0	0	0	0	0	0	0	0	0	0	0	0	0	0	0	0	0	0	0	0	0	0	0	0
52	0	0	0	0	0	0	0	0	621	0	621	0	0	0	0	0	0	0	0.0589122	0	0.0589122	0	0	0	0	0	0	0	1	0	0	0	0	0	0	0	0	21	0	21	0	0	0	0	0	0	0	1	0	0	0	0	0	0	0	0	94.0163	0	94.0163	0	0	0	0	0	0	0	1	0	0	0	0	0	0	0	0	311	0	311	0	0	0	0	0	0	0	1	0	0	0	0	0	0	0	0	0	0	0	0	0	0	0	0	0	0	0	0	0	0	0	0	0	0	0	0	0	0	0	0	0	0	0	0	0	0	0
53	0	0	0	0	0	0	0	0	630	0	630	0	0	0	0	0	0	0	0.0475394	0	0.0475394	0	0	0	0	0	0	0	1	0	0	0	0	0	0	0	0	19	0	19	0	0	0	0	0	0	0	1	0	0	0	0	0	0	0	0	93.0428	0	93.0428	0	0	0	0	0	0	0	1	0	0	0	0	0	0	0	0	296	0	296	0	0	0	0	0	0	0	1	0	0	0	0	0	0	0	0	0	0	0	0	0	0	0	0	0	0	0	0	0	0	0	0	0	0	0	0	0	0	0	0	0	0	0	0	0	0	0
54	0	0	0	0	0	0	0	0	650	0	650	0	0	0	0	0	0	0	0.040778	0	0.040778	0	0	0	0	0	0	0	1	0	0	0	0	0	0	0	0	18	0	18	0	0	0	0	0	0	0	1	0	0	0	0	0	0	0	0	95.2997	0	95.2997	0	0	0	0	0	0	0	1	0	0	0	0	0	0	0	0	285	0	285	0	0	0	0	0	0	0	1	0	0	0	0	0	0	0	0	0	0	0	0	0	0	0	0	0	0	0	0	0	0	0	0	0	0	0	0	0	0	0	0	0	0	0	0	0	0	0
55	0	0	0	0	0	0	0	0	636	0	636	0	0	0	0	0	0	0	0.0495582	0	0.0495582	0	0	0	0	0	0	0	1	0	0	0	0	0	0	0	0	18	0	18	0	0	0	0	0	0	0	1	0	0	0	0	0	0	0	0	94.7467	0	94.7467	0	0	0	0	0	0	0	1	0	0	0	0	0	0	0	0	270	0	270	0	0	0	0	0	0	0	1	0	0	0	0	0	0	0	0	0	0	0	0	0	0	0	0	0	0	0	0	0	0	0	0	0	0	0	0	0	0	0	0	0	0	0	0	0	0	0
56	0	0	0	0	0	0	0	0	622	0	622	0	0	0	0	0	0	0	0.0540207	0	0.0540207	0	0	0	0	0	0	0	1	0	0	0	0	0	0	0	0	18	0	18	0	0	0	0	0	0	0	1	0	0	0	0	0	0	0	0	93.9195	0	93.9195	0	0	0	0	0	0	0	1	0	0	0	0	0	0	0	0	262	0	262	0	0	0	0	0	0	0	1	0	0	0	0	0	0	0	0	0	0	0	0	0	0	0	0	0	0	0	0	0	0	0	0	0	0	0	0	0	0	0	0	0	0	0	0	0	0	0
57	0	0	0	0	0	0	0	0	623	0	623	0	0	0	0	0	0	0	0.051411	0	0.051411	0	0	0	0	0	0	0	1	0	0	0	0	0	0	0	0	15	0	15	0	0	0	0	0	0	0	1	0	0	0	0	0	0	0	0	93.1346	0	93.1346	0	0	0	0	0	0	0	1	0	0	0	0	0	0	0	0	251	0	251	0	0	0	0	0	0	0	1	0	0	0	0	0	0	0	0	0	0	0	0	0	0	0	0	0	0	0	0	0	0	0	0	0	0	0	0	0	0	0	0	0	0	0	0	0	0	0
58	0	0	0	0	0	0	0	0	599	0	599	0	0	0	0	0	0	0	0.0333938	0	0.0333938	0	0	0	0	0	0	0	1	0	0	0	0	0	0	0	0	12	0	12	0	0	0	0	0	0	0	1	0	0	0	0	0	0	0	0	89.3305	0	89.3305	0	0	0	0	0	0	0	1	0	0	0	0	0	0	0	0	235	0	235	0	0	0	0	0	0	0	1	0	0	0	0	0	0	0	0	0	0	0	0	0	0	0	0	0	0	0	0	0	0	0	0	0	0	0	0	0	0	0	0	0	0	0	0	0	0	0
59	0	0	0	0	0	0	0	0	625	0	625	0	0	0	0	0	0	0	0.0354319	0	0.0354319	0	0	0	0	0	0	0	1	0	0	0	0	0	0	0	0	13	0	13	0	0	0	0	0	0	0	1	0	0	0	0	0	0	0	0	90.1414	0	90.1414	0	0	0	0	0	0	0	1	0	0	0	0	0	0	0	0	225	0	225	0	0	0	0	0	0	0	1	0	0	0	0	0	0	0	0	0	0	0	0	0	0	0	0	0	0	0	0	0	0	0	0	0	0	0	0	0	0	0	0	0	0	0	0	0	0	0
60	0	0	0	0	0	0	0	0	612	0	612	0	0	0	0	0	0	0	0.0318474	0	0.0318474	0	0	0	0	0	0	0	1	0	0	0	0	0	0	0	0	10	0	10	0	0	0	0	0	0	0	1	0	0	0	0	0	0	0	0	88.373	0	88.373	0	0	0	0	0	0	0	1	0	0	0	0	0	0	0	0	209	0	209	0	0	0	0	0	0	0	1	0	0	0	0	0	0	0	0	0	0	0	0	0	0	0	0	0	0	0	0	0	0	0	0	0	0	0	0	0	0	0	0	0	0	0	0	0	0	0
61	0	0	0	0	0	0	0	0	635	0	635	0	0	0	0	0	0	0	0.0227128	0	0.0227128	0	0	0	0	0	0	0	1	0	0	0	0	0	0	0	0	10	0	10	0	0	0	0	0	0	0	1	0	0	0	0	0	0	0	0	89.0436	0	89.0436	0	0	0	0	0	0	0	1	0	0	0	0	0	0	0	0	200	0	200	0	0	0	0	0	0	0	1	0	0	0	0	0	0	0	0	0	0	0	0	0	0	0	0	0	0	0	0	0	0	0	0	0	0	0	0	0	0	0	0	0	0	0	0	0	0	0
62	0	0	0	0	0	0	0	0	636	0	636	0	0	0	0	0	0	0	0.00786827	0	0.00786827	0	0	0	0	0	0	0	1	0	0	0	0	0	0	0	0	7	0	7	0	0	0	0	0	0	0	1	0	0	0	0	0	0	0	0	89.9728	0	89.9728	0	0	0	0	0	0	0	1	0	0	0	0	0	0	0	0	195	0	195	0	0	0	0	0	0	0	1	0	0	0	0	0	0	0	0	0	0	0	0	0	0	0	0	0	0	0	0	0	0	0	0	0	0	0	0	0	0	0	0	0	0	0	0	0	0	0
63	0	0	0	0	0	0	0	0	610	0	610	0	0	0	0	0	0	0	0.0174955	0	0.0174955	0	0	0	0	0	0	0	1	0	0	0	0	0	0	0	0	10	0	10	0	0	0	0	0	0	0	1	0	0	0	0	0	0	0	0	85.338	0	85.338	0	0	0	0	0	0	0	1	0	0	0	0	0	0	0	0	184	0	184	0	0	0	0	0	0	0	1	0	0	0	0	0	0	0	0	0	0	0	0	0	0	0	0	0	0	0	0	0	0	0	0	0	0	0	0	0	0	0	0	0	0	0	0	0	0	0
64	0	0	0	0	0	0	0	0	621	0	621	0	0	0	0	0	0	0	0.0129946	0	0.0129946	0	0	0	0	0	0	0	1	0	0	0	0	0	0	0	0	11	0	11	0	0	0	0	0	0	0	1	0	0	0	0	0	0	0	0	85.0524	0	85.0524	0	0	0	0	0	0	0	1	0	0	0	0	0	0	0	0	179	0	179	0	0	0	0	0	0	0	1	0	0	0	0	0	0	0	0	0	0	0	0	0	0	0	0	0	0	0	0	0	0	0	0	0	0	0	0	0	0	0	0	0	0	0	0	0	0	0
65	0	0	0	0	0	0	0	0	646	0	646	0	0	0	0	0	0	0	0.0202096	0	0.0202096	0	0	0	0	0	0	0	1	0	0	0	0	0	0	0	0	13	0	13	0	0	0	0	0	0	0	1	0	0	0	0	0	0	0	0	88.1139	0	88.1139	0	0	0	0	0	0	0	1	0	0	0	0	0	0	0	0	177	0	177	0	0	0	0	0	0	0	1	0	0	0	0	0	0	0	0	0	0	0	0	0	0	0	0	0	0	0	0	0	0	0	0	0	0	0	0	0	0	0	0	0	0	0	0	0	0	0
66	0	0	0	0	0	0	0	0	652	0	652	0	0	0	0	0	0	0	0.0296871	0	0.0296871	0	0	0	0	0	0	0	1	0	0	0	0	0	0	0	0	25	0	25	0	0	0	0	0	0	0	1	0	0	0	0	0	0	0	0	89.8402	0	89.8402	0	0	0	0	0	0	0	1	0	0	0	0	0	0	0	0	174	0	174	0	0	0	0	0	0	0	1	0	0	0	0	0	0	0	0	0	0	0	0	0	0	0	0	0	0	0	0	0	0	0	0	0	0	0	0	0	0	0	0	0	0	0	0	0	0	0
67	0	0	0	0	0	0	0	0	633	0	633	0	0	0	0	0	0	0	0.0448492	0	0.0448492	0	0	0	0	0	0	0	1	0	0	0	0	0	0	0	0	31	0	31	0	0	0	0	0	0	0	1	0	0	0	0	0	0	0	0	86.6389	0	86.6389	0	0	0	0	0	0	0	1	0	0	0	0	0	0	0	0	165	0	165	0	0	0	0	0	0	0	1	0	0	0	0	0	0	0	0	0	0	0	0	0	0	0	0	0	0	0	0	0	0	0	0	0	0	0	0	0	0	0	0	0	0	0	0	0	0	0
68	0	0	0	0	0	0	0	0	648	0	648	0	0	0	0	0	0	0	0.0623424	0	0.0623424	0	0	0	0	0	0	0	1	0	0	0	0	0	0	0	0	36	0	36	0	0	0	0	0	0	0	1	0	0	0	0	0	0	0	0	85.8979	0	85.8979	0	0	0	0	0	0	0	1	0	0	0	0	0	0	0	0	162	0	162	0	0	0	0	0	0	0	1	0	0	0	0	0	0	0	0	0	0	0	0	0	0	0	0	0	0	0	0	0	0	0	0	0	0	0	0	0	0	0	0	0	0	0	0	0	0	0
69	0	0	0	0	0	0	0	0	634	0	634	0	0	0	0	0	0	0	0.0612488	0	0.0612488	0	0	0	0	0	0	0	1	0	0	0	0	0	0	0	0	36	0	36	0	0	0	0	0	0	0	1	0	0	0	0	0	0	0	0	82.7686	0	82.7686	0	0	0	0	0	0	0	1	0	0	0	0	0	0	0	0	159	0	159	0	0	0	0	0	0	0	1	0	0	0	0	0	0	0	0	0	0	0	0	0	0	0	0	0	0	0	0	0	0	0	0	0	0	0	0	0	0	0	0	0	0	0	0	0	0	0
70	0	0	0	0	0	0	0	0	647	0	647	0	0	0	0	0	0	0	0.0689876	0	0.0689876	0	0	0	0	0	0	0	1	0	0	0	0	0	0	0	0	45	0	45	0	0	0	0	0	0	0	1	0	0	0	0	0	0	0	0	83.5391	0	83.5391	0	0	0	0	0	0	0	1	0	0	0	0	0	0	0	0	157	0	157	0	0	0	0	0	0	0	1	0	0	0	0	0	0	0	0	0	0	0	0	0	0	0	0	0	0	0	0	0	0	0	0	0	0	0	0	0	0	0	0	0	0	0	0	0	0	0
71	0	0	0	0	0	0	0	0	695	0	695	0	0	0	0	0	0	0	0.083532	0	0.083532	0	0	0	0	0	0	0	1	0	0	0	0	0	0	0	0	46	0	46	0	0	0	0	0	0	0	1	0	0	0	0	0	0	0	0	86.1303	0	86.1303	0	0	0	0	0	0	0	1	0	0	0	0	0	0	0	0	162	0	162	0	0	0	0	0	0	0	1	0	0	0	0	0	0	0	0	0	0	0	0	0	0	0	0	0	0	0	0	0	0	0	0	0	0	0	0	0	0	0	0	0	0	0	0	0	0	0
72	0	0	0	0	0	0	0	0	701	0	701	0	0	0	0	0	0	0	0.0654235	0	0.0654235	0	0	0	0	0	0	0	1	0	0	0	0	0	0	0	0	51	0	51	0	0	0	0	0	0	0	1	0	0	0	0	0	0	0	0	84.1438	0	84.1438	0	0	0	0	0	0	0	1	0	0	0	0	0	0	0	0	166	0	166	0	0	0	0	0	0	0	1	0	0	0	0	0	0	0	0	0	0	0	0	0	0	0	0	0	0	0	0	0	0	0	0	0	0	0	0	0	0	0	0	0	0	0	0	0	0	0
73	0	0	0	0	0	0	0	0	674	0	674	0	0	0	0	0	0	0	0.0873239	0	0.0873239	0	0	0	0	0	0	0	1	0	0	0	0	0	0	0	0	67	0	67	0	0	0	0	0	0	0	1	0	0	0	0	0	0	0	0	84.3995	0	84.3995	0	0	0	0	0	0	0	1	0	0	0	0	0	0	0	0	167	0	167	0	0	0	0	0	0	0	1	0	0	0	0	0	0	0	0	0	0	0	0	0	0	0	0	0	0	0	0	0	0	0	0	0	0	0	0	0	0	0	0	0	0	0	0	0	0	0
74	0	0	0	0	0	0	0	0	663	0	663	0	0	0	0	0	0	0	0.0849467	0	0.0849467	0	0	0	0	0	0	0	1	0	0	0	0	0	0	0	0	72	0	72	0	0	0	0	0	0	0	1	0	0	0	0	0	0	0	0	83.8197	0	83.8197	0	0	0	0	0	0	0	1	0	0	0	0	0	0	0	0	170	0	170	0	0	0	0	0	0	0	1	0	0	0	0	0	0	0	0	0	0	0	0	0	0	0	0	0	0	0	0	0	0	0	0	0	0	0	0	0	0	0	0	0	0	0	0	0	0	0
75	0	0	0	0	0	0	0	0	673	0	673	0	0	0	0	0	0	0	0.14854	0	0.14854	0	0	0	0	0	0	0	1	0	0	0	0	0	0	0	0	85	0	85	0	0	0	0	0	0	0	1	0	0	0	0	0	0	0	0	83.0867	0	83.0867	0	0	0	0	0	0	0	1	0	0	0	0	0	0	0	0	161	0	161	0	0	0	0	0	0	0	1	0	0	0	0	0	0	0	0	0	0	0	0	0	0	0	0	0	0	0	0	0	0	0	0	0	0	0	0	0	0	0	0	0	0	0	0	0	0	0
76	0	0	0	0	0	0	0	0	668	0	668	0	0	0	0	0	0	0	0.167147	0	0.167147	0	0	0	0	0	0	0	1	0	0	0	0	0	0	0	0	87	0	87	0	0	0	0	0	0	0	1	0	0	0	0	0	0	0	0	81.2129	0	81.2129	0	0	0	0	0	0	0	1	0	0	0	0	0	0	0	0	168	0	168	0	0	0	0	0	0	0	1	0	0	0	0	0	0	0	0	0	0	0	0	0	0	0	0	0	0	0	0	0	0	0	0	0	0	0	0	0	0	0	0	0	0	0	0	0	0	0
77	0	0	0	0	0	0	0	0	677	0	677	0	0	0	0	0	0	0	0.160607	0	0.160607	0	0	0	0	0	0	0	1	0	0	0	0	0	0	0	0	90	0	90	0	0	0	0	0	0	0	1	0	0	0	0	0	0	0	0	79.9805	0	79.9805	0	0	0	0	0	0	0	1	0	0	0	0	0	0	0	0	179	0	179	0	0	0	0	0	0	0	1	0	0	0	0	0	0	0	0	0	0	0	0	0	0	0	0	0	0	0	0	0	0	0	0	0	0	0	0	0	0	0	0	0	0	0	0	0	0	0
78	0	0	0	0	0	0	0	0	668	0	668	0	0	0	0	0	0	0	0.11229	0	0.11229	0	0	0	0	0	0	0	1	0	0	0	0	0	0	0	0	98	0	98	0	0	0	0	0	0	0	1	0	0	0	0	0	0	0	0	82.1665	0	82.1665	0	0	0	0	0	0	0	1	0	0	0	0	0	0	0	0	195	0	195	0	0	0	0	0	0	0	1	0	0	0	0	0	0	0	0	0	0	0	0	0	0	0	0	0	0	0	0	0	0	0	0	0	0	0	0	0	0	0	0	0	0	0	0	0	0	0
79	0	0	0	0	0	0	0	0	696	0	696	0	0	0	0	0	0	0	0.158664	0	0.158664	0	0	0	0	0	0	0	1	0	0	0	0	0	0	0	0	104	0	104	0	0	0	0	0	0	0	1	0	0	0	0	0	0	0	0	85.3419	0	85.3419	0	0	0	0	0	0	0	1	0	0	0	0	0	0	0	0	198	0	198	0	0	0	0	0	0	0	1	0	0	0	0	0	0	0	0	0	0	0	0	0	0	0	0	0	0	0	0	0	0	0	0	0	0	0	0	0	0	0	0	0	0	0	0	0	0	0
80	0	0	0	0	0	0	0	0	677	0	677	0	0	0	0	0	0	0	0.197279	0	0.197279	0	0	0	0	0	0	0	1	0	0	0	0	0	0	0	0	109	0	109	0	0	0	0	0	0	0	1	0	0	0	0	0	0	0	0	86.1513	0	86.1513	0	0	0	0	0	0	0	1	0	0	0	0	0	0	0	0	194	0	194	0	0	0	0	0	0	0	1	0	0	0	0	0	0	0	0	0	0	0	0	0	0	0	0	0	0	0	0	0	0	0	0	0	0	0	0	0	0	0	0	0	0	0	0	0	0	0
81	0	0	0	0	0	0	0	0	623	0	623	0	0	0	0	0	0	0	0.253066	0	0.253066	0	0	0	0	0	0	0	1	0	0	0	0	0	0	0	0	107	0	107	0	0	0	0	0	0	0	1	0	0	0	0	0	0	0	0	78.3681	0	78.3681	0	0	0	0	0	0	0	1	0	0	0	0	0	0	0	0	199	0	199	0	0	0	0	0	0	0	1	0	0	0	0	0	0	0	0	0	0	0	0	0	0	0	0	0	0	0	0	0	0	0	0	0	0	0	0	0	0	0	0	0	0	0	0	0	0	0
82	0	0	0	0	0	0	0	0	637	0	637	0	0	0	0	0	0	0	0.188626	0	0.188626	0	0	0	0	0	0	0	1	0	0	0	0	0	0	0	0	93	0	93	0	0	0	0	0	0	0	1	0	0	0	0	0	0	0	0	78.9774	0	78.9774	0	0	0	0	0	0	0	1	0	0	0	0	0	0	0	0	215	0	215	0	0	0	0	0	0	0	1	0	0	0	0	0	0	0	0	0	0	0	0	0	0	0	0	0	0	0	0	0	0	0	0	0	0	0	0	0	0	0	0	0	0	0	0	0	0	0
83	0	0	0	0	0	0	0	0	645	0	645	0	0	0	0	0	0	0	0.152938	0	0.152938	0	0	0	0	0	0	0	1	0	0	0	0	0	0	0	0	83	0	83	0	0	0	0	0	0	0	1	0	0	0	0	0	0	0	0	80.8775	0	80.8775	0	0	0	0	0	0	0	1	0	0	0	0	0	0	0	0	227	0	227	0	0	0	0	0	0	0	1	0	0	0	0	0	0	0	0	0	0	0	0	0	0	0	0	0	0	0	0	0	0	0	0	0	0	0	0	0	0	0	0	0	0	0	0	0	0	0
84	0	0	0	0	0	0	0	0	661	0	661	0	0	0	0	0	0	0	0.168851	0	0.168851	0	0	0	0	0	0	0	1	0	0	0	0	0	0	0	0	93	0	93	0	0	0	0	0	0	0	1	0	0	0	0	0	0	0	0	84.3985	0	84.3985	0	0	0	0	0	0	0	1	0	0	0	0	0	0	0	0	232	0	232	0	0	0	0	0	0	0	1	0	0	0	0	0	0	0	0	0	0	0	0	0	0	0	0	0	0	0	0	0	0	0	0	0	0	0	0	0	0	0	0	0	0	0	0	0	0	0
85	0	0	0	0	0	0	0	0	678	0	678	0	0	0	0	0	0	0	0.185481	0	0.185481	0	0	0	0	0	0	0	1	0	0	0	0	0	0	0	0	94	0	94	0	0	0	0	0	0	0	1	0	0	0	0	0	0	0	0	84.2166	0	84.2166	0	0	0	0	0	0	0	1	0	0	0	0	0	0	0	0	235	0	235	0	0	0	0	0	0	0	1	0	0	0	0	0	0	0	0	0	0	0	0	0	0	0	0	0	0	0	0	0	0	0	0	0	0	0	0	0	0	0	0	0	0	0	0	0	0	0
86	0	0	0	0	0	0	0	0	700	0	700	0	0	0	0	0	0	0	0.198357	0	0.198357	0	0	0	0	0	0	0	1	0	0	0	0	0	0	0	0	90	0	90	0	0	0	0	0	0	0	1	0	0	0	0	0	0	0	0	88.7547	0	88.7547	0	0	0	0	0	0	0	1	0	0	0	0	0	0	0	0	251	0	251	0	0	0	0	0	0	0	1	0	0	0	0	0	0	0	0	0	0	0	0	0	0	0	0	0	0	0	0	0	0	0	0	0	0	0	0	0	0	0	0	0	0	0	0	0	0	0
87	0	0	0	0	0	0	0	0	673	0	673	0	0	0	0	0	0	0	0.160118	0	0.160118	0	0	0	0	0	0	0	1	0	0	0	0	0	0	0	0	85	0	85	0	0	0	0	0	0	0	1	0	0	0	0	0	0	0	0	89.3905	0	89.3905	0	0	0	0	0	0	0	1	0	0	0	0	0	0	0	0	257	0	257	0	0	0	0	0	0	0	1	0	0	0	0	0	0	0	0	0	0	0	0	0	0	0	0	0	0	0	0	0	0	0	0	0	0	0	0	0	0	0	0	0	0	0	0	0	0	0
88	0	0	0	0	0	0	0	0	682	0	682	0	0	0	0	0	0	0	0.175224	0	0.175224	0	0	0	0	0	0	0	1	0	0	0	0	0	0	0	0	88	0	88	0	0	0	0	0	0	0	1	0	0	0	0	0	0	0	0	90.1149	0	90.1149	0	0	0	0	0	0	0	1	0	0	0	0	0	0	0	0	261	0	261	0	0	0	0	0	0	0	1	0	0	0	0	0	0	0	0	0	0	0	0	0	0	0	0	0	0	0	0	0	0	0	0	0	0	0	0	0	0	0	0	0	0	0	0	0	0	0
89	0	0	0	0	0	0	0	0	683	0	683	0	0	0	0	0	0	0	0.146245	0	0.146245	0	0	0	0	0	0	0	1	0	0	0	0	0	0	0	0	72	0	72	0	0	0	0	0	0	0	1	0	0	0	0	0	0	0	0	93.8791	0	93.8791	0	0	0	0	0	0	0	1	0	0	0	0	0	0	0	0	267	0	267	0	0	0	0	0	0	0	1	0	0	0	0	0	0	0	0	0	0	0	0	0	0	0	0	0	0	0	0	0	0	0	0	0	0	0	0	0	0	0	0	0	0	0	0	0	0	0
90	0	0	0	0	0	0	0	0	702	0	702	0	0	0	0	0	0	0	0.125397	0	0.125397	0	0	0	0	0	0	0	1	0	0	0	0	0	0	0	0	68	0	68	0	0	0	0	0	0	0	1	0	0	0	0	0	0	0	0	98.2893	0	98.2893	0	0	0	0	0	0	0	1	0	0	0	0	0	0	0	0	270	0	270	0	0	0	0	0	0	0	1	0	0	0	0	0	0	0	0	0	0	0	0	0	0	0	0	0	0	0	0	0	0	0	0	0	0	0	0	0	0	0	0	0	0	0	0	0	0	0
91	0	0	0	0	0	0	0	0	648	0	648	0	0	0	0	0	0	0	0.120275	0	0.120275	0	0	0	0	0	0	0	1	0	0	0	0	0	0	0	0	57	0	57	0	0	0	0	0	0	0	1	0	0	0	0	0	0	0	0	94.7165	0	94.7165	0	0	0	0	0	0	0	1	0	0	0	0	0	0	0	0	261	0	261	0	0	0	0	0	0	0	1	0	0	0	0	0	0	0	0	0	0	0	0	0	0	0	0	0	0	0	0	0	0	0	0	0	0	0	0	0	0	0	0	0	0	0	0	0	0	0
92	0	0	0	0	0	0	0	0	671	0	671	0	0	0	0	0	0	0	0.0989967	0	0.0989967	0	0	0	0	0	0	0	1	0	0	0	0	0	0	0	0	48	0	48	0	0	0	0	0	0	0	1	0	0	0	0	0	0	0	0	96.5537	0	96.5537	0	0	0	0	0	0	0	1	0	0	0	0	0	0	0	0	256	0	256	0	0	0	0	0	0	0	1	0	0	0	0	0	0	0	0	0	0	0	0	0	0	0	0	0	0	0	0	0	0	0	0	0	0	0	0	0	0	0	0	0	0	0	0	0	0	0
93	0	0	0	0	0	0	0	0	654	0	654	0	0	0	0	0	0	0	0.0953849	0	0.0953849	0	0	0	0	0	0	0	1	0	0	0	0	0	0	0	0	39	0	39	0	0	0	0	0	0	0	1	0	0	0	0	0	0	0	0	95.4712	0	95.4712	0	0	0	0	0	0	0	1	0	0	0	0	0	0	0	0	249	0	249	0	0	0	0	0	0	0	1	0	0	0	0	0	0	0	0	0	0	0	0	0	0	0	0	0	0	0	0	0	0	0	0	0	0	0	0	0	0	0	0	0	0	0	0	0	0	0
94	0	0	0	0	0	0	0	0	655	0	655	0	0	0	0	0	0	0	0.0625427	0	0.0625427	0	0	0	0	0	0	0	1	0	0	0	0	0	0	0	0	27	0	27	0	0	0	0	0	0	0	1	0	0	0	0	0	0	0	0	94.6828	0	94.6828	0	0	0	0	0	0	0	1	0	0	0	0	0	0	0	0	247	0	247	0	0	0	0	0	0	0	1	0	0	0	0	0	0	0	0	0	0	0	0	0	0	0	0	0	0	0	0	0	0	0	0	0	0	0	0	0	0	0	0	0	0	0	0	0	0	0
95	0	0	0	0	0	0	0	0	644	0	644	0	0	0	0	0	0	0	0.0634704	0	0.0634704	0	0	0	0	0	0	0	1	0	0	0	0	0	0	0	0	24	0	24	0	0	0	0	0	0	0	1	0	0	0	0	0	0	0	0	92.8262	0	92.8262	0	0	0	0	0	0	0	1	0	0	0	0	0	0	0	0	238	0	238	0	0	0	0	0	0	0	1	0	0	0	0	0	0	0	0	0	0	0	0	0	0	0	0	0	0	0	0	0	0	0	0	0	0	0	0	0	0	0	0	0	0	0	0	0	0	0
96	0	0	0	0	0	0	0	0	624	0	624	0	0	0	0	0	0	0	0.0539589	0	0.0539589	0	0	0	0	0	0	0	1	0	0	0	0	0	0	0	0	23	0	23	0	0	0	0	0	0	0	1	0	0	0	0	0	0	0	0	90.377	0	90.377	0	0	0	0	0	0	0	1	0	0	0	0	0	0	0	0	226	0	226	0	0	0	0	0	0	0	1	0	0	0	0	0	0	0	0	0	0	0	0	0	0	0	0	0	0	0	0	0	0	0	0	0	0	0	0	0	0	0	0	0	0	0	0	0	0	0
97	0	0	0	0	0	0	0	0	662	0	662	0	0	0	0	0	0	0	0.0375498	0	0.0375498	0	0	0	0	0	0	0	1	0	0	0	0	0	0	0	0	22	0	22	0	0	0	0	0	0	0	1	0	0	0	0	0	0	0	0	91.0559	0	91.0559	0	0	0	0	0	0	0	1	0	0	0	0	0	0	0	0	220	0	220	0	0	0	0	0	0	0	1	0	0	0	0	0	0	0	0	0	0	0	0	0	0	0	0	0	0	0	0	0	0	0	0	0	0	0	0	0	0	0	0	0	0	0	0	0	0	0
98	0	0	0	0	0	0	0	0	658	0	658	0	0	0	0	0	0	0	0.0293581	0	0.0293581	0	0	0	0	0	0	0	1	0	0	0	0	0	0	0	0	20	0	20	0	0	0	0	0	0	0	1	0	0	0	0	0	0	0	0	91.5672	0	91.5672	0	0	0	0	0	0	0	1	0	0	0	0	0	0	0	0	212	0	212	0	0	0	0	0	0	0	1	0	0	0	0	0	0	0	0	0	0	0	0	0	0	0	0	0	0	0	0	0	0	0	0	0	0	0	0	0	0	0	0	0	0	0	0	0	0	0
99	0	0	0	0	0	0	0	0	643	0	643	0	0	0	0	0	0	0	0.0491812	0	0.0491812	0	0	0	0	0	0	0	1	0	0	0	0	0	0	0	0	30	0	30	0	0	0	0	0	0	0	1	0	0	0	0	0	0	0	0	90.0448	0	90.0448	0	0	0	0	0	0	0	1	0	0	0	0	0	0	0	0	197	0	197	0	0	0	0	0	0	0	1	0	0	0	0	0	0	0	0	0	0	0	0	0	0	0	0	0	0	0	0	0	0	0	0	0	0	0	0	0	0	0	0	0	0	0	0	0	0	0
100	0	0	0	0	0	0	0	0	651	0	651	0	0	0	0	0	0	0	0.0376208	0	0.0376208	0	0	0	0	0	0	0	1	0	0	0	0	0	0	0	0	26	0	26	0	0	0	0	0	0	0	1	0	0	0	0	0	0	0	0	89.4764	0	89.4764	0	0	0	0	0	0	0	1	0	0	0	0	0	0	0	0	190	0	190	0	0	0	0	0	0	0	1	0	0	0	0	0	0	0	0	0	0	0	0	0	0	0	0	0	0	0	0	0	0	0	0	0	0	0	0	0	0	0	0	0	0	0	0	0	0	0
101	0	0	0	0	0	0	0	0	654	0	654	0	0	0	0	0	0	0	0.0382661	0	0.0382661	0	0	0	0	0	0	0	1	0	0	0	0	0	0	0	0	31	0	31	0	0	0	0	0	0	0	1	0	0	0	0	0	0	0	0	89.4774	0	89.4774	0	0	0	0	0	0	0	1	0	0	0	0	0	0	0	0	179	0	179	0	0	0	0	0	0	0	1	0	0	0	0	0	0	0	0	0	0	0	0	0	0	0	0	0	0	0	0	0	0	0	0	0	0	0	0	0	0	0	0	0	0	0	0	0	0	0
102	0	0	0	0	0	0	0	0	662	0	662	0	0	0	0	0	0	0	0.0595637	0	0.0595637	0	0	0	0	0	0	0	1	0	0	0	0	0	0	0	0	34	0	34	0	0	0	0	0	0	0	1	0	0	0	0	0	0	0	0	87.0192	0	87.0192	0	0	0	0	0	0	0	1	0	0	0	0	0	0	0	0	172	0	172	0	0	0	0	0	0	0	1	0	0	0	0	0	0	0	0	0	0	0	0	0	0	0	0	0	0	0	0	0	0	0	0	0	0	0	0	0	0	0	0	0	0	0	0	0	0	0
103	0	0	0	0	0	0	0	0	642	0	642	0	0	0	0	0	0	0	0.0551886	0	0.0551886	0	0	0	0	0	0	0	1	0	0	0	0	0	0	0	0	46	0	46	0	0	0	0	0	0	0	1	0	0	0	0	0	0	0	0	81.6547	0	81.6547	0	0	0	0	0	0	0	1	0	0	0	0	0	0	0	0	171	0	171	0	0	0	0	0	0	0	1	0	0	0	0	0	0	0	0	0	0	0	0	0	0	0	0	0	0	0	0	0	0	0	0	0	0	0	0	0	0	0	0	0	0	0	0	0	0	0
104	0	0	0	0	0	0	0	0	607	0	607	0	0	0	0	0	0	0	0.093066	0	0.093066	0	0	0	0	0	0	0	1	0	0	0	0	0	0	0	0	61	0	61	0	0	0	0	0	0	0	1	0	0	0	0	0	0	0	0	75.4342	0	75.4342	0	0	0	0	0	0	0	1	0	0	0	0	0	0	0	0	160	0	160	0	0	0	0	0	0	0	1	0	0	0	0	0	0	0	0	0	0	0	0	0	0	0	0	0	0	0	0	0	0	0	0	0	0	0	0	0	0	0	0	0	0	0	0	0	0	0
105	0	0	0	0	0	0	0	0	623	0	623	0	0	0	0	0	0	0	0.126913	0	0.126913	0	0	0	0	0	0	0	1	0	0	0	0	0	0	0	0	76	0	76	0	0	0	0	0	0	0	1	0	0	0	0	0	0	0	0	75.9348	0	75.9348	0	0	0	0	0	0	0	1	0	0	0	0	0	0	0	0	166	0	166	0	0	0	0	0	0	0	1	0	0	0	0	0	0	0	0	0	0	0	0	0	0	0	0	0	0	0	0	0	0	0	0	0	0	0	0	0	0	0	0	0	0	0	0	0	0	0
106	0	0	0	0	0	0	0	0	606	0	606	0	0	0	0	0	0	0	0.150228	0	0.150228	0	0	0	0	0	0	0	1	0	0	0	0	0	0	0	0	93	0	93	0	0	0	0	0	0	0	1	0	0	0	0	0	0	0	0	71.8829	0	71.8829	0	0	0	0	0	0	0	1	0	0	0	0	0	0	0	0	165	0	165	0	0	0	0	0	0	0	1	0	0	0	0	0	0	0	0	0	0	0	0	0	0	0	0	0	0	0	0	0	0	0	0	0	0	0	0	0	0	0	0	0	0	0	0	0	0	0
107	0	0	0	0	0	0	0	0	622	0	622	0	0	0	0	0	0	0	0.157218	0	0.157218	0	0	0	0	0	0	0	1	0	0	0	0	0	0	0	0	104	0	104	0	0	0	0	0	0	0	1	0	0	0	0	0	0	0	0	72.0788	0	72.0788	0	0	0	0	0	0	0	1	0	0	0	0	0	0	0	0	179	0	179	0	0	0	0	0	0	0	1	0	0	0	0	0	0	0	0	0	0	0	0	0	0	0	0	0	0	0	0	0	0	0	0	0	0	0	0	0	0	0	0	0	0	0	0	0	0	0
108	0	0	0	0	0	0	0	0	591	0	591	0	0	0	0	0	0	0	0.170327	0	0.170327	0	0	0	0	0	0	0	1	0	0	0	0	0	0	0	0	114	0	114	0	0	0	0	0	0	0	1	0	0	0	0	0	0	0	0	70.8251	0	70.8251	0	0	0	0	0	0	0	1	0	0	0	0	0	0	0	0	185	0	185	0	0	0	0	0	0	0	1	0	0	0	0	0	0	0	0	0	0	0	0	0	0	0	0	0	0	0	0	0	0	0	0	0	0	0	0	0	0	0	0	0	0	0	0	0	0	0
109	0	0	0	0	0	0	0	0	633	0	633	0	0	0	0	0	0	0	0.176431	0	0.176431	0	0	0	0	0	0	0	1	0	0	0	0	0	0	0	0	120	0	120	0	0	0	0	0	0	0	1	0	0	0	0	0	0	0	0	70.9491	0	70.9491	0	0	0	0	0	0	0	1	0	0	0	0	0	0	0	0	208	0	208	0	0	0	0	0	0	0	1	0	0	0	0	0	0	0	0	0	0	0	0	0	0	0	0	0	0	0	0	0	0	0	0	0	0	0	0	0	0	0	0	0	0	0	0	0	0	0
110	0	0	0	0	0	0	0	0	632	0	632	0	0	0	0	0	0	0	0.213359	0	0.213359	0	0	0	0	0	0	0	1	0	0	0	0	0	0	0	0	122	0	122	0	0	0	0	0	0	0	1	0	0	0	0	0	0	0	0	73.8931	0	73.8931	0	0	0	0	0	0	0	1	0	0	0	0	0	0	0	0	224	0	224	0	0	0	0	0	0	0	1	0	0	0	0	0	0	0	0	0	0	0	0	0	0	0	0	0	0	0	0	0	0	0	0	0	0	0	0	0	0	0	0	0	0	0	0	0	0	0
111	0	0	0	0	0	0	0	0	642	0	642	0	0	0	0	0	0	0	0.209848	0	0.209848	0	0	0	0	0	0	0	1	0	0	0	0	0	0	0	0	128	0	128	0	0	0	0	0	0	0	1	0	0	0	0	0	0	0	0	75.2939	0	75.2939	0	0	0	0	0	0	0	1	0	0	0	0	0	0	0	0	243	0	243	0	0	0	0	0	0	0	1	0	0	0	0	0	0	0	0	0	0	0	0	0	0	0	0	0	0	0	0	0	0	0	0	0	0	0	0	0	0	0	0	0	0	0	0	0	0	0
112	0	0	0	0	0	0	0	0	610	0	610	0	0	0	0	0	0	0	0.219115	0	0.219115	0	0	0	0	0	0	0	1	0	0	0	0	0	0	0	0	133	0	133	0	0	0	0	0	0	0	1	0	0	0	0	0	0	0	0	76.6382	0	76.6382	0	0	0	0	0	0	0	1	0	0	0	0	0	0	0	0	257	0	257	0	0	0	0	0	0	0	1	0	0	0	0	0	0	0	0	0	0	0	0	0	0	0	0	0	0	0	0	0	0	0	0	0	0	0	0	0	0	0	0	0	0	0	0	0	0	0
113	0	0	0	0	0	0	0	0	599	0	599	0	0	0	0	0	0	0	0.202561	0	0.202561	0	0	0	0	0	0	0	1	0	0	0	0	0	0	0	0	118	0	118	0	0	0	0	0	0	0	1	0	0	0	0	0	0	0	0	76.849	0	76.849	0	0	0	0	0	0	0	1	0	0	0	0	0	0	0	0	264	0	264	0	0	0	0	0	0	0	1	0	0	0	0	0	0	0	0	0	0	0	0	0	0	0	0	0	0	0	0	0	0	0	0	0	0	0	0	0	0	0	0	0	0	0	0	0	0	0
114	0	0	0	0	0	0	0	0	611	0	611	0	0	0	0	0	0	0	0.228554	0	0.228554	0	0	0	0	0	0	0	1	0	0	0	0	0	0	0	0	112	0	112	0	0	0	0	0	0	0	1	0	0	0	0	0	0	0	0	78.1028	0	78.1028	0	0	0	0	0	0	0	1	0	0	0	0	0	0	0	0	267	0	267	0	0	0	0	0	0	0	1	0	0	0	0	0	0	0	0	0	0	0	0	0	0	0	0	0	0	0	0	0	0	0	0	0	0	0	0	0	0	0	0	0	0	0	0	0	0	0
115	0	0	0	0	0	0	0	0	586	0	586	0	0	0	0	0	0	0	0.231053	0	0.231053	0	0	0	0	0	0	0	1	0	0	0	0	0	0	0	0	101	0	101	0	0	0	0	0	0	0	1	0	0	0	0	0	0	0	0	79.6657	0	79.6657	0	0	0	0	0	0	0	1	0	0	0	0	0	0	0	0	271	0	271	0	0	0	0	0	0	0	1	0	0	0	0	0	0	0	0	0	0	0	0	0	0	0	0	0	0	0	0	0	0	0	0	0	0	0	0	0	0	0	0	0	0	0	0	0	0	0
116	0	0	0	0	0	0	0	0	589	0	589	0	0	0	0	0	0	0	0.224516	0	0.224516	0	0	0	0	0	0	0	1	0	0	0	0	0	0	0	0	88	0	88	0	0	0	0	0	0	0	1	0	0	0	0	0	0	0	0	79.4443	0	79.4443	0	0	0	0	0	0	0	1	0	0	0	0	0	0	0	0	274	0	274	0	0	0	0	0	0	0	1	0	0	0	0	0	0	0	0	0	0	0	0	0	0	0	0	0	0	0	0	0	0	0	0	0	0	0	0	0	0	0	0	0	0	0	0	0	0	0
117	0	0	0	0	0	0	0	0	598	0	598	0	0	0	0	0	0	0	0.20917	0	0.20917	0	0	0	0	0	0	0	1	0	0	0	0	0	0	0	0	76	0	76	0	0	0	0	0	0	0	1	0	0	0	0	0	0	0	0	80.237	0	80.237	0	0	0	0	0	0	0	1	0	0	0	0	0	0	0	0	277	0	277	0	0	0	0	0	0	0	1	0	0	0	0	0	0	0	0	0	0	0	0	0	0	0	0	0	0	0	0	0	0	0	0	0	0	0	0	0	0	0	0	0	0	0	0	0	0	0
118	0	0	0	0	0	0	0	0	586	0	586	0	0	0	0	0	0	0	0.1539	0	0.1539	0	0	0	0	0	0	0	1	0	0	0	0	0	0	0	0	64	0	64	0	0	0	0	0	0	0	1	0	0	0	0	0	0	0	0	80.0142	0	80.0142	0	0	0	0	0	0	0	1	0	0	0	0	0	0	0	0	279	0	279	0	0	0	0	0	0	0	1	0	0	0	0	0	0	0	0	0	0	0	0	0	0	0	0	0	0	0	0	0	0	0	0	0	0	0	0	0	0	0	0	0	0	0	0	0	0	0
119	0	0	0	0	0	0	0	0	619	0	619	0	0	0	0	0	0	0	0.138365	0	0.138365	0	0	0	0	0	0	0	1	0	0	0	0	0	0	0	0	60	0	60	0	0	0	0	0	0	0	1	0	0	0	0	0	0	0	0	82.066	0	82.066	0	0	0	0	0	0	0	1	0	0	0	0	0	0	0	0	277	0	277	0	0	0	0	0	0	0	1	0	0	0	0	0	0	0	0	0	0	0	0	0	0	0	0	0	0	0	0	0	0	0	0	0	0	0	0	0	0	0	0	0	0	0	0	0	0	0
120	0	0	0	0	0	0	0	0	623	0	623	0	0	0	0	0	0	0	0.153953	0	0.153953	0	0	0	0	0	0	0	1	0	0	0	0	0	0	0	0	59	0	59	0	0	0	0	0	0	0	1	0	0	0	0	0	0	0	0	84.6176	0	84.6176	0	0	0	0	0	0	0	1	0	0	0	0	0	0	0	0	272	0	272	0	0	0	0	0	0	0	1	0	0	0	0	0	0	0	0	0	0	0	0	0	0	0	0	0	0	0	0	0	0	0	0	0	0	0	0	0	0	0	0	0	0	0	0	0	0	0
121	0	0	0	0	0	0	0	0	625	0	625	0	0	0	0	0	0	0	0.108571	0	0.108571	0	0	0	0	0	0	0	1	0	0	0	0	0	0	0	0	48	0	48	0	0	0	0	0	0	0	1	0	0	0	0	0	0	0	0	84.8442	0	84.8442	0	0	0	0	0	0	0	1	0	0	0	0	0	0	0	0	275	0	275	0	0	0	0	0	0	0	1	0	0	0	0	0	0	0	0	0	0	0	0	0	0	0	0	0	0	0	0	0	0	0	0	0	0	0	0	0	0	0	0	0	0	0	0	0	0	0
122	0	0	0	0	0	0	0	0	633	0	633	0	0	0	0	0	0	0	0.110002	0	0.110002	0	0	0	0	0	0	0	1	0	0	0	0	0	0	0	0	50	0	50	0	0	0	0	0	0	0	1	0	0	0	0	0	0	0	0	85.0657	0	85.0657	0	0	0	0	0	0	0	1	0	0	0	0	0	0	0	0	272	0	272	0	0	0	0	0	0	0	1	0	0	0	0	0	0	0	0	0	0	0	0	0	0	0	0	0	0	0	0	0	0	0	0	0	0	0	0	0	0	0	0	0	0	0	0	0	0	0
123	0	0	0	0	0	0	0	0	614	0	614	0	0	0	0	0	0	0	0.0872661	0	0.0872661	0	0	0	0	0	0	0	1	0	0	0	0	0	0	0	0	44	0	44	0	0	0	0	0	0	0	1	0	0	0	0	0	0	0	0	85.7765	0	85.7765	0	0	0	0	0	0	0	1	0	0	0	0	0	0	0	0	274	0	274	0	0	0	0	0	0	0	1	0	0	0	0	0	0	0	0	0	0	0	0	0	0	0	0	0	0	0	0	0	0	0	0	0	0	0	0	0	0	0	0	0	0	0	0	0	0	0
124	0	0	0	0	0	0	0	0	614	0	614	0	0	0	0	0	0	0	0.0868669	0	0.0868669	0	0	0	0	0	0	0	1	0	0	0	0	0	0	0	0	44	0	44	0	0	0	0	0	0	0	1	0	0	0	0	0	0	0	0	87.3729	0	87.3729	0	0	0	0	0	0	0	1	0	0	0	0	0	0	0	0	268	0	268	0	0	0	0	0	0	0	1	0	0	0	0	0	0	0	0	0	0	0	0	0	0	0	0	0	0	0	0	0	0	0	0	0	0	0	0	0	0	0	0	0	0	0	0	0	0	0
125	0	0	0	0	0	0	0	0	586	0	586	0	0	0	0	0	0	0	0.101916	0	0.101916	0	0	0	0	0	0	0	1	0	0	0	0	0	0	0	0	42	0	42	0	0	0	0	0	0	0	1	0	0	0	0	0	0	0	0	86.2406	0	86.2406	0	0	0	0	0	0	0	1	0	0	0	0	0	0	0	0	258	0	258	0	0	0	0	0	0	0	1	0	0	0	0	0	0	0	0	0	0	0	0	0	0	0	0	0	0	0	0	0	0	0	0	0	0	0	0	0	0	0	0	0	0	0	0	0	0	0
126	0	0	0	0	0	0	0	0	626	0	626	0	0	0	0	0	0	0	0.0762699	0	0.0762699	0	0	0	0	0	0	0	1	0	0	0	0	0	0	0	0	32	0	32	0	0	0	0	0	0	0	1	0	0	0	0	0	0	0	0	88.9739	0	88.9739	0	0	0	0	0	0	0	1	0	0	0	0	0	0	0	0	262	0	262	0	0	0	0	0	0	0	1	0	0	0	0	0	0	0	0	0	0	0	0	0	0	0	0	0	0	0	0	0	0	0	0	0	0	0	0	0	0	0	0	0	0	0	0	0	0	0
127	0	0	0	0	0	0	0	0	623	0	623	0	0	0	0	0	0	0	0.0458157	0	0.0458157	0	0	0	0	0	0	0	1	0	0	0	0	0	0	0	0	20	0	20	0	0	0	0	0	0	0	1	0	0	0	0	0	0	0	0	91.4513	0	91.4513	0	0	0	0	0	0	0	1	0	0	0	0	0	0	0	0	265	0	265	0	0	0	0	0	0	0	1	0	0	0	0	0	0	0	0	0	0	0	0	0	0	0	0	0	0	0	0	0	0	0	0	0	0	0	0	0	0	0	0	0	0	0	0	0	0	0
128	0	0	0	0	0	0	0	0	624	0	624	0	0	0	0	0	0	0	0.0268751	0	0.0268751	0	0	0	0	0	0	0	1	0	0	0	0	0	0	0	0	14	0	14	0	0	0	0	0	0	0	1	0	0	0	0	0	0	0	0	90.642	0	90.642	0	0	0	0	0	0	0	1	0	0	0	0	0	0	0	0	253	0	253	0	0	0	0	0	0	0	1	0	0	0	0	0	0	0	0	0	0	0	0	0	0	0	0	0	0	0	0	0	0	0	0	0	0	0	0	0	0	0	0	0	0	0	0	0	0	0
129	0	0	0	0	0	0	0	0	624	0	624	0	0	0	0	0	0	0	0.0409414	0	0.0409414	0	0	0	0	0	0	0	1	0	0	0	0	0	0	0	0	18	0	18	0	0	0	0	0	0	0	1	0	0	0	0	0	0	0	0	90.0078	0	90.0078	0	0	0	0	0	0	0	1	0	0	0	0	0	0	0	0	239	0	239	0	0	0	0	0	0	0	1	0	0	0	0	0	0	0	0	0	0	0	0	0	0	0	0	0	0	0	0	0	0	0	0	0	0	0	0	0	0	0	0	0	0	0	0	0	0	0
130	0	0	0	0	0	0	0	0	619	0	619	0	0	0	0	0	0	0	0.0211794	0	0.0211794	0	0	0	0	0	0	0	1	0	0	0	0	0	0	0	0	15	0	15	0	0	0	0	0	0	0	1	0	0	0	0	0	0	0	0	90.7684	0	90.7684	0	0	0	0	0	0	0	1	0	0	0	0	0	0	0	0	233	0	233	0	0	0	0	0	0	0	1	0	0	0	0	0	0	0	0	0	0	0	0	0	0	0	0	0	0	0	0	0	0	0	0	0	0	0	0	0	0	0	0	0	0	0	0	0	0	0
131	0	0	0	0	0	0	0	0	604	0	604	0	0	0	0	0	0	0	0.0119599	0	0.0119599	0	0	0	0	0	0	0	1	0	0	0	0	0	0	0	0	12	0	12	0	0	0	0	0	0	0	1	0	0	0	0	0	0	0	0	89.5868	0	89.5868	0	0	0	0	0	0	0	1	0	0	0	0	0	0	0	0	223	0	223	0	0	0	0	0	0	0	1	0	0	0	0	0	0	0	0	0	0	0	0	0	0	0	0	0	0	0	0	0	0	0	0	0	0	0	0	0	0	0	0	0	0	0	0	0	0	0
132	0	0	0	0	0	0	0	0	621	0	621	0	0	0	0	0	0	0	0.0235854	0	0.0235854	0	0	0	0	0	0	0	1	0	0	0	0	0	0	0	0	13	0	13	0	0	0	0	0	0	0	1	0	0	0	0	0	0	0	0	87.1752	0	87.1752	0	0	0	0	0	0	0	1	0	0	0	0	0	0	0	0	208	0	208	0	0	0	0	0	0	0	1	0	0	0	0	0	0	0	0	0	0	0	0	0	0	0	0	0	0	0	0	0	0	0	0	0	0	0	0	0	0	0	0	0	0	0	0	0	0	0
133	0	0	0	0	0	0	0	0	626	0	626	0	0	0	0	0	0	0	0.0184898	0	0.0184898	0	0	0	0	0	0	0	1	0	0	0	0	0	0	0	0	9	0	9	0	0	0	0	0	0	0	1	0	0	0	0	0	0	0	0	88.8416	0	88.8416	0	0	0	0	0	0	0	1	0	0	0	0	0	0	0	0	203	0	203	0	0	0	0	0	0	0	1	0	0	0	0	0	0	0	0	0	0	0	0	0	0	0	0	0	0	0	0	0	0	0	0	0	0	0	0	0	0	0	0	0	0	0	0	0	0	0
134	0	0	0	0	0	0	0	0	619	0	619	0	0	0	0	0	0	0	0.0321877	0	0.0321877	0	0	0	0	0	0	0	1	0	0	0	0	0	0	0	0	12	0	12	0	0	0	0	0	0	0	1	0	0	0	0	0	0	0	0	88.9695	0	88.9695	0	0	0	0	0	0	0	1	0	0	0	0	0	0	0	0	197	0	197	0	0	0	0	0	0	0	1	0	0	0	0	0	0	0	0	0	0	0	0	0	0	0	0	0	0	0	0	0	0	0	0	0	0	0	0	0	0	0	0	0	0	0	0	0	0	0
135	0	0	0	0	0	0	0	0	612	0	612	0	0	0	0	0	0	0	0.0307964	0	0.0307964	0	0	0	0	0	0	0	1	0	0	0	0	0	0	0	0	11	0	11	0	0	0	0	0	0	0	1	0	0	0	0	0	0	0	0	84.0511	0	84.0511	0	0	0	0	0	0	0	1	0	0	0	0	0	0	0	0	184	0	184	0	0	0	0	0	0	0	1	0	0	0	0	0	0	0	0	0	0	0	0	0	0	0	0	0	0	0	0	0	0	0	0	0	0	0	0	0	0	0	0	0	0	0	0	0	0	0
136	0	0	0	0	0	0	0	0	594	0	594	0	0	0	0	0	0	0	0.0337974	0	0.0337974	0	0	0	0	0	0	0	1	0	0	0	0	0	0	0	0	15	0	15	0	0	0	0	0	0	0	1	0	0	0	0	0	0	0	0	83.3532	0	83.3532	0	0	0	0	0	0	0	1	0	0	0	0	0	0	0	0	177	0	177	0	0	0	0	0	0	0	1	0	0	0	0	0	0	0	0	0	0	0	0	0	0	0	0	0	0	0	0	0	0	0	0	0	0	0	0	0	0	0	0	0	0	0	0	0	0	0
137	0	0	0	0	0	0	0	0	581	0	581	0	0	0	0	0	0	0	0.0208846	0	0.0208846	0	0	0	0	0	0	0	1	0	0	0	0	0	0	0	0	21	0	21	0	0	0	0	0	0	0	1	0	0	0	0	0	0	0	0	81.7142	0	81.7142	0	0	0	0	0	0	0	1	0	0	0	0	0	0	0	0	175	0	175	0	0	0	0	0	0	0	1	0	0	0	0	0	0	0	0	0	0	0	0	0	0	0	0	0	0	0	0	0	0	0	0	0	0	0	0	0	0	0	0	0	0	0	0	0	0	0
138	0	0	0	0	0	0	0	0	584	0	584	0	0	0	0	0	0	0	0.0317062	0	0.0317062	0	0	0	0	0	0	0	1	0	0	0	0	0	0	0	0	28	0	28	0	0	0	0	0	0	0	1	0	0	0	0	0	0	0	0	80.2582	0	80.2582	0	0	0	0	0	0	0	1	0	0	0	0	0	0	0	0	167	0	167	0	0	0	0	0	0	0	1	0	0	0	0	0	0	0	0	0	0	0	0	0	0	0	0	0	0	0	0	0	0	0	0	0	0	0	0	0	0	0	0	0	0	0	0	0	0	0
139	0	0	0	0	0	0	0	0	589	0	589	0	0	0	0	0	0	0	0.0540371	0	0.0540371	0	0	0	0	0	0	0	1	0	0	0	0	0	0	0	0	35	0	35	0	0	0	0	0	0	0	1	0	0	0	0	0	0	0	0	78.2721	0	78.2721	0	0	0	0	0	0	0	1	0	0	0	0	0	0	0	0	157	0	157	0	0	0	0	0	0	0	1	0	0	0	0	0	0	0	0	0	0	0	0	0	0	0	0	0	0	0	0	0	0	0	0	0	0	0	0	0	0	0	0	0	0	0	0	0	0	0
140	0	0	0	0	0	0	0	0	589	0	589	0	0	0	0	0	0	0	0.0648044	0	0.0648044	0	0	0	0	0	0	0	1	0	0	0	0	0	0	0	0	39	0	39	0	0	0	0	0	0	0	1	0	0	0	0	0	0	0	0	77.9658	0	77.9658	0	0	0	0	0	0	0	1	0	0	0	0	0	0	0	0	157	0	157	0	0	0	0	0	0	0	1	0	0	0	0	0	0	0	0	0	0	0	0	0	0	0	0	0	0	0	0	0	0	0	0	0	0	0	0	0	0	0	0	0	0	0	0	0	0	0
141	0	0	0	0	0	0	0	0	579	0	579	0	0	0	0	0	0	0	0.0668257	0	0.0668257	0	0	0	0	0	0	0	1	0	0	0	0	0	0	0	0	46	0	46	0	0	0	0	0	0	0	1	0	0	0	0	0	0	0	0	73.6114	0	73.6114	0	0	0	0	0	0	0	1	0	0	0	0	0	0	0	0	152	0	152	0	0	0	0	0	0	0	1	0	0	0	0	0	0	0	0	0	0	0	0	0	0	0	0	0	0	0	0	0	0	0	0	0	0	0	0	0	0	0	0	0	0	0	0	0	0	0
142	0	0	0	0	0	0	0	0	578	0	578	0	0	0	0	0	0	0	0.0860919	0	0.0860919	0	0	0	0	0	0	0	1	0	0	0	0	0	0	0	0	52	0	52	0	0	0	0	0	0	0	1	0	0	0	0	0	0	0	0	72.7731	0	72.7731	0	0	0	0	0	0	0	1	0	0	0	0	0	0	0	0	150	0	150	0	0	0	0	0	0	0	1	0	0	0	0	0	0	0	0	0	0	0	0	0	0	0	0	0	0	0	0	0	0	0	0	0	0	0	0	0	0	0	0	0	0	0	0	0	0	0
143	0	0	0	0	0	0	0	0	564	0	564	0	0	0	0	0	0	0	0.10431	0	0.10431	0	0	0	0	0	0	0	1	0	0	0	0	0	0	0	0	58	0	58	0	0	0	0	0	0	0	1	0	0	0	0	0	0	0	0	69.265	0	69.265	0	0	0	0	0	0	0	1	0	0	0	0	0	0	0	0	146	0	146	0	0	0	0	0	0	0	1	0	0	0	0	0	0	0	0	0	0	0	0	0	0	0	0	0	0	0	0	0	0	0	0	0	0	0	0	0	0	0	0	0	0	0	0	0	0	0
144	0	0	0	0	0	0	0	0	554	0	554	0	0	0	0	0	0	0	0.0737753	0	0.0737753	0	0	0	0	0	0	0	1	0	0	0	0	0	0	0	0	59	0	59	0	0	0	0	0	0	0	1	0	0	0	0	0	0	0	0	69.6308	0	69.6308	0	0	0	0	0	0	0	1	0	0	0	0	0	0	0	0	155	0	155	0	0	0	0	0	0	0	1	0	0	0	0	0	0	0	0	0	0	0	0	0	0	0	0	0	0	0	0	0	0	0	0	0	0	0	0	0	0	0	0	0	0	0	0	0	0	0
145	0	0	0	0	0	0	0	0	537	0	537	0	0	0	0	0	0	0	0.109404	0	0.109404	0	0	0	0	0	0	0	1	0	0	0	0	0	0	0	0	70	0	70	0	0	0	0	0	0	0	1	0	0	0	0	0	0	0	0	70.4465	0	70.4465	0	0	0	0	0	0	0	1	0	0	0	0	0	0	0	0	159	0	159	0	0	0	0	0	0	0	1	0	0	0	0	0	0	0	0	0	0	0	0	0	0	0	0	0	0	0	0	0	0	0	0	0	0	0	0	0	0	0	0	0	0	0	0	0	0	0
146	0	0	0	0	0	0	0	0	537	0	537	0	0	0	0	0	0	0	0.116501	0	0.116501	0	0	0	0	0	0	0	1	0	0	0	0	0	0	0	0	70	0	70	0	0	0	0	0	0	0	1	0	0	0	0	0	0	0	0	68.1458	0	68.1458	0	0	0	0	0	0	0	1	0	0	0	0	0	0	0	0	158	0	158	0	0	0	0	0	0	0	1	0	0	0	0	0	0	0	0	0	0	0	0	0	0	0	0	0	0	0	0	0	0	0	0	0	0	0	0	0	0	0	0	0	0	0	0	0	0	0
147	0	0	0	0	0	0	0	0	585	0	585	0	0	0	0	0	0	0	0.112365	0	0.112365	0	0	0	0	0	0	0	1	0	0	0	0	0	0	0	0	63	0	63	0	0	0	0	0	0	0	1	0	0	0	0	0	0	0	0	70.3524	0	70.3524	0	0	0	0	0	0	0	1	0	0	0	0	0	0	0	0	171	0	171	0	0	0	0	0	0	0	1	0	0	0	0	0	0	0	0	0	0	0	0	0	0	0	0	0	0	0	0	0	0	0	0	0	0	0	0	0	0	0	0	0	0	0	0	0	0	0
148	0	0	0	0	0	0	0	0	552	0	552	0	0	0	0	0	0	0	0.125149	0	0.125149	0	0	0	0	0	0	0	1	0	0	0	0	0	0	0	0	67	0	67	0	0	0	0	0	0	0	1	0	0	0	0	0	0	0	0	65.9041	0	65.9041	0	0	0	0	0	0	0	1	0	0	0	0	0	0	0	0	170	0	170	0	0	0	0	0	0	0	1	0	0	0	0	0	0	0	0	0	0	0	0	0	0	0	0	0	0	0	0	0	0	0	0	0	0	0	0	0	0	0	0	0	0	0	0	0	0	0
149	0	0	0	0	0	0	0	0	585	0	585	0	0	0	0	0	0	0	0.0985054	0	0.0985054	0	0	0	0	0	0	0	1	0	0	0	0	0	0	0	0	72	0	72	0	0	0	0	0	0	0	1	0	0	0	0	0	0	0	0	66.8371	0	66.8371	0	0	0	0	0	0	0	1	0	0	0	0	0	0	0	0	178	0	178	0	0	0	0	0	0	0	1	0	0	0	0	0	0	0	0	0	0	0	0	0	0	0	0	0	0	0	0	0	0	0	0	0	0	0	0	0	0	0	0	0	0	0	0	0	0	0
150	0	0	0	0	0	0	0	0	580	0	580	0	0	0	0	0	0	0	0.156136	0	0.156136	0	0	0	0	0	0	0	1	0	0	0	0	0	0	0	0	90	0	90	0	0	0	0	0	0	0	1	0	0	0	0	0	0	0	0	67.0744	0	67.0744	0	0	0	0	0	0	0	1	0	0	0	0	0	0	0	0	178	0	178	0	0	0	0	0	0	0	1	0	0	0	0	0	0	0	0	0	0	0	0	0	0	0	0	0	0	0	0	0	0	0	0	0	0	0	0	0	0	0	0	0	0	0	0	0	0	0
151	0	0	0	0	0	0	0	0	600	0	600	0	0	0	0	0	0	0	0.154918	0	0.154918	0	0	0	0	0	0	0	1	0	0	0	0	0	0	0	0	98	0	98	0	0	0	0	0	0	0	1	0	0	0	0	0	0	0	0	68.4043	0	68.4043	0	0	0	0	0	0	0	1	0	0	0	0	0	0	0	0	195	0	195	0	0	0	0	0	0	0	1	0	0	0	0	0	0	0	0	0	0	0	0	0	0	0	0	0	0	0	0	0	0	0	0	0	0	0	0	0	0	0	0	0	0	0	0	0	0	0
152	0	0	0	0	0	0	0	0	600	0	600	0	0	0	0	0	0	0	0.154247	0	0.154247	0	0	0	0	0	0	0	1	0	0	0	0	0	0	0	0	110	0	110	0	0	0	0	0	0	0	1	0	0	0	0	0	0	0	0	70.2697	0	70.2697	0	0	0	0	0	0	0	1	0	0	0	0	0	0	0	0	206	0	206	0	0	0	0	0	0	0	1	0	0	0	0	0	0	0	0	0	0	0	0	0	0	0	0	0	0	0	0	0	0	0	0	0	0	0	0	0	0	0	0	0	0	0	0	0	0	0
153	0	0	0	0	0	0	0	0	589	0	589	0	0	0	0	0	0	0	0.170615	0	0.170615	0	0	0	0	0	0	0	1	0	0	0	0	0	0	0	0	117	0	117	0	0	0	0	0	0	0	1	0	0	0	0	0	0	0	0	70.705	0	70.705	0	0	0	0	0	0	0	1	0	0	0	0	0	0	0	0	209	0	209	0	0	0	0	0	0	0	1	0	0	0	0	0	0	0	0	0	0	0	0	0	0	0	0	0	0	0	0	0	0	0	0	0	0	0	0	0	0	0	0	0	0	0	0	0	0	0
154	0	0	0	0	0	0	0	0	585	0	585	0	0	0	0	0	0	0	0.224234	0	0.224234	0	0	0	0	0	0	0	1	0	0	0	0	0	0	0	0	130	0	130	0	0	0	0	0	0	0	1	0	0	0	0	0	0	0	0	70.9144	0	70.9144	0	0	0	0	0	0	0	1	0	0	0	0	0	0	0	0	214	0	214	0	0	0	0	0	0	0	1	0	0	0	0	0	0	0	0	0	0	0	0	0	0	0	0	0	0	0	0	0	0	0	0	0	0	0	0	0	0	0	0	0	0	0	0	0	0	0
155	0	0	0	0	0	0	0	0	581	0	581	0	0	0	0	0	0	0	0.216536	0	0.216536	0	0	0	0	0	0	0	1	0	0	0	0	0	0	0	0	121	0	121	0	0	0	0	0	0	0	1	0	0	0	0	0	0	0	0	73.1947	0	73.1947	0	0	0	0	0	0	0	1	0	0	0	0	0	0	0	0	231	0	231	0	0	0	0	0	0	0	1	0	0	0	0	0	0	0	0	0	0	0	0	0	0	0	0	0	0	0	0	0	0	0	0	0	0	0	0	0	0	0	0	0	0	0	0	0	0	0
156	0	0	0	0	0	0	0	0	608	0	608	0	0	0	0	0	0	0	0.235995	0	0.235995	0	0	0	0	0	0	0	1	0	0	0	0	0	0	0	0	116	0	116	0	0	0	0	0	0	0	1	0	0	0	0	0	0	0	0	75.8923	0	75.8923	0	0	0	0	0	0	0	1	0	0	0	0	0	0	0	0	248	0	248	0	0	0	0	0	0	0	1	0	0	0	0	0	0	0	0	0	0	0	0	0	0	0	0	0	0	0	0	0	0	0	0	0	0	0	0	0	0	0	0	0	0	0	0	0	0	0
157	0	0	0	0	0	0	0	0	621	0	621	0	0	0	0	0	0	0	0.223957	0	0.223957	0	0	0	0	0	0	0	1	0	0	0	0	0	0	0	0	108	0	108	0	0	0	0	0	0	0	1	0	0	0	0	0	0	0	0	78.7881	0	78.7881	0	0	0	0	0	0	0	1	0	0	0	0	0	0	0	0	261	0	261	0	0	0	0	0	0	0	1	0	0	0	0	0	0	0	0	0	0	0	0	0	0	0	0	0	0	0	0	0	0	0	0	0	0	0	0	0	0	0	0	0	0	0	0	0	0	0
158	0	0	0	0	0	0	0	0	596	0	596	0	0	0	0	0	0	0	0.227134	0	0.227134	0	0	0	0	0	0	0	1	0	0	0	0	0	0	0	0	105	0	105	0	0	0	0	0	0	0	1	0	0	0	0	0	0	0	0	80.551	0	80.551	0	0	0	0	0	0	0	1	0	0	0	0	0	0	0	0	262	0	262	0	0	0	0	0	0	0	1	0	0	0	0	0	0	0	0	0	0	0	0	0	0	0	0	0	0	0	0	0	0	0	0	0	0	0	0	0	0	0	0	0	0	0	0	0	0	0
159	0	0	0	0	0	0	0	0	574	0	574	0	0	0	0	0	0	0	0.231454	0	0.231454	0	0	0	0	0	0	0	1	0	0	0	0	0	0	0	0	98	0	98	0	0	0	0	0	0	0	1	0	0	0	0	0	0	0	0	79.6237	0	79.6237	0	0	0	0	0	0	0	1	0	0	0	0	0	0	0	0	260	0	260	0	0	0	0	0	0	0	1	0	0	0	0	0	0	0	0	0	0	0	0	0	0	0	0	0	0	0	0	0	0	0	0	0	0	0	0	0	0	0	0	0	0	0	0	0	0	0
160	0	0	0	0	0	0	0	0	607	0	607	0	0	0	0	0	0	0	0.18908	0	0.18908	0	0	0	0	0	0	0	1	0	0	0	0	0	0	0	0	78	0	78	0	0	0	0	0	0	0	1	0	0	0	0	0	0	0	0	81.5535	0	81.5535	0	0	0	0	0	0	0	1	0	0	0	0	0	0	0	0	267	0	267	0	0	0	0	0	0	0	1	0	0	0	0	0	0	0	0	0	0	0	0	0	0	0	0	0	0	0	0	0	0	0	0	0	0	0	0	0	0	0	0	0	0	0	0	0	0	0
161	0	0	0	0	0	0	0	0	614	0	614	0	0	0	0	0	0	0	0.126868	0	0.126868	0	0	0	0	0	0	0	1	0	0	0	0	0	0	0	0	60	0	60	0	0	0	0	0	0	0	1	0	0	0	0	0	0	0	0	83.6999	0	83.6999	0	0	0	0	0	0	0	1	0	0	0	0	0	0	0	0	269	0	269	0	0	0	0	0	0	0	1	0	0	0	0	0	0	0	0	0	0	0	0	0	0	0	0	0	0	0	0	0	0	0	0	0	0	0	0	0	0	0	0	0	0	0	0	0	0	0
162	0	0	0	0	0	0	0	0	592	0	592	0	0	0	0	0	0	0	0.162542	0	0.162542	0	0	0	0	0	0	0	1	0	0	0	0	0	0	0	0	59	0	59	0	0	0	0	0	0	0	1	0	0	0	0	0	0	0	0	82.8507	0	82.8507	0	0	0	0	0	0	0	1	0	0	0	0	0	0	0	0	259	0	259	0	0	0	0	0	0	0	1	0	0	0	0	0	0	0	0	0	0	0	0	0	0	0	0	0	0	0	0	0	0	0	0	0	0	0	0	0	0	0	0	0	0	0	0	0	0	0
163	0	0	0	0	0	0	0	0	595	0	595	0	0	0	0	0	0	0	0.120232	0	0.120232	0	0	0	0	0	0	0	1	0	0	0	0	0	0	0	0	46	0	46	0	0	0	0	0	0	0	1	0	0	0	0	0	0	0	0	83.6459	0	83.6459	0	0	0	0	0	0	0	1	0	0	0	0	0	0	0	0	264	0	264	0	0	0	0	0	0	0	1	0	0	0	0	0	0	0	0	0	0	0	0	0	0	0	0	0	0	0	0	0	0	0	0	0	0	0	0	0	0	0	0	0	0	0	0	0	0	0
164	0	0	0	0	0	0	0	0	602	0	602	0	0	0	0	0	0	0	0.106692	0	0.106692	0	0	0	0	0	0	0	1	0	0	0	0	0	0	0	0	37	0	37	0	0	0	0	0	0	0	1	0	0	0	0	0	0	0	0	84.8267	0	84.8267	0	0	0	0	0	0	0	1	0	0	0	0	0	0	0	0	259	0	259	0	0	0	0	0	0	0	1	0	0	0	0	0	0	0	0	0	0	0	0	0	0	0	0	0	0	0	0	0	0	0	0	0	0	0	0	0	0	0	0	0	0	0	0	0	0	0
165	0	0	0	0	0	0	0	0	607	0	607	0	0	0	0	0	0	0	0.0973218	0	0.0973218	0	0	0	0	0	0	0	1	0	0	0	0	0	0	0	0	34	0	34	0	0	0	0	0	0	0	1	0	0	0	0	0	0	0	0	85.6239	0	85.6239	0	0	0	0	0	0	0	1	0	0	0	0	0	0	0	0	250	0	250	0	0	0	0	0	0	0	1	0	0	0	0	0	0	0	0	0	0	0	0	0	0	0	0	0	0	0	0	0	0	0	0	0	0	0	0	0	0	0	0	0	0	0	0	0	0	0
166	0	0	0	0	0	0	0	0	613	0	613	0	0	0	0	0	0	0	0.0565812	0	0.0565812	0	0	0	0	0	0	0	1	0	0	0	0	0	0	0	0	24	0	24	0	0	0	0	0	0	0	1	0	0	0	0	0	0	0	0	89.2519	0	89.2519	0	0	0	0	0	0	0	1	0	0	0	0	0	0	0	0	251	0	251	0	0	0	0	0	0	0	1	0	0	0	0	0	0	0	0	0	0	0	0	0	0	0	0	0	0	0	0	0	0	0	0	0	0	0	0	0	0	0	0	0	0	0	0	0	0	0
167	0	0	0	0	0	0	0	0	606	0	606	0	0	0	0	0	0	0	0.064992	0	0.064992	0	0	0	0	0	0	0	1	0	0	0	0	0	0	0	0	23	0	23	0	0	0	0	0	0	0	1	0	0	0	0	0	0	0	0	89.6855	0	89.6855	0	0	0	0	0	0	0	1	0	0	0	0	0	0	0	0	241	0	241	0	0	0	0	0	0	0	1	0	0	0	0	0	0	0	0	0	0	0	0	0	0	0	0	0	0	0	0	0	0	0	0	0	0	0	0	0	0	0	0	0	0	0	0	0	0	0
168	0	0	0	0	0	0	0	0	620	0	620	0	0	0	0	0	0	0	0.0754305	0	0.0754305	0	0	0	0	0	0	0	1	0	0	0	0	0	0	0	0	24	0	24	0	0	0	0	0	0	0	1	0	0	0	0	0	0	0	0	90.2769	0	90.2769	0	0	0	0	0	0	0	1	0	0	0	0	0	0	0	0	232	0	232	0	0	0	0	0	0	0	1	0	0	0	0	0	0	0	0	0	0	0	0	0	0	0	0	0	0	0	0	0	0	0	0	0	0	0	0	0	0	0	0	0	0	0	0	0	0	0
169	0	0	0	0	0	0	0	0	610	0	610	0	0	0	0	0	0	0	0.0449084	0	0.0449084	0	0	0	0	0	0	0	1	0	0	0	0	0	0	0	0	17	0	17	0	0	0	0	0	0	0	1	0	0	0	0	0	0	0	0	88.2869	0	88.2869	0	0	0	0	0	0	0	1	0	0	0	0	0	0	0	0	227	0	227	0	0	0	0	0	0	0	1	0	0	0	0	0	0	0	0	0	0	0	0	0	0	0	0	0	0	0	0	0	0	0	0	0	0	0	0	0	0	0	0	0	0	0	0	0	0	0
170	0	0	0	0	0	0	0	0	608	0	608	0	0	0	0	0	0	0	0.0264624	0	0.0264624	0	0	0	0	0	0	0	1	0	0	0	0	0	0	0	0	18	0	18	0	0	0	0	0	0	0	1	0	0	0	0	0	0	0	0	87.1292	0	87.1292	0	0	0	0	0	0	0	1	0	0	0	0	0	0	0	0	224	0	224	0	0	0	0	0	0	0	1	0	0	0	0	0	0	0	0	0	0	0	0	0	0	0	0	0	0	0	0	0	0	0	0	0	0	0	0	0	0	0	0	0	0	0	0	0	0	0
171	0	0	0	0	0	0	0	0	603	0	603	0	0	0	0	0	0	0	0.0381135	0	0.0381135	0	0	0	0	0	0	0	1	0	0	0	0	0	0	0	0	23	0	23	0	0	0	0	0	0	0	1	0	0	0	0	0	0	0	0	87.0591	0	87.0591	0	0	0	0	0	0	0	1	0	0	0	0	0	0	0	0	216	0	216	0	0	0	0	0	0	0	1	0	0	0	0	0	0	0	0	0	0	0	0	0	0	0	0	0	0	0	0	0	0	0	0	0	0	0	0	0	0	0	0	0	0	0	0	0	0	0
172	0	0	0	0	0	0	0	0	591	0	591	0	0	0	0	0	0	0	0.0558542	0	0.0558542	0	0	0	0	0	0	0	1	0	0	0	0	0	0	0	0	25	0	25	0	0	0	0	0	0	0	1	0	0	0	0	0	0	0	0	84.0695	0	84.0695	0	0	0	0	0	0	0	1	0	0	0	0	0	0	0	0	204	0	204	0	0	0	0	0	0	0	1	0	0	0	0	0	0	0	0	0	0	0	0	0	0	0	0	0	0	0	0	0	0	0	0	0	0	0	0	0	0	0	0	0	0	0	0	0	0	0
173	0	0	0	0	0	0	0	0	578	0	578	0	0	0	0	0	0	0	0.0411872	0	0.0411872	0	0	0	0	0	0	0	1	0	0	0	0	0	0	0	0	26	0	26	0	0	0	0	0	0	0	1	0	0	0	0	0	0	0	0	82.7634	0	82.7634	0	0	0	0	0	0	0	1	0	0	0	0	0	0	0	0	195	0	195	0	0	0	0	0	0	0	1	0	0	0	0	0	0	0	0	0	0	0	0	0	0	0	0	0	0	0	0	0	0	0	0	0	0	0	0	0	0	0	0	0	0	0	0	0	0	0
174	0	0	0	0	0	0	0	0	600	0	600	0	0	0	0	0	0	0	0.048387	0	0.048387	0	0	0	0	0	0	0	1	0	0	0	0	0	0	0	0	27	0	27	0	0	0	0	0	0	0	1	0	0	0	0	0	0	0	0	83.5989	0	83.5989	0	0	0	0	0	0	0	1	0	0	0	0	0	0	0	0	193	0	193	0	0	0	0	0	0	0	1	0	0	0	0	0	0	0	0	0	0	0	0	0	0	0	0	0	0	0	0	0	0	0	0	0	0	0	0	0	0	0	0	0	0	0	0	0	0	0
175	0	0	0	0	0	0	0	0	598	0	598	0	0	0	0	0	0	0	0.0321562	0	0.0321562	0	0	0	0	0	0	0	1	0	0	0	0	0	0	0	0	21	0	21	0	0	0	0	0	0	0	1	0	0	0	0	0	0	0	0	82.0768	0	82.0768	0	0	0	0	0	0	0	1	0	0	0	0	0	0	0	0	193	0	193	0	0	0	0	0	0	0	1	0	0	0	0	0	0	0	0	0	0	0	0	0	0	0	0	0	0	0	0	0	0	0	0	0	0	0	0	0	0	0	0	0	0	0	0	0	0	0
176	0	0	0	0	0	0	0	0	569	0	569	0	0	0	0	0	0	0	0.029268	0	0.029268	0	0	0	0	0	0	0	1	0	0	0	0	0	0	0	0	28	0	28	0	0	0	0	0	0	0	1	0	0	0	0	0	0	0	0	81.9686	0	81.9686	0	0	0	0	0	0	0	1	0	0	0	0	0	0	0	0	187	0	187	0	0	0	0	0	0	0	1	0	0	0	0	0	0	0	0	0	0	0	0	0	0	0	0	0	0	0	0	0	0	0	0	0	0	0	0	0	0	0	0	0	0	0	0	0	0	0
177	0	0	0	0	0	0	0	0	543	0	543	0	0	0	0	0	0	0	0.0403973	0	0.0403973	0	0	0	0	0	0	0	1	0	0	0	0	0	0	0	0	28	0	28	0	0	0	0	0	0	0	1	0	0	0	0	0	0	0	0	78.9534	0	78.9534	0	0	0	0	0	0	0	1	0	0	0	0	0	0	0	0	178	0	178	0	0	0	0	0	0	0	1	0	0	0	0	0	0	0	0	0	0	0	0	0	0	0	0	0	0	0	0	0	0	0	0	0	0	0	0	0	0	0	0	0	0	0	0	0	0	0
178	0	0	0	0	0	0	0	0	528	0	528	0	0	0	0	0	0	0	0.0451288	0	0.0451288	0	0	0	0	0	0	0	1	0	0	0	0	0	0	0	0	28	0	28	0	0	0	0	0	0	0	1	0	0	0	0	0	0	0	0	75.7	0	75.7	0	0	0	0	0	0	0	1	0	0	0	0	0	0	0	0	169	0	169	0	0	0	0	0	0	0	1	0	0	0	0	0	0	0	0	0	0	0	0	0	0	0	0	0	0	0	0	0	0	0	0	0	0	0	0	0	0	0	0	0	0	0	0	0	0	0
179	0	0	0	0	0	0	0	0	536	0	536	0	0	0	0	0	0	0	0.0618809	0	0.0618809	0	0	0	0	0	0	0	1	0	0	0	0	0	0	0	0	29	0	29	0	0	0	0	0	0	0	1	0	0	0	0	0	0	0	0	73.3338	0	73.3338	0	0	0	0	0	0	0	1	0	0	0	0	0	0	0	0	162	0	162	0	0	0	0	0	0	0	1	0	0	0	0	0	0	0	0	0	0	0	0	0	0	0	0	0	0	0	0	0	0	0	0	0	0	0	0	0	0	0	0	0	0	0	0	0	0	0
180	0	0	0	0	0	0	0	0	571	0	571	0	0	0	0	0	0	0	0.0636905	0	0.0636905	0	0	0	0	0	0	0	1	0	0	0	0	0	0	0	0	24	0	24	0	0	0	0	0	0	0	1	0	0	0	0	0	0	0	0	74.9105	0	74.9105	0	0	0	0	0	0	0	1	0	0	0	0	0	0	0	0	157	0	157	0	0	0	0	0	0	0	1	0	0	0	0	0	0	0	0	0	0	0	0	0	0	0	0	0	0	0	0	0	0	0	0	0	0	0	0	0	0	0	0	0	0	0	0	0	0	0
181	0	0	0	0	0	0	0	0	593	0	593	0	0	0	0	0	0	0	0.0431576	0	0.0431576	0	0	0	0	0	0	0	1	0	0	0	0	0	0	0	0	23	0	23	0	0	0	0	0	0	0	1	0	0	0	0	0	0	0	0	77.1581	0	77.1581	0	0	0	0	0	0	0	1	0	0	0	0	0	0	0	0	162	0	162	0	0	0	0	0	0	0	1	0	0	0	0	0	0	0	0	0	0	0	0	0	0	0	0	0	0	0	0	0	0	0	0	0	0	0	0	0	0	0	0	0	0	0	0	0	0	0
182	0	0	0	0	0	0	0	0	571	0	571	0	0	0	0	0	0	0	0.0440578	0	0.0440578	0	0	0	0	0	0	0	1	0	0	0	0	0	0	0	0	33	0	33	0	0	0	0	0	0	0	1	0	0	0	0	0	0	0	0	75.3394	0	75.3394	0	0	0	0	0	0	0	1	0	0	0	0	0	0	0	0	159	0	159	0	0	0	0	0	0	0	1	0	0	0	0	0	0	0	0	0	0	0	0	0	0	0	0	0	0	0	0	0	0	0	0	0	0	0	0	0	0	0	0	0	0	0	0	0	0	0
183	0	0	0	0	0	0	0	0	587	0	587	0	0	0	0	0	0	0	0.0620642	0	0.0620642	0	0	0	0	0	0	0	1	0	0	0	0	0	0	0	0	41	0	41	0	0	0	0	0	0	0	1	0	0	0	0	0	0	0	0	76.8198	0	76.8198	0	0	0	0	0	0	0	1	0	0	0	0	0	0	0	0	155	0	155	0	0	0	0	0	0	0	1	0	0	0	0	0	0	0	0	0	0	0	0	0	0	0	0	0	0	0	0	0	0	0	0	0	0	0	0	0	0	0	0	0	0	0	0	0	0	0
184	0	0	0	0	0	0	0	0	560	0	560	0	0	0	0	0	0	0	0.0987938	0	0.0987938	0	0	0	0	0	0	0	1	0	0	0	0	0	0	0	0	51	0	51	0	0	0	0	0	0	0	1	0	0	0	0	0	0	0	0	75.2835	0	75.2835	0	0	0	0	0	0	0	1	0	0	0	0	0	0	0	0	149	0	149	0	0	0	0	0	0	0	1	0	0	0	0	0	0	0	0	0	0	0	0	0	0	0	0	0	0	0	0	0	0	0	0	0	0	0	0	0	0	0	0	0	0	0	0	0	0	0
185	0	0	0	0	0	0	0	0	548	0	548	0	0	0	0	0	0	0	0.103693	0	0.103693	0	0	0	0	0	0	0	1	0	0	0	0	0	0	0	0	57	0	57	0	0	0	0	0	0	0	1	0	0	0	0	0	0	0	0	71.9232	0	71.9232	0	0	0	0	0	0	0	1	0	0	0	0	0	0	0	0	151	0	151	0	0	0	0	0	0	0	1	0	0	0	0	0	0	0	0	0	0	0	0	0	0	0	0	0	0	0	0	0	0	0	0	0	0	0	0	0	0	0	0	0	0	0	0	0	0	0
186	0	0	0	0	0	0	0	0	564	0	564	0	0	0	0	0	0	0	0.114387	0	0.114387	0	0	0	0	0	0	0	1	0	0	0	0	0	0	0	0	55	0	55	0	0	0	0	0	0	0	1	0	0	0	0	0	0	0	0	72.8018	0	72.8018	0	0	0	0	0	0	0	1	0	0	0	0	0	0	0	0	151	0	151	0	0	0	0	0	0	0	1	0	0	0	0	0	0	0	0	0	0	0	0	0	0	0	0	0	0	0	0	0	0	0	0	0	0	0	0	0	0	0	0	0	0	0	0	0	0	0
187	0	0	0	0	0	0	0	0	556	0	556	0	0	0	0	0	0	0	0.0905056	0	0.0905056	0	0	0	0	0	0	0	1	0	0	0	0	0	0	0	0	56	0	56	0	0	0	0	0	0	0	1	0	0	0	0	0	0	0	0	71.5662	0	71.5662	0	0	0	0	0	0	0	1	0	0	0	0	0	0	0	0	161	0	161	0	0	0	0	0	0	0	1	0	0	0	0	0	0	0	0	0	0	0	0	0	0	0	0	0	0	0	0	0	0	0	0	0	0	0	0	0	0	0	0	0	0	0	0	0	0	0
188	0	0	0	0	0	0	0	0	552	0	552	0	0	0	0	0	0	0	0.108578	0	0.108578	0	0	0	0	0	0	0	1	0	0	0	0	0	0	0	0	63	0	63	0	0	0	0	0	0	0	1	0	0	0	0	0	0	0	0	72.8454	0	72.8454	0	0	0	0	0	0	0	1	0	0	0	0	0	0	0	0	166	0	166	0	0	0	0	0	0	0	1	0	0	0	0	0	0	0	0	0	0	0	0	0	0	0	0	0	0	0	0	0	0	0	0	0	0	0	0	0	0	0	0	0	0	0	0	0	0	0
189	0	0	0	0	0	0	0	0	534	0	534	0	0	0	0	0	0	0	0.114997	0	0.114997	0	0	0	0	0	0	0	1	0	0	0	0	0	0	0	0	64	0	64	0	0	0	0	0	0	0	1	0	0	0	0	0	0	0	0	70.6646	0	70.6646	0	0	0	0	0	0	0	1	0	0	0	0	0	0	0	0	163	0	163	0	0	0	0	0	0	0	1	0	0	0	0	0	0	0	0	0	0	0	0	0	0	0	0	0	0	0	0	0	0	0	0	0	0	0	0	0	0	0	0	0	0	0	0	0	0	0
190	0	0	0	0	0	0	0	0	560	0	560	0	0	0	0	0	0	0	0.125404	0	0.125404	0	0	0	0	0	0	0	1	0	0	0	0	0	0	0	0	59	0	59	0	0	0	0	0	0	0	1	0	0	0	0	0	0	0	0	71.0902	0	71.0902	0	0	0	0	0	0	0	1	0	0	0	0	0	0	0	0	170	0	170	0	0	0	0	0	0	0	1	0	0	0	0	0	0	0	0	0	0	0	0	0	0	0	0	0	0	0	0	0	0	0	0	0	0	0	0	0	0	0	0	0	0	0	0	0	0	0
191	0	0	0	0	0	0	0	0	574	0	574	0	0	0	0	0	0	0	0.0990131	0	0.0990131	0	0	0	0	0	0	0	1	0	0	0	0	0	0	0	0	48	0	48	0	0	0	0	0	0	0	1	0	0	0	0	0	0	0	0	70.1108	0	70.1108	0	0	0	0	0	0	0	1	0	0	0	0	0	0	0	0	179	0	179	0	0	0	0	0	0	0	1	0	0	0	0	0	0	0	0	0	0	0	0	0	0	0	0	0	0	0	0	0	0	0	0	0	0	0	0	0	0	0	0	0	0	0	0	0	0	0
192	0	0	0	0	0	0	0	0	610	0	610	0	0	0	0	0	0	0	0.0767154	0	0.0767154	0	0	0	0	0	0	0	1	0	0	0	0	0	0	0	0	53	0	53	0	0	0	0	0	0	0	1	0	0	0	0	0	0	0	0	71.3585	0	71.3585	0	0	0	0	0	0	0	1	0	0	0	0	0	0	0	0	182	0	182	0	0	0	0	0	0	0	1	0	0	0	0	0	0	0	0	0	0	0	0	0	0	0	0	0	0	0	0	0	0	0	0	0	0	0	0	0	0	0	0	0	0	0	0	0	0	0
193	0	0	0	0	0	0	0	0	599	0	599	0	0	0	0	0	0	0	0.0675177	0	0.0675177	0	0	0	0	0	0	0	1	0	0	0	0	0	0	0	0	69	0	69	0	0	0	0	0	0	0	1	0	0	0	0	0	0	0	0	69.4069	0	69.4069	0	0	0	0	0	0	0	1	0	0	0	0	0	0	0	0	183	0	183	0	0	0	0	0	0	0	1	0	0	0	0	0	0	0	0	0	0	0	0	0	0	0	0	0	0	0	0	0	0	0	0	0	0	0	0	0	0	0	0	0	0	0	0	0	0	0
194	0	0	0	0	0	0	0	0	589	0	589	0	0	0	0	0	0	0	0.122659	0	0.122659	0	0	0	0	0	0	0	1	0	0	0	0	0	0	0	0	100	0	100	0	0	0	0	0	0	0	1	0	0	0	0	0	0	0	0	70.5311	0	70.5311	0	0	0	0	0	0	0	1	0	0	0	0	0	0	0	0	182	0	182	0	0	0	0	0	0	0	1	0	0	0	0	0	0	0	0	0	0	0	0	0	0	0	0	0	0	0	0	0	0	0	0	0	0	0	0	0	0	0	0	0	0	0	0	0	0	0
195	0	0	0	0	0	0	0	0	572	0	572	0	0	0	0	0	0	0	0.163362	0	0.163362	0	0	0	0	0	0	0	1	0	0	0	0	0	0	0	0	105	0	105	0	0	0	0	0	0	0	1	0	0	0	0	0	0	0	0	68.151	0	68.151	0	0	0	0	0	0	0	1	0	0	0	0	0	0	0	0	187	0	187	0	0	0	0	0	0	0	1	0	0	0	0	0	0	0	0	0	0	0	0	0	0	0	0	0	0	0	0	0	0	0	0	0	0	0	0	0	0	0	0	0	0	0	0	0	0	0
196	0	0	0	0	0	0	0	0	581	0	581	0	0	0	0	0	0	0	0.193592	0	0.193592	0	0	0	0	0	0	0	1	0	0	0	0	0	0	0	0	113	0	113	0	0	0	0	0	0	0	1	0	0	0	0	0	0	0	0	69.4679	0	69.4679	0	0	0	0	0	0	0	1	0	0	0	0	0	0	0	0	199	0	199	0	0	0	0	0	0	0	1	0	0	0	0	0	0	0	0	0	0	0	0	0	0	0	0	0	0	0	0	0	0	0	0	0	0	0	0	0	0	0	0	0	0	0	0	0	0	0
197	0	0	0	0	0	0	0	0	593	0	593	0	0	0	0	0	0	0	0.169742	0	0.169742	0	0	0	0	0	0	0	1	0	0	0	0	0	0	0	0	101	0	101	0	0	0	0	0	0	0	1	0	0	0	0	0	0	0	0	71.2171	0	71.2171	0	0	0	0	0	0	0	1	0	0	0	0	0	0	0	0	218	0	218	0	0	0	0	0	0	0	1	0	0	0	0	0	0	0	0	0	0	0	0	0	0	0	0	0	0	0	0	0	0	0	0	0	0	0	0	0	0	0	0	0	0	0	0	0	0	0
198	0	0	0	0	0	0	0	0	574	0	574	0	0	0	0	0	0	0	0.200389	0	0.200389	0	0	0	0	0	0	0	1	0	0	0	0	0	0	0	0	93	0	93	0	0	0	0	0	0	0	1	0	0	0	0	0	0	0	0	72.3758	0	72.3758	0	0	0	0	0	0	0	1	0	0	0	0	0	0	0	0	224	0	224	0	0	0	0	0	0	0	1	0	0	0	0	0	0	0	0	0	0	0	0	0	0	0	0	0	0	0	0	0	0	0	0	0	0	0	0	0	0	0	0	0	0	0	0	0	0	0
199	0	0	0	0	0	0	0	0	596	0	596	0	0	0	0	0	0	0	0.149962	0	0.149962	0	0	0	0	0	0	0	1	0	0	0	0	0	0	0	0	66	0	66	0	0	0	0	0	0	0	1	0	0	0	0	0	0	0	0	74.9876	0	74.9876	0	0	0	0	0	0	0	1	0	0	0	0	0	0	0	0	241	0	241	0	0	0	0	0	0	0	1	0	0	0	0	0	0	0	0	0	0	0	0	0	0	0	0	0	0	0	0	0	0	0	0	0	0	0	0	0	0	0	0	0	0	0	0	0	0	0
200	0	0	0	0	0	0	0	0	601	0	601	0	0	0	0	0	0	0	0.110144	0	0.110144	0	0	0	0	0	0	0	1	0	0	0	0	0	0	0	0	59	0	59	0	0	0	0	0	0	0	1	0	0	0	0	0	0	0	0	76.2258	0	76.2258	0	0	0	0	0	0	0	1	0	0	0	0	0	0	0	0	247	0	247	0	0	0	0	0	0	0	1	0	0	0	0	0	0	0	0	0	0	0	0	0	0	0	0	0	0	0	0	0	0	0	0	0	0	0	0	0	0	0	0	0	0	0	0	0	0	0
