Location: Fake forest
From parameter file: C:\Users\ben\Desktop\inputs\input_GMF_0-0-0-0-0-0-0-1-0.xml
Basal area is normalized to m^2/ha; density to #/ha.
Subplots:
0 = Whole plot
Step	Subplot	Sdl Abs Den: ACRU	Sdl Abs Den: ACSA	Sdl Abs Den: BEAL	Sdl Abs Den: FAGR	Sdl Abs Den: TSCA	Sdl Abs Den: FRAM	Sdl Abs Den: PIST	Sdl Abs Den: PRSE	Sdl Abs Den: QURU	Sdl Den Total:	Sapl Abs BA: ACRU	Sapl Abs BA: ACSA	Sapl Abs BA: BEAL	Sapl Abs BA: FAGR	Sapl Abs BA: TSCA	Sapl Abs BA: FRAM	Sapl Abs BA: PIST	Sapl Abs BA: PRSE	Sapl Abs BA: QURU	Sapl BA Total:	Sapl Rel BA: ACRU	Sapl Rel BA: ACSA	Sapl Rel BA: BEAL	Sapl Rel BA: FAGR	Sapl Rel BA: TSCA	Sapl Rel BA: FRAM	Sapl Rel BA: PIST	Sapl Rel BA: PRSE	Sapl Rel BA: QURU	Sapl Abs Den: ACRU	Sapl Abs Den: ACSA	Sapl Abs Den: BEAL	Sapl Abs Den: FAGR	Sapl Abs Den: TSCA	Sapl Abs Den: FRAM	Sapl Abs Den: PIST	Sapl Abs Den: PRSE	Sapl Abs Den: QURU	Sapl Den Total:	Sapl Rel Den: ACRU	Sapl Rel Den: ACSA	Sapl Rel Den: BEAL	Sapl Rel Den: FAGR	Sapl Rel Den: TSCA	Sapl Rel Den: FRAM	Sapl Rel Den: PIST	Sapl Rel Den: PRSE	Sapl Rel Den: QURU	Adult Abs BA: ACRU	Adult Abs BA: ACSA	Adult Abs BA: BEAL	Adult Abs BA: FAGR	Adult Abs BA: TSCA	Adult Abs BA: FRAM	Adult Abs BA: PIST	Adult Abs BA: PRSE	Adult Abs BA: QURU	Adult BA Total:	Adult Rel BA: ACRU	Adult Rel BA: ACSA	Adult Rel BA: BEAL	Adult Rel BA: FAGR	Adult Rel BA: TSCA	Adult Rel BA: FRAM	Adult Rel BA: PIST	Adult Rel BA: PRSE	Adult Rel BA: QURU	Adult Abs Den: ACRU	Adult Abs Den: ACSA	Adult Abs Den: BEAL	Adult Abs Den: FAGR	Adult Abs Den: TSCA	Adult Abs Den: FRAM	Adult Abs Den: PIST	Adult Abs Den: PRSE	Adult Abs Den: QURU	Adult Den Total:	Adult Rel Den: ACRU	Adult Rel Den: ACSA	Adult Rel Den: BEAL	Adult Rel Den: FAGR	Adult Rel Den: TSCA	Adult Rel Den: FRAM	Adult Rel Den: PIST	Adult Rel Den: PRSE	Adult Rel Den: QURU	Snag Abs BA: ACRU	Snag Abs BA: ACSA	Snag Abs BA: BEAL	Snag Abs BA: FAGR	Snag Abs BA: TSCA	Snag Abs BA: FRAM	Snag Abs BA: PIST	Snag Abs BA: PRSE	Snag Abs BA: QURU	Snag BA Total:	Snag Rel BA: ACRU	Snag Rel BA: ACSA	Snag Rel BA: BEAL	Snag Rel BA: FAGR	Snag Rel BA: TSCA	Snag Rel BA: FRAM	Snag Rel BA: PIST	Snag Rel BA: PRSE	Snag Rel BA: QURU	Snag Abs Den: ACRU	Snag Abs Den: ACSA	Snag Abs Den: BEAL	Snag Abs Den: FAGR	Snag Abs Den: TSCA	Snag Abs Den: FRAM	Snag Abs Den: PIST	Snag Abs Den: PRSE	Snag Abs Den: QURU	Snag Den Total:	Snag Rel Den: ACRU	Snag Rel Den: ACSA	Snag Rel Den: BEAL	Snag Rel Den: FAGR	Snag Rel Den: TSCA	Snag Rel Den: FRAM	Snag Rel Den: PIST	Snag Rel Den: PRSE	Snag Rel Den: QURU
0	0	0	0	0	0	0	0	0	0	0	0	0	0	0	0	0	0	0	0.000830188	0	0.000830188	0	0	0	0	0	0	0	1	0	0	0	0	0	0	0	0	25	0	25	0	0	0	0	0	0	0	1	0	0	0	0	0	0	0	0	0	0	0	0	0	0	0	0	0	0	0	0	0	0	0	0	0	0	0	0	0	0	0	0	0	0	0	0	0	0	0	0	0	0	0	0	0	0	0	0	0	0	0	0	0	0	0	0	0	0	0	0	0	0	0	0	0	0	0	0	0	0	0	0	0	0	0	0	0
1	0	0	0	0	0	0	0	0	0	0	0	0	0	0	0	0	0	0	0.00711632	0	0.00711632	0	0	0	0	0	0	0	1	0	0	0	0	0	0	0	0	25	0	25	0	0	0	0	0	0	0	1	0	0	0	0	0	0	0	0	0	0	0	0	0	0	0	0	0	0	0	0	0	0	0	0	0	0	0	0	0	0	0	0	0	0	0	0	0	0	0	0	0	0	0	0	0	0	0	0	0	0	0	0	0	0	0	0	0	0	0	0	0	0	0	0	0	0	0	0	0	0	0	0	0	0	0	0	0
2	0	0	0	0	0	0	0	0	0	0	0	0	0	0	0	0	0	0	0.0530679	0	0.0530679	0	0	0	0	0	0	0	1	0	0	0	0	0	0	0	0	23	0	23	0	0	0	0	0	0	0	1	0	0	0	0	0	0	0	0	0	0	0	0	0	0	0	0	0	0	0	0	0	0	0	0	0	0	0	0	0	0	0	0	0	0	0	0	0	0	0	0	0	0	0	0	0	0	0	0	0	0	0	0	0	0	0	0	0	0	0	0	0	0	0	0	0	0	0	0	0	0	0	0	0	0	0	0	0
3	0	0	0	0	0	0	0	0	0	0	0	0	0	0	0	0	0	0	0.0318513	0	0.0318513	0	0	0	0	0	0	0	1	0	0	0	0	0	0	0	0	6	0	6	0	0	0	0	0	0	0	1	0	0	0	0	0	0	0	0	0.341436	0	0.341436	0	0	0	0	0	0	0	1	0	0	0	0	0	0	0	0	14	0	14	0	0	0	0	0	0	0	1	0	0	0	0	0	0	0	0	0	0	0	0	0	0	0	0	0	0	0	0	0	0	0	0	0	0	0	0	0	0	0	0	0	0	0	0	0	0	0
4	0	0	0	0	0	0	0	0	5	0	5	0	0	0	0	0	0	0	0	0	0	0	0	0	0	0	0	0	0	0	0	0	0	0	0	0	0	0	0	0	0	0	0	0	0	0	0	0	0	0	0	0	0	0	0	0	0.948799	0	0.948799	0	0	0	0	0	0	0	1	0	0	0	0	0	0	0	0	18	0	18	0	0	0	0	0	0	0	1	0	0	0	0	0	0	0	0	0	0	0	0	0	0	0	0	0	0	0	0	0	0	0	0	0	0	0	0	0	0	0	0	0	0	0	0	0	0	0
5	0	0	0	0	0	0	0	0	16	0	16	0	0	0	0	0	0	0	0	0	0	0	0	0	0	0	0	0	0	0	0	0	0	0	0	0	0	0	0	0	0	0	0	0	0	0	0	0	0	0	0	0	0	0	0	0	1.17976	0	1.17976	0	0	0	0	0	0	0	1	0	0	0	0	0	0	0	0	15	0	15	0	0	0	0	0	0	0	1	0	0	0	0	0	0	0	0	0	0	0	0	0	0	0	0	0	0	0	0	0	0	0	0	0	0	0	0	0	0	0	0	0	0	0	0	0	0	0
6	0	0	0	0	0	0	0	0	12	0	12	0	0	0	0	0	0	0	0.000507405	0	0.000507405	0	0	0	0	0	0	0	1	0	0	0	0	0	0	0	0	4	0	4	0	0	0	0	0	0	0	1	0	0	0	0	0	0	0	0	1.56012	0	1.56012	0	0	0	0	0	0	0	1	0	0	0	0	0	0	0	0	15	0	15	0	0	0	0	0	0	0	1	0	0	0	0	0	0	0	0	0	0	0	0	0	0	0	0	0	0	0	0	0	0	0	0	0	0	0	0	0	0	0	0	0	0	0	0	0	0	0
7	0	0	0	0	0	0	0	0	15	0	15	0	0	0	0	0	0	0	0.00491257	0	0.00491257	0	0	0	0	0	0	0	1	0	0	0	0	0	0	0	0	9	0	9	0	0	0	0	0	0	0	1	0	0	0	0	0	0	0	0	1.67266	0	1.67266	0	0	0	0	0	0	0	1	0	0	0	0	0	0	0	0	13	0	13	0	0	0	0	0	0	0	1	0	0	0	0	0	0	0	0	0	0	0	0	0	0	0	0	0	0	0	0	0	0	0	0	0	0	0	0	0	0	0	0	0	0	0	0	0	0	0
8	0	0	0	0	0	0	0	0	21	0	21	0	0	0	0	0	0	0	0.00588524	0	0.00588524	0	0	0	0	0	0	0	1	0	0	0	0	0	0	0	0	9	0	9	0	0	0	0	0	0	0	1	0	0	0	0	0	0	0	0	1.71701	0	1.71701	0	0	0	0	0	0	0	1	0	0	0	0	0	0	0	0	14	0	14	0	0	0	0	0	0	0	1	0	0	0	0	0	0	0	0	0	0	0	0	0	0	0	0	0	0	0	0	0	0	0	0	0	0	0	0	0	0	0	0	0	0	0	0	0	0	0
9	0	0	0	0	0	0	0	0	18	0	18	0	0	0	0	0	0	0	0.00422817	0	0.00422817	0	0	0	0	0	0	0	1	0	0	0	0	0	0	0	0	11	0	11	0	0	0	0	0	0	0	1	0	0	0	0	0	0	0	0	2.14858	0	2.14858	0	0	0	0	0	0	0	1	0	0	0	0	0	0	0	0	19	0	19	0	0	0	0	0	0	0	1	0	0	0	0	0	0	0	0	0	0	0	0	0	0	0	0	0	0	0	0	0	0	0	0	0	0	0	0	0	0	0	0	0	0	0	0	0	0	0
10	0	0	0	0	0	0	0	0	22	0	22	0	0	0	0	0	0	0	0.00930011	0	0.00930011	0	0	0	0	0	0	0	1	0	0	0	0	0	0	0	0	14	0	14	0	0	0	0	0	0	0	1	0	0	0	0	0	0	0	0	2.48524	0	2.48524	0	0	0	0	0	0	0	1	0	0	0	0	0	0	0	0	20	0	20	0	0	0	0	0	0	0	1	0	0	0	0	0	0	0	0	0	0	0	0	0	0	0	0	0	0	0	0	0	0	0	0	0	0	0	0	0	0	0	0	0	0	0	0	0	0	0
11	0	0	0	0	0	0	0	0	31	0	31	0	0	0	0	0	0	0	0.00594915	0	0.00594915	0	0	0	0	0	0	0	1	0	0	0	0	0	0	0	0	10	0	10	0	0	0	0	0	0	0	1	0	0	0	0	0	0	0	0	3.0982	0	3.0982	0	0	0	0	0	0	0	1	0	0	0	0	0	0	0	0	28	0	28	0	0	0	0	0	0	0	1	0	0	0	0	0	0	0	0	0	0	0	0	0	0	0	0	0	0	0	0	0	0	0	0	0	0	0	0	0	0	0	0	0	0	0	0	0	0	0
12	0	0	0	0	0	0	0	0	36	0	36	0	0	0	0	0	0	0	0.00643483	0	0.00643483	0	0	0	0	0	0	0	1	0	0	0	0	0	0	0	0	16	0	16	0	0	0	0	0	0	0	1	0	0	0	0	0	0	0	0	3.67661	0	3.67661	0	0	0	0	0	0	0	1	0	0	0	0	0	0	0	0	31	0	31	0	0	0	0	0	0	0	1	0	0	0	0	0	0	0	0	0	0	0	0	0	0	0	0	0	0	0	0	0	0	0	0	0	0	0	0	0	0	0	0	0	0	0	0	0	0	0
13	0	0	0	0	0	0	0	0	46	0	46	0	0	0	0	0	0	0	0.0202377	0	0.0202377	0	0	0	0	0	0	0	1	0	0	0	0	0	0	0	0	23	0	23	0	0	0	0	0	0	0	1	0	0	0	0	0	0	0	0	4.44583	0	4.44583	0	0	0	0	0	0	0	1	0	0	0	0	0	0	0	0	34	0	34	0	0	0	0	0	0	0	1	0	0	0	0	0	0	0	0	0	0	0	0	0	0	0	0	0	0	0	0	0	0	0	0	0	0	0	0	0	0	0	0	0	0	0	0	0	0	0
14	0	0	0	0	0	0	0	0	54	0	54	0	0	0	0	0	0	0	0.0204885	0	0.0204885	0	0	0	0	0	0	0	1	0	0	0	0	0	0	0	0	29	0	29	0	0	0	0	0	0	0	1	0	0	0	0	0	0	0	0	5.23132	0	5.23132	0	0	0	0	0	0	0	1	0	0	0	0	0	0	0	0	41	0	41	0	0	0	0	0	0	0	1	0	0	0	0	0	0	0	0	0	0	0	0	0	0	0	0	0	0	0	0	0	0	0	0	0	0	0	0	0	0	0	0	0	0	0	0	0	0	0
15	0	0	0	0	0	0	0	0	63	0	63	0	0	0	0	0	0	0	0.0627276	0	0.0627276	0	0	0	0	0	0	0	1	0	0	0	0	0	0	0	0	42	0	42	0	0	0	0	0	0	0	1	0	0	0	0	0	0	0	0	6.02444	0	6.02444	0	0	0	0	0	0	0	1	0	0	0	0	0	0	0	0	44	0	44	0	0	0	0	0	0	0	1	0	0	0	0	0	0	0	0	0	0	0	0	0	0	0	0	0	0	0	0	0	0	0	0	0	0	0	0	0	0	0	0	0	0	0	0	0	0	0
16	0	0	0	0	0	0	0	0	74	0	74	0	0	0	0	0	0	0	0.0639964	0	0.0639964	0	0	0	0	0	0	0	1	0	0	0	0	0	0	0	0	43	0	43	0	0	0	0	0	0	0	1	0	0	0	0	0	0	0	0	7.21547	0	7.21547	0	0	0	0	0	0	0	1	0	0	0	0	0	0	0	0	56	0	56	0	0	0	0	0	0	0	1	0	0	0	0	0	0	0	0	0	0	0	0	0	0	0	0	0	0	0	0	0	0	0	0	0	0	0	0	0	0	0	0	0	0	0	0	0	0	0
17	0	0	0	0	0	0	0	0	83	0	83	0	0	0	0	0	0	0	0.0828746	0	0.0828746	0	0	0	0	0	0	0	1	0	0	0	0	0	0	0	0	52	0	52	0	0	0	0	0	0	0	1	0	0	0	0	0	0	0	0	8.13869	0	8.13869	0	0	0	0	0	0	0	1	0	0	0	0	0	0	0	0	68	0	68	0	0	0	0	0	0	0	1	0	0	0	0	0	0	0	0	0	0	0	0	0	0	0	0	0	0	0	0	0	0	0	0	0	0	0	0	0	0	0	0	0	0	0	0	0	0	0
18	0	0	0	0	0	0	0	0	100	0	100	0	0	0	0	0	0	0	0.0790448	0	0.0790448	0	0	0	0	0	0	0	1	0	0	0	0	0	0	0	0	57	0	57	0	0	0	0	0	0	0	1	0	0	0	0	0	0	0	0	9.94475	0	9.94475	0	0	0	0	0	0	0	1	0	0	0	0	0	0	0	0	82	0	82	0	0	0	0	0	0	0	1	0	0	0	0	0	0	0	0	0	0	0	0	0	0	0	0	0	0	0	0	0	0	0	0	0	0	0	0	0	0	0	0	0	0	0	0	0	0	0
19	0	0	0	0	0	0	0	0	111	0	111	0	0	0	0	0	0	0	0.134157	0	0.134157	0	0	0	0	0	0	0	1	0	0	0	0	0	0	0	0	74	0	74	0	0	0	0	0	0	0	1	0	0	0	0	0	0	0	0	12.4308	0	12.4308	0	0	0	0	0	0	0	1	0	0	0	0	0	0	0	0	94	0	94	0	0	0	0	0	0	0	1	0	0	0	0	0	0	0	0	0	0	0	0	0	0	0	0	0	0	0	0	0	0	0	0	0	0	0	0	0	0	0	0	0	0	0	0	0	0	0
20	0	0	0	0	0	0	0	0	150	0	150	0	0	0	0	0	0	0	0.172511	0	0.172511	0	0	0	0	0	0	0	1	0	0	0	0	0	0	0	0	83	0	83	0	0	0	0	0	0	0	1	0	0	0	0	0	0	0	0	15.1	0	15.1	0	0	0	0	0	0	0	1	0	0	0	0	0	0	0	0	110	0	110	0	0	0	0	0	0	0	1	0	0	0	0	0	0	0	0	0	0	0	0	0	0	0	0	0	0	0	0	0	0	0	0	0	0	0	0	0	0	0	0	0	0	0	0	0	0	0
21	0	0	0	0	0	0	0	0	187	0	187	0	0	0	0	0	0	0	0.162443	0	0.162443	0	0	0	0	0	0	0	1	0	0	0	0	0	0	0	0	88	0	88	0	0	0	0	0	0	0	1	0	0	0	0	0	0	0	0	18.1191	0	18.1191	0	0	0	0	0	0	0	1	0	0	0	0	0	0	0	0	136	0	136	0	0	0	0	0	0	0	1	0	0	0	0	0	0	0	0	0	0	0	0	0	0	0	0	0	0	0	0	0	0	0	0	0	0	0	0	0	0	0	0	0	0	0	0	0	0	0
22	0	0	0	0	0	0	0	0	233	0	233	0	0	0	0	0	0	0	0.18243	0	0.18243	0	0	0	0	0	0	0	1	0	0	0	0	0	0	0	0	109	0	109	0	0	0	0	0	0	0	1	0	0	0	0	0	0	0	0	21.6056	0	21.6056	0	0	0	0	0	0	0	1	0	0	0	0	0	0	0	0	160	0	160	0	0	0	0	0	0	0	1	0	0	0	0	0	0	0	0	0	0	0	0	0	0	0	0	0	0	0	0	0	0	0	0	0	0	0	0	0	0	0	0	0	0	0	0	0	0	0
23	0	0	0	0	0	0	0	0	273	0	273	0	0	0	0	0	0	0	0.222514	0	0.222514	0	0	0	0	0	0	0	1	0	0	0	0	0	0	0	0	134	0	134	0	0	0	0	0	0	0	1	0	0	0	0	0	0	0	0	24.7396	0	24.7396	0	0	0	0	0	0	0	1	0	0	0	0	0	0	0	0	180	0	180	0	0	0	0	0	0	0	1	0	0	0	0	0	0	0	0	0	0	0	0	0	0	0	0	0	0	0	0	0	0	0	0	0	0	0	0	0	0	0	0	0	0	0	0	0	0	0
24	0	0	0	0	0	0	0	0	317	0	317	0	0	0	0	0	0	0	0.295616	0	0.295616	0	0	0	0	0	0	0	1	0	0	0	0	0	0	0	0	145	0	145	0	0	0	0	0	0	0	1	0	0	0	0	0	0	0	0	28.5089	0	28.5089	0	0	0	0	0	0	0	1	0	0	0	0	0	0	0	0	208	0	208	0	0	0	0	0	0	0	1	0	0	0	0	0	0	0	0	0	0	0	0	0	0	0	0	0	0	0	0	0	0	0	0	0	0	0	0	0	0	0	0	0	0	0	0	0	0	0
25	0	0	0	0	0	0	0	0	350	0	350	0	0	0	0	0	0	0	0.317237	0	0.317237	0	0	0	0	0	0	0	1	0	0	0	0	0	0	0	0	167	0	167	0	0	0	0	0	0	0	1	0	0	0	0	0	0	0	0	32.3676	0	32.3676	0	0	0	0	0	0	0	1	0	0	0	0	0	0	0	0	242	0	242	0	0	0	0	0	0	0	1	0	0	0	0	0	0	0	0	0	0	0	0	0	0	0	0	0	0	0	0	0	0	0	0	0	0	0	0	0	0	0	0	0	0	0	0	0	0	0
26	0	0	0	0	0	0	0	0	382	0	382	0	0	0	0	0	0	0	0.263404	0	0.263404	0	0	0	0	0	0	0	1	0	0	0	0	0	0	0	0	177	0	177	0	0	0	0	0	0	0	1	0	0	0	0	0	0	0	0	35.3958	0	35.3958	0	0	0	0	0	0	0	1	0	0	0	0	0	0	0	0	278	0	278	0	0	0	0	0	0	0	1	0	0	0	0	0	0	0	0	0	0	0	0	0	0	0	0	0	0	0	0	0	0	0	0	0	0	0	0	0	0	0	0	0	0	0	0	0	0	0
27	0	0	0	0	0	0	0	0	397	0	397	0	0	0	0	0	0	0	0.351104	0	0.351104	0	0	0	0	0	0	0	1	0	0	0	0	0	0	0	0	206	0	206	0	0	0	0	0	0	0	1	0	0	0	0	0	0	0	0	37.3261	0	37.3261	0	0	0	0	0	0	0	1	0	0	0	0	0	0	0	0	288	0	288	0	0	0	0	0	0	0	1	0	0	0	0	0	0	0	0	0	0	0	0	0	0	0	0	0	0	0	0	0	0	0	0	0	0	0	0	0	0	0	0	0	0	0	0	0	0	0
28	0	0	0	0	0	0	0	0	417	0	417	0	0	0	0	0	0	0	0.429252	0	0.429252	0	0	0	0	0	0	0	1	0	0	0	0	0	0	0	0	227	0	227	0	0	0	0	0	0	0	1	0	0	0	0	0	0	0	0	41.3082	0	41.3082	0	0	0	0	0	0	0	1	0	0	0	0	0	0	0	0	318	0	318	0	0	0	0	0	0	0	1	0	0	0	0	0	0	0	0	0	0	0	0	0	0	0	0	0	0	0	0	0	0	0	0	0	0	0	0	0	0	0	0	0	0	0	0	0	0	0
29	0	0	0	0	0	0	0	0	461	0	461	0	0	0	0	0	0	0	0.483805	0	0.483805	0	0	0	0	0	0	0	1	0	0	0	0	0	0	0	0	233	0	233	0	0	0	0	0	0	0	1	0	0	0	0	0	0	0	0	44.2864	0	44.2864	0	0	0	0	0	0	0	1	0	0	0	0	0	0	0	0	359	0	359	0	0	0	0	0	0	0	1	0	0	0	0	0	0	0	0	0	0	0	0	0	0	0	0	0	0	0	0	0	0	0	0	0	0	0	0	0	0	0	0	0	0	0	0	0	0	0
30	0	0	0	0	0	0	0	0	524	0	524	0	0	0	0	0	0	0	0.516777	0	0.516777	0	0	0	0	0	0	0	1	0	0	0	0	0	0	0	0	237	0	237	0	0	0	0	0	0	0	1	0	0	0	0	0	0	0	0	47.982	0	47.982	0	0	0	0	0	0	0	1	0	0	0	0	0	0	0	0	392	0	392	0	0	0	0	0	0	0	1	0	0	0	0	0	0	0	0	0	0	0	0	0	0	0	0	0	0	0	0	0	0	0	0	0	0	0	0	0	0	0	0	0	0	0	0	0	0	0
31	0	0	0	0	0	0	0	0	553	0	553	0	0	0	0	0	0	0	0.490379	0	0.490379	0	0	0	0	0	0	0	1	0	0	0	0	0	0	0	0	245	0	245	0	0	0	0	0	0	0	1	0	0	0	0	0	0	0	0	50.9549	0	50.9549	0	0	0	0	0	0	0	1	0	0	0	0	0	0	0	0	430	0	430	0	0	0	0	0	0	0	1	0	0	0	0	0	0	0	0	0	0	0	0	0	0	0	0	0	0	0	0	0	0	0	0	0	0	0	0	0	0	0	0	0	0	0	0	0	0	0
32	0	0	0	0	0	0	0	0	565	0	565	0	0	0	0	0	0	0	0.524389	0	0.524389	0	0	0	0	0	0	0	1	0	0	0	0	0	0	0	0	268	0	268	0	0	0	0	0	0	0	1	0	0	0	0	0	0	0	0	51.2977	0	51.2977	0	0	0	0	0	0	0	1	0	0	0	0	0	0	0	0	446	0	446	0	0	0	0	0	0	0	1	0	0	0	0	0	0	0	0	0	0	0	0	0	0	0	0	0	0	0	0	0	0	0	0	0	0	0	0	0	0	0	0	0	0	0	0	0	0	0
33	0	0	0	0	0	0	0	0	558	0	558	0	0	0	0	0	0	0	0.567594	0	0.567594	0	0	0	0	0	0	0	1	0	0	0	0	0	0	0	0	290	0	290	0	0	0	0	0	0	0	1	0	0	0	0	0	0	0	0	55.0079	0	55.0079	0	0	0	0	0	0	0	1	0	0	0	0	0	0	0	0	478	0	478	0	0	0	0	0	0	0	1	0	0	0	0	0	0	0	0	0	0	0	0	0	0	0	0	0	0	0	0	0	0	0	0	0	0	0	0	0	0	0	0	0	0	0	0	0	0	0
34	0	0	0	0	0	0	0	0	581	0	581	0	0	0	0	0	0	0	0.600422	0	0.600422	0	0	0	0	0	0	0	1	0	0	0	0	0	0	0	0	296	0	296	0	0	0	0	0	0	0	1	0	0	0	0	0	0	0	0	59.3865	0	59.3865	0	0	0	0	0	0	0	1	0	0	0	0	0	0	0	0	505	0	505	0	0	0	0	0	0	0	1	0	0	0	0	0	0	0	0	0	0	0	0	0	0	0	0	0	0	0	0	0	0	0	0	0	0	0	0	0	0	0	0	0	0	0	0	0	0	0
35	0	0	0	0	0	0	0	0	598	0	598	0	0	0	0	0	0	0	0.707441	0	0.707441	0	0	0	0	0	0	0	1	0	0	0	0	0	0	0	0	308	0	308	0	0	0	0	0	0	0	1	0	0	0	0	0	0	0	0	61.7943	0	61.7943	0	0	0	0	0	0	0	1	0	0	0	0	0	0	0	0	520	0	520	0	0	0	0	0	0	0	1	0	0	0	0	0	0	0	0	0	0	0	0	0	0	0	0	0	0	0	0	0	0	0	0	0	0	0	0	0	0	0	0	0	0	0	0	0	0	0
36	0	0	0	0	0	0	0	0	610	0	610	0	0	0	0	0	0	0	0.670471	0	0.670471	0	0	0	0	0	0	0	1	0	0	0	0	0	0	0	0	288	0	288	0	0	0	0	0	0	0	1	0	0	0	0	0	0	0	0	66.5097	0	66.5097	0	0	0	0	0	0	0	1	0	0	0	0	0	0	0	0	554	0	554	0	0	0	0	0	0	0	1	0	0	0	0	0	0	0	0	0	0	0	0	0	0	0	0	0	0	0	0	0	0	0	0	0	0	0	0	0	0	0	0	0	0	0	0	0	0	0
37	0	0	0	0	0	0	0	0	627	0	627	0	0	0	0	0	0	0	0.632653	0	0.632653	0	0	0	0	0	0	0	1	0	0	0	0	0	0	0	0	273	0	273	0	0	0	0	0	0	0	1	0	0	0	0	0	0	0	0	69.4213	0	69.4213	0	0	0	0	0	0	0	1	0	0	0	0	0	0	0	0	575	0	575	0	0	0	0	0	0	0	1	0	0	0	0	0	0	0	0	0	0	0	0	0	0	0	0	0	0	0	0	0	0	0	0	0	0	0	0	0	0	0	0	0	0	0	0	0	0	0
38	0	0	0	0	0	0	0	0	680	0	680	0	0	0	0	0	0	0	0.557704	0	0.557704	0	0	0	0	0	0	0	1	0	0	0	0	0	0	0	0	251	0	251	0	0	0	0	0	0	0	1	0	0	0	0	0	0	0	0	72.2747	0	72.2747	0	0	0	0	0	0	0	1	0	0	0	0	0	0	0	0	573	0	573	0	0	0	0	0	0	0	1	0	0	0	0	0	0	0	0	0	0	0	0	0	0	0	0	0	0	0	0	0	0	0	0	0	0	0	0	0	0	0	0	0	0	0	0	0	0	0
39	0	0	0	0	0	0	0	0	664	0	664	0	0	0	0	0	0	0	0.53647	0	0.53647	0	0	0	0	0	0	0	1	0	0	0	0	0	0	0	0	236	0	236	0	0	0	0	0	0	0	1	0	0	0	0	0	0	0	0	73.9183	0	73.9183	0	0	0	0	0	0	0	1	0	0	0	0	0	0	0	0	566	0	566	0	0	0	0	0	0	0	1	0	0	0	0	0	0	0	0	0	0	0	0	0	0	0	0	0	0	0	0	0	0	0	0	0	0	0	0	0	0	0	0	0	0	0	0	0	0	0
40	0	0	0	0	0	0	0	0	669	0	669	0	0	0	0	0	0	0	0.502994	0	0.502994	0	0	0	0	0	0	0	1	0	0	0	0	0	0	0	0	238	0	238	0	0	0	0	0	0	0	1	0	0	0	0	0	0	0	0	76.4445	0	76.4445	0	0	0	0	0	0	0	1	0	0	0	0	0	0	0	0	579	0	579	0	0	0	0	0	0	0	1	0	0	0	0	0	0	0	0	0	0	0	0	0	0	0	0	0	0	0	0	0	0	0	0	0	0	0	0	0	0	0	0	0	0	0	0	0	0	0
41	0	0	0	0	0	0	0	0	661	0	661	0	0	0	0	0	0	0	0.441013	0	0.441013	0	0	0	0	0	0	0	1	0	0	0	0	0	0	0	0	229	0	229	0	0	0	0	0	0	0	1	0	0	0	0	0	0	0	0	76.9141	0	76.9141	0	0	0	0	0	0	0	1	0	0	0	0	0	0	0	0	572	0	572	0	0	0	0	0	0	0	1	0	0	0	0	0	0	0	0	0	0	0	0	0	0	0	0	0	0	0	0	0	0	0	0	0	0	0	0	0	0	0	0	0	0	0	0	0	0	0
42	0	0	0	0	0	0	0	0	682	0	682	0	0	0	0	0	0	0	0.463267	0	0.463267	0	0	0	0	0	0	0	1	0	0	0	0	0	0	0	0	216	0	216	0	0	0	0	0	0	0	1	0	0	0	0	0	0	0	0	77.1863	0	77.1863	0	0	0	0	0	0	0	1	0	0	0	0	0	0	0	0	573	0	573	0	0	0	0	0	0	0	1	0	0	0	0	0	0	0	0	0	0	0	0	0	0	0	0	0	0	0	0	0	0	0	0	0	0	0	0	0	0	0	0	0	0	0	0	0	0	0
43	0	0	0	0	0	0	0	0	648	0	648	0	0	0	0	0	0	0	0.482916	0	0.482916	0	0	0	0	0	0	0	1	0	0	0	0	0	0	0	0	214	0	214	0	0	0	0	0	0	0	1	0	0	0	0	0	0	0	0	79.054	0	79.054	0	0	0	0	0	0	0	1	0	0	0	0	0	0	0	0	570	0	570	0	0	0	0	0	0	0	1	0	0	0	0	0	0	0	0	0	0	0	0	0	0	0	0	0	0	0	0	0	0	0	0	0	0	0	0	0	0	0	0	0	0	0	0	0	0	0
44	0	0	0	0	0	0	0	0	648	0	648	0	0	0	0	0	0	0	0.447037	0	0.447037	0	0	0	0	0	0	0	1	0	0	0	0	0	0	0	0	204	0	204	0	0	0	0	0	0	0	1	0	0	0	0	0	0	0	0	81.2232	0	81.2232	0	0	0	0	0	0	0	1	0	0	0	0	0	0	0	0	571	0	571	0	0	0	0	0	0	0	1	0	0	0	0	0	0	0	0	0	0	0	0	0	0	0	0	0	0	0	0	0	0	0	0	0	0	0	0	0	0	0	0	0	0	0	0	0	0	0
45	0	0	0	0	0	0	0	0	643	0	643	0	0	0	0	0	0	0	0.431324	0	0.431324	0	0	0	0	0	0	0	1	0	0	0	0	0	0	0	0	185	0	185	0	0	0	0	0	0	0	1	0	0	0	0	0	0	0	0	82.5363	0	82.5363	0	0	0	0	0	0	0	1	0	0	0	0	0	0	0	0	563	0	563	0	0	0	0	0	0	0	1	0	0	0	0	0	0	0	0	0	0	0	0	0	0	0	0	0	0	0	0	0	0	0	0	0	0	0	0	0	0	0	0	0	0	0	0	0	0	0
46	0	0	0	0	0	0	0	0	657	0	657	0	0	0	0	0	0	0	0.373359	0	0.373359	0	0	0	0	0	0	0	1	0	0	0	0	0	0	0	0	170	0	170	0	0	0	0	0	0	0	1	0	0	0	0	0	0	0	0	83.3326	0	83.3326	0	0	0	0	0	0	0	1	0	0	0	0	0	0	0	0	567	0	567	0	0	0	0	0	0	0	1	0	0	0	0	0	0	0	0	0	0	0	0	0	0	0	0	0	0	0	0	0	0	0	0	0	0	0	0	0	0	0	0	0	0	0	0	0	0	0
47	0	0	0	0	0	0	0	0	647	0	647	0	0	0	0	0	0	0	0.332501	0	0.332501	0	0	0	0	0	0	0	1	0	0	0	0	0	0	0	0	151	0	151	0	0	0	0	0	0	0	1	0	0	0	0	0	0	0	0	83.0556	0	83.0556	0	0	0	0	0	0	0	1	0	0	0	0	0	0	0	0	551	0	551	0	0	0	0	0	0	0	1	0	0	0	0	0	0	0	0	0	0	0	0	0	0	0	0	0	0	0	0	0	0	0	0	0	0	0	0	0	0	0	0	0	0	0	0	0	0	0
48	0	0	0	0	0	0	0	0	675	0	675	0	0	0	0	0	0	0	0.337505	0	0.337505	0	0	0	0	0	0	0	1	0	0	0	0	0	0	0	0	142	0	142	0	0	0	0	0	0	0	1	0	0	0	0	0	0	0	0	84.6234	0	84.6234	0	0	0	0	0	0	0	1	0	0	0	0	0	0	0	0	539	0	539	0	0	0	0	0	0	0	1	0	0	0	0	0	0	0	0	0	0	0	0	0	0	0	0	0	0	0	0	0	0	0	0	0	0	0	0	0	0	0	0	0	0	0	0	0	0	0
49	0	0	0	0	0	0	0	0	651	0	651	0	0	0	0	0	0	0	0.272423	0	0.272423	0	0	0	0	0	0	0	1	0	0	0	0	0	0	0	0	128	0	128	0	0	0	0	0	0	0	1	0	0	0	0	0	0	0	0	84.5072	0	84.5072	0	0	0	0	0	0	0	1	0	0	0	0	0	0	0	0	522	0	522	0	0	0	0	0	0	0	1	0	0	0	0	0	0	0	0	0	0	0	0	0	0	0	0	0	0	0	0	0	0	0	0	0	0	0	0	0	0	0	0	0	0	0	0	0	0	0
50	0	0	0	0	0	0	0	0	618	0	618	0	0	0	0	0	0	0	0.329665	0	0.329665	0	0	0	0	0	0	0	1	0	0	0	0	0	0	0	0	139	0	139	0	0	0	0	0	0	0	1	0	0	0	0	0	0	0	0	84.5845	0	84.5845	0	0	0	0	0	0	0	1	0	0	0	0	0	0	0	0	507	0	507	0	0	0	0	0	0	0	1	0	0	0	0	0	0	0	0	0	0	0	0	0	0	0	0	0	0	0	0	0	0	0	0	0	0	0	0	0	0	0	0	0	0	0	0	0	0	0
51	0	0	0	0	0	0	0	0	614	0	614	0	0	0	0	0	0	0	0.319568	0	0.319568	0	0	0	0	0	0	0	1	0	0	0	0	0	0	0	0	120	0	120	0	0	0	0	0	0	0	1	0	0	0	0	0	0	0	0	85.1018	0	85.1018	0	0	0	0	0	0	0	1	0	0	0	0	0	0	0	0	492	0	492	0	0	0	0	0	0	0	1	0	0	0	0	0	0	0	0	0	0	0	0	0	0	0	0	0	0	0	0	0	0	0	0	0	0	0	0	0	0	0	0	0	0	0	0	0	0	0
52	0	0	0	0	0	0	0	0	587	0	587	0	0	0	0	0	0	0	0.313003	0	0.313003	0	0	0	0	0	0	0	1	0	0	0	0	0	0	0	0	108	0	108	0	0	0	0	0	0	0	1	0	0	0	0	0	0	0	0	86.435	0	86.435	0	0	0	0	0	0	0	1	0	0	0	0	0	0	0	0	475	0	475	0	0	0	0	0	0	0	1	0	0	0	0	0	0	0	0	0	0	0	0	0	0	0	0	0	0	0	0	0	0	0	0	0	0	0	0	0	0	0	0	0	0	0	0	0	0	0
53	0	0	0	0	0	0	0	0	575	0	575	0	0	0	0	0	0	0	0.273121	0	0.273121	0	0	0	0	0	0	0	1	0	0	0	0	0	0	0	0	85	0	85	0	0	0	0	0	0	0	1	0	0	0	0	0	0	0	0	83.4478	0	83.4478	0	0	0	0	0	0	0	1	0	0	0	0	0	0	0	0	454	0	454	0	0	0	0	0	0	0	1	0	0	0	0	0	0	0	0	0	0	0	0	0	0	0	0	0	0	0	0	0	0	0	0	0	0	0	0	0	0	0	0	0	0	0	0	0	0	0
54	0	0	0	0	0	0	0	0	589	0	589	0	0	0	0	0	0	0	0.227897	0	0.227897	0	0	0	0	0	0	0	1	0	0	0	0	0	0	0	0	74	0	74	0	0	0	0	0	0	0	1	0	0	0	0	0	0	0	0	84.8264	0	84.8264	0	0	0	0	0	0	0	1	0	0	0	0	0	0	0	0	443	0	443	0	0	0	0	0	0	0	1	0	0	0	0	0	0	0	0	0	0	0	0	0	0	0	0	0	0	0	0	0	0	0	0	0	0	0	0	0	0	0	0	0	0	0	0	0	0	0
55	0	0	0	0	0	0	0	0	606	0	606	0	0	0	0	0	0	0	0.152676	0	0.152676	0	0	0	0	0	0	0	1	0	0	0	0	0	0	0	0	54	0	54	0	0	0	0	0	0	0	1	0	0	0	0	0	0	0	0	85.0971	0	85.0971	0	0	0	0	0	0	0	1	0	0	0	0	0	0	0	0	431	0	431	0	0	0	0	0	0	0	1	0	0	0	0	0	0	0	0	0	0	0	0	0	0	0	0	0	0	0	0	0	0	0	0	0	0	0	0	0	0	0	0	0	0	0	0	0	0	0
56	0	0	0	0	0	0	0	0	594	0	594	0	0	0	0	0	0	0	0.106924	0	0.106924	0	0	0	0	0	0	0	1	0	0	0	0	0	0	0	0	49	0	49	0	0	0	0	0	0	0	1	0	0	0	0	0	0	0	0	84.4876	0	84.4876	0	0	0	0	0	0	0	1	0	0	0	0	0	0	0	0	411	0	411	0	0	0	0	0	0	0	1	0	0	0	0	0	0	0	0	0	0	0	0	0	0	0	0	0	0	0	0	0	0	0	0	0	0	0	0	0	0	0	0	0	0	0	0	0	0	0
57	0	0	0	0	0	0	0	0	638	0	638	0	0	0	0	0	0	0	0.0911479	0	0.0911479	0	0	0	0	0	0	0	1	0	0	0	0	0	0	0	0	49	0	49	0	0	0	0	0	0	0	1	0	0	0	0	0	0	0	0	87.3263	0	87.3263	0	0	0	0	0	0	0	1	0	0	0	0	0	0	0	0	402	0	402	0	0	0	0	0	0	0	1	0	0	0	0	0	0	0	0	0	0	0	0	0	0	0	0	0	0	0	0	0	0	0	0	0	0	0	0	0	0	0	0	0	0	0	0	0	0	0
58	0	0	0	0	0	0	0	0	633	0	633	0	0	0	0	0	0	0	0.0937614	0	0.0937614	0	0	0	0	0	0	0	1	0	0	0	0	0	0	0	0	55	0	55	0	0	0	0	0	0	0	1	0	0	0	0	0	0	0	0	88.3915	0	88.3915	0	0	0	0	0	0	0	1	0	0	0	0	0	0	0	0	388	0	388	0	0	0	0	0	0	0	1	0	0	0	0	0	0	0	0	0	0	0	0	0	0	0	0	0	0	0	0	0	0	0	0	0	0	0	0	0	0	0	0	0	0	0	0	0	0	0
59	0	0	0	0	0	0	0	0	647	0	647	0	0	0	0	0	0	0	0.125755	0	0.125755	0	0	0	0	0	0	0	1	0	0	0	0	0	0	0	0	63	0	63	0	0	0	0	0	0	0	1	0	0	0	0	0	0	0	0	88.511	0	88.511	0	0	0	0	0	0	0	1	0	0	0	0	0	0	0	0	369	0	369	0	0	0	0	0	0	0	1	0	0	0	0	0	0	0	0	0	0	0	0	0	0	0	0	0	0	0	0	0	0	0	0	0	0	0	0	0	0	0	0	0	0	0	0	0	0	0
60	0	0	0	0	0	0	0	0	640	0	640	0	0	0	0	0	0	0	0.153593	0	0.153593	0	0	0	0	0	0	0	1	0	0	0	0	0	0	0	0	63	0	63	0	0	0	0	0	0	0	1	0	0	0	0	0	0	0	0	87.5259	0	87.5259	0	0	0	0	0	0	0	1	0	0	0	0	0	0	0	0	353	0	353	0	0	0	0	0	0	0	1	0	0	0	0	0	0	0	0	0	0	0	0	0	0	0	0	0	0	0	0	0	0	0	0	0	0	0	0	0	0	0	0	0	0	0	0	0	0	0
61	0	0	0	0	0	0	0	0	633	0	633	0	0	0	0	0	0	0	0.147963	0	0.147963	0	0	0	0	0	0	0	1	0	0	0	0	0	0	0	0	63	0	63	0	0	0	0	0	0	0	1	0	0	0	0	0	0	0	0	86.1745	0	86.1745	0	0	0	0	0	0	0	1	0	0	0	0	0	0	0	0	341	0	341	0	0	0	0	0	0	0	1	0	0	0	0	0	0	0	0	0	0	0	0	0	0	0	0	0	0	0	0	0	0	0	0	0	0	0	0	0	0	0	0	0	0	0	0	0	0	0
62	0	0	0	0	0	0	0	0	606	0	606	0	0	0	0	0	0	0	0.152769	0	0.152769	0	0	0	0	0	0	0	1	0	0	0	0	0	0	0	0	68	0	68	0	0	0	0	0	0	0	1	0	0	0	0	0	0	0	0	83.1001	0	83.1001	0	0	0	0	0	0	0	1	0	0	0	0	0	0	0	0	330	0	330	0	0	0	0	0	0	0	1	0	0	0	0	0	0	0	0	0	0	0	0	0	0	0	0	0	0	0	0	0	0	0	0	0	0	0	0	0	0	0	0	0	0	0	0	0	0	0
63	0	0	0	0	0	0	0	0	639	0	639	0	0	0	0	0	0	0	0.154311	0	0.154311	0	0	0	0	0	0	0	1	0	0	0	0	0	0	0	0	67	0	67	0	0	0	0	0	0	0	1	0	0	0	0	0	0	0	0	84.4	0	84.4	0	0	0	0	0	0	0	1	0	0	0	0	0	0	0	0	319	0	319	0	0	0	0	0	0	0	1	0	0	0	0	0	0	0	0	0	0	0	0	0	0	0	0	0	0	0	0	0	0	0	0	0	0	0	0	0	0	0	0	0	0	0	0	0	0	0
64	0	0	0	0	0	0	0	0	617	0	617	0	0	0	0	0	0	0	0.142129	0	0.142129	0	0	0	0	0	0	0	1	0	0	0	0	0	0	0	0	63	0	63	0	0	0	0	0	0	0	1	0	0	0	0	0	0	0	0	85.0774	0	85.0774	0	0	0	0	0	0	0	1	0	0	0	0	0	0	0	0	314	0	314	0	0	0	0	0	0	0	1	0	0	0	0	0	0	0	0	0	0	0	0	0	0	0	0	0	0	0	0	0	0	0	0	0	0	0	0	0	0	0	0	0	0	0	0	0	0	0
65	0	0	0	0	0	0	0	0	587	0	587	0	0	0	0	0	0	0	0.122783	0	0.122783	0	0	0	0	0	0	0	1	0	0	0	0	0	0	0	0	52	0	52	0	0	0	0	0	0	0	1	0	0	0	0	0	0	0	0	78.6417	0	78.6417	0	0	0	0	0	0	0	1	0	0	0	0	0	0	0	0	300	0	300	0	0	0	0	0	0	0	1	0	0	0	0	0	0	0	0	0	0	0	0	0	0	0	0	0	0	0	0	0	0	0	0	0	0	0	0	0	0	0	0	0	0	0	0	0	0	0
66	0	0	0	0	0	0	0	0	608	0	608	0	0	0	0	0	0	0	0.132435	0	0.132435	0	0	0	0	0	0	0	1	0	0	0	0	0	0	0	0	55	0	55	0	0	0	0	0	0	0	1	0	0	0	0	0	0	0	0	81.2569	0	81.2569	0	0	0	0	0	0	0	1	0	0	0	0	0	0	0	0	294	0	294	0	0	0	0	0	0	0	1	0	0	0	0	0	0	0	0	0	0	0	0	0	0	0	0	0	0	0	0	0	0	0	0	0	0	0	0	0	0	0	0	0	0	0	0	0	0	0
67	0	0	0	0	0	0	0	0	605	0	605	0	0	0	0	0	0	0	0.111343	0	0.111343	0	0	0	0	0	0	0	1	0	0	0	0	0	0	0	0	56	0	56	0	0	0	0	0	0	0	1	0	0	0	0	0	0	0	0	78.9387	0	78.9387	0	0	0	0	0	0	0	1	0	0	0	0	0	0	0	0	286	0	286	0	0	0	0	0	0	0	1	0	0	0	0	0	0	0	0	0	0	0	0	0	0	0	0	0	0	0	0	0	0	0	0	0	0	0	0	0	0	0	0	0	0	0	0	0	0	0
68	0	0	0	0	0	0	0	0	608	0	608	0	0	0	0	0	0	0	0.128093	0	0.128093	0	0	0	0	0	0	0	1	0	0	0	0	0	0	0	0	65	0	65	0	0	0	0	0	0	0	1	0	0	0	0	0	0	0	0	79.24	0	79.24	0	0	0	0	0	0	0	1	0	0	0	0	0	0	0	0	275	0	275	0	0	0	0	0	0	0	1	0	0	0	0	0	0	0	0	0	0	0	0	0	0	0	0	0	0	0	0	0	0	0	0	0	0	0	0	0	0	0	0	0	0	0	0	0	0	0
69	0	0	0	0	0	0	0	0	635	0	635	0	0	0	0	0	0	0	0.130807	0	0.130807	0	0	0	0	0	0	0	1	0	0	0	0	0	0	0	0	77	0	77	0	0	0	0	0	0	0	1	0	0	0	0	0	0	0	0	81.3679	0	81.3679	0	0	0	0	0	0	0	1	0	0	0	0	0	0	0	0	280	0	280	0	0	0	0	0	0	0	1	0	0	0	0	0	0	0	0	0	0	0	0	0	0	0	0	0	0	0	0	0	0	0	0	0	0	0	0	0	0	0	0	0	0	0	0	0	0	0
70	0	0	0	0	0	0	0	0	603	0	603	0	0	0	0	0	0	0	0.159048	0	0.159048	0	0	0	0	0	0	0	1	0	0	0	0	0	0	0	0	84	0	84	0	0	0	0	0	0	0	1	0	0	0	0	0	0	0	0	79.7745	0	79.7745	0	0	0	0	0	0	0	1	0	0	0	0	0	0	0	0	272	0	272	0	0	0	0	0	0	0	1	0	0	0	0	0	0	0	0	0	0	0	0	0	0	0	0	0	0	0	0	0	0	0	0	0	0	0	0	0	0	0	0	0	0	0	0	0	0	0
71	0	0	0	0	0	0	0	0	601	0	601	0	0	0	0	0	0	0	0.129514	0	0.129514	0	0	0	0	0	0	0	1	0	0	0	0	0	0	0	0	82	0	82	0	0	0	0	0	0	0	1	0	0	0	0	0	0	0	0	79.5866	0	79.5866	0	0	0	0	0	0	0	1	0	0	0	0	0	0	0	0	269	0	269	0	0	0	0	0	0	0	1	0	0	0	0	0	0	0	0	0	0	0	0	0	0	0	0	0	0	0	0	0	0	0	0	0	0	0	0	0	0	0	0	0	0	0	0	0	0	0
72	0	0	0	0	0	0	0	0	587	0	587	0	0	0	0	0	0	0	0.148243	0	0.148243	0	0	0	0	0	0	0	1	0	0	0	0	0	0	0	0	80	0	80	0	0	0	0	0	0	0	1	0	0	0	0	0	0	0	0	81.6284	0	81.6284	0	0	0	0	0	0	0	1	0	0	0	0	0	0	0	0	269	0	269	0	0	0	0	0	0	0	1	0	0	0	0	0	0	0	0	0	0	0	0	0	0	0	0	0	0	0	0	0	0	0	0	0	0	0	0	0	0	0	0	0	0	0	0	0	0	0
73	0	0	0	0	0	0	0	0	592	0	592	0	0	0	0	0	0	0	0.181137	0	0.181137	0	0	0	0	0	0	0	1	0	0	0	0	0	0	0	0	81	0	81	0	0	0	0	0	0	0	1	0	0	0	0	0	0	0	0	81.8071	0	81.8071	0	0	0	0	0	0	0	1	0	0	0	0	0	0	0	0	268	0	268	0	0	0	0	0	0	0	1	0	0	0	0	0	0	0	0	0	0	0	0	0	0	0	0	0	0	0	0	0	0	0	0	0	0	0	0	0	0	0	0	0	0	0	0	0	0	0
74	0	0	0	0	0	0	0	0	591	0	591	0	0	0	0	0	0	0	0.18146	0	0.18146	0	0	0	0	0	0	0	1	0	0	0	0	0	0	0	0	71	0	71	0	0	0	0	0	0	0	1	0	0	0	0	0	0	0	0	84.6522	0	84.6522	0	0	0	0	0	0	0	1	0	0	0	0	0	0	0	0	268	0	268	0	0	0	0	0	0	0	1	0	0	0	0	0	0	0	0	0	0	0	0	0	0	0	0	0	0	0	0	0	0	0	0	0	0	0	0	0	0	0	0	0	0	0	0	0	0	0
75	0	0	0	0	0	0	0	0	580	0	580	0	0	0	0	0	0	0	0.1398	0	0.1398	0	0	0	0	0	0	0	1	0	0	0	0	0	0	0	0	61	0	61	0	0	0	0	0	0	0	1	0	0	0	0	0	0	0	0	84.5355	0	84.5355	0	0	0	0	0	0	0	1	0	0	0	0	0	0	0	0	267	0	267	0	0	0	0	0	0	0	1	0	0	0	0	0	0	0	0	0	0	0	0	0	0	0	0	0	0	0	0	0	0	0	0	0	0	0	0	0	0	0	0	0	0	0	0	0	0	0
76	0	0	0	0	0	0	0	0	588	0	588	0	0	0	0	0	0	0	0.160253	0	0.160253	0	0	0	0	0	0	0	1	0	0	0	0	0	0	0	0	54	0	54	0	0	0	0	0	0	0	1	0	0	0	0	0	0	0	0	84.6343	0	84.6343	0	0	0	0	0	0	0	1	0	0	0	0	0	0	0	0	256	0	256	0	0	0	0	0	0	0	1	0	0	0	0	0	0	0	0	0	0	0	0	0	0	0	0	0	0	0	0	0	0	0	0	0	0	0	0	0	0	0	0	0	0	0	0	0	0	0
77	0	0	0	0	0	0	0	0	608	0	608	0	0	0	0	0	0	0	0.118351	0	0.118351	0	0	0	0	0	0	0	1	0	0	0	0	0	0	0	0	42	0	42	0	0	0	0	0	0	0	1	0	0	0	0	0	0	0	0	86.7625	0	86.7625	0	0	0	0	0	0	0	1	0	0	0	0	0	0	0	0	255	0	255	0	0	0	0	0	0	0	1	0	0	0	0	0	0	0	0	0	0	0	0	0	0	0	0	0	0	0	0	0	0	0	0	0	0	0	0	0	0	0	0	0	0	0	0	0	0	0
78	0	0	0	0	0	0	0	0	588	0	588	0	0	0	0	0	0	0	0.0904684	0	0.0904684	0	0	0	0	0	0	0	1	0	0	0	0	0	0	0	0	35	0	35	0	0	0	0	0	0	0	1	0	0	0	0	0	0	0	0	84.1544	0	84.1544	0	0	0	0	0	0	0	1	0	0	0	0	0	0	0	0	248	0	248	0	0	0	0	0	0	0	1	0	0	0	0	0	0	0	0	0	0	0	0	0	0	0	0	0	0	0	0	0	0	0	0	0	0	0	0	0	0	0	0	0	0	0	0	0	0	0
79	0	0	0	0	0	0	0	0	604	0	604	0	0	0	0	0	0	0	0.0810135	0	0.0810135	0	0	0	0	0	0	0	1	0	0	0	0	0	0	0	0	37	0	37	0	0	0	0	0	0	0	1	0	0	0	0	0	0	0	0	85.6592	0	85.6592	0	0	0	0	0	0	0	1	0	0	0	0	0	0	0	0	242	0	242	0	0	0	0	0	0	0	1	0	0	0	0	0	0	0	0	0	0	0	0	0	0	0	0	0	0	0	0	0	0	0	0	0	0	0	0	0	0	0	0	0	0	0	0	0	0	0
80	0	0	0	0	0	0	0	0	587	0	587	0	0	0	0	0	0	0	0.0750471	0	0.0750471	0	0	0	0	0	0	0	1	0	0	0	0	0	0	0	0	30	0	30	0	0	0	0	0	0	0	1	0	0	0	0	0	0	0	0	85.6864	0	85.6864	0	0	0	0	0	0	0	1	0	0	0	0	0	0	0	0	235	0	235	0	0	0	0	0	0	0	1	0	0	0	0	0	0	0	0	0	0	0	0	0	0	0	0	0	0	0	0	0	0	0	0	0	0	0	0	0	0	0	0	0	0	0	0	0	0	0
81	0	0	0	0	0	0	0	0	548	0	548	0	0	0	0	0	0	0	0.0642113	0	0.0642113	0	0	0	0	0	0	0	1	0	0	0	0	0	0	0	0	23	0	23	0	0	0	0	0	0	0	1	0	0	0	0	0	0	0	0	80.167	0	80.167	0	0	0	0	0	0	0	1	0	0	0	0	0	0	0	0	221	0	221	0	0	0	0	0	0	0	1	0	0	0	0	0	0	0	0	0	0	0	0	0	0	0	0	0	0	0	0	0	0	0	0	0	0	0	0	0	0	0	0	0	0	0	0	0	0	0
82	0	0	0	0	0	0	0	0	565	0	565	0	0	0	0	0	0	0	0.0677108	0	0.0677108	0	0	0	0	0	0	0	1	0	0	0	0	0	0	0	0	21	0	21	0	0	0	0	0	0	0	1	0	0	0	0	0	0	0	0	82.177	0	82.177	0	0	0	0	0	0	0	1	0	0	0	0	0	0	0	0	216	0	216	0	0	0	0	0	0	0	1	0	0	0	0	0	0	0	0	0	0	0	0	0	0	0	0	0	0	0	0	0	0	0	0	0	0	0	0	0	0	0	0	0	0	0	0	0	0	0
83	0	0	0	0	0	0	0	0	562	0	562	0	0	0	0	0	0	0	0.0524038	0	0.0524038	0	0	0	0	0	0	0	1	0	0	0	0	0	0	0	0	17	0	17	0	0	0	0	0	0	0	1	0	0	0	0	0	0	0	0	82.3585	0	82.3585	0	0	0	0	0	0	0	1	0	0	0	0	0	0	0	0	214	0	214	0	0	0	0	0	0	0	1	0	0	0	0	0	0	0	0	0	0	0	0	0	0	0	0	0	0	0	0	0	0	0	0	0	0	0	0	0	0	0	0	0	0	0	0	0	0	0
84	0	0	0	0	0	0	0	0	570	0	570	0	0	0	0	0	0	0	0.0292535	0	0.0292535	0	0	0	0	0	0	0	1	0	0	0	0	0	0	0	0	13	0	13	0	0	0	0	0	0	0	1	0	0	0	0	0	0	0	0	81.9563	0	81.9563	0	0	0	0	0	0	0	1	0	0	0	0	0	0	0	0	209	0	209	0	0	0	0	0	0	0	1	0	0	0	0	0	0	0	0	0	0	0	0	0	0	0	0	0	0	0	0	0	0	0	0	0	0	0	0	0	0	0	0	0	0	0	0	0	0	0
85	0	0	0	0	0	0	0	0	551	0	551	0	0	0	0	0	0	0	0.0314336	0	0.0314336	0	0	0	0	0	0	0	1	0	0	0	0	0	0	0	0	14	0	14	0	0	0	0	0	0	0	1	0	0	0	0	0	0	0	0	80.1055	0	80.1055	0	0	0	0	0	0	0	1	0	0	0	0	0	0	0	0	198	0	198	0	0	0	0	0	0	0	1	0	0	0	0	0	0	0	0	0	0	0	0	0	0	0	0	0	0	0	0	0	0	0	0	0	0	0	0	0	0	0	0	0	0	0	0	0	0	0
86	0	0	0	0	0	0	0	0	595	0	595	0	0	0	0	0	0	0	0.0353296	0	0.0353296	0	0	0	0	0	0	0	1	0	0	0	0	0	0	0	0	12	0	12	0	0	0	0	0	0	0	1	0	0	0	0	0	0	0	0	81.0695	0	81.0695	0	0	0	0	0	0	0	1	0	0	0	0	0	0	0	0	189	0	189	0	0	0	0	0	0	0	1	0	0	0	0	0	0	0	0	0	0	0	0	0	0	0	0	0	0	0	0	0	0	0	0	0	0	0	0	0	0	0	0	0	0	0	0	0	0	0
87	0	0	0	0	0	0	0	0	601	0	601	0	0	0	0	0	0	0	0.0212592	0	0.0212592	0	0	0	0	0	0	0	1	0	0	0	0	0	0	0	0	9	0	9	0	0	0	0	0	0	0	1	0	0	0	0	0	0	0	0	80.4075	0	80.4075	0	0	0	0	0	0	0	1	0	0	0	0	0	0	0	0	182	0	182	0	0	0	0	0	0	0	1	0	0	0	0	0	0	0	0	0	0	0	0	0	0	0	0	0	0	0	0	0	0	0	0	0	0	0	0	0	0	0	0	0	0	0	0	0	0	0
88	0	0	0	0	0	0	0	0	597	0	597	0	0	0	0	0	0	0	0.0240166	0	0.0240166	0	0	0	0	0	0	0	1	0	0	0	0	0	0	0	0	19	0	19	0	0	0	0	0	0	0	1	0	0	0	0	0	0	0	0	76.3691	0	76.3691	0	0	0	0	0	0	0	1	0	0	0	0	0	0	0	0	171	0	171	0	0	0	0	0	0	0	1	0	0	0	0	0	0	0	0	0	0	0	0	0	0	0	0	0	0	0	0	0	0	0	0	0	0	0	0	0	0	0	0	0	0	0	0	0	0	0
89	0	0	0	0	0	0	0	0	576	0	576	0	0	0	0	0	0	0	0.0348297	0	0.0348297	0	0	0	0	0	0	0	1	0	0	0	0	0	0	0	0	44	0	44	0	0	0	0	0	0	0	1	0	0	0	0	0	0	0	0	76.7901	0	76.7901	0	0	0	0	0	0	0	1	0	0	0	0	0	0	0	0	164	0	164	0	0	0	0	0	0	0	1	0	0	0	0	0	0	0	0	0	0	0	0	0	0	0	0	0	0	0	0	0	0	0	0	0	0	0	0	0	0	0	0	0	0	0	0	0	0	0
90	0	0	0	0	0	0	0	0	610	0	610	0	0	0	0	0	0	0	0.0738084	0	0.0738084	0	0	0	0	0	0	0	1	0	0	0	0	0	0	0	0	54	0	54	0	0	0	0	0	0	0	1	0	0	0	0	0	0	0	0	76.2011	0	76.2011	0	0	0	0	0	0	0	1	0	0	0	0	0	0	0	0	161	0	161	0	0	0	0	0	0	0	1	0	0	0	0	0	0	0	0	0	0	0	0	0	0	0	0	0	0	0	0	0	0	0	0	0	0	0	0	0	0	0	0	0	0	0	0	0	0	0
91	0	0	0	0	0	0	0	0	628	0	628	0	0	0	0	0	0	0	0.0983896	0	0.0983896	0	0	0	0	0	0	0	1	0	0	0	0	0	0	0	0	64	0	64	0	0	0	0	0	0	0	1	0	0	0	0	0	0	0	0	77.6361	0	77.6361	0	0	0	0	0	0	0	1	0	0	0	0	0	0	0	0	170	0	170	0	0	0	0	0	0	0	1	0	0	0	0	0	0	0	0	0	0	0	0	0	0	0	0	0	0	0	0	0	0	0	0	0	0	0	0	0	0	0	0	0	0	0	0	0	0	0
92	0	0	0	0	0	0	0	0	639	0	639	0	0	0	0	0	0	0	0.0972468	0	0.0972468	0	0	0	0	0	0	0	1	0	0	0	0	0	0	0	0	71	0	71	0	0	0	0	0	0	0	1	0	0	0	0	0	0	0	0	79.3738	0	79.3738	0	0	0	0	0	0	0	1	0	0	0	0	0	0	0	0	176	0	176	0	0	0	0	0	0	0	1	0	0	0	0	0	0	0	0	0	0	0	0	0	0	0	0	0	0	0	0	0	0	0	0	0	0	0	0	0	0	0	0	0	0	0	0	0	0	0
93	0	0	0	0	0	0	0	0	639	0	639	0	0	0	0	0	0	0	0.109545	0	0.109545	0	0	0	0	0	0	0	1	0	0	0	0	0	0	0	0	89	0	89	0	0	0	0	0	0	0	1	0	0	0	0	0	0	0	0	79.4958	0	79.4958	0	0	0	0	0	0	0	1	0	0	0	0	0	0	0	0	178	0	178	0	0	0	0	0	0	0	1	0	0	0	0	0	0	0	0	0	0	0	0	0	0	0	0	0	0	0	0	0	0	0	0	0	0	0	0	0	0	0	0	0	0	0	0	0	0	0
94	0	0	0	0	0	0	0	0	658	0	658	0	0	0	0	0	0	0	0.156145	0	0.156145	0	0	0	0	0	0	0	1	0	0	0	0	0	0	0	0	91	0	91	0	0	0	0	0	0	0	1	0	0	0	0	0	0	0	0	79.953	0	79.953	0	0	0	0	0	0	0	1	0	0	0	0	0	0	0	0	180	0	180	0	0	0	0	0	0	0	1	0	0	0	0	0	0	0	0	0	0	0	0	0	0	0	0	0	0	0	0	0	0	0	0	0	0	0	0	0	0	0	0	0	0	0	0	0	0	0
95	0	0	0	0	0	0	0	0	656	0	656	0	0	0	0	0	0	0	0.174689	0	0.174689	0	0	0	0	0	0	0	1	0	0	0	0	0	0	0	0	106	0	106	0	0	0	0	0	0	0	1	0	0	0	0	0	0	0	0	82.8834	0	82.8834	0	0	0	0	0	0	0	1	0	0	0	0	0	0	0	0	194	0	194	0	0	0	0	0	0	0	1	0	0	0	0	0	0	0	0	0	0	0	0	0	0	0	0	0	0	0	0	0	0	0	0	0	0	0	0	0	0	0	0	0	0	0	0	0	0	0
96	0	0	0	0	0	0	0	0	670	0	670	0	0	0	0	0	0	0	0.206962	0	0.206962	0	0	0	0	0	0	0	1	0	0	0	0	0	0	0	0	112	0	112	0	0	0	0	0	0	0	1	0	0	0	0	0	0	0	0	85.3593	0	85.3593	0	0	0	0	0	0	0	1	0	0	0	0	0	0	0	0	205	0	205	0	0	0	0	0	0	0	1	0	0	0	0	0	0	0	0	0	0	0	0	0	0	0	0	0	0	0	0	0	0	0	0	0	0	0	0	0	0	0	0	0	0	0	0	0	0	0
97	0	0	0	0	0	0	0	0	660	0	660	0	0	0	0	0	0	0	0.24274	0	0.24274	0	0	0	0	0	0	0	1	0	0	0	0	0	0	0	0	111	0	111	0	0	0	0	0	0	0	1	0	0	0	0	0	0	0	0	83.9148	0	83.9148	0	0	0	0	0	0	0	1	0	0	0	0	0	0	0	0	209	0	209	0	0	0	0	0	0	0	1	0	0	0	0	0	0	0	0	0	0	0	0	0	0	0	0	0	0	0	0	0	0	0	0	0	0	0	0	0	0	0	0	0	0	0	0	0	0	0
98	0	0	0	0	0	0	0	0	634	0	634	0	0	0	0	0	0	0	0.194102	0	0.194102	0	0	0	0	0	0	0	1	0	0	0	0	0	0	0	0	102	0	102	0	0	0	0	0	0	0	1	0	0	0	0	0	0	0	0	83.1763	0	83.1763	0	0	0	0	0	0	0	1	0	0	0	0	0	0	0	0	227	0	227	0	0	0	0	0	0	0	1	0	0	0	0	0	0	0	0	0	0	0	0	0	0	0	0	0	0	0	0	0	0	0	0	0	0	0	0	0	0	0	0	0	0	0	0	0	0	0
99	0	0	0	0	0	0	0	0	638	0	638	0	0	0	0	0	0	0	0.167179	0	0.167179	0	0	0	0	0	0	0	1	0	0	0	0	0	0	0	0	93	0	93	0	0	0	0	0	0	0	1	0	0	0	0	0	0	0	0	80.2368	0	80.2368	0	0	0	0	0	0	0	1	0	0	0	0	0	0	0	0	228	0	228	0	0	0	0	0	0	0	1	0	0	0	0	0	0	0	0	0	0	0	0	0	0	0	0	0	0	0	0	0	0	0	0	0	0	0	0	0	0	0	0	0	0	0	0	0	0	0
100	0	0	0	0	0	0	0	0	670	0	670	0	0	0	0	0	0	0	0.180374	0	0.180374	0	0	0	0	0	0	0	1	0	0	0	0	0	0	0	0	92	0	92	0	0	0	0	0	0	0	1	0	0	0	0	0	0	0	0	81.7954	0	81.7954	0	0	0	0	0	0	0	1	0	0	0	0	0	0	0	0	232	0	232	0	0	0	0	0	0	0	1	0	0	0	0	0	0	0	0	0	0	0	0	0	0	0	0	0	0	0	0	0	0	0	0	0	0	0	0	0	0	0	0	0	0	0	0	0	0	0
101	0	0	0	0	0	0	0	0	675	0	675	0	0	0	0	0	0	0	0.20786	0	0.20786	0	0	0	0	0	0	0	1	0	0	0	0	0	0	0	0	92	0	92	0	0	0	0	0	0	0	1	0	0	0	0	0	0	0	0	81.4275	0	81.4275	0	0	0	0	0	0	0	1	0	0	0	0	0	0	0	0	234	0	234	0	0	0	0	0	0	0	1	0	0	0	0	0	0	0	0	0	0	0	0	0	0	0	0	0	0	0	0	0	0	0	0	0	0	0	0	0	0	0	0	0	0	0	0	0	0	0
102	0	0	0	0	0	0	0	0	649	0	649	0	0	0	0	0	0	0	0.147133	0	0.147133	0	0	0	0	0	0	0	1	0	0	0	0	0	0	0	0	96	0	96	0	0	0	0	0	0	0	1	0	0	0	0	0	0	0	0	78.692	0	78.692	0	0	0	0	0	0	0	1	0	0	0	0	0	0	0	0	245	0	245	0	0	0	0	0	0	0	1	0	0	0	0	0	0	0	0	0	0	0	0	0	0	0	0	0	0	0	0	0	0	0	0	0	0	0	0	0	0	0	0	0	0	0	0	0	0	0
103	0	0	0	0	0	0	0	0	674	0	674	0	0	0	0	0	0	0	0.230835	0	0.230835	0	0	0	0	0	0	0	1	0	0	0	0	0	0	0	0	112	0	112	0	0	0	0	0	0	0	1	0	0	0	0	0	0	0	0	80.4032	0	80.4032	0	0	0	0	0	0	0	1	0	0	0	0	0	0	0	0	244	0	244	0	0	0	0	0	0	0	1	0	0	0	0	0	0	0	0	0	0	0	0	0	0	0	0	0	0	0	0	0	0	0	0	0	0	0	0	0	0	0	0	0	0	0	0	0	0	0
104	0	0	0	0	0	0	0	0	660	0	660	0	0	0	0	0	0	0	0.216261	0	0.216261	0	0	0	0	0	0	0	1	0	0	0	0	0	0	0	0	108	0	108	0	0	0	0	0	0	0	1	0	0	0	0	0	0	0	0	79.5213	0	79.5213	0	0	0	0	0	0	0	1	0	0	0	0	0	0	0	0	255	0	255	0	0	0	0	0	0	0	1	0	0	0	0	0	0	0	0	0	0	0	0	0	0	0	0	0	0	0	0	0	0	0	0	0	0	0	0	0	0	0	0	0	0	0	0	0	0	0
105	0	0	0	0	0	0	0	0	668	0	668	0	0	0	0	0	0	0	0.193865	0	0.193865	0	0	0	0	0	0	0	1	0	0	0	0	0	0	0	0	111	0	111	0	0	0	0	0	0	0	1	0	0	0	0	0	0	0	0	80.2336	0	80.2336	0	0	0	0	0	0	0	1	0	0	0	0	0	0	0	0	267	0	267	0	0	0	0	0	0	0	1	0	0	0	0	0	0	0	0	0	0	0	0	0	0	0	0	0	0	0	0	0	0	0	0	0	0	0	0	0	0	0	0	0	0	0	0	0	0	0
106	0	0	0	0	0	0	0	0	703	0	703	0	0	0	0	0	0	0	0.249692	0	0.249692	0	0	0	0	0	0	0	1	0	0	0	0	0	0	0	0	128	0	128	0	0	0	0	0	0	0	1	0	0	0	0	0	0	0	0	80.6337	0	80.6337	0	0	0	0	0	0	0	1	0	0	0	0	0	0	0	0	269	0	269	0	0	0	0	0	0	0	1	0	0	0	0	0	0	0	0	0	0	0	0	0	0	0	0	0	0	0	0	0	0	0	0	0	0	0	0	0	0	0	0	0	0	0	0	0	0	0
107	0	0	0	0	0	0	0	0	732	0	732	0	0	0	0	0	0	0	0.230511	0	0.230511	0	0	0	0	0	0	0	1	0	0	0	0	0	0	0	0	126	0	126	0	0	0	0	0	0	0	1	0	0	0	0	0	0	0	0	80.6612	0	80.6612	0	0	0	0	0	0	0	1	0	0	0	0	0	0	0	0	277	0	277	0	0	0	0	0	0	0	1	0	0	0	0	0	0	0	0	0	0	0	0	0	0	0	0	0	0	0	0	0	0	0	0	0	0	0	0	0	0	0	0	0	0	0	0	0	0	0
108	0	0	0	0	0	0	0	0	722	0	722	0	0	0	0	0	0	0	0.243219	0	0.243219	0	0	0	0	0	0	0	1	0	0	0	0	0	0	0	0	148	0	148	0	0	0	0	0	0	0	1	0	0	0	0	0	0	0	0	83.3137	0	83.3137	0	0	0	0	0	0	0	1	0	0	0	0	0	0	0	0	289	0	289	0	0	0	0	0	0	0	1	0	0	0	0	0	0	0	0	0	0	0	0	0	0	0	0	0	0	0	0	0	0	0	0	0	0	0	0	0	0	0	0	0	0	0	0	0	0	0
109	0	0	0	0	0	0	0	0	701	0	701	0	0	0	0	0	0	0	0.246791	0	0.246791	0	0	0	0	0	0	0	1	0	0	0	0	0	0	0	0	162	0	162	0	0	0	0	0	0	0	1	0	0	0	0	0	0	0	0	84.8788	0	84.8788	0	0	0	0	0	0	0	1	0	0	0	0	0	0	0	0	296	0	296	0	0	0	0	0	0	0	1	0	0	0	0	0	0	0	0	0	0	0	0	0	0	0	0	0	0	0	0	0	0	0	0	0	0	0	0	0	0	0	0	0	0	0	0	0	0	0
110	0	0	0	0	0	0	0	0	681	0	681	0	0	0	0	0	0	0	0.273812	0	0.273812	0	0	0	0	0	0	0	1	0	0	0	0	0	0	0	0	166	0	166	0	0	0	0	0	0	0	1	0	0	0	0	0	0	0	0	87.4474	0	87.4474	0	0	0	0	0	0	0	1	0	0	0	0	0	0	0	0	307	0	307	0	0	0	0	0	0	0	1	0	0	0	0	0	0	0	0	0	0	0	0	0	0	0	0	0	0	0	0	0	0	0	0	0	0	0	0	0	0	0	0	0	0	0	0	0	0	0
111	0	0	0	0	0	0	0	0	693	0	693	0	0	0	0	0	0	0	0.285547	0	0.285547	0	0	0	0	0	0	0	1	0	0	0	0	0	0	0	0	146	0	146	0	0	0	0	0	0	0	1	0	0	0	0	0	0	0	0	87.4813	0	87.4813	0	0	0	0	0	0	0	1	0	0	0	0	0	0	0	0	310	0	310	0	0	0	0	0	0	0	1	0	0	0	0	0	0	0	0	0	0	0	0	0	0	0	0	0	0	0	0	0	0	0	0	0	0	0	0	0	0	0	0	0	0	0	0	0	0	0
112	0	0	0	0	0	0	0	0	693	0	693	0	0	0	0	0	0	0	0.276601	0	0.276601	0	0	0	0	0	0	0	1	0	0	0	0	0	0	0	0	137	0	137	0	0	0	0	0	0	0	1	0	0	0	0	0	0	0	0	90.2978	0	90.2978	0	0	0	0	0	0	0	1	0	0	0	0	0	0	0	0	314	0	314	0	0	0	0	0	0	0	1	0	0	0	0	0	0	0	0	0	0	0	0	0	0	0	0	0	0	0	0	0	0	0	0	0	0	0	0	0	0	0	0	0	0	0	0	0	0	0
113	0	0	0	0	0	0	0	0	664	0	664	0	0	0	0	0	0	0	0.278742	0	0.278742	0	0	0	0	0	0	0	1	0	0	0	0	0	0	0	0	114	0	114	0	0	0	0	0	0	0	1	0	0	0	0	0	0	0	0	86.6163	0	86.6163	0	0	0	0	0	0	0	1	0	0	0	0	0	0	0	0	315	0	315	0	0	0	0	0	0	0	1	0	0	0	0	0	0	0	0	0	0	0	0	0	0	0	0	0	0	0	0	0	0	0	0	0	0	0	0	0	0	0	0	0	0	0	0	0	0	0
114	0	0	0	0	0	0	0	0	660	0	660	0	0	0	0	0	0	0	0.265876	0	0.265876	0	0	0	0	0	0	0	1	0	0	0	0	0	0	0	0	108	0	108	0	0	0	0	0	0	0	1	0	0	0	0	0	0	0	0	88.6891	0	88.6891	0	0	0	0	0	0	0	1	0	0	0	0	0	0	0	0	314	0	314	0	0	0	0	0	0	0	1	0	0	0	0	0	0	0	0	0	0	0	0	0	0	0	0	0	0	0	0	0	0	0	0	0	0	0	0	0	0	0	0	0	0	0	0	0	0	0
115	0	0	0	0	0	0	0	0	623	0	623	0	0	0	0	0	0	0	0.271699	0	0.271699	0	0	0	0	0	0	0	1	0	0	0	0	0	0	0	0	100	0	100	0	0	0	0	0	0	0	1	0	0	0	0	0	0	0	0	86.2662	0	86.2662	0	0	0	0	0	0	0	1	0	0	0	0	0	0	0	0	312	0	312	0	0	0	0	0	0	0	1	0	0	0	0	0	0	0	0	0	0	0	0	0	0	0	0	0	0	0	0	0	0	0	0	0	0	0	0	0	0	0	0	0	0	0	0	0	0	0
116	0	0	0	0	0	0	0	0	647	0	647	0	0	0	0	0	0	0	0.23143	0	0.23143	0	0	0	0	0	0	0	1	0	0	0	0	0	0	0	0	88	0	88	0	0	0	0	0	0	0	1	0	0	0	0	0	0	0	0	87.6301	0	87.6301	0	0	0	0	0	0	0	1	0	0	0	0	0	0	0	0	307	0	307	0	0	0	0	0	0	0	1	0	0	0	0	0	0	0	0	0	0	0	0	0	0	0	0	0	0	0	0	0	0	0	0	0	0	0	0	0	0	0	0	0	0	0	0	0	0	0
117	0	0	0	0	0	0	0	0	640	0	640	0	0	0	0	0	0	0	0.203432	0	0.203432	0	0	0	0	0	0	0	1	0	0	0	0	0	0	0	0	76	0	76	0	0	0	0	0	0	0	1	0	0	0	0	0	0	0	0	88.3747	0	88.3747	0	0	0	0	0	0	0	1	0	0	0	0	0	0	0	0	301	0	301	0	0	0	0	0	0	0	1	0	0	0	0	0	0	0	0	0	0	0	0	0	0	0	0	0	0	0	0	0	0	0	0	0	0	0	0	0	0	0	0	0	0	0	0	0	0	0
118	0	0	0	0	0	0	0	0	628	0	628	0	0	0	0	0	0	0	0.185565	0	0.185565	0	0	0	0	0	0	0	1	0	0	0	0	0	0	0	0	72	0	72	0	0	0	0	0	0	0	1	0	0	0	0	0	0	0	0	89.7056	0	89.7056	0	0	0	0	0	0	0	1	0	0	0	0	0	0	0	0	299	0	299	0	0	0	0	0	0	0	1	0	0	0	0	0	0	0	0	0	0	0	0	0	0	0	0	0	0	0	0	0	0	0	0	0	0	0	0	0	0	0	0	0	0	0	0	0	0	0
119	0	0	0	0	0	0	0	0	650	0	650	0	0	0	0	0	0	0	0.196156	0	0.196156	0	0	0	0	0	0	0	1	0	0	0	0	0	0	0	0	66	0	66	0	0	0	0	0	0	0	1	0	0	0	0	0	0	0	0	92.0901	0	92.0901	0	0	0	0	0	0	0	1	0	0	0	0	0	0	0	0	295	0	295	0	0	0	0	0	0	0	1	0	0	0	0	0	0	0	0	0	0	0	0	0	0	0	0	0	0	0	0	0	0	0	0	0	0	0	0	0	0	0	0	0	0	0	0	0	0	0
120	0	0	0	0	0	0	0	0	652	0	652	0	0	0	0	0	0	0	0.13824	0	0.13824	0	0	0	0	0	0	0	1	0	0	0	0	0	0	0	0	59	0	59	0	0	0	0	0	0	0	1	0	0	0	0	0	0	0	0	91.6408	0	91.6408	0	0	0	0	0	0	0	1	0	0	0	0	0	0	0	0	292	0	292	0	0	0	0	0	0	0	1	0	0	0	0	0	0	0	0	0	0	0	0	0	0	0	0	0	0	0	0	0	0	0	0	0	0	0	0	0	0	0	0	0	0	0	0	0	0	0
121	0	0	0	0	0	0	0	0	649	0	649	0	0	0	0	0	0	0	0.145758	0	0.145758	0	0	0	0	0	0	0	1	0	0	0	0	0	0	0	0	55	0	55	0	0	0	0	0	0	0	1	0	0	0	0	0	0	0	0	93.4923	0	93.4923	0	0	0	0	0	0	0	1	0	0	0	0	0	0	0	0	283	0	283	0	0	0	0	0	0	0	1	0	0	0	0	0	0	0	0	0	0	0	0	0	0	0	0	0	0	0	0	0	0	0	0	0	0	0	0	0	0	0	0	0	0	0	0	0	0	0
122	0	0	0	0	0	0	0	0	683	0	683	0	0	0	0	0	0	0	0.168839	0	0.168839	0	0	0	0	0	0	0	1	0	0	0	0	0	0	0	0	54	0	54	0	0	0	0	0	0	0	1	0	0	0	0	0	0	0	0	93.266	0	93.266	0	0	0	0	0	0	0	1	0	0	0	0	0	0	0	0	272	0	272	0	0	0	0	0	0	0	1	0	0	0	0	0	0	0	0	0	0	0	0	0	0	0	0	0	0	0	0	0	0	0	0	0	0	0	0	0	0	0	0	0	0	0	0	0	0	0
123	0	0	0	0	0	0	0	0	672	0	672	0	0	0	0	0	0	0	0.135372	0	0.135372	0	0	0	0	0	0	0	1	0	0	0	0	0	0	0	0	50	0	50	0	0	0	0	0	0	0	1	0	0	0	0	0	0	0	0	93.1747	0	93.1747	0	0	0	0	0	0	0	1	0	0	0	0	0	0	0	0	271	0	271	0	0	0	0	0	0	0	1	0	0	0	0	0	0	0	0	0	0	0	0	0	0	0	0	0	0	0	0	0	0	0	0	0	0	0	0	0	0	0	0	0	0	0	0	0	0	0
124	0	0	0	0	0	0	0	0	657	0	657	0	0	0	0	0	0	0	0.0781409	0	0.0781409	0	0	0	0	0	0	0	1	0	0	0	0	0	0	0	0	42	0	42	0	0	0	0	0	0	0	1	0	0	0	0	0	0	0	0	91.1721	0	91.1721	0	0	0	0	0	0	0	1	0	0	0	0	0	0	0	0	268	0	268	0	0	0	0	0	0	0	1	0	0	0	0	0	0	0	0	0	0	0	0	0	0	0	0	0	0	0	0	0	0	0	0	0	0	0	0	0	0	0	0	0	0	0	0	0	0	0
125	0	0	0	0	0	0	0	0	677	0	677	0	0	0	0	0	0	0	0.0910457	0	0.0910457	0	0	0	0	0	0	0	1	0	0	0	0	0	0	0	0	47	0	47	0	0	0	0	0	0	0	1	0	0	0	0	0	0	0	0	91.0804	0	91.0804	0	0	0	0	0	0	0	1	0	0	0	0	0	0	0	0	249	0	249	0	0	0	0	0	0	0	1	0	0	0	0	0	0	0	0	0	0	0	0	0	0	0	0	0	0	0	0	0	0	0	0	0	0	0	0	0	0	0	0	0	0	0	0	0	0	0
126	0	0	0	0	0	0	0	0	684	0	684	0	0	0	0	0	0	0	0.125096	0	0.125096	0	0	0	0	0	0	0	1	0	0	0	0	0	0	0	0	52	0	52	0	0	0	0	0	0	0	1	0	0	0	0	0	0	0	0	93.3686	0	93.3686	0	0	0	0	0	0	0	1	0	0	0	0	0	0	0	0	242	0	242	0	0	0	0	0	0	0	1	0	0	0	0	0	0	0	0	0	0	0	0	0	0	0	0	0	0	0	0	0	0	0	0	0	0	0	0	0	0	0	0	0	0	0	0	0	0	0
127	0	0	0	0	0	0	0	0	655	0	655	0	0	0	0	0	0	0	0.119709	0	0.119709	0	0	0	0	0	0	0	1	0	0	0	0	0	0	0	0	47	0	47	0	0	0	0	0	0	0	1	0	0	0	0	0	0	0	0	90.0338	0	90.0338	0	0	0	0	0	0	0	1	0	0	0	0	0	0	0	0	238	0	238	0	0	0	0	0	0	0	1	0	0	0	0	0	0	0	0	0	0	0	0	0	0	0	0	0	0	0	0	0	0	0	0	0	0	0	0	0	0	0	0	0	0	0	0	0	0	0
128	0	0	0	0	0	0	0	0	667	0	667	0	0	0	0	0	0	0	0.11839	0	0.11839	0	0	0	0	0	0	0	1	0	0	0	0	0	0	0	0	47	0	47	0	0	0	0	0	0	0	1	0	0	0	0	0	0	0	0	93.1393	0	93.1393	0	0	0	0	0	0	0	1	0	0	0	0	0	0	0	0	237	0	237	0	0	0	0	0	0	0	1	0	0	0	0	0	0	0	0	0	0	0	0	0	0	0	0	0	0	0	0	0	0	0	0	0	0	0	0	0	0	0	0	0	0	0	0	0	0	0
129	0	0	0	0	0	0	0	0	646	0	646	0	0	0	0	0	0	0	0.107252	0	0.107252	0	0	0	0	0	0	0	1	0	0	0	0	0	0	0	0	43	0	43	0	0	0	0	0	0	0	1	0	0	0	0	0	0	0	0	93.104	0	93.104	0	0	0	0	0	0	0	1	0	0	0	0	0	0	0	0	235	0	235	0	0	0	0	0	0	0	1	0	0	0	0	0	0	0	0	0	0	0	0	0	0	0	0	0	0	0	0	0	0	0	0	0	0	0	0	0	0	0	0	0	0	0	0	0	0	0
130	0	0	0	0	0	0	0	0	637	0	637	0	0	0	0	0	0	0	0.0931748	0	0.0931748	0	0	0	0	0	0	0	1	0	0	0	0	0	0	0	0	38	0	38	0	0	0	0	0	0	0	1	0	0	0	0	0	0	0	0	90.6948	0	90.6948	0	0	0	0	0	0	0	1	0	0	0	0	0	0	0	0	228	0	228	0	0	0	0	0	0	0	1	0	0	0	0	0	0	0	0	0	0	0	0	0	0	0	0	0	0	0	0	0	0	0	0	0	0	0	0	0	0	0	0	0	0	0	0	0	0	0
131	0	0	0	0	0	0	0	0	656	0	656	0	0	0	0	0	0	0	0.0975146	0	0.0975146	0	0	0	0	0	0	0	1	0	0	0	0	0	0	0	0	39	0	39	0	0	0	0	0	0	0	1	0	0	0	0	0	0	0	0	93.6003	0	93.6003	0	0	0	0	0	0	0	1	0	0	0	0	0	0	0	0	227	0	227	0	0	0	0	0	0	0	1	0	0	0	0	0	0	0	0	0	0	0	0	0	0	0	0	0	0	0	0	0	0	0	0	0	0	0	0	0	0	0	0	0	0	0	0	0	0	0
132	0	0	0	0	0	0	0	0	645	0	645	0	0	0	0	0	0	0	0.0812122	0	0.0812122	0	0	0	0	0	0	0	1	0	0	0	0	0	0	0	0	32	0	32	0	0	0	0	0	0	0	1	0	0	0	0	0	0	0	0	92.6776	0	92.6776	0	0	0	0	0	0	0	1	0	0	0	0	0	0	0	0	216	0	216	0	0	0	0	0	0	0	1	0	0	0	0	0	0	0	0	0	0	0	0	0	0	0	0	0	0	0	0	0	0	0	0	0	0	0	0	0	0	0	0	0	0	0	0	0	0	0
133	0	0	0	0	0	0	0	0	623	0	623	0	0	0	0	0	0	0	0.0753058	0	0.0753058	0	0	0	0	0	0	0	1	0	0	0	0	0	0	0	0	29	0	29	0	0	0	0	0	0	0	1	0	0	0	0	0	0	0	0	87.0761	0	87.0761	0	0	0	0	0	0	0	1	0	0	0	0	0	0	0	0	209	0	209	0	0	0	0	0	0	0	1	0	0	0	0	0	0	0	0	0	0	0	0	0	0	0	0	0	0	0	0	0	0	0	0	0	0	0	0	0	0	0	0	0	0	0	0	0	0	0
134	0	0	0	0	0	0	0	0	590	0	590	0	0	0	0	0	0	0	0.0771884	0	0.0771884	0	0	0	0	0	0	0	1	0	0	0	0	0	0	0	0	27	0	27	0	0	0	0	0	0	0	1	0	0	0	0	0	0	0	0	82.6439	0	82.6439	0	0	0	0	0	0	0	1	0	0	0	0	0	0	0	0	203	0	203	0	0	0	0	0	0	0	1	0	0	0	0	0	0	0	0	0	0	0	0	0	0	0	0	0	0	0	0	0	0	0	0	0	0	0	0	0	0	0	0	0	0	0	0	0	0	0
135	0	0	0	0	0	0	0	0	605	0	605	0	0	0	0	0	0	0	0.0654139	0	0.0654139	0	0	0	0	0	0	0	1	0	0	0	0	0	0	0	0	23	0	23	0	0	0	0	0	0	0	1	0	0	0	0	0	0	0	0	84.5029	0	84.5029	0	0	0	0	0	0	0	1	0	0	0	0	0	0	0	0	199	0	199	0	0	0	0	0	0	0	1	0	0	0	0	0	0	0	0	0	0	0	0	0	0	0	0	0	0	0	0	0	0	0	0	0	0	0	0	0	0	0	0	0	0	0	0	0	0	0
136	0	0	0	0	0	0	0	0	580	0	580	0	0	0	0	0	0	0	0.0578433	0	0.0578433	0	0	0	0	0	0	0	1	0	0	0	0	0	0	0	0	20	0	20	0	0	0	0	0	0	0	1	0	0	0	0	0	0	0	0	77.5336	0	77.5336	0	0	0	0	0	0	0	1	0	0	0	0	0	0	0	0	188	0	188	0	0	0	0	0	0	0	1	0	0	0	0	0	0	0	0	0	0	0	0	0	0	0	0	0	0	0	0	0	0	0	0	0	0	0	0	0	0	0	0	0	0	0	0	0	0	0
137	0	0	0	0	0	0	0	0	609	0	609	0	0	0	0	0	0	0	0.0435426	0	0.0435426	0	0	0	0	0	0	0	1	0	0	0	0	0	0	0	0	22	0	22	0	0	0	0	0	0	0	1	0	0	0	0	0	0	0	0	75.7979	0	75.7979	0	0	0	0	0	0	0	1	0	0	0	0	0	0	0	0	187	0	187	0	0	0	0	0	0	0	1	0	0	0	0	0	0	0	0	0	0	0	0	0	0	0	0	0	0	0	0	0	0	0	0	0	0	0	0	0	0	0	0	0	0	0	0	0	0	0
138	0	0	0	0	0	0	0	0	610	0	610	0	0	0	0	0	0	0	0.043904	0	0.043904	0	0	0	0	0	0	0	1	0	0	0	0	0	0	0	0	28	0	28	0	0	0	0	0	0	0	1	0	0	0	0	0	0	0	0	74.0693	0	74.0693	0	0	0	0	0	0	0	1	0	0	0	0	0	0	0	0	179	0	179	0	0	0	0	0	0	0	1	0	0	0	0	0	0	0	0	0	0	0	0	0	0	0	0	0	0	0	0	0	0	0	0	0	0	0	0	0	0	0	0	0	0	0	0	0	0	0
139	0	0	0	0	0	0	0	0	637	0	637	0	0	0	0	0	0	0	0.0427957	0	0.0427957	0	0	0	0	0	0	0	1	0	0	0	0	0	0	0	0	45	0	45	0	0	0	0	0	0	0	1	0	0	0	0	0	0	0	0	75.2593	0	75.2593	0	0	0	0	0	0	0	1	0	0	0	0	0	0	0	0	178	0	178	0	0	0	0	0	0	0	1	0	0	0	0	0	0	0	0	0	0	0	0	0	0	0	0	0	0	0	0	0	0	0	0	0	0	0	0	0	0	0	0	0	0	0	0	0	0	0
140	0	0	0	0	0	0	0	0	631	0	631	0	0	0	0	0	0	0	0.0777628	0	0.0777628	0	0	0	0	0	0	0	1	0	0	0	0	0	0	0	0	65	0	65	0	0	0	0	0	0	0	1	0	0	0	0	0	0	0	0	78.0302	0	78.0302	0	0	0	0	0	0	0	1	0	0	0	0	0	0	0	0	178	0	178	0	0	0	0	0	0	0	1	0	0	0	0	0	0	0	0	0	0	0	0	0	0	0	0	0	0	0	0	0	0	0	0	0	0	0	0	0	0	0	0	0	0	0	0	0	0	0
141	0	0	0	0	0	0	0	0	634	0	634	0	0	0	0	0	0	0	0.105199	0	0.105199	0	0	0	0	0	0	0	1	0	0	0	0	0	0	0	0	80	0	80	0	0	0	0	0	0	0	1	0	0	0	0	0	0	0	0	78.4611	0	78.4611	0	0	0	0	0	0	0	1	0	0	0	0	0	0	0	0	182	0	182	0	0	0	0	0	0	0	1	0	0	0	0	0	0	0	0	0	0	0	0	0	0	0	0	0	0	0	0	0	0	0	0	0	0	0	0	0	0	0	0	0	0	0	0	0	0	0
142	0	0	0	0	0	0	0	0	634	0	634	0	0	0	0	0	0	0	0.125347	0	0.125347	0	0	0	0	0	0	0	1	0	0	0	0	0	0	0	0	92	0	92	0	0	0	0	0	0	0	1	0	0	0	0	0	0	0	0	77.7378	0	77.7378	0	0	0	0	0	0	0	1	0	0	0	0	0	0	0	0	185	0	185	0	0	0	0	0	0	0	1	0	0	0	0	0	0	0	0	0	0	0	0	0	0	0	0	0	0	0	0	0	0	0	0	0	0	0	0	0	0	0	0	0	0	0	0	0	0	0
143	0	0	0	0	0	0	0	0	637	0	637	0	0	0	0	0	0	0	0.141253	0	0.141253	0	0	0	0	0	0	0	1	0	0	0	0	0	0	0	0	95	0	95	0	0	0	0	0	0	0	1	0	0	0	0	0	0	0	0	76.0672	0	76.0672	0	0	0	0	0	0	0	1	0	0	0	0	0	0	0	0	192	0	192	0	0	0	0	0	0	0	1	0	0	0	0	0	0	0	0	0	0	0	0	0	0	0	0	0	0	0	0	0	0	0	0	0	0	0	0	0	0	0	0	0	0	0	0	0	0	0
144	0	0	0	0	0	0	0	0	631	0	631	0	0	0	0	0	0	0	0.151313	0	0.151313	0	0	0	0	0	0	0	1	0	0	0	0	0	0	0	0	93	0	93	0	0	0	0	0	0	0	1	0	0	0	0	0	0	0	0	74.3044	0	74.3044	0	0	0	0	0	0	0	1	0	0	0	0	0	0	0	0	206	0	206	0	0	0	0	0	0	0	1	0	0	0	0	0	0	0	0	0	0	0	0	0	0	0	0	0	0	0	0	0	0	0	0	0	0	0	0	0	0	0	0	0	0	0	0	0	0	0
145	0	0	0	0	0	0	0	0	646	0	646	0	0	0	0	0	0	0	0.159938	0	0.159938	0	0	0	0	0	0	0	1	0	0	0	0	0	0	0	0	95	0	95	0	0	0	0	0	0	0	1	0	0	0	0	0	0	0	0	74.0093	0	74.0093	0	0	0	0	0	0	0	1	0	0	0	0	0	0	0	0	220	0	220	0	0	0	0	0	0	0	1	0	0	0	0	0	0	0	0	0	0	0	0	0	0	0	0	0	0	0	0	0	0	0	0	0	0	0	0	0	0	0	0	0	0	0	0	0	0	0
146	0	0	0	0	0	0	0	0	575	0	575	0	0	0	0	0	0	0	0.189042	0	0.189042	0	0	0	0	0	0	0	1	0	0	0	0	0	0	0	0	104	0	104	0	0	0	0	0	0	0	1	0	0	0	0	0	0	0	0	69.546	0	69.546	0	0	0	0	0	0	0	1	0	0	0	0	0	0	0	0	212	0	212	0	0	0	0	0	0	0	1	0	0	0	0	0	0	0	0	0	0	0	0	0	0	0	0	0	0	0	0	0	0	0	0	0	0	0	0	0	0	0	0	0	0	0	0	0	0	0
147	0	0	0	0	0	0	0	0	576	0	576	0	0	0	0	0	0	0	0.186219	0	0.186219	0	0	0	0	0	0	0	1	0	0	0	0	0	0	0	0	106	0	106	0	0	0	0	0	0	0	1	0	0	0	0	0	0	0	0	70.2286	0	70.2286	0	0	0	0	0	0	0	1	0	0	0	0	0	0	0	0	219	0	219	0	0	0	0	0	0	0	1	0	0	0	0	0	0	0	0	0	0	0	0	0	0	0	0	0	0	0	0	0	0	0	0	0	0	0	0	0	0	0	0	0	0	0	0	0	0	0
148	0	0	0	0	0	0	0	0	588	0	588	0	0	0	0	0	0	0	0.161107	0	0.161107	0	0	0	0	0	0	0	1	0	0	0	0	0	0	0	0	97	0	97	0	0	0	0	0	0	0	1	0	0	0	0	0	0	0	0	74.5126	0	74.5126	0	0	0	0	0	0	0	1	0	0	0	0	0	0	0	0	237	0	237	0	0	0	0	0	0	0	1	0	0	0	0	0	0	0	0	0	0	0	0	0	0	0	0	0	0	0	0	0	0	0	0	0	0	0	0	0	0	0	0	0	0	0	0	0	0	0
149	0	0	0	0	0	0	0	0	588	0	588	0	0	0	0	0	0	0	0.18423	0	0.18423	0	0	0	0	0	0	0	1	0	0	0	0	0	0	0	0	91	0	91	0	0	0	0	0	0	0	1	0	0	0	0	0	0	0	0	76.8606	0	76.8606	0	0	0	0	0	0	0	1	0	0	0	0	0	0	0	0	242	0	242	0	0	0	0	0	0	0	1	0	0	0	0	0	0	0	0	0	0	0	0	0	0	0	0	0	0	0	0	0	0	0	0	0	0	0	0	0	0	0	0	0	0	0	0	0	0	0
150	0	0	0	0	0	0	0	0	568	0	568	0	0	0	0	0	0	0	0.170933	0	0.170933	0	0	0	0	0	0	0	1	0	0	0	0	0	0	0	0	85	0	85	0	0	0	0	0	0	0	1	0	0	0	0	0	0	0	0	78.7771	0	78.7771	0	0	0	0	0	0	0	1	0	0	0	0	0	0	0	0	245	0	245	0	0	0	0	0	0	0	1	0	0	0	0	0	0	0	0	0	0	0	0	0	0	0	0	0	0	0	0	0	0	0	0	0	0	0	0	0	0	0	0	0	0	0	0	0	0	0
151	0	0	0	0	0	0	0	0	620	0	620	0	0	0	0	0	0	0	0.190511	0	0.190511	0	0	0	0	0	0	0	1	0	0	0	0	0	0	0	0	80	0	80	0	0	0	0	0	0	0	1	0	0	0	0	0	0	0	0	81.5348	0	81.5348	0	0	0	0	0	0	0	1	0	0	0	0	0	0	0	0	245	0	245	0	0	0	0	0	0	0	1	0	0	0	0	0	0	0	0	0	0	0	0	0	0	0	0	0	0	0	0	0	0	0	0	0	0	0	0	0	0	0	0	0	0	0	0	0	0	0
152	0	0	0	0	0	0	0	0	607	0	607	0	0	0	0	0	0	0	0.153533	0	0.153533	0	0	0	0	0	0	0	1	0	0	0	0	0	0	0	0	66	0	66	0	0	0	0	0	0	0	1	0	0	0	0	0	0	0	0	82.7313	0	82.7313	0	0	0	0	0	0	0	1	0	0	0	0	0	0	0	0	251	0	251	0	0	0	0	0	0	0	1	0	0	0	0	0	0	0	0	0	0	0	0	0	0	0	0	0	0	0	0	0	0	0	0	0	0	0	0	0	0	0	0	0	0	0	0	0	0	0
153	0	0	0	0	0	0	0	0	565	0	565	0	0	0	0	0	0	0	0.171322	0	0.171322	0	0	0	0	0	0	0	1	0	0	0	0	0	0	0	0	61	0	61	0	0	0	0	0	0	0	1	0	0	0	0	0	0	0	0	77.2457	0	77.2457	0	0	0	0	0	0	0	1	0	0	0	0	0	0	0	0	241	0	241	0	0	0	0	0	0	0	1	0	0	0	0	0	0	0	0	0	0	0	0	0	0	0	0	0	0	0	0	0	0	0	0	0	0	0	0	0	0	0	0	0	0	0	0	0	0	0
154	0	0	0	0	0	0	0	0	586	0	586	0	0	0	0	0	0	0	0.164512	0	0.164512	0	0	0	0	0	0	0	1	0	0	0	0	0	0	0	0	59	0	59	0	0	0	0	0	0	0	1	0	0	0	0	0	0	0	0	76.7747	0	76.7747	0	0	0	0	0	0	0	1	0	0	0	0	0	0	0	0	232	0	232	0	0	0	0	0	0	0	1	0	0	0	0	0	0	0	0	0	0	0	0	0	0	0	0	0	0	0	0	0	0	0	0	0	0	0	0	0	0	0	0	0	0	0	0	0	0	0
155	0	0	0	0	0	0	0	0	626	0	626	0	0	0	0	0	0	0	0.136307	0	0.136307	0	0	0	0	0	0	0	1	0	0	0	0	0	0	0	0	52	0	52	0	0	0	0	0	0	0	1	0	0	0	0	0	0	0	0	80.306	0	80.306	0	0	0	0	0	0	0	1	0	0	0	0	0	0	0	0	238	0	238	0	0	0	0	0	0	0	1	0	0	0	0	0	0	0	0	0	0	0	0	0	0	0	0	0	0	0	0	0	0	0	0	0	0	0	0	0	0	0	0	0	0	0	0	0	0	0
156	0	0	0	0	0	0	0	0	582	0	582	0	0	0	0	0	0	0	0.102774	0	0.102774	0	0	0	0	0	0	0	1	0	0	0	0	0	0	0	0	54	0	54	0	0	0	0	0	0	0	1	0	0	0	0	0	0	0	0	77.5393	0	77.5393	0	0	0	0	0	0	0	1	0	0	0	0	0	0	0	0	235	0	235	0	0	0	0	0	0	0	1	0	0	0	0	0	0	0	0	0	0	0	0	0	0	0	0	0	0	0	0	0	0	0	0	0	0	0	0	0	0	0	0	0	0	0	0	0	0	0
157	0	0	0	0	0	0	0	0	607	0	607	0	0	0	0	0	0	0	0.114847	0	0.114847	0	0	0	0	0	0	0	1	0	0	0	0	0	0	0	0	54	0	54	0	0	0	0	0	0	0	1	0	0	0	0	0	0	0	0	79.3135	0	79.3135	0	0	0	0	0	0	0	1	0	0	0	0	0	0	0	0	231	0	231	0	0	0	0	0	0	0	1	0	0	0	0	0	0	0	0	0	0	0	0	0	0	0	0	0	0	0	0	0	0	0	0	0	0	0	0	0	0	0	0	0	0	0	0	0	0	0
158	0	0	0	0	0	0	0	0	584	0	584	0	0	0	0	0	0	0	0.130664	0	0.130664	0	0	0	0	0	0	0	1	0	0	0	0	0	0	0	0	52	0	52	0	0	0	0	0	0	0	1	0	0	0	0	0	0	0	0	78.6337	0	78.6337	0	0	0	0	0	0	0	1	0	0	0	0	0	0	0	0	226	0	226	0	0	0	0	0	0	0	1	0	0	0	0	0	0	0	0	0	0	0	0	0	0	0	0	0	0	0	0	0	0	0	0	0	0	0	0	0	0	0	0	0	0	0	0	0	0	0
159	0	0	0	0	0	0	0	0	592	0	592	0	0	0	0	0	0	0	0.0937857	0	0.0937857	0	0	0	0	0	0	0	1	0	0	0	0	0	0	0	0	49	0	49	0	0	0	0	0	0	0	1	0	0	0	0	0	0	0	0	78.7805	0	78.7805	0	0	0	0	0	0	0	1	0	0	0	0	0	0	0	0	224	0	224	0	0	0	0	0	0	0	1	0	0	0	0	0	0	0	0	0	0	0	0	0	0	0	0	0	0	0	0	0	0	0	0	0	0	0	0	0	0	0	0	0	0	0	0	0	0	0
160	0	0	0	0	0	0	0	0	585	0	585	0	0	0	0	0	0	0	0.0770923	0	0.0770923	0	0	0	0	0	0	0	1	0	0	0	0	0	0	0	0	48	0	48	0	0	0	0	0	0	0	1	0	0	0	0	0	0	0	0	77.1479	0	77.1479	0	0	0	0	0	0	0	1	0	0	0	0	0	0	0	0	220	0	220	0	0	0	0	0	0	0	1	0	0	0	0	0	0	0	0	0	0	0	0	0	0	0	0	0	0	0	0	0	0	0	0	0	0	0	0	0	0	0	0	0	0	0	0	0	0	0
161	0	0	0	0	0	0	0	0	577	0	577	0	0	0	0	0	0	0	0.0800818	0	0.0800818	0	0	0	0	0	0	0	1	0	0	0	0	0	0	0	0	51	0	51	0	0	0	0	0	0	0	1	0	0	0	0	0	0	0	0	75.8458	0	75.8458	0	0	0	0	0	0	0	1	0	0	0	0	0	0	0	0	216	0	216	0	0	0	0	0	0	0	1	0	0	0	0	0	0	0	0	0	0	0	0	0	0	0	0	0	0	0	0	0	0	0	0	0	0	0	0	0	0	0	0	0	0	0	0	0	0	0
162	0	0	0	0	0	0	0	0	561	0	561	0	0	0	0	0	0	0	0.0934772	0	0.0934772	0	0	0	0	0	0	0	1	0	0	0	0	0	0	0	0	53	0	53	0	0	0	0	0	0	0	1	0	0	0	0	0	0	0	0	74.2487	0	74.2487	0	0	0	0	0	0	0	1	0	0	0	0	0	0	0	0	213	0	213	0	0	0	0	0	0	0	1	0	0	0	0	0	0	0	0	0	0	0	0	0	0	0	0	0	0	0	0	0	0	0	0	0	0	0	0	0	0	0	0	0	0	0	0	0	0	0
163	0	0	0	0	0	0	0	0	600	0	600	0	0	0	0	0	0	0	0.100278	0	0.100278	0	0	0	0	0	0	0	1	0	0	0	0	0	0	0	0	59	0	59	0	0	0	0	0	0	0	1	0	0	0	0	0	0	0	0	76.8689	0	76.8689	0	0	0	0	0	0	0	1	0	0	0	0	0	0	0	0	212	0	212	0	0	0	0	0	0	0	1	0	0	0	0	0	0	0	0	0	0	0	0	0	0	0	0	0	0	0	0	0	0	0	0	0	0	0	0	0	0	0	0	0	0	0	0	0	0	0
164	0	0	0	0	0	0	0	0	587	0	587	0	0	0	0	0	0	0	0.0968407	0	0.0968407	0	0	0	0	0	0	0	1	0	0	0	0	0	0	0	0	57	0	57	0	0	0	0	0	0	0	1	0	0	0	0	0	0	0	0	75.7388	0	75.7388	0	0	0	0	0	0	0	1	0	0	0	0	0	0	0	0	209	0	209	0	0	0	0	0	0	0	1	0	0	0	0	0	0	0	0	0	0	0	0	0	0	0	0	0	0	0	0	0	0	0	0	0	0	0	0	0	0	0	0	0	0	0	0	0	0	0
165	0	0	0	0	0	0	0	0	564	0	564	0	0	0	0	0	0	0	0.0952806	0	0.0952806	0	0	0	0	0	0	0	1	0	0	0	0	0	0	0	0	60	0	60	0	0	0	0	0	0	0	1	0	0	0	0	0	0	0	0	77.0572	0	77.0572	0	0	0	0	0	0	0	1	0	0	0	0	0	0	0	0	210	0	210	0	0	0	0	0	0	0	1	0	0	0	0	0	0	0	0	0	0	0	0	0	0	0	0	0	0	0	0	0	0	0	0	0	0	0	0	0	0	0	0	0	0	0	0	0	0	0
166	0	0	0	0	0	0	0	0	588	0	588	0	0	0	0	0	0	0	0.111076	0	0.111076	0	0	0	0	0	0	0	1	0	0	0	0	0	0	0	0	60	0	60	0	0	0	0	0	0	0	1	0	0	0	0	0	0	0	0	78.6995	0	78.6995	0	0	0	0	0	0	0	1	0	0	0	0	0	0	0	0	208	0	208	0	0	0	0	0	0	0	1	0	0	0	0	0	0	0	0	0	0	0	0	0	0	0	0	0	0	0	0	0	0	0	0	0	0	0	0	0	0	0	0	0	0	0	0	0	0	0
167	0	0	0	0	0	0	0	0	584	0	584	0	0	0	0	0	0	0	0.132738	0	0.132738	0	0	0	0	0	0	0	1	0	0	0	0	0	0	0	0	52	0	52	0	0	0	0	0	0	0	1	0	0	0	0	0	0	0	0	79.138	0	79.138	0	0	0	0	0	0	0	1	0	0	0	0	0	0	0	0	206	0	206	0	0	0	0	0	0	0	1	0	0	0	0	0	0	0	0	0	0	0	0	0	0	0	0	0	0	0	0	0	0	0	0	0	0	0	0	0	0	0	0	0	0	0	0	0	0	0
168	0	0	0	0	0	0	0	0	575	0	575	0	0	0	0	0	0	0	0.0835163	0	0.0835163	0	0	0	0	0	0	0	1	0	0	0	0	0	0	0	0	42	0	42	0	0	0	0	0	0	0	1	0	0	0	0	0	0	0	0	78.3393	0	78.3393	0	0	0	0	0	0	0	1	0	0	0	0	0	0	0	0	211	0	211	0	0	0	0	0	0	0	1	0	0	0	0	0	0	0	0	0	0	0	0	0	0	0	0	0	0	0	0	0	0	0	0	0	0	0	0	0	0	0	0	0	0	0	0	0	0	0
169	0	0	0	0	0	0	0	0	586	0	586	0	0	0	0	0	0	0	0.0896765	0	0.0896765	0	0	0	0	0	0	0	1	0	0	0	0	0	0	0	0	41	0	41	0	0	0	0	0	0	0	1	0	0	0	0	0	0	0	0	79.3875	0	79.3875	0	0	0	0	0	0	0	1	0	0	0	0	0	0	0	0	207	0	207	0	0	0	0	0	0	0	1	0	0	0	0	0	0	0	0	0	0	0	0	0	0	0	0	0	0	0	0	0	0	0	0	0	0	0	0	0	0	0	0	0	0	0	0	0	0	0
170	0	0	0	0	0	0	0	0	586	0	586	0	0	0	0	0	0	0	0.0894856	0	0.0894856	0	0	0	0	0	0	0	1	0	0	0	0	0	0	0	0	37	0	37	0	0	0	0	0	0	0	1	0	0	0	0	0	0	0	0	77.4026	0	77.4026	0	0	0	0	0	0	0	1	0	0	0	0	0	0	0	0	200	0	200	0	0	0	0	0	0	0	1	0	0	0	0	0	0	0	0	0	0	0	0	0	0	0	0	0	0	0	0	0	0	0	0	0	0	0	0	0	0	0	0	0	0	0	0	0	0	0
171	0	0	0	0	0	0	0	0	590	0	590	0	0	0	0	0	0	0	0.0961002	0	0.0961002	0	0	0	0	0	0	0	1	0	0	0	0	0	0	0	0	40	0	40	0	0	0	0	0	0	0	1	0	0	0	0	0	0	0	0	75.8942	0	75.8942	0	0	0	0	0	0	0	1	0	0	0	0	0	0	0	0	193	0	193	0	0	0	0	0	0	0	1	0	0	0	0	0	0	0	0	0	0	0	0	0	0	0	0	0	0	0	0	0	0	0	0	0	0	0	0	0	0	0	0	0	0	0	0	0	0	0
172	0	0	0	0	0	0	0	0	582	0	582	0	0	0	0	0	0	0	0.0563382	0	0.0563382	0	0	0	0	0	0	0	1	0	0	0	0	0	0	0	0	36	0	36	0	0	0	0	0	0	0	1	0	0	0	0	0	0	0	0	77.4137	0	77.4137	0	0	0	0	0	0	0	1	0	0	0	0	0	0	0	0	196	0	196	0	0	0	0	0	0	0	1	0	0	0	0	0	0	0	0	0	0	0	0	0	0	0	0	0	0	0	0	0	0	0	0	0	0	0	0	0	0	0	0	0	0	0	0	0	0	0
173	0	0	0	0	0	0	0	0	601	0	601	0	0	0	0	0	0	0	0.0635336	0	0.0635336	0	0	0	0	0	0	0	1	0	0	0	0	0	0	0	0	49	0	49	0	0	0	0	0	0	0	1	0	0	0	0	0	0	0	0	76.9596	0	76.9596	0	0	0	0	0	0	0	1	0	0	0	0	0	0	0	0	183	0	183	0	0	0	0	0	0	0	1	0	0	0	0	0	0	0	0	0	0	0	0	0	0	0	0	0	0	0	0	0	0	0	0	0	0	0	0	0	0	0	0	0	0	0	0	0	0	0
174	0	0	0	0	0	0	0	0	631	0	631	0	0	0	0	0	0	0	0.0952194	0	0.0952194	0	0	0	0	0	0	0	1	0	0	0	0	0	0	0	0	54	0	54	0	0	0	0	0	0	0	1	0	0	0	0	0	0	0	0	79.5767	0	79.5767	0	0	0	0	0	0	0	1	0	0	0	0	0	0	0	0	181	0	181	0	0	0	0	0	0	0	1	0	0	0	0	0	0	0	0	0	0	0	0	0	0	0	0	0	0	0	0	0	0	0	0	0	0	0	0	0	0	0	0	0	0	0	0	0	0	0
175	0	0	0	0	0	0	0	0	628	0	628	0	0	0	0	0	0	0	0.117202	0	0.117202	0	0	0	0	0	0	0	1	0	0	0	0	0	0	0	0	59	0	59	0	0	0	0	0	0	0	1	0	0	0	0	0	0	0	0	79.7353	0	79.7353	0	0	0	0	0	0	0	1	0	0	0	0	0	0	0	0	180	0	180	0	0	0	0	0	0	0	1	0	0	0	0	0	0	0	0	0	0	0	0	0	0	0	0	0	0	0	0	0	0	0	0	0	0	0	0	0	0	0	0	0	0	0	0	0	0	0
176	0	0	0	0	0	0	0	0	656	0	656	0	0	0	0	0	0	0	0.100047	0	0.100047	0	0	0	0	0	0	0	1	0	0	0	0	0	0	0	0	53	0	53	0	0	0	0	0	0	0	1	0	0	0	0	0	0	0	0	80.7848	0	80.7848	0	0	0	0	0	0	0	1	0	0	0	0	0	0	0	0	188	0	188	0	0	0	0	0	0	0	1	0	0	0	0	0	0	0	0	0	0	0	0	0	0	0	0	0	0	0	0	0	0	0	0	0	0	0	0	0	0	0	0	0	0	0	0	0	0	0
177	0	0	0	0	0	0	0	0	643	0	643	0	0	0	0	0	0	0	0.106738	0	0.106738	0	0	0	0	0	0	0	1	0	0	0	0	0	0	0	0	58	0	58	0	0	0	0	0	0	0	1	0	0	0	0	0	0	0	0	82.8268	0	82.8268	0	0	0	0	0	0	0	1	0	0	0	0	0	0	0	0	192	0	192	0	0	0	0	0	0	0	1	0	0	0	0	0	0	0	0	0	0	0	0	0	0	0	0	0	0	0	0	0	0	0	0	0	0	0	0	0	0	0	0	0	0	0	0	0	0	0
178	0	0	0	0	0	0	0	0	626	0	626	0	0	0	0	0	0	0	0.108721	0	0.108721	0	0	0	0	0	0	0	1	0	0	0	0	0	0	0	0	60	0	60	0	0	0	0	0	0	0	1	0	0	0	0	0	0	0	0	80.484	0	80.484	0	0	0	0	0	0	0	1	0	0	0	0	0	0	0	0	187	0	187	0	0	0	0	0	0	0	1	0	0	0	0	0	0	0	0	0	0	0	0	0	0	0	0	0	0	0	0	0	0	0	0	0	0	0	0	0	0	0	0	0	0	0	0	0	0	0
179	0	0	0	0	0	0	0	0	650	0	650	0	0	0	0	0	0	0	0.131011	0	0.131011	0	0	0	0	0	0	0	1	0	0	0	0	0	0	0	0	71	0	71	0	0	0	0	0	0	0	1	0	0	0	0	0	0	0	0	83.5306	0	83.5306	0	0	0	0	0	0	0	1	0	0	0	0	0	0	0	0	186	0	186	0	0	0	0	0	0	0	1	0	0	0	0	0	0	0	0	0	0	0	0	0	0	0	0	0	0	0	0	0	0	0	0	0	0	0	0	0	0	0	0	0	0	0	0	0	0	0
180	0	0	0	0	0	0	0	0	651	0	651	0	0	0	0	0	0	0	0.0992577	0	0.0992577	0	0	0	0	0	0	0	1	0	0	0	0	0	0	0	0	62	0	62	0	0	0	0	0	0	0	1	0	0	0	0	0	0	0	0	83.5446	0	83.5446	0	0	0	0	0	0	0	1	0	0	0	0	0	0	0	0	191	0	191	0	0	0	0	0	0	0	1	0	0	0	0	0	0	0	0	0	0	0	0	0	0	0	0	0	0	0	0	0	0	0	0	0	0	0	0	0	0	0	0	0	0	0	0	0	0	0
181	0	0	0	0	0	0	0	0	644	0	644	0	0	0	0	0	0	0	0.146532	0	0.146532	0	0	0	0	0	0	0	1	0	0	0	0	0	0	0	0	73	0	73	0	0	0	0	0	0	0	1	0	0	0	0	0	0	0	0	84.6214	0	84.6214	0	0	0	0	0	0	0	1	0	0	0	0	0	0	0	0	186	0	186	0	0	0	0	0	0	0	1	0	0	0	0	0	0	0	0	0	0	0	0	0	0	0	0	0	0	0	0	0	0	0	0	0	0	0	0	0	0	0	0	0	0	0	0	0	0	0
182	0	0	0	0	0	0	0	0	636	0	636	0	0	0	0	0	0	0	0.110458	0	0.110458	0	0	0	0	0	0	0	1	0	0	0	0	0	0	0	0	66	0	66	0	0	0	0	0	0	0	1	0	0	0	0	0	0	0	0	85.3309	0	85.3309	0	0	0	0	0	0	0	1	0	0	0	0	0	0	0	0	196	0	196	0	0	0	0	0	0	0	1	0	0	0	0	0	0	0	0	0	0	0	0	0	0	0	0	0	0	0	0	0	0	0	0	0	0	0	0	0	0	0	0	0	0	0	0	0	0	0
183	0	0	0	0	0	0	0	0	646	0	646	0	0	0	0	0	0	0	0.120469	0	0.120469	0	0	0	0	0	0	0	1	0	0	0	0	0	0	0	0	62	0	62	0	0	0	0	0	0	0	1	0	0	0	0	0	0	0	0	85.6447	0	85.6447	0	0	0	0	0	0	0	1	0	0	0	0	0	0	0	0	196	0	196	0	0	0	0	0	0	0	1	0	0	0	0	0	0	0	0	0	0	0	0	0	0	0	0	0	0	0	0	0	0	0	0	0	0	0	0	0	0	0	0	0	0	0	0	0	0	0
184	0	0	0	0	0	0	0	0	613	0	613	0	0	0	0	0	0	0	0.119353	0	0.119353	0	0	0	0	0	0	0	1	0	0	0	0	0	0	0	0	55	0	55	0	0	0	0	0	0	0	1	0	0	0	0	0	0	0	0	83.2521	0	83.2521	0	0	0	0	0	0	0	1	0	0	0	0	0	0	0	0	200	0	200	0	0	0	0	0	0	0	1	0	0	0	0	0	0	0	0	0	0	0	0	0	0	0	0	0	0	0	0	0	0	0	0	0	0	0	0	0	0	0	0	0	0	0	0	0	0	0
185	0	0	0	0	0	0	0	0	638	0	638	0	0	0	0	0	0	0	0.104305	0	0.104305	0	0	0	0	0	0	0	1	0	0	0	0	0	0	0	0	45	0	45	0	0	0	0	0	0	0	1	0	0	0	0	0	0	0	0	82.3919	0	82.3919	0	0	0	0	0	0	0	1	0	0	0	0	0	0	0	0	198	0	198	0	0	0	0	0	0	0	1	0	0	0	0	0	0	0	0	0	0	0	0	0	0	0	0	0	0	0	0	0	0	0	0	0	0	0	0	0	0	0	0	0	0	0	0	0	0	0
186	0	0	0	0	0	0	0	0	658	0	658	0	0	0	0	0	0	0	0.119868	0	0.119868	0	0	0	0	0	0	0	1	0	0	0	0	0	0	0	0	43	0	43	0	0	0	0	0	0	0	1	0	0	0	0	0	0	0	0	80.9898	0	80.9898	0	0	0	0	0	0	0	1	0	0	0	0	0	0	0	0	199	0	199	0	0	0	0	0	0	0	1	0	0	0	0	0	0	0	0	0	0	0	0	0	0	0	0	0	0	0	0	0	0	0	0	0	0	0	0	0	0	0	0	0	0	0	0	0	0	0
187	0	0	0	0	0	0	0	0	611	0	611	0	0	0	0	0	0	0	0.0727493	0	0.0727493	0	0	0	0	0	0	0	1	0	0	0	0	0	0	0	0	46	0	46	0	0	0	0	0	0	0	1	0	0	0	0	0	0	0	0	77.5509	0	77.5509	0	0	0	0	0	0	0	1	0	0	0	0	0	0	0	0	207	0	207	0	0	0	0	0	0	0	1	0	0	0	0	0	0	0	0	0	0	0	0	0	0	0	0	0	0	0	0	0	0	0	0	0	0	0	0	0	0	0	0	0	0	0	0	0	0	0
188	0	0	0	0	0	0	0	0	613	0	613	0	0	0	0	0	0	0	0.0871403	0	0.0871403	0	0	0	0	0	0	0	1	0	0	0	0	0	0	0	0	62	0	62	0	0	0	0	0	0	0	1	0	0	0	0	0	0	0	0	78.906	0	78.906	0	0	0	0	0	0	0	1	0	0	0	0	0	0	0	0	208	0	208	0	0	0	0	0	0	0	1	0	0	0	0	0	0	0	0	0	0	0	0	0	0	0	0	0	0	0	0	0	0	0	0	0	0	0	0	0	0	0	0	0	0	0	0	0	0	0
189	0	0	0	0	0	0	0	0	602	0	602	0	0	0	0	0	0	0	0.112112	0	0.112112	0	0	0	0	0	0	0	1	0	0	0	0	0	0	0	0	81	0	81	0	0	0	0	0	0	0	1	0	0	0	0	0	0	0	0	78.1613	0	78.1613	0	0	0	0	0	0	0	1	0	0	0	0	0	0	0	0	200	0	200	0	0	0	0	0	0	0	1	0	0	0	0	0	0	0	0	0	0	0	0	0	0	0	0	0	0	0	0	0	0	0	0	0	0	0	0	0	0	0	0	0	0	0	0	0	0	0
190	0	0	0	0	0	0	0	0	614	0	614	0	0	0	0	0	0	0	0.133488	0	0.133488	0	0	0	0	0	0	0	1	0	0	0	0	0	0	0	0	77	0	77	0	0	0	0	0	0	0	1	0	0	0	0	0	0	0	0	79.22	0	79.22	0	0	0	0	0	0	0	1	0	0	0	0	0	0	0	0	201	0	201	0	0	0	0	0	0	0	1	0	0	0	0	0	0	0	0	0	0	0	0	0	0	0	0	0	0	0	0	0	0	0	0	0	0	0	0	0	0	0	0	0	0	0	0	0	0	0
191	0	0	0	0	0	0	0	0	620	0	620	0	0	0	0	0	0	0	0.138082	0	0.138082	0	0	0	0	0	0	0	1	0	0	0	0	0	0	0	0	73	0	73	0	0	0	0	0	0	0	1	0	0	0	0	0	0	0	0	80.4182	0	80.4182	0	0	0	0	0	0	0	1	0	0	0	0	0	0	0	0	203	0	203	0	0	0	0	0	0	0	1	0	0	0	0	0	0	0	0	0	0	0	0	0	0	0	0	0	0	0	0	0	0	0	0	0	0	0	0	0	0	0	0	0	0	0	0	0	0	0
192	0	0	0	0	0	0	0	0	605	0	605	0	0	0	0	0	0	0	0.150153	0	0.150153	0	0	0	0	0	0	0	1	0	0	0	0	0	0	0	0	78	0	78	0	0	0	0	0	0	0	1	0	0	0	0	0	0	0	0	79.5119	0	79.5119	0	0	0	0	0	0	0	1	0	0	0	0	0	0	0	0	201	0	201	0	0	0	0	0	0	0	1	0	0	0	0	0	0	0	0	0	0	0	0	0	0	0	0	0	0	0	0	0	0	0	0	0	0	0	0	0	0	0	0	0	0	0	0	0	0	0
193	0	0	0	0	0	0	0	0	621	0	621	0	0	0	0	0	0	0	0.154369	0	0.154369	0	0	0	0	0	0	0	1	0	0	0	0	0	0	0	0	72	0	72	0	0	0	0	0	0	0	1	0	0	0	0	0	0	0	0	77.7883	0	77.7883	0	0	0	0	0	0	0	1	0	0	0	0	0	0	0	0	200	0	200	0	0	0	0	0	0	0	1	0	0	0	0	0	0	0	0	0	0	0	0	0	0	0	0	0	0	0	0	0	0	0	0	0	0	0	0	0	0	0	0	0	0	0	0	0	0	0
194	0	0	0	0	0	0	0	0	618	0	618	0	0	0	0	0	0	0	0.134423	0	0.134423	0	0	0	0	0	0	0	1	0	0	0	0	0	0	0	0	64	0	64	0	0	0	0	0	0	0	1	0	0	0	0	0	0	0	0	78.0567	0	78.0567	0	0	0	0	0	0	0	1	0	0	0	0	0	0	0	0	207	0	207	0	0	0	0	0	0	0	1	0	0	0	0	0	0	0	0	0	0	0	0	0	0	0	0	0	0	0	0	0	0	0	0	0	0	0	0	0	0	0	0	0	0	0	0	0	0	0
195	0	0	0	0	0	0	0	0	625	0	625	0	0	0	0	0	0	0	0.143666	0	0.143666	0	0	0	0	0	0	0	1	0	0	0	0	0	0	0	0	69	0	69	0	0	0	0	0	0	0	1	0	0	0	0	0	0	0	0	78.4524	0	78.4524	0	0	0	0	0	0	0	1	0	0	0	0	0	0	0	0	212	0	212	0	0	0	0	0	0	0	1	0	0	0	0	0	0	0	0	0	0	0	0	0	0	0	0	0	0	0	0	0	0	0	0	0	0	0	0	0	0	0	0	0	0	0	0	0	0	0
196	0	0	0	0	0	0	0	0	642	0	642	0	0	0	0	0	0	0	0.157395	0	0.157395	0	0	0	0	0	0	0	1	0	0	0	0	0	0	0	0	73	0	73	0	0	0	0	0	0	0	1	0	0	0	0	0	0	0	0	79.9681	0	79.9681	0	0	0	0	0	0	0	1	0	0	0	0	0	0	0	0	213	0	213	0	0	0	0	0	0	0	1	0	0	0	0	0	0	0	0	0	0	0	0	0	0	0	0	0	0	0	0	0	0	0	0	0	0	0	0	0	0	0	0	0	0	0	0	0	0	0
197	0	0	0	0	0	0	0	0	614	0	614	0	0	0	0	0	0	0	0.129593	0	0.129593	0	0	0	0	0	0	0	1	0	0	0	0	0	0	0	0	72	0	72	0	0	0	0	0	0	0	1	0	0	0	0	0	0	0	0	75.432	0	75.432	0	0	0	0	0	0	0	1	0	0	0	0	0	0	0	0	211	0	211	0	0	0	0	0	0	0	1	0	0	0	0	0	0	0	0	0	0	0	0	0	0	0	0	0	0	0	0	0	0	0	0	0	0	0	0	0	0	0	0	0	0	0	0	0	0	0
198	0	0	0	0	0	0	0	0	604	0	604	0	0	0	0	0	0	0	0.131798	0	0.131798	0	0	0	0	0	0	0	1	0	0	0	0	0	0	0	0	75	0	75	0	0	0	0	0	0	0	1	0	0	0	0	0	0	0	0	74.1151	0	74.1151	0	0	0	0	0	0	0	1	0	0	0	0	0	0	0	0	213	0	213	0	0	0	0	0	0	0	1	0	0	0	0	0	0	0	0	0	0	0	0	0	0	0	0	0	0	0	0	0	0	0	0	0	0	0	0	0	0	0	0	0	0	0	0	0	0	0
199	0	0	0	0	0	0	0	0	581	0	581	0	0	0	0	0	0	0	0.174979	0	0.174979	0	0	0	0	0	0	0	1	0	0	0	0	0	0	0	0	88	0	88	0	0	0	0	0	0	0	1	0	0	0	0	0	0	0	0	76.3106	0	76.3106	0	0	0	0	0	0	0	1	0	0	0	0	0	0	0	0	215	0	215	0	0	0	0	0	0	0	1	0	0	0	0	0	0	0	0	0	0	0	0	0	0	0	0	0	0	0	0	0	0	0	0	0	0	0	0	0	0	0	0	0	0	0	0	0	0	0
200	0	0	0	0	0	0	0	0	621	0	621	0	0	0	0	0	0	0	0.141769	0	0.141769	0	0	0	0	0	0	0	1	0	0	0	0	0	0	0	0	80	0	80	0	0	0	0	0	0	0	1	0	0	0	0	0	0	0	0	77.5829	0	77.5829	0	0	0	0	0	0	0	1	0	0	0	0	0	0	0	0	219	0	219	0	0	0	0	0	0	0	1	0	0	0	0	0	0	0	0	0	0	0	0	0	0	0	0	0	0	0	0	0	0	0	0	0	0	0	0	0	0	0	0	0	0	0	0	0	0	0
