Location: Fake forest
From parameter file: C:\Users\ben\Desktop\inputs\input_GMF_0-0-0-0-1-0-0-0-0.xml
Basal area is normalized to m^2/ha; density to #/ha.
Subplots:
0 = Whole plot
Step	Subplot	Sdl Abs Den: ACRU	Sdl Abs Den: ACSA	Sdl Abs Den: BEAL	Sdl Abs Den: FAGR	Sdl Abs Den: TSCA	Sdl Abs Den: FRAM	Sdl Abs Den: PIST	Sdl Abs Den: PRSE	Sdl Abs Den: QURU	Sdl Den Total:	Sapl Abs BA: ACRU	Sapl Abs BA: ACSA	Sapl Abs BA: BEAL	Sapl Abs BA: FAGR	Sapl Abs BA: TSCA	Sapl Abs BA: FRAM	Sapl Abs BA: PIST	Sapl Abs BA: PRSE	Sapl Abs BA: QURU	Sapl BA Total:	Sapl Rel BA: ACRU	Sapl Rel BA: ACSA	Sapl Rel BA: BEAL	Sapl Rel BA: FAGR	Sapl Rel BA: TSCA	Sapl Rel BA: FRAM	Sapl Rel BA: PIST	Sapl Rel BA: PRSE	Sapl Rel BA: QURU	Sapl Abs Den: ACRU	Sapl Abs Den: ACSA	Sapl Abs Den: BEAL	Sapl Abs Den: FAGR	Sapl Abs Den: TSCA	Sapl Abs Den: FRAM	Sapl Abs Den: PIST	Sapl Abs Den: PRSE	Sapl Abs Den: QURU	Sapl Den Total:	Sapl Rel Den: ACRU	Sapl Rel Den: ACSA	Sapl Rel Den: BEAL	Sapl Rel Den: FAGR	Sapl Rel Den: TSCA	Sapl Rel Den: FRAM	Sapl Rel Den: PIST	Sapl Rel Den: PRSE	Sapl Rel Den: QURU	Adult Abs BA: ACRU	Adult Abs BA: ACSA	Adult Abs BA: BEAL	Adult Abs BA: FAGR	Adult Abs BA: TSCA	Adult Abs BA: FRAM	Adult Abs BA: PIST	Adult Abs BA: PRSE	Adult Abs BA: QURU	Adult BA Total:	Adult Rel BA: ACRU	Adult Rel BA: ACSA	Adult Rel BA: BEAL	Adult Rel BA: FAGR	Adult Rel BA: TSCA	Adult Rel BA: FRAM	Adult Rel BA: PIST	Adult Rel BA: PRSE	Adult Rel BA: QURU	Adult Abs Den: ACRU	Adult Abs Den: ACSA	Adult Abs Den: BEAL	Adult Abs Den: FAGR	Adult Abs Den: TSCA	Adult Abs Den: FRAM	Adult Abs Den: PIST	Adult Abs Den: PRSE	Adult Abs Den: QURU	Adult Den Total:	Adult Rel Den: ACRU	Adult Rel Den: ACSA	Adult Rel Den: BEAL	Adult Rel Den: FAGR	Adult Rel Den: TSCA	Adult Rel Den: FRAM	Adult Rel Den: PIST	Adult Rel Den: PRSE	Adult Rel Den: QURU	Snag Abs BA: ACRU	Snag Abs BA: ACSA	Snag Abs BA: BEAL	Snag Abs BA: FAGR	Snag Abs BA: TSCA	Snag Abs BA: FRAM	Snag Abs BA: PIST	Snag Abs BA: PRSE	Snag Abs BA: QURU	Snag BA Total:	Snag Rel BA: ACRU	Snag Rel BA: ACSA	Snag Rel BA: BEAL	Snag Rel BA: FAGR	Snag Rel BA: TSCA	Snag Rel BA: FRAM	Snag Rel BA: PIST	Snag Rel BA: PRSE	Snag Rel BA: QURU	Snag Abs Den: ACRU	Snag Abs Den: ACSA	Snag Abs Den: BEAL	Snag Abs Den: FAGR	Snag Abs Den: TSCA	Snag Abs Den: FRAM	Snag Abs Den: PIST	Snag Abs Den: PRSE	Snag Abs Den: QURU	Snag Den Total:	Snag Rel Den: ACRU	Snag Rel Den: ACSA	Snag Rel Den: BEAL	Snag Rel Den: FAGR	Snag Rel Den: TSCA	Snag Rel Den: FRAM	Snag Rel Den: PIST	Snag Rel Den: PRSE	Snag Rel Den: QURU
0	0	0	0	0	0	0	0	0	0	0	0	0	0	0	0	0.000743364	0	0	0	0	0.000743364	0	0	0	0	1	0	0	0	0	0	0	0	0	25	0	0	0	0	25	0	0	0	0	1	0	0	0	0	0	0	0	0	0	0	0	0	0	0	0	0	0	0	0	0	0	0	0	0	0	0	0	0	0	0	0	0	0	0	0	0	0	0	0	0	0	0	0	0	0	0	0	0	0	0	0	0	0	0	0	0	0	0	0	0	0	0	0	0	0	0	0	0	0	0	0	0	0	0	0	0	0	0	0	0
1	0	0	0	0	0	0	0	0	0	0	0	0	0	0	0	0.0053927	0	0	0	0	0.0053927	0	0	0	0	1	0	0	0	0	0	0	0	0	25	0	0	0	0	25	0	0	0	0	1	0	0	0	0	0	0	0	0	0	0	0	0	0	0	0	0	0	0	0	0	0	0	0	0	0	0	0	0	0	0	0	0	0	0	0	0	0	0	0	0	0	0	0	0	0	0	0	0	0	0	0	0	0	0	0	0	0	0	0	0	0	0	0	0	0	0	0	0	0	0	0	0	0	0	0	0	0	0	0	0
2	0	0	0	0	0	0	0	0	0	0	0	0	0	0	0	0.039118	0	0	0	0	0.039118	0	0	0	0	1	0	0	0	0	0	0	0	0	25	0	0	0	0	25	0	0	0	0	1	0	0	0	0	0	0	0	0	0	0	0	0	0	0	0	0	0	0	0	0	0	0	0	0	0	0	0	0	0	0	0	0	0	0	0	0	0	0	0	0	0	0	0	0	0	0	0	0	0	0	0	0	0	0	0	0	0	0	0	0	0	0	0	0	0	0	0	0	0	0	0	0	0	0	0	0	0	0	0	0
3	0	0	0	0	0	0	0	0	0	0	0	0	0	0	0	0.0415446	0	0	0	0	0.0415446	0	0	0	0	1	0	0	0	0	0	0	0	0	11	0	0	0	0	11	0	0	0	0	1	0	0	0	0	0	0	0	0	0.219	0	0	0	0	0.219	0	0	0	0	1	0	0	0	0	0	0	0	0	13	0	0	0	0	13	0	0	0	0	1	0	0	0	0	0	0	0	0	0	0	0	0	0	0	0	0	0	0	0	0	0	0	0	0	0	0	0	0	0	0	0	0	0	0	0	0	0	0	0	0	0	0
4	0	0	0	0	0	6	0	0	0	0	6	0	0	0	0	0	0	0	0	0	0	0	0	0	0	0	0	0	0	0	0	0	0	0	0	0	0	0	0	0	0	0	0	0	0	0	0	0	0	0	0	0	0	0.935342	0	0	0	0	0.935342	0	0	0	0	1	0	0	0	0	0	0	0	0	24	0	0	0	0	24	0	0	0	0	1	0	0	0	0	0	0	0	0	0	0	0	0	0	0	0	0	0	0	0	0	0	0	0	0	0	0	0	0	0	0	0	0	0	0	0	0	0	0	0	0	0	0
5	0	0	0	0	0	18	0	0	0	0	18	0	0	0	0	0	0	0	0	0	0	0	0	0	0	0	0	0	0	0	0	0	0	0	0	0	0	0	0	0	0	0	0	0	0	0	0	0	0	0	0	0	0	1.55815	0	0	0	0	1.55815	0	0	0	0	1	0	0	0	0	0	0	0	0	23	0	0	0	0	23	0	0	0	0	1	0	0	0	0	0	0	0	0	0	0	0	0	0	0	0	0	0	0	0	0	0	0	0	0	0	0	0	0	0	0	0	0	0	0	0	0	0	0	0	0	0	0
6	0	0	0	0	0	30	0	0	0	0	30	0	0	0	0	0.000178962	0	0	0	0	0.000178962	0	0	0	0	1	0	0	0	0	0	0	0	0	2	0	0	0	0	2	0	0	0	0	1	0	0	0	0	0	0	0	0	2.14977	0	0	0	0	2.14977	0	0	0	0	1	0	0	0	0	0	0	0	0	23	0	0	0	0	23	0	0	0	0	1	0	0	0	0	0	0	0	0	0	0	0	0	0	0	0	0	0	0	0	0	0	0	0	0	0	0	0	0	0	0	0	0	0	0	0	0	0	0	0	0	0	0
7	0	0	0	0	0	35	0	0	0	0	35	0	0	0	0	0.00295171	0	0	0	0	0.00295171	0	0	0	0	1	0	0	0	0	0	0	0	0	8	0	0	0	0	8	0	0	0	0	1	0	0	0	0	0	0	0	0	2.46742	0	0	0	0	2.46742	0	0	0	0	1	0	0	0	0	0	0	0	0	21	0	0	0	0	21	0	0	0	0	1	0	0	0	0	0	0	0	0	0	0	0	0	0	0	0	0	0	0	0	0	0	0	0	0	0	0	0	0	0	0	0	0	0	0	0	0	0	0	0	0	0	0
8	0	0	0	0	0	43	0	0	0	0	43	0	0	0	0	0.021475	0	0	0	0	0.021475	0	0	0	0	1	0	0	0	0	0	0	0	0	16	0	0	0	0	16	0	0	0	0	1	0	0	0	0	0	0	0	0	2.98736	0	0	0	0	2.98736	0	0	0	0	1	0	0	0	0	0	0	0	0	21	0	0	0	0	21	0	0	0	0	1	0	0	0	0	0	0	0	0	0	0	0	0	0	0	0	0	0	0	0	0	0	0	0	0	0	0	0	0	0	0	0	0	0	0	0	0	0	0	0	0	0	0
9	0	0	0	0	0	51	0	0	0	0	51	0	0	0	0	0.0474814	0	0	0	0	0.0474814	0	0	0	0	1	0	0	0	0	0	0	0	0	25	0	0	0	0	25	0	0	0	0	1	0	0	0	0	0	0	0	0	3.41944	0	0	0	0	3.41944	0	0	0	0	1	0	0	0	0	0	0	0	0	23	0	0	0	0	23	0	0	0	0	1	0	0	0	0	0	0	0	0	0	0	0	0	0	0	0	0	0	0	0	0	0	0	0	0	0	0	0	0	0	0	0	0	0	0	0	0	0	0	0	0	0	0
10	0	0	0	0	0	65	0	0	0	0	65	0	0	0	0	0.0401881	0	0	0	0	0.0401881	0	0	0	0	1	0	0	0	0	0	0	0	0	25	0	0	0	0	25	0	0	0	0	1	0	0	0	0	0	0	0	0	4.21438	0	0	0	0	4.21438	0	0	0	0	1	0	0	0	0	0	0	0	0	31	0	0	0	0	31	0	0	0	0	1	0	0	0	0	0	0	0	0	0	0	0	0	0	0	0	0	0	0	0	0	0	0	0	0	0	0	0	0	0	0	0	0	0	0	0	0	0	0	0	0	0	0
11	0	0	0	0	0	71	0	0	0	0	71	0	0	0	0	0.0684508	0	0	0	0	0.0684508	0	0	0	0	1	0	0	0	0	0	0	0	0	32	0	0	0	0	32	0	0	0	0	1	0	0	0	0	0	0	0	0	4.67996	0	0	0	0	4.67996	0	0	0	0	1	0	0	0	0	0	0	0	0	34	0	0	0	0	34	0	0	0	0	1	0	0	0	0	0	0	0	0	0	0	0	0	0	0	0	0	0	0	0	0	0	0	0	0	0	0	0	0	0	0	0	0	0	0	0	0	0	0	0	0	0	0
12	0	0	0	0	0	72	0	0	0	0	72	0	0	0	0	0.0419877	0	0	0	0	0.0419877	0	0	0	0	1	0	0	0	0	0	0	0	0	33	0	0	0	0	33	0	0	0	0	1	0	0	0	0	0	0	0	0	5.26111	0	0	0	0	5.26111	0	0	0	0	1	0	0	0	0	0	0	0	0	46	0	0	0	0	46	0	0	0	0	1	0	0	0	0	0	0	0	0	0	0	0	0	0	0	0	0	0	0	0	0	0	0	0	0	0	0	0	0	0	0	0	0	0	0	0	0	0	0	0	0	0	0
13	0	0	0	0	0	89	0	0	0	0	89	0	0	0	0	0.053846	0	0	0	0	0.053846	0	0	0	0	1	0	0	0	0	0	0	0	0	43	0	0	0	0	43	0	0	0	0	1	0	0	0	0	0	0	0	0	6.06602	0	0	0	0	6.06602	0	0	0	0	1	0	0	0	0	0	0	0	0	49	0	0	0	0	49	0	0	0	0	1	0	0	0	0	0	0	0	0	0	0	0	0	0	0	0	0	0	0	0	0	0	0	0	0	0	0	0	0	0	0	0	0	0	0	0	0	0	0	0	0	0	0
14	0	0	0	0	0	115	0	0	0	0	115	0	0	0	0	0.0735873	0	0	0	0	0.0735873	0	0	0	0	1	0	0	0	0	0	0	0	0	45	0	0	0	0	45	0	0	0	0	1	0	0	0	0	0	0	0	0	7.27385	0	0	0	0	7.27385	0	0	0	0	1	0	0	0	0	0	0	0	0	53	0	0	0	0	53	0	0	0	0	1	0	0	0	0	0	0	0	0	0	0	0	0	0	0	0	0	0	0	0	0	0	0	0	0	0	0	0	0	0	0	0	0	0	0	0	0	0	0	0	0	0	0
15	0	0	0	0	0	145	0	0	0	0	145	0	0	0	0	0.0625303	0	0	0	0	0.0625303	0	0	0	0	1	0	0	0	0	0	0	0	0	47	0	0	0	0	47	0	0	0	0	1	0	0	0	0	0	0	0	0	8.18953	0	0	0	0	8.18953	0	0	0	0	1	0	0	0	0	0	0	0	0	60	0	0	0	0	60	0	0	0	0	1	0	0	0	0	0	0	0	0	0	0	0	0	0	0	0	0	0	0	0	0	0	0	0	0	0	0	0	0	0	0	0	0	0	0	0	0	0	0	0	0	0	0
16	0	0	0	0	0	172	0	0	0	0	172	0	0	0	0	0.0662306	0	0	0	0	0.0662306	0	0	0	0	1	0	0	0	0	0	0	0	0	54	0	0	0	0	54	0	0	0	0	1	0	0	0	0	0	0	0	0	9.79083	0	0	0	0	9.79083	0	0	0	0	1	0	0	0	0	0	0	0	0	67	0	0	0	0	67	0	0	0	0	1	0	0	0	0	0	0	0	0	0	0	0	0	0	0	0	0	0	0	0	0	0	0	0	0	0	0	0	0	0	0	0	0	0	0	0	0	0	0	0	0	0	0
17	0	0	0	0	0	197	0	0	0	0	197	0	0	0	0	0.0978906	0	0	0	0	0.0978906	0	0	0	0	1	0	0	0	0	0	0	0	0	72	0	0	0	0	72	0	0	0	0	1	0	0	0	0	0	0	0	0	11.2514	0	0	0	0	11.2514	0	0	0	0	1	0	0	0	0	0	0	0	0	70	0	0	0	0	70	0	0	0	0	1	0	0	0	0	0	0	0	0	0	0	0	0	0	0	0	0	0	0	0	0	0	0	0	0	0	0	0	0	0	0	0	0	0	0	0	0	0	0	0	0	0	0
18	0	0	0	0	0	229	0	0	0	0	229	0	0	0	0	0.0871476	0	0	0	0	0.0871476	0	0	0	0	1	0	0	0	0	0	0	0	0	71	0	0	0	0	71	0	0	0	0	1	0	0	0	0	0	0	0	0	12.7441	0	0	0	0	12.7441	0	0	0	0	1	0	0	0	0	0	0	0	0	81	0	0	0	0	81	0	0	0	0	1	0	0	0	0	0	0	0	0	0	0	0	0	0	0	0	0	0	0	0	0	0	0	0	0	0	0	0	0	0	0	0	0	0	0	0	0	0	0	0	0	0	0
19	0	0	0	0	0	267	0	0	0	0	267	0	0	0	0	0.102565	0	0	0	0	0.102565	0	0	0	0	1	0	0	0	0	0	0	0	0	65	0	0	0	0	65	0	0	0	0	1	0	0	0	0	0	0	0	0	14.0698	0	0	0	0	14.0698	0	0	0	0	1	0	0	0	0	0	0	0	0	87	0	0	0	0	87	0	0	0	0	1	0	0	0	0	0	0	0	0	0	0	0	0	0	0	0	0	0	0	0	0	0	0	0	0	0	0	0	0	0	0	0	0	0	0	0	0	0	0	0	0	0	0
20	0	0	0	0	0	313	0	0	0	0	313	0	0	0	0	0.0819093	0	0	0	0	0.0819093	0	0	0	0	1	0	0	0	0	0	0	0	0	57	0	0	0	0	57	0	0	0	0	1	0	0	0	0	0	0	0	0	15.3664	0	0	0	0	15.3664	0	0	0	0	1	0	0	0	0	0	0	0	0	93	0	0	0	0	93	0	0	0	0	1	0	0	0	0	0	0	0	0	0	0	0	0	0	0	0	0	0	0	0	0	0	0	0	0	0	0	0	0	0	0	0	0	0	0	0	0	0	0	0	0	0	0
21	0	0	0	0	0	336	0	0	0	0	336	0	0	0	0	0.112643	0	0	0	0	0.112643	0	0	0	0	1	0	0	0	0	0	0	0	0	73	0	0	0	0	73	0	0	0	0	1	0	0	0	0	0	0	0	0	16.1296	0	0	0	0	16.1296	0	0	0	0	1	0	0	0	0	0	0	0	0	93	0	0	0	0	93	0	0	0	0	1	0	0	0	0	0	0	0	0	0	0	0	0	0	0	0	0	0	0	0	0	0	0	0	0	0	0	0	0	0	0	0	0	0	0	0	0	0	0	0	0	0	0
22	0	0	0	0	0	354	0	0	0	0	354	0	0	0	0	0.10828	0	0	0	0	0.10828	0	0	0	0	1	0	0	0	0	0	0	0	0	75	0	0	0	0	75	0	0	0	0	1	0	0	0	0	0	0	0	0	17.4119	0	0	0	0	17.4119	0	0	0	0	1	0	0	0	0	0	0	0	0	102	0	0	0	0	102	0	0	0	0	1	0	0	0	0	0	0	0	0	0	0	0	0	0	0	0	0	0	0	0	0	0	0	0	0	0	0	0	0	0	0	0	0	0	0	0	0	0	0	0	0	0	0
23	0	0	0	0	0	377	0	0	0	0	377	0	0	0	0	0.088748	0	0	0	0	0.088748	0	0	0	0	1	0	0	0	0	0	0	0	0	74	0	0	0	0	74	0	0	0	0	1	0	0	0	0	0	0	0	0	18.8317	0	0	0	0	18.8317	0	0	0	0	1	0	0	0	0	0	0	0	0	111	0	0	0	0	111	0	0	0	0	1	0	0	0	0	0	0	0	0	0	0	0	0	0	0	0	0	0	0	0	0	0	0	0	0	0	0	0	0	0	0	0	0	0	0	0	0	0	0	0	0	0	0
24	0	0	0	0	0	375	0	0	0	0	375	0	0	0	0	0.110083	0	0	0	0	0.110083	0	0	0	0	1	0	0	0	0	0	0	0	0	87	0	0	0	0	87	0	0	0	0	1	0	0	0	0	0	0	0	0	20.2496	0	0	0	0	20.2496	0	0	0	0	1	0	0	0	0	0	0	0	0	112	0	0	0	0	112	0	0	0	0	1	0	0	0	0	0	0	0	0	0	0	0	0	0	0	0	0	0	0	0	0	0	0	0	0	0	0	0	0	0	0	0	0	0	0	0	0	0	0	0	0	0	0
25	0	0	0	0	0	404	0	0	0	0	404	0	0	0	0	0.115152	0	0	0	0	0.115152	0	0	0	0	1	0	0	0	0	0	0	0	0	93	0	0	0	0	93	0	0	0	0	1	0	0	0	0	0	0	0	0	21.5325	0	0	0	0	21.5325	0	0	0	0	1	0	0	0	0	0	0	0	0	112	0	0	0	0	112	0	0	0	0	1	0	0	0	0	0	0	0	0	0	0	0	0	0	0	0	0	0	0	0	0	0	0	0	0	0	0	0	0	0	0	0	0	0	0	0	0	0	0	0	0	0	0
26	0	0	0	0	0	413	0	0	0	0	413	0	0	0	0	0.166529	0	0	0	0	0.166529	0	0	0	0	1	0	0	0	0	0	0	0	0	105	0	0	0	0	105	0	0	0	0	1	0	0	0	0	0	0	0	0	22.4883	0	0	0	0	22.4883	0	0	0	0	1	0	0	0	0	0	0	0	0	112	0	0	0	0	112	0	0	0	0	1	0	0	0	0	0	0	0	0	0	0	0	0	0	0	0	0	0	0	0	0	0	0	0	0	0	0	0	0	0	0	0	0	0	0	0	0	0	0	0	0	0	0
27	0	0	0	0	0	441	0	0	0	0	441	0	0	0	0	0.15548	0	0	0	0	0.15548	0	0	0	0	1	0	0	0	0	0	0	0	0	108	0	0	0	0	108	0	0	0	0	1	0	0	0	0	0	0	0	0	24.4865	0	0	0	0	24.4865	0	0	0	0	1	0	0	0	0	0	0	0	0	125	0	0	0	0	125	0	0	0	0	1	0	0	0	0	0	0	0	0	0	0	0	0	0	0	0	0	0	0	0	0	0	0	0	0	0	0	0	0	0	0	0	0	0	0	0	0	0	0	0	0	0	0
28	0	0	0	0	0	459	0	0	0	0	459	0	0	0	0	0.187721	0	0	0	0	0.187721	0	0	0	0	1	0	0	0	0	0	0	0	0	108	0	0	0	0	108	0	0	0	0	1	0	0	0	0	0	0	0	0	26.285	0	0	0	0	26.285	0	0	0	0	1	0	0	0	0	0	0	0	0	127	0	0	0	0	127	0	0	0	0	1	0	0	0	0	0	0	0	0	0	0	0	0	0	0	0	0	0	0	0	0	0	0	0	0	0	0	0	0	0	0	0	0	0	0	0	0	0	0	0	0	0	0
29	0	0	0	0	0	475	0	0	0	0	475	0	0	0	0	0.171853	0	0	0	0	0.171853	0	0	0	0	1	0	0	0	0	0	0	0	0	101	0	0	0	0	101	0	0	0	0	1	0	0	0	0	0	0	0	0	27.4639	0	0	0	0	27.4639	0	0	0	0	1	0	0	0	0	0	0	0	0	129	0	0	0	0	129	0	0	0	0	1	0	0	0	0	0	0	0	0	0	0	0	0	0	0	0	0	0	0	0	0	0	0	0	0	0	0	0	0	0	0	0	0	0	0	0	0	0	0	0	0	0	0
30	0	0	0	0	0	486	0	0	0	0	486	0	0	0	0	0.187247	0	0	0	0	0.187247	0	0	0	0	1	0	0	0	0	0	0	0	0	101	0	0	0	0	101	0	0	0	0	1	0	0	0	0	0	0	0	0	28.1264	0	0	0	0	28.1264	0	0	0	0	1	0	0	0	0	0	0	0	0	126	0	0	0	0	126	0	0	0	0	1	0	0	0	0	0	0	0	0	0	0	0	0	0	0	0	0	0	0	0	0	0	0	0	0	0	0	0	0	0	0	0	0	0	0	0	0	0	0	0	0	0	0
31	0	0	0	0	0	488	0	0	0	0	488	0	0	0	0	0.160968	0	0	0	0	0.160968	0	0	0	0	1	0	0	0	0	0	0	0	0	105	0	0	0	0	105	0	0	0	0	1	0	0	0	0	0	0	0	0	29.0109	0	0	0	0	29.0109	0	0	0	0	1	0	0	0	0	0	0	0	0	130	0	0	0	0	130	0	0	0	0	1	0	0	0	0	0	0	0	0	0	0	0	0	0	0	0	0	0	0	0	0	0	0	0	0	0	0	0	0	0	0	0	0	0	0	0	0	0	0	0	0	0	0
32	0	0	0	0	0	525	0	0	0	0	525	0	0	0	0	0.169428	0	0	0	0	0.169428	0	0	0	0	1	0	0	0	0	0	0	0	0	99	0	0	0	0	99	0	0	0	0	1	0	0	0	0	0	0	0	0	29.6262	0	0	0	0	29.6262	0	0	0	0	1	0	0	0	0	0	0	0	0	125	0	0	0	0	125	0	0	0	0	1	0	0	0	0	0	0	0	0	0	0	0	0	0	0	0	0	0	0	0	0	0	0	0	0	0	0	0	0	0	0	0	0	0	0	0	0	0	0	0	0	0	0
33	0	0	0	0	0	540	0	0	0	0	540	0	0	0	0	0.180114	0	0	0	0	0.180114	0	0	0	0	1	0	0	0	0	0	0	0	0	97	0	0	0	0	97	0	0	0	0	1	0	0	0	0	0	0	0	0	29.0296	0	0	0	0	29.0296	0	0	0	0	1	0	0	0	0	0	0	0	0	117	0	0	0	0	117	0	0	0	0	1	0	0	0	0	0	0	0	0	0	0	0	0	0	0	0	0	0	0	0	0	0	0	0	0	0	0	0	0	0	0	0	0	0	0	0	0	0	0	0	0	0	0
34	0	0	0	0	0	562	0	0	0	0	562	0	0	0	0	0.167735	0	0	0	0	0.167735	0	0	0	0	1	0	0	0	0	0	0	0	0	86	0	0	0	0	86	0	0	0	0	1	0	0	0	0	0	0	0	0	29.901	0	0	0	0	29.901	0	0	0	0	1	0	0	0	0	0	0	0	0	120	0	0	0	0	120	0	0	0	0	1	0	0	0	0	0	0	0	0	0	0	0	0	0	0	0	0	0	0	0	0	0	0	0	0	0	0	0	0	0	0	0	0	0	0	0	0	0	0	0	0	0	0
35	0	0	0	0	0	563	0	0	0	0	563	0	0	0	0	0.16846	0	0	0	0	0.16846	0	0	0	0	1	0	0	0	0	0	0	0	0	83	0	0	0	0	83	0	0	0	0	1	0	0	0	0	0	0	0	0	30.5869	0	0	0	0	30.5869	0	0	0	0	1	0	0	0	0	0	0	0	0	121	0	0	0	0	121	0	0	0	0	1	0	0	0	0	0	0	0	0	0	0	0	0	0	0	0	0	0	0	0	0	0	0	0	0	0	0	0	0	0	0	0	0	0	0	0	0	0	0	0	0	0	0
36	0	0	0	0	0	551	0	0	0	0	551	0	0	0	0	0.131979	0	0	0	0	0.131979	0	0	0	0	1	0	0	0	0	0	0	0	0	79	0	0	0	0	79	0	0	0	0	1	0	0	0	0	0	0	0	0	31.5269	0	0	0	0	31.5269	0	0	0	0	1	0	0	0	0	0	0	0	0	126	0	0	0	0	126	0	0	0	0	1	0	0	0	0	0	0	0	0	0	0	0	0	0	0	0	0	0	0	0	0	0	0	0	0	0	0	0	0	0	0	0	0	0	0	0	0	0	0	0	0	0	0
37	0	0	0	0	0	572	0	0	0	0	572	0	0	0	0	0.116553	0	0	0	0	0.116553	0	0	0	0	1	0	0	0	0	0	0	0	0	70	0	0	0	0	70	0	0	0	0	1	0	0	0	0	0	0	0	0	33.8272	0	0	0	0	33.8272	0	0	0	0	1	0	0	0	0	0	0	0	0	130	0	0	0	0	130	0	0	0	0	1	0	0	0	0	0	0	0	0	0	0	0	0	0	0	0	0	0	0	0	0	0	0	0	0	0	0	0	0	0	0	0	0	0	0	0	0	0	0	0	0	0	0
38	0	0	0	0	0	554	0	0	0	0	554	0	0	0	0	0.126676	0	0	0	0	0.126676	0	0	0	0	1	0	0	0	0	0	0	0	0	80	0	0	0	0	80	0	0	0	0	1	0	0	0	0	0	0	0	0	33.8929	0	0	0	0	33.8929	0	0	0	0	1	0	0	0	0	0	0	0	0	124	0	0	0	0	124	0	0	0	0	1	0	0	0	0	0	0	0	0	0	0	0	0	0	0	0	0	0	0	0	0	0	0	0	0	0	0	0	0	0	0	0	0	0	0	0	0	0	0	0	0	0	0
39	0	0	0	0	0	589	0	0	0	0	589	0	0	0	0	0.10385	0	0	0	0	0.10385	0	0	0	0	1	0	0	0	0	0	0	0	0	73	0	0	0	0	73	0	0	0	0	1	0	0	0	0	0	0	0	0	34.8878	0	0	0	0	34.8878	0	0	0	0	1	0	0	0	0	0	0	0	0	127	0	0	0	0	127	0	0	0	0	1	0	0	0	0	0	0	0	0	0	0	0	0	0	0	0	0	0	0	0	0	0	0	0	0	0	0	0	0	0	0	0	0	0	0	0	0	0	0	0	0	0	0
40	0	0	0	0	0	602	0	0	0	0	602	0	0	0	0	0.119509	0	0	0	0	0.119509	0	0	0	0	1	0	0	0	0	0	0	0	0	77	0	0	0	0	77	0	0	0	0	1	0	0	0	0	0	0	0	0	34.7627	0	0	0	0	34.7627	0	0	0	0	1	0	0	0	0	0	0	0	0	119	0	0	0	0	119	0	0	0	0	1	0	0	0	0	0	0	0	0	0	0	0	0	0	0	0	0	0	0	0	0	0	0	0	0	0	0	0	0	0	0	0	0	0	0	0	0	0	0	0	0	0	0
41	0	0	0	0	0	617	0	0	0	0	617	0	0	0	0	0.120367	0	0	0	0	0.120367	0	0	0	0	1	0	0	0	0	0	0	0	0	77	0	0	0	0	77	0	0	0	0	1	0	0	0	0	0	0	0	0	34.7809	0	0	0	0	34.7809	0	0	0	0	1	0	0	0	0	0	0	0	0	115	0	0	0	0	115	0	0	0	0	1	0	0	0	0	0	0	0	0	0	0	0	0	0	0	0	0	0	0	0	0	0	0	0	0	0	0	0	0	0	0	0	0	0	0	0	0	0	0	0	0	0	0
42	0	0	0	0	0	638	0	0	0	0	638	0	0	0	0	0.109699	0	0	0	0	0.109699	0	0	0	0	1	0	0	0	0	0	0	0	0	75	0	0	0	0	75	0	0	0	0	1	0	0	0	0	0	0	0	0	31.5456	0	0	0	0	31.5456	0	0	0	0	1	0	0	0	0	0	0	0	0	106	0	0	0	0	106	0	0	0	0	1	0	0	0	0	0	0	0	0	0	0	0	0	0	0	0	0	0	0	0	0	0	0	0	0	0	0	0	0	0	0	0	0	0	0	0	0	0	0	0	0	0	0
43	0	0	0	0	0	613	0	0	0	0	613	0	0	0	0	0.101907	0	0	0	0	0.101907	0	0	0	0	1	0	0	0	0	0	0	0	0	87	0	0	0	0	87	0	0	0	0	1	0	0	0	0	0	0	0	0	32.3222	0	0	0	0	32.3222	0	0	0	0	1	0	0	0	0	0	0	0	0	108	0	0	0	0	108	0	0	0	0	1	0	0	0	0	0	0	0	0	0	0	0	0	0	0	0	0	0	0	0	0	0	0	0	0	0	0	0	0	0	0	0	0	0	0	0	0	0	0	0	0	0	0
44	0	0	0	0	0	636	0	0	0	0	636	0	0	0	0	0.137424	0	0	0	0	0.137424	0	0	0	0	1	0	0	0	0	0	0	0	0	95	0	0	0	0	95	0	0	0	0	1	0	0	0	0	0	0	0	0	33.3308	0	0	0	0	33.3308	0	0	0	0	1	0	0	0	0	0	0	0	0	106	0	0	0	0	106	0	0	0	0	1	0	0	0	0	0	0	0	0	0	0	0	0	0	0	0	0	0	0	0	0	0	0	0	0	0	0	0	0	0	0	0	0	0	0	0	0	0	0	0	0	0	0
45	0	0	0	0	0	633	0	0	0	0	633	0	0	0	0	0.124975	0	0	0	0	0.124975	0	0	0	0	1	0	0	0	0	0	0	0	0	99	0	0	0	0	99	0	0	0	0	1	0	0	0	0	0	0	0	0	33.1938	0	0	0	0	33.1938	0	0	0	0	1	0	0	0	0	0	0	0	0	112	0	0	0	0	112	0	0	0	0	1	0	0	0	0	0	0	0	0	0	0	0	0	0	0	0	0	0	0	0	0	0	0	0	0	0	0	0	0	0	0	0	0	0	0	0	0	0	0	0	0	0	0
46	0	0	0	0	0	665	0	0	0	0	665	0	0	0	0	0.122296	0	0	0	0	0.122296	0	0	0	0	1	0	0	0	0	0	0	0	0	103	0	0	0	0	103	0	0	0	0	1	0	0	0	0	0	0	0	0	34.4015	0	0	0	0	34.4015	0	0	0	0	1	0	0	0	0	0	0	0	0	119	0	0	0	0	119	0	0	0	0	1	0	0	0	0	0	0	0	0	0	0	0	0	0	0	0	0	0	0	0	0	0	0	0	0	0	0	0	0	0	0	0	0	0	0	0	0	0	0	0	0	0	0
47	0	0	0	0	0	684	0	0	0	0	684	0	0	0	0	0.158508	0	0	0	0	0.158508	0	0	0	0	1	0	0	0	0	0	0	0	0	100	0	0	0	0	100	0	0	0	0	1	0	0	0	0	0	0	0	0	34.0604	0	0	0	0	34.0604	0	0	0	0	1	0	0	0	0	0	0	0	0	117	0	0	0	0	117	0	0	0	0	1	0	0	0	0	0	0	0	0	0	0	0	0	0	0	0	0	0	0	0	0	0	0	0	0	0	0	0	0	0	0	0	0	0	0	0	0	0	0	0	0	0	0
48	0	0	0	0	0	678	0	0	0	0	678	0	0	0	0	0.121411	0	0	0	0	0.121411	0	0	0	0	1	0	0	0	0	0	0	0	0	96	0	0	0	0	96	0	0	0	0	1	0	0	0	0	0	0	0	0	34.0841	0	0	0	0	34.0841	0	0	0	0	1	0	0	0	0	0	0	0	0	123	0	0	0	0	123	0	0	0	0	1	0	0	0	0	0	0	0	0	0	0	0	0	0	0	0	0	0	0	0	0	0	0	0	0	0	0	0	0	0	0	0	0	0	0	0	0	0	0	0	0	0	0
49	0	0	0	0	0	689	0	0	0	0	689	0	0	0	0	0.139436	0	0	0	0	0.139436	0	0	0	0	1	0	0	0	0	0	0	0	0	104	0	0	0	0	104	0	0	0	0	1	0	0	0	0	0	0	0	0	35.4653	0	0	0	0	35.4653	0	0	0	0	1	0	0	0	0	0	0	0	0	121	0	0	0	0	121	0	0	0	0	1	0	0	0	0	0	0	0	0	0	0	0	0	0	0	0	0	0	0	0	0	0	0	0	0	0	0	0	0	0	0	0	0	0	0	0	0	0	0	0	0	0	0
50	0	0	0	0	0	686	0	0	0	0	686	0	0	0	0	0.178877	0	0	0	0	0.178877	0	0	0	0	1	0	0	0	0	0	0	0	0	119	0	0	0	0	119	0	0	0	0	1	0	0	0	0	0	0	0	0	34.9194	0	0	0	0	34.9194	0	0	0	0	1	0	0	0	0	0	0	0	0	115	0	0	0	0	115	0	0	0	0	1	0	0	0	0	0	0	0	0	0	0	0	0	0	0	0	0	0	0	0	0	0	0	0	0	0	0	0	0	0	0	0	0	0	0	0	0	0	0	0	0	0	0
51	0	0	0	0	0	681	0	0	0	0	681	0	0	0	0	0.183239	0	0	0	0	0.183239	0	0	0	0	1	0	0	0	0	0	0	0	0	126	0	0	0	0	126	0	0	0	0	1	0	0	0	0	0	0	0	0	35.4349	0	0	0	0	35.4349	0	0	0	0	1	0	0	0	0	0	0	0	0	115	0	0	0	0	115	0	0	0	0	1	0	0	0	0	0	0	0	0	0	0	0	0	0	0	0	0	0	0	0	0	0	0	0	0	0	0	0	0	0	0	0	0	0	0	0	0	0	0	0	0	0	0
52	0	0	0	0	0	721	0	0	0	0	721	0	0	0	0	0.19782	0	0	0	0	0.19782	0	0	0	0	1	0	0	0	0	0	0	0	0	125	0	0	0	0	125	0	0	0	0	1	0	0	0	0	0	0	0	0	36.0914	0	0	0	0	36.0914	0	0	0	0	1	0	0	0	0	0	0	0	0	114	0	0	0	0	114	0	0	0	0	1	0	0	0	0	0	0	0	0	0	0	0	0	0	0	0	0	0	0	0	0	0	0	0	0	0	0	0	0	0	0	0	0	0	0	0	0	0	0	0	0	0	0
53	0	0	0	0	0	735	0	0	0	0	735	0	0	0	0	0.20503	0	0	0	0	0.20503	0	0	0	0	1	0	0	0	0	0	0	0	0	127	0	0	0	0	127	0	0	0	0	1	0	0	0	0	0	0	0	0	36.6638	0	0	0	0	36.6638	0	0	0	0	1	0	0	0	0	0	0	0	0	116	0	0	0	0	116	0	0	0	0	1	0	0	0	0	0	0	0	0	0	0	0	0	0	0	0	0	0	0	0	0	0	0	0	0	0	0	0	0	0	0	0	0	0	0	0	0	0	0	0	0	0	0
54	0	0	0	0	0	750	0	0	0	0	750	0	0	0	0	0.184524	0	0	0	0	0.184524	0	0	0	0	1	0	0	0	0	0	0	0	0	126	0	0	0	0	126	0	0	0	0	1	0	0	0	0	0	0	0	0	37.1856	0	0	0	0	37.1856	0	0	0	0	1	0	0	0	0	0	0	0	0	119	0	0	0	0	119	0	0	0	0	1	0	0	0	0	0	0	0	0	0	0	0	0	0	0	0	0	0	0	0	0	0	0	0	0	0	0	0	0	0	0	0	0	0	0	0	0	0	0	0	0	0	0
55	0	0	0	0	0	786	0	0	0	0	786	0	0	0	0	0.149345	0	0	0	0	0.149345	0	0	0	0	1	0	0	0	0	0	0	0	0	124	0	0	0	0	124	0	0	0	0	1	0	0	0	0	0	0	0	0	35.3135	0	0	0	0	35.3135	0	0	0	0	1	0	0	0	0	0	0	0	0	122	0	0	0	0	122	0	0	0	0	1	0	0	0	0	0	0	0	0	0	0	0	0	0	0	0	0	0	0	0	0	0	0	0	0	0	0	0	0	0	0	0	0	0	0	0	0	0	0	0	0	0	0
56	0	0	0	0	0	797	0	0	0	0	797	0	0	0	0	0.173237	0	0	0	0	0.173237	0	0	0	0	1	0	0	0	0	0	0	0	0	132	0	0	0	0	132	0	0	0	0	1	0	0	0	0	0	0	0	0	36.1912	0	0	0	0	36.1912	0	0	0	0	1	0	0	0	0	0	0	0	0	119	0	0	0	0	119	0	0	0	0	1	0	0	0	0	0	0	0	0	0	0	0	0	0	0	0	0	0	0	0	0	0	0	0	0	0	0	0	0	0	0	0	0	0	0	0	0	0	0	0	0	0	0
57	0	0	0	0	0	803	0	0	0	0	803	0	0	0	0	0.202525	0	0	0	0	0.202525	0	0	0	0	1	0	0	0	0	0	0	0	0	132	0	0	0	0	132	0	0	0	0	1	0	0	0	0	0	0	0	0	35.3268	0	0	0	0	35.3268	0	0	0	0	1	0	0	0	0	0	0	0	0	114	0	0	0	0	114	0	0	0	0	1	0	0	0	0	0	0	0	0	0	0	0	0	0	0	0	0	0	0	0	0	0	0	0	0	0	0	0	0	0	0	0	0	0	0	0	0	0	0	0	0	0	0
58	0	0	0	0	0	818	0	0	0	0	818	0	0	0	0	0.183526	0	0	0	0	0.183526	0	0	0	0	1	0	0	0	0	0	0	0	0	141	0	0	0	0	141	0	0	0	0	1	0	0	0	0	0	0	0	0	36.0667	0	0	0	0	36.0667	0	0	0	0	1	0	0	0	0	0	0	0	0	122	0	0	0	0	122	0	0	0	0	1	0	0	0	0	0	0	0	0	0	0	0	0	0	0	0	0	0	0	0	0	0	0	0	0	0	0	0	0	0	0	0	0	0	0	0	0	0	0	0	0	0	0
59	0	0	0	0	0	798	0	0	0	0	798	0	0	0	0	0.179098	0	0	0	0	0.179098	0	0	0	0	1	0	0	0	0	0	0	0	0	154	0	0	0	0	154	0	0	0	0	1	0	0	0	0	0	0	0	0	35.8187	0	0	0	0	35.8187	0	0	0	0	1	0	0	0	0	0	0	0	0	123	0	0	0	0	123	0	0	0	0	1	0	0	0	0	0	0	0	0	0	0	0	0	0	0	0	0	0	0	0	0	0	0	0	0	0	0	0	0	0	0	0	0	0	0	0	0	0	0	0	0	0	0
60	0	0	0	0	0	759	0	0	0	0	759	0	0	0	0	0.228615	0	0	0	0	0.228615	0	0	0	0	1	0	0	0	0	0	0	0	0	186	0	0	0	0	186	0	0	0	0	1	0	0	0	0	0	0	0	0	36.0169	0	0	0	0	36.0169	0	0	0	0	1	0	0	0	0	0	0	0	0	127	0	0	0	0	127	0	0	0	0	1	0	0	0	0	0	0	0	0	0	0	0	0	0	0	0	0	0	0	0	0	0	0	0	0	0	0	0	0	0	0	0	0	0	0	0	0	0	0	0	0	0	0
61	0	0	0	0	0	781	0	0	0	0	781	0	0	0	0	0.257994	0	0	0	0	0.257994	0	0	0	0	1	0	0	0	0	0	0	0	0	185	0	0	0	0	185	0	0	0	0	1	0	0	0	0	0	0	0	0	36.6628	0	0	0	0	36.6628	0	0	0	0	1	0	0	0	0	0	0	0	0	134	0	0	0	0	134	0	0	0	0	1	0	0	0	0	0	0	0	0	0	0	0	0	0	0	0	0	0	0	0	0	0	0	0	0	0	0	0	0	0	0	0	0	0	0	0	0	0	0	0	0	0	0
62	0	0	0	0	0	801	0	0	0	0	801	0	0	0	0	0.281407	0	0	0	0	0.281407	0	0	0	0	1	0	0	0	0	0	0	0	0	169	0	0	0	0	169	0	0	0	0	1	0	0	0	0	0	0	0	0	38.1083	0	0	0	0	38.1083	0	0	0	0	1	0	0	0	0	0	0	0	0	149	0	0	0	0	149	0	0	0	0	1	0	0	0	0	0	0	0	0	0	0	0	0	0	0	0	0	0	0	0	0	0	0	0	0	0	0	0	0	0	0	0	0	0	0	0	0	0	0	0	0	0	0
63	0	0	0	0	0	827	0	0	0	0	827	0	0	0	0	0.231139	0	0	0	0	0.231139	0	0	0	0	1	0	0	0	0	0	0	0	0	152	0	0	0	0	152	0	0	0	0	1	0	0	0	0	0	0	0	0	38.9367	0	0	0	0	38.9367	0	0	0	0	1	0	0	0	0	0	0	0	0	159	0	0	0	0	159	0	0	0	0	1	0	0	0	0	0	0	0	0	0	0	0	0	0	0	0	0	0	0	0	0	0	0	0	0	0	0	0	0	0	0	0	0	0	0	0	0	0	0	0	0	0	0
64	0	0	0	0	0	813	0	0	0	0	813	0	0	0	0	0.219407	0	0	0	0	0.219407	0	0	0	0	1	0	0	0	0	0	0	0	0	139	0	0	0	0	139	0	0	0	0	1	0	0	0	0	0	0	0	0	37.1696	0	0	0	0	37.1696	0	0	0	0	1	0	0	0	0	0	0	0	0	158	0	0	0	0	158	0	0	0	0	1	0	0	0	0	0	0	0	0	0	0	0	0	0	0	0	0	0	0	0	0	0	0	0	0	0	0	0	0	0	0	0	0	0	0	0	0	0	0	0	0	0	0
65	0	0	0	0	0	839	0	0	0	0	839	0	0	0	0	0.206344	0	0	0	0	0.206344	0	0	0	0	1	0	0	0	0	0	0	0	0	139	0	0	0	0	139	0	0	0	0	1	0	0	0	0	0	0	0	0	35.8118	0	0	0	0	35.8118	0	0	0	0	1	0	0	0	0	0	0	0	0	156	0	0	0	0	156	0	0	0	0	1	0	0	0	0	0	0	0	0	0	0	0	0	0	0	0	0	0	0	0	0	0	0	0	0	0	0	0	0	0	0	0	0	0	0	0	0	0	0	0	0	0	0
66	0	0	0	0	0	853	0	0	0	0	853	0	0	0	0	0.244252	0	0	0	0	0.244252	0	0	0	0	1	0	0	0	0	0	0	0	0	158	0	0	0	0	158	0	0	0	0	1	0	0	0	0	0	0	0	0	35.0314	0	0	0	0	35.0314	0	0	0	0	1	0	0	0	0	0	0	0	0	152	0	0	0	0	152	0	0	0	0	1	0	0	0	0	0	0	0	0	0	0	0	0	0	0	0	0	0	0	0	0	0	0	0	0	0	0	0	0	0	0	0	0	0	0	0	0	0	0	0	0	0	0
67	0	0	0	0	0	847	0	0	0	0	847	0	0	0	0	0.281922	0	0	0	0	0.281922	0	0	0	0	1	0	0	0	0	0	0	0	0	162	0	0	0	0	162	0	0	0	0	1	0	0	0	0	0	0	0	0	34.3252	0	0	0	0	34.3252	0	0	0	0	1	0	0	0	0	0	0	0	0	149	0	0	0	0	149	0	0	0	0	1	0	0	0	0	0	0	0	0	0	0	0	0	0	0	0	0	0	0	0	0	0	0	0	0	0	0	0	0	0	0	0	0	0	0	0	0	0	0	0	0	0	0
68	0	0	0	0	0	859	0	0	0	0	859	0	0	0	0	0.249667	0	0	0	0	0.249667	0	0	0	0	1	0	0	0	0	0	0	0	0	161	0	0	0	0	161	0	0	0	0	1	0	0	0	0	0	0	0	0	36.2318	0	0	0	0	36.2318	0	0	0	0	1	0	0	0	0	0	0	0	0	154	0	0	0	0	154	0	0	0	0	1	0	0	0	0	0	0	0	0	0	0	0	0	0	0	0	0	0	0	0	0	0	0	0	0	0	0	0	0	0	0	0	0	0	0	0	0	0	0	0	0	0	0
69	0	0	0	0	0	879	0	0	0	0	879	0	0	0	0	0.218764	0	0	0	0	0.218764	0	0	0	0	1	0	0	0	0	0	0	0	0	158	0	0	0	0	158	0	0	0	0	1	0	0	0	0	0	0	0	0	36.399	0	0	0	0	36.399	0	0	0	0	1	0	0	0	0	0	0	0	0	149	0	0	0	0	149	0	0	0	0	1	0	0	0	0	0	0	0	0	0	0	0	0	0	0	0	0	0	0	0	0	0	0	0	0	0	0	0	0	0	0	0	0	0	0	0	0	0	0	0	0	0	0
70	0	0	0	0	0	877	0	0	0	0	877	0	0	0	0	0.223879	0	0	0	0	0.223879	0	0	0	0	1	0	0	0	0	0	0	0	0	165	0	0	0	0	165	0	0	0	0	1	0	0	0	0	0	0	0	0	36.6145	0	0	0	0	36.6145	0	0	0	0	1	0	0	0	0	0	0	0	0	145	0	0	0	0	145	0	0	0	0	1	0	0	0	0	0	0	0	0	0	0	0	0	0	0	0	0	0	0	0	0	0	0	0	0	0	0	0	0	0	0	0	0	0	0	0	0	0	0	0	0	0	0
71	0	0	0	0	0	885	0	0	0	0	885	0	0	0	0	0.227623	0	0	0	0	0.227623	0	0	0	0	1	0	0	0	0	0	0	0	0	177	0	0	0	0	177	0	0	0	0	1	0	0	0	0	0	0	0	0	38.8627	0	0	0	0	38.8627	0	0	0	0	1	0	0	0	0	0	0	0	0	151	0	0	0	0	151	0	0	0	0	1	0	0	0	0	0	0	0	0	0	0	0	0	0	0	0	0	0	0	0	0	0	0	0	0	0	0	0	0	0	0	0	0	0	0	0	0	0	0	0	0	0	0
72	0	0	0	0	0	876	0	0	0	0	876	0	0	0	0	0.268513	0	0	0	0	0.268513	0	0	0	0	1	0	0	0	0	0	0	0	0	178	0	0	0	0	178	0	0	0	0	1	0	0	0	0	0	0	0	0	39.8512	0	0	0	0	39.8512	0	0	0	0	1	0	0	0	0	0	0	0	0	147	0	0	0	0	147	0	0	0	0	1	0	0	0	0	0	0	0	0	0	0	0	0	0	0	0	0	0	0	0	0	0	0	0	0	0	0	0	0	0	0	0	0	0	0	0	0	0	0	0	0	0	0
73	0	0	0	0	0	899	0	0	0	0	899	0	0	0	0	0.243805	0	0	0	0	0.243805	0	0	0	0	1	0	0	0	0	0	0	0	0	170	0	0	0	0	170	0	0	0	0	1	0	0	0	0	0	0	0	0	40.0324	0	0	0	0	40.0324	0	0	0	0	1	0	0	0	0	0	0	0	0	150	0	0	0	0	150	0	0	0	0	1	0	0	0	0	0	0	0	0	0	0	0	0	0	0	0	0	0	0	0	0	0	0	0	0	0	0	0	0	0	0	0	0	0	0	0	0	0	0	0	0	0	0
74	0	0	0	0	0	913	0	0	0	0	913	0	0	0	0	0.244997	0	0	0	0	0.244997	0	0	0	0	1	0	0	0	0	0	0	0	0	169	0	0	0	0	169	0	0	0	0	1	0	0	0	0	0	0	0	0	41.086	0	0	0	0	41.086	0	0	0	0	1	0	0	0	0	0	0	0	0	148	0	0	0	0	148	0	0	0	0	1	0	0	0	0	0	0	0	0	0	0	0	0	0	0	0	0	0	0	0	0	0	0	0	0	0	0	0	0	0	0	0	0	0	0	0	0	0	0	0	0	0	0
75	0	0	0	0	0	905	0	0	0	0	905	0	0	0	0	0.226368	0	0	0	0	0.226368	0	0	0	0	1	0	0	0	0	0	0	0	0	160	0	0	0	0	160	0	0	0	0	1	0	0	0	0	0	0	0	0	42.9438	0	0	0	0	42.9438	0	0	0	0	1	0	0	0	0	0	0	0	0	149	0	0	0	0	149	0	0	0	0	1	0	0	0	0	0	0	0	0	0	0	0	0	0	0	0	0	0	0	0	0	0	0	0	0	0	0	0	0	0	0	0	0	0	0	0	0	0	0	0	0	0	0
76	0	0	0	0	0	913	0	0	0	0	913	0	0	0	0	0.235514	0	0	0	0	0.235514	0	0	0	0	1	0	0	0	0	0	0	0	0	157	0	0	0	0	157	0	0	0	0	1	0	0	0	0	0	0	0	0	45.0226	0	0	0	0	45.0226	0	0	0	0	1	0	0	0	0	0	0	0	0	151	0	0	0	0	151	0	0	0	0	1	0	0	0	0	0	0	0	0	0	0	0	0	0	0	0	0	0	0	0	0	0	0	0	0	0	0	0	0	0	0	0	0	0	0	0	0	0	0	0	0	0	0
77	0	0	0	0	0	895	0	0	0	0	895	0	0	0	0	0.211715	0	0	0	0	0.211715	0	0	0	0	1	0	0	0	0	0	0	0	0	144	0	0	0	0	144	0	0	0	0	1	0	0	0	0	0	0	0	0	46.2518	0	0	0	0	46.2518	0	0	0	0	1	0	0	0	0	0	0	0	0	149	0	0	0	0	149	0	0	0	0	1	0	0	0	0	0	0	0	0	0	0	0	0	0	0	0	0	0	0	0	0	0	0	0	0	0	0	0	0	0	0	0	0	0	0	0	0	0	0	0	0	0	0
78	0	0	0	0	0	915	0	0	0	0	915	0	0	0	0	0.200418	0	0	0	0	0.200418	0	0	0	0	1	0	0	0	0	0	0	0	0	133	0	0	0	0	133	0	0	0	0	1	0	0	0	0	0	0	0	0	45.9279	0	0	0	0	45.9279	0	0	0	0	1	0	0	0	0	0	0	0	0	143	0	0	0	0	143	0	0	0	0	1	0	0	0	0	0	0	0	0	0	0	0	0	0	0	0	0	0	0	0	0	0	0	0	0	0	0	0	0	0	0	0	0	0	0	0	0	0	0	0	0	0	0
79	0	0	0	0	0	924	0	0	0	0	924	0	0	0	0	0.18045	0	0	0	0	0.18045	0	0	0	0	1	0	0	0	0	0	0	0	0	124	0	0	0	0	124	0	0	0	0	1	0	0	0	0	0	0	0	0	46.6668	0	0	0	0	46.6668	0	0	0	0	1	0	0	0	0	0	0	0	0	137	0	0	0	0	137	0	0	0	0	1	0	0	0	0	0	0	0	0	0	0	0	0	0	0	0	0	0	0	0	0	0	0	0	0	0	0	0	0	0	0	0	0	0	0	0	0	0	0	0	0	0	0
80	0	0	0	0	0	921	0	0	0	0	921	0	0	0	0	0.144025	0	0	0	0	0.144025	0	0	0	0	1	0	0	0	0	0	0	0	0	111	0	0	0	0	111	0	0	0	0	1	0	0	0	0	0	0	0	0	47.3335	0	0	0	0	47.3335	0	0	0	0	1	0	0	0	0	0	0	0	0	137	0	0	0	0	137	0	0	0	0	1	0	0	0	0	0	0	0	0	0	0	0	0	0	0	0	0	0	0	0	0	0	0	0	0	0	0	0	0	0	0	0	0	0	0	0	0	0	0	0	0	0	0
81	0	0	0	0	0	929	0	0	0	0	929	0	0	0	0	0.146746	0	0	0	0	0.146746	0	0	0	0	1	0	0	0	0	0	0	0	0	97	0	0	0	0	97	0	0	0	0	1	0	0	0	0	0	0	0	0	47.0264	0	0	0	0	47.0264	0	0	0	0	1	0	0	0	0	0	0	0	0	132	0	0	0	0	132	0	0	0	0	1	0	0	0	0	0	0	0	0	0	0	0	0	0	0	0	0	0	0	0	0	0	0	0	0	0	0	0	0	0	0	0	0	0	0	0	0	0	0	0	0	0	0
82	0	0	0	0	0	938	0	0	0	0	938	0	0	0	0	0.114168	0	0	0	0	0.114168	0	0	0	0	1	0	0	0	0	0	0	0	0	83	0	0	0	0	83	0	0	0	0	1	0	0	0	0	0	0	0	0	48.2438	0	0	0	0	48.2438	0	0	0	0	1	0	0	0	0	0	0	0	0	136	0	0	0	0	136	0	0	0	0	1	0	0	0	0	0	0	0	0	0	0	0	0	0	0	0	0	0	0	0	0	0	0	0	0	0	0	0	0	0	0	0	0	0	0	0	0	0	0	0	0	0	0
83	0	0	0	0	0	946	0	0	0	0	946	0	0	0	0	0.11662	0	0	0	0	0.11662	0	0	0	0	1	0	0	0	0	0	0	0	0	79	0	0	0	0	79	0	0	0	0	1	0	0	0	0	0	0	0	0	48.6545	0	0	0	0	48.6545	0	0	0	0	1	0	0	0	0	0	0	0	0	131	0	0	0	0	131	0	0	0	0	1	0	0	0	0	0	0	0	0	0	0	0	0	0	0	0	0	0	0	0	0	0	0	0	0	0	0	0	0	0	0	0	0	0	0	0	0	0	0	0	0	0	0
84	0	0	0	0	0	937	0	0	0	0	937	0	0	0	0	0.114147	0	0	0	0	0.114147	0	0	0	0	1	0	0	0	0	0	0	0	0	81	0	0	0	0	81	0	0	0	0	1	0	0	0	0	0	0	0	0	49.2174	0	0	0	0	49.2174	0	0	0	0	1	0	0	0	0	0	0	0	0	129	0	0	0	0	129	0	0	0	0	1	0	0	0	0	0	0	0	0	0	0	0	0	0	0	0	0	0	0	0	0	0	0	0	0	0	0	0	0	0	0	0	0	0	0	0	0	0	0	0	0	0	0
85	0	0	0	0	0	927	0	0	0	0	927	0	0	0	0	0.11918	0	0	0	0	0.11918	0	0	0	0	1	0	0	0	0	0	0	0	0	79	0	0	0	0	79	0	0	0	0	1	0	0	0	0	0	0	0	0	48.5548	0	0	0	0	48.5548	0	0	0	0	1	0	0	0	0	0	0	0	0	126	0	0	0	0	126	0	0	0	0	1	0	0	0	0	0	0	0	0	0	0	0	0	0	0	0	0	0	0	0	0	0	0	0	0	0	0	0	0	0	0	0	0	0	0	0	0	0	0	0	0	0	0
86	0	0	0	0	0	940	0	0	0	0	940	0	0	0	0	0.142901	0	0	0	0	0.142901	0	0	0	0	1	0	0	0	0	0	0	0	0	77	0	0	0	0	77	0	0	0	0	1	0	0	0	0	0	0	0	0	46.6883	0	0	0	0	46.6883	0	0	0	0	1	0	0	0	0	0	0	0	0	120	0	0	0	0	120	0	0	0	0	1	0	0	0	0	0	0	0	0	0	0	0	0	0	0	0	0	0	0	0	0	0	0	0	0	0	0	0	0	0	0	0	0	0	0	0	0	0	0	0	0	0	0
87	0	0	0	0	0	951	0	0	0	0	951	0	0	0	0	0.129552	0	0	0	0	0.129552	0	0	0	0	1	0	0	0	0	0	0	0	0	65	0	0	0	0	65	0	0	0	0	1	0	0	0	0	0	0	0	0	46.6357	0	0	0	0	46.6357	0	0	0	0	1	0	0	0	0	0	0	0	0	123	0	0	0	0	123	0	0	0	0	1	0	0	0	0	0	0	0	0	0	0	0	0	0	0	0	0	0	0	0	0	0	0	0	0	0	0	0	0	0	0	0	0	0	0	0	0	0	0	0	0	0	0
88	0	0	0	0	0	982	0	0	0	0	982	0	0	0	0	0.0884081	0	0	0	0	0.0884081	0	0	0	0	1	0	0	0	0	0	0	0	0	65	0	0	0	0	65	0	0	0	0	1	0	0	0	0	0	0	0	0	47.6236	0	0	0	0	47.6236	0	0	0	0	1	0	0	0	0	0	0	0	0	128	0	0	0	0	128	0	0	0	0	1	0	0	0	0	0	0	0	0	0	0	0	0	0	0	0	0	0	0	0	0	0	0	0	0	0	0	0	0	0	0	0	0	0	0	0	0	0	0	0	0	0	0
89	0	0	0	0	0	992	0	0	0	0	992	0	0	0	0	0.0884598	0	0	0	0	0.0884598	0	0	0	0	1	0	0	0	0	0	0	0	0	87	0	0	0	0	87	0	0	0	0	1	0	0	0	0	0	0	0	0	47.6009	0	0	0	0	47.6009	0	0	0	0	1	0	0	0	0	0	0	0	0	123	0	0	0	0	123	0	0	0	0	1	0	0	0	0	0	0	0	0	0	0	0	0	0	0	0	0	0	0	0	0	0	0	0	0	0	0	0	0	0	0	0	0	0	0	0	0	0	0	0	0	0	0
90	0	0	0	0	0	1001	0	0	0	0	1001	0	0	0	0	0.120947	0	0	0	0	0.120947	0	0	0	0	1	0	0	0	0	0	0	0	0	87	0	0	0	0	87	0	0	0	0	1	0	0	0	0	0	0	0	0	47.6685	0	0	0	0	47.6685	0	0	0	0	1	0	0	0	0	0	0	0	0	118	0	0	0	0	118	0	0	0	0	1	0	0	0	0	0	0	0	0	0	0	0	0	0	0	0	0	0	0	0	0	0	0	0	0	0	0	0	0	0	0	0	0	0	0	0	0	0	0	0	0	0	0
91	0	0	0	0	0	1060	0	0	0	0	1060	0	0	0	0	0.124422	0	0	0	0	0.124422	0	0	0	0	1	0	0	0	0	0	0	0	0	81	0	0	0	0	81	0	0	0	0	1	0	0	0	0	0	0	0	0	47.9639	0	0	0	0	47.9639	0	0	0	0	1	0	0	0	0	0	0	0	0	118	0	0	0	0	118	0	0	0	0	1	0	0	0	0	0	0	0	0	0	0	0	0	0	0	0	0	0	0	0	0	0	0	0	0	0	0	0	0	0	0	0	0	0	0	0	0	0	0	0	0	0	0
92	0	0	0	0	0	1061	0	0	0	0	1061	0	0	0	0	0.0964238	0	0	0	0	0.0964238	0	0	0	0	1	0	0	0	0	0	0	0	0	68	0	0	0	0	68	0	0	0	0	1	0	0	0	0	0	0	0	0	48.2586	0	0	0	0	48.2586	0	0	0	0	1	0	0	0	0	0	0	0	0	122	0	0	0	0	122	0	0	0	0	1	0	0	0	0	0	0	0	0	0	0	0	0	0	0	0	0	0	0	0	0	0	0	0	0	0	0	0	0	0	0	0	0	0	0	0	0	0	0	0	0	0	0
93	0	0	0	0	0	1056	0	0	0	0	1056	0	0	0	0	0.0775013	0	0	0	0	0.0775013	0	0	0	0	1	0	0	0	0	0	0	0	0	61	0	0	0	0	61	0	0	0	0	1	0	0	0	0	0	0	0	0	46.1384	0	0	0	0	46.1384	0	0	0	0	1	0	0	0	0	0	0	0	0	119	0	0	0	0	119	0	0	0	0	1	0	0	0	0	0	0	0	0	0	0	0	0	0	0	0	0	0	0	0	0	0	0	0	0	0	0	0	0	0	0	0	0	0	0	0	0	0	0	0	0	0	0
94	0	0	0	0	0	1024	0	0	0	0	1024	0	0	0	0	0.0775098	0	0	0	0	0.0775098	0	0	0	0	1	0	0	0	0	0	0	0	0	69	0	0	0	0	69	0	0	0	0	1	0	0	0	0	0	0	0	0	43.575	0	0	0	0	43.575	0	0	0	0	1	0	0	0	0	0	0	0	0	112	0	0	0	0	112	0	0	0	0	1	0	0	0	0	0	0	0	0	0	0	0	0	0	0	0	0	0	0	0	0	0	0	0	0	0	0	0	0	0	0	0	0	0	0	0	0	0	0	0	0	0	0
95	0	0	0	0	0	1038	0	0	0	0	1038	0	0	0	0	0.102129	0	0	0	0	0.102129	0	0	0	0	1	0	0	0	0	0	0	0	0	92	0	0	0	0	92	0	0	0	0	1	0	0	0	0	0	0	0	0	40.8104	0	0	0	0	40.8104	0	0	0	0	1	0	0	0	0	0	0	0	0	107	0	0	0	0	107	0	0	0	0	1	0	0	0	0	0	0	0	0	0	0	0	0	0	0	0	0	0	0	0	0	0	0	0	0	0	0	0	0	0	0	0	0	0	0	0	0	0	0	0	0	0	0
96	0	0	0	0	0	1092	0	0	0	0	1092	0	0	0	0	0.139316	0	0	0	0	0.139316	0	0	0	0	1	0	0	0	0	0	0	0	0	111	0	0	0	0	111	0	0	0	0	1	0	0	0	0	0	0	0	0	42.5171	0	0	0	0	42.5171	0	0	0	0	1	0	0	0	0	0	0	0	0	110	0	0	0	0	110	0	0	0	0	1	0	0	0	0	0	0	0	0	0	0	0	0	0	0	0	0	0	0	0	0	0	0	0	0	0	0	0	0	0	0	0	0	0	0	0	0	0	0	0	0	0	0
97	0	0	0	0	0	1069	0	0	0	0	1069	0	0	0	0	0.177017	0	0	0	0	0.177017	0	0	0	0	1	0	0	0	0	0	0	0	0	146	0	0	0	0	146	0	0	0	0	1	0	0	0	0	0	0	0	0	44.4569	0	0	0	0	44.4569	0	0	0	0	1	0	0	0	0	0	0	0	0	119	0	0	0	0	119	0	0	0	0	1	0	0	0	0	0	0	0	0	0	0	0	0	0	0	0	0	0	0	0	0	0	0	0	0	0	0	0	0	0	0	0	0	0	0	0	0	0	0	0	0	0	0
98	0	0	0	0	0	1052	0	0	0	0	1052	0	0	0	0	0.20477	0	0	0	0	0.20477	0	0	0	0	1	0	0	0	0	0	0	0	0	145	0	0	0	0	145	0	0	0	0	1	0	0	0	0	0	0	0	0	43.584	0	0	0	0	43.584	0	0	0	0	1	0	0	0	0	0	0	0	0	125	0	0	0	0	125	0	0	0	0	1	0	0	0	0	0	0	0	0	0	0	0	0	0	0	0	0	0	0	0	0	0	0	0	0	0	0	0	0	0	0	0	0	0	0	0	0	0	0	0	0	0	0
99	0	0	0	0	0	1052	0	0	0	0	1052	0	0	0	0	0.26364	0	0	0	0	0.26364	0	0	0	0	1	0	0	0	0	0	0	0	0	147	0	0	0	0	147	0	0	0	0	1	0	0	0	0	0	0	0	0	45.1742	0	0	0	0	45.1742	0	0	0	0	1	0	0	0	0	0	0	0	0	131	0	0	0	0	131	0	0	0	0	1	0	0	0	0	0	0	0	0	0	0	0	0	0	0	0	0	0	0	0	0	0	0	0	0	0	0	0	0	0	0	0	0	0	0	0	0	0	0	0	0	0	0
100	0	0	0	0	0	1034	0	0	0	0	1034	0	0	0	0	0.220143	0	0	0	0	0.220143	0	0	0	0	1	0	0	0	0	0	0	0	0	132	0	0	0	0	132	0	0	0	0	1	0	0	0	0	0	0	0	0	42.6776	0	0	0	0	42.6776	0	0	0	0	1	0	0	0	0	0	0	0	0	141	0	0	0	0	141	0	0	0	0	1	0	0	0	0	0	0	0	0	0	0	0	0	0	0	0	0	0	0	0	0	0	0	0	0	0	0	0	0	0	0	0	0	0	0	0	0	0	0	0	0	0	0
101	0	0	0	0	0	1028	0	0	0	0	1028	0	0	0	0	0.218801	0	0	0	0	0.218801	0	0	0	0	1	0	0	0	0	0	0	0	0	155	0	0	0	0	155	0	0	0	0	1	0	0	0	0	0	0	0	0	42.0416	0	0	0	0	42.0416	0	0	0	0	1	0	0	0	0	0	0	0	0	136	0	0	0	0	136	0	0	0	0	1	0	0	0	0	0	0	0	0	0	0	0	0	0	0	0	0	0	0	0	0	0	0	0	0	0	0	0	0	0	0	0	0	0	0	0	0	0	0	0	0	0	0
102	0	0	0	0	0	1060	0	0	0	0	1060	0	0	0	0	0.183973	0	0	0	0	0.183973	0	0	0	0	1	0	0	0	0	0	0	0	0	152	0	0	0	0	152	0	0	0	0	1	0	0	0	0	0	0	0	0	41.6399	0	0	0	0	41.6399	0	0	0	0	1	0	0	0	0	0	0	0	0	134	0	0	0	0	134	0	0	0	0	1	0	0	0	0	0	0	0	0	0	0	0	0	0	0	0	0	0	0	0	0	0	0	0	0	0	0	0	0	0	0	0	0	0	0	0	0	0	0	0	0	0	0
103	0	0	0	0	0	1044	0	0	0	0	1044	0	0	0	0	0.212275	0	0	0	0	0.212275	0	0	0	0	1	0	0	0	0	0	0	0	0	178	0	0	0	0	178	0	0	0	0	1	0	0	0	0	0	0	0	0	42.8533	0	0	0	0	42.8533	0	0	0	0	1	0	0	0	0	0	0	0	0	131	0	0	0	0	131	0	0	0	0	1	0	0	0	0	0	0	0	0	0	0	0	0	0	0	0	0	0	0	0	0	0	0	0	0	0	0	0	0	0	0	0	0	0	0	0	0	0	0	0	0	0	0
104	0	0	0	0	0	1041	0	0	0	0	1041	0	0	0	0	0.266371	0	0	0	0	0.266371	0	0	0	0	1	0	0	0	0	0	0	0	0	199	0	0	0	0	199	0	0	0	0	1	0	0	0	0	0	0	0	0	43.0281	0	0	0	0	43.0281	0	0	0	0	1	0	0	0	0	0	0	0	0	130	0	0	0	0	130	0	0	0	0	1	0	0	0	0	0	0	0	0	0	0	0	0	0	0	0	0	0	0	0	0	0	0	0	0	0	0	0	0	0	0	0	0	0	0	0	0	0	0	0	0	0	0
105	0	0	0	0	0	1043	0	0	0	0	1043	0	0	0	0	0.247077	0	0	0	0	0.247077	0	0	0	0	1	0	0	0	0	0	0	0	0	180	0	0	0	0	180	0	0	0	0	1	0	0	0	0	0	0	0	0	42.1799	0	0	0	0	42.1799	0	0	0	0	1	0	0	0	0	0	0	0	0	143	0	0	0	0	143	0	0	0	0	1	0	0	0	0	0	0	0	0	0	0	0	0	0	0	0	0	0	0	0	0	0	0	0	0	0	0	0	0	0	0	0	0	0	0	0	0	0	0	0	0	0	0
106	0	0	0	0	0	1043	0	0	0	0	1043	0	0	0	0	0.296729	0	0	0	0	0.296729	0	0	0	0	1	0	0	0	0	0	0	0	0	170	0	0	0	0	170	0	0	0	0	1	0	0	0	0	0	0	0	0	41.6846	0	0	0	0	41.6846	0	0	0	0	1	0	0	0	0	0	0	0	0	143	0	0	0	0	143	0	0	0	0	1	0	0	0	0	0	0	0	0	0	0	0	0	0	0	0	0	0	0	0	0	0	0	0	0	0	0	0	0	0	0	0	0	0	0	0	0	0	0	0	0	0	0
107	0	0	0	0	0	1080	0	0	0	0	1080	0	0	0	0	0.253991	0	0	0	0	0.253991	0	0	0	0	1	0	0	0	0	0	0	0	0	167	0	0	0	0	167	0	0	0	0	1	0	0	0	0	0	0	0	0	43.6613	0	0	0	0	43.6613	0	0	0	0	1	0	0	0	0	0	0	0	0	147	0	0	0	0	147	0	0	0	0	1	0	0	0	0	0	0	0	0	0	0	0	0	0	0	0	0	0	0	0	0	0	0	0	0	0	0	0	0	0	0	0	0	0	0	0	0	0	0	0	0	0	0
108	0	0	0	0	0	1049	0	0	0	0	1049	0	0	0	0	0.215226	0	0	0	0	0.215226	0	0	0	0	1	0	0	0	0	0	0	0	0	162	0	0	0	0	162	0	0	0	0	1	0	0	0	0	0	0	0	0	43.1812	0	0	0	0	43.1812	0	0	0	0	1	0	0	0	0	0	0	0	0	147	0	0	0	0	147	0	0	0	0	1	0	0	0	0	0	0	0	0	0	0	0	0	0	0	0	0	0	0	0	0	0	0	0	0	0	0	0	0	0	0	0	0	0	0	0	0	0	0	0	0	0	0
109	0	0	0	0	0	1049	0	0	0	0	1049	0	0	0	0	0.241657	0	0	0	0	0.241657	0	0	0	0	1	0	0	0	0	0	0	0	0	175	0	0	0	0	175	0	0	0	0	1	0	0	0	0	0	0	0	0	44.8122	0	0	0	0	44.8122	0	0	0	0	1	0	0	0	0	0	0	0	0	149	0	0	0	0	149	0	0	0	0	1	0	0	0	0	0	0	0	0	0	0	0	0	0	0	0	0	0	0	0	0	0	0	0	0	0	0	0	0	0	0	0	0	0	0	0	0	0	0	0	0	0	0
110	0	0	0	0	0	1071	0	0	0	0	1071	0	0	0	0	0.239878	0	0	0	0	0.239878	0	0	0	0	1	0	0	0	0	0	0	0	0	173	0	0	0	0	173	0	0	0	0	1	0	0	0	0	0	0	0	0	46.6175	0	0	0	0	46.6175	0	0	0	0	1	0	0	0	0	0	0	0	0	159	0	0	0	0	159	0	0	0	0	1	0	0	0	0	0	0	0	0	0	0	0	0	0	0	0	0	0	0	0	0	0	0	0	0	0	0	0	0	0	0	0	0	0	0	0	0	0	0	0	0	0	0
111	0	0	0	0	0	1053	0	0	0	0	1053	0	0	0	0	0.265178	0	0	0	0	0.265178	0	0	0	0	1	0	0	0	0	0	0	0	0	184	0	0	0	0	184	0	0	0	0	1	0	0	0	0	0	0	0	0	44.6471	0	0	0	0	44.6471	0	0	0	0	1	0	0	0	0	0	0	0	0	156	0	0	0	0	156	0	0	0	0	1	0	0	0	0	0	0	0	0	0	0	0	0	0	0	0	0	0	0	0	0	0	0	0	0	0	0	0	0	0	0	0	0	0	0	0	0	0	0	0	0	0	0
112	0	0	0	0	0	1068	0	0	0	0	1068	0	0	0	0	0.29186	0	0	0	0	0.29186	0	0	0	0	1	0	0	0	0	0	0	0	0	196	0	0	0	0	196	0	0	0	0	1	0	0	0	0	0	0	0	0	45.2483	0	0	0	0	45.2483	0	0	0	0	1	0	0	0	0	0	0	0	0	155	0	0	0	0	155	0	0	0	0	1	0	0	0	0	0	0	0	0	0	0	0	0	0	0	0	0	0	0	0	0	0	0	0	0	0	0	0	0	0	0	0	0	0	0	0	0	0	0	0	0	0	0
113	0	0	0	0	0	1080	0	0	0	0	1080	0	0	0	0	0.292364	0	0	0	0	0.292364	0	0	0	0	1	0	0	0	0	0	0	0	0	189	0	0	0	0	189	0	0	0	0	1	0	0	0	0	0	0	0	0	46.0191	0	0	0	0	46.0191	0	0	0	0	1	0	0	0	0	0	0	0	0	158	0	0	0	0	158	0	0	0	0	1	0	0	0	0	0	0	0	0	0	0	0	0	0	0	0	0	0	0	0	0	0	0	0	0	0	0	0	0	0	0	0	0	0	0	0	0	0	0	0	0	0	0
114	0	0	0	0	0	1090	0	0	0	0	1090	0	0	0	0	0.29416	0	0	0	0	0.29416	0	0	0	0	1	0	0	0	0	0	0	0	0	179	0	0	0	0	179	0	0	0	0	1	0	0	0	0	0	0	0	0	45.1196	0	0	0	0	45.1196	0	0	0	0	1	0	0	0	0	0	0	0	0	155	0	0	0	0	155	0	0	0	0	1	0	0	0	0	0	0	0	0	0	0	0	0	0	0	0	0	0	0	0	0	0	0	0	0	0	0	0	0	0	0	0	0	0	0	0	0	0	0	0	0	0	0
115	0	0	0	0	0	1088	0	0	0	0	1088	0	0	0	0	0.283731	0	0	0	0	0.283731	0	0	0	0	1	0	0	0	0	0	0	0	0	172	0	0	0	0	172	0	0	0	0	1	0	0	0	0	0	0	0	0	45.8751	0	0	0	0	45.8751	0	0	0	0	1	0	0	0	0	0	0	0	0	160	0	0	0	0	160	0	0	0	0	1	0	0	0	0	0	0	0	0	0	0	0	0	0	0	0	0	0	0	0	0	0	0	0	0	0	0	0	0	0	0	0	0	0	0	0	0	0	0	0	0	0	0
116	0	0	0	0	0	1076	0	0	0	0	1076	0	0	0	0	0.255308	0	0	0	0	0.255308	0	0	0	0	1	0	0	0	0	0	0	0	0	178	0	0	0	0	178	0	0	0	0	1	0	0	0	0	0	0	0	0	47.5851	0	0	0	0	47.5851	0	0	0	0	1	0	0	0	0	0	0	0	0	168	0	0	0	0	168	0	0	0	0	1	0	0	0	0	0	0	0	0	0	0	0	0	0	0	0	0	0	0	0	0	0	0	0	0	0	0	0	0	0	0	0	0	0	0	0	0	0	0	0	0	0	0
117	0	0	0	0	0	1073	0	0	0	0	1073	0	0	0	0	0.232632	0	0	0	0	0.232632	0	0	0	0	1	0	0	0	0	0	0	0	0	168	0	0	0	0	168	0	0	0	0	1	0	0	0	0	0	0	0	0	49.1984	0	0	0	0	49.1984	0	0	0	0	1	0	0	0	0	0	0	0	0	170	0	0	0	0	170	0	0	0	0	1	0	0	0	0	0	0	0	0	0	0	0	0	0	0	0	0	0	0	0	0	0	0	0	0	0	0	0	0	0	0	0	0	0	0	0	0	0	0	0	0	0	0
118	0	0	0	0	0	1068	0	0	0	0	1068	0	0	0	0	0.219352	0	0	0	0	0.219352	0	0	0	0	1	0	0	0	0	0	0	0	0	164	0	0	0	0	164	0	0	0	0	1	0	0	0	0	0	0	0	0	50.1706	0	0	0	0	50.1706	0	0	0	0	1	0	0	0	0	0	0	0	0	167	0	0	0	0	167	0	0	0	0	1	0	0	0	0	0	0	0	0	0	0	0	0	0	0	0	0	0	0	0	0	0	0	0	0	0	0	0	0	0	0	0	0	0	0	0	0	0	0	0	0	0	0
119	0	0	0	0	0	1054	0	0	0	0	1054	0	0	0	0	0.202049	0	0	0	0	0.202049	0	0	0	0	1	0	0	0	0	0	0	0	0	158	0	0	0	0	158	0	0	0	0	1	0	0	0	0	0	0	0	0	47.0448	0	0	0	0	47.0448	0	0	0	0	1	0	0	0	0	0	0	0	0	161	0	0	0	0	161	0	0	0	0	1	0	0	0	0	0	0	0	0	0	0	0	0	0	0	0	0	0	0	0	0	0	0	0	0	0	0	0	0	0	0	0	0	0	0	0	0	0	0	0	0	0	0
120	0	0	0	0	0	1014	0	0	0	0	1014	0	0	0	0	0.201313	0	0	0	0	0.201313	0	0	0	0	1	0	0	0	0	0	0	0	0	182	0	0	0	0	182	0	0	0	0	1	0	0	0	0	0	0	0	0	46.832	0	0	0	0	46.832	0	0	0	0	1	0	0	0	0	0	0	0	0	160	0	0	0	0	160	0	0	0	0	1	0	0	0	0	0	0	0	0	0	0	0	0	0	0	0	0	0	0	0	0	0	0	0	0	0	0	0	0	0	0	0	0	0	0	0	0	0	0	0	0	0	0
121	0	0	0	0	0	1025	0	0	0	0	1025	0	0	0	0	0.232816	0	0	0	0	0.232816	0	0	0	0	1	0	0	0	0	0	0	0	0	208	0	0	0	0	208	0	0	0	0	1	0	0	0	0	0	0	0	0	47.1443	0	0	0	0	47.1443	0	0	0	0	1	0	0	0	0	0	0	0	0	163	0	0	0	0	163	0	0	0	0	1	0	0	0	0	0	0	0	0	0	0	0	0	0	0	0	0	0	0	0	0	0	0	0	0	0	0	0	0	0	0	0	0	0	0	0	0	0	0	0	0	0	0
122	0	0	0	0	0	1006	0	0	0	0	1006	0	0	0	0	0.288411	0	0	0	0	0.288411	0	0	0	0	1	0	0	0	0	0	0	0	0	228	0	0	0	0	228	0	0	0	0	1	0	0	0	0	0	0	0	0	45.7737	0	0	0	0	45.7737	0	0	0	0	1	0	0	0	0	0	0	0	0	158	0	0	0	0	158	0	0	0	0	1	0	0	0	0	0	0	0	0	0	0	0	0	0	0	0	0	0	0	0	0	0	0	0	0	0	0	0	0	0	0	0	0	0	0	0	0	0	0	0	0	0	0
123	0	0	0	0	0	1002	0	0	0	0	1002	0	0	0	0	0.283548	0	0	0	0	0.283548	0	0	0	0	1	0	0	0	0	0	0	0	0	225	0	0	0	0	225	0	0	0	0	1	0	0	0	0	0	0	0	0	46.7793	0	0	0	0	46.7793	0	0	0	0	1	0	0	0	0	0	0	0	0	170	0	0	0	0	170	0	0	0	0	1	0	0	0	0	0	0	0	0	0	0	0	0	0	0	0	0	0	0	0	0	0	0	0	0	0	0	0	0	0	0	0	0	0	0	0	0	0	0	0	0	0	0
124	0	0	0	0	0	1036	0	0	0	0	1036	0	0	0	0	0.25901	0	0	0	0	0.25901	0	0	0	0	1	0	0	0	0	0	0	0	0	203	0	0	0	0	203	0	0	0	0	1	0	0	0	0	0	0	0	0	48.1657	0	0	0	0	48.1657	0	0	0	0	1	0	0	0	0	0	0	0	0	172	0	0	0	0	172	0	0	0	0	1	0	0	0	0	0	0	0	0	0	0	0	0	0	0	0	0	0	0	0	0	0	0	0	0	0	0	0	0	0	0	0	0	0	0	0	0	0	0	0	0	0	0
125	0	0	0	0	0	1075	0	0	0	0	1075	0	0	0	0	0.23798	0	0	0	0	0.23798	0	0	0	0	1	0	0	0	0	0	0	0	0	181	0	0	0	0	181	0	0	0	0	1	0	0	0	0	0	0	0	0	47.904	0	0	0	0	47.904	0	0	0	0	1	0	0	0	0	0	0	0	0	171	0	0	0	0	171	0	0	0	0	1	0	0	0	0	0	0	0	0	0	0	0	0	0	0	0	0	0	0	0	0	0	0	0	0	0	0	0	0	0	0	0	0	0	0	0	0	0	0	0	0	0	0
126	0	0	0	0	0	1083	0	0	0	0	1083	0	0	0	0	0.210644	0	0	0	0	0.210644	0	0	0	0	1	0	0	0	0	0	0	0	0	158	0	0	0	0	158	0	0	0	0	1	0	0	0	0	0	0	0	0	49.4915	0	0	0	0	49.4915	0	0	0	0	1	0	0	0	0	0	0	0	0	174	0	0	0	0	174	0	0	0	0	1	0	0	0	0	0	0	0	0	0	0	0	0	0	0	0	0	0	0	0	0	0	0	0	0	0	0	0	0	0	0	0	0	0	0	0	0	0	0	0	0	0	0
127	0	0	0	0	0	1083	0	0	0	0	1083	0	0	0	0	0.224432	0	0	0	0	0.224432	0	0	0	0	1	0	0	0	0	0	0	0	0	142	0	0	0	0	142	0	0	0	0	1	0	0	0	0	0	0	0	0	48.8137	0	0	0	0	48.8137	0	0	0	0	1	0	0	0	0	0	0	0	0	170	0	0	0	0	170	0	0	0	0	1	0	0	0	0	0	0	0	0	0	0	0	0	0	0	0	0	0	0	0	0	0	0	0	0	0	0	0	0	0	0	0	0	0	0	0	0	0	0	0	0	0	0
128	0	0	0	0	0	1084	0	0	0	0	1084	0	0	0	0	0.187393	0	0	0	0	0.187393	0	0	0	0	1	0	0	0	0	0	0	0	0	112	0	0	0	0	112	0	0	0	0	1	0	0	0	0	0	0	0	0	49.5655	0	0	0	0	49.5655	0	0	0	0	1	0	0	0	0	0	0	0	0	171	0	0	0	0	171	0	0	0	0	1	0	0	0	0	0	0	0	0	0	0	0	0	0	0	0	0	0	0	0	0	0	0	0	0	0	0	0	0	0	0	0	0	0	0	0	0	0	0	0	0	0	0
129	0	0	0	0	0	1082	0	0	0	0	1082	0	0	0	0	0.17037	0	0	0	0	0.17037	0	0	0	0	1	0	0	0	0	0	0	0	0	94	0	0	0	0	94	0	0	0	0	1	0	0	0	0	0	0	0	0	49.3814	0	0	0	0	49.3814	0	0	0	0	1	0	0	0	0	0	0	0	0	165	0	0	0	0	165	0	0	0	0	1	0	0	0	0	0	0	0	0	0	0	0	0	0	0	0	0	0	0	0	0	0	0	0	0	0	0	0	0	0	0	0	0	0	0	0	0	0	0	0	0	0	0
130	0	0	0	0	0	1088	0	0	0	0	1088	0	0	0	0	0.172648	0	0	0	0	0.172648	0	0	0	0	1	0	0	0	0	0	0	0	0	92	0	0	0	0	92	0	0	0	0	1	0	0	0	0	0	0	0	0	51.5093	0	0	0	0	51.5093	0	0	0	0	1	0	0	0	0	0	0	0	0	168	0	0	0	0	168	0	0	0	0	1	0	0	0	0	0	0	0	0	0	0	0	0	0	0	0	0	0	0	0	0	0	0	0	0	0	0	0	0	0	0	0	0	0	0	0	0	0	0	0	0	0	0
131	0	0	0	0	0	1068	0	0	0	0	1068	0	0	0	0	0.152427	0	0	0	0	0.152427	0	0	0	0	1	0	0	0	0	0	0	0	0	91	0	0	0	0	91	0	0	0	0	1	0	0	0	0	0	0	0	0	52.0414	0	0	0	0	52.0414	0	0	0	0	1	0	0	0	0	0	0	0	0	160	0	0	0	0	160	0	0	0	0	1	0	0	0	0	0	0	0	0	0	0	0	0	0	0	0	0	0	0	0	0	0	0	0	0	0	0	0	0	0	0	0	0	0	0	0	0	0	0	0	0	0	0
132	0	0	0	0	0	1037	0	0	0	0	1037	0	0	0	0	0.116176	0	0	0	0	0.116176	0	0	0	0	1	0	0	0	0	0	0	0	0	76	0	0	0	0	76	0	0	0	0	1	0	0	0	0	0	0	0	0	52.0186	0	0	0	0	52.0186	0	0	0	0	1	0	0	0	0	0	0	0	0	152	0	0	0	0	152	0	0	0	0	1	0	0	0	0	0	0	0	0	0	0	0	0	0	0	0	0	0	0	0	0	0	0	0	0	0	0	0	0	0	0	0	0	0	0	0	0	0	0	0	0	0	0
133	0	0	0	0	0	1008	0	0	0	0	1008	0	0	0	0	0.115197	0	0	0	0	0.115197	0	0	0	0	1	0	0	0	0	0	0	0	0	69	0	0	0	0	69	0	0	0	0	1	0	0	0	0	0	0	0	0	49.9217	0	0	0	0	49.9217	0	0	0	0	1	0	0	0	0	0	0	0	0	148	0	0	0	0	148	0	0	0	0	1	0	0	0	0	0	0	0	0	0	0	0	0	0	0	0	0	0	0	0	0	0	0	0	0	0	0	0	0	0	0	0	0	0	0	0	0	0	0	0	0	0	0
134	0	0	0	0	0	1023	0	0	0	0	1023	0	0	0	0	0.123366	0	0	0	0	0.123366	0	0	0	0	1	0	0	0	0	0	0	0	0	70	0	0	0	0	70	0	0	0	0	1	0	0	0	0	0	0	0	0	50.5419	0	0	0	0	50.5419	0	0	0	0	1	0	0	0	0	0	0	0	0	144	0	0	0	0	144	0	0	0	0	1	0	0	0	0	0	0	0	0	0	0	0	0	0	0	0	0	0	0	0	0	0	0	0	0	0	0	0	0	0	0	0	0	0	0	0	0	0	0	0	0	0	0
135	0	0	0	0	0	1035	0	0	0	0	1035	0	0	0	0	0.113058	0	0	0	0	0.113058	0	0	0	0	1	0	0	0	0	0	0	0	0	64	0	0	0	0	64	0	0	0	0	1	0	0	0	0	0	0	0	0	49.5038	0	0	0	0	49.5038	0	0	0	0	1	0	0	0	0	0	0	0	0	140	0	0	0	0	140	0	0	0	0	1	0	0	0	0	0	0	0	0	0	0	0	0	0	0	0	0	0	0	0	0	0	0	0	0	0	0	0	0	0	0	0	0	0	0	0	0	0	0	0	0	0	0
136	0	0	0	0	0	1026	0	0	0	0	1026	0	0	0	0	0.117612	0	0	0	0	0.117612	0	0	0	0	1	0	0	0	0	0	0	0	0	64	0	0	0	0	64	0	0	0	0	1	0	0	0	0	0	0	0	0	48.5307	0	0	0	0	48.5307	0	0	0	0	1	0	0	0	0	0	0	0	0	130	0	0	0	0	130	0	0	0	0	1	0	0	0	0	0	0	0	0	0	0	0	0	0	0	0	0	0	0	0	0	0	0	0	0	0	0	0	0	0	0	0	0	0	0	0	0	0	0	0	0	0	0
137	0	0	0	0	0	1042	0	0	0	0	1042	0	0	0	0	0.117938	0	0	0	0	0.117938	0	0	0	0	1	0	0	0	0	0	0	0	0	56	0	0	0	0	56	0	0	0	0	1	0	0	0	0	0	0	0	0	47.8333	0	0	0	0	47.8333	0	0	0	0	1	0	0	0	0	0	0	0	0	127	0	0	0	0	127	0	0	0	0	1	0	0	0	0	0	0	0	0	0	0	0	0	0	0	0	0	0	0	0	0	0	0	0	0	0	0	0	0	0	0	0	0	0	0	0	0	0	0	0	0	0	0
138	0	0	0	0	0	1051	0	0	0	0	1051	0	0	0	0	0.0926983	0	0	0	0	0.0926983	0	0	0	0	1	0	0	0	0	0	0	0	0	52	0	0	0	0	52	0	0	0	0	1	0	0	0	0	0	0	0	0	45.9305	0	0	0	0	45.9305	0	0	0	0	1	0	0	0	0	0	0	0	0	122	0	0	0	0	122	0	0	0	0	1	0	0	0	0	0	0	0	0	0	0	0	0	0	0	0	0	0	0	0	0	0	0	0	0	0	0	0	0	0	0	0	0	0	0	0	0	0	0	0	0	0	0
139	0	0	0	0	0	1079	0	0	0	0	1079	0	0	0	0	0.0874536	0	0	0	0	0.0874536	0	0	0	0	1	0	0	0	0	0	0	0	0	60	0	0	0	0	60	0	0	0	0	1	0	0	0	0	0	0	0	0	47.0115	0	0	0	0	47.0115	0	0	0	0	1	0	0	0	0	0	0	0	0	122	0	0	0	0	122	0	0	0	0	1	0	0	0	0	0	0	0	0	0	0	0	0	0	0	0	0	0	0	0	0	0	0	0	0	0	0	0	0	0	0	0	0	0	0	0	0	0	0	0	0	0	0
140	0	0	0	0	0	1073	0	0	0	0	1073	0	0	0	0	0.0750279	0	0	0	0	0.0750279	0	0	0	0	1	0	0	0	0	0	0	0	0	67	0	0	0	0	67	0	0	0	0	1	0	0	0	0	0	0	0	0	45.2078	0	0	0	0	45.2078	0	0	0	0	1	0	0	0	0	0	0	0	0	119	0	0	0	0	119	0	0	0	0	1	0	0	0	0	0	0	0	0	0	0	0	0	0	0	0	0	0	0	0	0	0	0	0	0	0	0	0	0	0	0	0	0	0	0	0	0	0	0	0	0	0	0
141	0	0	0	0	0	1079	0	0	0	0	1079	0	0	0	0	0.06752	0	0	0	0	0.06752	0	0	0	0	1	0	0	0	0	0	0	0	0	100	0	0	0	0	100	0	0	0	0	1	0	0	0	0	0	0	0	0	46.0652	0	0	0	0	46.0652	0	0	0	0	1	0	0	0	0	0	0	0	0	122	0	0	0	0	122	0	0	0	0	1	0	0	0	0	0	0	0	0	0	0	0	0	0	0	0	0	0	0	0	0	0	0	0	0	0	0	0	0	0	0	0	0	0	0	0	0	0	0	0	0	0	0
142	0	0	0	0	0	1084	0	0	0	0	1084	0	0	0	0	0.0974148	0	0	0	0	0.0974148	0	0	0	0	1	0	0	0	0	0	0	0	0	121	0	0	0	0	121	0	0	0	0	1	0	0	0	0	0	0	0	0	47.0395	0	0	0	0	47.0395	0	0	0	0	1	0	0	0	0	0	0	0	0	121	0	0	0	0	121	0	0	0	0	1	0	0	0	0	0	0	0	0	0	0	0	0	0	0	0	0	0	0	0	0	0	0	0	0	0	0	0	0	0	0	0	0	0	0	0	0	0	0	0	0	0	0
143	0	0	0	0	0	1052	0	0	0	0	1052	0	0	0	0	0.167328	0	0	0	0	0.167328	0	0	0	0	1	0	0	0	0	0	0	0	0	136	0	0	0	0	136	0	0	0	0	1	0	0	0	0	0	0	0	0	43.1795	0	0	0	0	43.1795	0	0	0	0	1	0	0	0	0	0	0	0	0	116	0	0	0	0	116	0	0	0	0	1	0	0	0	0	0	0	0	0	0	0	0	0	0	0	0	0	0	0	0	0	0	0	0	0	0	0	0	0	0	0	0	0	0	0	0	0	0	0	0	0	0	0
144	0	0	0	0	0	1086	0	0	0	0	1086	0	0	0	0	0.194688	0	0	0	0	0.194688	0	0	0	0	1	0	0	0	0	0	0	0	0	128	0	0	0	0	128	0	0	0	0	1	0	0	0	0	0	0	0	0	45.3992	0	0	0	0	45.3992	0	0	0	0	1	0	0	0	0	0	0	0	0	131	0	0	0	0	131	0	0	0	0	1	0	0	0	0	0	0	0	0	0	0	0	0	0	0	0	0	0	0	0	0	0	0	0	0	0	0	0	0	0	0	0	0	0	0	0	0	0	0	0	0	0	0
145	0	0	0	0	0	1035	0	0	0	0	1035	0	0	0	0	0.175326	0	0	0	0	0.175326	0	0	0	0	1	0	0	0	0	0	0	0	0	129	0	0	0	0	129	0	0	0	0	1	0	0	0	0	0	0	0	0	42.2903	0	0	0	0	42.2903	0	0	0	0	1	0	0	0	0	0	0	0	0	142	0	0	0	0	142	0	0	0	0	1	0	0	0	0	0	0	0	0	0	0	0	0	0	0	0	0	0	0	0	0	0	0	0	0	0	0	0	0	0	0	0	0	0	0	0	0	0	0	0	0	0	0
146	0	0	0	0	0	984	0	0	0	0	984	0	0	0	0	0.175973	0	0	0	0	0.175973	0	0	0	0	1	0	0	0	0	0	0	0	0	170	0	0	0	0	170	0	0	0	0	1	0	0	0	0	0	0	0	0	42.9688	0	0	0	0	42.9688	0	0	0	0	1	0	0	0	0	0	0	0	0	145	0	0	0	0	145	0	0	0	0	1	0	0	0	0	0	0	0	0	0	0	0	0	0	0	0	0	0	0	0	0	0	0	0	0	0	0	0	0	0	0	0	0	0	0	0	0	0	0	0	0	0	0
147	0	0	0	0	0	953	0	0	0	0	953	0	0	0	0	0.244375	0	0	0	0	0.244375	0	0	0	0	1	0	0	0	0	0	0	0	0	182	0	0	0	0	182	0	0	0	0	1	0	0	0	0	0	0	0	0	42.6569	0	0	0	0	42.6569	0	0	0	0	1	0	0	0	0	0	0	0	0	140	0	0	0	0	140	0	0	0	0	1	0	0	0	0	0	0	0	0	0	0	0	0	0	0	0	0	0	0	0	0	0	0	0	0	0	0	0	0	0	0	0	0	0	0	0	0	0	0	0	0	0	0
148	0	0	0	0	0	914	0	0	0	0	914	0	0	0	0	0.277666	0	0	0	0	0.277666	0	0	0	0	1	0	0	0	0	0	0	0	0	192	0	0	0	0	192	0	0	0	0	1	0	0	0	0	0	0	0	0	43.5835	0	0	0	0	43.5835	0	0	0	0	1	0	0	0	0	0	0	0	0	150	0	0	0	0	150	0	0	0	0	1	0	0	0	0	0	0	0	0	0	0	0	0	0	0	0	0	0	0	0	0	0	0	0	0	0	0	0	0	0	0	0	0	0	0	0	0	0	0	0	0	0	0
149	0	0	0	0	0	923	0	0	0	0	923	0	0	0	0	0.265125	0	0	0	0	0.265125	0	0	0	0	1	0	0	0	0	0	0	0	0	169	0	0	0	0	169	0	0	0	0	1	0	0	0	0	0	0	0	0	44.6641	0	0	0	0	44.6641	0	0	0	0	1	0	0	0	0	0	0	0	0	159	0	0	0	0	159	0	0	0	0	1	0	0	0	0	0	0	0	0	0	0	0	0	0	0	0	0	0	0	0	0	0	0	0	0	0	0	0	0	0	0	0	0	0	0	0	0	0	0	0	0	0	0
150	0	0	0	0	0	912	0	0	0	0	912	0	0	0	0	0.223753	0	0	0	0	0.223753	0	0	0	0	1	0	0	0	0	0	0	0	0	151	0	0	0	0	151	0	0	0	0	1	0	0	0	0	0	0	0	0	44.7505	0	0	0	0	44.7505	0	0	0	0	1	0	0	0	0	0	0	0	0	161	0	0	0	0	161	0	0	0	0	1	0	0	0	0	0	0	0	0	0	0	0	0	0	0	0	0	0	0	0	0	0	0	0	0	0	0	0	0	0	0	0	0	0	0	0	0	0	0	0	0	0	0
151	0	0	0	0	0	876	0	0	0	0	876	0	0	0	0	0.204879	0	0	0	0	0.204879	0	0	0	0	1	0	0	0	0	0	0	0	0	132	0	0	0	0	132	0	0	0	0	1	0	0	0	0	0	0	0	0	43.9267	0	0	0	0	43.9267	0	0	0	0	1	0	0	0	0	0	0	0	0	159	0	0	0	0	159	0	0	0	0	1	0	0	0	0	0	0	0	0	0	0	0	0	0	0	0	0	0	0	0	0	0	0	0	0	0	0	0	0	0	0	0	0	0	0	0	0	0	0	0	0	0	0
152	0	0	0	0	0	894	0	0	0	0	894	0	0	0	0	0.17031	0	0	0	0	0.17031	0	0	0	0	1	0	0	0	0	0	0	0	0	117	0	0	0	0	117	0	0	0	0	1	0	0	0	0	0	0	0	0	43.8891	0	0	0	0	43.8891	0	0	0	0	1	0	0	0	0	0	0	0	0	158	0	0	0	0	158	0	0	0	0	1	0	0	0	0	0	0	0	0	0	0	0	0	0	0	0	0	0	0	0	0	0	0	0	0	0	0	0	0	0	0	0	0	0	0	0	0	0	0	0	0	0	0
153	0	0	0	0	0	913	0	0	0	0	913	0	0	0	0	0.164612	0	0	0	0	0.164612	0	0	0	0	1	0	0	0	0	0	0	0	0	111	0	0	0	0	111	0	0	0	0	1	0	0	0	0	0	0	0	0	44.511	0	0	0	0	44.511	0	0	0	0	1	0	0	0	0	0	0	0	0	155	0	0	0	0	155	0	0	0	0	1	0	0	0	0	0	0	0	0	0	0	0	0	0	0	0	0	0	0	0	0	0	0	0	0	0	0	0	0	0	0	0	0	0	0	0	0	0	0	0	0	0	0
154	0	0	0	0	0	905	0	0	0	0	905	0	0	0	0	0.180538	0	0	0	0	0.180538	0	0	0	0	1	0	0	0	0	0	0	0	0	108	0	0	0	0	108	0	0	0	0	1	0	0	0	0	0	0	0	0	43.8097	0	0	0	0	43.8097	0	0	0	0	1	0	0	0	0	0	0	0	0	149	0	0	0	0	149	0	0	0	0	1	0	0	0	0	0	0	0	0	0	0	0	0	0	0	0	0	0	0	0	0	0	0	0	0	0	0	0	0	0	0	0	0	0	0	0	0	0	0	0	0	0	0
155	0	0	0	0	0	946	0	0	0	0	946	0	0	0	0	0.16539	0	0	0	0	0.16539	0	0	0	0	1	0	0	0	0	0	0	0	0	99	0	0	0	0	99	0	0	0	0	1	0	0	0	0	0	0	0	0	43.6774	0	0	0	0	43.6774	0	0	0	0	1	0	0	0	0	0	0	0	0	145	0	0	0	0	145	0	0	0	0	1	0	0	0	0	0	0	0	0	0	0	0	0	0	0	0	0	0	0	0	0	0	0	0	0	0	0	0	0	0	0	0	0	0	0	0	0	0	0	0	0	0	0
156	0	0	0	0	0	947	0	0	0	0	947	0	0	0	0	0.147158	0	0	0	0	0.147158	0	0	0	0	1	0	0	0	0	0	0	0	0	99	0	0	0	0	99	0	0	0	0	1	0	0	0	0	0	0	0	0	45.0086	0	0	0	0	45.0086	0	0	0	0	1	0	0	0	0	0	0	0	0	148	0	0	0	0	148	0	0	0	0	1	0	0	0	0	0	0	0	0	0	0	0	0	0	0	0	0	0	0	0	0	0	0	0	0	0	0	0	0	0	0	0	0	0	0	0	0	0	0	0	0	0	0
157	0	0	0	0	0	903	0	0	0	0	903	0	0	0	0	0.165053	0	0	0	0	0.165053	0	0	0	0	1	0	0	0	0	0	0	0	0	122	0	0	0	0	122	0	0	0	0	1	0	0	0	0	0	0	0	0	44.5661	0	0	0	0	44.5661	0	0	0	0	1	0	0	0	0	0	0	0	0	142	0	0	0	0	142	0	0	0	0	1	0	0	0	0	0	0	0	0	0	0	0	0	0	0	0	0	0	0	0	0	0	0	0	0	0	0	0	0	0	0	0	0	0	0	0	0	0	0	0	0	0	0
158	0	0	0	0	0	882	0	0	0	0	882	0	0	0	0	0.169255	0	0	0	0	0.169255	0	0	0	0	1	0	0	0	0	0	0	0	0	121	0	0	0	0	121	0	0	0	0	1	0	0	0	0	0	0	0	0	40.9432	0	0	0	0	40.9432	0	0	0	0	1	0	0	0	0	0	0	0	0	135	0	0	0	0	135	0	0	0	0	1	0	0	0	0	0	0	0	0	0	0	0	0	0	0	0	0	0	0	0	0	0	0	0	0	0	0	0	0	0	0	0	0	0	0	0	0	0	0	0	0	0	0
159	0	0	0	0	0	876	0	0	0	0	876	0	0	0	0	0.172114	0	0	0	0	0.172114	0	0	0	0	1	0	0	0	0	0	0	0	0	130	0	0	0	0	130	0	0	0	0	1	0	0	0	0	0	0	0	0	41.1732	0	0	0	0	41.1732	0	0	0	0	1	0	0	0	0	0	0	0	0	142	0	0	0	0	142	0	0	0	0	1	0	0	0	0	0	0	0	0	0	0	0	0	0	0	0	0	0	0	0	0	0	0	0	0	0	0	0	0	0	0	0	0	0	0	0	0	0	0	0	0	0	0
160	0	0	0	0	0	857	0	0	0	0	857	0	0	0	0	0.222105	0	0	0	0	0.222105	0	0	0	0	1	0	0	0	0	0	0	0	0	149	0	0	0	0	149	0	0	0	0	1	0	0	0	0	0	0	0	0	38.8387	0	0	0	0	38.8387	0	0	0	0	1	0	0	0	0	0	0	0	0	141	0	0	0	0	141	0	0	0	0	1	0	0	0	0	0	0	0	0	0	0	0	0	0	0	0	0	0	0	0	0	0	0	0	0	0	0	0	0	0	0	0	0	0	0	0	0	0	0	0	0	0	0
161	0	0	0	0	0	802	0	0	0	0	802	0	0	0	0	0.210734	0	0	0	0	0.210734	0	0	0	0	1	0	0	0	0	0	0	0	0	175	0	0	0	0	175	0	0	0	0	1	0	0	0	0	0	0	0	0	38.593	0	0	0	0	38.593	0	0	0	0	1	0	0	0	0	0	0	0	0	153	0	0	0	0	153	0	0	0	0	1	0	0	0	0	0	0	0	0	0	0	0	0	0	0	0	0	0	0	0	0	0	0	0	0	0	0	0	0	0	0	0	0	0	0	0	0	0	0	0	0	0	0
162	0	0	0	0	0	833	0	0	0	0	833	0	0	0	0	0.265207	0	0	0	0	0.265207	0	0	0	0	1	0	0	0	0	0	0	0	0	193	0	0	0	0	193	0	0	0	0	1	0	0	0	0	0	0	0	0	40.5706	0	0	0	0	40.5706	0	0	0	0	1	0	0	0	0	0	0	0	0	154	0	0	0	0	154	0	0	0	0	1	0	0	0	0	0	0	0	0	0	0	0	0	0	0	0	0	0	0	0	0	0	0	0	0	0	0	0	0	0	0	0	0	0	0	0	0	0	0	0	0	0	0
163	0	0	0	0	0	873	0	0	0	0	873	0	0	0	0	0.279295	0	0	0	0	0.279295	0	0	0	0	1	0	0	0	0	0	0	0	0	180	0	0	0	0	180	0	0	0	0	1	0	0	0	0	0	0	0	0	42.0269	0	0	0	0	42.0269	0	0	0	0	1	0	0	0	0	0	0	0	0	169	0	0	0	0	169	0	0	0	0	1	0	0	0	0	0	0	0	0	0	0	0	0	0	0	0	0	0	0	0	0	0	0	0	0	0	0	0	0	0	0	0	0	0	0	0	0	0	0	0	0	0	0
164	0	0	0	0	0	869	0	0	0	0	869	0	0	0	0	0.254965	0	0	0	0	0.254965	0	0	0	0	1	0	0	0	0	0	0	0	0	170	0	0	0	0	170	0	0	0	0	1	0	0	0	0	0	0	0	0	42.5352	0	0	0	0	42.5352	0	0	0	0	1	0	0	0	0	0	0	0	0	170	0	0	0	0	170	0	0	0	0	1	0	0	0	0	0	0	0	0	0	0	0	0	0	0	0	0	0	0	0	0	0	0	0	0	0	0	0	0	0	0	0	0	0	0	0	0	0	0	0	0	0	0
165	0	0	0	0	0	847	0	0	0	0	847	0	0	0	0	0.21748	0	0	0	0	0.21748	0	0	0	0	1	0	0	0	0	0	0	0	0	147	0	0	0	0	147	0	0	0	0	1	0	0	0	0	0	0	0	0	41.5303	0	0	0	0	41.5303	0	0	0	0	1	0	0	0	0	0	0	0	0	167	0	0	0	0	167	0	0	0	0	1	0	0	0	0	0	0	0	0	0	0	0	0	0	0	0	0	0	0	0	0	0	0	0	0	0	0	0	0	0	0	0	0	0	0	0	0	0	0	0	0	0	0
166	0	0	0	0	0	856	0	0	0	0	856	0	0	0	0	0.22866	0	0	0	0	0.22866	0	0	0	0	1	0	0	0	0	0	0	0	0	139	0	0	0	0	139	0	0	0	0	1	0	0	0	0	0	0	0	0	39.4529	0	0	0	0	39.4529	0	0	0	0	1	0	0	0	0	0	0	0	0	160	0	0	0	0	160	0	0	0	0	1	0	0	0	0	0	0	0	0	0	0	0	0	0	0	0	0	0	0	0	0	0	0	0	0	0	0	0	0	0	0	0	0	0	0	0	0	0	0	0	0	0	0
167	0	0	0	0	0	888	0	0	0	0	888	0	0	0	0	0.193133	0	0	0	0	0.193133	0	0	0	0	1	0	0	0	0	0	0	0	0	124	0	0	0	0	124	0	0	0	0	1	0	0	0	0	0	0	0	0	39.2494	0	0	0	0	39.2494	0	0	0	0	1	0	0	0	0	0	0	0	0	159	0	0	0	0	159	0	0	0	0	1	0	0	0	0	0	0	0	0	0	0	0	0	0	0	0	0	0	0	0	0	0	0	0	0	0	0	0	0	0	0	0	0	0	0	0	0	0	0	0	0	0	0
168	0	0	0	0	0	883	0	0	0	0	883	0	0	0	0	0.202757	0	0	0	0	0.202757	0	0	0	0	1	0	0	0	0	0	0	0	0	134	0	0	0	0	134	0	0	0	0	1	0	0	0	0	0	0	0	0	37.4453	0	0	0	0	37.4453	0	0	0	0	1	0	0	0	0	0	0	0	0	151	0	0	0	0	151	0	0	0	0	1	0	0	0	0	0	0	0	0	0	0	0	0	0	0	0	0	0	0	0	0	0	0	0	0	0	0	0	0	0	0	0	0	0	0	0	0	0	0	0	0	0	0
169	0	0	0	0	0	881	0	0	0	0	881	0	0	0	0	0.189253	0	0	0	0	0.189253	0	0	0	0	1	0	0	0	0	0	0	0	0	155	0	0	0	0	155	0	0	0	0	1	0	0	0	0	0	0	0	0	38.5333	0	0	0	0	38.5333	0	0	0	0	1	0	0	0	0	0	0	0	0	156	0	0	0	0	156	0	0	0	0	1	0	0	0	0	0	0	0	0	0	0	0	0	0	0	0	0	0	0	0	0	0	0	0	0	0	0	0	0	0	0	0	0	0	0	0	0	0	0	0	0	0	0
170	0	0	0	0	0	917	0	0	0	0	917	0	0	0	0	0.242094	0	0	0	0	0.242094	0	0	0	0	1	0	0	0	0	0	0	0	0	164	0	0	0	0	164	0	0	0	0	1	0	0	0	0	0	0	0	0	40.2422	0	0	0	0	40.2422	0	0	0	0	1	0	0	0	0	0	0	0	0	153	0	0	0	0	153	0	0	0	0	1	0	0	0	0	0	0	0	0	0	0	0	0	0	0	0	0	0	0	0	0	0	0	0	0	0	0	0	0	0	0	0	0	0	0	0	0	0	0	0	0	0	0
171	0	0	0	0	0	923	0	0	0	0	923	0	0	0	0	0.232525	0	0	0	0	0.232525	0	0	0	0	1	0	0	0	0	0	0	0	0	171	0	0	0	0	171	0	0	0	0	1	0	0	0	0	0	0	0	0	40.1113	0	0	0	0	40.1113	0	0	0	0	1	0	0	0	0	0	0	0	0	155	0	0	0	0	155	0	0	0	0	1	0	0	0	0	0	0	0	0	0	0	0	0	0	0	0	0	0	0	0	0	0	0	0	0	0	0	0	0	0	0	0	0	0	0	0	0	0	0	0	0	0	0
172	0	0	0	0	0	914	0	0	0	0	914	0	0	0	0	0.250642	0	0	0	0	0.250642	0	0	0	0	1	0	0	0	0	0	0	0	0	166	0	0	0	0	166	0	0	0	0	1	0	0	0	0	0	0	0	0	35.5283	0	0	0	0	35.5283	0	0	0	0	1	0	0	0	0	0	0	0	0	148	0	0	0	0	148	0	0	0	0	1	0	0	0	0	0	0	0	0	0	0	0	0	0	0	0	0	0	0	0	0	0	0	0	0	0	0	0	0	0	0	0	0	0	0	0	0	0	0	0	0	0	0
173	0	0	0	0	0	915	0	0	0	0	915	0	0	0	0	0.223702	0	0	0	0	0.223702	0	0	0	0	1	0	0	0	0	0	0	0	0	169	0	0	0	0	169	0	0	0	0	1	0	0	0	0	0	0	0	0	35.1921	0	0	0	0	35.1921	0	0	0	0	1	0	0	0	0	0	0	0	0	164	0	0	0	0	164	0	0	0	0	1	0	0	0	0	0	0	0	0	0	0	0	0	0	0	0	0	0	0	0	0	0	0	0	0	0	0	0	0	0	0	0	0	0	0	0	0	0	0	0	0	0	0
174	0	0	0	0	0	929	0	0	0	0	929	0	0	0	0	0.22255	0	0	0	0	0.22255	0	0	0	0	1	0	0	0	0	0	0	0	0	197	0	0	0	0	197	0	0	0	0	1	0	0	0	0	0	0	0	0	37.8426	0	0	0	0	37.8426	0	0	0	0	1	0	0	0	0	0	0	0	0	175	0	0	0	0	175	0	0	0	0	1	0	0	0	0	0	0	0	0	0	0	0	0	0	0	0	0	0	0	0	0	0	0	0	0	0	0	0	0	0	0	0	0	0	0	0	0	0	0	0	0	0	0
175	0	0	0	0	0	928	0	0	0	0	928	0	0	0	0	0.24732	0	0	0	0	0.24732	0	0	0	0	1	0	0	0	0	0	0	0	0	204	0	0	0	0	204	0	0	0	0	1	0	0	0	0	0	0	0	0	39.0462	0	0	0	0	39.0462	0	0	0	0	1	0	0	0	0	0	0	0	0	170	0	0	0	0	170	0	0	0	0	1	0	0	0	0	0	0	0	0	0	0	0	0	0	0	0	0	0	0	0	0	0	0	0	0	0	0	0	0	0	0	0	0	0	0	0	0	0	0	0	0	0	0
176	0	0	0	0	0	927	0	0	0	0	927	0	0	0	0	0.258028	0	0	0	0	0.258028	0	0	0	0	1	0	0	0	0	0	0	0	0	199	0	0	0	0	199	0	0	0	0	1	0	0	0	0	0	0	0	0	40.7554	0	0	0	0	40.7554	0	0	0	0	1	0	0	0	0	0	0	0	0	179	0	0	0	0	179	0	0	0	0	1	0	0	0	0	0	0	0	0	0	0	0	0	0	0	0	0	0	0	0	0	0	0	0	0	0	0	0	0	0	0	0	0	0	0	0	0	0	0	0	0	0	0
177	0	0	0	0	0	898	0	0	0	0	898	0	0	0	0	0.260484	0	0	0	0	0.260484	0	0	0	0	1	0	0	0	0	0	0	0	0	193	0	0	0	0	193	0	0	0	0	1	0	0	0	0	0	0	0	0	41.5607	0	0	0	0	41.5607	0	0	0	0	1	0	0	0	0	0	0	0	0	182	0	0	0	0	182	0	0	0	0	1	0	0	0	0	0	0	0	0	0	0	0	0	0	0	0	0	0	0	0	0	0	0	0	0	0	0	0	0	0	0	0	0	0	0	0	0	0	0	0	0	0	0
178	0	0	0	0	0	903	0	0	0	0	903	0	0	0	0	0.284106	0	0	0	0	0.284106	0	0	0	0	1	0	0	0	0	0	0	0	0	196	0	0	0	0	196	0	0	0	0	1	0	0	0	0	0	0	0	0	43.2689	0	0	0	0	43.2689	0	0	0	0	1	0	0	0	0	0	0	0	0	185	0	0	0	0	185	0	0	0	0	1	0	0	0	0	0	0	0	0	0	0	0	0	0	0	0	0	0	0	0	0	0	0	0	0	0	0	0	0	0	0	0	0	0	0	0	0	0	0	0	0	0	0
179	0	0	0	0	0	894	0	0	0	0	894	0	0	0	0	0.25365	0	0	0	0	0.25365	0	0	0	0	1	0	0	0	0	0	0	0	0	171	0	0	0	0	171	0	0	0	0	1	0	0	0	0	0	0	0	0	43.4311	0	0	0	0	43.4311	0	0	0	0	1	0	0	0	0	0	0	0	0	189	0	0	0	0	189	0	0	0	0	1	0	0	0	0	0	0	0	0	0	0	0	0	0	0	0	0	0	0	0	0	0	0	0	0	0	0	0	0	0	0	0	0	0	0	0	0	0	0	0	0	0	0
180	0	0	0	0	0	893	0	0	0	0	893	0	0	0	0	0.215569	0	0	0	0	0.215569	0	0	0	0	1	0	0	0	0	0	0	0	0	156	0	0	0	0	156	0	0	0	0	1	0	0	0	0	0	0	0	0	43.7075	0	0	0	0	43.7075	0	0	0	0	1	0	0	0	0	0	0	0	0	183	0	0	0	0	183	0	0	0	0	1	0	0	0	0	0	0	0	0	0	0	0	0	0	0	0	0	0	0	0	0	0	0	0	0	0	0	0	0	0	0	0	0	0	0	0	0	0	0	0	0	0	0
181	0	0	0	0	0	914	0	0	0	0	914	0	0	0	0	0.166159	0	0	0	0	0.166159	0	0	0	0	1	0	0	0	0	0	0	0	0	148	0	0	0	0	148	0	0	0	0	1	0	0	0	0	0	0	0	0	45.1906	0	0	0	0	45.1906	0	0	0	0	1	0	0	0	0	0	0	0	0	185	0	0	0	0	185	0	0	0	0	1	0	0	0	0	0	0	0	0	0	0	0	0	0	0	0	0	0	0	0	0	0	0	0	0	0	0	0	0	0	0	0	0	0	0	0	0	0	0	0	0	0	0
182	0	0	0	0	0	901	0	0	0	0	901	0	0	0	0	0.144146	0	0	0	0	0.144146	0	0	0	0	1	0	0	0	0	0	0	0	0	140	0	0	0	0	140	0	0	0	0	1	0	0	0	0	0	0	0	0	43.7268	0	0	0	0	43.7268	0	0	0	0	1	0	0	0	0	0	0	0	0	176	0	0	0	0	176	0	0	0	0	1	0	0	0	0	0	0	0	0	0	0	0	0	0	0	0	0	0	0	0	0	0	0	0	0	0	0	0	0	0	0	0	0	0	0	0	0	0	0	0	0	0	0
183	0	0	0	0	0	930	0	0	0	0	930	0	0	0	0	0.149931	0	0	0	0	0.149931	0	0	0	0	1	0	0	0	0	0	0	0	0	131	0	0	0	0	131	0	0	0	0	1	0	0	0	0	0	0	0	0	44.3838	0	0	0	0	44.3838	0	0	0	0	1	0	0	0	0	0	0	0	0	171	0	0	0	0	171	0	0	0	0	1	0	0	0	0	0	0	0	0	0	0	0	0	0	0	0	0	0	0	0	0	0	0	0	0	0	0	0	0	0	0	0	0	0	0	0	0	0	0	0	0	0	0
184	0	0	0	0	0	932	0	0	0	0	932	0	0	0	0	0.139297	0	0	0	0	0.139297	0	0	0	0	1	0	0	0	0	0	0	0	0	123	0	0	0	0	123	0	0	0	0	1	0	0	0	0	0	0	0	0	44.41	0	0	0	0	44.41	0	0	0	0	1	0	0	0	0	0	0	0	0	161	0	0	0	0	161	0	0	0	0	1	0	0	0	0	0	0	0	0	0	0	0	0	0	0	0	0	0	0	0	0	0	0	0	0	0	0	0	0	0	0	0	0	0	0	0	0	0	0	0	0	0	0
185	0	0	0	0	0	952	0	0	0	0	952	0	0	0	0	0.142983	0	0	0	0	0.142983	0	0	0	0	1	0	0	0	0	0	0	0	0	126	0	0	0	0	126	0	0	0	0	1	0	0	0	0	0	0	0	0	44.6005	0	0	0	0	44.6005	0	0	0	0	1	0	0	0	0	0	0	0	0	154	0	0	0	0	154	0	0	0	0	1	0	0	0	0	0	0	0	0	0	0	0	0	0	0	0	0	0	0	0	0	0	0	0	0	0	0	0	0	0	0	0	0	0	0	0	0	0	0	0	0	0	0
186	0	0	0	0	0	960	0	0	0	0	960	0	0	0	0	0.164422	0	0	0	0	0.164422	0	0	0	0	1	0	0	0	0	0	0	0	0	124	0	0	0	0	124	0	0	0	0	1	0	0	0	0	0	0	0	0	45.1226	0	0	0	0	45.1226	0	0	0	0	1	0	0	0	0	0	0	0	0	155	0	0	0	0	155	0	0	0	0	1	0	0	0	0	0	0	0	0	0	0	0	0	0	0	0	0	0	0	0	0	0	0	0	0	0	0	0	0	0	0	0	0	0	0	0	0	0	0	0	0	0	0
187	0	0	0	0	0	939	0	0	0	0	939	0	0	0	0	0.187672	0	0	0	0	0.187672	0	0	0	0	1	0	0	0	0	0	0	0	0	114	0	0	0	0	114	0	0	0	0	1	0	0	0	0	0	0	0	0	44.846	0	0	0	0	44.846	0	0	0	0	1	0	0	0	0	0	0	0	0	145	0	0	0	0	145	0	0	0	0	1	0	0	0	0	0	0	0	0	0	0	0	0	0	0	0	0	0	0	0	0	0	0	0	0	0	0	0	0	0	0	0	0	0	0	0	0	0	0	0	0	0	0
188	0	0	0	0	0	893	0	0	0	0	893	0	0	0	0	0.160763	0	0	0	0	0.160763	0	0	0	0	1	0	0	0	0	0	0	0	0	107	0	0	0	0	107	0	0	0	0	1	0	0	0	0	0	0	0	0	43.1793	0	0	0	0	43.1793	0	0	0	0	1	0	0	0	0	0	0	0	0	140	0	0	0	0	140	0	0	0	0	1	0	0	0	0	0	0	0	0	0	0	0	0	0	0	0	0	0	0	0	0	0	0	0	0	0	0	0	0	0	0	0	0	0	0	0	0	0	0	0	0	0	0
189	0	0	0	0	0	920	0	0	0	0	920	0	0	0	0	0.127523	0	0	0	0	0.127523	0	0	0	0	1	0	0	0	0	0	0	0	0	103	0	0	0	0	103	0	0	0	0	1	0	0	0	0	0	0	0	0	44.9234	0	0	0	0	44.9234	0	0	0	0	1	0	0	0	0	0	0	0	0	143	0	0	0	0	143	0	0	0	0	1	0	0	0	0	0	0	0	0	0	0	0	0	0	0	0	0	0	0	0	0	0	0	0	0	0	0	0	0	0	0	0	0	0	0	0	0	0	0	0	0	0	0
190	0	0	0	0	0	951	0	0	0	0	951	0	0	0	0	0.170355	0	0	0	0	0.170355	0	0	0	0	1	0	0	0	0	0	0	0	0	101	0	0	0	0	101	0	0	0	0	1	0	0	0	0	0	0	0	0	45.0438	0	0	0	0	45.0438	0	0	0	0	1	0	0	0	0	0	0	0	0	137	0	0	0	0	137	0	0	0	0	1	0	0	0	0	0	0	0	0	0	0	0	0	0	0	0	0	0	0	0	0	0	0	0	0	0	0	0	0	0	0	0	0	0	0	0	0	0	0	0	0	0	0
191	0	0	0	0	0	970	0	0	0	0	970	0	0	0	0	0.151184	0	0	0	0	0.151184	0	0	0	0	1	0	0	0	0	0	0	0	0	85	0	0	0	0	85	0	0	0	0	1	0	0	0	0	0	0	0	0	45.6007	0	0	0	0	45.6007	0	0	0	0	1	0	0	0	0	0	0	0	0	143	0	0	0	0	143	0	0	0	0	1	0	0	0	0	0	0	0	0	0	0	0	0	0	0	0	0	0	0	0	0	0	0	0	0	0	0	0	0	0	0	0	0	0	0	0	0	0	0	0	0	0	0
192	0	0	0	0	0	964	0	0	0	0	964	0	0	0	0	0.127359	0	0	0	0	0.127359	0	0	0	0	1	0	0	0	0	0	0	0	0	79	0	0	0	0	79	0	0	0	0	1	0	0	0	0	0	0	0	0	43.9515	0	0	0	0	43.9515	0	0	0	0	1	0	0	0	0	0	0	0	0	137	0	0	0	0	137	0	0	0	0	1	0	0	0	0	0	0	0	0	0	0	0	0	0	0	0	0	0	0	0	0	0	0	0	0	0	0	0	0	0	0	0	0	0	0	0	0	0	0	0	0	0	0
193	0	0	0	0	0	959	0	0	0	0	959	0	0	0	0	0.111124	0	0	0	0	0.111124	0	0	0	0	1	0	0	0	0	0	0	0	0	90	0	0	0	0	90	0	0	0	0	1	0	0	0	0	0	0	0	0	42.7291	0	0	0	0	42.7291	0	0	0	0	1	0	0	0	0	0	0	0	0	137	0	0	0	0	137	0	0	0	0	1	0	0	0	0	0	0	0	0	0	0	0	0	0	0	0	0	0	0	0	0	0	0	0	0	0	0	0	0	0	0	0	0	0	0	0	0	0	0	0	0	0	0
194	0	0	0	0	0	958	0	0	0	0	958	0	0	0	0	0.130445	0	0	0	0	0.130445	0	0	0	0	1	0	0	0	0	0	0	0	0	108	0	0	0	0	108	0	0	0	0	1	0	0	0	0	0	0	0	0	43.9468	0	0	0	0	43.9468	0	0	0	0	1	0	0	0	0	0	0	0	0	134	0	0	0	0	134	0	0	0	0	1	0	0	0	0	0	0	0	0	0	0	0	0	0	0	0	0	0	0	0	0	0	0	0	0	0	0	0	0	0	0	0	0	0	0	0	0	0	0	0	0	0	0
195	0	0	0	0	0	927	0	0	0	0	927	0	0	0	0	0.18692	0	0	0	0	0.18692	0	0	0	0	1	0	0	0	0	0	0	0	0	145	0	0	0	0	145	0	0	0	0	1	0	0	0	0	0	0	0	0	43.757	0	0	0	0	43.757	0	0	0	0	1	0	0	0	0	0	0	0	0	130	0	0	0	0	130	0	0	0	0	1	0	0	0	0	0	0	0	0	0	0	0	0	0	0	0	0	0	0	0	0	0	0	0	0	0	0	0	0	0	0	0	0	0	0	0	0	0	0	0	0	0	0
196	0	0	0	0	0	921	0	0	0	0	921	0	0	0	0	0.174507	0	0	0	0	0.174507	0	0	0	0	1	0	0	0	0	0	0	0	0	144	0	0	0	0	144	0	0	0	0	1	0	0	0	0	0	0	0	0	45.5033	0	0	0	0	45.5033	0	0	0	0	1	0	0	0	0	0	0	0	0	138	0	0	0	0	138	0	0	0	0	1	0	0	0	0	0	0	0	0	0	0	0	0	0	0	0	0	0	0	0	0	0	0	0	0	0	0	0	0	0	0	0	0	0	0	0	0	0	0	0	0	0	0
197	0	0	0	0	0	913	0	0	0	0	913	0	0	0	0	0.182743	0	0	0	0	0.182743	0	0	0	0	1	0	0	0	0	0	0	0	0	133	0	0	0	0	133	0	0	0	0	1	0	0	0	0	0	0	0	0	45.9894	0	0	0	0	45.9894	0	0	0	0	1	0	0	0	0	0	0	0	0	146	0	0	0	0	146	0	0	0	0	1	0	0	0	0	0	0	0	0	0	0	0	0	0	0	0	0	0	0	0	0	0	0	0	0	0	0	0	0	0	0	0	0	0	0	0	0	0	0	0	0	0	0
198	0	0	0	0	0	929	0	0	0	0	929	0	0	0	0	0.147891	0	0	0	0	0.147891	0	0	0	0	1	0	0	0	0	0	0	0	0	116	0	0	0	0	116	0	0	0	0	1	0	0	0	0	0	0	0	0	47.7292	0	0	0	0	47.7292	0	0	0	0	1	0	0	0	0	0	0	0	0	151	0	0	0	0	151	0	0	0	0	1	0	0	0	0	0	0	0	0	0	0	0	0	0	0	0	0	0	0	0	0	0	0	0	0	0	0	0	0	0	0	0	0	0	0	0	0	0	0	0	0	0	0
199	0	0	0	0	0	931	0	0	0	0	931	0	0	0	0	0.143386	0	0	0	0	0.143386	0	0	0	0	1	0	0	0	0	0	0	0	0	100	0	0	0	0	100	0	0	0	0	1	0	0	0	0	0	0	0	0	49.4689	0	0	0	0	49.4689	0	0	0	0	1	0	0	0	0	0	0	0	0	152	0	0	0	0	152	0	0	0	0	1	0	0	0	0	0	0	0	0	0	0	0	0	0	0	0	0	0	0	0	0	0	0	0	0	0	0	0	0	0	0	0	0	0	0	0	0	0	0	0	0	0	0
200	0	0	0	0	0	922	0	0	0	0	922	0	0	0	0	0.1317	0	0	0	0	0.1317	0	0	0	0	1	0	0	0	0	0	0	0	0	90	0	0	0	0	90	0	0	0	0	1	0	0	0	0	0	0	0	0	48.8454	0	0	0	0	48.8454	0	0	0	0	1	0	0	0	0	0	0	0	0	146	0	0	0	0	146	0	0	0	0	1	0	0	0	0	0	0	0	0	0	0	0	0	0	0	0	0	0	0	0	0	0	0	0	0	0	0	0	0	0	0	0	0	0	0	0	0	0	0	0	0	0	0
