Location: Fake forest
From parameter file: C:\Users\ben\Desktop\inputs\input_GMF_0-0-0-0-0-1-0-0-0.xml
Basal area is normalized to m^2/ha; density to #/ha.
Subplots:
0 = Whole plot
Step	Subplot	Sdl Abs Den: ACRU	Sdl Abs Den: ACSA	Sdl Abs Den: BEAL	Sdl Abs Den: FAGR	Sdl Abs Den: TSCA	Sdl Abs Den: FRAM	Sdl Abs Den: PIST	Sdl Abs Den: PRSE	Sdl Abs Den: QURU	Sdl Den Total:	Sapl Abs BA: ACRU	Sapl Abs BA: ACSA	Sapl Abs BA: BEAL	Sapl Abs BA: FAGR	Sapl Abs BA: TSCA	Sapl Abs BA: FRAM	Sapl Abs BA: PIST	Sapl Abs BA: PRSE	Sapl Abs BA: QURU	Sapl BA Total:	Sapl Rel BA: ACRU	Sapl Rel BA: ACSA	Sapl Rel BA: BEAL	Sapl Rel BA: FAGR	Sapl Rel BA: TSCA	Sapl Rel BA: FRAM	Sapl Rel BA: PIST	Sapl Rel BA: PRSE	Sapl Rel BA: QURU	Sapl Abs Den: ACRU	Sapl Abs Den: ACSA	Sapl Abs Den: BEAL	Sapl Abs Den: FAGR	Sapl Abs Den: TSCA	Sapl Abs Den: FRAM	Sapl Abs Den: PIST	Sapl Abs Den: PRSE	Sapl Abs Den: QURU	Sapl Den Total:	Sapl Rel Den: ACRU	Sapl Rel Den: ACSA	Sapl Rel Den: BEAL	Sapl Rel Den: FAGR	Sapl Rel Den: TSCA	Sapl Rel Den: FRAM	Sapl Rel Den: PIST	Sapl Rel Den: PRSE	Sapl Rel Den: QURU	Adult Abs BA: ACRU	Adult Abs BA: ACSA	Adult Abs BA: BEAL	Adult Abs BA: FAGR	Adult Abs BA: TSCA	Adult Abs BA: FRAM	Adult Abs BA: PIST	Adult Abs BA: PRSE	Adult Abs BA: QURU	Adult BA Total:	Adult Rel BA: ACRU	Adult Rel BA: ACSA	Adult Rel BA: BEAL	Adult Rel BA: FAGR	Adult Rel BA: TSCA	Adult Rel BA: FRAM	Adult Rel BA: PIST	Adult Rel BA: PRSE	Adult Rel BA: QURU	Adult Abs Den: ACRU	Adult Abs Den: ACSA	Adult Abs Den: BEAL	Adult Abs Den: FAGR	Adult Abs Den: TSCA	Adult Abs Den: FRAM	Adult Abs Den: PIST	Adult Abs Den: PRSE	Adult Abs Den: QURU	Adult Den Total:	Adult Rel Den: ACRU	Adult Rel Den: ACSA	Adult Rel Den: BEAL	Adult Rel Den: FAGR	Adult Rel Den: TSCA	Adult Rel Den: FRAM	Adult Rel Den: PIST	Adult Rel Den: PRSE	Adult Rel Den: QURU	Snag Abs BA: ACRU	Snag Abs BA: ACSA	Snag Abs BA: BEAL	Snag Abs BA: FAGR	Snag Abs BA: TSCA	Snag Abs BA: FRAM	Snag Abs BA: PIST	Snag Abs BA: PRSE	Snag Abs BA: QURU	Snag BA Total:	Snag Rel BA: ACRU	Snag Rel BA: ACSA	Snag Rel BA: BEAL	Snag Rel BA: FAGR	Snag Rel BA: TSCA	Snag Rel BA: FRAM	Snag Rel BA: PIST	Snag Rel BA: PRSE	Snag Rel BA: QURU	Snag Abs Den: ACRU	Snag Abs Den: ACSA	Snag Abs Den: BEAL	Snag Abs Den: FAGR	Snag Abs Den: TSCA	Snag Abs Den: FRAM	Snag Abs Den: PIST	Snag Abs Den: PRSE	Snag Abs Den: QURU	Snag Den Total:	Snag Rel Den: ACRU	Snag Rel Den: ACSA	Snag Rel Den: BEAL	Snag Rel Den: FAGR	Snag Rel Den: TSCA	Snag Rel Den: FRAM	Snag Rel Den: PIST	Snag Rel Den: PRSE	Snag Rel Den: QURU
0	0	0	0	0	0	0	0	0	0	0	0	0	0	0	0	0	0.000733599	0	0	0	0.000733599	0	0	0	0	0	1	0	0	0	0	0	0	0	0	25	0	0	0	25	0	0	0	0	0	1	0	0	0	0	0	0	0	0	0	0	0	0	0	0	0	0	0	0	0	0	0	0	0	0	0	0	0	0	0	0	0	0	0	0	0	0	0	0	0	0	0	0	0	0	0	0	0	0	0	0	0	0	0	0	0	0	0	0	0	0	0	0	0	0	0	0	0	0	0	0	0	0	0	0	0	0	0	0	0
1	0	0	0	0	0	0	0	0	0	0	0	0	0	0	0	0	0.00453507	0	0	0	0.00453507	0	0	0	0	0	1	0	0	0	0	0	0	0	0	22	0	0	0	22	0	0	0	0	0	1	0	0	0	0	0	0	0	0	0	0	0	0	0	0	0	0	0	0	0	0	0	0	0	0	0	0	0	0	0	0	0	0	0	0	0	0	0	0	0	0	0	0	0	0	0	0	0	0	0	0	0	0	0	0	0	0	0	0	0	0	0	0	0	0	0	0	0	0	0	0	0	0	0	0	0	0	0	0	0
2	0	0	0	0	0	0	0	0	0	0	0	0	0	0	0	0	0.029423	0	0	0	0.029423	0	0	0	0	0	1	0	0	0	0	0	0	0	0	21	0	0	0	21	0	0	0	0	0	1	0	0	0	0	0	0	0	0	0	0	0	0	0	0	0	0	0	0	0	0	0	0	0	0	0	0	0	0	0	0	0	0	0	0	0	0	0	0	0	0	0	0	0	0	0	0	0	0	0	0	0	0	0	0	0	0	0	0	0	0	0	0	0	0	0	0	0	0	0	0	0	0	0	0	0	0	0	0	0
3	0	0	0	0	0	0	0	0	0	0	0	0	0	0	0	0	0.038996	0	0	0	0.038996	0	0	0	0	0	1	0	0	0	0	0	0	0	0	10	0	0	0	10	0	0	0	0	0	1	0	0	0	0	0	0	0	0	0.143194	0	0	0	0.143194	0	0	0	0	0	1	0	0	0	0	0	0	0	0	9	0	0	0	9	0	0	0	0	0	1	0	0	0	0	0	0	0	0	0	0	0	0	0	0	0	0	0	0	0	0	0	0	0	0	0	0	0	0	0	0	0	0	0	0	0	0	0	0	0	0	0
4	0	0	0	0	0	0	3	0	0	0	3	0	0	0	0	0	0.0135015	0	0	0	0.0135015	0	0	0	0	0	1	0	0	0	0	0	0	0	0	2	0	0	0	2	0	0	0	0	0	1	0	0	0	0	0	0	0	0	0.651166	0	0	0	0.651166	0	0	0	0	0	1	0	0	0	0	0	0	0	0	16	0	0	0	16	0	0	0	0	0	1	0	0	0	0	0	0	0	0	0	0	0	0	0	0	0	0	0	0	0	0	0	0	0	0	0	0	0	0	0	0	0	0	0	0	0	0	0	0	0	0	0
5	0	0	0	0	0	0	10	0	0	0	10	0	0	0	0	0	0	0	0	0	0	0	0	0	0	0	0	0	0	0	0	0	0	0	0	0	0	0	0	0	0	0	0	0	0	0	0	0	0	0	0	0	0	0	1.17677	0	0	0	1.17677	0	0	0	0	0	1	0	0	0	0	0	0	0	0	18	0	0	0	18	0	0	0	0	0	1	0	0	0	0	0	0	0	0	0	0	0	0	0	0	0	0	0	0	0	0	0	0	0	0	0	0	0	0	0	0	0	0	0	0	0	0	0	0	0	0	0
6	0	0	0	0	0	0	12	0	0	0	12	0	0	0	0	0	0	0	0	0	0	0	0	0	0	0	0	0	0	0	0	0	0	0	0	0	0	0	0	0	0	0	0	0	0	0	0	0	0	0	0	0	0	0	1.64049	0	0	0	1.64049	0	0	0	0	0	1	0	0	0	0	0	0	0	0	18	0	0	0	18	0	0	0	0	0	1	0	0	0	0	0	0	0	0	0	0	0	0	0	0	0	0	0	0	0	0	0	0	0	0	0	0	0	0	0	0	0	0	0	0	0	0	0	0	0	0	0
7	0	0	0	0	0	0	24	0	0	0	24	0	0	0	0	0	0.000949625	0	0	0	0.000949625	0	0	0	0	0	1	0	0	0	0	0	0	0	0	2	0	0	0	2	0	0	0	0	0	1	0	0	0	0	0	0	0	0	2.09246	0	0	0	2.09246	0	0	0	0	0	1	0	0	0	0	0	0	0	0	18	0	0	0	18	0	0	0	0	0	1	0	0	0	0	0	0	0	0	0	0	0	0	0	0	0	0	0	0	0	0	0	0	0	0	0	0	0	0	0	0	0	0	0	0	0	0	0	0	0	0	0
8	0	0	0	0	0	0	28	0	0	0	28	0	0	0	0	0	0.0074639	0	0	0	0.0074639	0	0	0	0	0	1	0	0	0	0	0	0	0	0	5	0	0	0	5	0	0	0	0	0	1	0	0	0	0	0	0	0	0	2.41698	0	0	0	2.41698	0	0	0	0	0	1	0	0	0	0	0	0	0	0	17	0	0	0	17	0	0	0	0	0	1	0	0	0	0	0	0	0	0	0	0	0	0	0	0	0	0	0	0	0	0	0	0	0	0	0	0	0	0	0	0	0	0	0	0	0	0	0	0	0	0	0
9	0	0	0	0	0	0	38	0	0	0	38	0	0	0	0	0	0.0111255	0	0	0	0.0111255	0	0	0	0	0	1	0	0	0	0	0	0	0	0	8	0	0	0	8	0	0	0	0	0	1	0	0	0	0	0	0	0	0	2.87283	0	0	0	2.87283	0	0	0	0	0	1	0	0	0	0	0	0	0	0	19	0	0	0	19	0	0	0	0	0	1	0	0	0	0	0	0	0	0	0	0	0	0	0	0	0	0	0	0	0	0	0	0	0	0	0	0	0	0	0	0	0	0	0	0	0	0	0	0	0	0	0
10	0	0	0	0	0	0	36	0	0	0	36	0	0	0	0	0	0.0204796	0	0	0	0.0204796	0	0	0	0	0	1	0	0	0	0	0	0	0	0	16	0	0	0	16	0	0	0	0	0	1	0	0	0	0	0	0	0	0	3.22627	0	0	0	3.22627	0	0	0	0	0	1	0	0	0	0	0	0	0	0	21	0	0	0	21	0	0	0	0	0	1	0	0	0	0	0	0	0	0	0	0	0	0	0	0	0	0	0	0	0	0	0	0	0	0	0	0	0	0	0	0	0	0	0	0	0	0	0	0	0	0	0
11	0	0	0	0	0	0	48	0	0	0	48	0	0	0	0	0	0.0317903	0	0	0	0.0317903	0	0	0	0	0	1	0	0	0	0	0	0	0	0	16	0	0	0	16	0	0	0	0	0	1	0	0	0	0	0	0	0	0	3.86055	0	0	0	3.86055	0	0	0	0	0	1	0	0	0	0	0	0	0	0	26	0	0	0	26	0	0	0	0	0	1	0	0	0	0	0	0	0	0	0	0	0	0	0	0	0	0	0	0	0	0	0	0	0	0	0	0	0	0	0	0	0	0	0	0	0	0	0	0	0	0	0
12	0	0	0	0	0	0	57	0	0	0	57	0	0	0	0	0	0.0214158	0	0	0	0.0214158	0	0	0	0	0	1	0	0	0	0	0	0	0	0	15	0	0	0	15	0	0	0	0	0	1	0	0	0	0	0	0	0	0	4.64437	0	0	0	4.64437	0	0	0	0	0	1	0	0	0	0	0	0	0	0	34	0	0	0	34	0	0	0	0	0	1	0	0	0	0	0	0	0	0	0	0	0	0	0	0	0	0	0	0	0	0	0	0	0	0	0	0	0	0	0	0	0	0	0	0	0	0	0	0	0	0	0
13	0	0	0	0	0	0	64	0	0	0	64	0	0	0	0	0	0.0303936	0	0	0	0.0303936	0	0	0	0	0	1	0	0	0	0	0	0	0	0	21	0	0	0	21	0	0	0	0	0	1	0	0	0	0	0	0	0	0	5.60449	0	0	0	5.60449	0	0	0	0	0	1	0	0	0	0	0	0	0	0	39	0	0	0	39	0	0	0	0	0	1	0	0	0	0	0	0	0	0	0	0	0	0	0	0	0	0	0	0	0	0	0	0	0	0	0	0	0	0	0	0	0	0	0	0	0	0	0	0	0	0	0
14	0	0	0	0	0	0	78	0	0	0	78	0	0	0	0	0	0.0346043	0	0	0	0.0346043	0	0	0	0	0	1	0	0	0	0	0	0	0	0	22	0	0	0	22	0	0	0	0	0	1	0	0	0	0	0	0	0	0	6.12489	0	0	0	6.12489	0	0	0	0	0	1	0	0	0	0	0	0	0	0	43	0	0	0	43	0	0	0	0	0	1	0	0	0	0	0	0	0	0	0	0	0	0	0	0	0	0	0	0	0	0	0	0	0	0	0	0	0	0	0	0	0	0	0	0	0	0	0	0	0	0	0
15	0	0	0	0	0	0	85	0	0	0	85	0	0	0	0	0	0.0314439	0	0	0	0.0314439	0	0	0	0	0	1	0	0	0	0	0	0	0	0	26	0	0	0	26	0	0	0	0	0	1	0	0	0	0	0	0	0	0	7.4335	0	0	0	7.4335	0	0	0	0	0	1	0	0	0	0	0	0	0	0	54	0	0	0	54	0	0	0	0	0	1	0	0	0	0	0	0	0	0	0	0	0	0	0	0	0	0	0	0	0	0	0	0	0	0	0	0	0	0	0	0	0	0	0	0	0	0	0	0	0	0	0
16	0	0	0	0	0	0	104	0	0	0	104	0	0	0	0	0	0.0398724	0	0	0	0.0398724	0	0	0	0	0	1	0	0	0	0	0	0	0	0	29	0	0	0	29	0	0	0	0	0	1	0	0	0	0	0	0	0	0	8.75573	0	0	0	8.75573	0	0	0	0	0	1	0	0	0	0	0	0	0	0	61	0	0	0	61	0	0	0	0	0	1	0	0	0	0	0	0	0	0	0	0	0	0	0	0	0	0	0	0	0	0	0	0	0	0	0	0	0	0	0	0	0	0	0	0	0	0	0	0	0	0	0
17	0	0	0	0	0	0	118	0	0	0	118	0	0	0	0	0	0.039938	0	0	0	0.039938	0	0	0	0	0	1	0	0	0	0	0	0	0	0	29	0	0	0	29	0	0	0	0	0	1	0	0	0	0	0	0	0	0	9.99027	0	0	0	9.99027	0	0	0	0	0	1	0	0	0	0	0	0	0	0	71	0	0	0	71	0	0	0	0	0	1	0	0	0	0	0	0	0	0	0	0	0	0	0	0	0	0	0	0	0	0	0	0	0	0	0	0	0	0	0	0	0	0	0	0	0	0	0	0	0	0	0
18	0	0	0	0	0	0	134	0	0	0	134	0	0	0	0	0	0.0447665	0	0	0	0.0447665	0	0	0	0	0	1	0	0	0	0	0	0	0	0	40	0	0	0	40	0	0	0	0	0	1	0	0	0	0	0	0	0	0	11.028	0	0	0	11.028	0	0	0	0	0	1	0	0	0	0	0	0	0	0	78	0	0	0	78	0	0	0	0	0	1	0	0	0	0	0	0	0	0	0	0	0	0	0	0	0	0	0	0	0	0	0	0	0	0	0	0	0	0	0	0	0	0	0	0	0	0	0	0	0	0	0
19	0	0	0	0	0	0	149	0	0	0	149	0	0	0	0	0	0.0677142	0	0	0	0.0677142	0	0	0	0	0	1	0	0	0	0	0	0	0	0	52	0	0	0	52	0	0	0	0	0	1	0	0	0	0	0	0	0	0	12.7288	0	0	0	12.7288	0	0	0	0	0	1	0	0	0	0	0	0	0	0	88	0	0	0	88	0	0	0	0	0	1	0	0	0	0	0	0	0	0	0	0	0	0	0	0	0	0	0	0	0	0	0	0	0	0	0	0	0	0	0	0	0	0	0	0	0	0	0	0	0	0	0
20	0	0	0	0	0	0	161	0	0	0	161	0	0	0	0	0	0.0852184	0	0	0	0.0852184	0	0	0	0	0	1	0	0	0	0	0	0	0	0	59	0	0	0	59	0	0	0	0	0	1	0	0	0	0	0	0	0	0	15.0745	0	0	0	15.0745	0	0	0	0	0	1	0	0	0	0	0	0	0	0	105	0	0	0	105	0	0	0	0	0	1	0	0	0	0	0	0	0	0	0	0	0	0	0	0	0	0	0	0	0	0	0	0	0	0	0	0	0	0	0	0	0	0	0	0	0	0	0	0	0	0	0
21	0	0	0	0	0	0	194	0	0	0	194	0	0	0	0	0	0.110251	0	0	0	0.110251	0	0	0	0	0	1	0	0	0	0	0	0	0	0	67	0	0	0	67	0	0	0	0	0	1	0	0	0	0	0	0	0	0	17.5274	0	0	0	17.5274	0	0	0	0	0	1	0	0	0	0	0	0	0	0	119	0	0	0	119	0	0	0	0	0	1	0	0	0	0	0	0	0	0	0	0	0	0	0	0	0	0	0	0	0	0	0	0	0	0	0	0	0	0	0	0	0	0	0	0	0	0	0	0	0	0	0
22	0	0	0	0	0	0	230	0	0	0	230	0	0	0	0	0	0.0862679	0	0	0	0.0862679	0	0	0	0	0	1	0	0	0	0	0	0	0	0	60	0	0	0	60	0	0	0	0	0	1	0	0	0	0	0	0	0	0	20.8202	0	0	0	20.8202	0	0	0	0	0	1	0	0	0	0	0	0	0	0	148	0	0	0	148	0	0	0	0	0	1	0	0	0	0	0	0	0	0	0	0	0	0	0	0	0	0	0	0	0	0	0	0	0	0	0	0	0	0	0	0	0	0	0	0	0	0	0	0	0	0	0
23	0	0	0	0	0	0	275	0	0	0	275	0	0	0	0	0	0.088011	0	0	0	0.088011	0	0	0	0	0	1	0	0	0	0	0	0	0	0	79	0	0	0	79	0	0	0	0	0	1	0	0	0	0	0	0	0	0	23.7346	0	0	0	23.7346	0	0	0	0	0	1	0	0	0	0	0	0	0	0	164	0	0	0	164	0	0	0	0	0	1	0	0	0	0	0	0	0	0	0	0	0	0	0	0	0	0	0	0	0	0	0	0	0	0	0	0	0	0	0	0	0	0	0	0	0	0	0	0	0	0	0
24	0	0	0	0	0	0	306	0	0	0	306	0	0	0	0	0	0.153314	0	0	0	0.153314	0	0	0	0	0	1	0	0	0	0	0	0	0	0	104	0	0	0	104	0	0	0	0	0	1	0	0	0	0	0	0	0	0	26.4862	0	0	0	26.4862	0	0	0	0	0	1	0	0	0	0	0	0	0	0	170	0	0	0	170	0	0	0	0	0	1	0	0	0	0	0	0	0	0	0	0	0	0	0	0	0	0	0	0	0	0	0	0	0	0	0	0	0	0	0	0	0	0	0	0	0	0	0	0	0	0	0
25	0	0	0	0	0	0	342	0	0	0	342	0	0	0	0	0	0.177351	0	0	0	0.177351	0	0	0	0	0	1	0	0	0	0	0	0	0	0	110	0	0	0	110	0	0	0	0	0	1	0	0	0	0	0	0	0	0	29.6187	0	0	0	29.6187	0	0	0	0	0	1	0	0	0	0	0	0	0	0	192	0	0	0	192	0	0	0	0	0	1	0	0	0	0	0	0	0	0	0	0	0	0	0	0	0	0	0	0	0	0	0	0	0	0	0	0	0	0	0	0	0	0	0	0	0	0	0	0	0	0	0
26	0	0	0	0	0	0	349	0	0	0	349	0	0	0	0	0	0.18587	0	0	0	0.18587	0	0	0	0	0	1	0	0	0	0	0	0	0	0	123	0	0	0	123	0	0	0	0	0	1	0	0	0	0	0	0	0	0	33.4103	0	0	0	33.4103	0	0	0	0	0	1	0	0	0	0	0	0	0	0	217	0	0	0	217	0	0	0	0	0	1	0	0	0	0	0	0	0	0	0	0	0	0	0	0	0	0	0	0	0	0	0	0	0	0	0	0	0	0	0	0	0	0	0	0	0	0	0	0	0	0	0
27	0	0	0	0	0	0	399	0	0	0	399	0	0	0	0	0	0.211325	0	0	0	0.211325	0	0	0	0	0	1	0	0	0	0	0	0	0	0	129	0	0	0	129	0	0	0	0	0	1	0	0	0	0	0	0	0	0	37.2592	0	0	0	37.2592	0	0	0	0	0	1	0	0	0	0	0	0	0	0	236	0	0	0	236	0	0	0	0	0	1	0	0	0	0	0	0	0	0	0	0	0	0	0	0	0	0	0	0	0	0	0	0	0	0	0	0	0	0	0	0	0	0	0	0	0	0	0	0	0	0	0
28	0	0	0	0	0	0	419	0	0	0	419	0	0	0	0	0	0.236106	0	0	0	0.236106	0	0	0	0	0	1	0	0	0	0	0	0	0	0	148	0	0	0	148	0	0	0	0	0	1	0	0	0	0	0	0	0	0	40.7894	0	0	0	40.7894	0	0	0	0	0	1	0	0	0	0	0	0	0	0	249	0	0	0	249	0	0	0	0	0	1	0	0	0	0	0	0	0	0	0	0	0	0	0	0	0	0	0	0	0	0	0	0	0	0	0	0	0	0	0	0	0	0	0	0	0	0	0	0	0	0	0
29	0	0	0	0	0	0	420	0	0	0	420	0	0	0	0	0	0.243799	0	0	0	0.243799	0	0	0	0	0	1	0	0	0	0	0	0	0	0	152	0	0	0	152	0	0	0	0	0	1	0	0	0	0	0	0	0	0	44.131	0	0	0	44.131	0	0	0	0	0	1	0	0	0	0	0	0	0	0	271	0	0	0	271	0	0	0	0	0	1	0	0	0	0	0	0	0	0	0	0	0	0	0	0	0	0	0	0	0	0	0	0	0	0	0	0	0	0	0	0	0	0	0	0	0	0	0	0	0	0	0
30	0	0	0	0	0	0	432	0	0	0	432	0	0	0	0	0	0.266086	0	0	0	0.266086	0	0	0	0	0	1	0	0	0	0	0	0	0	0	159	0	0	0	159	0	0	0	0	0	1	0	0	0	0	0	0	0	0	48.7138	0	0	0	48.7138	0	0	0	0	0	1	0	0	0	0	0	0	0	0	291	0	0	0	291	0	0	0	0	0	1	0	0	0	0	0	0	0	0	0	0	0	0	0	0	0	0	0	0	0	0	0	0	0	0	0	0	0	0	0	0	0	0	0	0	0	0	0	0	0	0	0
31	0	0	0	0	0	0	477	0	0	0	477	0	0	0	0	0	0.259056	0	0	0	0.259056	0	0	0	0	0	1	0	0	0	0	0	0	0	0	152	0	0	0	152	0	0	0	0	0	1	0	0	0	0	0	0	0	0	54.0493	0	0	0	54.0493	0	0	0	0	0	1	0	0	0	0	0	0	0	0	316	0	0	0	316	0	0	0	0	0	1	0	0	0	0	0	0	0	0	0	0	0	0	0	0	0	0	0	0	0	0	0	0	0	0	0	0	0	0	0	0	0	0	0	0	0	0	0	0	0	0	0
32	0	0	0	0	0	0	487	0	0	0	487	0	0	0	0	0	0.223521	0	0	0	0.223521	0	0	0	0	0	1	0	0	0	0	0	0	0	0	140	0	0	0	140	0	0	0	0	0	1	0	0	0	0	0	0	0	0	58.9191	0	0	0	58.9191	0	0	0	0	0	1	0	0	0	0	0	0	0	0	340	0	0	0	340	0	0	0	0	0	1	0	0	0	0	0	0	0	0	0	0	0	0	0	0	0	0	0	0	0	0	0	0	0	0	0	0	0	0	0	0	0	0	0	0	0	0	0	0	0	0	0
33	0	0	0	0	0	0	512	0	0	0	512	0	0	0	0	0	0.250656	0	0	0	0.250656	0	0	0	0	0	1	0	0	0	0	0	0	0	0	141	0	0	0	141	0	0	0	0	0	1	0	0	0	0	0	0	0	0	64.095	0	0	0	64.095	0	0	0	0	0	1	0	0	0	0	0	0	0	0	352	0	0	0	352	0	0	0	0	0	1	0	0	0	0	0	0	0	0	0	0	0	0	0	0	0	0	0	0	0	0	0	0	0	0	0	0	0	0	0	0	0	0	0	0	0	0	0	0	0	0	0
34	0	0	0	0	0	0	539	0	0	0	539	0	0	0	0	0	0.25796	0	0	0	0.25796	0	0	0	0	0	1	0	0	0	0	0	0	0	0	128	0	0	0	128	0	0	0	0	0	1	0	0	0	0	0	0	0	0	69.286	0	0	0	69.286	0	0	0	0	0	1	0	0	0	0	0	0	0	0	357	0	0	0	357	0	0	0	0	0	1	0	0	0	0	0	0	0	0	0	0	0	0	0	0	0	0	0	0	0	0	0	0	0	0	0	0	0	0	0	0	0	0	0	0	0	0	0	0	0	0	0
35	0	0	0	0	0	0	559	0	0	0	559	0	0	0	0	0	0.262412	0	0	0	0.262412	0	0	0	0	0	1	0	0	0	0	0	0	0	0	116	0	0	0	116	0	0	0	0	0	1	0	0	0	0	0	0	0	0	72.391	0	0	0	72.391	0	0	0	0	0	1	0	0	0	0	0	0	0	0	357	0	0	0	357	0	0	0	0	0	1	0	0	0	0	0	0	0	0	0	0	0	0	0	0	0	0	0	0	0	0	0	0	0	0	0	0	0	0	0	0	0	0	0	0	0	0	0	0	0	0	0
36	0	0	0	0	0	0	561	0	0	0	561	0	0	0	0	0	0.219473	0	0	0	0.219473	0	0	0	0	0	1	0	0	0	0	0	0	0	0	96	0	0	0	96	0	0	0	0	0	1	0	0	0	0	0	0	0	0	76.1362	0	0	0	76.1362	0	0	0	0	0	1	0	0	0	0	0	0	0	0	360	0	0	0	360	0	0	0	0	0	1	0	0	0	0	0	0	0	0	0	0	0	0	0	0	0	0	0	0	0	0	0	0	0	0	0	0	0	0	0	0	0	0	0	0	0	0	0	0	0	0	0
37	0	0	0	0	0	0	602	0	0	0	602	0	0	0	0	0	0.177897	0	0	0	0.177897	0	0	0	0	0	1	0	0	0	0	0	0	0	0	77	0	0	0	77	0	0	0	0	0	1	0	0	0	0	0	0	0	0	80.1558	0	0	0	80.1558	0	0	0	0	0	1	0	0	0	0	0	0	0	0	363	0	0	0	363	0	0	0	0	0	1	0	0	0	0	0	0	0	0	0	0	0	0	0	0	0	0	0	0	0	0	0	0	0	0	0	0	0	0	0	0	0	0	0	0	0	0	0	0	0	0	0
38	0	0	0	0	0	0	579	0	0	0	579	0	0	0	0	0	0.177374	0	0	0	0.177374	0	0	0	0	0	1	0	0	0	0	0	0	0	0	73	0	0	0	73	0	0	0	0	0	1	0	0	0	0	0	0	0	0	79.8676	0	0	0	79.8676	0	0	0	0	0	1	0	0	0	0	0	0	0	0	350	0	0	0	350	0	0	0	0	0	1	0	0	0	0	0	0	0	0	0	0	0	0	0	0	0	0	0	0	0	0	0	0	0	0	0	0	0	0	0	0	0	0	0	0	0	0	0	0	0	0	0
39	0	0	0	0	0	0	607	0	0	0	607	0	0	0	0	0	0.178435	0	0	0	0.178435	0	0	0	0	0	1	0	0	0	0	0	0	0	0	67	0	0	0	67	0	0	0	0	0	1	0	0	0	0	0	0	0	0	82.2655	0	0	0	82.2655	0	0	0	0	0	1	0	0	0	0	0	0	0	0	342	0	0	0	342	0	0	0	0	0	1	0	0	0	0	0	0	0	0	0	0	0	0	0	0	0	0	0	0	0	0	0	0	0	0	0	0	0	0	0	0	0	0	0	0	0	0	0	0	0	0	0
40	0	0	0	0	0	0	612	0	0	0	612	0	0	0	0	0	0.116066	0	0	0	0.116066	0	0	0	0	0	1	0	0	0	0	0	0	0	0	59	0	0	0	59	0	0	0	0	0	1	0	0	0	0	0	0	0	0	85.0036	0	0	0	85.0036	0	0	0	0	0	1	0	0	0	0	0	0	0	0	340	0	0	0	340	0	0	0	0	0	1	0	0	0	0	0	0	0	0	0	0	0	0	0	0	0	0	0	0	0	0	0	0	0	0	0	0	0	0	0	0	0	0	0	0	0	0	0	0	0	0	0
41	0	0	0	0	0	0	600	0	0	0	600	0	0	0	0	0	0.121612	0	0	0	0.121612	0	0	0	0	0	1	0	0	0	0	0	0	0	0	58	0	0	0	58	0	0	0	0	0	1	0	0	0	0	0	0	0	0	87.6301	0	0	0	87.6301	0	0	0	0	0	1	0	0	0	0	0	0	0	0	336	0	0	0	336	0	0	0	0	0	1	0	0	0	0	0	0	0	0	0	0	0	0	0	0	0	0	0	0	0	0	0	0	0	0	0	0	0	0	0	0	0	0	0	0	0	0	0	0	0	0	0
42	0	0	0	0	0	0	612	0	0	0	612	0	0	0	0	0	0.147087	0	0	0	0.147087	0	0	0	0	0	1	0	0	0	0	0	0	0	0	59	0	0	0	59	0	0	0	0	0	1	0	0	0	0	0	0	0	0	89.0739	0	0	0	89.0739	0	0	0	0	0	1	0	0	0	0	0	0	0	0	327	0	0	0	327	0	0	0	0	0	1	0	0	0	0	0	0	0	0	0	0	0	0	0	0	0	0	0	0	0	0	0	0	0	0	0	0	0	0	0	0	0	0	0	0	0	0	0	0	0	0	0
43	0	0	0	0	0	0	632	0	0	0	632	0	0	0	0	0	0.118718	0	0	0	0.118718	0	0	0	0	0	1	0	0	0	0	0	0	0	0	47	0	0	0	47	0	0	0	0	0	1	0	0	0	0	0	0	0	0	91.5885	0	0	0	91.5885	0	0	0	0	0	1	0	0	0	0	0	0	0	0	326	0	0	0	326	0	0	0	0	0	1	0	0	0	0	0	0	0	0	0	0	0	0	0	0	0	0	0	0	0	0	0	0	0	0	0	0	0	0	0	0	0	0	0	0	0	0	0	0	0	0	0
44	0	0	0	0	0	0	647	0	0	0	647	0	0	0	0	0	0.079043	0	0	0	0.079043	0	0	0	0	0	1	0	0	0	0	0	0	0	0	39	0	0	0	39	0	0	0	0	0	1	0	0	0	0	0	0	0	0	94.0276	0	0	0	94.0276	0	0	0	0	0	1	0	0	0	0	0	0	0	0	323	0	0	0	323	0	0	0	0	0	1	0	0	0	0	0	0	0	0	0	0	0	0	0	0	0	0	0	0	0	0	0	0	0	0	0	0	0	0	0	0	0	0	0	0	0	0	0	0	0	0	0
45	0	0	0	0	0	0	628	0	0	0	628	0	0	0	0	0	0.0718905	0	0	0	0.0718905	0	0	0	0	0	1	0	0	0	0	0	0	0	0	34	0	0	0	34	0	0	0	0	0	1	0	0	0	0	0	0	0	0	93.661	0	0	0	93.661	0	0	0	0	0	1	0	0	0	0	0	0	0	0	310	0	0	0	310	0	0	0	0	0	1	0	0	0	0	0	0	0	0	0	0	0	0	0	0	0	0	0	0	0	0	0	0	0	0	0	0	0	0	0	0	0	0	0	0	0	0	0	0	0	0	0
46	0	0	0	0	0	0	636	0	0	0	636	0	0	0	0	0	0.0639359	0	0	0	0.0639359	0	0	0	0	0	1	0	0	0	0	0	0	0	0	27	0	0	0	27	0	0	0	0	0	1	0	0	0	0	0	0	0	0	93.0674	0	0	0	93.0674	0	0	0	0	0	1	0	0	0	0	0	0	0	0	298	0	0	0	298	0	0	0	0	0	1	0	0	0	0	0	0	0	0	0	0	0	0	0	0	0	0	0	0	0	0	0	0	0	0	0	0	0	0	0	0	0	0	0	0	0	0	0	0	0	0	0
47	0	0	0	0	0	0	650	0	0	0	650	0	0	0	0	0	0.0645091	0	0	0	0.0645091	0	0	0	0	0	1	0	0	0	0	0	0	0	0	25	0	0	0	25	0	0	0	0	0	1	0	0	0	0	0	0	0	0	95.5792	0	0	0	95.5792	0	0	0	0	0	1	0	0	0	0	0	0	0	0	293	0	0	0	293	0	0	0	0	0	1	0	0	0	0	0	0	0	0	0	0	0	0	0	0	0	0	0	0	0	0	0	0	0	0	0	0	0	0	0	0	0	0	0	0	0	0	0	0	0	0	0
48	0	0	0	0	0	0	623	0	0	0	623	0	0	0	0	0	0.0551145	0	0	0	0.0551145	0	0	0	0	0	1	0	0	0	0	0	0	0	0	23	0	0	0	23	0	0	0	0	0	1	0	0	0	0	0	0	0	0	92.9791	0	0	0	92.9791	0	0	0	0	0	1	0	0	0	0	0	0	0	0	273	0	0	0	273	0	0	0	0	0	1	0	0	0	0	0	0	0	0	0	0	0	0	0	0	0	0	0	0	0	0	0	0	0	0	0	0	0	0	0	0	0	0	0	0	0	0	0	0	0	0	0
49	0	0	0	0	0	0	636	0	0	0	636	0	0	0	0	0	0.0550705	0	0	0	0.0550705	0	0	0	0	0	1	0	0	0	0	0	0	0	0	26	0	0	0	26	0	0	0	0	0	1	0	0	0	0	0	0	0	0	92.4058	0	0	0	92.4058	0	0	0	0	0	1	0	0	0	0	0	0	0	0	262	0	0	0	262	0	0	0	0	0	1	0	0	0	0	0	0	0	0	0	0	0	0	0	0	0	0	0	0	0	0	0	0	0	0	0	0	0	0	0	0	0	0	0	0	0	0	0	0	0	0	0
50	0	0	0	0	0	0	645	0	0	0	645	0	0	0	0	0	0.0610959	0	0	0	0.0610959	0	0	0	0	0	1	0	0	0	0	0	0	0	0	27	0	0	0	27	0	0	0	0	0	1	0	0	0	0	0	0	0	0	92.7274	0	0	0	92.7274	0	0	0	0	0	1	0	0	0	0	0	0	0	0	248	0	0	0	248	0	0	0	0	0	1	0	0	0	0	0	0	0	0	0	0	0	0	0	0	0	0	0	0	0	0	0	0	0	0	0	0	0	0	0	0	0	0	0	0	0	0	0	0	0	0	0
51	0	0	0	0	0	0	625	0	0	0	625	0	0	0	0	0	0.0516779	0	0	0	0.0516779	0	0	0	0	0	1	0	0	0	0	0	0	0	0	21	0	0	0	21	0	0	0	0	0	1	0	0	0	0	0	0	0	0	90.5982	0	0	0	90.5982	0	0	0	0	0	1	0	0	0	0	0	0	0	0	237	0	0	0	237	0	0	0	0	0	1	0	0	0	0	0	0	0	0	0	0	0	0	0	0	0	0	0	0	0	0	0	0	0	0	0	0	0	0	0	0	0	0	0	0	0	0	0	0	0	0	0
52	0	0	0	0	0	0	629	0	0	0	629	0	0	0	0	0	0.0374993	0	0	0	0.0374993	0	0	0	0	0	1	0	0	0	0	0	0	0	0	21	0	0	0	21	0	0	0	0	0	1	0	0	0	0	0	0	0	0	90.5855	0	0	0	90.5855	0	0	0	0	0	1	0	0	0	0	0	0	0	0	229	0	0	0	229	0	0	0	0	0	1	0	0	0	0	0	0	0	0	0	0	0	0	0	0	0	0	0	0	0	0	0	0	0	0	0	0	0	0	0	0	0	0	0	0	0	0	0	0	0	0	0
53	0	0	0	0	0	0	644	0	0	0	644	0	0	0	0	0	0.0501038	0	0	0	0.0501038	0	0	0	0	0	1	0	0	0	0	0	0	0	0	26	0	0	0	26	0	0	0	0	0	1	0	0	0	0	0	0	0	0	93.3464	0	0	0	93.3464	0	0	0	0	0	1	0	0	0	0	0	0	0	0	228	0	0	0	228	0	0	0	0	0	1	0	0	0	0	0	0	0	0	0	0	0	0	0	0	0	0	0	0	0	0	0	0	0	0	0	0	0	0	0	0	0	0	0	0	0	0	0	0	0	0	0
54	0	0	0	0	0	0	610	0	0	0	610	0	0	0	0	0	0.0359882	0	0	0	0.0359882	0	0	0	0	0	1	0	0	0	0	0	0	0	0	24	0	0	0	24	0	0	0	0	0	1	0	0	0	0	0	0	0	0	89.9454	0	0	0	89.9454	0	0	0	0	0	1	0	0	0	0	0	0	0	0	215	0	0	0	215	0	0	0	0	0	1	0	0	0	0	0	0	0	0	0	0	0	0	0	0	0	0	0	0	0	0	0	0	0	0	0	0	0	0	0	0	0	0	0	0	0	0	0	0	0	0	0
55	0	0	0	0	0	0	614	0	0	0	614	0	0	0	0	0	0.0322922	0	0	0	0.0322922	0	0	0	0	0	1	0	0	0	0	0	0	0	0	22	0	0	0	22	0	0	0	0	0	1	0	0	0	0	0	0	0	0	87.5207	0	0	0	87.5207	0	0	0	0	0	1	0	0	0	0	0	0	0	0	207	0	0	0	207	0	0	0	0	0	1	0	0	0	0	0	0	0	0	0	0	0	0	0	0	0	0	0	0	0	0	0	0	0	0	0	0	0	0	0	0	0	0	0	0	0	0	0	0	0	0	0
56	0	0	0	0	0	0	579	0	0	0	579	0	0	0	0	0	0.0427754	0	0	0	0.0427754	0	0	0	0	0	1	0	0	0	0	0	0	0	0	20	0	0	0	20	0	0	0	0	0	1	0	0	0	0	0	0	0	0	84.3068	0	0	0	84.3068	0	0	0	0	0	1	0	0	0	0	0	0	0	0	195	0	0	0	195	0	0	0	0	0	1	0	0	0	0	0	0	0	0	0	0	0	0	0	0	0	0	0	0	0	0	0	0	0	0	0	0	0	0	0	0	0	0	0	0	0	0	0	0	0	0	0
57	0	0	0	0	0	0	576	0	0	0	576	0	0	0	0	0	0.0605112	0	0	0	0.0605112	0	0	0	0	0	1	0	0	0	0	0	0	0	0	19	0	0	0	19	0	0	0	0	0	1	0	0	0	0	0	0	0	0	82.0146	0	0	0	82.0146	0	0	0	0	0	1	0	0	0	0	0	0	0	0	185	0	0	0	185	0	0	0	0	0	1	0	0	0	0	0	0	0	0	0	0	0	0	0	0	0	0	0	0	0	0	0	0	0	0	0	0	0	0	0	0	0	0	0	0	0	0	0	0	0	0	0
58	0	0	0	0	0	0	582	0	0	0	582	0	0	0	0	0	0.0443802	0	0	0	0.0443802	0	0	0	0	0	1	0	0	0	0	0	0	0	0	16	0	0	0	16	0	0	0	0	0	1	0	0	0	0	0	0	0	0	81.6228	0	0	0	81.6228	0	0	0	0	0	1	0	0	0	0	0	0	0	0	181	0	0	0	181	0	0	0	0	0	1	0	0	0	0	0	0	0	0	0	0	0	0	0	0	0	0	0	0	0	0	0	0	0	0	0	0	0	0	0	0	0	0	0	0	0	0	0	0	0	0	0
59	0	0	0	0	0	0	570	0	0	0	570	0	0	0	0	0	0.0252221	0	0	0	0.0252221	0	0	0	0	0	1	0	0	0	0	0	0	0	0	12	0	0	0	12	0	0	0	0	0	1	0	0	0	0	0	0	0	0	79.7547	0	0	0	79.7547	0	0	0	0	0	1	0	0	0	0	0	0	0	0	172	0	0	0	172	0	0	0	0	0	1	0	0	0	0	0	0	0	0	0	0	0	0	0	0	0	0	0	0	0	0	0	0	0	0	0	0	0	0	0	0	0	0	0	0	0	0	0	0	0	0	0
60	0	0	0	0	0	0	571	0	0	0	571	0	0	0	0	0	0.0170857	0	0	0	0.0170857	0	0	0	0	0	1	0	0	0	0	0	0	0	0	12	0	0	0	12	0	0	0	0	0	1	0	0	0	0	0	0	0	0	79.8855	0	0	0	79.8855	0	0	0	0	0	1	0	0	0	0	0	0	0	0	170	0	0	0	170	0	0	0	0	0	1	0	0	0	0	0	0	0	0	0	0	0	0	0	0	0	0	0	0	0	0	0	0	0	0	0	0	0	0	0	0	0	0	0	0	0	0	0	0	0	0	0
61	0	0	0	0	0	0	571	0	0	0	571	0	0	0	0	0	0.0322055	0	0	0	0.0322055	0	0	0	0	0	1	0	0	0	0	0	0	0	0	13	0	0	0	13	0	0	0	0	0	1	0	0	0	0	0	0	0	0	79.196	0	0	0	79.196	0	0	0	0	0	1	0	0	0	0	0	0	0	0	164	0	0	0	164	0	0	0	0	0	1	0	0	0	0	0	0	0	0	0	0	0	0	0	0	0	0	0	0	0	0	0	0	0	0	0	0	0	0	0	0	0	0	0	0	0	0	0	0	0	0	0
62	0	0	0	0	0	0	577	0	0	0	577	0	0	0	0	0	0.0282053	0	0	0	0.0282053	0	0	0	0	0	1	0	0	0	0	0	0	0	0	12	0	0	0	12	0	0	0	0	0	1	0	0	0	0	0	0	0	0	79.7178	0	0	0	79.7178	0	0	0	0	0	1	0	0	0	0	0	0	0	0	157	0	0	0	157	0	0	0	0	0	1	0	0	0	0	0	0	0	0	0	0	0	0	0	0	0	0	0	0	0	0	0	0	0	0	0	0	0	0	0	0	0	0	0	0	0	0	0	0	0	0	0
63	0	0	0	0	0	0	581	0	0	0	581	0	0	0	0	0	0.0133325	0	0	0	0.0133325	0	0	0	0	0	1	0	0	0	0	0	0	0	0	12	0	0	0	12	0	0	0	0	0	1	0	0	0	0	0	0	0	0	78.6075	0	0	0	78.6075	0	0	0	0	0	1	0	0	0	0	0	0	0	0	155	0	0	0	155	0	0	0	0	0	1	0	0	0	0	0	0	0	0	0	0	0	0	0	0	0	0	0	0	0	0	0	0	0	0	0	0	0	0	0	0	0	0	0	0	0	0	0	0	0	0	0
64	0	0	0	0	0	0	583	0	0	0	583	0	0	0	0	0	0.0199465	0	0	0	0.0199465	0	0	0	0	0	1	0	0	0	0	0	0	0	0	15	0	0	0	15	0	0	0	0	0	1	0	0	0	0	0	0	0	0	78.9311	0	0	0	78.9311	0	0	0	0	0	1	0	0	0	0	0	0	0	0	151	0	0	0	151	0	0	0	0	0	1	0	0	0	0	0	0	0	0	0	0	0	0	0	0	0	0	0	0	0	0	0	0	0	0	0	0	0	0	0	0	0	0	0	0	0	0	0	0	0	0	0
65	0	0	0	0	0	0	566	0	0	0	566	0	0	0	0	0	0.0284737	0	0	0	0.0284737	0	0	0	0	0	1	0	0	0	0	0	0	0	0	22	0	0	0	22	0	0	0	0	0	1	0	0	0	0	0	0	0	0	78.3769	0	0	0	78.3769	0	0	0	0	0	1	0	0	0	0	0	0	0	0	144	0	0	0	144	0	0	0	0	0	1	0	0	0	0	0	0	0	0	0	0	0	0	0	0	0	0	0	0	0	0	0	0	0	0	0	0	0	0	0	0	0	0	0	0	0	0	0	0	0	0	0
66	0	0	0	0	0	0	581	0	0	0	581	0	0	0	0	0	0.0504701	0	0	0	0.0504701	0	0	0	0	0	1	0	0	0	0	0	0	0	0	22	0	0	0	22	0	0	0	0	0	1	0	0	0	0	0	0	0	0	77.6835	0	0	0	77.6835	0	0	0	0	0	1	0	0	0	0	0	0	0	0	140	0	0	0	140	0	0	0	0	0	1	0	0	0	0	0	0	0	0	0	0	0	0	0	0	0	0	0	0	0	0	0	0	0	0	0	0	0	0	0	0	0	0	0	0	0	0	0	0	0	0	0
67	0	0	0	0	0	0	591	0	0	0	591	0	0	0	0	0	0.0202725	0	0	0	0.0202725	0	0	0	0	0	1	0	0	0	0	0	0	0	0	18	0	0	0	18	0	0	0	0	0	1	0	0	0	0	0	0	0	0	76.6041	0	0	0	76.6041	0	0	0	0	0	1	0	0	0	0	0	0	0	0	140	0	0	0	140	0	0	0	0	0	1	0	0	0	0	0	0	0	0	0	0	0	0	0	0	0	0	0	0	0	0	0	0	0	0	0	0	0	0	0	0	0	0	0	0	0	0	0	0	0	0	0
68	0	0	0	0	0	0	591	0	0	0	591	0	0	0	0	0	0.050731	0	0	0	0.050731	0	0	0	0	0	1	0	0	0	0	0	0	0	0	23	0	0	0	23	0	0	0	0	0	1	0	0	0	0	0	0	0	0	76.0678	0	0	0	76.0678	0	0	0	0	0	1	0	0	0	0	0	0	0	0	136	0	0	0	136	0	0	0	0	0	1	0	0	0	0	0	0	0	0	0	0	0	0	0	0	0	0	0	0	0	0	0	0	0	0	0	0	0	0	0	0	0	0	0	0	0	0	0	0	0	0	0
69	0	0	0	0	0	0	597	0	0	0	597	0	0	0	0	0	0.0307352	0	0	0	0.0307352	0	0	0	0	0	1	0	0	0	0	0	0	0	0	25	0	0	0	25	0	0	0	0	0	1	0	0	0	0	0	0	0	0	75.4886	0	0	0	75.4886	0	0	0	0	0	1	0	0	0	0	0	0	0	0	139	0	0	0	139	0	0	0	0	0	1	0	0	0	0	0	0	0	0	0	0	0	0	0	0	0	0	0	0	0	0	0	0	0	0	0	0	0	0	0	0	0	0	0	0	0	0	0	0	0	0	0
70	0	0	0	0	0	0	598	0	0	0	598	0	0	0	0	0	0.0285517	0	0	0	0.0285517	0	0	0	0	0	1	0	0	0	0	0	0	0	0	31	0	0	0	31	0	0	0	0	0	1	0	0	0	0	0	0	0	0	71.6712	0	0	0	71.6712	0	0	0	0	0	1	0	0	0	0	0	0	0	0	132	0	0	0	132	0	0	0	0	0	1	0	0	0	0	0	0	0	0	0	0	0	0	0	0	0	0	0	0	0	0	0	0	0	0	0	0	0	0	0	0	0	0	0	0	0	0	0	0	0	0	0
71	0	0	0	0	0	0	574	0	0	0	574	0	0	0	0	0	0.0537146	0	0	0	0.0537146	0	0	0	0	0	1	0	0	0	0	0	0	0	0	53	0	0	0	53	0	0	0	0	0	1	0	0	0	0	0	0	0	0	70.0472	0	0	0	70.0472	0	0	0	0	0	1	0	0	0	0	0	0	0	0	125	0	0	0	125	0	0	0	0	0	1	0	0	0	0	0	0	0	0	0	0	0	0	0	0	0	0	0	0	0	0	0	0	0	0	0	0	0	0	0	0	0	0	0	0	0	0	0	0	0	0	0
72	0	0	0	0	0	0	586	0	0	0	586	0	0	0	0	0	0.0794241	0	0	0	0.0794241	0	0	0	0	0	1	0	0	0	0	0	0	0	0	68	0	0	0	68	0	0	0	0	0	1	0	0	0	0	0	0	0	0	69.3265	0	0	0	69.3265	0	0	0	0	0	1	0	0	0	0	0	0	0	0	126	0	0	0	126	0	0	0	0	0	1	0	0	0	0	0	0	0	0	0	0	0	0	0	0	0	0	0	0	0	0	0	0	0	0	0	0	0	0	0	0	0	0	0	0	0	0	0	0	0	0	0
73	0	0	0	0	0	0	564	0	0	0	564	0	0	0	0	0	0.11147	0	0	0	0.11147	0	0	0	0	0	1	0	0	0	0	0	0	0	0	84	0	0	0	84	0	0	0	0	0	1	0	0	0	0	0	0	0	0	66.7614	0	0	0	66.7614	0	0	0	0	0	1	0	0	0	0	0	0	0	0	132	0	0	0	132	0	0	0	0	0	1	0	0	0	0	0	0	0	0	0	0	0	0	0	0	0	0	0	0	0	0	0	0	0	0	0	0	0	0	0	0	0	0	0	0	0	0	0	0	0	0	0
74	0	0	0	0	0	0	566	0	0	0	566	0	0	0	0	0	0.150617	0	0	0	0.150617	0	0	0	0	0	1	0	0	0	0	0	0	0	0	92	0	0	0	92	0	0	0	0	0	1	0	0	0	0	0	0	0	0	66.5704	0	0	0	66.5704	0	0	0	0	0	1	0	0	0	0	0	0	0	0	142	0	0	0	142	0	0	0	0	0	1	0	0	0	0	0	0	0	0	0	0	0	0	0	0	0	0	0	0	0	0	0	0	0	0	0	0	0	0	0	0	0	0	0	0	0	0	0	0	0	0	0
75	0	0	0	0	0	0	560	0	0	0	560	0	0	0	0	0	0.114368	0	0	0	0.114368	0	0	0	0	0	1	0	0	0	0	0	0	0	0	81	0	0	0	81	0	0	0	0	0	1	0	0	0	0	0	0	0	0	66.3521	0	0	0	66.3521	0	0	0	0	0	1	0	0	0	0	0	0	0	0	154	0	0	0	154	0	0	0	0	0	1	0	0	0	0	0	0	0	0	0	0	0	0	0	0	0	0	0	0	0	0	0	0	0	0	0	0	0	0	0	0	0	0	0	0	0	0	0	0	0	0	0
76	0	0	0	0	0	0	561	0	0	0	561	0	0	0	0	0	0.158989	0	0	0	0.158989	0	0	0	0	0	1	0	0	0	0	0	0	0	0	101	0	0	0	101	0	0	0	0	0	1	0	0	0	0	0	0	0	0	68.6604	0	0	0	68.6604	0	0	0	0	0	1	0	0	0	0	0	0	0	0	162	0	0	0	162	0	0	0	0	0	1	0	0	0	0	0	0	0	0	0	0	0	0	0	0	0	0	0	0	0	0	0	0	0	0	0	0	0	0	0	0	0	0	0	0	0	0	0	0	0	0	0
77	0	0	0	0	0	0	605	0	0	0	605	0	0	0	0	0	0.167133	0	0	0	0.167133	0	0	0	0	0	1	0	0	0	0	0	0	0	0	99	0	0	0	99	0	0	0	0	0	1	0	0	0	0	0	0	0	0	72.2355	0	0	0	72.2355	0	0	0	0	0	1	0	0	0	0	0	0	0	0	173	0	0	0	173	0	0	0	0	0	1	0	0	0	0	0	0	0	0	0	0	0	0	0	0	0	0	0	0	0	0	0	0	0	0	0	0	0	0	0	0	0	0	0	0	0	0	0	0	0	0	0
78	0	0	0	0	0	0	590	0	0	0	590	0	0	0	0	0	0.178264	0	0	0	0.178264	0	0	0	0	0	1	0	0	0	0	0	0	0	0	91	0	0	0	91	0	0	0	0	0	1	0	0	0	0	0	0	0	0	73.2614	0	0	0	73.2614	0	0	0	0	0	1	0	0	0	0	0	0	0	0	177	0	0	0	177	0	0	0	0	0	1	0	0	0	0	0	0	0	0	0	0	0	0	0	0	0	0	0	0	0	0	0	0	0	0	0	0	0	0	0	0	0	0	0	0	0	0	0	0	0	0	0
79	0	0	0	0	0	0	581	0	0	0	581	0	0	0	0	0	0.20244	0	0	0	0.20244	0	0	0	0	0	1	0	0	0	0	0	0	0	0	92	0	0	0	92	0	0	0	0	0	1	0	0	0	0	0	0	0	0	74.422	0	0	0	74.422	0	0	0	0	0	1	0	0	0	0	0	0	0	0	188	0	0	0	188	0	0	0	0	0	1	0	0	0	0	0	0	0	0	0	0	0	0	0	0	0	0	0	0	0	0	0	0	0	0	0	0	0	0	0	0	0	0	0	0	0	0	0	0	0	0	0
80	0	0	0	0	0	0	601	0	0	0	601	0	0	0	0	0	0.164919	0	0	0	0.164919	0	0	0	0	0	1	0	0	0	0	0	0	0	0	83	0	0	0	83	0	0	0	0	0	1	0	0	0	0	0	0	0	0	77.5861	0	0	0	77.5861	0	0	0	0	0	1	0	0	0	0	0	0	0	0	202	0	0	0	202	0	0	0	0	0	1	0	0	0	0	0	0	0	0	0	0	0	0	0	0	0	0	0	0	0	0	0	0	0	0	0	0	0	0	0	0	0	0	0	0	0	0	0	0	0	0	0
81	0	0	0	0	0	0	601	0	0	0	601	0	0	0	0	0	0.179673	0	0	0	0.179673	0	0	0	0	0	1	0	0	0	0	0	0	0	0	79	0	0	0	79	0	0	0	0	0	1	0	0	0	0	0	0	0	0	76.8735	0	0	0	76.8735	0	0	0	0	0	1	0	0	0	0	0	0	0	0	199	0	0	0	199	0	0	0	0	0	1	0	0	0	0	0	0	0	0	0	0	0	0	0	0	0	0	0	0	0	0	0	0	0	0	0	0	0	0	0	0	0	0	0	0	0	0	0	0	0	0	0
82	0	0	0	0	0	0	601	0	0	0	601	0	0	0	0	0	0.149216	0	0	0	0.149216	0	0	0	0	0	1	0	0	0	0	0	0	0	0	61	0	0	0	61	0	0	0	0	0	1	0	0	0	0	0	0	0	0	74.4588	0	0	0	74.4588	0	0	0	0	0	1	0	0	0	0	0	0	0	0	207	0	0	0	207	0	0	0	0	0	1	0	0	0	0	0	0	0	0	0	0	0	0	0	0	0	0	0	0	0	0	0	0	0	0	0	0	0	0	0	0	0	0	0	0	0	0	0	0	0	0	0
83	0	0	0	0	0	0	620	0	0	0	620	0	0	0	0	0	0.102621	0	0	0	0.102621	0	0	0	0	0	1	0	0	0	0	0	0	0	0	53	0	0	0	53	0	0	0	0	0	1	0	0	0	0	0	0	0	0	73.5376	0	0	0	73.5376	0	0	0	0	0	1	0	0	0	0	0	0	0	0	211	0	0	0	211	0	0	0	0	0	1	0	0	0	0	0	0	0	0	0	0	0	0	0	0	0	0	0	0	0	0	0	0	0	0	0	0	0	0	0	0	0	0	0	0	0	0	0	0	0	0	0
84	0	0	0	0	0	0	610	0	0	0	610	0	0	0	0	0	0.0836844	0	0	0	0.0836844	0	0	0	0	0	1	0	0	0	0	0	0	0	0	60	0	0	0	60	0	0	0	0	0	1	0	0	0	0	0	0	0	0	73.2932	0	0	0	73.2932	0	0	0	0	0	1	0	0	0	0	0	0	0	0	208	0	0	0	208	0	0	0	0	0	1	0	0	0	0	0	0	0	0	0	0	0	0	0	0	0	0	0	0	0	0	0	0	0	0	0	0	0	0	0	0	0	0	0	0	0	0	0	0	0	0	0
85	0	0	0	0	0	0	626	0	0	0	626	0	0	0	0	0	0.124406	0	0	0	0.124406	0	0	0	0	0	1	0	0	0	0	0	0	0	0	74	0	0	0	74	0	0	0	0	0	1	0	0	0	0	0	0	0	0	76.5123	0	0	0	76.5123	0	0	0	0	0	1	0	0	0	0	0	0	0	0	206	0	0	0	206	0	0	0	0	0	1	0	0	0	0	0	0	0	0	0	0	0	0	0	0	0	0	0	0	0	0	0	0	0	0	0	0	0	0	0	0	0	0	0	0	0	0	0	0	0	0	0
86	0	0	0	0	0	0	629	0	0	0	629	0	0	0	0	0	0.141209	0	0	0	0.141209	0	0	0	0	0	1	0	0	0	0	0	0	0	0	79	0	0	0	79	0	0	0	0	0	1	0	0	0	0	0	0	0	0	78.4837	0	0	0	78.4837	0	0	0	0	0	1	0	0	0	0	0	0	0	0	209	0	0	0	209	0	0	0	0	0	1	0	0	0	0	0	0	0	0	0	0	0	0	0	0	0	0	0	0	0	0	0	0	0	0	0	0	0	0	0	0	0	0	0	0	0	0	0	0	0	0	0
87	0	0	0	0	0	0	616	0	0	0	616	0	0	0	0	0	0.127796	0	0	0	0.127796	0	0	0	0	0	1	0	0	0	0	0	0	0	0	75	0	0	0	75	0	0	0	0	0	1	0	0	0	0	0	0	0	0	77.6436	0	0	0	77.6436	0	0	0	0	0	1	0	0	0	0	0	0	0	0	207	0	0	0	207	0	0	0	0	0	1	0	0	0	0	0	0	0	0	0	0	0	0	0	0	0	0	0	0	0	0	0	0	0	0	0	0	0	0	0	0	0	0	0	0	0	0	0	0	0	0	0
88	0	0	0	0	0	0	622	0	0	0	622	0	0	0	0	0	0.139188	0	0	0	0.139188	0	0	0	0	0	1	0	0	0	0	0	0	0	0	75	0	0	0	75	0	0	0	0	0	1	0	0	0	0	0	0	0	0	81.1892	0	0	0	81.1892	0	0	0	0	0	1	0	0	0	0	0	0	0	0	214	0	0	0	214	0	0	0	0	0	1	0	0	0	0	0	0	0	0	0	0	0	0	0	0	0	0	0	0	0	0	0	0	0	0	0	0	0	0	0	0	0	0	0	0	0	0	0	0	0	0	0
89	0	0	0	0	0	0	624	0	0	0	624	0	0	0	0	0	0.115585	0	0	0	0.115585	0	0	0	0	0	1	0	0	0	0	0	0	0	0	64	0	0	0	64	0	0	0	0	0	1	0	0	0	0	0	0	0	0	81.4602	0	0	0	81.4602	0	0	0	0	0	1	0	0	0	0	0	0	0	0	216	0	0	0	216	0	0	0	0	0	1	0	0	0	0	0	0	0	0	0	0	0	0	0	0	0	0	0	0	0	0	0	0	0	0	0	0	0	0	0	0	0	0	0	0	0	0	0	0	0	0	0
90	0	0	0	0	0	0	619	0	0	0	619	0	0	0	0	0	0.112659	0	0	0	0.112659	0	0	0	0	0	1	0	0	0	0	0	0	0	0	63	0	0	0	63	0	0	0	0	0	1	0	0	0	0	0	0	0	0	83.2292	0	0	0	83.2292	0	0	0	0	0	1	0	0	0	0	0	0	0	0	217	0	0	0	217	0	0	0	0	0	1	0	0	0	0	0	0	0	0	0	0	0	0	0	0	0	0	0	0	0	0	0	0	0	0	0	0	0	0	0	0	0	0	0	0	0	0	0	0	0	0	0
91	0	0	0	0	0	0	596	0	0	0	596	0	0	0	0	0	0.105717	0	0	0	0.105717	0	0	0	0	0	1	0	0	0	0	0	0	0	0	58	0	0	0	58	0	0	0	0	0	1	0	0	0	0	0	0	0	0	80.5949	0	0	0	80.5949	0	0	0	0	0	1	0	0	0	0	0	0	0	0	217	0	0	0	217	0	0	0	0	0	1	0	0	0	0	0	0	0	0	0	0	0	0	0	0	0	0	0	0	0	0	0	0	0	0	0	0	0	0	0	0	0	0	0	0	0	0	0	0	0	0	0
92	0	0	0	0	0	0	594	0	0	0	594	0	0	0	0	0	0.122568	0	0	0	0.122568	0	0	0	0	0	1	0	0	0	0	0	0	0	0	53	0	0	0	53	0	0	0	0	0	1	0	0	0	0	0	0	0	0	78.6764	0	0	0	78.6764	0	0	0	0	0	1	0	0	0	0	0	0	0	0	207	0	0	0	207	0	0	0	0	0	1	0	0	0	0	0	0	0	0	0	0	0	0	0	0	0	0	0	0	0	0	0	0	0	0	0	0	0	0	0	0	0	0	0	0	0	0	0	0	0	0	0
93	0	0	0	0	0	0	597	0	0	0	597	0	0	0	0	0	0.13279	0	0	0	0.13279	0	0	0	0	0	1	0	0	0	0	0	0	0	0	53	0	0	0	53	0	0	0	0	0	1	0	0	0	0	0	0	0	0	79.8801	0	0	0	79.8801	0	0	0	0	0	1	0	0	0	0	0	0	0	0	210	0	0	0	210	0	0	0	0	0	1	0	0	0	0	0	0	0	0	0	0	0	0	0	0	0	0	0	0	0	0	0	0	0	0	0	0	0	0	0	0	0	0	0	0	0	0	0	0	0	0	0
94	0	0	0	0	0	0	598	0	0	0	598	0	0	0	0	0	0.124595	0	0	0	0.124595	0	0	0	0	0	1	0	0	0	0	0	0	0	0	48	0	0	0	48	0	0	0	0	0	1	0	0	0	0	0	0	0	0	78.9902	0	0	0	78.9902	0	0	0	0	0	1	0	0	0	0	0	0	0	0	209	0	0	0	209	0	0	0	0	0	1	0	0	0	0	0	0	0	0	0	0	0	0	0	0	0	0	0	0	0	0	0	0	0	0	0	0	0	0	0	0	0	0	0	0	0	0	0	0	0	0	0
95	0	0	0	0	0	0	607	0	0	0	607	0	0	0	0	0	0.0818641	0	0	0	0.0818641	0	0	0	0	0	1	0	0	0	0	0	0	0	0	43	0	0	0	43	0	0	0	0	0	1	0	0	0	0	0	0	0	0	79.6428	0	0	0	79.6428	0	0	0	0	0	1	0	0	0	0	0	0	0	0	216	0	0	0	216	0	0	0	0	0	1	0	0	0	0	0	0	0	0	0	0	0	0	0	0	0	0	0	0	0	0	0	0	0	0	0	0	0	0	0	0	0	0	0	0	0	0	0	0	0	0	0
96	0	0	0	0	0	0	590	0	0	0	590	0	0	0	0	0	0.0859053	0	0	0	0.0859053	0	0	0	0	0	1	0	0	0	0	0	0	0	0	46	0	0	0	46	0	0	0	0	0	1	0	0	0	0	0	0	0	0	79.4331	0	0	0	79.4331	0	0	0	0	0	1	0	0	0	0	0	0	0	0	210	0	0	0	210	0	0	0	0	0	1	0	0	0	0	0	0	0	0	0	0	0	0	0	0	0	0	0	0	0	0	0	0	0	0	0	0	0	0	0	0	0	0	0	0	0	0	0	0	0	0	0
97	0	0	0	0	0	0	583	0	0	0	583	0	0	0	0	0	0.106207	0	0	0	0.106207	0	0	0	0	0	1	0	0	0	0	0	0	0	0	52	0	0	0	52	0	0	0	0	0	1	0	0	0	0	0	0	0	0	78.4903	0	0	0	78.4903	0	0	0	0	0	1	0	0	0	0	0	0	0	0	204	0	0	0	204	0	0	0	0	0	1	0	0	0	0	0	0	0	0	0	0	0	0	0	0	0	0	0	0	0	0	0	0	0	0	0	0	0	0	0	0	0	0	0	0	0	0	0	0	0	0	0
98	0	0	0	0	0	0	584	0	0	0	584	0	0	0	0	0	0.111947	0	0	0	0.111947	0	0	0	0	0	1	0	0	0	0	0	0	0	0	48	0	0	0	48	0	0	0	0	0	1	0	0	0	0	0	0	0	0	77.8908	0	0	0	77.8908	0	0	0	0	0	1	0	0	0	0	0	0	0	0	202	0	0	0	202	0	0	0	0	0	1	0	0	0	0	0	0	0	0	0	0	0	0	0	0	0	0	0	0	0	0	0	0	0	0	0	0	0	0	0	0	0	0	0	0	0	0	0	0	0	0	0
99	0	0	0	0	0	0	564	0	0	0	564	0	0	0	0	0	0.0931199	0	0	0	0.0931199	0	0	0	0	0	1	0	0	0	0	0	0	0	0	43	0	0	0	43	0	0	0	0	0	1	0	0	0	0	0	0	0	0	78.5173	0	0	0	78.5173	0	0	0	0	0	1	0	0	0	0	0	0	0	0	202	0	0	0	202	0	0	0	0	0	1	0	0	0	0	0	0	0	0	0	0	0	0	0	0	0	0	0	0	0	0	0	0	0	0	0	0	0	0	0	0	0	0	0	0	0	0	0	0	0	0	0
100	0	0	0	0	0	0	593	0	0	0	593	0	0	0	0	0	0.0903414	0	0	0	0.0903414	0	0	0	0	0	1	0	0	0	0	0	0	0	0	39	0	0	0	39	0	0	0	0	0	1	0	0	0	0	0	0	0	0	78.4996	0	0	0	78.4996	0	0	0	0	0	1	0	0	0	0	0	0	0	0	201	0	0	0	201	0	0	0	0	0	1	0	0	0	0	0	0	0	0	0	0	0	0	0	0	0	0	0	0	0	0	0	0	0	0	0	0	0	0	0	0	0	0	0	0	0	0	0	0	0	0	0
101	0	0	0	0	0	0	597	0	0	0	597	0	0	0	0	0	0.0556069	0	0	0	0.0556069	0	0	0	0	0	1	0	0	0	0	0	0	0	0	37	0	0	0	37	0	0	0	0	0	1	0	0	0	0	0	0	0	0	80.3978	0	0	0	80.3978	0	0	0	0	0	1	0	0	0	0	0	0	0	0	205	0	0	0	205	0	0	0	0	0	1	0	0	0	0	0	0	0	0	0	0	0	0	0	0	0	0	0	0	0	0	0	0	0	0	0	0	0	0	0	0	0	0	0	0	0	0	0	0	0	0	0
102	0	0	0	0	0	0	616	0	0	0	616	0	0	0	0	0	0.0638141	0	0	0	0.0638141	0	0	0	0	0	1	0	0	0	0	0	0	0	0	38	0	0	0	38	0	0	0	0	0	1	0	0	0	0	0	0	0	0	82.5433	0	0	0	82.5433	0	0	0	0	0	1	0	0	0	0	0	0	0	0	204	0	0	0	204	0	0	0	0	0	1	0	0	0	0	0	0	0	0	0	0	0	0	0	0	0	0	0	0	0	0	0	0	0	0	0	0	0	0	0	0	0	0	0	0	0	0	0	0	0	0	0
103	0	0	0	0	0	0	609	0	0	0	609	0	0	0	0	0	0.0826773	0	0	0	0.0826773	0	0	0	0	0	1	0	0	0	0	0	0	0	0	34	0	0	0	34	0	0	0	0	0	1	0	0	0	0	0	0	0	0	82.5059	0	0	0	82.5059	0	0	0	0	0	1	0	0	0	0	0	0	0	0	198	0	0	0	198	0	0	0	0	0	1	0	0	0	0	0	0	0	0	0	0	0	0	0	0	0	0	0	0	0	0	0	0	0	0	0	0	0	0	0	0	0	0	0	0	0	0	0	0	0	0	0
104	0	0	0	0	0	0	582	0	0	0	582	0	0	0	0	0	0.0766546	0	0	0	0.0766546	0	0	0	0	0	1	0	0	0	0	0	0	0	0	33	0	0	0	33	0	0	0	0	0	1	0	0	0	0	0	0	0	0	77.0882	0	0	0	77.0882	0	0	0	0	0	1	0	0	0	0	0	0	0	0	187	0	0	0	187	0	0	0	0	0	1	0	0	0	0	0	0	0	0	0	0	0	0	0	0	0	0	0	0	0	0	0	0	0	0	0	0	0	0	0	0	0	0	0	0	0	0	0	0	0	0	0
105	0	0	0	0	0	0	602	0	0	0	602	0	0	0	0	0	0.0326102	0	0	0	0.0326102	0	0	0	0	0	1	0	0	0	0	0	0	0	0	25	0	0	0	25	0	0	0	0	0	1	0	0	0	0	0	0	0	0	76.9482	0	0	0	76.9482	0	0	0	0	0	1	0	0	0	0	0	0	0	0	190	0	0	0	190	0	0	0	0	0	1	0	0	0	0	0	0	0	0	0	0	0	0	0	0	0	0	0	0	0	0	0	0	0	0	0	0	0	0	0	0	0	0	0	0	0	0	0	0	0	0	0
106	0	0	0	0	0	0	617	0	0	0	617	0	0	0	0	0	0.0510449	0	0	0	0.0510449	0	0	0	0	0	1	0	0	0	0	0	0	0	0	33	0	0	0	33	0	0	0	0	0	1	0	0	0	0	0	0	0	0	79.5479	0	0	0	79.5479	0	0	0	0	0	1	0	0	0	0	0	0	0	0	187	0	0	0	187	0	0	0	0	0	1	0	0	0	0	0	0	0	0	0	0	0	0	0	0	0	0	0	0	0	0	0	0	0	0	0	0	0	0	0	0	0	0	0	0	0	0	0	0	0	0	0
107	0	0	0	0	0	0	620	0	0	0	620	0	0	0	0	0	0.0786901	0	0	0	0.0786901	0	0	0	0	0	1	0	0	0	0	0	0	0	0	38	0	0	0	38	0	0	0	0	0	1	0	0	0	0	0	0	0	0	76.8543	0	0	0	76.8543	0	0	0	0	0	1	0	0	0	0	0	0	0	0	177	0	0	0	177	0	0	0	0	0	1	0	0	0	0	0	0	0	0	0	0	0	0	0	0	0	0	0	0	0	0	0	0	0	0	0	0	0	0	0	0	0	0	0	0	0	0	0	0	0	0	0
108	0	0	0	0	0	0	624	0	0	0	624	0	0	0	0	0	0.0625798	0	0	0	0.0625798	0	0	0	0	0	1	0	0	0	0	0	0	0	0	44	0	0	0	44	0	0	0	0	0	1	0	0	0	0	0	0	0	0	79.0257	0	0	0	79.0257	0	0	0	0	0	1	0	0	0	0	0	0	0	0	180	0	0	0	180	0	0	0	0	0	1	0	0	0	0	0	0	0	0	0	0	0	0	0	0	0	0	0	0	0	0	0	0	0	0	0	0	0	0	0	0	0	0	0	0	0	0	0	0	0	0	0
109	0	0	0	0	0	0	617	0	0	0	617	0	0	0	0	0	0.0762949	0	0	0	0.0762949	0	0	0	0	0	1	0	0	0	0	0	0	0	0	49	0	0	0	49	0	0	0	0	0	1	0	0	0	0	0	0	0	0	79.1986	0	0	0	79.1986	0	0	0	0	0	1	0	0	0	0	0	0	0	0	181	0	0	0	181	0	0	0	0	0	1	0	0	0	0	0	0	0	0	0	0	0	0	0	0	0	0	0	0	0	0	0	0	0	0	0	0	0	0	0	0	0	0	0	0	0	0	0	0	0	0	0
110	0	0	0	0	0	0	621	0	0	0	621	0	0	0	0	0	0.0832626	0	0	0	0.0832626	0	0	0	0	0	1	0	0	0	0	0	0	0	0	58	0	0	0	58	0	0	0	0	0	1	0	0	0	0	0	0	0	0	80.4918	0	0	0	80.4918	0	0	0	0	0	1	0	0	0	0	0	0	0	0	183	0	0	0	183	0	0	0	0	0	1	0	0	0	0	0	0	0	0	0	0	0	0	0	0	0	0	0	0	0	0	0	0	0	0	0	0	0	0	0	0	0	0	0	0	0	0	0	0	0	0	0
111	0	0	0	0	0	0	606	0	0	0	606	0	0	0	0	0	0.0896647	0	0	0	0.0896647	0	0	0	0	0	1	0	0	0	0	0	0	0	0	59	0	0	0	59	0	0	0	0	0	1	0	0	0	0	0	0	0	0	80.5856	0	0	0	80.5856	0	0	0	0	0	1	0	0	0	0	0	0	0	0	186	0	0	0	186	0	0	0	0	0	1	0	0	0	0	0	0	0	0	0	0	0	0	0	0	0	0	0	0	0	0	0	0	0	0	0	0	0	0	0	0	0	0	0	0	0	0	0	0	0	0	0
112	0	0	0	0	0	0	618	0	0	0	618	0	0	0	0	0	0.106234	0	0	0	0.106234	0	0	0	0	0	1	0	0	0	0	0	0	0	0	58	0	0	0	58	0	0	0	0	0	1	0	0	0	0	0	0	0	0	81.8612	0	0	0	81.8612	0	0	0	0	0	1	0	0	0	0	0	0	0	0	192	0	0	0	192	0	0	0	0	0	1	0	0	0	0	0	0	0	0	0	0	0	0	0	0	0	0	0	0	0	0	0	0	0	0	0	0	0	0	0	0	0	0	0	0	0	0	0	0	0	0	0
113	0	0	0	0	0	0	614	0	0	0	614	0	0	0	0	0	0.0980813	0	0	0	0.0980813	0	0	0	0	0	1	0	0	0	0	0	0	0	0	54	0	0	0	54	0	0	0	0	0	1	0	0	0	0	0	0	0	0	81.2722	0	0	0	81.2722	0	0	0	0	0	1	0	0	0	0	0	0	0	0	194	0	0	0	194	0	0	0	0	0	1	0	0	0	0	0	0	0	0	0	0	0	0	0	0	0	0	0	0	0	0	0	0	0	0	0	0	0	0	0	0	0	0	0	0	0	0	0	0	0	0	0
114	0	0	0	0	0	0	609	0	0	0	609	0	0	0	0	0	0.101834	0	0	0	0.101834	0	0	0	0	0	1	0	0	0	0	0	0	0	0	50	0	0	0	50	0	0	0	0	0	1	0	0	0	0	0	0	0	0	81.9592	0	0	0	81.9592	0	0	0	0	0	1	0	0	0	0	0	0	0	0	197	0	0	0	197	0	0	0	0	0	1	0	0	0	0	0	0	0	0	0	0	0	0	0	0	0	0	0	0	0	0	0	0	0	0	0	0	0	0	0	0	0	0	0	0	0	0	0	0	0	0	0
115	0	0	0	0	0	0	631	0	0	0	631	0	0	0	0	0	0.0987149	0	0	0	0.0987149	0	0	0	0	0	1	0	0	0	0	0	0	0	0	48	0	0	0	48	0	0	0	0	0	1	0	0	0	0	0	0	0	0	83.4189	0	0	0	83.4189	0	0	0	0	0	1	0	0	0	0	0	0	0	0	199	0	0	0	199	0	0	0	0	0	1	0	0	0	0	0	0	0	0	0	0	0	0	0	0	0	0	0	0	0	0	0	0	0	0	0	0	0	0	0	0	0	0	0	0	0	0	0	0	0	0	0
116	0	0	0	0	0	0	614	0	0	0	614	0	0	0	0	0	0.0920862	0	0	0	0.0920862	0	0	0	0	0	1	0	0	0	0	0	0	0	0	45	0	0	0	45	0	0	0	0	0	1	0	0	0	0	0	0	0	0	82.8478	0	0	0	82.8478	0	0	0	0	0	1	0	0	0	0	0	0	0	0	195	0	0	0	195	0	0	0	0	0	1	0	0	0	0	0	0	0	0	0	0	0	0	0	0	0	0	0	0	0	0	0	0	0	0	0	0	0	0	0	0	0	0	0	0	0	0	0	0	0	0	0
117	0	0	0	0	0	0	621	0	0	0	621	0	0	0	0	0	0.0830556	0	0	0	0.0830556	0	0	0	0	0	1	0	0	0	0	0	0	0	0	44	0	0	0	44	0	0	0	0	0	1	0	0	0	0	0	0	0	0	83.4969	0	0	0	83.4969	0	0	0	0	0	1	0	0	0	0	0	0	0	0	195	0	0	0	195	0	0	0	0	0	1	0	0	0	0	0	0	0	0	0	0	0	0	0	0	0	0	0	0	0	0	0	0	0	0	0	0	0	0	0	0	0	0	0	0	0	0	0	0	0	0	0
118	0	0	0	0	0	0	639	0	0	0	639	0	0	0	0	0	0.0925334	0	0	0	0.0925334	0	0	0	0	0	1	0	0	0	0	0	0	0	0	44	0	0	0	44	0	0	0	0	0	1	0	0	0	0	0	0	0	0	85.7921	0	0	0	85.7921	0	0	0	0	0	1	0	0	0	0	0	0	0	0	198	0	0	0	198	0	0	0	0	0	1	0	0	0	0	0	0	0	0	0	0	0	0	0	0	0	0	0	0	0	0	0	0	0	0	0	0	0	0	0	0	0	0	0	0	0	0	0	0	0	0	0
119	0	0	0	0	0	0	622	0	0	0	622	0	0	0	0	0	0.0957852	0	0	0	0.0957852	0	0	0	0	0	1	0	0	0	0	0	0	0	0	43	0	0	0	43	0	0	0	0	0	1	0	0	0	0	0	0	0	0	86.1866	0	0	0	86.1866	0	0	0	0	0	1	0	0	0	0	0	0	0	0	192	0	0	0	192	0	0	0	0	0	1	0	0	0	0	0	0	0	0	0	0	0	0	0	0	0	0	0	0	0	0	0	0	0	0	0	0	0	0	0	0	0	0	0	0	0	0	0	0	0	0	0
120	0	0	0	0	0	0	634	0	0	0	634	0	0	0	0	0	0.0944992	0	0	0	0.0944992	0	0	0	0	0	1	0	0	0	0	0	0	0	0	42	0	0	0	42	0	0	0	0	0	1	0	0	0	0	0	0	0	0	86.2005	0	0	0	86.2005	0	0	0	0	0	1	0	0	0	0	0	0	0	0	188	0	0	0	188	0	0	0	0	0	1	0	0	0	0	0	0	0	0	0	0	0	0	0	0	0	0	0	0	0	0	0	0	0	0	0	0	0	0	0	0	0	0	0	0	0	0	0	0	0	0	0
121	0	0	0	0	0	0	627	0	0	0	627	0	0	0	0	0	0.108652	0	0	0	0.108652	0	0	0	0	0	1	0	0	0	0	0	0	0	0	40	0	0	0	40	0	0	0	0	0	1	0	0	0	0	0	0	0	0	85.6441	0	0	0	85.6441	0	0	0	0	0	1	0	0	0	0	0	0	0	0	182	0	0	0	182	0	0	0	0	0	1	0	0	0	0	0	0	0	0	0	0	0	0	0	0	0	0	0	0	0	0	0	0	0	0	0	0	0	0	0	0	0	0	0	0	0	0	0	0	0	0	0
122	0	0	0	0	0	0	611	0	0	0	611	0	0	0	0	0	0.0847202	0	0	0	0.0847202	0	0	0	0	0	1	0	0	0	0	0	0	0	0	34	0	0	0	34	0	0	0	0	0	1	0	0	0	0	0	0	0	0	81.6049	0	0	0	81.6049	0	0	0	0	0	1	0	0	0	0	0	0	0	0	177	0	0	0	177	0	0	0	0	0	1	0	0	0	0	0	0	0	0	0	0	0	0	0	0	0	0	0	0	0	0	0	0	0	0	0	0	0	0	0	0	0	0	0	0	0	0	0	0	0	0	0
123	0	0	0	0	0	0	649	0	0	0	649	0	0	0	0	0	0.0712938	0	0	0	0.0712938	0	0	0	0	0	1	0	0	0	0	0	0	0	0	28	0	0	0	28	0	0	0	0	0	1	0	0	0	0	0	0	0	0	82.443	0	0	0	82.443	0	0	0	0	0	1	0	0	0	0	0	0	0	0	178	0	0	0	178	0	0	0	0	0	1	0	0	0	0	0	0	0	0	0	0	0	0	0	0	0	0	0	0	0	0	0	0	0	0	0	0	0	0	0	0	0	0	0	0	0	0	0	0	0	0	0
124	0	0	0	0	0	0	642	0	0	0	642	0	0	0	0	0	0.0514498	0	0	0	0.0514498	0	0	0	0	0	1	0	0	0	0	0	0	0	0	29	0	0	0	29	0	0	0	0	0	1	0	0	0	0	0	0	0	0	81.7293	0	0	0	81.7293	0	0	0	0	0	1	0	0	0	0	0	0	0	0	177	0	0	0	177	0	0	0	0	0	1	0	0	0	0	0	0	0	0	0	0	0	0	0	0	0	0	0	0	0	0	0	0	0	0	0	0	0	0	0	0	0	0	0	0	0	0	0	0	0	0	0
125	0	0	0	0	0	0	611	0	0	0	611	0	0	0	0	0	0.0653241	0	0	0	0.0653241	0	0	0	0	0	1	0	0	0	0	0	0	0	0	41	0	0	0	41	0	0	0	0	0	1	0	0	0	0	0	0	0	0	78.8237	0	0	0	78.8237	0	0	0	0	0	1	0	0	0	0	0	0	0	0	169	0	0	0	169	0	0	0	0	0	1	0	0	0	0	0	0	0	0	0	0	0	0	0	0	0	0	0	0	0	0	0	0	0	0	0	0	0	0	0	0	0	0	0	0	0	0	0	0	0	0	0
126	0	0	0	0	0	0	595	0	0	0	595	0	0	0	0	0	0.0586434	0	0	0	0.0586434	0	0	0	0	0	1	0	0	0	0	0	0	0	0	46	0	0	0	46	0	0	0	0	0	1	0	0	0	0	0	0	0	0	78.6871	0	0	0	78.6871	0	0	0	0	0	1	0	0	0	0	0	0	0	0	168	0	0	0	168	0	0	0	0	0	1	0	0	0	0	0	0	0	0	0	0	0	0	0	0	0	0	0	0	0	0	0	0	0	0	0	0	0	0	0	0	0	0	0	0	0	0	0	0	0	0	0
127	0	0	0	0	0	0	601	0	0	0	601	0	0	0	0	0	0.0610755	0	0	0	0.0610755	0	0	0	0	0	1	0	0	0	0	0	0	0	0	51	0	0	0	51	0	0	0	0	0	1	0	0	0	0	0	0	0	0	78.7373	0	0	0	78.7373	0	0	0	0	0	1	0	0	0	0	0	0	0	0	166	0	0	0	166	0	0	0	0	0	1	0	0	0	0	0	0	0	0	0	0	0	0	0	0	0	0	0	0	0	0	0	0	0	0	0	0	0	0	0	0	0	0	0	0	0	0	0	0	0	0	0
128	0	0	0	0	0	0	604	0	0	0	604	0	0	0	0	0	0.0941508	0	0	0	0.0941508	0	0	0	0	0	1	0	0	0	0	0	0	0	0	59	0	0	0	59	0	0	0	0	0	1	0	0	0	0	0	0	0	0	77.3057	0	0	0	77.3057	0	0	0	0	0	1	0	0	0	0	0	0	0	0	165	0	0	0	165	0	0	0	0	0	1	0	0	0	0	0	0	0	0	0	0	0	0	0	0	0	0	0	0	0	0	0	0	0	0	0	0	0	0	0	0	0	0	0	0	0	0	0	0	0	0	0
129	0	0	0	0	0	0	593	0	0	0	593	0	0	0	0	0	0.0910302	0	0	0	0.0910302	0	0	0	0	0	1	0	0	0	0	0	0	0	0	50	0	0	0	50	0	0	0	0	0	1	0	0	0	0	0	0	0	0	76.9517	0	0	0	76.9517	0	0	0	0	0	1	0	0	0	0	0	0	0	0	172	0	0	0	172	0	0	0	0	0	1	0	0	0	0	0	0	0	0	0	0	0	0	0	0	0	0	0	0	0	0	0	0	0	0	0	0	0	0	0	0	0	0	0	0	0	0	0	0	0	0	0
130	0	0	0	0	0	0	576	0	0	0	576	0	0	0	0	0	0.101488	0	0	0	0.101488	0	0	0	0	0	1	0	0	0	0	0	0	0	0	49	0	0	0	49	0	0	0	0	0	1	0	0	0	0	0	0	0	0	75.8404	0	0	0	75.8404	0	0	0	0	0	1	0	0	0	0	0	0	0	0	172	0	0	0	172	0	0	0	0	0	1	0	0	0	0	0	0	0	0	0	0	0	0	0	0	0	0	0	0	0	0	0	0	0	0	0	0	0	0	0	0	0	0	0	0	0	0	0	0	0	0	0
131	0	0	0	0	0	0	600	0	0	0	600	0	0	0	0	0	0.106528	0	0	0	0.106528	0	0	0	0	0	1	0	0	0	0	0	0	0	0	51	0	0	0	51	0	0	0	0	0	1	0	0	0	0	0	0	0	0	76.1228	0	0	0	76.1228	0	0	0	0	0	1	0	0	0	0	0	0	0	0	174	0	0	0	174	0	0	0	0	0	1	0	0	0	0	0	0	0	0	0	0	0	0	0	0	0	0	0	0	0	0	0	0	0	0	0	0	0	0	0	0	0	0	0	0	0	0	0	0	0	0	0
132	0	0	0	0	0	0	594	0	0	0	594	0	0	0	0	0	0.0843058	0	0	0	0.0843058	0	0	0	0	0	1	0	0	0	0	0	0	0	0	50	0	0	0	50	0	0	0	0	0	1	0	0	0	0	0	0	0	0	76.5894	0	0	0	76.5894	0	0	0	0	0	1	0	0	0	0	0	0	0	0	180	0	0	0	180	0	0	0	0	0	1	0	0	0	0	0	0	0	0	0	0	0	0	0	0	0	0	0	0	0	0	0	0	0	0	0	0	0	0	0	0	0	0	0	0	0	0	0	0	0	0	0
133	0	0	0	0	0	0	614	0	0	0	614	0	0	0	0	0	0.10101	0	0	0	0.10101	0	0	0	0	0	1	0	0	0	0	0	0	0	0	49	0	0	0	49	0	0	0	0	0	1	0	0	0	0	0	0	0	0	78.64	0	0	0	78.64	0	0	0	0	0	1	0	0	0	0	0	0	0	0	179	0	0	0	179	0	0	0	0	0	1	0	0	0	0	0	0	0	0	0	0	0	0	0	0	0	0	0	0	0	0	0	0	0	0	0	0	0	0	0	0	0	0	0	0	0	0	0	0	0	0	0
134	0	0	0	0	0	0	626	0	0	0	626	0	0	0	0	0	0.081808	0	0	0	0.081808	0	0	0	0	0	1	0	0	0	0	0	0	0	0	48	0	0	0	48	0	0	0	0	0	1	0	0	0	0	0	0	0	0	78.9181	0	0	0	78.9181	0	0	0	0	0	1	0	0	0	0	0	0	0	0	181	0	0	0	181	0	0	0	0	0	1	0	0	0	0	0	0	0	0	0	0	0	0	0	0	0	0	0	0	0	0	0	0	0	0	0	0	0	0	0	0	0	0	0	0	0	0	0	0	0	0	0
135	0	0	0	0	0	0	629	0	0	0	629	0	0	0	0	0	0.0590028	0	0	0	0.0590028	0	0	0	0	0	1	0	0	0	0	0	0	0	0	48	0	0	0	48	0	0	0	0	0	1	0	0	0	0	0	0	0	0	77.2563	0	0	0	77.2563	0	0	0	0	0	1	0	0	0	0	0	0	0	0	183	0	0	0	183	0	0	0	0	0	1	0	0	0	0	0	0	0	0	0	0	0	0	0	0	0	0	0	0	0	0	0	0	0	0	0	0	0	0	0	0	0	0	0	0	0	0	0	0	0	0	0
136	0	0	0	0	0	0	594	0	0	0	594	0	0	0	0	0	0.097512	0	0	0	0.097512	0	0	0	0	0	1	0	0	0	0	0	0	0	0	54	0	0	0	54	0	0	0	0	0	1	0	0	0	0	0	0	0	0	74.1689	0	0	0	74.1689	0	0	0	0	0	1	0	0	0	0	0	0	0	0	175	0	0	0	175	0	0	0	0	0	1	0	0	0	0	0	0	0	0	0	0	0	0	0	0	0	0	0	0	0	0	0	0	0	0	0	0	0	0	0	0	0	0	0	0	0	0	0	0	0	0	0
137	0	0	0	0	0	0	603	0	0	0	603	0	0	0	0	0	0.0989018	0	0	0	0.0989018	0	0	0	0	0	1	0	0	0	0	0	0	0	0	57	0	0	0	57	0	0	0	0	0	1	0	0	0	0	0	0	0	0	74.8941	0	0	0	74.8941	0	0	0	0	0	1	0	0	0	0	0	0	0	0	174	0	0	0	174	0	0	0	0	0	1	0	0	0	0	0	0	0	0	0	0	0	0	0	0	0	0	0	0	0	0	0	0	0	0	0	0	0	0	0	0	0	0	0	0	0	0	0	0	0	0	0
138	0	0	0	0	0	0	583	0	0	0	583	0	0	0	0	0	0.111132	0	0	0	0.111132	0	0	0	0	0	1	0	0	0	0	0	0	0	0	63	0	0	0	63	0	0	0	0	0	1	0	0	0	0	0	0	0	0	75.8721	0	0	0	75.8721	0	0	0	0	0	1	0	0	0	0	0	0	0	0	178	0	0	0	178	0	0	0	0	0	1	0	0	0	0	0	0	0	0	0	0	0	0	0	0	0	0	0	0	0	0	0	0	0	0	0	0	0	0	0	0	0	0	0	0	0	0	0	0	0	0	0
139	0	0	0	0	0	0	601	0	0	0	601	0	0	0	0	0	0.0891596	0	0	0	0.0891596	0	0	0	0	0	1	0	0	0	0	0	0	0	0	51	0	0	0	51	0	0	0	0	0	1	0	0	0	0	0	0	0	0	77.0752	0	0	0	77.0752	0	0	0	0	0	1	0	0	0	0	0	0	0	0	183	0	0	0	183	0	0	0	0	0	1	0	0	0	0	0	0	0	0	0	0	0	0	0	0	0	0	0	0	0	0	0	0	0	0	0	0	0	0	0	0	0	0	0	0	0	0	0	0	0	0	0
140	0	0	0	0	0	0	606	0	0	0	606	0	0	0	0	0	0.101511	0	0	0	0.101511	0	0	0	0	0	1	0	0	0	0	0	0	0	0	59	0	0	0	59	0	0	0	0	0	1	0	0	0	0	0	0	0	0	78.0462	0	0	0	78.0462	0	0	0	0	0	1	0	0	0	0	0	0	0	0	183	0	0	0	183	0	0	0	0	0	1	0	0	0	0	0	0	0	0	0	0	0	0	0	0	0	0	0	0	0	0	0	0	0	0	0	0	0	0	0	0	0	0	0	0	0	0	0	0	0	0	0
141	0	0	0	0	0	0	598	0	0	0	598	0	0	0	0	0	0.124445	0	0	0	0.124445	0	0	0	0	0	1	0	0	0	0	0	0	0	0	57	0	0	0	57	0	0	0	0	0	1	0	0	0	0	0	0	0	0	78.9621	0	0	0	78.9621	0	0	0	0	0	1	0	0	0	0	0	0	0	0	181	0	0	0	181	0	0	0	0	0	1	0	0	0	0	0	0	0	0	0	0	0	0	0	0	0	0	0	0	0	0	0	0	0	0	0	0	0	0	0	0	0	0	0	0	0	0	0	0	0	0	0
142	0	0	0	0	0	0	575	0	0	0	575	0	0	0	0	0	0.0961506	0	0	0	0.0961506	0	0	0	0	0	1	0	0	0	0	0	0	0	0	47	0	0	0	47	0	0	0	0	0	1	0	0	0	0	0	0	0	0	77.0037	0	0	0	77.0037	0	0	0	0	0	1	0	0	0	0	0	0	0	0	184	0	0	0	184	0	0	0	0	0	1	0	0	0	0	0	0	0	0	0	0	0	0	0	0	0	0	0	0	0	0	0	0	0	0	0	0	0	0	0	0	0	0	0	0	0	0	0	0	0	0	0
143	0	0	0	0	0	0	580	0	0	0	580	0	0	0	0	0	0.0977633	0	0	0	0.0977633	0	0	0	0	0	1	0	0	0	0	0	0	0	0	41	0	0	0	41	0	0	0	0	0	1	0	0	0	0	0	0	0	0	78.601	0	0	0	78.601	0	0	0	0	0	1	0	0	0	0	0	0	0	0	189	0	0	0	189	0	0	0	0	0	1	0	0	0	0	0	0	0	0	0	0	0	0	0	0	0	0	0	0	0	0	0	0	0	0	0	0	0	0	0	0	0	0	0	0	0	0	0	0	0	0	0
144	0	0	0	0	0	0	603	0	0	0	603	0	0	0	0	0	0.0926248	0	0	0	0.0926248	0	0	0	0	0	1	0	0	0	0	0	0	0	0	36	0	0	0	36	0	0	0	0	0	1	0	0	0	0	0	0	0	0	80.2154	0	0	0	80.2154	0	0	0	0	0	1	0	0	0	0	0	0	0	0	191	0	0	0	191	0	0	0	0	0	1	0	0	0	0	0	0	0	0	0	0	0	0	0	0	0	0	0	0	0	0	0	0	0	0	0	0	0	0	0	0	0	0	0	0	0	0	0	0	0	0	0
145	0	0	0	0	0	0	589	0	0	0	589	0	0	0	0	0	0.0343398	0	0	0	0.0343398	0	0	0	0	0	1	0	0	0	0	0	0	0	0	23	0	0	0	23	0	0	0	0	0	1	0	0	0	0	0	0	0	0	80.8718	0	0	0	80.8718	0	0	0	0	0	1	0	0	0	0	0	0	0	0	196	0	0	0	196	0	0	0	0	0	1	0	0	0	0	0	0	0	0	0	0	0	0	0	0	0	0	0	0	0	0	0	0	0	0	0	0	0	0	0	0	0	0	0	0	0	0	0	0	0	0	0
146	0	0	0	0	0	0	604	0	0	0	604	0	0	0	0	0	0.0455906	0	0	0	0.0455906	0	0	0	0	0	1	0	0	0	0	0	0	0	0	30	0	0	0	30	0	0	0	0	0	1	0	0	0	0	0	0	0	0	79.1544	0	0	0	79.1544	0	0	0	0	0	1	0	0	0	0	0	0	0	0	189	0	0	0	189	0	0	0	0	0	1	0	0	0	0	0	0	0	0	0	0	0	0	0	0	0	0	0	0	0	0	0	0	0	0	0	0	0	0	0	0	0	0	0	0	0	0	0	0	0	0	0
147	0	0	0	0	0	0	616	0	0	0	616	0	0	0	0	0	0.0312448	0	0	0	0.0312448	0	0	0	0	0	1	0	0	0	0	0	0	0	0	24	0	0	0	24	0	0	0	0	0	1	0	0	0	0	0	0	0	0	81.7109	0	0	0	81.7109	0	0	0	0	0	1	0	0	0	0	0	0	0	0	191	0	0	0	191	0	0	0	0	0	1	0	0	0	0	0	0	0	0	0	0	0	0	0	0	0	0	0	0	0	0	0	0	0	0	0	0	0	0	0	0	0	0	0	0	0	0	0	0	0	0	0
148	0	0	0	0	0	0	604	0	0	0	604	0	0	0	0	0	0.0290213	0	0	0	0.0290213	0	0	0	0	0	1	0	0	0	0	0	0	0	0	26	0	0	0	26	0	0	0	0	0	1	0	0	0	0	0	0	0	0	80.2527	0	0	0	80.2527	0	0	0	0	0	1	0	0	0	0	0	0	0	0	181	0	0	0	181	0	0	0	0	0	1	0	0	0	0	0	0	0	0	0	0	0	0	0	0	0	0	0	0	0	0	0	0	0	0	0	0	0	0	0	0	0	0	0	0	0	0	0	0	0	0	0
149	0	0	0	0	0	0	592	0	0	0	592	0	0	0	0	0	0.050102	0	0	0	0.050102	0	0	0	0	0	1	0	0	0	0	0	0	0	0	30	0	0	0	30	0	0	0	0	0	1	0	0	0	0	0	0	0	0	78.7467	0	0	0	78.7467	0	0	0	0	0	1	0	0	0	0	0	0	0	0	174	0	0	0	174	0	0	0	0	0	1	0	0	0	0	0	0	0	0	0	0	0	0	0	0	0	0	0	0	0	0	0	0	0	0	0	0	0	0	0	0	0	0	0	0	0	0	0	0	0	0	0
150	0	0	0	0	0	0	601	0	0	0	601	0	0	0	0	0	0.0549128	0	0	0	0.0549128	0	0	0	0	0	1	0	0	0	0	0	0	0	0	27	0	0	0	27	0	0	0	0	0	1	0	0	0	0	0	0	0	0	79.6309	0	0	0	79.6309	0	0	0	0	0	1	0	0	0	0	0	0	0	0	173	0	0	0	173	0	0	0	0	0	1	0	0	0	0	0	0	0	0	0	0	0	0	0	0	0	0	0	0	0	0	0	0	0	0	0	0	0	0	0	0	0	0	0	0	0	0	0	0	0	0	0
151	0	0	0	0	0	0	575	0	0	0	575	0	0	0	0	0	0.0523781	0	0	0	0.0523781	0	0	0	0	0	1	0	0	0	0	0	0	0	0	24	0	0	0	24	0	0	0	0	0	1	0	0	0	0	0	0	0	0	76.2559	0	0	0	76.2559	0	0	0	0	0	1	0	0	0	0	0	0	0	0	167	0	0	0	167	0	0	0	0	0	1	0	0	0	0	0	0	0	0	0	0	0	0	0	0	0	0	0	0	0	0	0	0	0	0	0	0	0	0	0	0	0	0	0	0	0	0	0	0	0	0	0
152	0	0	0	0	0	0	596	0	0	0	596	0	0	0	0	0	0.0517608	0	0	0	0.0517608	0	0	0	0	0	1	0	0	0	0	0	0	0	0	22	0	0	0	22	0	0	0	0	0	1	0	0	0	0	0	0	0	0	77.314	0	0	0	77.314	0	0	0	0	0	1	0	0	0	0	0	0	0	0	166	0	0	0	166	0	0	0	0	0	1	0	0	0	0	0	0	0	0	0	0	0	0	0	0	0	0	0	0	0	0	0	0	0	0	0	0	0	0	0	0	0	0	0	0	0	0	0	0	0	0	0
153	0	0	0	0	0	0	612	0	0	0	612	0	0	0	0	0	0.0297966	0	0	0	0.0297966	0	0	0	0	0	1	0	0	0	0	0	0	0	0	22	0	0	0	22	0	0	0	0	0	1	0	0	0	0	0	0	0	0	78.1306	0	0	0	78.1306	0	0	0	0	0	1	0	0	0	0	0	0	0	0	164	0	0	0	164	0	0	0	0	0	1	0	0	0	0	0	0	0	0	0	0	0	0	0	0	0	0	0	0	0	0	0	0	0	0	0	0	0	0	0	0	0	0	0	0	0	0	0	0	0	0	0
154	0	0	0	0	0	0	614	0	0	0	614	0	0	0	0	0	0.0442166	0	0	0	0.0442166	0	0	0	0	0	1	0	0	0	0	0	0	0	0	27	0	0	0	27	0	0	0	0	0	1	0	0	0	0	0	0	0	0	78.8196	0	0	0	78.8196	0	0	0	0	0	1	0	0	0	0	0	0	0	0	159	0	0	0	159	0	0	0	0	0	1	0	0	0	0	0	0	0	0	0	0	0	0	0	0	0	0	0	0	0	0	0	0	0	0	0	0	0	0	0	0	0	0	0	0	0	0	0	0	0	0	0
155	0	0	0	0	0	0	610	0	0	0	610	0	0	0	0	0	0.0436782	0	0	0	0.0436782	0	0	0	0	0	1	0	0	0	0	0	0	0	0	33	0	0	0	33	0	0	0	0	0	1	0	0	0	0	0	0	0	0	80.0899	0	0	0	80.0899	0	0	0	0	0	1	0	0	0	0	0	0	0	0	154	0	0	0	154	0	0	0	0	0	1	0	0	0	0	0	0	0	0	0	0	0	0	0	0	0	0	0	0	0	0	0	0	0	0	0	0	0	0	0	0	0	0	0	0	0	0	0	0	0	0	0
156	0	0	0	0	0	0	629	0	0	0	629	0	0	0	0	0	0.0496662	0	0	0	0.0496662	0	0	0	0	0	1	0	0	0	0	0	0	0	0	31	0	0	0	31	0	0	0	0	0	1	0	0	0	0	0	0	0	0	82.2375	0	0	0	82.2375	0	0	0	0	0	1	0	0	0	0	0	0	0	0	153	0	0	0	153	0	0	0	0	0	1	0	0	0	0	0	0	0	0	0	0	0	0	0	0	0	0	0	0	0	0	0	0	0	0	0	0	0	0	0	0	0	0	0	0	0	0	0	0	0	0	0
157	0	0	0	0	0	0	597	0	0	0	597	0	0	0	0	0	0.048239	0	0	0	0.048239	0	0	0	0	0	1	0	0	0	0	0	0	0	0	37	0	0	0	37	0	0	0	0	0	1	0	0	0	0	0	0	0	0	80.5612	0	0	0	80.5612	0	0	0	0	0	1	0	0	0	0	0	0	0	0	146	0	0	0	146	0	0	0	0	0	1	0	0	0	0	0	0	0	0	0	0	0	0	0	0	0	0	0	0	0	0	0	0	0	0	0	0	0	0	0	0	0	0	0	0	0	0	0	0	0	0	0
158	0	0	0	0	0	0	603	0	0	0	603	0	0	0	0	0	0.0682068	0	0	0	0.0682068	0	0	0	0	0	1	0	0	0	0	0	0	0	0	41	0	0	0	41	0	0	0	0	0	1	0	0	0	0	0	0	0	0	81.7243	0	0	0	81.7243	0	0	0	0	0	1	0	0	0	0	0	0	0	0	146	0	0	0	146	0	0	0	0	0	1	0	0	0	0	0	0	0	0	0	0	0	0	0	0	0	0	0	0	0	0	0	0	0	0	0	0	0	0	0	0	0	0	0	0	0	0	0	0	0	0	0
159	0	0	0	0	0	0	579	0	0	0	579	0	0	0	0	0	0.0725486	0	0	0	0.0725486	0	0	0	0	0	1	0	0	0	0	0	0	0	0	37	0	0	0	37	0	0	0	0	0	1	0	0	0	0	0	0	0	0	79.3349	0	0	0	79.3349	0	0	0	0	0	1	0	0	0	0	0	0	0	0	144	0	0	0	144	0	0	0	0	0	1	0	0	0	0	0	0	0	0	0	0	0	0	0	0	0	0	0	0	0	0	0	0	0	0	0	0	0	0	0	0	0	0	0	0	0	0	0	0	0	0	0
160	0	0	0	0	0	0	625	0	0	0	625	0	0	0	0	0	0.0485955	0	0	0	0.0485955	0	0	0	0	0	1	0	0	0	0	0	0	0	0	32	0	0	0	32	0	0	0	0	0	1	0	0	0	0	0	0	0	0	80.2836	0	0	0	80.2836	0	0	0	0	0	1	0	0	0	0	0	0	0	0	146	0	0	0	146	0	0	0	0	0	1	0	0	0	0	0	0	0	0	0	0	0	0	0	0	0	0	0	0	0	0	0	0	0	0	0	0	0	0	0	0	0	0	0	0	0	0	0	0	0	0	0
161	0	0	0	0	0	0	603	0	0	0	603	0	0	0	0	0	0.0877724	0	0	0	0.0877724	0	0	0	0	0	1	0	0	0	0	0	0	0	0	40	0	0	0	40	0	0	0	0	0	1	0	0	0	0	0	0	0	0	77.108	0	0	0	77.108	0	0	0	0	0	1	0	0	0	0	0	0	0	0	142	0	0	0	142	0	0	0	0	0	1	0	0	0	0	0	0	0	0	0	0	0	0	0	0	0	0	0	0	0	0	0	0	0	0	0	0	0	0	0	0	0	0	0	0	0	0	0	0	0	0	0
162	0	0	0	0	0	0	590	0	0	0	590	0	0	0	0	0	0.0531246	0	0	0	0.0531246	0	0	0	0	0	1	0	0	0	0	0	0	0	0	33	0	0	0	33	0	0	0	0	0	1	0	0	0	0	0	0	0	0	74.374	0	0	0	74.374	0	0	0	0	0	1	0	0	0	0	0	0	0	0	144	0	0	0	144	0	0	0	0	0	1	0	0	0	0	0	0	0	0	0	0	0	0	0	0	0	0	0	0	0	0	0	0	0	0	0	0	0	0	0	0	0	0	0	0	0	0	0	0	0	0	0
163	0	0	0	0	0	0	593	0	0	0	593	0	0	0	0	0	0.0487036	0	0	0	0.0487036	0	0	0	0	0	1	0	0	0	0	0	0	0	0	39	0	0	0	39	0	0	0	0	0	1	0	0	0	0	0	0	0	0	71.2483	0	0	0	71.2483	0	0	0	0	0	1	0	0	0	0	0	0	0	0	142	0	0	0	142	0	0	0	0	0	1	0	0	0	0	0	0	0	0	0	0	0	0	0	0	0	0	0	0	0	0	0	0	0	0	0	0	0	0	0	0	0	0	0	0	0	0	0	0	0	0	0
164	0	0	0	0	0	0	595	0	0	0	595	0	0	0	0	0	0.0773377	0	0	0	0.0773377	0	0	0	0	0	1	0	0	0	0	0	0	0	0	50	0	0	0	50	0	0	0	0	0	1	0	0	0	0	0	0	0	0	71.4768	0	0	0	71.4768	0	0	0	0	0	1	0	0	0	0	0	0	0	0	142	0	0	0	142	0	0	0	0	0	1	0	0	0	0	0	0	0	0	0	0	0	0	0	0	0	0	0	0	0	0	0	0	0	0	0	0	0	0	0	0	0	0	0	0	0	0	0	0	0	0	0
165	0	0	0	0	0	0	605	0	0	0	605	0	0	0	0	0	0.090721	0	0	0	0.090721	0	0	0	0	0	1	0	0	0	0	0	0	0	0	49	0	0	0	49	0	0	0	0	0	1	0	0	0	0	0	0	0	0	72.1321	0	0	0	72.1321	0	0	0	0	0	1	0	0	0	0	0	0	0	0	146	0	0	0	146	0	0	0	0	0	1	0	0	0	0	0	0	0	0	0	0	0	0	0	0	0	0	0	0	0	0	0	0	0	0	0	0	0	0	0	0	0	0	0	0	0	0	0	0	0	0	0
166	0	0	0	0	0	0	582	0	0	0	582	0	0	0	0	0	0.1093	0	0	0	0.1093	0	0	0	0	0	1	0	0	0	0	0	0	0	0	56	0	0	0	56	0	0	0	0	0	1	0	0	0	0	0	0	0	0	72.1941	0	0	0	72.1941	0	0	0	0	0	1	0	0	0	0	0	0	0	0	150	0	0	0	150	0	0	0	0	0	1	0	0	0	0	0	0	0	0	0	0	0	0	0	0	0	0	0	0	0	0	0	0	0	0	0	0	0	0	0	0	0	0	0	0	0	0	0	0	0	0	0
167	0	0	0	0	0	0	583	0	0	0	583	0	0	0	0	0	0.0744243	0	0	0	0.0744243	0	0	0	0	0	1	0	0	0	0	0	0	0	0	58	0	0	0	58	0	0	0	0	0	1	0	0	0	0	0	0	0	0	71.8573	0	0	0	71.8573	0	0	0	0	0	1	0	0	0	0	0	0	0	0	160	0	0	0	160	0	0	0	0	0	1	0	0	0	0	0	0	0	0	0	0	0	0	0	0	0	0	0	0	0	0	0	0	0	0	0	0	0	0	0	0	0	0	0	0	0	0	0	0	0	0	0
168	0	0	0	0	0	0	579	0	0	0	579	0	0	0	0	0	0.0825165	0	0	0	0.0825165	0	0	0	0	0	1	0	0	0	0	0	0	0	0	56	0	0	0	56	0	0	0	0	0	1	0	0	0	0	0	0	0	0	70.8301	0	0	0	70.8301	0	0	0	0	0	1	0	0	0	0	0	0	0	0	159	0	0	0	159	0	0	0	0	0	1	0	0	0	0	0	0	0	0	0	0	0	0	0	0	0	0	0	0	0	0	0	0	0	0	0	0	0	0	0	0	0	0	0	0	0	0	0	0	0	0	0
169	0	0	0	0	0	0	552	0	0	0	552	0	0	0	0	0	0.0878656	0	0	0	0.0878656	0	0	0	0	0	1	0	0	0	0	0	0	0	0	60	0	0	0	60	0	0	0	0	0	1	0	0	0	0	0	0	0	0	68.9632	0	0	0	68.9632	0	0	0	0	0	1	0	0	0	0	0	0	0	0	154	0	0	0	154	0	0	0	0	0	1	0	0	0	0	0	0	0	0	0	0	0	0	0	0	0	0	0	0	0	0	0	0	0	0	0	0	0	0	0	0	0	0	0	0	0	0	0	0	0	0	0
170	0	0	0	0	0	0	553	0	0	0	553	0	0	0	0	0	0.131256	0	0	0	0.131256	0	0	0	0	0	1	0	0	0	0	0	0	0	0	70	0	0	0	70	0	0	0	0	0	1	0	0	0	0	0	0	0	0	70.2885	0	0	0	70.2885	0	0	0	0	0	1	0	0	0	0	0	0	0	0	153	0	0	0	153	0	0	0	0	0	1	0	0	0	0	0	0	0	0	0	0	0	0	0	0	0	0	0	0	0	0	0	0	0	0	0	0	0	0	0	0	0	0	0	0	0	0	0	0	0	0	0
171	0	0	0	0	0	0	546	0	0	0	546	0	0	0	0	0	0.112478	0	0	0	0.112478	0	0	0	0	0	1	0	0	0	0	0	0	0	0	66	0	0	0	66	0	0	0	0	0	1	0	0	0	0	0	0	0	0	66.794	0	0	0	66.794	0	0	0	0	0	1	0	0	0	0	0	0	0	0	158	0	0	0	158	0	0	0	0	0	1	0	0	0	0	0	0	0	0	0	0	0	0	0	0	0	0	0	0	0	0	0	0	0	0	0	0	0	0	0	0	0	0	0	0	0	0	0	0	0	0	0
172	0	0	0	0	0	0	538	0	0	0	538	0	0	0	0	0	0.116908	0	0	0	0.116908	0	0	0	0	0	1	0	0	0	0	0	0	0	0	61	0	0	0	61	0	0	0	0	0	1	0	0	0	0	0	0	0	0	66.1203	0	0	0	66.1203	0	0	0	0	0	1	0	0	0	0	0	0	0	0	159	0	0	0	159	0	0	0	0	0	1	0	0	0	0	0	0	0	0	0	0	0	0	0	0	0	0	0	0	0	0	0	0	0	0	0	0	0	0	0	0	0	0	0	0	0	0	0	0	0	0	0
173	0	0	0	0	0	0	555	0	0	0	555	0	0	0	0	0	0.119614	0	0	0	0.119614	0	0	0	0	0	1	0	0	0	0	0	0	0	0	59	0	0	0	59	0	0	0	0	0	1	0	0	0	0	0	0	0	0	68.2368	0	0	0	68.2368	0	0	0	0	0	1	0	0	0	0	0	0	0	0	168	0	0	0	168	0	0	0	0	0	1	0	0	0	0	0	0	0	0	0	0	0	0	0	0	0	0	0	0	0	0	0	0	0	0	0	0	0	0	0	0	0	0	0	0	0	0	0	0	0	0	0
174	0	0	0	0	0	0	554	0	0	0	554	0	0	0	0	0	0.0787395	0	0	0	0.0787395	0	0	0	0	0	1	0	0	0	0	0	0	0	0	51	0	0	0	51	0	0	0	0	0	1	0	0	0	0	0	0	0	0	66.7597	0	0	0	66.7597	0	0	0	0	0	1	0	0	0	0	0	0	0	0	171	0	0	0	171	0	0	0	0	0	1	0	0	0	0	0	0	0	0	0	0	0	0	0	0	0	0	0	0	0	0	0	0	0	0	0	0	0	0	0	0	0	0	0	0	0	0	0	0	0	0	0
175	0	0	0	0	0	0	581	0	0	0	581	0	0	0	0	0	0.078364	0	0	0	0.078364	0	0	0	0	0	1	0	0	0	0	0	0	0	0	62	0	0	0	62	0	0	0	0	0	1	0	0	0	0	0	0	0	0	70.3454	0	0	0	70.3454	0	0	0	0	0	1	0	0	0	0	0	0	0	0	177	0	0	0	177	0	0	0	0	0	1	0	0	0	0	0	0	0	0	0	0	0	0	0	0	0	0	0	0	0	0	0	0	0	0	0	0	0	0	0	0	0	0	0	0	0	0	0	0	0	0	0
176	0	0	0	0	0	0	586	0	0	0	586	0	0	0	0	0	0.110733	0	0	0	0.110733	0	0	0	0	0	1	0	0	0	0	0	0	0	0	69	0	0	0	69	0	0	0	0	0	1	0	0	0	0	0	0	0	0	73.014	0	0	0	73.014	0	0	0	0	0	1	0	0	0	0	0	0	0	0	181	0	0	0	181	0	0	0	0	0	1	0	0	0	0	0	0	0	0	0	0	0	0	0	0	0	0	0	0	0	0	0	0	0	0	0	0	0	0	0	0	0	0	0	0	0	0	0	0	0	0	0
177	0	0	0	0	0	0	600	0	0	0	600	0	0	0	0	0	0.124954	0	0	0	0.124954	0	0	0	0	0	1	0	0	0	0	0	0	0	0	76	0	0	0	76	0	0	0	0	0	1	0	0	0	0	0	0	0	0	73.6135	0	0	0	73.6135	0	0	0	0	0	1	0	0	0	0	0	0	0	0	181	0	0	0	181	0	0	0	0	0	1	0	0	0	0	0	0	0	0	0	0	0	0	0	0	0	0	0	0	0	0	0	0	0	0	0	0	0	0	0	0	0	0	0	0	0	0	0	0	0	0	0
178	0	0	0	0	0	0	586	0	0	0	586	0	0	0	0	0	0.13133	0	0	0	0.13133	0	0	0	0	0	1	0	0	0	0	0	0	0	0	85	0	0	0	85	0	0	0	0	0	1	0	0	0	0	0	0	0	0	73.0501	0	0	0	73.0501	0	0	0	0	0	1	0	0	0	0	0	0	0	0	182	0	0	0	182	0	0	0	0	0	1	0	0	0	0	0	0	0	0	0	0	0	0	0	0	0	0	0	0	0	0	0	0	0	0	0	0	0	0	0	0	0	0	0	0	0	0	0	0	0	0	0
179	0	0	0	0	0	0	580	0	0	0	580	0	0	0	0	0	0.152475	0	0	0	0.152475	0	0	0	0	0	1	0	0	0	0	0	0	0	0	85	0	0	0	85	0	0	0	0	0	1	0	0	0	0	0	0	0	0	73.6807	0	0	0	73.6807	0	0	0	0	0	1	0	0	0	0	0	0	0	0	187	0	0	0	187	0	0	0	0	0	1	0	0	0	0	0	0	0	0	0	0	0	0	0	0	0	0	0	0	0	0	0	0	0	0	0	0	0	0	0	0	0	0	0	0	0	0	0	0	0	0	0
180	0	0	0	0	0	0	593	0	0	0	593	0	0	0	0	0	0.182617	0	0	0	0.182617	0	0	0	0	0	1	0	0	0	0	0	0	0	0	82	0	0	0	82	0	0	0	0	0	1	0	0	0	0	0	0	0	0	73.1206	0	0	0	73.1206	0	0	0	0	0	1	0	0	0	0	0	0	0	0	190	0	0	0	190	0	0	0	0	0	1	0	0	0	0	0	0	0	0	0	0	0	0	0	0	0	0	0	0	0	0	0	0	0	0	0	0	0	0	0	0	0	0	0	0	0	0	0	0	0	0	0
181	0	0	0	0	0	0	586	0	0	0	586	0	0	0	0	0	0.16113	0	0	0	0.16113	0	0	0	0	0	1	0	0	0	0	0	0	0	0	78	0	0	0	78	0	0	0	0	0	1	0	0	0	0	0	0	0	0	73.2681	0	0	0	73.2681	0	0	0	0	0	1	0	0	0	0	0	0	0	0	195	0	0	0	195	0	0	0	0	0	1	0	0	0	0	0	0	0	0	0	0	0	0	0	0	0	0	0	0	0	0	0	0	0	0	0	0	0	0	0	0	0	0	0	0	0	0	0	0	0	0	0
182	0	0	0	0	0	0	583	0	0	0	583	0	0	0	0	0	0.120728	0	0	0	0.120728	0	0	0	0	0	1	0	0	0	0	0	0	0	0	65	0	0	0	65	0	0	0	0	0	1	0	0	0	0	0	0	0	0	74.9687	0	0	0	74.9687	0	0	0	0	0	1	0	0	0	0	0	0	0	0	209	0	0	0	209	0	0	0	0	0	1	0	0	0	0	0	0	0	0	0	0	0	0	0	0	0	0	0	0	0	0	0	0	0	0	0	0	0	0	0	0	0	0	0	0	0	0	0	0	0	0	0
183	0	0	0	0	0	0	577	0	0	0	577	0	0	0	0	0	0.0977058	0	0	0	0.0977058	0	0	0	0	0	1	0	0	0	0	0	0	0	0	61	0	0	0	61	0	0	0	0	0	1	0	0	0	0	0	0	0	0	74.0867	0	0	0	74.0867	0	0	0	0	0	1	0	0	0	0	0	0	0	0	210	0	0	0	210	0	0	0	0	0	1	0	0	0	0	0	0	0	0	0	0	0	0	0	0	0	0	0	0	0	0	0	0	0	0	0	0	0	0	0	0	0	0	0	0	0	0	0	0	0	0	0
184	0	0	0	0	0	0	595	0	0	0	595	0	0	0	0	0	0.120496	0	0	0	0.120496	0	0	0	0	0	1	0	0	0	0	0	0	0	0	59	0	0	0	59	0	0	0	0	0	1	0	0	0	0	0	0	0	0	73.4579	0	0	0	73.4579	0	0	0	0	0	1	0	0	0	0	0	0	0	0	206	0	0	0	206	0	0	0	0	0	1	0	0	0	0	0	0	0	0	0	0	0	0	0	0	0	0	0	0	0	0	0	0	0	0	0	0	0	0	0	0	0	0	0	0	0	0	0	0	0	0	0
185	0	0	0	0	0	0	613	0	0	0	613	0	0	0	0	0	0.138629	0	0	0	0.138629	0	0	0	0	0	1	0	0	0	0	0	0	0	0	63	0	0	0	63	0	0	0	0	0	1	0	0	0	0	0	0	0	0	75.0764	0	0	0	75.0764	0	0	0	0	0	1	0	0	0	0	0	0	0	0	205	0	0	0	205	0	0	0	0	0	1	0	0	0	0	0	0	0	0	0	0	0	0	0	0	0	0	0	0	0	0	0	0	0	0	0	0	0	0	0	0	0	0	0	0	0	0	0	0	0	0	0
186	0	0	0	0	0	0	606	0	0	0	606	0	0	0	0	0	0.106218	0	0	0	0.106218	0	0	0	0	0	1	0	0	0	0	0	0	0	0	58	0	0	0	58	0	0	0	0	0	1	0	0	0	0	0	0	0	0	76.0447	0	0	0	76.0447	0	0	0	0	0	1	0	0	0	0	0	0	0	0	212	0	0	0	212	0	0	0	0	0	1	0	0	0	0	0	0	0	0	0	0	0	0	0	0	0	0	0	0	0	0	0	0	0	0	0	0	0	0	0	0	0	0	0	0	0	0	0	0	0	0	0
187	0	0	0	0	0	0	609	0	0	0	609	0	0	0	0	0	0.0956762	0	0	0	0.0956762	0	0	0	0	0	1	0	0	0	0	0	0	0	0	63	0	0	0	63	0	0	0	0	0	1	0	0	0	0	0	0	0	0	75.222	0	0	0	75.222	0	0	0	0	0	1	0	0	0	0	0	0	0	0	216	0	0	0	216	0	0	0	0	0	1	0	0	0	0	0	0	0	0	0	0	0	0	0	0	0	0	0	0	0	0	0	0	0	0	0	0	0	0	0	0	0	0	0	0	0	0	0	0	0	0	0
188	0	0	0	0	0	0	619	0	0	0	619	0	0	0	0	0	0.116423	0	0	0	0.116423	0	0	0	0	0	1	0	0	0	0	0	0	0	0	69	0	0	0	69	0	0	0	0	0	1	0	0	0	0	0	0	0	0	76.4135	0	0	0	76.4135	0	0	0	0	0	1	0	0	0	0	0	0	0	0	211	0	0	0	211	0	0	0	0	0	1	0	0	0	0	0	0	0	0	0	0	0	0	0	0	0	0	0	0	0	0	0	0	0	0	0	0	0	0	0	0	0	0	0	0	0	0	0	0	0	0	0
189	0	0	0	0	0	0	624	0	0	0	624	0	0	0	0	0	0.121783	0	0	0	0.121783	0	0	0	0	0	1	0	0	0	0	0	0	0	0	66	0	0	0	66	0	0	0	0	0	1	0	0	0	0	0	0	0	0	78.0703	0	0	0	78.0703	0	0	0	0	0	1	0	0	0	0	0	0	0	0	213	0	0	0	213	0	0	0	0	0	1	0	0	0	0	0	0	0	0	0	0	0	0	0	0	0	0	0	0	0	0	0	0	0	0	0	0	0	0	0	0	0	0	0	0	0	0	0	0	0	0	0
190	0	0	0	0	0	0	626	0	0	0	626	0	0	0	0	0	0.130764	0	0	0	0.130764	0	0	0	0	0	1	0	0	0	0	0	0	0	0	69	0	0	0	69	0	0	0	0	0	1	0	0	0	0	0	0	0	0	79.8713	0	0	0	79.8713	0	0	0	0	0	1	0	0	0	0	0	0	0	0	217	0	0	0	217	0	0	0	0	0	1	0	0	0	0	0	0	0	0	0	0	0	0	0	0	0	0	0	0	0	0	0	0	0	0	0	0	0	0	0	0	0	0	0	0	0	0	0	0	0	0	0
191	0	0	0	0	0	0	645	0	0	0	645	0	0	0	0	0	0.148951	0	0	0	0.148951	0	0	0	0	0	1	0	0	0	0	0	0	0	0	71	0	0	0	71	0	0	0	0	0	1	0	0	0	0	0	0	0	0	79.1053	0	0	0	79.1053	0	0	0	0	0	1	0	0	0	0	0	0	0	0	215	0	0	0	215	0	0	0	0	0	1	0	0	0	0	0	0	0	0	0	0	0	0	0	0	0	0	0	0	0	0	0	0	0	0	0	0	0	0	0	0	0	0	0	0	0	0	0	0	0	0	0
192	0	0	0	0	0	0	640	0	0	0	640	0	0	0	0	0	0.189158	0	0	0	0.189158	0	0	0	0	0	1	0	0	0	0	0	0	0	0	70	0	0	0	70	0	0	0	0	0	1	0	0	0	0	0	0	0	0	78.2499	0	0	0	78.2499	0	0	0	0	0	1	0	0	0	0	0	0	0	0	214	0	0	0	214	0	0	0	0	0	1	0	0	0	0	0	0	0	0	0	0	0	0	0	0	0	0	0	0	0	0	0	0	0	0	0	0	0	0	0	0	0	0	0	0	0	0	0	0	0	0	0
193	0	0	0	0	0	0	648	0	0	0	648	0	0	0	0	0	0.133106	0	0	0	0.133106	0	0	0	0	0	1	0	0	0	0	0	0	0	0	77	0	0	0	77	0	0	0	0	0	1	0	0	0	0	0	0	0	0	80.3845	0	0	0	80.3845	0	0	0	0	0	1	0	0	0	0	0	0	0	0	225	0	0	0	225	0	0	0	0	0	1	0	0	0	0	0	0	0	0	0	0	0	0	0	0	0	0	0	0	0	0	0	0	0	0	0	0	0	0	0	0	0	0	0	0	0	0	0	0	0	0	0
194	0	0	0	0	0	0	617	0	0	0	617	0	0	0	0	0	0.124756	0	0	0	0.124756	0	0	0	0	0	1	0	0	0	0	0	0	0	0	80	0	0	0	80	0	0	0	0	0	1	0	0	0	0	0	0	0	0	74.1822	0	0	0	74.1822	0	0	0	0	0	1	0	0	0	0	0	0	0	0	223	0	0	0	223	0	0	0	0	0	1	0	0	0	0	0	0	0	0	0	0	0	0	0	0	0	0	0	0	0	0	0	0	0	0	0	0	0	0	0	0	0	0	0	0	0	0	0	0	0	0	0
195	0	0	0	0	0	0	651	0	0	0	651	0	0	0	0	0	0.133657	0	0	0	0.133657	0	0	0	0	0	1	0	0	0	0	0	0	0	0	90	0	0	0	90	0	0	0	0	0	1	0	0	0	0	0	0	0	0	77.0937	0	0	0	77.0937	0	0	0	0	0	1	0	0	0	0	0	0	0	0	221	0	0	0	221	0	0	0	0	0	1	0	0	0	0	0	0	0	0	0	0	0	0	0	0	0	0	0	0	0	0	0	0	0	0	0	0	0	0	0	0	0	0	0	0	0	0	0	0	0	0	0
196	0	0	0	0	0	0	622	0	0	0	622	0	0	0	0	0	0.187311	0	0	0	0.187311	0	0	0	0	0	1	0	0	0	0	0	0	0	0	98	0	0	0	98	0	0	0	0	0	1	0	0	0	0	0	0	0	0	75.6015	0	0	0	75.6015	0	0	0	0	0	1	0	0	0	0	0	0	0	0	217	0	0	0	217	0	0	0	0	0	1	0	0	0	0	0	0	0	0	0	0	0	0	0	0	0	0	0	0	0	0	0	0	0	0	0	0	0	0	0	0	0	0	0	0	0	0	0	0	0	0	0
197	0	0	0	0	0	0	606	0	0	0	606	0	0	0	0	0	0.166132	0	0	0	0.166132	0	0	0	0	0	1	0	0	0	0	0	0	0	0	97	0	0	0	97	0	0	0	0	0	1	0	0	0	0	0	0	0	0	73.3383	0	0	0	73.3383	0	0	0	0	0	1	0	0	0	0	0	0	0	0	228	0	0	0	228	0	0	0	0	0	1	0	0	0	0	0	0	0	0	0	0	0	0	0	0	0	0	0	0	0	0	0	0	0	0	0	0	0	0	0	0	0	0	0	0	0	0	0	0	0	0	0
198	0	0	0	0	0	0	603	0	0	0	603	0	0	0	0	0	0.186828	0	0	0	0.186828	0	0	0	0	0	1	0	0	0	0	0	0	0	0	104	0	0	0	104	0	0	0	0	0	1	0	0	0	0	0	0	0	0	70.4675	0	0	0	70.4675	0	0	0	0	0	1	0	0	0	0	0	0	0	0	219	0	0	0	219	0	0	0	0	0	1	0	0	0	0	0	0	0	0	0	0	0	0	0	0	0	0	0	0	0	0	0	0	0	0	0	0	0	0	0	0	0	0	0	0	0	0	0	0	0	0	0
199	0	0	0	0	0	0	590	0	0	0	590	0	0	0	0	0	0.214083	0	0	0	0.214083	0	0	0	0	0	1	0	0	0	0	0	0	0	0	102	0	0	0	102	0	0	0	0	0	1	0	0	0	0	0	0	0	0	70.1464	0	0	0	70.1464	0	0	0	0	0	1	0	0	0	0	0	0	0	0	220	0	0	0	220	0	0	0	0	0	1	0	0	0	0	0	0	0	0	0	0	0	0	0	0	0	0	0	0	0	0	0	0	0	0	0	0	0	0	0	0	0	0	0	0	0	0	0	0	0	0	0
200	0	0	0	0	0	0	610	0	0	0	610	0	0	0	0	0	0.221575	0	0	0	0.221575	0	0	0	0	0	1	0	0	0	0	0	0	0	0	93	0	0	0	93	0	0	0	0	0	1	0	0	0	0	0	0	0	0	73.0229	0	0	0	73.0229	0	0	0	0	0	1	0	0	0	0	0	0	0	0	230	0	0	0	230	0	0	0	0	0	1	0	0	0	0	0	0	0	0	0	0	0	0	0	0	0	0	0	0	0	0	0	0	0	0	0	0	0	0	0	0	0	0	0	0	0	0	0	0	0	0	0
